2024-08-01 19:59:20.173 CEST [2735583] LOG:  starting PostgreSQL 18devel on x86_64-pc-linux-gnu, compiled by gcc (Debian 12.2.0-14) 12.2.0, 64-bit
2024-08-01 19:59:20.173 CEST [2735583] LOG:  listening on IPv6 address "::1", port 5432
2024-08-01 19:59:20.173 CEST [2735583] LOG:  listening on IPv4 address "127.0.0.1", port 5432
2024-08-01 19:59:20.192 CEST [2735583] LOG:  listening on Unix socket "/tmp/.s.PGSQL.5432"
2024-08-01 19:59:20.196 CEST [2735586] LOG:  database system was shut down at 2024-08-01 19:59:19 CEST
2024-08-01 19:59:20.199 CEST [2735583] LOG:  database system is ready to accept connections
2024-08-01 19:59:30.051 CEST [2735584] LOG:  checkpoints are occurring too frequently (10 seconds apart)
2024-08-01 19:59:30.051 CEST [2735584] HINT:  Consider increasing the configuration parameter "max_wal_size".
2024-08-01 19:59:30.051 CEST [2735584] LOG:  checkpoint starting: wal
2024-08-01 19:59:38.433 CEST [2735584] LOG:  checkpoint complete: wrote 39522 buffers (15.1%); 0 WAL file(s) added, 0 removed, 33 recycled; write=7.943 s, sync=0.346 s, total=8.382 s; sync files=345, longest=0.220 s, average=0.001 s; distance=537405 kB, estimate=537405 kB; lsn=0/409684A8, redo lsn=0/221BA998
2024-08-01 19:59:39.051 CEST [2735584] LOG:  checkpoints are occurring too frequently (9 seconds apart)
2024-08-01 19:59:39.051 CEST [2735584] HINT:  Consider increasing the configuration parameter "max_wal_size".
2024-08-01 19:59:39.051 CEST [2735584] LOG:  checkpoint starting: wal
2024-08-01 19:59:46.620 CEST [2735584] LOG:  checkpoint complete: wrote 39605 buffers (15.1%); 0 WAL file(s) added, 1 removed, 32 recycled; write=7.202 s, sync=0.279 s, total=7.570 s; sync files=3, longest=0.203 s, average=0.093 s; distance=546405 kB, estimate=546405 kB; lsn=0/625E4350, redo lsn=0/43754080
2024-08-01 19:59:47.020 CEST [2735584] LOG:  checkpoints are occurring too frequently (8 seconds apart)
2024-08-01 19:59:47.020 CEST [2735584] HINT:  Consider increasing the configuration parameter "max_wal_size".
2024-08-01 19:59:47.021 CEST [2735584] LOG:  checkpoint starting: wal
2024-08-01 20:00:10.559 CEST [2735584] LOG:  checkpoint complete: wrote 39072 buffers (14.9%); 0 WAL file(s) added, 0 removed, 33 recycled; write=23.035 s, sync=0.472 s, total=23.539 s; sync files=12, longest=0.075 s, average=0.040 s; distance=538352 kB, estimate=545600 kB; lsn=0/8239CEF8, redo lsn=0/64510230
2024-08-01 20:00:13.231 CEST [2735584] LOG:  checkpoints are occurring too frequently (26 seconds apart)
2024-08-01 20:00:13.231 CEST [2735584] HINT:  Consider increasing the configuration parameter "max_wal_size".
2024-08-01 20:00:13.232 CEST [2735584] LOG:  checkpoint starting: wal
2024-08-01 20:00:23.178 CEST [2735584] LOG:  checkpoint complete: wrote 69191 buffers (26.4%); 0 WAL file(s) added, 2 removed, 31 recycled; write=9.346 s, sync=0.519 s, total=9.947 s; sync files=21, longest=0.364 s, average=0.025 s; distance=540755 kB, estimate=545115 kB; lsn=0/A599F2D0, redo lsn=0/85524F20
2024-08-01 20:00:23.252 CEST [2735584] LOG:  checkpoints are occurring too frequently (10 seconds apart)
2024-08-01 20:00:23.252 CEST [2735584] HINT:  Consider increasing the configuration parameter "max_wal_size".
2024-08-01 20:00:23.252 CEST [2735584] LOG:  checkpoint starting: wal
2024-08-01 20:00:25.897 CEST [2735584] LOG:  checkpoint complete: wrote 27 buffers (0.0%); 0 WAL file(s) added, 0 removed, 34 recycled; write=2.609 s, sync=0.004 s, total=2.645 s; sync files=21, longest=0.001 s, average=0.001 s; distance=551919 kB, estimate=551919 kB; lsn=0/BB1A5098, redo lsn=0/A7020CD0
2024-08-01 20:00:31.413 CEST [2735584] LOG:  checkpoints are occurring too frequently (8 seconds apart)
2024-08-01 20:00:31.413 CEST [2735584] HINT:  Consider increasing the configuration parameter "max_wal_size".
2024-08-01 20:00:31.413 CEST [2735584] LOG:  checkpoint starting: wal
2024-08-01 20:00:32.455 CEST [2735584] LOG:  checkpoint complete: wrote 8 buffers (0.0%); 0 WAL file(s) added, 0 removed, 34 recycled; write=0.818 s, sync=0.192 s, total=1.042 s; sync files=8, longest=0.191 s, average=0.024 s; distance=557072 kB, estimate=557072 kB; lsn=0/CAF4A160, redo lsn=0/C9024F38
2024-08-01 20:00:59.824 CEST [2735584] LOG:  checkpoints are occurring too frequently (28 seconds apart)
2024-08-01 20:00:59.824 CEST [2735584] HINT:  Consider increasing the configuration parameter "max_wal_size".
2024-08-01 20:00:59.825 CEST [2735584] LOG:  checkpoint starting: wal
2024-08-01 20:01:01.314 CEST [2735584] LOG:  checkpoint complete: wrote 9 buffers (0.0%); 0 WAL file(s) added, 0 removed, 33 recycled; write=0.906 s, sync=0.542 s, total=1.490 s; sync files=34, longest=0.072 s, average=0.016 s; distance=542779 kB, estimate=555643 kB; lsn=0/ED03DE00, redo lsn=0/EA233F18
2024-08-01 20:01:02.756 CEST [2735584] LOG:  checkpoint starting: immediate force wait
2024-08-01 20:01:03.592 CEST [2735584] LOG:  checkpoint complete: wrote 1951 buffers (0.7%); 0 WAL file(s) added, 0 removed, 3 recycled; write=0.025 s, sync=0.795 s, total=0.837 s; sync files=410, longest=0.640 s, average=0.002 s; distance=58707 kB, estimate=505949 kB; lsn=0/EDB88D40, redo lsn=0/EDB88CE8
2024-08-01 20:02:13.879 CEST [2735583] LOG:  received fast shutdown request
2024-08-01 20:02:13.880 CEST [2735583] LOG:  aborting any active transactions
2024-08-01 20:02:13.881 CEST [2735583] LOG:  background worker "logical replication launcher" (PID 2735589) exited with exit code 1
2024-08-01 20:02:13.882 CEST [2735584] LOG:  shutting down
2024-08-01 20:02:13.883 CEST [2735584] LOG:  checkpoint starting: shutdown immediate
2024-08-01 20:02:13.893 CEST [2735584] LOG:  checkpoint complete: wrote 72 buffers (0.0%); 0 WAL file(s) added, 0 removed, 0 recycled; write=0.004 s, sync=0.004 s, total=0.011 s; sync files=10, longest=0.002 s, average=0.001 s; distance=247 kB, estimate=455379 kB; lsn=0/EDBC6A40, redo lsn=0/EDBC6A40
2024-08-01 20:02:14.169 CEST [2735583] LOG:  database system is shut down
