2024-07-30 17:16:32.404 BST [23906] LOG:  starting PostgreSQL 18devel on armv8l-unknown-linux-gnueabihf, compiled by gcc (Raspbian 12.2.0-14+rpi1) 12.2.0, 32-bit
2024-07-30 17:16:32.405 BST [23906] LOG:  listening on IPv6 address "::1", port 5432
2024-07-30 17:16:32.405 BST [23906] LOG:  listening on IPv4 address "127.0.0.1", port 5432
2024-07-30 17:16:32.421 BST [23906] LOG:  listening on Unix socket "/tmp/.s.PGSQL.5432"
2024-07-30 17:16:32.425 BST [23910] LOG:  database system was shut down at 2024-07-30 17:16:29 BST
2024-07-30 17:16:32.431 BST [23906] LOG:  database system is ready to accept connections
2024-07-30 17:16:46.593 BST [23908] LOG:  checkpoints are occurring too frequently (14 seconds apart)
2024-07-30 17:16:46.593 BST [23908] HINT:  Consider increasing the configuration parameter "max_wal_size".
2024-07-30 17:16:46.593 BST [23908] LOG:  checkpoint starting: wal
2024-07-30 17:17:42.696 BST [23908] LOG:  checkpoint complete: wrote 60435 buffers (46.1%); 0 WAL file(s) added, 0 removed, 33 recycled; write=54.148 s, sync=1.737 s, total=56.103 s; sync files=787, longest=0.083 s, average=0.003 s; distance=537502 kB, estimate=537502 kB; lsn=0/406C5198, redo lsn=0/221CD788
2024-07-30 17:17:46.957 BST [23908] LOG:  checkpoint starting: wal
2024-07-30 17:17:50.301 BST [23908] LOG:  checkpoint complete: wrote 29 buffers (0.0%); 0 WAL file(s) added, 0 removed, 33 recycled; write=2.846 s, sync=0.325 s, total=3.345 s; sync files=29, longest=0.037 s, average=0.012 s; distance=539514 kB, estimate=539514 kB; lsn=0/448AF998, redo lsn=0/430AC280
2024-07-30 17:18:02.614 BST [23908] LOG:  checkpoints are occurring too frequently (16 seconds apart)
2024-07-30 17:18:02.614 BST [23908] HINT:  Consider increasing the configuration parameter "max_wal_size".
2024-07-30 17:18:02.614 BST [23908] LOG:  checkpoint starting: wal
2024-07-30 17:18:08.571 BST [23908] LOG:  checkpoint complete: wrote 45 buffers (0.0%); 0 WAL file(s) added, 0 removed, 33 recycled; write=4.592 s, sync=1.161 s, total=5.957 s; sync files=39, longest=1.094 s, average=0.030 s; distance=541076 kB, estimate=541076 kB; lsn=0/676F75B8, redo lsn=0/64111488
2024-07-30 17:18:32.495 BST [24107] LOG:  skipping vacuum of "t" --- lock not available
2024-07-30 17:19:01.201 BST [23908] LOG:  checkpoint starting: wal
2024-07-30 17:19:14.911 BST [23908] LOG:  checkpoint complete: wrote 125 buffers (0.1%); 0 WAL file(s) added, 0 removed, 33 recycled; write=11.014 s, sync=2.567 s, total=13.711 s; sync files=877, longest=1.019 s, average=0.003 s; distance=540264 kB, estimate=540995 kB; lsn=0/89863DC0, redo lsn=0/850AB7D8
2024-07-30 17:19:14.912 BST [23908] LOG:  checkpoint starting: immediate force wait
2024-07-30 17:19:15.751 BST [23908] LOG:  checkpoint complete: wrote 8198 buffers (6.3%); 0 WAL file(s) added, 0 removed, 4 recycled; write=0.100 s, sync=0.686 s, total=0.840 s; sync files=454, longest=0.065 s, average=0.002 s; distance=73441 kB, estimate=494239 kB; lsn=0/89863E90, redo lsn=0/89863E38
2024-07-30 17:20:34.955 BST [23906] LOG:  received fast shutdown request
2024-07-30 17:20:34.957 BST [23906] LOG:  aborting any active transactions
2024-07-30 17:20:34.958 BST [23906] LOG:  background worker "logical replication launcher" (PID 23913) exited with exit code 1
2024-07-30 17:20:34.962 BST [23908] LOG:  shutting down
2024-07-30 17:20:34.964 BST [23908] LOG:  checkpoint starting: shutdown immediate
2024-07-30 17:20:34.990 BST [23908] LOG:  checkpoint complete: wrote 64 buffers (0.0%); 0 WAL file(s) added, 0 removed, 0 recycled; write=0.012 s, sync=0.008 s, total=0.028 s; sync files=5, longest=0.004 s, average=0.002 s; distance=208 kB, estimate=444836 kB; lsn=0/89898078, redo lsn=0/89898078
2024-07-30 17:20:35.221 BST [23906] LOG:  database system is shut down
