2024-08-02 00:16:49.579 BST [17925] LOG:  starting PostgreSQL 18devel on armv8l-unknown-linux-gnueabihf, compiled by gcc (Raspbian 12.2.0-14+rpi1) 12.2.0, 32-bit
2024-08-02 00:16:49.580 BST [17925] LOG:  listening on IPv6 address "::1", port 5432
2024-08-02 00:16:49.580 BST [17925] LOG:  listening on IPv4 address "127.0.0.1", port 5432
2024-08-02 00:16:49.597 BST [17925] LOG:  listening on Unix socket "/tmp/.s.PGSQL.5432"
2024-08-02 00:16:49.601 BST [17928] LOG:  database system was shut down at 2024-08-02 00:16:46 BST
2024-08-02 00:16:49.608 BST [17925] LOG:  database system is ready to accept connections
2024-08-02 00:17:03.674 BST [17926] LOG:  checkpoints are occurring too frequently (14 seconds apart)
2024-08-02 00:17:03.674 BST [17926] HINT:  Consider increasing the configuration parameter "max_wal_size".
2024-08-02 00:17:03.674 BST [17926] LOG:  checkpoint starting: wal
2024-08-02 00:17:55.481 BST [17926] LOG:  checkpoint complete: wrote 60435 buffers (46.1%); 0 WAL file(s) added, 0 removed, 33 recycled; write=49.984 s, sync=1.621 s, total=51.808 s; sync files=787, longest=0.062 s, average=0.003 s; distance=537502 kB, estimate=537502 kB; lsn=0/40CC1940, redo lsn=0/221CD788
2024-08-02 00:17:59.267 BST [17926] LOG:  checkpoint starting: wal
2024-08-02 00:18:02.550 BST [17926] LOG:  checkpoint complete: wrote 29 buffers (0.0%); 0 WAL file(s) added, 0 removed, 33 recycled; write=2.849 s, sync=0.287 s, total=3.283 s; sync files=30, longest=0.029 s, average=0.010 s; distance=539514 kB, estimate=539514 kB; lsn=0/448AF930, redo lsn=0/430AC280
2024-08-02 00:18:14.070 BST [17926] LOG:  checkpoints are occurring too frequently (15 seconds apart)
2024-08-02 00:18:14.070 BST [17926] HINT:  Consider increasing the configuration parameter "max_wal_size".
2024-08-02 00:18:14.070 BST [17926] LOG:  checkpoint starting: wal
2024-08-02 00:18:20.220 BST [17926] LOG:  checkpoint complete: wrote 45 buffers (0.0%); 0 WAL file(s) added, 0 removed, 33 recycled; write=4.719 s, sync=1.228 s, total=6.151 s; sync files=39, longest=1.084 s, average=0.032 s; distance=541076 kB, estimate=541076 kB; lsn=0/67CF38A8, redo lsn=0/64111488
2024-08-02 00:18:49.692 BST [18134] LOG:  skipping vacuum of "t" --- lock not available
2024-08-02 00:19:08.685 BST [17926] LOG:  checkpoint starting: wal
2024-08-02 00:19:21.321 BST [17926] LOG:  checkpoint complete: wrote 125 buffers (0.1%); 0 WAL file(s) added, 0 removed, 33 recycled; write=9.890 s, sync=2.635 s, total=12.636 s; sync files=876, longest=1.087 s, average=0.004 s; distance=540265 kB, estimate=540995 kB; lsn=0/8983DD28, redo lsn=0/850ABA48
2024-08-02 00:19:21.321 BST [17926] LOG:  checkpoint starting: immediate force wait
2024-08-02 00:19:22.164 BST [17926] LOG:  checkpoint complete: wrote 8165 buffers (6.2%); 0 WAL file(s) added, 0 removed, 4 recycled; write=0.086 s, sync=0.707 s, total=0.843 s; sync files=449, longest=0.092 s, average=0.002 s; distance=73288 kB, estimate=494224 kB; lsn=0/8983DDF8, redo lsn=0/8983DDA0
2024-08-02 00:20:34.651 BST [17925] LOG:  received fast shutdown request
2024-08-02 00:20:34.653 BST [17925] LOG:  aborting any active transactions
2024-08-02 00:20:34.654 BST [17925] LOG:  background worker "logical replication launcher" (PID 17931) exited with exit code 1
2024-08-02 00:20:34.655 BST [17926] LOG:  shutting down
2024-08-02 00:20:34.657 BST [17926] LOG:  checkpoint starting: shutdown immediate
2024-08-02 00:20:34.685 BST [17926] LOG:  checkpoint complete: wrote 96 buffers (0.1%); 0 WAL file(s) added, 0 removed, 0 recycled; write=0.010 s, sync=0.013 s, total=0.030 s; sync files=10, longest=0.003 s, average=0.002 s; distance=356 kB, estimate=444837 kB; lsn=0/89896F00, redo lsn=0/89896F00
2024-08-02 00:20:34.932 BST [17925] LOG:  database system is shut down
