2024-08-01 04:42:37.792 CEST [3543707] LOG:  starting PostgreSQL 18devel on x86_64-pc-linux-gnu, compiled by gcc (Debian 12.2.0-14) 12.2.0, 64-bit
2024-08-01 04:42:37.793 CEST [3543707] LOG:  listening on IPv6 address "::1", port 5432
2024-08-01 04:42:37.793 CEST [3543707] LOG:  listening on IPv4 address "127.0.0.1", port 5432
2024-08-01 04:42:37.794 CEST [3543707] LOG:  listening on Unix socket "/tmp/.s.PGSQL.5432"
2024-08-01 04:42:37.796 CEST [3543710] LOG:  database system was shut down at 2024-08-01 04:42:36 CEST
2024-08-01 04:42:37.800 CEST [3543707] LOG:  database system is ready to accept connections
2024-08-01 04:42:46.237 CEST [3543708] LOG:  checkpoints are occurring too frequently (9 seconds apart)
2024-08-01 04:42:46.237 CEST [3543708] HINT:  Consider increasing the configuration parameter "max_wal_size".
2024-08-01 04:42:46.237 CEST [3543708] LOG:  checkpoint starting: wal
2024-08-01 04:42:53.676 CEST [3543708] LOG:  checkpoint complete: wrote 55007 buffers (21.0%); 0 WAL file(s) added, 1 removed, 32 recycled; write=6.769 s, sync=0.611 s, total=7.439 s; sync files=707, longest=0.415 s, average=0.001 s; distance=545602 kB, estimate=545602 kB; lsn=0/417BE4A0, redo lsn=0/229BBCA0
2024-08-01 04:42:54.083 CEST [3543708] LOG:  checkpoints are occurring too frequently (8 seconds apart)
2024-08-01 04:42:54.083 CEST [3543708] HINT:  Consider increasing the configuration parameter "max_wal_size".
2024-08-01 04:42:54.083 CEST [3543708] LOG:  checkpoint starting: wal
2024-08-01 04:43:00.339 CEST [3543708] LOG:  checkpoint complete: wrote 61430 buffers (23.4%); 0 WAL file(s) added, 1 removed, 32 recycled; write=5.788 s, sync=0.399 s, total=6.257 s; sync files=4, longest=0.225 s, average=0.100 s; distance=547088 kB, estimate=547088 kB; lsn=0/62719AE0, redo lsn=0/43FFFCB0
2024-08-01 04:43:00.737 CEST [3543708] LOG:  checkpoints are occurring too frequently (6 seconds apart)
2024-08-01 04:43:00.737 CEST [3543708] HINT:  Consider increasing the configuration parameter "max_wal_size".
2024-08-01 04:43:00.764 CEST [3543708] LOG:  checkpoint starting: wal
2024-08-01 04:43:07.099 CEST [3543708] LOG:  checkpoint complete: wrote 60751 buffers (23.2%); 0 WAL file(s) added, 1 removed, 33 recycled; write=5.862 s, sync=0.388 s, total=6.363 s; sync files=4, longest=0.370 s, average=0.097 s; distance=540674 kB, estimate=546446 kB; lsn=0/83EEF990, redo lsn=0/65000810
2024-08-01 04:43:07.517 CEST [3543708] LOG:  checkpoints are occurring too frequently (7 seconds apart)
2024-08-01 04:43:07.517 CEST [3543708] HINT:  Consider increasing the configuration parameter "max_wal_size".
2024-08-01 04:43:07.519 CEST [3543708] LOG:  checkpoint starting: wal
2024-08-01 04:43:13.773 CEST [3543708] LOG:  checkpoint complete: wrote 61251 buffers (23.4%); 0 WAL file(s) added, 1 removed, 32 recycled; write=5.692 s, sync=0.443 s, total=6.257 s; sync files=4, longest=0.366 s, average=0.111 s; distance=545254 kB, estimate=546327 kB; lsn=0/A5507970, redo lsn=0/8647A218
2024-08-01 04:43:14.191 CEST [3543708] LOG:  checkpoints are occurring too frequently (7 seconds apart)
2024-08-01 04:43:14.191 CEST [3543708] HINT:  Consider increasing the configuration parameter "max_wal_size".
2024-08-01 04:43:14.191 CEST [3543708] LOG:  checkpoint starting: wal
2024-08-01 04:43:20.738 CEST [3543708] LOG:  checkpoint complete: wrote 61706 buffers (23.5%); 0 WAL file(s) added, 2 removed, 31 recycled; write=5.878 s, sync=0.549 s, total=6.547 s; sync files=4, longest=0.536 s, average=0.138 s; distance=549813 kB, estimate=549813 kB; lsn=0/C7000320, redo lsn=0/A7D67770
2024-08-01 04:43:20.899 CEST [3543708] LOG:  checkpoints are occurring too frequently (6 seconds apart)
2024-08-01 04:43:20.899 CEST [3543708] HINT:  Consider increasing the configuration parameter "max_wal_size".
2024-08-01 04:43:20.903 CEST [3543708] LOG:  checkpoint starting: wal
2024-08-01 04:43:27.148 CEST [3543708] LOG:  checkpoint complete: wrote 59257 buffers (22.6%); 0 WAL file(s) added, 0 removed, 33 recycled; write=5.754 s, sync=0.443 s, total=6.249 s; sync files=3, longest=0.440 s, average=0.148 s; distance=527490 kB, estimate=547581 kB; lsn=0/E63C4D08, redo lsn=0/C8088220
2024-08-01 04:43:27.791 CEST [3543708] LOG:  checkpoints are occurring too frequently (7 seconds apart)
2024-08-01 04:43:27.791 CEST [3543708] HINT:  Consider increasing the configuration parameter "max_wal_size".
2024-08-01 04:43:27.791 CEST [3543708] LOG:  checkpoint starting: wal
2024-08-01 04:43:34.243 CEST [3543708] LOG:  checkpoint complete: wrote 62391 buffers (23.8%); 0 WAL file(s) added, 1 removed, 32 recycled; write=5.891 s, sync=0.460 s, total=6.453 s; sync files=4, longest=0.444 s, average=0.115 s; distance=555394 kB, estimate=555394 kB; lsn=1/8F3DFD8, redo lsn=0/E9EE8C58
2024-08-01 04:43:34.434 CEST [3543708] LOG:  checkpoints are occurring too frequently (7 seconds apart)
2024-08-01 04:43:34.434 CEST [3543708] HINT:  Consider increasing the configuration parameter "max_wal_size".
2024-08-01 04:43:34.437 CEST [3543708] LOG:  checkpoint starting: wal
2024-08-01 04:43:40.807 CEST [3543708] LOG:  checkpoint complete: wrote 59377 buffers (22.7%); 0 WAL file(s) added, 0 removed, 33 recycled; write=5.828 s, sync=0.481 s, total=6.373 s; sync files=3, longest=0.478 s, average=0.160 s; distance=528516 kB, estimate=552706 kB; lsn=1/28EAC4C0, redo lsn=1/A30A030
2024-08-01 04:43:41.242 CEST [3543708] LOG:  checkpoints are occurring too frequently (7 seconds apart)
2024-08-01 04:43:41.242 CEST [3543708] HINT:  Consider increasing the configuration parameter "max_wal_size".
2024-08-01 04:43:41.244 CEST [3543708] LOG:  checkpoint starting: wal
2024-08-01 04:43:55.452 CEST [3543708] LOG:  checkpoint complete: wrote 61224 buffers (23.4%); 0 WAL file(s) added, 1 removed, 32 recycled; write=9.952 s, sync=4.221 s, total=14.210 s; sync files=8, longest=1.615 s, average=0.528 s; distance=545616 kB, estimate=551997 kB; lsn=1/4A1197C8, redo lsn=1/2B7DE0C0
2024-08-01 04:43:56.440 CEST [3543708] LOG:  checkpoints are occurring too frequently (15 seconds apart)
2024-08-01 04:43:56.440 CEST [3543708] HINT:  Consider increasing the configuration parameter "max_wal_size".
2024-08-01 04:43:56.442 CEST [3543708] LOG:  checkpoint starting: wal
2024-08-01 04:44:29.526 CEST [3543708] LOG:  checkpoint complete: wrote 248342 buffers (94.7%); 0 WAL file(s) added, 1 removed, 32 recycled; write=31.873 s, sync=1.180 s, total=33.087 s; sync files=32, longest=0.210 s, average=0.037 s; distance=540934 kB, estimate=550891 kB; lsn=1/6BC04B48, redo lsn=1/4C81FBD0
2024-08-01 04:44:32.670 CEST [3543708] LOG:  checkpoint starting: wal
2024-08-01 04:44:37.832 CEST [3543758] LOG:  skipping vacuum of "t" --- lock not available
2024-08-01 04:44:38.807 CEST [3543708] LOG:  checkpoint complete: wrote 60 buffers (0.0%); 0 WAL file(s) added, 0 removed, 33 recycled; write=5.921 s, sync=0.186 s, total=6.139 s; sync files=120, longest=0.122 s, average=0.002 s; distance=545266 kB, estimate=550328 kB; lsn=1/734D2470, redo lsn=1/6DC9C5D8
2024-08-01 04:45:09.720 CEST [3543708] LOG:  checkpoint starting: wal
2024-08-01 04:45:37.851 CEST [3543833] LOG:  skipping vacuum of "t" --- lock not available
2024-08-01 04:45:44.054 CEST [3543708] LOG:  checkpoint complete: wrote 755 buffers (0.3%); 0 WAL file(s) added, 0 removed, 33 recycled; write=33.596 s, sync=0.708 s, total=34.334 s; sync files=299, longest=0.102 s, average=0.003 s; distance=541447 kB, estimate=549440 kB; lsn=1/ABFC8748, redo lsn=1/8ED5E2F0
2024-08-01 04:45:44.720 CEST [3543708] LOG:  checkpoint starting: wal
2024-08-01 04:45:54.573 CEST [3543708] LOG:  checkpoint complete: wrote 97 buffers (0.0%); 0 WAL file(s) added, 0 removed, 33 recycled; write=9.629 s, sync=0.202 s, total=9.857 s; sync files=29, longest=0.104 s, average=0.007 s; distance=528985 kB, estimate=547395 kB; lsn=1/B6B04B80, redo lsn=1/AF1F4A48
2024-08-01 04:46:23.741 CEST [3543708] LOG:  checkpoint starting: wal
2024-08-01 04:46:26.552 CEST [3543708] LOG:  checkpoint complete: wrote 21 buffers (0.0%); 0 WAL file(s) added, 0 removed, 33 recycled; write=2.011 s, sync=0.751 s, total=2.811 s; sync files=24, longest=0.119 s, average=0.032 s; distance=552960 kB, estimate=552960 kB; lsn=1/D0E04BE8, redo lsn=1/D0DF4BB0
2024-08-01 04:46:37.870 CEST [3543851] LOG:  skipping vacuum of "t" --- lock not available
2024-08-01 04:47:02.993 CEST [3543708] LOG:  checkpoint starting: wal
2024-08-01 04:47:05.619 CEST [3543708] LOG:  checkpoint complete: wrote 20 buffers (0.0%); 0 WAL file(s) added, 0 removed, 33 recycled; write=1.912 s, sync=0.687 s, total=2.627 s; sync files=26, longest=0.120 s, average=0.027 s; distance=540187 kB, estimate=551683 kB; lsn=1/F28B8BE0, redo lsn=1/F1D7B948
2024-08-01 04:47:37.890 CEST [3543867] LOG:  skipping vacuum of "t" --- lock not available
2024-08-01 04:47:43.127 CEST [3543708] LOG:  checkpoint starting: wal
2024-08-01 04:47:45.590 CEST [3543708] LOG:  checkpoint complete: wrote 19 buffers (0.0%); 0 WAL file(s) added, 0 removed, 33 recycled; write=1.843 s, sync=0.589 s, total=2.466 s; sync files=26, longest=0.108 s, average=0.023 s; distance=534506 kB, estimate=549965 kB; lsn=2/1436E088, redo lsn=2/12776220
2024-08-01 04:48:23.704 CEST [3543708] LOG:  checkpoint starting: wal
2024-08-01 04:48:25.943 CEST [3543708] LOG:  checkpoint complete: wrote 17 buffers (0.0%); 0 WAL file(s) added, 0 removed, 33 recycled; write=1.611 s, sync=0.600 s, total=2.243 s; sync files=26, longest=0.110 s, average=0.024 s; distance=535359 kB, estimate=548504 kB; lsn=2/35E19838, redo lsn=2/33245E50
2024-08-01 04:48:37.910 CEST [3543884] LOG:  skipping vacuum of "t" --- lock not available
2024-08-01 04:49:05.235 CEST [3543708] LOG:  checkpoint starting: wal
2024-08-01 04:49:07.459 CEST [3543708] LOG:  checkpoint complete: wrote 16 buffers (0.0%); 0 WAL file(s) added, 0 removed, 33 recycled; write=1.511 s, sync=0.682 s, total=2.224 s; sync files=25, longest=0.152 s, average=0.028 s; distance=554671 kB, estimate=554671 kB; lsn=2/578C4870, redo lsn=2/54FF1C58
2024-08-01 04:49:37.929 CEST [3543901] LOG:  skipping vacuum of "t" --- lock not available
2024-08-01 04:49:43.273 CEST [3543708] LOG:  checkpoint starting: wal
2024-08-01 04:49:45.739 CEST [3543708] LOG:  checkpoint complete: wrote 18 buffers (0.0%); 0 WAL file(s) added, 0 removed, 33 recycled; write=1.715 s, sync=0.711 s, total=2.467 s; sync files=23, longest=0.113 s, average=0.031 s; distance=532061 kB, estimate=552410 kB; lsn=2/75799D00, redo lsn=2/75789238
2024-08-01 04:50:25.567 CEST [3543708] LOG:  checkpoint starting: wal
2024-08-01 04:50:27.493 CEST [3543708] LOG:  checkpoint complete: wrote 14 buffers (0.0%); 0 WAL file(s) added, 0 removed, 33 recycled; write=1.310 s, sync=0.586 s, total=1.930 s; sync files=24, longest=0.099 s, average=0.025 s; distance=534230 kB, estimate=550592 kB; lsn=2/97246F88, redo lsn=2/9613ECE0
2024-08-01 04:50:37.949 CEST [3543917] LOG:  skipping vacuum of "t" --- lock not available
2024-08-01 04:51:09.174 CEST [3543708] LOG:  checkpoint starting: wal
2024-08-01 04:51:12.025 CEST [3543708] LOG:  checkpoint complete: wrote 23 buffers (0.0%); 0 WAL file(s) added, 0 removed, 33 recycled; write=2.213 s, sync=0.609 s, total=2.854 s; sync files=27, longest=0.111 s, average=0.023 s; distance=544411 kB, estimate=549974 kB; lsn=2/B8D02E28, redo lsn=2/B74E5B40
2024-08-01 04:51:17.368 CEST [3543708] LOG:  checkpoints are occurring too frequently (8 seconds apart)
2024-08-01 04:51:17.368 CEST [3543708] HINT:  Consider increasing the configuration parameter "max_wal_size".
2024-08-01 04:51:17.368 CEST [3543708] LOG:  checkpoint starting: wal
2024-08-01 04:51:21.117 CEST [3543708] LOG:  checkpoint complete: wrote 26 buffers (0.0%); 0 WAL file(s) added, 0 removed, 34 recycled; write=2.512 s, sync=1.186 s, total=3.749 s; sync files=17, longest=1.075 s, average=0.070 s; distance=552208 kB, estimate=552208 kB; lsn=2/F4E77EF8, redo lsn=2/D9029B88
2024-08-01 04:51:21.760 CEST [3543708] LOG:  checkpoints are occurring too frequently (4 seconds apart)
2024-08-01 04:51:21.760 CEST [3543708] HINT:  Consider increasing the configuration parameter "max_wal_size".
2024-08-01 04:51:21.762 CEST [3543708] LOG:  checkpoint starting: wal
2024-08-01 04:51:21.813 CEST [3543708] LOG:  checkpoint complete: wrote 0 buffers (0.0%); 0 WAL file(s) added, 0 removed, 33 recycled; write=0.005 s, sync=0.001 s, total=0.054 s; sync files=0, longest=0.000 s, average=0.000 s; distance=549705 kB, estimate=551957 kB; lsn=2/FAC1F760, redo lsn=2/FA8FC210
2024-08-01 04:51:25.036 CEST [3543708] LOG:  checkpoints are occurring too frequently (4 seconds apart)
2024-08-01 04:51:25.036 CEST [3543708] HINT:  Consider increasing the configuration parameter "max_wal_size".
2024-08-01 04:51:25.036 CEST [3543708] LOG:  checkpoint starting: wal
2024-08-01 04:51:25.101 CEST [3543708] LOG:  checkpoint complete: wrote 0 buffers (0.0%); 0 WAL file(s) added, 0 removed, 34 recycled; write=0.006 s, sync=0.001 s, total=0.066 s; sync files=0, longest=0.000 s, average=0.000 s; distance=547975 kB, estimate=551559 kB; lsn=3/1C37F1D8, redo lsn=3/1C01DFC0
2024-08-01 04:51:28.422 CEST [3543708] LOG:  checkpoints are occurring too frequently (3 seconds apart)
2024-08-01 04:51:28.422 CEST [3543708] HINT:  Consider increasing the configuration parameter "max_wal_size".
2024-08-01 04:51:28.422 CEST [3543708] LOG:  checkpoint starting: wal
2024-08-01 04:51:28.491 CEST [3543708] LOG:  checkpoint complete: wrote 0 buffers (0.0%); 0 WAL file(s) added, 0 removed, 34 recycled; write=0.006 s, sync=0.001 s, total=0.070 s; sync files=0, longest=0.000 s, average=0.000 s; distance=557120 kB, estimate=557120 kB; lsn=3/3E38F520, redo lsn=3/3E02E320
2024-08-01 04:51:31.802 CEST [3543708] LOG:  checkpoints are occurring too frequently (3 seconds apart)
2024-08-01 04:51:31.802 CEST [3543708] HINT:  Consider increasing the configuration parameter "max_wal_size".
2024-08-01 04:51:31.802 CEST [3543708] LOG:  checkpoint starting: wal
2024-08-01 04:51:31.872 CEST [3543708] LOG:  checkpoint complete: wrote 0 buffers (0.0%); 0 WAL file(s) added, 0 removed, 34 recycled; write=0.006 s, sync=0.001 s, total=0.071 s; sync files=0, longest=0.000 s, average=0.000 s; distance=556873 kB, estimate=557096 kB; lsn=3/60361B48, redo lsn=3/60000948
2024-08-01 04:51:35.216 CEST [3543708] LOG:  checkpoints are occurring too frequently (4 seconds apart)
2024-08-01 04:51:35.216 CEST [3543708] HINT:  Consider increasing the configuration parameter "max_wal_size".
2024-08-01 04:51:35.216 CEST [3543708] LOG:  checkpoint starting: wal
2024-08-01 04:51:35.272 CEST [3543708] LOG:  checkpoint complete: wrote 0 buffers (0.0%); 0 WAL file(s) added, 0 removed, 34 recycled; write=0.006 s, sync=0.001 s, total=0.057 s; sync files=0, longest=0.000 s, average=0.000 s; distance=557120 kB, estimate=557120 kB; lsn=3/8204E960, redo lsn=3/82010C20
2024-08-01 04:51:37.968 CEST [3543931] LOG:  skipping vacuum of "t" --- lock not available
2024-08-01 04:51:38.581 CEST [3543708] LOG:  checkpoints are occurring too frequently (3 seconds apart)
2024-08-01 04:51:38.581 CEST [3543708] HINT:  Consider increasing the configuration parameter "max_wal_size".
2024-08-01 04:51:38.583 CEST [3543708] LOG:  checkpoint starting: wal
2024-08-01 04:51:38.645 CEST [3543708] LOG:  checkpoint complete: wrote 0 buffers (0.0%); 0 WAL file(s) added, 0 removed, 33 recycled; write=0.006 s, sync=0.001 s, total=0.064 s; sync files=0, longest=0.000 s, average=0.000 s; distance=549705 kB, estimate=556379 kB; lsn=3/A3C82158, redo lsn=3/A38E3290
2024-08-01 04:51:49.061 CEST [3543708] LOG:  checkpoints are occurring too frequently (11 seconds apart)
2024-08-01 04:51:49.061 CEST [3543708] HINT:  Consider increasing the configuration parameter "max_wal_size".
2024-08-01 04:51:49.061 CEST [3543708] LOG:  checkpoint starting: wal
2024-08-01 04:51:50.341 CEST [3543708] LOG:  checkpoint complete: wrote 9 buffers (0.0%); 0 WAL file(s) added, 0 removed, 34 recycled; write=0.908 s, sync=0.324 s, total=1.280 s; sync files=6, longest=0.316 s, average=0.054 s; distance=547981 kB, estimate=555539 kB; lsn=3/CCA249C8, redo lsn=3/C50069B0
2024-08-01 04:52:18.055 CEST [3543708] LOG:  checkpoints are occurring too frequently (29 seconds apart)
2024-08-01 04:52:18.055 CEST [3543708] HINT:  Consider increasing the configuration parameter "max_wal_size".
2024-08-01 04:52:18.055 CEST [3543708] LOG:  checkpoint starting: wal
2024-08-01 04:52:19.217 CEST [3543708] LOG:  checkpoint complete: wrote 5 buffers (0.0%); 0 WAL file(s) added, 0 removed, 33 recycled; write=0.507 s, sync=0.626 s, total=1.163 s; sync files=11, longest=0.116 s, average=0.057 s; distance=552564 kB, estimate=555242 kB; lsn=3/E8C48FB0, redo lsn=3/E6BA3D78
2024-08-01 04:52:37.988 CEST [3543947] LOG:  skipping vacuum of "t" --- lock not available
2024-08-01 04:52:54.897 CEST [3543708] LOG:  checkpoint starting: wal
2024-08-01 04:52:56.556 CEST [3543708] LOG:  checkpoint complete: wrote 9 buffers (0.0%); 0 WAL file(s) added, 0 removed, 33 recycled; write=0.908 s, sync=0.723 s, total=1.659 s; sync files=16, longest=0.116 s, average=0.046 s; distance=530699 kB, estimate=552787 kB; lsn=4/A6E8B48, redo lsn=4/71E6A80
2024-08-01 04:53:29.045 CEST [3543708] LOG:  checkpoint starting: wal
2024-08-01 04:53:30.715 CEST [3543708] LOG:  checkpoint complete: wrote 9 buffers (0.0%); 0 WAL file(s) added, 0 removed, 33 recycled; write=0.909 s, sync=0.730 s, total=1.674 s; sync files=14, longest=0.118 s, average=0.053 s; distance=543623 kB, estimate=551871 kB; lsn=4/285B0DC8, redo lsn=4/284C8A38
2024-08-01 04:53:38.008 CEST [3543965] LOG:  skipping vacuum of "t" --- lock not available
2024-08-01 04:54:07.684 CEST [3543708] LOG:  checkpoint starting: wal
2024-08-01 04:54:09.349 CEST [3543708] LOG:  checkpoint complete: wrote 9 buffers (0.0%); 0 WAL file(s) added, 0 removed, 33 recycled; write=0.909 s, sync=0.725 s, total=1.669 s; sync files=15, longest=0.108 s, average=0.049 s; distance=537728 kB, estimate=550457 kB; lsn=4/4A053C98, redo lsn=4/491E8E10
2024-08-01 04:54:38.027 CEST [3543982] LOG:  skipping vacuum of "t" --- lock not available
2024-08-01 04:54:47.187 CEST [3543708] LOG:  checkpoint starting: wal
2024-08-01 04:54:49.218 CEST [3543708] LOG:  checkpoint complete: wrote 12 buffers (0.0%); 0 WAL file(s) added, 0 removed, 33 recycled; write=1.209 s, sync=0.790 s, total=2.033 s; sync files=15, longest=0.146 s, average=0.053 s; distance=546067 kB, estimate=550018 kB; lsn=4/6BAF54A0, redo lsn=4/6A72DB68
2024-08-01 04:55:27.304 CEST [3543708] LOG:  checkpoint starting: wal
2024-08-01 04:55:28.964 CEST [3543708] LOG:  checkpoint complete: wrote 10 buffers (0.0%); 0 WAL file(s) added, 0 removed, 33 recycled; write=1.017 s, sync=0.614 s, total=1.661 s; sync files=15, longest=0.111 s, average=0.041 s; distance=546507 kB, estimate=549667 kB; lsn=4/8D5971D8, redo lsn=4/8BCE09B8
2024-08-01 04:55:38.047 CEST [3544002] LOG:  skipping vacuum of "t" --- lock not available
2024-08-01 04:56:07.977 CEST [3543708] LOG:  checkpoint starting: wal
2024-08-01 04:56:09.848 CEST [3543708] LOG:  checkpoint complete: wrote 12 buffers (0.0%); 0 WAL file(s) added, 0 removed, 33 recycled; write=1.209 s, sync=0.634 s, total=1.872 s; sync files=16, longest=0.117 s, average=0.040 s; distance=529164 kB, estimate=547616 kB; lsn=4/AF037C98, redo lsn=4/AC1A3A00
2024-08-01 04:56:38.066 CEST [3544018] LOG:  skipping vacuum of "t" --- lock not available
2024-08-01 04:56:49.813 CEST [3543708] LOG:  checkpoint starting: wal
2024-08-01 04:56:51.206 CEST [3543708] LOG:  checkpoint complete: wrote 6 buffers (0.0%); 0 WAL file(s) added, 0 removed, 33 recycled; write=0.607 s, sync=0.754 s, total=1.393 s; sync files=14, longest=0.117 s, average=0.054 s; distance=545406 kB, estimate=547395 kB; lsn=4/D0AD8E40, redo lsn=4/CD643548
2024-08-01 04:57:28.305 CEST [3543708] LOG:  checkpoint starting: wal
2024-08-01 04:57:29.674 CEST [3543708] LOG:  checkpoint complete: wrote 7 buffers (0.0%); 0 WAL file(s) added, 0 removed, 33 recycled; write=0.715 s, sync=0.617 s, total=1.372 s; sync files=14, longest=0.116 s, average=0.045 s; distance=538368 kB, estimate=546493 kB; lsn=4/EE9A4680, redo lsn=4/EE403658
2024-08-01 04:57:38.086 CEST [3544034] LOG:  skipping vacuum of "t" --- lock not available
2024-08-01 04:58:11.690 CEST [3543708] LOG:  checkpoint starting: wal
2024-08-01 04:58:12.993 CEST [3543708] LOG:  checkpoint complete: wrote 6 buffers (0.0%); 0 WAL file(s) added, 0 removed, 33 recycled; write=0.630 s, sync=0.645 s, total=1.303 s; sync files=15, longest=0.124 s, average=0.043 s; distance=550021 kB, estimate=550021 kB; lsn=5/10446DD8, redo lsn=5/FD24CB8
2024-08-01 04:58:38.105 CEST [3544049] LOG:  skipping vacuum of "t" --- lock not available
2024-08-01 04:58:55.648 CEST [3543708] LOG:  checkpoint starting: wal
2024-08-01 04:58:57.015 CEST [3543708] LOG:  checkpoint complete: wrote 7 buffers (0.0%); 0 WAL file(s) added, 0 removed, 33 recycled; write=0.708 s, sync=0.628 s, total=1.372 s; sync files=15, longest=0.120 s, average=0.042 s; distance=530265 kB, estimate=548046 kB; lsn=5/31EE8178, redo lsn=5/302FB470
2024-08-01 04:59:29.929 CEST [3543708] LOG:  checkpoint starting: immediate force wait
2024-08-01 04:59:35.770 CEST [3543708] LOG:  checkpoint complete: wrote 12306 buffers (4.7%); 0 WAL file(s) added, 0 removed, 26 recycled; write=0.193 s, sync=5.611 s, total=5.842 s; sync files=781, longest=1.248 s, average=0.008 s; distance=434397 kB, estimate=536681 kB; lsn=5/4AB32C70, redo lsn=5/4AB32C18
2024-08-01 05:00:46.907 CEST [3543707] LOG:  received fast shutdown request
2024-08-01 05:00:46.908 CEST [3543707] LOG:  aborting any active transactions
2024-08-01 05:00:46.909 CEST [3543707] LOG:  background worker "logical replication launcher" (PID 3543713) exited with exit code 1
2024-08-01 05:00:46.912 CEST [3543708] LOG:  shutting down
2024-08-01 05:00:46.912 CEST [3543708] LOG:  checkpoint starting: shutdown immediate
2024-08-01 05:00:46.918 CEST [3543708] LOG:  checkpoint complete: wrote 66 buffers (0.0%); 0 WAL file(s) added, 0 removed, 0 recycled; write=0.005 s, sync=0.001 s, total=0.007 s; sync files=5, longest=0.001 s, average=0.001 s; distance=202 kB, estimate=483033 kB; lsn=5/4AB654C8, redo lsn=5/4AB654C8
2024-08-01 05:00:47.325 CEST [3543707] LOG:  database system is shut down
