2024-07-31 21:13:12.991 CEST [2125097] LOG:  starting PostgreSQL 18devel on x86_64-pc-linux-gnu, compiled by gcc (Debian 12.2.0-14) 12.2.0, 64-bit
2024-07-31 21:13:12.991 CEST [2125097] LOG:  listening on IPv6 address "::1", port 5432
2024-07-31 21:13:12.991 CEST [2125097] LOG:  listening on IPv4 address "127.0.0.1", port 5432
2024-07-31 21:13:13.009 CEST [2125097] LOG:  listening on Unix socket "/tmp/.s.PGSQL.5432"
2024-07-31 21:13:13.011 CEST [2125100] LOG:  database system was shut down at 2024-07-31 21:13:11 CEST
2024-07-31 21:13:13.015 CEST [2125097] LOG:  database system is ready to accept connections
2024-07-31 21:13:24.829 CEST [2125098] LOG:  checkpoints are occurring too frequently (11 seconds apart)
2024-07-31 21:13:24.829 CEST [2125098] HINT:  Consider increasing the configuration parameter "max_wal_size".
2024-07-31 21:13:24.829 CEST [2125098] LOG:  checkpoint starting: wal
2024-07-31 21:13:37.528 CEST [2125098] LOG:  checkpoint complete: wrote 6830 buffers (2.6%); 0 WAL file(s) added, 3 removed, 30 recycled; write=11.299 s, sync=1.341 s, total=12.699 s; sync files=804, longest=0.016 s, average=0.002 s; distance=537539 kB, estimate=537539 kB; lsn=0/43566470, redo lsn=0/221DC058
2024-07-31 21:13:37.528 CEST [2125098] LOG:  checkpoints are occurring too frequently (13 seconds apart)
2024-07-31 21:13:37.528 CEST [2125098] HINT:  Consider increasing the configuration parameter "max_wal_size".
2024-07-31 21:13:37.528 CEST [2125098] LOG:  checkpoint starting: wal
2024-07-31 21:13:42.849 CEST [2125098] LOG:  checkpoint complete: wrote 50 buffers (0.0%); 0 WAL file(s) added, 0 removed, 33 recycled; write=4.924 s, sync=0.367 s, total=5.321 s; sync files=164, longest=0.007 s, average=0.003 s; distance=546283 kB, estimate=546283 kB; lsn=0/52BD21A8, redo lsn=0/43756D58
2024-07-31 21:13:48.871 CEST [2125098] LOG:  checkpoints are occurring too frequently (11 seconds apart)
2024-07-31 21:13:48.871 CEST [2125098] HINT:  Consider increasing the configuration parameter "max_wal_size".
2024-07-31 21:13:48.871 CEST [2125098] LOG:  checkpoint starting: wal
2024-07-31 21:13:54.519 CEST [2125098] LOG:  checkpoint complete: wrote 50 buffers (0.0%); 0 WAL file(s) added, 0 removed, 33 recycled; write=4.919 s, sync=0.691 s, total=5.649 s; sync files=285, longest=0.009 s, average=0.003 s; distance=534371 kB, estimate=545092 kB; lsn=0/746C90A8, redo lsn=0/6412FCD0
2024-07-31 21:13:58.200 CEST [2125098] LOG:  checkpoint starting: immediate force wait
2024-07-31 21:13:58.467 CEST [2125098] LOG:  checkpoint complete: wrote 188 buffers (0.1%); 0 WAL file(s) added, 0 removed, 26 recycled; write=0.008 s, sync=0.236 s, total=0.268 s; sync files=126, longest=0.009 s, average=0.002 s; distance=425836 kB, estimate=533166 kB; lsn=0/7E10AFB0, redo lsn=0/7E10AF58
2024-07-31 21:15:08.711 CEST [2125097] LOG:  received fast shutdown request
2024-07-31 21:15:08.711 CEST [2125097] LOG:  aborting any active transactions
2024-07-31 21:15:08.712 CEST [2125097] LOG:  background worker "logical replication launcher" (PID 2125103) exited with exit code 1
2024-07-31 21:15:08.713 CEST [2125098] LOG:  shutting down
2024-07-31 21:15:08.714 CEST [2125098] LOG:  checkpoint starting: shutdown immediate
2024-07-31 21:15:08.721 CEST [2125098] LOG:  checkpoint complete: wrote 53 buffers (0.0%); 0 WAL file(s) added, 0 removed, 0 recycled; write=0.005 s, sync=0.002 s, total=0.008 s; sync files=12, longest=0.001 s, average=0.001 s; distance=294 kB, estimate=479879 kB; lsn=0/7E154848, redo lsn=0/7E154848
2024-07-31 21:15:08.915 CEST [2125097] LOG:  database system is shut down
