2024-08-02 00:01:01.923 CEST [314211] LOG:  starting PostgreSQL 18devel on x86_64-pc-linux-gnu, compiled by gcc (Debian 12.2.0-14) 12.2.0, 64-bit
2024-08-02 00:01:01.924 CEST [314211] LOG:  listening on IPv6 address "::1", port 5432
2024-08-02 00:01:01.924 CEST [314211] LOG:  listening on IPv4 address "127.0.0.1", port 5432
2024-08-02 00:01:01.925 CEST [314211] LOG:  listening on Unix socket "/tmp/.s.PGSQL.5432"
2024-08-02 00:01:01.927 CEST [314214] LOG:  database system was shut down at 2024-08-02 00:01:00 CEST
2024-08-02 00:01:01.931 CEST [314211] LOG:  database system is ready to accept connections
2024-08-02 00:01:10.990 CEST [314212] LOG:  checkpoints are occurring too frequently (9 seconds apart)
2024-08-02 00:01:10.990 CEST [314212] HINT:  Consider increasing the configuration parameter "max_wal_size".
2024-08-02 00:01:10.990 CEST [314212] LOG:  checkpoint starting: wal
2024-08-02 00:01:18.851 CEST [314212] LOG:  checkpoint complete: wrote 31072 buffers (11.9%); 0 WAL file(s) added, 0 removed, 33 recycled; write=7.652 s, sync=0.141 s, total=7.861 s; sync files=309, longest=0.038 s, average=0.001 s; distance=539848 kB, estimate=539848 kB; lsn=0/40A379E8, redo lsn=0/2241D610
2024-08-02 00:01:19.478 CEST [314212] LOG:  checkpoints are occurring too frequently (9 seconds apart)
2024-08-02 00:01:19.478 CEST [314212] HINT:  Consider increasing the configuration parameter "max_wal_size".
2024-08-02 00:01:19.479 CEST [314212] LOG:  checkpoint starting: wal
2024-08-02 00:01:28.224 CEST [314212] LOG:  checkpoint complete: wrote 30798 buffers (11.7%); 0 WAL file(s) added, 1 removed, 32 recycled; write=8.345 s, sync=0.317 s, total=8.746 s; sync files=5, longest=0.241 s, average=0.064 s; distance=547690 kB, estimate=547690 kB; lsn=0/62759690, redo lsn=0/43AF8060
2024-08-02 00:01:28.554 CEST [314212] LOG:  checkpoints are occurring too frequently (9 seconds apart)
2024-08-02 00:01:28.554 CEST [314212] HINT:  Consider increasing the configuration parameter "max_wal_size".
2024-08-02 00:01:28.554 CEST [314212] LOG:  checkpoint starting: wal
2024-08-02 00:01:37.547 CEST [314212] LOG:  checkpoint complete: wrote 27222 buffers (10.4%); 0 WAL file(s) added, 0 removed, 34 recycled; write=8.609 s, sync=0.359 s, total=8.993 s; sync files=386, longest=0.201 s, average=0.001 s; distance=545957 kB, estimate=547517 kB; lsn=0/7937BD20, redo lsn=0/650216F0
2024-08-02 00:01:37.547 CEST [314212] LOG:  checkpoint starting: immediate force wait
2024-08-02 00:01:37.966 CEST [314212] LOG:  checkpoint complete: wrote 44982 buffers (17.2%); 0 WAL file(s) added, 0 removed, 20 recycled; write=0.357 s, sync=0.040 s, total=0.419 s; sync files=154, longest=0.008 s, average=0.001 s; distance=331113 kB, estimate=525876 kB; lsn=0/7937BDF0, redo lsn=0/7937BD98
2024-08-02 00:02:48.150 CEST [314211] LOG:  received fast shutdown request
2024-08-02 00:02:48.150 CEST [314211] LOG:  aborting any active transactions
2024-08-02 00:02:48.151 CEST [314211] LOG:  background worker "logical replication launcher" (PID 314217) exited with exit code 1
2024-08-02 00:02:48.154 CEST [314212] LOG:  shutting down
2024-08-02 00:02:48.154 CEST [314212] LOG:  checkpoint starting: shutdown immediate
2024-08-02 00:02:48.161 CEST [314212] LOG:  checkpoint complete: wrote 53 buffers (0.0%); 0 WAL file(s) added, 0 removed, 0 recycled; write=0.005 s, sync=0.002 s, total=0.008 s; sync files=12, longest=0.001 s, average=0.001 s; distance=260 kB, estimate=473315 kB; lsn=0/793BCFB0, redo lsn=0/793BCFB0
2024-08-02 00:02:48.479 CEST [314211] LOG:  database system is shut down
