2024-07-30 16:29:05.738 BST [2910258] LOG:  starting PostgreSQL 18devel on aarch64-unknown-linux-gnu, compiled by gcc (Debian 12.2.0-14) 12.2.0, 64-bit
2024-07-30 16:29:05.739 BST [2910258] LOG:  listening on IPv6 address "::1", port 5432
2024-07-30 16:29:05.739 BST [2910258] LOG:  listening on IPv4 address "127.0.0.1", port 5432
2024-07-30 16:29:05.748 BST [2910258] LOG:  listening on Unix socket "/tmp/.s.PGSQL.5432"
2024-07-30 16:29:05.754 BST [2910261] LOG:  database system was shut down at 2024-07-30 16:29:04 BST
2024-07-30 16:29:05.762 BST [2910258] LOG:  database system is ready to accept connections
2024-07-30 16:29:16.839 BST [2910259] LOG:  checkpoints are occurring too frequently (11 seconds apart)
2024-07-30 16:29:16.839 BST [2910259] HINT:  Consider increasing the configuration parameter "max_wal_size".
2024-07-30 16:29:16.839 BST [2910259] LOG:  checkpoint starting: wal
2024-07-30 16:30:05.360 BST [2910259] LOG:  checkpoint complete: wrote 60435 buffers (46.1%); 0 WAL file(s) added, 0 removed, 33 recycled; write=47.096 s, sync=1.286 s, total=48.522 s; sync files=787, longest=0.037 s, average=0.002 s; distance=537505 kB, estimate=537505 kB; lsn=0/40CC2338, redo lsn=0/221CE928
2024-07-30 16:30:08.974 BST [2910259] LOG:  checkpoint starting: wal
2024-07-30 16:30:12.113 BST [2910259] LOG:  checkpoint complete: wrote 29 buffers (0.0%); 0 WAL file(s) added, 0 removed, 33 recycled; write=2.816 s, sync=0.240 s, total=3.139 s; sync files=30, longest=0.021 s, average=0.008 s; distance=539514 kB, estimate=539514 kB; lsn=0/44D31790, redo lsn=0/430AD408
2024-07-30 16:30:22.317 BST [2910259] LOG:  checkpoints are occurring too frequently (14 seconds apart)
2024-07-30 16:30:22.317 BST [2910259] HINT:  Consider increasing the configuration parameter "max_wal_size".
2024-07-30 16:30:22.317 BST [2910259] LOG:  checkpoint starting: wal
2024-07-30 16:30:28.216 BST [2910259] LOG:  checkpoint complete: wrote 45 buffers (0.0%); 0 WAL file(s) added, 0 removed, 33 recycled; write=4.448 s, sync=1.302 s, total=5.899 s; sync files=41, longest=1.057 s, average=0.032 s; distance=541076 kB, estimate=541076 kB; lsn=0/688ED1C0, redo lsn=0/64112648
2024-07-30 16:31:05.841 BST [2910554] LOG:  skipping vacuum of "t" --- lock not available
2024-07-30 16:31:10.553 BST [2910259] LOG:  checkpoint starting: wal
2024-07-30 16:31:20.865 BST [2910259] LOG:  checkpoint complete: wrote 125 buffers (0.1%); 0 WAL file(s) added, 0 removed, 33 recycled; write=9.150 s, sync=1.048 s, total=10.312 s; sync files=875, longest=0.957 s, average=0.002 s; distance=540265 kB, estimate=540995 kB; lsn=0/89840970, redo lsn=0/850ACA78
2024-07-30 16:31:20.865 BST [2910259] LOG:  checkpoint starting: immediate force wait
2024-07-30 16:31:21.125 BST [2910259] LOG:  checkpoint complete: wrote 8165 buffers (6.2%); 0 WAL file(s) added, 0 removed, 4 recycled; write=0.048 s, sync=0.173 s, total=0.260 s; sync files=449, longest=0.125 s, average=0.001 s; distance=73295 kB, estimate=494225 kB; lsn=0/89840A40, redo lsn=0/898409E8
2024-07-30 16:32:36.852 BST [2910258] LOG:  received fast shutdown request
2024-07-30 16:32:36.854 BST [2910258] LOG:  aborting any active transactions
2024-07-30 16:32:36.855 BST [2910258] LOG:  background worker "logical replication launcher" (PID 2910264) exited with exit code 1
2024-07-30 16:32:36.856 BST [2910259] LOG:  shutting down
2024-07-30 16:32:36.858 BST [2910259] LOG:  checkpoint starting: shutdown immediate
2024-07-30 16:32:36.881 BST [2910259] LOG:  checkpoint complete: wrote 96 buffers (0.1%); 0 WAL file(s) added, 0 removed, 0 recycled; write=0.009 s, sync=0.004 s, total=0.026 s; sync files=10, longest=0.004 s, average=0.001 s; distance=356 kB, estimate=444838 kB; lsn=0/89899B00, redo lsn=0/89899B00
2024-07-30 16:32:36.948 BST [2910258] LOG:  database system is shut down
