2024-07-31 01:12:53.130 BST [1745175] LOG:  starting PostgreSQL 18devel on aarch64-unknown-linux-gnu, compiled by gcc (Debian 12.2.0-14) 12.2.0, 64-bit
2024-07-31 01:12:53.131 BST [1745175] LOG:  listening on IPv6 address "::1", port 5432
2024-07-31 01:12:53.131 BST [1745175] LOG:  listening on IPv4 address "127.0.0.1", port 5432
2024-07-31 01:12:53.228 BST [1745175] LOG:  listening on Unix socket "/tmp/.s.PGSQL.5432"
2024-07-31 01:12:53.237 BST [1745178] LOG:  database system was shut down at 2024-07-31 01:12:51 BST
2024-07-31 01:12:53.247 BST [1745175] LOG:  database system is ready to accept connections
2024-07-31 01:13:04.133 BST [1745176] LOG:  checkpoints are occurring too frequently (11 seconds apart)
2024-07-31 01:13:04.133 BST [1745176] HINT:  Consider increasing the configuration parameter "max_wal_size".
2024-07-31 01:13:04.133 BST [1745176] LOG:  checkpoint starting: wal
2024-07-31 01:13:51.768 BST [1745176] LOG:  checkpoint complete: wrote 60435 buffers (46.1%); 0 WAL file(s) added, 0 removed, 33 recycled; write=46.084 s, sync=1.317 s, total=47.636 s; sync files=787, longest=0.065 s, average=0.002 s; distance=537505 kB, estimate=537505 kB; lsn=0/40CC24F0, redo lsn=0/221CE928
2024-07-31 01:13:55.182 BST [1745176] LOG:  checkpoint starting: wal
2024-07-31 01:13:58.500 BST [1745176] LOG:  checkpoint complete: wrote 29 buffers (0.0%); 0 WAL file(s) added, 0 removed, 33 recycled; write=2.833 s, sync=0.303 s, total=3.319 s; sync files=30, longest=0.038 s, average=0.011 s; distance=539514 kB, estimate=539514 kB; lsn=0/44EAD278, redo lsn=0/430AD408
2024-07-31 01:14:08.276 BST [1745176] LOG:  checkpoints are occurring too frequently (13 seconds apart)
2024-07-31 01:14:08.276 BST [1745176] HINT:  Consider increasing the configuration parameter "max_wal_size".
2024-07-31 01:14:08.276 BST [1745176] LOG:  checkpoint starting: wal
2024-07-31 01:14:14.809 BST [1745176] LOG:  checkpoint complete: wrote 45 buffers (0.0%); 0 WAL file(s) added, 0 removed, 33 recycled; write=4.559 s, sync=1.784 s, total=6.533 s; sync files=41, longest=1.097 s, average=0.044 s; distance=541076 kB, estimate=541076 kB; lsn=0/68EE9588, redo lsn=0/641125C0
2024-07-31 01:14:53.327 BST [1745390] LOG:  skipping vacuum of "t" --- lock not available
2024-07-31 01:14:55.393 BST [1745176] LOG:  checkpoint starting: wal
2024-07-31 01:15:06.532 BST [1745176] LOG:  checkpoint complete: wrote 125 buffers (0.1%); 0 WAL file(s) added, 0 removed, 33 recycled; write=8.622 s, sync=2.359 s, total=11.140 s; sync files=874, longest=0.990 s, average=0.003 s; distance=540265 kB, estimate=540995 kB; lsn=0/89840A20, redo lsn=0/850ACB28
2024-07-31 01:15:06.533 BST [1745176] LOG:  checkpoint starting: immediate force wait
2024-07-31 01:15:06.815 BST [1745176] LOG:  checkpoint complete: wrote 8165 buffers (6.2%); 0 WAL file(s) added, 0 removed, 4 recycled; write=0.051 s, sync=0.184 s, total=0.283 s; sync files=449, longest=0.127 s, average=0.001 s; distance=73295 kB, estimate=494225 kB; lsn=0/89840AF0, redo lsn=0/89840A98
2024-07-31 01:16:21.189 BST [1745175] LOG:  received fast shutdown request
2024-07-31 01:16:21.201 BST [1745175] LOG:  aborting any active transactions
2024-07-31 01:16:21.202 BST [1745175] LOG:  background worker "logical replication launcher" (PID 1745181) exited with exit code 1
2024-07-31 01:16:21.202 BST [1745176] LOG:  shutting down
2024-07-31 01:16:21.209 BST [1745176] LOG:  checkpoint starting: shutdown immediate
2024-07-31 01:16:21.241 BST [1745176] LOG:  checkpoint complete: wrote 96 buffers (0.1%); 0 WAL file(s) added, 0 removed, 0 recycled; write=0.007 s, sync=0.006 s, total=0.039 s; sync files=10, longest=0.005 s, average=0.001 s; distance=356 kB, estimate=444838 kB; lsn=0/89899BB0, redo lsn=0/89899BB0
2024-07-31 01:16:21.312 BST [1745175] LOG:  database system is shut down
