2024-07-31 20:53:36.050 CEST [2029050] LOG:  starting PostgreSQL 18devel on x86_64-pc-linux-gnu, compiled by gcc (Debian 12.2.0-14) 12.2.0, 64-bit
2024-07-31 20:53:36.051 CEST [2029050] LOG:  listening on IPv6 address "::1", port 5432
2024-07-31 20:53:36.051 CEST [2029050] LOG:  listening on IPv4 address "127.0.0.1", port 5432
2024-07-31 20:53:36.055 CEST [2029050] LOG:  listening on Unix socket "/tmp/.s.PGSQL.5432"
2024-07-31 20:53:36.057 CEST [2029053] LOG:  database system was shut down at 2024-07-31 20:53:34 CEST
2024-07-31 20:53:36.060 CEST [2029050] LOG:  database system is ready to accept connections
2024-07-31 20:53:48.126 CEST [2029051] LOG:  checkpoints are occurring too frequently (12 seconds apart)
2024-07-31 20:53:48.126 CEST [2029051] HINT:  Consider increasing the configuration parameter "max_wal_size".
2024-07-31 20:53:48.126 CEST [2029051] LOG:  checkpoint starting: wal
2024-07-31 20:54:00.907 CEST [2029051] LOG:  checkpoint complete: wrote 6830 buffers (2.6%); 0 WAL file(s) added, 3 removed, 30 recycled; write=11.289 s, sync=1.430 s, total=12.781 s; sync files=803, longest=0.074 s, average=0.002 s; distance=537539 kB, estimate=537539 kB; lsn=0/435453E8, redo lsn=0/221DC058
2024-07-31 20:54:00.908 CEST [2029051] LOG:  checkpoints are occurring too frequently (12 seconds apart)
2024-07-31 20:54:00.908 CEST [2029051] HINT:  Consider increasing the configuration parameter "max_wal_size".
2024-07-31 20:54:00.908 CEST [2029051] LOG:  checkpoint starting: wal
2024-07-31 20:54:06.286 CEST [2029051] LOG:  checkpoint complete: wrote 50 buffers (0.0%); 0 WAL file(s) added, 0 removed, 33 recycled; write=4.923 s, sync=0.425 s, total=5.379 s; sync files=160, longest=0.057 s, average=0.003 s; distance=544297 kB, estimate=544297 kB; lsn=0/5221F4C0, redo lsn=0/435664E8
2024-07-31 20:54:12.687 CEST [2029051] LOG:  checkpoints are occurring too frequently (12 seconds apart)
2024-07-31 20:54:12.687 CEST [2029051] HINT:  Consider increasing the configuration parameter "max_wal_size".
2024-07-31 20:54:12.687 CEST [2029051] LOG:  checkpoint starting: wal
2024-07-31 20:54:18.372 CEST [2029051] LOG:  checkpoint complete: wrote 50 buffers (0.0%); 0 WAL file(s) added, 0 removed, 33 recycled; write=4.928 s, sync=0.718 s, total=5.686 s; sync files=287, longest=0.012 s, average=0.003 s; distance=536357 kB, estimate=543503 kB; lsn=0/74131350, redo lsn=0/6412F9E0
2024-07-31 20:54:22.249 CEST [2029051] LOG:  checkpoint starting: immediate force wait
2024-07-31 20:54:22.525 CEST [2029051] LOG:  checkpoint complete: wrote 188 buffers (0.1%); 0 WAL file(s) added, 0 removed, 26 recycled; write=0.008 s, sync=0.240 s, total=0.276 s; sync files=129, longest=0.008 s, average=0.002 s; distance=425836 kB, estimate=531736 kB; lsn=0/7E10ACC0, redo lsn=0/7E10AC68
2024-07-31 20:55:32.757 CEST [2029050] LOG:  received fast shutdown request
2024-07-31 20:55:32.758 CEST [2029050] LOG:  aborting any active transactions
2024-07-31 20:55:32.758 CEST [2029050] LOG:  background worker "logical replication launcher" (PID 2029056) exited with exit code 1
2024-07-31 20:55:32.761 CEST [2029051] LOG:  shutting down
2024-07-31 20:55:32.761 CEST [2029051] LOG:  checkpoint starting: shutdown immediate
2024-07-31 20:55:32.768 CEST [2029051] LOG:  checkpoint complete: wrote 53 buffers (0.0%); 0 WAL file(s) added, 0 removed, 0 recycled; write=0.005 s, sync=0.002 s, total=0.008 s; sync files=12, longest=0.001 s, average=0.001 s; distance=294 kB, estimate=478592 kB; lsn=0/7E154558, redo lsn=0/7E154558
2024-07-31 20:55:32.984 CEST [2029050] LOG:  database system is shut down
