2024-07-31 12:23:47.213 CEST [3896403] LOG:  starting PostgreSQL 18devel on x86_64-pc-linux-gnu, compiled by gcc (Debian 12.2.0-14) 12.2.0, 64-bit
2024-07-31 12:23:47.213 CEST [3896403] LOG:  listening on IPv6 address "::1", port 5432
2024-07-31 12:23:47.213 CEST [3896403] LOG:  listening on IPv4 address "127.0.0.1", port 5432
2024-07-31 12:23:47.215 CEST [3896403] LOG:  listening on Unix socket "/tmp/.s.PGSQL.5432"
2024-07-31 12:23:47.217 CEST [3896406] LOG:  database system was shut down at 2024-07-31 12:23:45 CEST
2024-07-31 12:23:47.220 CEST [3896403] LOG:  database system is ready to accept connections
2024-07-31 12:23:56.385 CEST [3896404] LOG:  checkpoints are occurring too frequently (9 seconds apart)
2024-07-31 12:23:56.385 CEST [3896404] HINT:  Consider increasing the configuration parameter "max_wal_size".
2024-07-31 12:23:56.436 CEST [3896404] LOG:  checkpoint starting: wal
2024-07-31 12:24:04.767 CEST [3896404] LOG:  checkpoint complete: wrote 31758 buffers (12.1%); 0 WAL file(s) added, 1 removed, 33 recycled; write=7.876 s, sync=0.374 s, total=8.383 s; sync files=309, longest=0.164 s, average=0.002 s; distance=552020 kB, estimate=552020 kB; lsn=0/41745658, redo lsn=0/23000638
2024-07-31 12:24:05.392 CEST [3896404] LOG:  checkpoints are occurring too frequently (9 seconds apart)
2024-07-31 12:24:05.392 CEST [3896404] HINT:  Consider increasing the configuration parameter "max_wal_size".
2024-07-31 12:24:05.394 CEST [3896404] LOG:  checkpoint starting: wal
2024-07-31 12:24:14.870 CEST [3896404] LOG:  checkpoint complete: wrote 30866 buffers (11.8%); 0 WAL file(s) added, 1 removed, 32 recycled; write=8.574 s, sync=0.793 s, total=9.478 s; sync files=5, longest=0.635 s, average=0.159 s; distance=548838 kB, estimate=551702 kB; lsn=0/63F61110, redo lsn=0/447FA090
2024-07-31 12:24:15.056 CEST [3896404] LOG:  checkpoints are occurring too frequently (10 seconds apart)
2024-07-31 12:24:15.056 CEST [3896404] HINT:  Consider increasing the configuration parameter "max_wal_size".
2024-07-31 12:24:15.058 CEST [3896404] LOG:  checkpoint starting: wal
2024-07-31 12:24:24.175 CEST [3896404] LOG:  checkpoint complete: wrote 25947 buffers (9.9%); 0 WAL file(s) added, 0 removed, 33 recycled; write=8.471 s, sync=0.607 s, total=9.120 s; sync files=386, longest=0.351 s, average=0.002 s; distance=541616 kB, estimate=550693 kB; lsn=0/7937EC70, redo lsn=0/658E61A0
2024-07-31 12:24:24.176 CEST [3896404] LOG:  checkpoint starting: immediate force wait
2024-07-31 12:24:24.786 CEST [3896404] LOG:  checkpoint complete: wrote 44982 buffers (17.2%); 0 WAL file(s) added, 0 removed, 20 recycled; write=0.355 s, sync=0.223 s, total=0.611 s; sync files=154, longest=0.171 s, average=0.002 s; distance=322146 kB, estimate=527838 kB; lsn=0/7937ED40, redo lsn=0/7937ECE8
2024-07-31 12:25:34.952 CEST [3896403] LOG:  received fast shutdown request
2024-07-31 12:25:34.952 CEST [3896403] LOG:  aborting any active transactions
2024-07-31 12:25:34.953 CEST [3896403] LOG:  background worker "logical replication launcher" (PID 3896409) exited with exit code 1
2024-07-31 12:25:34.957 CEST [3896404] LOG:  shutting down
2024-07-31 12:25:34.957 CEST [3896404] LOG:  checkpoint starting: shutdown immediate
2024-07-31 12:25:34.964 CEST [3896404] LOG:  checkpoint complete: wrote 53 buffers (0.0%); 0 WAL file(s) added, 0 removed, 0 recycled; write=0.005 s, sync=0.002 s, total=0.008 s; sync files=12, longest=0.001 s, average=0.001 s; distance=260 kB, estimate=475081 kB; lsn=0/793BFEF8, redo lsn=0/793BFEF8
2024-07-31 12:25:35.285 CEST [3896403] LOG:  database system is shut down
