2024-07-31 13:44:08.391 BST [23471] LOG:  starting PostgreSQL 18devel on armv8l-unknown-linux-gnueabihf, compiled by gcc (Raspbian 12.2.0-14+rpi1) 12.2.0, 32-bit
2024-07-31 13:44:08.391 BST [23471] LOG:  listening on IPv6 address "::1", port 5432
2024-07-31 13:44:08.391 BST [23471] LOG:  listening on IPv4 address "127.0.0.1", port 5432
2024-07-31 13:44:08.407 BST [23471] LOG:  listening on Unix socket "/tmp/.s.PGSQL.5432"
2024-07-31 13:44:08.411 BST [23474] LOG:  database system was shut down at 2024-07-31 13:44:05 BST
2024-07-31 13:44:08.418 BST [23471] LOG:  database system is ready to accept connections
2024-07-31 13:44:22.085 BST [23472] LOG:  checkpoints are occurring too frequently (14 seconds apart)
2024-07-31 13:44:22.085 BST [23472] HINT:  Consider increasing the configuration parameter "max_wal_size".
2024-07-31 13:44:22.085 BST [23472] LOG:  checkpoint starting: wal
2024-07-31 13:45:13.785 BST [23472] LOG:  checkpoint complete: wrote 60435 buffers (46.1%); 0 WAL file(s) added, 0 removed, 33 recycled; write=49.724 s, sync=1.774 s, total=51.700 s; sync files=787, longest=0.126 s, average=0.003 s; distance=537502 kB, estimate=537502 kB; lsn=0/40CC1910, redo lsn=0/221CD788
2024-07-31 13:45:17.424 BST [23472] LOG:  checkpoint starting: wal
2024-07-31 13:45:20.598 BST [23472] LOG:  checkpoint complete: wrote 28 buffers (0.0%); 0 WAL file(s) added, 0 removed, 33 recycled; write=2.735 s, sync=0.295 s, total=3.174 s; sync files=30, longest=0.024 s, average=0.010 s; distance=539514 kB, estimate=539514 kB; lsn=0/448AF900, redo lsn=0/430AC250
2024-07-31 13:45:32.300 BST [23472] LOG:  checkpoints are occurring too frequently (15 seconds apart)
2024-07-31 13:45:32.300 BST [23472] HINT:  Consider increasing the configuration parameter "max_wal_size".
2024-07-31 13:45:32.300 BST [23472] LOG:  checkpoint starting: wal
2024-07-31 13:45:38.117 BST [23472] LOG:  checkpoint complete: wrote 45 buffers (0.0%); 0 WAL file(s) added, 0 removed, 33 recycled; write=4.480 s, sync=1.186 s, total=5.818 s; sync files=40, longest=1.091 s, average=0.030 s; distance=541076 kB, estimate=541076 kB; lsn=0/682EF980, redo lsn=0/64111428
2024-07-31 13:46:08.500 BST [23753] LOG:  skipping vacuum of "t" --- lock not available
2024-07-31 13:46:24.720 BST [23472] LOG:  checkpoint starting: wal
2024-07-31 13:46:37.092 BST [23472] LOG:  checkpoint complete: wrote 125 buffers (0.1%); 0 WAL file(s) added, 0 removed, 33 recycled; write=10.021 s, sync=2.232 s, total=12.372 s; sync files=876, longest=1.006 s, average=0.003 s; distance=540265 kB, estimate=540995 kB; lsn=0/8983F648, redo lsn=0/850ABA50
2024-07-31 13:46:37.092 BST [23472] LOG:  checkpoint starting: immediate force wait
2024-07-31 13:46:37.915 BST [23472] LOG:  checkpoint complete: wrote 8166 buffers (6.2%); 0 WAL file(s) added, 0 removed, 4 recycled; write=0.086 s, sync=0.686 s, total=0.823 s; sync files=449, longest=0.095 s, average=0.002 s; distance=73295 kB, estimate=494225 kB; lsn=0/8983F718, redo lsn=0/8983F6C0
2024-07-31 13:47:50.750 BST [23471] LOG:  received fast shutdown request
2024-07-31 13:47:50.759 BST [23471] LOG:  aborting any active transactions
2024-07-31 13:47:50.761 BST [23471] LOG:  background worker "logical replication launcher" (PID 23477) exited with exit code 1
2024-07-31 13:47:50.762 BST [23472] LOG:  shutting down
2024-07-31 13:47:50.764 BST [23472] LOG:  checkpoint starting: shutdown immediate
2024-07-31 13:47:50.792 BST [23472] LOG:  checkpoint complete: wrote 96 buffers (0.1%); 0 WAL file(s) added, 0 removed, 0 recycled; write=0.010 s, sync=0.014 s, total=0.030 s; sync files=10, longest=0.004 s, average=0.002 s; distance=354 kB, estimate=444838 kB; lsn=0/89898150, redo lsn=0/89898150
2024-07-31 13:47:51.014 BST [23471] LOG:  database system is shut down
