2024-08-01 02:44:21.836 CEST [2503873] LOG:  starting PostgreSQL 18devel on x86_64-pc-linux-gnu, compiled by gcc (Debian 12.2.0-14) 12.2.0, 64-bit
2024-08-01 02:44:21.836 CEST [2503873] LOG:  listening on IPv6 address "::1", port 5432
2024-08-01 02:44:21.836 CEST [2503873] LOG:  listening on IPv4 address "127.0.0.1", port 5432
2024-08-01 02:44:21.838 CEST [2503873] LOG:  listening on Unix socket "/tmp/.s.PGSQL.5432"
2024-08-01 02:44:21.841 CEST [2503876] LOG:  database system was shut down at 2024-08-01 02:44:20 CEST
2024-08-01 02:44:21.845 CEST [2503873] LOG:  database system is ready to accept connections
2024-08-01 02:44:31.644 CEST [2503874] LOG:  checkpoints are occurring too frequently (10 seconds apart)
2024-08-01 02:44:31.644 CEST [2503874] HINT:  Consider increasing the configuration parameter "max_wal_size".
2024-08-01 02:44:31.667 CEST [2503874] LOG:  checkpoint starting: wal
2024-08-01 02:44:39.562 CEST [2503874] LOG:  checkpoint complete: wrote 55684 buffers (21.2%); 0 WAL file(s) added, 2 removed, 32 recycled; write=7.242 s, sync=0.566 s, total=7.919 s; sync files=707, longest=0.373 s, average=0.001 s; distance=552021 kB, estimate=552021 kB; lsn=0/42790998, redo lsn=0/23000AD0
2024-08-01 02:44:39.956 CEST [2503874] LOG:  checkpoints are occurring too frequently (8 seconds apart)
2024-08-01 02:44:39.956 CEST [2503874] HINT:  Consider increasing the configuration parameter "max_wal_size".
2024-08-01 02:44:39.956 CEST [2503874] LOG:  checkpoint starting: wal
2024-08-01 02:44:46.840 CEST [2503874] LOG:  checkpoint complete: wrote 62177 buffers (23.7%); 0 WAL file(s) added, 2 removed, 31 recycled; write=6.358 s, sync=0.423 s, total=6.884 s; sync files=4, longest=0.202 s, average=0.106 s; distance=553170 kB, estimate=553170 kB; lsn=0/640007B0, redo lsn=0/44C353A8
2024-08-01 02:44:47.170 CEST [2503874] LOG:  checkpoints are occurring too frequently (8 seconds apart)
2024-08-01 02:44:47.170 CEST [2503874] HINT:  Consider increasing the configuration parameter "max_wal_size".
2024-08-01 02:44:47.170 CEST [2503874] LOG:  checkpoint starting: wal
2024-08-01 02:44:54.104 CEST [2503874] LOG:  checkpoint complete: wrote 61166 buffers (23.3%); 0 WAL file(s) added, 2 removed, 32 recycled; write=6.397 s, sync=0.434 s, total=6.935 s; sync files=4, longest=0.412 s, average=0.109 s; distance=544570 kB, estimate=552310 kB; lsn=0/850021D0, redo lsn=0/66003F40
2024-08-01 02:44:54.465 CEST [2503874] LOG:  checkpoints are occurring too frequently (7 seconds apart)
2024-08-01 02:44:54.465 CEST [2503874] HINT:  Consider increasing the configuration parameter "max_wal_size".
2024-08-01 02:44:54.466 CEST [2503874] LOG:  checkpoint starting: wal
2024-08-01 02:45:01.213 CEST [2503874] LOG:  checkpoint complete: wrote 60789 buffers (23.2%); 0 WAL file(s) added, 1 removed, 32 recycled; write=6.215 s, sync=0.445 s, total=6.748 s; sync files=4, longest=0.336 s, average=0.112 s; distance=541188 kB, estimate=551198 kB; lsn=0/A69E5DC8, redo lsn=0/87084F98
2024-08-01 02:45:01.601 CEST [2503874] LOG:  checkpoints are occurring too frequently (7 seconds apart)
2024-08-01 02:45:01.601 CEST [2503874] HINT:  Consider increasing the configuration parameter "max_wal_size".
2024-08-01 02:45:01.621 CEST [2503874] LOG:  checkpoint starting: wal
2024-08-01 02:45:08.203 CEST [2503874] LOG:  checkpoint complete: wrote 62472 buffers (23.8%); 0 WAL file(s) added, 2 removed, 32 recycled; write=6.008 s, sync=0.460 s, total=6.603 s; sync files=4, longest=0.425 s, average=0.115 s; distance=556524 kB, estimate=556524 kB; lsn=0/C8001800, redo lsn=0/A9000030
2024-08-01 02:45:08.600 CEST [2503874] LOG:  checkpoints are occurring too frequently (7 seconds apart)
2024-08-01 02:45:08.600 CEST [2503874] HINT:  Consider increasing the configuration parameter "max_wal_size".
2024-08-01 02:45:08.600 CEST [2503874] LOG:  checkpoint starting: wal
2024-08-01 02:45:15.267 CEST [2503874] LOG:  checkpoint complete: wrote 60925 buffers (23.2%); 0 WAL file(s) added, 1 removed, 32 recycled; write=6.123 s, sync=0.441 s, total=6.668 s; sync files=3, longest=0.421 s, average=0.147 s; distance=542320 kB, estimate=555103 kB; lsn=0/E9D78388, redo lsn=0/CA19C088
2024-08-01 02:45:15.450 CEST [2503874] LOG:  checkpoints are occurring too frequently (7 seconds apart)
2024-08-01 02:45:15.450 CEST [2503874] HINT:  Consider increasing the configuration parameter "max_wal_size".
2024-08-01 02:45:15.451 CEST [2503874] LOG:  checkpoint starting: wal
2024-08-01 02:45:21.949 CEST [2503874] LOG:  checkpoint complete: wrote 60683 buffers (23.1%); 0 WAL file(s) added, 1 removed, 32 recycled; write=5.997 s, sync=0.402 s, total=6.500 s; sync files=4, longest=0.375 s, average=0.101 s; distance=540295 kB, estimate=553622 kB; lsn=1/A3E09B0, redo lsn=0/EB13E070
2024-08-01 02:45:22.440 CEST [2503874] LOG:  checkpoints are occurring too frequently (7 seconds apart)
2024-08-01 02:45:22.440 CEST [2503874] HINT:  Consider increasing the configuration parameter "max_wal_size".
2024-08-01 02:45:22.440 CEST [2503874] LOG:  checkpoint starting: wal
2024-08-01 02:45:29.024 CEST [2503874] LOG:  checkpoint complete: wrote 62177 buffers (23.7%); 0 WAL file(s) added, 2 removed, 31 recycled; write=6.089 s, sync=0.409 s, total=6.584 s; sync files=3, longest=0.397 s, average=0.137 s; distance=553536 kB, estimate=553614 kB; lsn=1/2C001450, redo lsn=1/CDCE2B8
2024-08-01 02:45:29.210 CEST [2503874] LOG:  checkpoints are occurring too frequently (7 seconds apart)
2024-08-01 02:45:29.210 CEST [2503874] HINT:  Consider increasing the configuration parameter "max_wal_size".
2024-08-01 02:45:29.211 CEST [2503874] LOG:  checkpoint starting: wal
2024-08-01 02:45:41.397 CEST [2503874] LOG:  checkpoint complete: wrote 58880 buffers (22.5%); 0 WAL file(s) added, 0 removed, 33 recycled; write=12.037 s, sync=0.101 s, total=12.188 s; sync files=9, longest=0.061 s, average=0.012 s; distance=530451 kB, estimate=551298 kB; lsn=1/4B6529A0, redo lsn=1/2D3D2F78
2024-08-01 02:45:44.612 CEST [2503874] LOG:  checkpoints are occurring too frequently (15 seconds apart)
2024-08-01 02:45:44.612 CEST [2503874] HINT:  Consider increasing the configuration parameter "max_wal_size".
2024-08-01 02:45:44.612 CEST [2503874] LOG:  checkpoint starting: wal
2024-08-01 02:46:13.749 CEST [2503874] LOG:  checkpoint complete: wrote 244763 buffers (93.4%); 0 WAL file(s) added, 2 removed, 31 recycled; write=28.464 s, sync=0.580 s, total=29.138 s; sync files=32, longest=0.084 s, average=0.019 s; distance=542404 kB, estimate=550408 kB; lsn=1/6E41C270, redo lsn=1/4E5842C8
2024-08-01 02:46:13.939 CEST [2503874] LOG:  checkpoints are occurring too frequently (29 seconds apart)
2024-08-01 02:46:13.939 CEST [2503874] HINT:  Consider increasing the configuration parameter "max_wal_size".
2024-08-01 02:46:13.939 CEST [2503874] LOG:  checkpoint starting: wal
2024-08-01 02:46:20.007 CEST [2503874] LOG:  checkpoint complete: wrote 60 buffers (0.0%); 0 WAL file(s) added, 0 removed, 33 recycled; write=5.916 s, sync=0.114 s, total=6.069 s; sync files=28, longest=0.061 s, average=0.005 s; distance=543069 kB, estimate=549674 kB; lsn=1/733C1E28, redo lsn=1/6F7DB798
2024-08-01 02:46:21.899 CEST [2503966] LOG:  skipping vacuum of "t" --- lock not available
2024-08-01 02:46:46.727 CEST [2503874] LOG:  checkpoint starting: wal
2024-08-01 02:47:17.474 CEST [2503874] LOG:  checkpoint complete: wrote 755 buffers (0.3%); 0 WAL file(s) added, 1 removed, 33 recycled; write=30.082 s, sync=0.617 s, total=30.748 s; sync files=342, longest=0.096 s, average=0.002 s; distance=549110 kB, estimate=549618 kB; lsn=1/AF3340C0, redo lsn=1/91019120
2024-08-01 02:47:20.661 CEST [2503874] LOG:  checkpoint starting: wal
2024-08-01 02:47:21.918 CEST [2503985] LOG:  skipping vacuum of "t" --- lock not available
2024-08-01 02:47:26.381 CEST [2503874] LOG:  checkpoint complete: wrote 57 buffers (0.0%); 0 WAL file(s) added, 0 removed, 33 recycled; write=5.614 s, sync=0.064 s, total=5.721 s; sync files=25, longest=0.061 s, average=0.003 s; distance=545419 kB, estimate=549198 kB; lsn=1/B6B03C70, redo lsn=1/B24BC0E8
2024-08-01 02:47:55.195 CEST [2503874] LOG:  checkpoint starting: wal
2024-08-01 02:48:01.898 CEST [2503874] LOG:  checkpoint complete: wrote 62 buffers (0.0%); 0 WAL file(s) added, 0 removed, 33 recycled; write=6.125 s, sync=0.546 s, total=6.703 s; sync files=30, longest=0.076 s, average=0.019 s; distance=549052 kB, estimate=549183 kB; lsn=1/D85B6810, redo lsn=1/D3CEB128
2024-08-01 02:48:21.937 CEST [2504005] LOG:  skipping vacuum of "t" --- lock not available
2024-08-01 02:48:30.516 CEST [2503874] LOG:  checkpoint starting: wal
2024-08-01 02:48:32.922 CEST [2503874] LOG:  checkpoint complete: wrote 20 buffers (0.0%); 0 WAL file(s) added, 0 removed, 34 recycled; write=1.909 s, sync=0.459 s, total=2.430 s; sync files=25, longest=0.071 s, average=0.019 s; distance=543943 kB, estimate=548659 kB; lsn=1/F64924F8, redo lsn=1/F501CDC8
2024-08-01 02:49:06.664 CEST [2503874] LOG:  checkpoint starting: wal
2024-08-01 02:49:09.025 CEST [2503874] LOG:  checkpoint complete: wrote 19 buffers (0.0%); 0 WAL file(s) added, 0 removed, 33 recycled; write=1.809 s, sync=0.518 s, total=2.364 s; sync files=26, longest=0.085 s, average=0.020 s; distance=541752 kB, estimate=547969 kB; lsn=2/17F45BF8, redo lsn=2/1612AF78
2024-08-01 02:49:21.955 CEST [2504023] LOG:  skipping vacuum of "t" --- lock not available
2024-08-01 02:49:43.620 CEST [2503874] LOG:  checkpoint starting: wal
2024-08-01 02:49:45.716 CEST [2503874] LOG:  checkpoint complete: wrote 17 buffers (0.0%); 0 WAL file(s) added, 0 removed, 33 recycled; write=1.608 s, sync=0.458 s, total=2.098 s; sync files=26, longest=0.073 s, average=0.018 s; distance=540400 kB, estimate=547212 kB; lsn=2/399F16E8, redo lsn=2/370E7320
2024-08-01 02:50:21.722 CEST [2503874] LOG:  checkpoint starting: wal
2024-08-01 02:50:21.975 CEST [2504041] LOG:  skipping vacuum of "t" --- lock not available
2024-08-01 02:50:23.731 CEST [2503874] LOG:  checkpoint complete: wrote 16 buffers (0.0%); 0 WAL file(s) added, 0 removed, 33 recycled; write=1.508 s, sync=0.467 s, total=2.009 s; sync files=25, longest=0.076 s, average=0.019 s; distance=548086 kB, estimate=548086 kB; lsn=2/5B49CA78, redo lsn=2/58824B90
2024-08-01 02:50:57.103 CEST [2503874] LOG:  checkpoint starting: wal
2024-08-01 02:50:59.310 CEST [2503874] LOG:  checkpoint complete: wrote 18 buffers (0.0%); 0 WAL file(s) added, 0 removed, 33 recycled; write=1.709 s, sync=0.455 s, total=2.208 s; sync files=23, longest=0.077 s, average=0.020 s; distance=535794 kB, estimate=546856 kB; lsn=2/79372218, redo lsn=2/793613D8
2024-08-01 02:51:21.991 CEST [2504071] LOG:  skipping vacuum of "t" --- lock not available
2024-08-01 02:51:36.971 CEST [2503874] LOG:  checkpoint starting: wal
2024-08-01 02:51:38.694 CEST [2503874] LOG:  checkpoint complete: wrote 14 buffers (0.0%); 0 WAL file(s) added, 0 removed, 33 recycled; write=1.308 s, sync=0.382 s, total=1.725 s; sync files=24, longest=0.069 s, average=0.016 s; distance=545868 kB, estimate=546758 kB; lsn=2/9AE1F708, redo lsn=2/9A874468
2024-08-01 02:52:17.554 CEST [2503874] LOG:  checkpoint starting: wal
2024-08-01 02:52:19.531 CEST [2503874] LOG:  checkpoint complete: wrote 14 buffers (0.0%); 0 WAL file(s) added, 0 removed, 33 recycled; write=1.335 s, sync=0.588 s, total=1.978 s; sync files=24, longest=0.161 s, average=0.025 s; distance=540627 kB, estimate=546145 kB; lsn=2/CB014A70, redo lsn=2/BB869370
2024-08-01 02:52:21.267 CEST [2503874] LOG:  checkpoints are occurring too frequently (4 seconds apart)
2024-08-01 02:52:21.267 CEST [2503874] HINT:  Consider increasing the configuration parameter "max_wal_size".
2024-08-01 02:52:21.267 CEST [2503874] LOG:  checkpoint starting: wal
2024-08-01 02:52:22.011 CEST [2504089] LOG:  skipping vacuum of "t" --- lock not available
2024-08-01 02:52:23.345 CEST [2503874] LOG:  checkpoint complete: wrote 21 buffers (0.0%); 0 WAL file(s) added, 0 removed, 33 recycled; write=2.009 s, sync=0.003 s, total=2.078 s; sync files=12, longest=0.002 s, average=0.001 s; distance=543791 kB, estimate=545909 kB; lsn=2/F14BEF98, redo lsn=2/DCB74FA8
2024-08-01 02:52:24.548 CEST [2503874] LOG:  checkpoints are occurring too frequently (3 seconds apart)
2024-08-01 02:52:24.548 CEST [2503874] HINT:  Consider increasing the configuration parameter "max_wal_size".
2024-08-01 02:52:24.548 CEST [2503874] LOG:  checkpoint starting: wal
2024-08-01 02:52:25.623 CEST [2503874] LOG:  checkpoint complete: wrote 11 buffers (0.0%); 0 WAL file(s) added, 0 removed, 34 recycled; write=1.007 s, sync=0.002 s, total=1.076 s; sync files=6, longest=0.001 s, average=0.001 s; distance=545556 kB, estimate=545874 kB; lsn=3/864B3B8, redo lsn=2/FE03A048
2024-08-01 02:52:28.043 CEST [2503874] LOG:  checkpoints are occurring too frequently (4 seconds apart)
2024-08-01 02:52:28.043 CEST [2503874] HINT:  Consider increasing the configuration parameter "max_wal_size".
2024-08-01 02:52:28.043 CEST [2503874] LOG:  checkpoint starting: wal
2024-08-01 02:52:28.246 CEST [2503874] LOG:  checkpoint complete: wrote 0 buffers (0.0%); 0 WAL file(s) added, 0 removed, 34 recycled; write=0.009 s, sync=0.001 s, total=0.204 s; sync files=0, longest=0.000 s, average=0.000 s; distance=556873 kB, estimate=556873 kB; lsn=3/2055BDD8, redo lsn=3/2000C670
2024-08-01 02:52:31.946 CEST [2503874] LOG:  checkpoints are occurring too frequently (3 seconds apart)
2024-08-01 02:52:31.946 CEST [2503874] HINT:  Consider increasing the configuration parameter "max_wal_size".
2024-08-01 02:52:31.947 CEST [2503874] LOG:  checkpoint starting: wal
2024-08-01 02:52:32.002 CEST [2503874] LOG:  checkpoint complete: wrote 0 buffers (0.0%); 0 WAL file(s) added, 0 removed, 33 recycled; write=0.004 s, sync=0.001 s, total=0.056 s; sync files=0, longest=0.000 s, average=0.000 s; distance=548222 kB, estimate=556008 kB; lsn=3/41A13D38, redo lsn=3/4176C148
2024-08-01 02:52:35.206 CEST [2503874] LOG:  checkpoints are occurring too frequently (4 seconds apart)
2024-08-01 02:52:35.206 CEST [2503874] HINT:  Consider increasing the configuration parameter "max_wal_size".
2024-08-01 02:52:35.206 CEST [2503874] LOG:  checkpoint starting: wal
2024-08-01 02:52:35.276 CEST [2503874] LOG:  checkpoint complete: wrote 0 buffers (0.0%); 0 WAL file(s) added, 0 removed, 34 recycled; write=0.004 s, sync=0.001 s, total=0.071 s; sync files=0, longest=0.000 s, average=0.000 s; distance=549458 kB, estimate=555353 kB; lsn=3/6326AA70, redo lsn=3/63000B18
2024-08-01 02:52:38.620 CEST [2503874] LOG:  checkpoints are occurring too frequently (3 seconds apart)
2024-08-01 02:52:38.620 CEST [2503874] HINT:  Consider increasing the configuration parameter "max_wal_size".
2024-08-01 02:52:38.620 CEST [2503874] LOG:  checkpoint starting: wal
2024-08-01 02:52:38.681 CEST [2503874] LOG:  checkpoint complete: wrote 0 buffers (0.0%); 0 WAL file(s) added, 0 removed, 34 recycled; write=0.008 s, sync=0.001 s, total=0.062 s; sync files=0, longest=0.000 s, average=0.000 s; distance=557120 kB, estimate=557120 kB; lsn=3/850CA490, redo lsn=3/85010DF0
2024-08-01 02:52:42.551 CEST [2503874] LOG:  checkpoints are occurring too frequently (4 seconds apart)
2024-08-01 02:52:42.551 CEST [2503874] HINT:  Consider increasing the configuration parameter "max_wal_size".
2024-08-01 02:52:42.551 CEST [2503874] LOG:  checkpoint starting: wal
2024-08-01 02:52:42.619 CEST [2503874] LOG:  checkpoint complete: wrote 0 buffers (0.0%); 0 WAL file(s) added, 0 removed, 34 recycled; write=0.004 s, sync=0.001 s, total=0.068 s; sync files=0, longest=0.000 s, average=0.000 s; distance=557120 kB, estimate=557120 kB; lsn=3/A728B020, redo lsn=3/A70210C8
2024-08-01 02:52:48.290 CEST [2503874] LOG:  checkpoints are occurring too frequently (6 seconds apart)
2024-08-01 02:52:48.290 CEST [2503874] HINT:  Consider increasing the configuration parameter "max_wal_size".
2024-08-01 02:52:48.291 CEST [2503874] LOG:  checkpoint starting: wal
2024-08-01 02:52:49.298 CEST [2503874] LOG:  checkpoint complete: wrote 8 buffers (0.0%); 0 WAL file(s) added, 0 removed, 33 recycled; write=0.819 s, sync=0.144 s, total=1.008 s; sync files=5, longest=0.086 s, average=0.029 s; distance=540935 kB, estimate=555502 kB; lsn=3/CE9479E8, redo lsn=3/C8062F08
2024-08-01 02:53:16.854 CEST [2503874] LOG:  checkpoints are occurring too frequently (28 seconds apart)
2024-08-01 02:53:16.854 CEST [2503874] HINT:  Consider increasing the configuration parameter "max_wal_size".
2024-08-01 02:53:16.854 CEST [2503874] LOG:  checkpoint starting: wal
2024-08-01 02:53:17.962 CEST [2503874] LOG:  checkpoint complete: wrote 5 buffers (0.0%); 0 WAL file(s) added, 0 removed, 33 recycled; write=0.505 s, sync=0.572 s, total=1.109 s; sync files=12, longest=0.128 s, average=0.048 s; distance=543212 kB, estimate=554273 kB; lsn=3/EC8188E8, redo lsn=3/E92DE0A8
2024-08-01 02:53:22.030 CEST [2504104] LOG:  skipping vacuum of "t" --- lock not available
2024-08-01 02:53:46.858 CEST [2503874] LOG:  checkpoint starting: wal
2024-08-01 02:53:48.133 CEST [2503874] LOG:  checkpoint complete: wrote 9 buffers (0.0%); 0 WAL file(s) added, 0 removed, 33 recycled; write=0.911 s, sync=0.333 s, total=1.276 s; sync files=15, longest=0.069 s, average=0.023 s; distance=544749 kB, estimate=553320 kB; lsn=4/A6D9740, redo lsn=4/A6D95D8
2024-08-01 02:54:20.162 CEST [2503874] LOG:  checkpoint starting: wal
2024-08-01 02:54:21.569 CEST [2503874] LOG:  checkpoint complete: wrote 9 buffers (0.0%); 0 WAL file(s) added, 0 removed, 34 recycled; write=0.906 s, sync=0.457 s, total=1.408 s; sync files=15, longest=0.072 s, average=0.031 s; distance=550211 kB, estimate=553009 kB; lsn=4/2C180968, redo lsn=4/2C02A520
2024-08-01 02:54:22.049 CEST [2504124] LOG:  skipping vacuum of "t" --- lock not available
2024-08-01 02:54:54.484 CEST [2503874] LOG:  checkpoint starting: wal
2024-08-01 02:54:55.934 CEST [2503874] LOG:  checkpoint complete: wrote 9 buffers (0.0%); 0 WAL file(s) added, 0 removed, 33 recycled; write=0.906 s, sync=0.508 s, total=1.452 s; sync files=15, longest=0.071 s, average=0.034 s; distance=547821 kB, estimate=552491 kB; lsn=4/4DC217B0, redo lsn=4/4D725B90
2024-08-01 02:55:22.067 CEST [2504146] LOG:  skipping vacuum of "t" --- lock not available
2024-08-01 02:55:29.756 CEST [2503874] LOG:  checkpoint starting: wal
2024-08-01 02:55:31.490 CEST [2503874] LOG:  checkpoint complete: wrote 12 buffers (0.0%); 0 WAL file(s) added, 0 removed, 33 recycled; write=1.207 s, sync=0.496 s, total=1.735 s; sync files=15, longest=0.068 s, average=0.034 s; distance=546506 kB, estimate=551892 kB; lsn=4/6F6C30D0, redo lsn=4/6ECD85B0
2024-08-01 02:56:05.814 CEST [2503874] LOG:  checkpoint starting: wal
2024-08-01 02:56:07.381 CEST [2503874] LOG:  checkpoint complete: wrote 10 buffers (0.0%); 0 WAL file(s) added, 0 removed, 33 recycled; write=1.009 s, sync=0.526 s, total=1.568 s; sync files=15, longest=0.085 s, average=0.036 s; distance=537505 kB, estimate=550453 kB; lsn=4/91164F18, redo lsn=4/8F9C0D28
2024-08-01 02:56:22.086 CEST [2504164] LOG:  skipping vacuum of "t" --- lock not available
2024-08-01 02:56:42.827 CEST [2503874] LOG:  checkpoint starting: wal
2024-08-01 02:56:44.498 CEST [2503874] LOG:  checkpoint complete: wrote 12 buffers (0.0%); 0 WAL file(s) added, 0 removed, 33 recycled; write=1.206 s, sync=0.432 s, total=1.671 s; sync files=16, longest=0.069 s, average=0.027 s; distance=541899 kB, estimate=549598 kB; lsn=4/B2C05AE0, redo lsn=4/B0AF3AF8
2024-08-01 02:57:20.678 CEST [2503874] LOG:  checkpoint starting: wal
2024-08-01 02:57:21.835 CEST [2503874] LOG:  checkpoint complete: wrote 6 buffers (0.0%); 0 WAL file(s) added, 0 removed, 33 recycled; write=0.628 s, sync=0.496 s, total=1.157 s; sync files=14, longest=0.085 s, average=0.036 s; distance=538601 kB, estimate=548498 kB; lsn=4/D46A6C70, redo lsn=4/D18EE040
2024-08-01 02:57:22.105 CEST [2504183] LOG:  skipping vacuum of "t" --- lock not available
2024-08-01 02:57:55.854 CEST [2503874] LOG:  checkpoint starting: wal
2024-08-01 02:57:56.958 CEST [2503874] LOG:  checkpoint complete: wrote 6 buffers (0.0%); 0 WAL file(s) added, 0 removed, 33 recycled; write=0.605 s, sync=0.465 s, total=1.106 s; sync files=14, longest=0.073 s, average=0.034 s; distance=533309 kB, estimate=546979 kB; lsn=4/F2570548, redo lsn=4/F21BD5E0
2024-08-01 02:58:22.125 CEST [2504199] LOG:  skipping vacuum of "t" --- lock not available
2024-08-01 02:58:35.572 CEST [2503874] LOG:  checkpoint starting: wal
2024-08-01 02:58:36.607 CEST [2503874] LOG:  checkpoint complete: wrote 6 buffers (0.0%); 0 WAL file(s) added, 0 removed, 33 recycled; write=0.620 s, sync=0.385 s, total=1.036 s; sync files=15, longest=0.070 s, average=0.026 s; distance=546508 kB, estimate=546932 kB; lsn=5/14012940, redo lsn=5/137707E0
2024-08-01 02:59:16.070 CEST [2503874] LOG:  checkpoint starting: wal
2024-08-01 02:59:17.266 CEST [2503874] LOG:  checkpoint complete: wrote 7 buffers (0.0%); 0 WAL file(s) added, 0 removed, 34 recycled; write=0.707 s, sync=0.458 s, total=1.197 s; sync files=15, longest=0.096 s, average=0.031 s; distance=549586 kB, estimate=549586 kB; lsn=5/35AB3DB8, redo lsn=5/35025358
2024-08-01 02:59:22.145 CEST [2504219] LOG:  skipping vacuum of "t" --- lock not available
2024-08-01 02:59:41.594 CEST [2503874] LOG:  checkpoint starting: immediate force wait
2024-08-01 02:59:42.858 CEST [2503874] LOG:  checkpoint complete: wrote 12305 buffers (4.7%); 0 WAL file(s) added, 0 removed, 21 recycled; write=0.115 s, sync=1.111 s, total=1.264 s; sync files=780, longest=0.602 s, average=0.002 s; distance=355326 kB, estimate=530160 kB; lsn=5/4AB24C30, redo lsn=5/4AB24BD8
2024-08-01 03:00:56.417 CEST [2503873] LOG:  received fast shutdown request
2024-08-01 03:00:56.418 CEST [2503873] LOG:  aborting any active transactions
2024-08-01 03:00:56.419 CEST [2503873] LOG:  background worker "logical replication launcher" (PID 2503879) exited with exit code 1
2024-08-01 03:00:56.421 CEST [2503874] LOG:  shutting down
2024-08-01 03:00:56.423 CEST [2503874] LOG:  checkpoint starting: shutdown immediate
2024-08-01 03:00:56.433 CEST [2503874] LOG:  checkpoint complete: wrote 65 buffers (0.0%); 0 WAL file(s) added, 0 removed, 0 recycled; write=0.004 s, sync=0.003 s, total=0.012 s; sync files=5, longest=0.003 s, average=0.001 s; distance=202 kB, estimate=477164 kB; lsn=5/4AB57448, redo lsn=5/4AB57448
2024-08-01 03:00:56.834 CEST [2503873] LOG:  database system is shut down
