2024-08-01 09:27:29.655 CEST [768091] LOG:  starting PostgreSQL 18devel on x86_64-pc-linux-gnu, compiled by gcc (Debian 12.2.0-14) 12.2.0, 64-bit
2024-08-01 09:27:29.656 CEST [768091] LOG:  listening on IPv6 address "::1", port 5432
2024-08-01 09:27:29.656 CEST [768091] LOG:  listening on IPv4 address "127.0.0.1", port 5432
2024-08-01 09:27:29.674 CEST [768091] LOG:  listening on Unix socket "/tmp/.s.PGSQL.5432"
2024-08-01 09:27:29.676 CEST [768094] LOG:  database system was shut down at 2024-08-01 09:27:28 CEST
2024-08-01 09:27:29.679 CEST [768091] LOG:  database system is ready to accept connections
2024-08-01 09:27:38.619 CEST [768092] LOG:  checkpoints are occurring too frequently (9 seconds apart)
2024-08-01 09:27:38.619 CEST [768092] HINT:  Consider increasing the configuration parameter "max_wal_size".
2024-08-01 09:27:38.635 CEST [768092] LOG:  checkpoint starting: wal
2024-08-01 09:27:46.531 CEST [768092] LOG:  checkpoint complete: wrote 31743 buffers (12.1%); 0 WAL file(s) added, 1 removed, 33 recycled; write=7.585 s, sync=0.230 s, total=7.912 s; sync files=309, longest=0.071 s, average=0.001 s; distance=552021 kB, estimate=552021 kB; lsn=0/416E0A88, redo lsn=0/230009F8
2024-08-01 09:27:47.152 CEST [768092] LOG:  checkpoints are occurring too frequently (9 seconds apart)
2024-08-01 09:27:47.152 CEST [768092] HINT:  Consider increasing the configuration parameter "max_wal_size".
2024-08-01 09:27:47.153 CEST [768092] LOG:  checkpoint starting: wal
2024-08-01 09:27:55.772 CEST [768092] LOG:  checkpoint complete: wrote 31013 buffers (11.8%); 0 WAL file(s) added, 2 removed, 31 recycled; write=8.066 s, sync=0.424 s, total=8.621 s; sync files=5, longest=0.321 s, average=0.085 s; distance=551134 kB, estimate=551932 kB; lsn=0/640DE318, redo lsn=0/44A38350
2024-08-01 09:27:55.963 CEST [768092] LOG:  checkpoints are occurring too frequently (8 seconds apart)
2024-08-01 09:27:55.963 CEST [768092] HINT:  Consider increasing the configuration parameter "max_wal_size".
2024-08-01 09:27:55.965 CEST [768092] LOG:  checkpoint starting: wal
2024-08-01 09:28:04.736 CEST [768092] LOG:  checkpoint complete: wrote 26086 buffers (10.0%); 0 WAL file(s) added, 0 removed, 33 recycled; write=8.330 s, sync=0.416 s, total=8.774 s; sync files=386, longest=0.231 s, average=0.002 s; distance=536488 kB, estimate=550388 kB; lsn=0/7937B990, redo lsn=0/65622638
2024-08-01 09:28:04.737 CEST [768092] LOG:  checkpoint starting: immediate force wait
2024-08-01 09:28:05.268 CEST [768092] LOG:  checkpoint complete: wrote 44982 buffers (17.2%); 0 WAL file(s) added, 0 removed, 20 recycled; write=0.362 s, sync=0.143 s, total=0.532 s; sync files=154, longest=0.103 s, average=0.001 s; distance=324964 kB, estimate=527845 kB; lsn=0/7937BA60, redo lsn=0/7937BA08
2024-08-01 09:29:15.444 CEST [768091] LOG:  received fast shutdown request
2024-08-01 09:29:15.445 CEST [768091] LOG:  aborting any active transactions
2024-08-01 09:29:15.449 CEST [768091] LOG:  background worker "logical replication launcher" (PID 768097) exited with exit code 1
2024-08-01 09:29:15.459 CEST [768092] LOG:  shutting down
2024-08-01 09:29:15.459 CEST [768092] LOG:  checkpoint starting: shutdown immediate
2024-08-01 09:29:15.466 CEST [768092] LOG:  checkpoint complete: wrote 53 buffers (0.0%); 0 WAL file(s) added, 0 removed, 0 recycled; write=0.005 s, sync=0.002 s, total=0.008 s; sync files=12, longest=0.001 s, average=0.001 s; distance=260 kB, estimate=475087 kB; lsn=0/793BCC20, redo lsn=0/793BCC20
2024-08-01 09:29:15.763 CEST [768091] LOG:  database system is shut down
