2024-07-31 12:12:13.991 CEST [3845526] LOG:  starting PostgreSQL 18devel on x86_64-pc-linux-gnu, compiled by gcc (Debian 12.2.0-14) 12.2.0, 64-bit
2024-07-31 12:12:13.991 CEST [3845526] LOG:  listening on IPv6 address "::1", port 5432
2024-07-31 12:12:13.991 CEST [3845526] LOG:  listening on IPv4 address "127.0.0.1", port 5432
2024-07-31 12:12:13.992 CEST [3845526] LOG:  listening on Unix socket "/tmp/.s.PGSQL.5432"
2024-07-31 12:12:13.994 CEST [3845529] LOG:  database system was shut down at 2024-07-31 12:12:12 CEST
2024-07-31 12:12:13.998 CEST [3845526] LOG:  database system is ready to accept connections
2024-07-31 12:12:23.006 CEST [3845527] LOG:  checkpoints are occurring too frequently (10 seconds apart)
2024-07-31 12:12:23.006 CEST [3845527] HINT:  Consider increasing the configuration parameter "max_wal_size".
2024-07-31 12:12:23.022 CEST [3845527] LOG:  checkpoint starting: wal
2024-07-31 12:12:30.999 CEST [3845527] LOG:  checkpoint complete: wrote 31743 buffers (12.1%); 0 WAL file(s) added, 1 removed, 33 recycled; write=7.698 s, sync=0.212 s, total=7.993 s; sync files=309, longest=0.063 s, average=0.001 s; distance=552023 kB, estimate=552023 kB; lsn=0/416E2970, redo lsn=0/230010F8
2024-07-31 12:12:31.628 CEST [3845527] LOG:  checkpoints are occurring too frequently (8 seconds apart)
2024-07-31 12:12:31.628 CEST [3845527] HINT:  Consider increasing the configuration parameter "max_wal_size".
2024-07-31 12:12:31.629 CEST [3845527] LOG:  checkpoint starting: wal
2024-07-31 12:12:40.503 CEST [3845527] LOG:  checkpoint complete: wrote 30937 buffers (11.8%); 0 WAL file(s) added, 2 removed, 31 recycled; write=8.372 s, sync=0.413 s, total=8.875 s; sync files=5, longest=0.310 s, average=0.083 s; distance=549787 kB, estimate=551799 kB; lsn=0/6419F328, redo lsn=0/448E8088
2024-07-31 12:12:40.698 CEST [3845527] LOG:  checkpoints are occurring too frequently (9 seconds apart)
2024-07-31 12:12:40.698 CEST [3845527] HINT:  Consider increasing the configuration parameter "max_wal_size".
2024-07-31 12:12:40.700 CEST [3845527] LOG:  checkpoint starting: wal
2024-07-31 12:12:49.404 CEST [3845527] LOG:  checkpoint complete: wrote 25935 buffers (9.9%); 0 WAL file(s) added, 0 removed, 33 recycled; write=8.279 s, sync=0.399 s, total=8.706 s; sync files=386, longest=0.222 s, average=0.002 s; distance=537836 kB, estimate=550403 kB; lsn=0/7937C778, redo lsn=0/656233F0
2024-07-31 12:12:49.404 CEST [3845527] LOG:  checkpoint starting: immediate force wait
2024-07-31 12:12:49.853 CEST [3845527] LOG:  checkpoint complete: wrote 44982 buffers (17.2%); 0 WAL file(s) added, 0 removed, 20 recycled; write=0.365 s, sync=0.059 s, total=0.449 s; sync files=154, longest=0.017 s, average=0.001 s; distance=324965 kB, estimate=527859 kB; lsn=0/7937C848, redo lsn=0/7937C7F0
2024-07-31 12:14:00.022 CEST [3845526] LOG:  received fast shutdown request
2024-07-31 12:14:00.023 CEST [3845526] LOG:  aborting any active transactions
2024-07-31 12:14:00.024 CEST [3845526] LOG:  background worker "logical replication launcher" (PID 3845532) exited with exit code 1
2024-07-31 12:14:00.039 CEST [3845527] LOG:  shutting down
2024-07-31 12:14:00.039 CEST [3845527] LOG:  checkpoint starting: shutdown immediate
2024-07-31 12:14:00.046 CEST [3845527] LOG:  checkpoint complete: wrote 53 buffers (0.0%); 0 WAL file(s) added, 0 removed, 0 recycled; write=0.005 s, sync=0.002 s, total=0.008 s; sync files=12, longest=0.001 s, average=0.001 s; distance=260 kB, estimate=475099 kB; lsn=0/793BD9D0, redo lsn=0/793BD9D0
2024-07-31 12:14:00.353 CEST [3845526] LOG:  database system is shut down
