2024-07-30 14:35:41.078 CEST [2128985] LOG:  starting PostgreSQL 18devel on x86_64-pc-linux-gnu, compiled by gcc (Debian 12.2.0-14) 12.2.0, 64-bit
2024-07-30 14:35:41.078 CEST [2128985] LOG:  listening on IPv6 address "::1", port 5432
2024-07-30 14:35:41.078 CEST [2128985] LOG:  listening on IPv4 address "127.0.0.1", port 5432
2024-07-30 14:35:41.093 CEST [2128985] LOG:  listening on Unix socket "/tmp/.s.PGSQL.5432"
2024-07-30 14:35:41.095 CEST [2128988] LOG:  database system was shut down at 2024-07-30 14:35:40 CEST
2024-07-30 14:35:41.099 CEST [2128985] LOG:  database system is ready to accept connections
2024-07-30 14:35:52.209 CEST [2128986] LOG:  checkpoints are occurring too frequently (11 seconds apart)
2024-07-30 14:35:52.209 CEST [2128986] HINT:  Consider increasing the configuration parameter "max_wal_size".
2024-07-30 14:35:52.209 CEST [2128986] LOG:  checkpoint starting: wal
2024-07-30 14:36:04.429 CEST [2128986] LOG:  checkpoint complete: wrote 6830 buffers (2.6%); 0 WAL file(s) added, 4 removed, 29 recycled; write=10.297 s, sync=1.836 s, total=12.221 s; sync files=802, longest=0.019 s, average=0.003 s; distance=537539 kB, estimate=537539 kB; lsn=0/44CE6908, redo lsn=0/221DC058
2024-07-30 14:36:04.429 CEST [2128986] LOG:  checkpoints are occurring too frequently (12 seconds apart)
2024-07-30 14:36:04.429 CEST [2128986] HINT:  Consider increasing the configuration parameter "max_wal_size".
2024-07-30 14:36:04.430 CEST [2128986] LOG:  checkpoint starting: wal
2024-07-30 14:36:10.087 CEST [2128986] LOG:  checkpoint complete: wrote 51 buffers (0.0%); 0 WAL file(s) added, 0 removed, 34 recycled; write=5.024 s, sync=0.601 s, total=5.658 s; sync files=191, longest=0.016 s, average=0.004 s; distance=570116 kB, estimate=570116 kB; lsn=0/567F38C8, redo lsn=0/44E9D2F0
2024-07-30 14:36:14.764 CEST [2128986] LOG:  checkpoints are occurring too frequently (10 seconds apart)
2024-07-30 14:36:14.764 CEST [2128986] HINT:  Consider increasing the configuration parameter "max_wal_size".
2024-07-30 14:36:14.764 CEST [2128986] LOG:  checkpoint starting: wal
2024-07-30 14:36:20.548 CEST [2128986] LOG:  checkpoint complete: wrote 49 buffers (0.0%); 0 WAL file(s) added, 0 removed, 33 recycled; write=4.817 s, sync=0.915 s, total=5.784 s; sync files=278, longest=0.015 s, average=0.004 s; distance=526428 kB, estimate=565747 kB; lsn=0/773C1CA0, redo lsn=0/650B4430
2024-07-30 14:36:23.128 CEST [2128986] LOG:  checkpoint starting: immediate force wait
2024-07-30 14:36:23.429 CEST [2128986] LOG:  checkpoint complete: wrote 188 buffers (0.1%); 0 WAL file(s) added, 0 removed, 25 recycled; write=0.006 s, sync=0.260 s, total=0.302 s; sync files=108, longest=0.005 s, average=0.003 s; distance=409953 kB, estimate=550168 kB; lsn=0/7E10C930, redo lsn=0/7E10C8D8
2024-07-30 14:37:33.678 CEST [2128985] LOG:  received fast shutdown request
2024-07-30 14:37:33.679 CEST [2128985] LOG:  aborting any active transactions
2024-07-30 14:37:33.680 CEST [2128985] LOG:  background worker "logical replication launcher" (PID 2128991) exited with exit code 1
2024-07-30 14:37:33.681 CEST [2128986] LOG:  shutting down
2024-07-30 14:37:33.682 CEST [2128986] LOG:  checkpoint starting: shutdown immediate
2024-07-30 14:37:33.691 CEST [2128986] LOG:  checkpoint complete: wrote 53 buffers (0.0%); 0 WAL file(s) added, 0 removed, 0 recycled; write=0.005 s, sync=0.004 s, total=0.010 s; sync files=12, longest=0.001 s, average=0.001 s; distance=294 kB, estimate=495180 kB; lsn=0/7E1561C8, redo lsn=0/7E1561C8
2024-07-30 14:37:33.861 CEST [2128985] LOG:  database system is shut down
