2024-07-31 20:50:48.979 CEST [2015358] LOG:  starting PostgreSQL 18devel on x86_64-pc-linux-gnu, compiled by gcc (Debian 12.2.0-14) 12.2.0, 64-bit
2024-07-31 20:50:48.980 CEST [2015358] LOG:  listening on IPv6 address "::1", port 5432
2024-07-31 20:50:48.980 CEST [2015358] LOG:  listening on IPv4 address "127.0.0.1", port 5432
2024-07-31 20:50:48.981 CEST [2015358] LOG:  listening on Unix socket "/tmp/.s.PGSQL.5432"
2024-07-31 20:50:48.984 CEST [2015361] LOG:  database system was shut down at 2024-07-31 20:50:47 CEST
2024-07-31 20:50:48.987 CEST [2015358] LOG:  database system is ready to accept connections
2024-07-31 20:51:00.675 CEST [2015359] LOG:  checkpoints are occurring too frequently (12 seconds apart)
2024-07-31 20:51:00.675 CEST [2015359] HINT:  Consider increasing the configuration parameter "max_wal_size".
2024-07-31 20:51:00.675 CEST [2015359] LOG:  checkpoint starting: wal
2024-07-31 20:51:13.383 CEST [2015359] LOG:  checkpoint complete: wrote 6830 buffers (2.6%); 0 WAL file(s) added, 3 removed, 30 recycled; write=11.292 s, sync=1.356 s, total=12.708 s; sync files=804, longest=0.020 s, average=0.002 s; distance=537539 kB, estimate=537539 kB; lsn=0/43756758, redo lsn=0/221DC058
2024-07-31 20:51:13.384 CEST [2015359] LOG:  checkpoints are occurring too frequently (13 seconds apart)
2024-07-31 20:51:13.384 CEST [2015359] HINT:  Consider increasing the configuration parameter "max_wal_size".
2024-07-31 20:51:13.384 CEST [2015359] LOG:  checkpoint starting: wal
2024-07-31 20:51:18.669 CEST [2015359] LOG:  checkpoint complete: wrote 50 buffers (0.0%); 0 WAL file(s) added, 0 removed, 33 recycled; write=4.921 s, sync=0.325 s, total=5.286 s; sync files=160, longest=0.004 s, average=0.003 s; distance=546283 kB, estimate=546283 kB; lsn=0/5240FFB8, redo lsn=0/43756D58
2024-07-31 20:51:25.122 CEST [2015359] LOG:  checkpoints are occurring too frequently (12 seconds apart)
2024-07-31 20:51:25.122 CEST [2015359] HINT:  Consider increasing the configuration parameter "max_wal_size".
2024-07-31 20:51:25.122 CEST [2015359] LOG:  checkpoint starting: wal
2024-07-31 20:51:30.738 CEST [2015359] LOG:  checkpoint complete: wrote 50 buffers (0.0%); 0 WAL file(s) added, 0 removed, 33 recycled; write=4.923 s, sync=0.655 s, total=5.616 s; sync files=288, longest=0.010 s, average=0.003 s; distance=534371 kB, estimate=545092 kB; lsn=0/74152140, redo lsn=0/6412FCD0
2024-07-31 20:51:34.626 CEST [2015359] LOG:  checkpoint starting: immediate force wait
2024-07-31 20:51:34.888 CEST [2015359] LOG:  checkpoint complete: wrote 188 buffers (0.1%); 0 WAL file(s) added, 0 removed, 26 recycled; write=0.008 s, sync=0.227 s, total=0.262 s; sync files=128, longest=0.006 s, average=0.002 s; distance=425836 kB, estimate=533166 kB; lsn=0/7E10AFE0, redo lsn=0/7E10AF88
2024-07-31 20:52:45.109 CEST [2015358] LOG:  received fast shutdown request
2024-07-31 20:52:45.109 CEST [2015358] LOG:  aborting any active transactions
2024-07-31 20:52:45.110 CEST [2015358] LOG:  background worker "logical replication launcher" (PID 2015364) exited with exit code 1
2024-07-31 20:52:45.112 CEST [2015359] LOG:  shutting down
2024-07-31 20:52:45.113 CEST [2015359] LOG:  checkpoint starting: shutdown immediate
2024-07-31 20:52:45.120 CEST [2015359] LOG:  checkpoint complete: wrote 53 buffers (0.0%); 0 WAL file(s) added, 0 removed, 0 recycled; write=0.005 s, sync=0.002 s, total=0.008 s; sync files=12, longest=0.001 s, average=0.001 s; distance=294 kB, estimate=479879 kB; lsn=0/7E154878, redo lsn=0/7E154878
2024-07-31 20:52:45.337 CEST [2015358] LOG:  database system is shut down
