2024-07-31 19:22:16.253 CEST [1900269] LOG:  starting PostgreSQL 18devel on x86_64-pc-linux-gnu, compiled by gcc (Debian 12.2.0-14) 12.2.0, 64-bit
2024-07-31 19:22:16.253 CEST [1900269] LOG:  listening on IPv6 address "::1", port 5432
2024-07-31 19:22:16.253 CEST [1900269] LOG:  listening on IPv4 address "127.0.0.1", port 5432
2024-07-31 19:22:16.254 CEST [1900269] LOG:  listening on Unix socket "/tmp/.s.PGSQL.5432"
2024-07-31 19:22:16.256 CEST [1900272] LOG:  database system was shut down at 2024-07-31 19:22:14 CEST
2024-07-31 19:22:16.260 CEST [1900269] LOG:  database system is ready to accept connections
2024-07-31 19:22:24.669 CEST [1900270] LOG:  checkpoints are occurring too frequently (8 seconds apart)
2024-07-31 19:22:24.669 CEST [1900270] HINT:  Consider increasing the configuration parameter "max_wal_size".
2024-07-31 19:22:24.670 CEST [1900270] LOG:  checkpoint starting: wal
2024-07-31 19:22:32.256 CEST [1900270] LOG:  checkpoint complete: wrote 39803 buffers (15.2%); 0 WAL file(s) added, 1 removed, 32 recycled; write=7.198 s, sync=0.318 s, total=7.587 s; sync files=345, longest=0.208 s, average=0.001 s; distance=541944 kB, estimate=541944 kB; lsn=0/4109BC50, redo lsn=0/22629790
2024-07-31 19:22:32.798 CEST [1900270] LOG:  checkpoints are occurring too frequently (8 seconds apart)
2024-07-31 19:22:32.798 CEST [1900270] HINT:  Consider increasing the configuration parameter "max_wal_size".
2024-07-31 19:22:32.822 CEST [1900270] LOG:  checkpoint starting: wal
2024-07-31 19:22:39.444 CEST [1900270] LOG:  checkpoint complete: wrote 39970 buffers (15.2%); 0 WAL file(s) added, 1 removed, 33 recycled; write=6.411 s, sync=0.122 s, total=6.646 s; sync files=3, longest=0.117 s, average=0.041 s; distance=550747 kB, estimate=550747 kB; lsn=0/6233D0B8, redo lsn=0/440004B8
2024-07-31 19:22:40.091 CEST [1900270] LOG:  checkpoints are occurring too frequently (8 seconds apart)
2024-07-31 19:22:40.091 CEST [1900270] HINT:  Consider increasing the configuration parameter "max_wal_size".
2024-07-31 19:22:40.093 CEST [1900270] LOG:  checkpoint starting: wal
2024-07-31 19:23:08.144 CEST [1900270] LOG:  checkpoint complete: wrote 39708 buffers (15.1%); 0 WAL file(s) added, 2 removed, 31 recycled; write=27.222 s, sync=0.763 s, total=28.053 s; sync files=13, longest=0.128 s, average=0.059 s; distance=547159 kB, estimate=550388 kB; lsn=0/855FD7F8, redo lsn=0/656561B0
2024-07-31 19:23:10.927 CEST [1900270] LOG:  checkpoint starting: wal
2024-07-31 19:23:18.979 CEST [1900270] LOG:  checkpoint complete: wrote 67044 buffers (25.6%); 0 WAL file(s) added, 2 removed, 31 recycled; write=7.350 s, sync=0.637 s, total=8.052 s; sync files=21, longest=0.452 s, average=0.031 s; distance=543498 kB, estimate=549699 kB; lsn=0/A61DD1A8, redo lsn=0/86918CA0
2024-07-31 19:23:19.172 CEST [1900270] LOG:  checkpoints are occurring too frequently (9 seconds apart)
2024-07-31 19:23:19.172 CEST [1900270] HINT:  Consider increasing the configuration parameter "max_wal_size".
2024-07-31 19:23:19.172 CEST [1900270] LOG:  checkpoint starting: wal
2024-07-31 19:23:22.098 CEST [1900270] LOG:  checkpoint complete: wrote 27 buffers (0.0%); 0 WAL file(s) added, 0 removed, 33 recycled; write=2.612 s, sync=0.281 s, total=2.927 s; sync files=20, longest=0.225 s, average=0.015 s; distance=547609 kB, estimate=549490 kB; lsn=0/BB1A25E8, redo lsn=0/A7FDF408
2024-07-31 19:23:28.096 CEST [1900270] LOG:  checkpoints are occurring too frequently (9 seconds apart)
2024-07-31 19:23:28.096 CEST [1900270] HINT:  Consider increasing the configuration parameter "max_wal_size".
2024-07-31 19:23:28.098 CEST [1900270] LOG:  checkpoint starting: wal
2024-07-31 19:23:29.162 CEST [1900270] LOG:  checkpoint complete: wrote 8 buffers (0.0%); 0 WAL file(s) added, 0 removed, 33 recycled; write=0.808 s, sync=0.227 s, total=1.067 s; sync files=8, longest=0.224 s, average=0.029 s; distance=530182 kB, estimate=547559 kB; lsn=0/CAF476C8, redo lsn=0/C85A0DA8
2024-07-31 19:23:58.877 CEST [1900270] LOG:  checkpoint starting: wal
2024-07-31 19:24:03.495 CEST [1900270] LOG:  checkpoint complete: wrote 49 buffers (0.0%); 0 WAL file(s) added, 0 removed, 33 recycled; write=2.991 s, sync=1.603 s, total=4.618 s; sync files=427, longest=0.863 s, average=0.004 s; distance=542157 kB, estimate=547019 kB; lsn=0/EDB88260, redo lsn=0/E97143C8
2024-07-31 19:24:03.495 CEST [1900270] LOG:  checkpoint starting: immediate force wait
2024-07-31 19:24:03.573 CEST [1900270] LOG:  checkpoint complete: wrote 1910 buffers (0.7%); 0 WAL file(s) added, 0 removed, 4 recycled; write=0.022 s, sync=0.041 s, total=0.079 s; sync files=181, longest=0.001 s, average=0.001 s; distance=70095 kB, estimate=499327 kB; lsn=0/EDB88330, redo lsn=0/EDB882D8
2024-07-31 19:25:13.730 CEST [1900269] LOG:  received fast shutdown request
2024-07-31 19:25:13.731 CEST [1900269] LOG:  aborting any active transactions
2024-07-31 19:25:13.732 CEST [1900269] LOG:  background worker "logical replication launcher" (PID 1900275) exited with exit code 1
2024-07-31 19:25:13.753 CEST [1900270] LOG:  shutting down
2024-07-31 19:25:13.754 CEST [1900270] LOG:  checkpoint starting: shutdown immediate
2024-07-31 19:25:13.761 CEST [1900270] LOG:  checkpoint complete: wrote 73 buffers (0.0%); 0 WAL file(s) added, 0 removed, 0 recycled; write=0.005 s, sync=0.002 s, total=0.008 s; sync files=10, longest=0.001 s, average=0.001 s; distance=248 kB, estimate=449419 kB; lsn=0/EDBC6670, redo lsn=0/EDBC6670
2024-07-31 19:25:14.084 CEST [1900269] LOG:  database system is shut down
