2024-07-31 01:04:48.134 BST [1724723] LOG:  starting PostgreSQL 18devel on aarch64-unknown-linux-gnu, compiled by gcc (Debian 12.2.0-14) 12.2.0, 64-bit
2024-07-31 01:04:48.134 BST [1724723] LOG:  listening on IPv6 address "::1", port 5432
2024-07-31 01:04:48.134 BST [1724723] LOG:  listening on IPv4 address "127.0.0.1", port 5432
2024-07-31 01:04:48.148 BST [1724723] LOG:  listening on Unix socket "/tmp/.s.PGSQL.5432"
2024-07-31 01:04:48.155 BST [1724726] LOG:  database system was shut down at 2024-07-31 01:04:46 BST
2024-07-31 01:04:48.162 BST [1724723] LOG:  database system is ready to accept connections
2024-07-31 01:04:59.301 BST [1724724] LOG:  checkpoints are occurring too frequently (11 seconds apart)
2024-07-31 01:04:59.301 BST [1724724] HINT:  Consider increasing the configuration parameter "max_wal_size".
2024-07-31 01:04:59.301 BST [1724724] LOG:  checkpoint starting: wal
2024-07-31 01:05:46.558 BST [1724724] LOG:  checkpoint complete: wrote 60435 buffers (46.1%); 0 WAL file(s) added, 0 removed, 33 recycled; write=45.642 s, sync=1.420 s, total=47.258 s; sync files=787, longest=0.064 s, average=0.002 s; distance=537505 kB, estimate=537505 kB; lsn=0/40CC2A78, redo lsn=0/221CE928
2024-07-31 01:05:49.938 BST [1724724] LOG:  checkpoint starting: wal
2024-07-31 01:05:53.180 BST [1724724] LOG:  checkpoint complete: wrote 29 buffers (0.0%); 0 WAL file(s) added, 0 removed, 33 recycled; write=2.822 s, sync=0.287 s, total=3.243 s; sync files=30, longest=0.036 s, average=0.010 s; distance=539514 kB, estimate=539514 kB; lsn=0/44EAD278, redo lsn=0/430AD408
2024-07-31 01:06:03.018 BST [1724724] LOG:  checkpoints are occurring too frequently (14 seconds apart)
2024-07-31 01:06:03.018 BST [1724724] HINT:  Consider increasing the configuration parameter "max_wal_size".
2024-07-31 01:06:03.018 BST [1724724] LOG:  checkpoint starting: wal
2024-07-31 01:06:08.923 BST [1724724] LOG:  checkpoint complete: wrote 45 buffers (0.0%); 0 WAL file(s) added, 0 removed, 33 recycled; write=4.453 s, sync=1.287 s, total=5.905 s; sync files=40, longest=1.073 s, average=0.033 s; distance=541076 kB, estimate=541076 kB; lsn=0/682F0E40, redo lsn=0/641125C0
2024-07-31 01:06:48.204 BST [1724941] LOG:  skipping vacuum of "t" --- lock not available
2024-07-31 01:06:51.269 BST [1724724] LOG:  checkpoint starting: wal
2024-07-31 01:07:03.574 BST [1724724] LOG:  checkpoint complete: wrote 125 buffers (0.1%); 0 WAL file(s) added, 0 removed, 33 recycled; write=9.060 s, sync=3.126 s, total=12.306 s; sync files=875, longest=0.984 s, average=0.004 s; distance=540265 kB, estimate=540995 kB; lsn=0/89840390, redo lsn=0/850ACAD8
2024-07-31 01:07:03.574 BST [1724724] LOG:  checkpoint starting: immediate force wait
2024-07-31 01:07:03.833 BST [1724724] LOG:  checkpoint complete: wrote 8165 buffers (6.2%); 0 WAL file(s) added, 0 removed, 4 recycled; write=0.054 s, sync=0.167 s, total=0.260 s; sync files=449, longest=0.123 s, average=0.001 s; distance=73294 kB, estimate=494225 kB; lsn=0/89840460, redo lsn=0/89840408
2024-07-31 01:08:19.309 BST [1724723] LOG:  received fast shutdown request
2024-07-31 01:08:19.312 BST [1724723] LOG:  aborting any active transactions
2024-07-31 01:08:19.312 BST [1724723] LOG:  background worker "logical replication launcher" (PID 1724729) exited with exit code 1
2024-07-31 01:08:19.313 BST [1724724] LOG:  shutting down
2024-07-31 01:08:19.316 BST [1724724] LOG:  checkpoint starting: shutdown immediate
2024-07-31 01:08:19.338 BST [1724724] LOG:  checkpoint complete: wrote 96 buffers (0.1%); 0 WAL file(s) added, 0 removed, 0 recycled; write=0.008 s, sync=0.004 s, total=0.025 s; sync files=10, longest=0.004 s, average=0.001 s; distance=356 kB, estimate=444838 kB; lsn=0/898995A8, redo lsn=0/898995A8
2024-07-31 01:08:19.404 BST [1724723] LOG:  database system is shut down
