2024-07-30 20:24:21.002 CEST [64394] LOG:  starting PostgreSQL 18devel on x86_64-pc-linux-gnu, compiled by gcc (Debian 12.2.0-14) 12.2.0, 64-bit
2024-07-30 20:24:21.003 CEST [64394] LOG:  listening on IPv6 address "::1", port 5432
2024-07-30 20:24:21.003 CEST [64394] LOG:  listening on IPv4 address "127.0.0.1", port 5432
2024-07-30 20:24:21.004 CEST [64394] LOG:  listening on Unix socket "/tmp/.s.PGSQL.5432"
2024-07-30 20:24:21.006 CEST [64397] LOG:  database system was shut down at 2024-07-30 20:24:19 CEST
2024-07-30 20:24:21.009 CEST [64394] LOG:  database system is ready to accept connections
2024-07-30 20:24:29.474 CEST [64395] LOG:  checkpoints are occurring too frequently (8 seconds apart)
2024-07-30 20:24:29.474 CEST [64395] HINT:  Consider increasing the configuration parameter "max_wal_size".
2024-07-30 20:24:29.474 CEST [64395] LOG:  checkpoint starting: wal
2024-07-30 20:24:37.025 CEST [64395] LOG:  checkpoint complete: wrote 55683 buffers (21.2%); 0 WAL file(s) added, 2 removed, 31 recycled; write=6.782 s, sync=0.697 s, total=7.551 s; sync files=707, longest=0.451 s, average=0.001 s; distance=551871 kB, estimate=551871 kB; lsn=0/42AA95A0, redo lsn=0/22FDB2D8
2024-07-30 20:24:37.190 CEST [64395] LOG:  checkpoints are occurring too frequently (8 seconds apart)
2024-07-30 20:24:37.190 CEST [64395] HINT:  Consider increasing the configuration parameter "max_wal_size".
2024-07-30 20:24:37.190 CEST [64395] LOG:  checkpoint starting: wal
2024-07-30 20:24:43.513 CEST [64395] LOG:  checkpoint complete: wrote 60759 buffers (23.2%); 0 WAL file(s) added, 2 removed, 32 recycled; write=5.852 s, sync=0.380 s, total=6.323 s; sync files=4, longest=0.221 s, average=0.095 s; distance=540842 kB, estimate=550768 kB; lsn=0/630016D0, redo lsn=0/44005ED0
2024-07-30 20:24:43.936 CEST [64395] LOG:  checkpoints are occurring too frequently (6 seconds apart)
2024-07-30 20:24:43.936 CEST [64395] HINT:  Consider increasing the configuration parameter "max_wal_size".
2024-07-30 20:24:43.938 CEST [64395] LOG:  checkpoint starting: wal
2024-07-30 20:24:50.322 CEST [64395] LOG:  checkpoint complete: wrote 61149 buffers (23.3%); 0 WAL file(s) added, 1 removed, 32 recycled; write=5.967 s, sync=0.348 s, total=6.386 s; sync files=4, longest=0.347 s, average=0.087 s; distance=544216 kB, estimate=550113 kB; lsn=0/840000A8, redo lsn=0/6537C088
2024-07-30 20:24:50.724 CEST [64395] LOG:  checkpoints are occurring too frequently (7 seconds apart)
2024-07-30 20:24:50.724 CEST [64395] HINT:  Consider increasing the configuration parameter "max_wal_size".
2024-07-30 20:24:50.726 CEST [64395] LOG:  checkpoint starting: wal
2024-07-30 20:24:56.918 CEST [64395] LOG:  checkpoint complete: wrote 60738 buffers (23.2%); 0 WAL file(s) added, 1 removed, 32 recycled; write=5.751 s, sync=0.361 s, total=6.194 s; sync files=4, longest=0.280 s, average=0.091 s; distance=540720 kB, estimate=549174 kB; lsn=0/A51F9958, redo lsn=0/863880C8
2024-07-30 20:24:57.347 CEST [64395] LOG:  checkpoints are occurring too frequently (7 seconds apart)
2024-07-30 20:24:57.347 CEST [64395] HINT:  Consider increasing the configuration parameter "max_wal_size".
2024-07-30 20:24:57.348 CEST [64395] LOG:  checkpoint starting: wal
2024-07-30 20:25:03.442 CEST [64395] LOG:  checkpoint complete: wrote 61268 buffers (23.4%); 0 WAL file(s) added, 1 removed, 32 recycled; write=5.632 s, sync=0.388 s, total=6.096 s; sync files=4, longest=0.375 s, average=0.097 s; distance=545896 kB, estimate=548846 kB; lsn=0/C67F8150, redo lsn=0/A78A21E0
2024-07-30 20:25:03.800 CEST [64395] LOG:  checkpoints are occurring too frequently (6 seconds apart)
2024-07-30 20:25:03.800 CEST [64395] HINT:  Consider increasing the configuration parameter "max_wal_size".
2024-07-30 20:25:03.800 CEST [64395] LOG:  checkpoint starting: wal
2024-07-30 20:25:09.891 CEST [64395] LOG:  checkpoint complete: wrote 61587 buffers (23.5%); 0 WAL file(s) added, 1 removed, 33 recycled; write=5.628 s, sync=0.383 s, total=6.091 s; sync files=3, longest=0.380 s, average=0.128 s; distance=548247 kB, estimate=548786 kB; lsn=0/E7A95FF8, redo lsn=0/C9007E30
2024-07-30 20:25:10.316 CEST [64395] LOG:  checkpoints are occurring too frequently (7 seconds apart)
2024-07-30 20:25:10.316 CEST [64395] HINT:  Consider increasing the configuration parameter "max_wal_size".
2024-07-30 20:25:10.318 CEST [64395] LOG:  checkpoint starting: wal
2024-07-30 20:25:16.368 CEST [64395] LOG:  checkpoint complete: wrote 61363 buffers (23.4%); 0 WAL file(s) added, 0 removed, 33 recycled; write=5.657 s, sync=0.340 s, total=6.052 s; sync files=4, longest=0.323 s, average=0.085 s; distance=546256 kB, estimate=548533 kB; lsn=1/8B66770, redo lsn=0/EA57C158
2024-07-30 20:25:16.787 CEST [64395] LOG:  checkpoints are occurring too frequently (6 seconds apart)
2024-07-30 20:25:16.787 CEST [64395] HINT:  Consider increasing the configuration parameter "max_wal_size".
2024-07-30 20:25:16.789 CEST [64395] LOG:  checkpoint starting: wal
2024-07-30 20:25:23.271 CEST [64395] LOG:  checkpoint complete: wrote 60623 buffers (23.1%); 0 WAL file(s) added, 1 removed, 32 recycled; write=5.799 s, sync=0.613 s, total=6.484 s; sync files=3, longest=0.610 s, average=0.205 s; distance=539639 kB, estimate=547644 kB; lsn=1/2A000988, redo lsn=1/B47A090
2024-07-30 20:25:23.663 CEST [64395] LOG:  checkpoints are occurring too frequently (7 seconds apart)
2024-07-30 20:25:23.663 CEST [64395] HINT:  Consider increasing the configuration parameter "max_wal_size".
2024-07-30 20:25:23.665 CEST [64395] LOG:  checkpoint starting: wal
2024-07-30 20:25:40.660 CEST [64395] LOG:  checkpoint complete: wrote 61044 buffers (23.3%); 0 WAL file(s) added, 3 removed, 30 recycled; write=12.912 s, sync=4.047 s, total=16.997 s; sync files=9, longest=1.543 s, average=0.450 s; distance=543935 kB, estimate=547273 kB; lsn=1/4DCF0620, redo lsn=1/2C7AA068
2024-07-30 20:25:40.660 CEST [64395] LOG:  checkpoints are occurring too frequently (17 seconds apart)
2024-07-30 20:25:40.660 CEST [64395] HINT:  Consider increasing the configuration parameter "max_wal_size".
2024-07-30 20:25:43.431 CEST [64395] LOG:  checkpoints are occurring too frequently (3 seconds apart)
2024-07-30 20:25:43.431 CEST [64395] HINT:  Consider increasing the configuration parameter "max_wal_size".
2024-07-30 20:25:43.431 CEST [64395] LOG:  checkpoint starting: wal
2024-07-30 20:26:16.649 CEST [64395] LOG:  checkpoint complete: wrote 245925 buffers (93.8%); 0 WAL file(s) added, 4 removed, 30 recycled; write=32.181 s, sync=0.951 s, total=33.219 s; sync files=32, longest=0.134 s, average=0.030 s; distance=563638 kB, estimate=563638 kB; lsn=1/6F0C2860, redo lsn=1/4EE17B20
2024-07-30 20:26:16.650 CEST [64395] LOG:  checkpoint starting: wal
2024-07-30 20:26:21.092 CEST [64436] LOG:  skipping vacuum of "t" --- lock not available
2024-07-30 20:26:22.808 CEST [64395] LOG:  checkpoint complete: wrote 60 buffers (0.0%); 0 WAL file(s) added, 0 removed, 33 recycled; write=5.920 s, sync=0.209 s, total=6.159 s; sync files=202, longest=0.106 s, average=0.002 s; distance=528118 kB, estimate=560086 kB; lsn=1/7355B2F8, redo lsn=1/6F1D53B8
2024-07-30 20:26:54.192 CEST [64395] LOG:  checkpoint starting: wal
2024-07-30 20:27:21.111 CEST [64454] LOG:  skipping vacuum of "t" --- lock not available
2024-07-30 20:27:29.194 CEST [64395] LOG:  checkpoint complete: wrote 755 buffers (0.3%); 0 WAL file(s) added, 1 removed, 32 recycled; write=34.198 s, sync=0.775 s, total=35.005 s; sync files=258, longest=0.120 s, average=0.004 s; distance=546716 kB, estimate=558749 kB; lsn=1/AF342830, redo lsn=1/907BC578
2024-07-30 20:27:32.660 CEST [64395] LOG:  checkpoint starting: wal
2024-07-30 20:27:42.465 CEST [64395] LOG:  checkpoint complete: wrote 97 buffers (0.0%); 0 WAL file(s) added, 0 removed, 33 recycled; write=9.529 s, sync=0.244 s, total=9.809 s; sync files=31, longest=0.139 s, average=0.008 s; distance=535816 kB, estimate=556456 kB; lsn=1/BA6DBFB0, redo lsn=1/B12FE6D0
2024-07-30 20:28:11.961 CEST [64395] LOG:  checkpoint starting: wal
2024-07-30 20:28:14.609 CEST [64395] LOG:  checkpoint complete: wrote 21 buffers (0.0%); 0 WAL file(s) added, 0 removed, 33 recycled; write=2.012 s, sync=0.606 s, total=2.652 s; sync files=24, longest=0.111 s, average=0.026 s; distance=541090 kB, estimate=554919 kB; lsn=1/D49DE0E0, redo lsn=1/D2366F10
2024-07-30 20:28:21.131 CEST [64470] LOG:  skipping vacuum of "t" --- lock not available
2024-07-30 20:28:51.900 CEST [64395] LOG:  checkpoint starting: wal
2024-07-30 20:28:54.424 CEST [64395] LOG:  checkpoint complete: wrote 20 buffers (0.0%); 0 WAL file(s) added, 0 removed, 33 recycled; write=1.912 s, sync=0.579 s, total=2.525 s; sync files=26, longest=0.101 s, average=0.023 s; distance=552506 kB, estimate=554678 kB; lsn=1/F6492230, redo lsn=1/F3EF5770
2024-07-30 20:29:21.150 CEST [64491] LOG:  skipping vacuum of "t" --- lock not available
2024-07-30 20:29:27.975 CEST [64395] LOG:  checkpoint starting: wal
2024-07-30 20:29:30.613 CEST [64395] LOG:  checkpoint complete: wrote 20 buffers (0.0%); 0 WAL file(s) added, 0 removed, 33 recycled; write=1.912 s, sync=0.687 s, total=2.639 s; sync files=25, longest=0.111 s, average=0.028 s; distance=528787 kB, estimate=552089 kB; lsn=2/1436D380, redo lsn=2/1435A750
2024-07-30 20:30:08.626 CEST [64395] LOG:  checkpoint starting: wal
2024-07-30 20:30:10.883 CEST [64395] LOG:  checkpoint complete: wrote 17 buffers (0.0%); 0 WAL file(s) added, 0 removed, 33 recycled; write=1.611 s, sync=0.616 s, total=2.258 s; sync files=26, longest=0.109 s, average=0.024 s; distance=548730 kB, estimate=551753 kB; lsn=2/35E18AE0, redo lsn=2/35B39050
2024-07-30 20:30:21.170 CEST [64563] LOG:  skipping vacuum of "t" --- lock not available
2024-07-30 20:30:49.978 CEST [64395] LOG:  checkpoint starting: wal
2024-07-30 20:30:52.110 CEST [64395] LOG:  checkpoint complete: wrote 16 buffers (0.0%); 0 WAL file(s) added, 0 removed, 33 recycled; write=1.511 s, sync=0.590 s, total=2.135 s; sync files=25, longest=0.112 s, average=0.024 s; distance=534252 kB, estimate=550003 kB; lsn=2/578C3B68, redo lsn=2/564F4228
2024-07-30 20:31:21.189 CEST [64591] LOG:  skipping vacuum of "t" --- lock not available
2024-07-30 20:31:32.040 CEST [64395] LOG:  checkpoint starting: wal
2024-07-30 20:31:34.374 CEST [64395] LOG:  checkpoint complete: wrote 18 buffers (0.0%); 0 WAL file(s) added, 0 removed, 33 recycled; write=1.711 s, sync=0.595 s, total=2.337 s; sync files=24, longest=0.101 s, average=0.025 s; distance=541504 kB, estimate=549153 kB; lsn=2/793717E0, redo lsn=2/775C4530
2024-07-30 20:32:14.982 CEST [64395] LOG:  checkpoint starting: wal
2024-07-30 20:32:16.939 CEST [64395] LOG:  checkpoint complete: wrote 14 buffers (0.0%); 0 WAL file(s) added, 0 removed, 33 recycled; write=1.310 s, sync=0.618 s, total=1.958 s; sync files=24, longest=0.111 s, average=0.026 s; distance=544792 kB, estimate=548717 kB; lsn=2/9AE1ED50, redo lsn=2/989CA700
2024-07-30 20:32:21.208 CEST [64607] LOG:  skipping vacuum of "t" --- lock not available
2024-07-30 20:32:58.857 CEST [64395] LOG:  checkpoint starting: wal
2024-07-30 20:33:02.097 CEST [64395] LOG:  checkpoint complete: wrote 23 buffers (0.0%); 0 WAL file(s) added, 0 removed, 33 recycled; write=2.211 s, sync=0.970 s, total=3.241 s; sync files=27, longest=0.262 s, average=0.036 s; distance=534312 kB, estimate=547276 kB; lsn=2/CF80F460, redo lsn=2/B93949C0
2024-07-30 20:33:03.293 CEST [64395] LOG:  checkpoints are occurring too frequently (5 seconds apart)
2024-07-30 20:33:03.293 CEST [64395] HINT:  Consider increasing the configuration parameter "max_wal_size".
2024-07-30 20:33:03.293 CEST [64395] LOG:  checkpoint starting: wal
2024-07-30 20:33:05.368 CEST [64395] LOG:  checkpoint complete: wrote 21 buffers (0.0%); 0 WAL file(s) added, 0 removed, 34 recycled; write=2.011 s, sync=0.004 s, total=2.075 s; sync files=12, longest=0.001 s, average=0.001 s; distance=553625 kB, estimate=553625 kB; lsn=2/EDD3A1A8, redo lsn=2/DB03AEC0
2024-07-30 20:33:06.927 CEST [64395] LOG:  checkpoints are occurring too frequently (3 seconds apart)
2024-07-30 20:33:06.927 CEST [64395] HINT:  Consider increasing the configuration parameter "max_wal_size".
2024-07-30 20:33:06.928 CEST [64395] LOG:  checkpoint starting: wal
2024-07-30 20:33:06.986 CEST [64395] LOG:  checkpoint complete: wrote 0 buffers (0.0%); 0 WAL file(s) added, 0 removed, 33 recycled; write=0.006 s, sync=0.001 s, total=0.060 s; sync files=0, longest=0.000 s, average=0.000 s; distance=550447 kB, estimate=553307 kB; lsn=2/FCD27D40, redo lsn=2/FC9C6B40
2024-07-30 20:33:10.484 CEST [64395] LOG:  checkpoints are occurring too frequently (4 seconds apart)
2024-07-30 20:33:10.484 CEST [64395] HINT:  Consider increasing the configuration parameter "max_wal_size".
2024-07-30 20:33:10.484 CEST [64395] LOG:  checkpoint starting: wal
2024-07-30 20:33:10.540 CEST [64395] LOG:  checkpoint complete: wrote 0 buffers (0.0%); 0 WAL file(s) added, 0 removed, 34 recycled; write=0.006 s, sync=0.001 s, total=0.056 s; sync files=0, longest=0.000 s, average=0.000 s; distance=547233 kB, estimate=552700 kB; lsn=3/1E352860, redo lsn=3/1E02F2F8
2024-07-30 20:33:14.112 CEST [64395] LOG:  checkpoints are occurring too frequently (4 seconds apart)
2024-07-30 20:33:14.112 CEST [64395] HINT:  Consider increasing the configuration parameter "max_wal_size".
2024-07-30 20:33:14.113 CEST [64395] LOG:  checkpoint starting: wal
2024-07-30 20:33:14.170 CEST [64395] LOG:  checkpoint complete: wrote 0 buffers (0.0%); 0 WAL file(s) added, 0 removed, 33 recycled; write=0.006 s, sync=0.001 s, total=0.059 s; sync files=0, longest=0.000 s, average=0.000 s; distance=551683 kB, estimate=552598 kB; lsn=3/3FE51158, redo lsn=3/3FAEFF40
2024-07-30 20:33:17.688 CEST [64395] LOG:  checkpoints are occurring too frequently (3 seconds apart)
2024-07-30 20:33:17.688 CEST [64395] HINT:  Consider increasing the configuration parameter "max_wal_size".
2024-07-30 20:33:17.717 CEST [64395] LOG:  checkpoint starting: wal
2024-07-30 20:33:17.760 CEST [64395] LOG:  checkpoint complete: wrote 0 buffers (0.0%); 0 WAL file(s) added, 0 removed, 34 recycled; write=0.006 s, sync=0.001 s, total=0.073 s; sync files=0, longest=0.000 s, average=0.000 s; distance=545998 kB, estimate=551938 kB; lsn=3/613849B8, redo lsn=3/610237A0
2024-07-30 20:33:21.228 CEST [64619] LOG:  skipping vacuum of "t" --- lock not available
2024-07-30 20:33:21.315 CEST [64395] LOG:  checkpoints are occurring too frequently (4 seconds apart)
2024-07-30 20:33:21.315 CEST [64395] HINT:  Consider increasing the configuration parameter "max_wal_size".
2024-07-30 20:33:21.316 CEST [64395] LOG:  checkpoint starting: wal
2024-07-30 20:33:21.373 CEST [64395] LOG:  checkpoint complete: wrote 0 buffers (0.0%); 0 WAL file(s) added, 0 removed, 33 recycled; write=0.006 s, sync=0.001 s, total=0.059 s; sync files=0, longest=0.000 s, average=0.000 s; distance=551930 kB, estimate=551937 kB; lsn=3/82E83240, redo lsn=3/82B22040
2024-07-30 20:33:24.856 CEST [64395] LOG:  checkpoints are occurring too frequently (3 seconds apart)
2024-07-30 20:33:24.856 CEST [64395] HINT:  Consider increasing the configuration parameter "max_wal_size".
2024-07-30 20:33:24.856 CEST [64395] LOG:  checkpoint starting: wal
2024-07-30 20:33:24.925 CEST [64395] LOG:  checkpoint complete: wrote 0 buffers (0.0%); 0 WAL file(s) added, 0 removed, 34 recycled; write=0.006 s, sync=0.001 s, total=0.070 s; sync files=0, longest=0.000 s, average=0.000 s; distance=545750 kB, estimate=551318 kB; lsn=3/A433B140, redo lsn=3/A4017BD8
2024-07-30 20:33:36.668 CEST [64395] LOG:  checkpoints are occurring too frequently (12 seconds apart)
2024-07-30 20:33:36.668 CEST [64395] HINT:  Consider increasing the configuration parameter "max_wal_size".
2024-07-30 20:33:36.672 CEST [64395] LOG:  checkpoint starting: wal
2024-07-30 20:33:37.952 CEST [64395] LOG:  checkpoint complete: wrote 9 buffers (0.0%); 0 WAL file(s) added, 0 removed, 33 recycled; write=0.908 s, sync=0.296 s, total=1.284 s; sync files=6, longest=0.293 s, average=0.050 s; distance=543577 kB, estimate=550544 kB; lsn=3/CCA1B6A8, redo lsn=3/C52EE320
2024-07-30 20:34:05.751 CEST [64395] LOG:  checkpoints are occurring too frequently (29 seconds apart)
2024-07-30 20:34:05.751 CEST [64395] HINT:  Consider increasing the configuration parameter "max_wal_size".
2024-07-30 20:34:05.754 CEST [64395] LOG:  checkpoint starting: wal
2024-07-30 20:34:06.983 CEST [64395] LOG:  checkpoint complete: wrote 5 buffers (0.0%); 0 WAL file(s) added, 0 removed, 33 recycled; write=0.507 s, sync=0.688 s, total=1.232 s; sync files=11, longest=0.197 s, average=0.063 s; distance=541870 kB, estimate=549677 kB; lsn=3/E8C3FC70, redo lsn=3/E6419BD0
2024-07-30 20:34:21.244 CEST [64634] LOG:  skipping vacuum of "t" --- lock not available
2024-07-30 20:34:42.834 CEST [64395] LOG:  checkpoint starting: wal
2024-07-30 20:34:44.516 CEST [64395] LOG:  checkpoint complete: wrote 9 buffers (0.0%); 0 WAL file(s) added, 0 removed, 33 recycled; write=0.919 s, sync=0.730 s, total=1.683 s; sync files=16, longest=0.191 s, average=0.046 s; distance=551994 kB, estimate=551994 kB; lsn=4/A6DF7E8, redo lsn=4/7F286C8
2024-07-30 20:35:17.056 CEST [64395] LOG:  checkpoint starting: wal
2024-07-30 20:35:18.679 CEST [64395] LOG:  checkpoint complete: wrote 9 buffers (0.0%); 0 WAL file(s) added, 0 removed, 33 recycled; write=0.909 s, sync=0.687 s, total=1.626 s; sync files=14, longest=0.124 s, average=0.050 s; distance=529352 kB, estimate=549730 kB; lsn=4/285A7A50, redo lsn=4/2841A9D8
2024-07-30 20:35:21.263 CEST [64655] LOG:  skipping vacuum of "t" --- lock not available
2024-07-30 20:35:55.917 CEST [64395] LOG:  checkpoint starting: wal
2024-07-30 20:35:57.479 CEST [64395] LOG:  checkpoint complete: wrote 9 buffers (0.0%); 0 WAL file(s) added, 0 removed, 33 recycled; write=0.909 s, sync=0.596 s, total=1.566 s; sync files=15, longest=0.108 s, average=0.040 s; distance=541023 kB, estimate=548859 kB; lsn=4/4A04A918, redo lsn=4/494727A0
2024-07-30 20:36:21.280 CEST [64672] LOG:  skipping vacuum of "t" --- lock not available
2024-07-30 20:36:35.560 CEST [64395] LOG:  checkpoint starting: wal
2024-07-30 20:36:37.478 CEST [64395] LOG:  checkpoint complete: wrote 12 buffers (0.0%); 0 WAL file(s) added, 0 removed, 33 recycled; write=1.209 s, sync=0.677 s, total=1.920 s; sync files=15, longest=0.161 s, average=0.046 s; distance=544091 kB, estimate=548382 kB; lsn=4/6BAEC100, redo lsn=4/6A7C94B0
2024-07-30 20:37:15.859 CEST [64395] LOG:  checkpoint starting: wal
2024-07-30 20:37:17.630 CEST [64395] LOG:  checkpoint complete: wrote 10 buffers (0.0%); 0 WAL file(s) added, 0 removed, 33 recycled; write=1.009 s, sync=0.730 s, total=1.774 s; sync files=15, longest=0.113 s, average=0.049 s; distance=538163 kB, estimate=547361 kB; lsn=4/8D58E108, redo lsn=4/8B5562E0
2024-07-30 20:37:21.300 CEST [64689] LOG:  skipping vacuum of "t" --- lock not available
2024-07-30 20:37:57.067 CEST [64395] LOG:  checkpoint starting: wal
2024-07-30 20:37:59.040 CEST [64395] LOG:  checkpoint complete: wrote 12 buffers (0.0%); 0 WAL file(s) added, 0 removed, 33 recycled; write=1.212 s, sync=0.739 s, total=1.974 s; sync files=16, longest=0.118 s, average=0.047 s; distance=548486 kB, estimate=548486 kB; lsn=4/AF02E8A8, redo lsn=4/ACCF7C48
2024-07-30 20:38:21.320 CEST [64706] LOG:  skipping vacuum of "t" --- lock not available
2024-07-30 20:38:38.929 CEST [64395] LOG:  checkpoint starting: wal
2024-07-30 20:38:40.329 CEST [64395] LOG:  checkpoint complete: wrote 6 buffers (0.0%); 0 WAL file(s) added, 0 removed, 33 recycled; write=0.610 s, sync=0.762 s, total=1.400 s; sync files=14, longest=0.139 s, average=0.055 s; distance=542771 kB, estimate=547914 kB; lsn=4/D0ACFA18, redo lsn=4/CDF04A68
2024-07-30 20:39:17.388 CEST [64395] LOG:  checkpoint starting: wal
2024-07-30 20:39:18.811 CEST [64395] LOG:  checkpoint complete: wrote 7 buffers (0.0%); 0 WAL file(s) added, 0 removed, 33 recycled; write=0.715 s, sync=0.678 s, total=1.425 s; sync files=14, longest=0.150 s, average=0.049 s; distance=531562 kB, estimate=546279 kB; lsn=4/EE99B238, redo lsn=4/EE61F2E0
2024-07-30 20:39:21.339 CEST [64722] LOG:  skipping vacuum of "t" --- lock not available
2024-07-30 20:40:00.764 CEST [64395] LOG:  checkpoint starting: wal
2024-07-30 20:40:01.989 CEST [64395] LOG:  checkpoint complete: wrote 6 buffers (0.0%); 0 WAL file(s) added, 0 removed, 33 recycled; write=0.614 s, sync=0.586 s, total=1.228 s; sync files=15, longest=0.159 s, average=0.040 s; distance=540800 kB, estimate=545731 kB; lsn=5/1043D970, redo lsn=5/F63F570
2024-07-30 20:40:21.359 CEST [64739] LOG:  skipping vacuum of "t" --- lock not available
2024-07-30 20:40:44.870 CEST [64395] LOG:  checkpoint starting: wal
2024-07-30 20:40:46.315 CEST [64395] LOG:  checkpoint complete: wrote 7 buffers (0.0%); 0 WAL file(s) added, 0 removed, 33 recycled; write=0.708 s, sync=0.710 s, total=1.449 s; sync files=15, longest=0.156 s, average=0.048 s; distance=536851 kB, estimate=544843 kB; lsn=5/31EDF1F8, redo lsn=5/30284210
2024-07-30 20:41:19.238 CEST [64395] LOG:  checkpoint starting: immediate force wait
2024-07-30 20:41:25.914 CEST [64395] LOG:  checkpoint complete: wrote 12306 buffers (4.7%); 0 WAL file(s) added, 0 removed, 26 recycled; write=0.185 s, sync=6.454 s, total=6.676 s; sync files=781, longest=1.535 s, average=0.009 s; distance=434841 kB, estimate=533843 kB; lsn=5/4AB5CF38, redo lsn=5/4AB2A770
2024-07-30 20:42:37.642 CEST [64394] LOG:  received fast shutdown request
2024-07-30 20:42:37.642 CEST [64394] LOG:  aborting any active transactions
2024-07-30 20:42:37.643 CEST [64394] LOG:  background worker "logical replication launcher" (PID 64400) exited with exit code 1
2024-07-30 20:42:37.646 CEST [64395] LOG:  shutting down
2024-07-30 20:42:37.646 CEST [64395] LOG:  checkpoint starting: shutdown immediate
2024-07-30 20:42:37.652 CEST [64395] LOG:  checkpoint complete: wrote 66 buffers (0.0%); 0 WAL file(s) added, 0 removed, 0 recycled; write=0.005 s, sync=0.001 s, total=0.007 s; sync files=5, longest=0.001 s, average=0.001 s; distance=202 kB, estimate=480479 kB; lsn=5/4AB5CFE8, redo lsn=5/4AB5CFE8
2024-07-30 20:42:38.073 CEST [64394] LOG:  database system is shut down
