BINDIR = /mnt/data/builds/yes-8-1000-10/bin
DOCDIR = /mnt/data/builds/yes-8-1000-10/share/doc/postgresql
HTMLDIR = /mnt/data/builds/yes-8-1000-10/share/doc/postgresql
INCLUDEDIR = /mnt/data/builds/yes-8-1000-10/include
PKGINCLUDEDIR = /mnt/data/builds/yes-8-1000-10/include/postgresql
INCLUDEDIR-SERVER = /mnt/data/builds/yes-8-1000-10/include/postgresql/server
LIBDIR = /mnt/data/builds/yes-8-1000-10/lib
PKGLIBDIR = /mnt/data/builds/yes-8-1000-10/lib/postgresql
LOCALEDIR = /mnt/data/builds/yes-8-1000-10/share/locale
MANDIR = /mnt/data/builds/yes-8-1000-10/share/man
SHAREDIR = /mnt/data/builds/yes-8-1000-10/share/postgresql
SYSCONFDIR = /mnt/data/builds/yes-8-1000-10/etc/postgresql
PGXS = /mnt/data/builds/yes-8-1000-10/lib/postgresql/pgxs/src/makefiles/pgxs.mk
CONFIGURE =  '--prefix=/mnt/data/builds/yes-8-1000-10' '--enable-debug' '--enable-depend' 'CC=ccache gcc'
CC = ccache gcc
CPPFLAGS = -D_GNU_SOURCE
CFLAGS = -Wall -Wmissing-prototypes -Wpointer-arith -Wdeclaration-after-statement -Werror=vla -Wendif-labels -Wmissing-format-attribute -Wimplicit-fallthrough=3 -Wcast-function-type -Wshadow=compatible-local -Wformat-security -fno-strict-aliasing -fwrapv -fexcess-precision=standard -Wno-format-truncation -Wno-stringop-truncation -g -O2
CFLAGS_SL = -fPIC
LDFLAGS = -Wl,--as-needed -Wl,-rpath,'/mnt/data/builds/yes-8-1000-10/lib',--enable-new-dtags
LDFLAGS_EX = 
LDFLAGS_SL = 
LIBS = -lpgcommon -lpgport -lz -lreadline -lm 
VERSION = PostgreSQL 18devel
CREATE TABLE t (a INT) PARTITION BY HASH (a)
CREATE TABLE
CREATE TABLE t_0 PARTITION OF t FOR VALUES WITH (modulus 10, remainder 0)
CREATE TABLE
CREATE TABLE t_1 PARTITION OF t FOR VALUES WITH (modulus 10, remainder 1)
CREATE TABLE
CREATE TABLE t_2 PARTITION OF t FOR VALUES WITH (modulus 10, remainder 2)
CREATE TABLE
CREATE TABLE t_3 PARTITION OF t FOR VALUES WITH (modulus 10, remainder 3)
CREATE TABLE
CREATE TABLE t_4 PARTITION OF t FOR VALUES WITH (modulus 10, remainder 4)
CREATE TABLE
CREATE TABLE t_5 PARTITION OF t FOR VALUES WITH (modulus 10, remainder 5)
CREATE TABLE
CREATE TABLE t_6 PARTITION OF t FOR VALUES WITH (modulus 10, remainder 6)
CREATE TABLE
CREATE TABLE t_7 PARTITION OF t FOR VALUES WITH (modulus 10, remainder 7)
CREATE TABLE
CREATE TABLE t_8 PARTITION OF t FOR VALUES WITH (modulus 10, remainder 8)
CREATE TABLE
CREATE TABLE t_9 PARTITION OF t FOR VALUES WITH (modulus 10, remainder 9)
CREATE TABLE
INSERT 0 1000
VACUUM
CHECKPOINT
