    PID TTY      STAT   TIME COMMAND
      1 ?        Ss     0:12 /sbin/init
      2 ?        S      0:00 [kthreadd]
      3 ?        S      0:00 [pool_workqueue_release]
      4 ?        I<     0:00 [kworker/R-rcu_g]
      5 ?        I<     0:00 [kworker/R-rcu_p]
      6 ?        I<     0:00 [kworker/R-slub_]
      7 ?        I<     0:00 [kworker/R-netns]
     11 ?        I      0:00 [kworker/u8:0-netns]
     12 ?        I<     0:00 [kworker/R-mm_pe]
     13 ?        I      0:00 [rcu_tasks_kthread]
     14 ?        I      0:00 [rcu_tasks_rude_kthread]
     15 ?        I      0:00 [rcu_tasks_trace_kthread]
     16 ?        S      6:32 [ksoftirqd/0]
     17 ?        I      5:22 [rcu_preempt]
     18 ?        S      0:00 [migration/0]
     19 ?        S      0:00 [cpuhp/0]
     20 ?        S      0:00 [cpuhp/1]
     21 ?        S      0:00 [migration/1]
     22 ?        S      6:05 [ksoftirqd/1]
     25 ?        S      0:00 [cpuhp/2]
     26 ?        S      0:00 [migration/2]
     27 ?        S      6:21 [ksoftirqd/2]
     30 ?        S      0:00 [cpuhp/3]
     31 ?        S      0:00 [migration/3]
     32 ?        S      6:31 [ksoftirqd/3]
     39 ?        S      0:00 [kdevtmpfs]
     40 ?        I<     0:00 [kworker/R-inet_]
     42 ?        S      0:00 [kauditd]
     44 ?        S      0:00 [khungtaskd]
     45 ?        S      0:00 [oom_reaper]
     46 ?        I<     0:00 [kworker/R-write]
     47 ?        S     21:22 [kcompactd0]
     48 ?        I<     0:00 [kworker/R-kinte]
     49 ?        I<     0:00 [kworker/R-kbloc]
     50 ?        I<     0:00 [kworker/R-blkcg]
     53 ?        S      0:00 [watchdogd]
     57 ?        I<     0:00 [kworker/R-rpcio]
     58 ?        I<     0:00 [kworker/R-xprti]
     59 ?        S     28:28 [kswapd0]
     60 ?        I<     0:00 [kworker/R-nfsio]
     61 ?        I<     0:00 [kworker/R-kthro]
     62 ?        S      0:00 [hwrng]
     63 ?        I<     0:00 [kworker/R-iscsi]
     64 ?        I<     0:00 [kworker/R-nvme-]
     65 ?        I<     0:00 [kworker/R-nvme-]
     66 ?        I<     0:00 [kworker/R-nvme-]
     67 ?        I<     0:00 [kworker/R-DWC N]
     68 ?        I<     0:00 [kworker/R-uas]
     69 ?        I<     0:58 [kworker/u13:0-brcmf_wq/mmc1:0001:1]
     70 ?        I<     0:00 [kworker/u14:0]
     71 ?        I<     0:00 [kworker/u15:0]
     72 ?        I<     0:00 [kworker/u16:0]
     73 ?        I<     0:00 [kworker/u17:0]
     74 ?        S      0:00 [irq/38-aerdrv]
     76 ?        S      0:00 [irq/44-aerdrv]
     85 ?        I<     0:00 [kworker/R-sdhci]
     87 ?        S      0:00 [irq/167-mmc1]
     88 ?        I<     0:00 [kworker/R-sdhci]
     89 ?        S      0:00 [irq/168-mmc0]
     91 ?        I<     0:00 [kworker/R-mmc_c]
    198 ?        S      0:00 [spi10]
    220 ?        S      0:42 [jbd2/mmcblk0p2-8]
    221 ?        I<     0:00 [kworker/R-ext4-]
    236 ?        I<     0:00 [kworker/R-mld]
    237 ?        I<     0:00 [kworker/R-ipv6_]
    285 ?        Ss     0:05 /lib/systemd/systemd-journald
    315 ?        Ss     0:05 /lib/systemd/systemd-udevd
    388 ?        S      2:03 [jbd2/nvme0n1p1-8]
    396 ?        I<     0:00 [kworker/R-ext4-]
    449 ?        S      0:00 [v3d_bin]
    451 ?        S      0:00 [v3d_render]
    452 ?        S      0:00 [v3d_tfu]
    453 ?        S      0:00 [v3d_csd]
    456 ?        S      0:00 [v3d_cache_clean]
    469 ?        I<     0:00 [kworker/R-cfg80]
    505 ?        I<     0:00 [kworker/R-brcmf]
    507 ?        S      0:05 [brcmf_wdog/mmc1:0001:1]
    535 ?        S      0:00 [irq/176-1000800000.codec]
    598 ?        I<     0:00 [kworker/u13:2-hci0]
    605 ?        Ssl    0:01 /lib/systemd/systemd-timesyncd
    610 ?        S      0:00 [irq/180-vc4 hdmi hpd connected]
    613 ?        S      0:00 [irq/181-vc4 hdmi hpd disconnected]
    614 ?        S      0:00 [cec-vc4-hdmi-0]
    615 ?        S      0:00 [irq/182-vc4 hdmi cec rx]
    616 ?        S      0:00 [irq/183-vc4 hdmi cec tx]
    620 ?        S      0:00 [irq/184-vc4 hdmi hpd connected]
    623 ?        S      0:00 [irq/185-vc4 hdmi hpd disconnected]
    625 ?        S      0:00 [cec-vc4-hdmi-1]
    626 ?        S      0:00 [irq/186-vc4 hdmi cec rx]
    627 ?        S      0:00 [irq/187-vc4 hdmi cec tx]
    636 ?        S      0:00 [card1-crtc0]
    637 ?        S      0:00 [card1-crtc1]
    639 ?        S      0:00 [card1-crtc2]
    640 ?        S      0:00 [card1-crtc3]
    663 ?        Ss     0:09 avahi-daemon: running [raspberry-64.local]
    664 ?        Ss     0:00 /usr/libexec/bluetooth/bluetoothd
    665 ?        Ss     0:01 /usr/sbin/cron -f
    666 ?        Ss     0:14 /usr/bin/dbus-daemon --system --address=systemd: --nofork --nopidfile --systemd-activation --syslog-only
    669 ?        Ssl    0:00 /usr/lib/polkit-1/polkitd --no-debug
    678 ?        Ss     0:00 /usr/sbin/smartd -n
    680 ?        Ss     0:01 /lib/systemd/systemd-logind
    683 ?        Ss     0:03 /usr/sbin/thd --triggers /etc/triggerhappy/triggers.d/ --socket /run/thd.socket --user nobody --deviceglob /dev/input/event*
    694 ?        S      0:00 avahi-daemon: chroot helper
    749 ?        Ssl    0:47 /usr/sbin/NetworkManager --no-daemon
    756 ?        Ss     0:30 /sbin/wpa_supplicant -u -s -O DIR=/run/wpa_supplicant GROUP=netdev
    757 ?        Ssl    0:00 /usr/sbin/ModemManager
    792 ?        I      0:00 [kworker/u8:1]
    794 ?        Ss     0:00 sshd: /usr/sbin/sshd -D [listener] 0 of 10-100 startups
    816 tty1     Ss+    0:00 /sbin/agetty -o -p -- \u --noclear - linux
    817 ?        Ss+    0:00 /sbin/agetty -o -p -- \u --keep-baud 115200,57600,38400,9600 - vt220
   3326 ?        Ss     0:00 /lib/systemd/systemd --user
   3327 ?        S      0:00 (sd-pam)
   3382 ?        Ss     0:00 SCREEN
   3383 pts/1    Ss     0:00 /bin/bash
1564395 ?        I      0:04 [kworker/u11:1-writeback]
1582095 pts/1    S+     0:04 /usr/bin/bash -x ./run.sh glibc-default
1596541 ?        I      0:01 [kworker/u10:2-writeback]
1602028 ?        I<     0:00 [kworker/1:0H-kblockd]
1806889 ?        I      0:00 [kworker/3:0-mm_percpu_wq]
2028824 ?        I      0:01 [kworker/u9:2-writeback]
2058834 ?        I      0:00 [kworker/u11:0-writeback]
2128911 ?        I      0:00 [kworker/u9:0-writeback]
2178910 ?        I      0:00 [kworker/u11:2-flush-259:0]
2213109 ?        I      0:01 [kworker/u12:0-writeback]
2263967 ?        I<     0:01 [kworker/0:2H-kblockd]
2318645 ?        I      0:00 [kworker/u10:1-events_unbound]
2334320 ?        I<     0:00 [kworker/2:0H-kblockd]
2346882 ?        I<     0:00 [kworker/3:1H-kblockd]
2379304 ?        I      0:00 [kworker/2:0-events_power_efficient]
2387117 ?        I      0:00 [kworker/u12:1-writeback]
2409081 ?        I      0:00 [kworker/0:2-events]
2410239 ?        I      0:00 [kworker/2:1-events_power_efficient]
2428055 ?        I      0:00 [kworker/u9:3-events_unbound]
2429110 ?        I      0:00 [kworker/u10:0-writeback]
2439193 ?        I      0:00 [kworker/0:1-wg-crypt-wg0]
2440720 ?        I      0:00 [kworker/1:1-mm_percpu_wq]
2471488 ?        I      0:00 [kworker/3:1-cgroup_destroy]
2471689 ?        I      0:00 [kworker/1:2-events]
2474373 ?        I<     0:00 [kworker/0:1H-kblockd]
2475659 ?        I      0:00 [kworker/2:2-mm_percpu_wq]
2479055 ?        I      0:00 [kworker/0:0-events]
2484388 ?        I<     0:00 [kworker/3:0H]
2494001 ?        I<     0:00 [kworker/2:1H]
2494411 ?        I<     0:00 [kworker/1:1H-kblockd]
2499262 ?        I<     0:00 [kworker/R-wg-cr]
2499322 ?        I      0:00 [kworker/2:3-events_power_efficient]
2506816 ?        I<     0:00 [kworker/0:0H-kblockd]
2507516 ?        I      0:00 [kworker/1:0-events]
2509195 ?        I      0:00 [kworker/u12:2]
2514473 ?        I<     0:00 [kworker/3:2H]
2524041 ?        I<     0:00 [kworker/1:2H-kblockd]
2526904 ?        I<     0:00 [kworker/2:2H-kblockd]
2529088 ?        Ss     0:01 /mnt/data/builds/no-0-32768-1/bin/postgres -D /mnt/data/data-test
2529089 ?        Ss     0:00 postgres: checkpointer 
2529090 ?        Ss     0:00 postgres: background writer 
2529092 ?        Ss     0:00 postgres: walwriter 
2529093 ?        Ss     0:00 postgres: autovacuum launcher 
2529094 ?        Ss     0:00 postgres: logical replication launcher 
2529097 pts/1    S+     0:00 /usr/bin/bash ./run-star.sh rpi5-64 scalability-no-0-32768-1-1722394137 32768 no 0 /mnt/data/lock-scalability-test/20240730-1250-glibc-default/logs/star-no-0-32768-1 1 10 1 4 8 1
2529098 pts/1    R+     0:00 ps ax
