2024-07-31 02:12:29.832 CEST [1665325] LOG:  starting PostgreSQL 18devel on x86_64-pc-linux-gnu, compiled by gcc (Debian 12.2.0-14) 12.2.0, 64-bit
2024-07-31 02:12:29.833 CEST [1665325] LOG:  listening on IPv6 address "::1", port 5432
2024-07-31 02:12:29.833 CEST [1665325] LOG:  listening on IPv4 address "127.0.0.1", port 5432
2024-07-31 02:12:29.834 CEST [1665325] LOG:  listening on Unix socket "/tmp/.s.PGSQL.5432"
2024-07-31 02:12:29.836 CEST [1665328] LOG:  database system was shut down at 2024-07-31 02:12:28 CEST
2024-07-31 02:12:29.840 CEST [1665325] LOG:  database system is ready to accept connections
2024-07-31 02:12:42.223 CEST [1665326] LOG:  checkpoints are occurring too frequently (13 seconds apart)
2024-07-31 02:12:42.223 CEST [1665326] HINT:  Consider increasing the configuration parameter "max_wal_size".
2024-07-31 02:12:42.223 CEST [1665326] LOG:  checkpoint starting: wal
2024-07-31 02:12:55.556 CEST [1665326] LOG:  checkpoint complete: wrote 6830 buffers (2.6%); 0 WAL file(s) added, 3 removed, 30 recycled; write=11.890 s, sync=1.384 s, total=13.333 s; sync files=804, longest=0.044 s, average=0.002 s; distance=537539 kB, estimate=537539 kB; lsn=0/43565EA0, redo lsn=0/221DC058
2024-07-31 02:12:55.557 CEST [1665326] LOG:  checkpoints are occurring too frequently (13 seconds apart)
2024-07-31 02:12:55.557 CEST [1665326] HINT:  Consider increasing the configuration parameter "max_wal_size".
2024-07-31 02:12:55.557 CEST [1665326] LOG:  checkpoint starting: wal
2024-07-31 02:13:00.921 CEST [1665326] LOG:  checkpoint complete: wrote 50 buffers (0.0%); 0 WAL file(s) added, 0 removed, 33 recycled; write=4.927 s, sync=0.411 s, total=5.364 s; sync files=154, longest=0.070 s, average=0.003 s; distance=544297 kB, estimate=544297 kB; lsn=0/5186CA08, redo lsn=0/435664B8
2024-07-31 02:13:07.877 CEST [1665326] LOG:  checkpoints are occurring too frequently (12 seconds apart)
2024-07-31 02:13:07.877 CEST [1665326] HINT:  Consider increasing the configuration parameter "max_wal_size".
2024-07-31 02:13:07.877 CEST [1665326] LOG:  checkpoint starting: wal
2024-07-31 02:13:13.581 CEST [1665326] LOG:  checkpoint complete: wrote 50 buffers (0.0%); 0 WAL file(s) added, 0 removed, 33 recycled; write=4.920 s, sync=0.743 s, total=5.704 s; sync files=293, longest=0.059 s, average=0.003 s; distance=536357 kB, estimate=543503 kB; lsn=0/741523A8, redo lsn=0/6412F9B0
2024-07-31 02:13:17.367 CEST [1665326] LOG:  checkpoint starting: immediate force wait
2024-07-31 02:13:17.628 CEST [1665326] LOG:  checkpoint complete: wrote 188 buffers (0.1%); 0 WAL file(s) added, 0 removed, 26 recycled; write=0.008 s, sync=0.227 s, total=0.261 s; sync files=129, longest=0.003 s, average=0.002 s; distance=425836 kB, estimate=531736 kB; lsn=0/7E10ACC0, redo lsn=0/7E10AC68
2024-07-31 02:14:27.834 CEST [1665325] LOG:  received fast shutdown request
2024-07-31 02:14:27.834 CEST [1665325] LOG:  aborting any active transactions
2024-07-31 02:14:27.835 CEST [1665325] LOG:  background worker "logical replication launcher" (PID 1665331) exited with exit code 1
2024-07-31 02:14:27.838 CEST [1665326] LOG:  shutting down
2024-07-31 02:14:27.838 CEST [1665326] LOG:  checkpoint starting: shutdown immediate
2024-07-31 02:14:27.845 CEST [1665326] LOG:  checkpoint complete: wrote 53 buffers (0.0%); 0 WAL file(s) added, 0 removed, 0 recycled; write=0.005 s, sync=0.002 s, total=0.008 s; sync files=12, longest=0.001 s, average=0.001 s; distance=294 kB, estimate=478592 kB; lsn=0/7E154558, redo lsn=0/7E154558
2024-07-31 02:14:28.038 CEST [1665325] LOG:  database system is shut down
