2024-08-01 17:38:33.634 CEST [2082469] LOG:  starting PostgreSQL 18devel on x86_64-pc-linux-gnu, compiled by gcc (Debian 12.2.0-14) 12.2.0, 64-bit
2024-08-01 17:38:33.634 CEST [2082469] LOG:  listening on IPv6 address "::1", port 5432
2024-08-01 17:38:33.634 CEST [2082469] LOG:  listening on IPv4 address "127.0.0.1", port 5432
2024-08-01 17:38:33.636 CEST [2082469] LOG:  listening on Unix socket "/tmp/.s.PGSQL.5432"
2024-08-01 17:38:33.638 CEST [2082472] LOG:  database system was shut down at 2024-08-01 17:38:32 CEST
2024-08-01 17:38:33.642 CEST [2082469] LOG:  database system is ready to accept connections
2024-08-01 17:38:43.151 CEST [2082470] LOG:  checkpoints are occurring too frequently (10 seconds apart)
2024-08-01 17:38:43.151 CEST [2082470] HINT:  Consider increasing the configuration parameter "max_wal_size".
2024-08-01 17:38:43.226 CEST [2082470] LOG:  checkpoint starting: wal
2024-08-01 17:38:50.811 CEST [2082470] LOG:  checkpoint complete: wrote 55946 buffers (21.3%); 0 WAL file(s) added, 2 removed, 32 recycled; write=6.886 s, sync=0.611 s, total=7.660 s; sync files=707, longest=0.393 s, average=0.001 s; distance=552019 kB, estimate=552019 kB; lsn=0/4270AD58, redo lsn=0/23000080
2024-08-01 17:38:51.204 CEST [2082470] LOG:  checkpoints are occurring too frequently (8 seconds apart)
2024-08-01 17:38:51.204 CEST [2082470] HINT:  Consider increasing the configuration parameter "max_wal_size".
2024-08-01 17:38:51.204 CEST [2082470] LOG:  checkpoint starting: wal
2024-08-01 17:38:57.863 CEST [2082470] LOG:  checkpoint complete: wrote 62030 buffers (23.7%); 0 WAL file(s) added, 2 removed, 31 recycled; write=6.138 s, sync=0.432 s, total=6.659 s; sync files=4, longest=0.208 s, average=0.108 s; distance=554208 kB, estimate=554208 kB; lsn=0/64001B10, redo lsn=0/44D38198
2024-08-01 17:38:58.047 CEST [2082470] LOG:  checkpoints are occurring too frequently (7 seconds apart)
2024-08-01 17:38:58.047 CEST [2082470] HINT:  Consider increasing the configuration parameter "max_wal_size".
2024-08-01 17:38:58.048 CEST [2082470] LOG:  checkpoint starting: wal
2024-08-01 17:39:04.667 CEST [2082470] LOG:  checkpoint complete: wrote 59569 buffers (22.7%); 0 WAL file(s) added, 1 removed, 32 recycled; write=6.096 s, sync=0.426 s, total=6.621 s; sync files=4, longest=0.405 s, average=0.107 s; distance=530295 kB, estimate=551817 kB; lsn=0/84CE2A90, redo lsn=0/65316150
2024-08-01 17:39:04.856 CEST [2082470] LOG:  checkpoints are occurring too frequently (6 seconds apart)
2024-08-01 17:39:04.856 CEST [2082470] HINT:  Consider increasing the configuration parameter "max_wal_size".
2024-08-01 17:39:04.857 CEST [2082470] LOG:  checkpoint starting: wal
2024-08-01 17:39:11.301 CEST [2082470] LOG:  checkpoint complete: wrote 60513 buffers (23.1%); 0 WAL file(s) added, 1 removed, 32 recycled; write=5.951 s, sync=0.405 s, total=6.445 s; sync files=4, longest=0.306 s, average=0.102 s; distance=538748 kB, estimate=550510 kB; lsn=0/A5D16DD0, redo lsn=0/86135450
2024-08-01 17:39:11.491 CEST [2082470] LOG:  checkpoints are occurring too frequently (7 seconds apart)
2024-08-01 17:39:11.491 CEST [2082470] HINT:  Consider increasing the configuration parameter "max_wal_size".
2024-08-01 17:39:11.491 CEST [2082470] LOG:  checkpoint starting: wal
2024-08-01 17:39:17.777 CEST [2082470] LOG:  checkpoint complete: wrote 60815 buffers (23.2%); 0 WAL file(s) added, 1 removed, 32 recycled; write=5.806 s, sync=0.391 s, total=6.287 s; sync files=4, longest=0.364 s, average=0.098 s; distance=541763 kB, estimate=549635 kB; lsn=0/C6E8E9D8, redo lsn=0/A7246140
2024-08-01 17:39:17.964 CEST [2082470] LOG:  checkpoints are occurring too frequently (6 seconds apart)
2024-08-01 17:39:17.964 CEST [2082470] HINT:  Consider increasing the configuration parameter "max_wal_size".
2024-08-01 17:39:17.964 CEST [2082470] LOG:  checkpoint starting: wal
2024-08-01 17:39:24.266 CEST [2082470] LOG:  checkpoint complete: wrote 60741 buffers (23.2%); 0 WAL file(s) added, 1 removed, 32 recycled; write=5.800 s, sync=0.395 s, total=6.302 s; sync files=3, longest=0.375 s, average=0.132 s; distance=540655 kB, estimate=548737 kB; lsn=0/E7B2CB48, redo lsn=0/C8242118
2024-08-01 17:39:24.658 CEST [2082470] LOG:  checkpoints are occurring too frequently (7 seconds apart)
2024-08-01 17:39:24.658 CEST [2082470] HINT:  Consider increasing the configuration parameter "max_wal_size".
2024-08-01 17:39:24.680 CEST [2082470] LOG:  checkpoint starting: wal
2024-08-01 17:39:30.878 CEST [2082470] LOG:  checkpoint complete: wrote 62305 buffers (23.8%); 0 WAL file(s) added, 1 removed, 33 recycled; write=5.702 s, sync=0.400 s, total=6.221 s; sync files=4, longest=0.376 s, average=0.100 s; distance=554744 kB, estimate=554744 kB; lsn=1/8F79870, redo lsn=0/EA000208
2024-08-01 17:39:31.284 CEST [2082470] LOG:  checkpoints are occurring too frequently (7 seconds apart)
2024-08-01 17:39:31.284 CEST [2082470] HINT:  Consider increasing the configuration parameter "max_wal_size".
2024-08-01 17:39:31.284 CEST [2082470] LOG:  checkpoint starting: wal
2024-08-01 17:39:37.609 CEST [2082470] LOG:  checkpoint complete: wrote 61332 buffers (23.4%); 0 WAL file(s) added, 1 removed, 32 recycled; write=5.804 s, sync=0.431 s, total=6.326 s; sync files=3, longest=0.408 s, average=0.144 s; distance=546018 kB, estimate=553871 kB; lsn=1/2A8D62C0, redo lsn=1/B538DD0
2024-08-01 17:39:37.992 CEST [2082470] LOG:  checkpoints are occurring too frequently (6 seconds apart)
2024-08-01 17:39:37.992 CEST [2082470] HINT:  Consider increasing the configuration parameter "max_wal_size".
2024-08-01 17:39:38.014 CEST [2082470] LOG:  checkpoint starting: wal
2024-08-01 17:39:51.062 CEST [2082470] LOG:  checkpoint complete: wrote 61675 buffers (23.5%); 0 WAL file(s) added, 3 removed, 31 recycled; write=11.922 s, sync=1.069 s, total=13.070 s; sync files=9, longest=0.462 s, average=0.119 s; distance=551709 kB, estimate=553655 kB; lsn=1/4DCECCF0, redo lsn=1/2D000280
2024-08-01 17:39:53.843 CEST [2082470] LOG:  checkpoints are occurring too frequently (16 seconds apart)
2024-08-01 17:39:53.843 CEST [2082470] HINT:  Consider increasing the configuration parameter "max_wal_size".
2024-08-01 17:39:53.843 CEST [2082470] LOG:  checkpoint starting: wal
2024-08-01 17:40:23.217 CEST [2082470] LOG:  checkpoint complete: wrote 244903 buffers (93.4%); 0 WAL file(s) added, 2 removed, 31 recycled; write=28.755 s, sync=0.550 s, total=29.375 s; sync files=32, longest=0.088 s, average=0.018 s; distance=551137 kB, estimate=553403 kB; lsn=1/6E3AB400, redo lsn=1/4EA38910
2024-08-01 17:40:23.408 CEST [2082470] LOG:  checkpoint starting: wal
2024-08-01 17:40:29.423 CEST [2082470] LOG:  checkpoint complete: wrote 60 buffers (0.0%); 0 WAL file(s) added, 0 removed, 33 recycled; write=5.916 s, sync=0.066 s, total=6.016 s; sync files=27, longest=0.062 s, average=0.003 s; distance=537119 kB, estimate=551775 kB; lsn=1/733BE8C0, redo lsn=1/6F6C05D0
2024-08-01 17:40:33.683 CEST [2082511] LOG:  skipping vacuum of "t" --- lock not available
2024-08-01 17:40:56.844 CEST [2082470] LOG:  checkpoint starting: wal
2024-08-01 17:41:28.065 CEST [2082470] LOG:  checkpoint complete: wrote 755 buffers (0.3%); 0 WAL file(s) added, 1 removed, 32 recycled; write=30.571 s, sync=0.603 s, total=31.221 s; sync files=342, longest=0.096 s, average=0.002 s; distance=548254 kB, estimate=551423 kB; lsn=1/AF330B40, redo lsn=1/90E27ED8
2024-08-01 17:41:31.045 CEST [2082470] LOG:  checkpoint starting: wal
2024-08-01 17:41:33.699 CEST [2082530] LOG:  skipping vacuum of "t" --- lock not available
2024-08-01 17:41:36.755 CEST [2082470] LOG:  checkpoint complete: wrote 57 buffers (0.0%); 0 WAL file(s) added, 0 removed, 33 recycled; write=5.615 s, sync=0.064 s, total=5.712 s; sync files=25, longest=0.060 s, average=0.003 s; distance=528512 kB, estimate=549132 kB; lsn=1/B6B00708, redo lsn=1/B1248208
2024-08-01 17:42:06.221 CEST [2082470] LOG:  checkpoint starting: wal
2024-08-01 17:42:12.837 CEST [2082470] LOG:  checkpoint complete: wrote 62 buffers (0.0%); 0 WAL file(s) added, 0 removed, 33 recycled; write=6.116 s, sync=0.460 s, total=6.618 s; sync files=30, longest=0.076 s, average=0.016 s; distance=547296 kB, estimate=548948 kB; lsn=1/D85B3290, redo lsn=1/D28C0498
2024-08-01 17:42:33.719 CEST [2082548] LOG:  skipping vacuum of "t" --- lock not available
2024-08-01 17:42:42.126 CEST [2082470] LOG:  checkpoint starting: wal
2024-08-01 17:42:44.541 CEST [2082470] LOG:  checkpoint complete: wrote 20 buffers (0.0%); 0 WAL file(s) added, 0 removed, 33 recycled; write=1.909 s, sync=0.474 s, total=2.416 s; sync files=25, longest=0.076 s, average=0.019 s; distance=540648 kB, estimate=548118 kB; lsn=1/F648EF78, redo lsn=1/F38BA578
2024-08-01 17:43:15.624 CEST [2082470] LOG:  checkpoint starting: wal
2024-08-01 17:43:18.107 CEST [2082470] LOG:  checkpoint complete: wrote 20 buffers (0.0%); 0 WAL file(s) added, 0 removed, 33 recycled; write=1.909 s, sync=0.532 s, total=2.483 s; sync files=25, longest=0.076 s, average=0.022 s; distance=535155 kB, estimate=546822 kB; lsn=2/1436A050, redo lsn=2/14357380
2024-08-01 17:43:33.739 CEST [2082578] LOG:  skipping vacuum of "t" --- lock not available
2024-08-01 17:43:53.231 CEST [2082470] LOG:  checkpoint starting: wal
2024-08-01 17:43:55.461 CEST [2082470] LOG:  checkpoint complete: wrote 18 buffers (0.0%); 0 WAL file(s) added, 0 removed, 33 recycled; write=1.708 s, sync=0.490 s, total=2.231 s; sync files=27, longest=0.073 s, average=0.019 s; distance=547201 kB, estimate=547201 kB; lsn=2/35E17718, redo lsn=2/359B78C0
2024-08-01 17:44:32.015 CEST [2082470] LOG:  checkpoint starting: wal
2024-08-01 17:44:33.764 CEST [2082596] LOG:  skipping vacuum of "t" --- lock not available
2024-08-01 17:44:33.784 CEST [2082470] LOG:  checkpoint complete: wrote 16 buffers (0.0%); 0 WAL file(s) added, 0 removed, 33 recycled; write=1.508 s, sync=0.229 s, total=1.770 s; sync files=25, longest=0.068 s, average=0.010 s; distance=536009 kB, estimate=546082 kB; lsn=2/578C2750, redo lsn=2/56529D50
2024-08-01 17:45:11.655 CEST [2082470] LOG:  checkpoint starting: wal
2024-08-01 17:45:13.458 CEST [2082470] LOG:  checkpoint complete: wrote 18 buffers (0.0%); 0 WAL file(s) added, 0 removed, 33 recycled; write=1.708 s, sync=0.063 s, total=1.804 s; sync files=24, longest=0.059 s, average=0.003 s; distance=540626 kB, estimate=545536 kB; lsn=2/79370430, redo lsn=2/7751E920
2024-08-01 17:45:33.775 CEST [2082668] LOG:  skipping vacuum of "t" --- lock not available
2024-08-01 17:45:52.085 CEST [2082470] LOG:  checkpoint starting: wal
2024-08-01 17:45:53.897 CEST [2082470] LOG:  checkpoint complete: wrote 14 buffers (0.0%); 0 WAL file(s) added, 0 removed, 33 recycled; write=1.308 s, sync=0.473 s, total=1.813 s; sync files=24, longest=0.070 s, average=0.020 s; distance=546108 kB, estimate=546108 kB; lsn=2/9AE1D920, redo lsn=2/98A6DC70
2024-08-01 17:46:33.262 CEST [2082470] LOG:  checkpoint starting: wal
2024-08-01 17:46:33.779 CEST [2082684] LOG:  skipping vacuum of "t" --- lock not available
2024-08-01 17:46:35.221 CEST [2082470] LOG:  checkpoint complete: wrote 14 buffers (0.0%); 0 WAL file(s) added, 0 removed, 33 recycled; write=1.307 s, sync=0.583 s, total=1.960 s; sync files=24, longest=0.085 s, average=0.025 s; distance=530967 kB, estimate=544594 kB; lsn=2/C5978670, redo lsn=2/B90F3A68
2024-08-01 17:46:37.272 CEST [2082470] LOG:  checkpoints are occurring too frequently (4 seconds apart)
2024-08-01 17:46:37.272 CEST [2082470] HINT:  Consider increasing the configuration parameter "max_wal_size".
2024-08-01 17:46:37.272 CEST [2082470] LOG:  checkpoint starting: wal
2024-08-01 17:46:40.379 CEST [2082470] LOG:  checkpoint complete: wrote 35 buffers (0.0%); 0 WAL file(s) added, 1 removed, 33 recycled; write=3.011 s, sync=0.004 s, total=3.107 s; sync files=18, longest=0.002 s, average=0.001 s; distance=556312 kB, estimate=556312 kB; lsn=2/F9A38508, redo lsn=2/DB039AA8
2024-08-01 17:46:40.569 CEST [2082470] LOG:  checkpoints are occurring too frequently (3 seconds apart)
2024-08-01 17:46:40.569 CEST [2082470] HINT:  Consider increasing the configuration parameter "max_wal_size".
2024-08-01 17:46:40.570 CEST [2082470] LOG:  checkpoint starting: wal
2024-08-01 17:46:40.623 CEST [2082470] LOG:  checkpoint complete: wrote 0 buffers (0.0%); 0 WAL file(s) added, 0 removed, 33 recycled; write=0.004 s, sync=0.001 s, total=0.054 s; sync files=0, longest=0.000 s, average=0.000 s; distance=543526 kB, estimate=555033 kB; lsn=2/FC5AB038, redo lsn=2/FC303430
2024-08-01 17:46:44.180 CEST [2082470] LOG:  checkpoints are occurring too frequently (4 seconds apart)
2024-08-01 17:46:44.180 CEST [2082470] HINT:  Consider increasing the configuration parameter "max_wal_size".
2024-08-01 17:46:44.180 CEST [2082470] LOG:  checkpoint starting: wal
2024-08-01 17:46:44.253 CEST [2082470] LOG:  checkpoint complete: wrote 0 buffers (0.0%); 0 WAL file(s) added, 0 removed, 34 recycled; write=0.004 s, sync=0.001 s, total=0.073 s; sync files=0, longest=0.000 s, average=0.000 s; distance=554154 kB, estimate=554945 kB; lsn=3/1E297E38, redo lsn=3/1E02DEE0
2024-08-01 17:46:48.046 CEST [2082470] LOG:  checkpoints are occurring too frequently (4 seconds apart)
2024-08-01 17:46:48.046 CEST [2082470] HINT:  Consider increasing the configuration parameter "max_wal_size".
2024-08-01 17:46:48.046 CEST [2082470] LOG:  checkpoint starting: wal
2024-08-01 17:46:48.115 CEST [2082470] LOG:  checkpoint complete: wrote 0 buffers (0.0%); 0 WAL file(s) added, 0 removed, 34 recycled; write=0.005 s, sync=0.001 s, total=0.069 s; sync files=0, longest=0.000 s, average=0.000 s; distance=556873 kB, estimate=556873 kB; lsn=3/402A8198, redo lsn=3/40000590
2024-08-01 17:46:51.417 CEST [2082470] LOG:  checkpoints are occurring too frequently (3 seconds apart)
2024-08-01 17:46:51.417 CEST [2082470] HINT:  Consider increasing the configuration parameter "max_wal_size".
2024-08-01 17:46:51.417 CEST [2082470] LOG:  checkpoint starting: wal
2024-08-01 17:46:51.485 CEST [2082470] LOG:  checkpoint complete: wrote 0 buffers (0.0%); 0 WAL file(s) added, 0 removed, 34 recycled; write=0.004 s, sync=0.001 s, total=0.069 s; sync files=0, longest=0.000 s, average=0.000 s; distance=557120 kB, estimate=557120 kB; lsn=3/6227A7C0, redo lsn=3/62010868
2024-08-01 17:46:54.796 CEST [2082470] LOG:  checkpoints are occurring too frequently (3 seconds apart)
2024-08-01 17:46:54.796 CEST [2082470] HINT:  Consider increasing the configuration parameter "max_wal_size".
2024-08-01 17:46:54.796 CEST [2082470] LOG:  checkpoint starting: wal
2024-08-01 17:46:54.913 CEST [2082470] LOG:  checkpoint complete: wrote 0 buffers (0.0%); 0 WAL file(s) added, 0 removed, 34 recycled; write=0.004 s, sync=0.001 s, total=0.117 s; sync files=0, longest=0.000 s, average=0.000 s; distance=557120 kB, estimate=557120 kB; lsn=3/843063F8, redo lsn=3/84020B40
2024-08-01 17:46:58.668 CEST [2082470] LOG:  checkpoints are occurring too frequently (4 seconds apart)
2024-08-01 17:46:58.668 CEST [2082470] HINT:  Consider increasing the configuration parameter "max_wal_size".
2024-08-01 17:46:58.669 CEST [2082470] LOG:  checkpoint starting: wal
2024-08-01 17:46:58.719 CEST [2082470] LOG:  checkpoint complete: wrote 0 buffers (0.0%); 0 WAL file(s) added, 0 removed, 33 recycled; write=0.004 s, sync=0.001 s, total=0.052 s; sync files=0, longest=0.000 s, average=0.000 s; distance=540807 kB, estimate=555489 kB; lsn=3/A52EA558, redo lsn=3/A5042950
2024-08-01 17:47:04.467 CEST [2082470] LOG:  checkpoints are occurring too frequently (6 seconds apart)
2024-08-01 17:47:04.467 CEST [2082470] HINT:  Consider increasing the configuration parameter "max_wal_size".
2024-08-01 17:47:04.467 CEST [2082470] LOG:  checkpoint starting: wal
2024-08-01 17:47:05.622 CEST [2082470] LOG:  checkpoint complete: wrote 9 buffers (0.0%); 0 WAL file(s) added, 0 removed, 34 recycled; write=0.906 s, sync=0.200 s, total=1.155 s; sync files=6, longest=0.198 s, average=0.034 s; distance=556888 kB, estimate=556888 kB; lsn=3/CE945C00, redo lsn=3/C7018CF0
2024-08-01 17:47:30.568 CEST [2082470] LOG:  checkpoints are occurring too frequently (26 seconds apart)
2024-08-01 17:47:30.568 CEST [2082470] HINT:  Consider increasing the configuration parameter "max_wal_size".
2024-08-01 17:47:30.569 CEST [2082470] LOG:  checkpoint starting: wal
2024-08-01 17:47:31.523 CEST [2082470] LOG:  checkpoint complete: wrote 5 buffers (0.0%); 0 WAL file(s) added, 0 removed, 33 recycled; write=0.515 s, sync=0.396 s, total=0.955 s; sync files=12, longest=0.074 s, average=0.033 s; distance=546469 kB, estimate=555846 kB; lsn=3/E8C3E7B0, redo lsn=3/E85C21F0
2024-08-01 17:47:33.796 CEST [2082698] LOG:  skipping vacuum of "t" --- lock not available
2024-08-01 17:48:03.889 CEST [2082470] LOG:  checkpoint starting: wal
2024-08-01 17:48:05.355 CEST [2082470] LOG:  checkpoint complete: wrote 9 buffers (0.0%); 0 WAL file(s) added, 0 removed, 33 recycled; write=0.916 s, sync=0.518 s, total=1.467 s; sync files=16, longest=0.103 s, average=0.033 s; distance=541017 kB, estimate=554363 kB; lsn=4/A6DE440, redo lsn=4/96186B0
2024-08-01 17:48:33.815 CEST [2082718] LOG:  skipping vacuum of "t" --- lock not available
2024-08-01 17:48:38.020 CEST [2082470] LOG:  checkpoint starting: wal
2024-08-01 17:48:39.486 CEST [2082470] LOG:  checkpoint complete: wrote 9 buffers (0.0%); 0 WAL file(s) added, 0 removed, 33 recycled; write=0.908 s, sync=0.524 s, total=1.466 s; sync files=15, longest=0.072 s, average=0.035 s; distance=542111 kB, estimate=553138 kB; lsn=4/2C17E960, redo lsn=4/2A7802D8
2024-08-01 17:49:12.829 CEST [2082470] LOG:  checkpoint starting: wal
2024-08-01 17:49:14.245 CEST [2082470] LOG:  checkpoint complete: wrote 9 buffers (0.0%); 0 WAL file(s) added, 0 removed, 33 recycled; write=0.920 s, sync=0.468 s, total=1.417 s; sync files=15, longest=0.078 s, average=0.032 s; distance=542990 kB, estimate=552123 kB; lsn=4/4DC1F778, redo lsn=4/4B9C3E48
2024-08-01 17:49:33.835 CEST [2082737] LOG:  skipping vacuum of "t" --- lock not available
2024-08-01 17:49:48.541 CEST [2082470] LOG:  checkpoint starting: wal
2024-08-01 17:49:50.241 CEST [2082470] LOG:  checkpoint complete: wrote 12 buffers (0.0%); 0 WAL file(s) added, 0 removed, 33 recycled; write=1.217 s, sync=0.454 s, total=1.700 s; sync files=15, longest=0.072 s, average=0.031 s; distance=544529 kB, estimate=551364 kB; lsn=4/6F6C1078, redo lsn=4/6CD88530
2024-08-01 17:50:21.745 CEST [2082470] LOG:  checkpoint starting: wal
2024-08-01 17:50:23.407 CEST [2082470] LOG:  checkpoint complete: wrote 11 buffers (0.0%); 0 WAL file(s) added, 0 removed, 33 recycled; write=1.107 s, sync=0.523 s, total=1.663 s; sync files=14, longest=0.107 s, average=0.038 s; distance=532455 kB, estimate=549473 kB; lsn=4/8D5824E8, redo lsn=4/8D5821D8
2024-08-01 17:50:33.855 CEST [2082756] LOG:  skipping vacuum of "t" --- lock not available
2024-08-01 17:50:58.932 CEST [2082470] LOG:  checkpoint starting: wal
2024-08-01 17:51:00.631 CEST [2082470] LOG:  checkpoint complete: wrote 12 buffers (0.0%); 0 WAL file(s) added, 0 removed, 33 recycled; write=1.206 s, sync=0.455 s, total=1.700 s; sync files=16, longest=0.079 s, average=0.029 s; distance=538803 kB, estimate=548406 kB; lsn=4/AF02B7F0, redo lsn=4/AE3AEE30
2024-08-01 17:51:33.875 CEST [2082774] LOG:  skipping vacuum of "t" --- lock not available
2024-08-01 17:51:37.245 CEST [2082470] LOG:  checkpoint starting: wal
2024-08-01 17:51:38.345 CEST [2082470] LOG:  checkpoint complete: wrote 6 buffers (0.0%); 0 WAL file(s) added, 0 removed, 33 recycled; write=0.620 s, sync=0.447 s, total=1.101 s; sync files=15, longest=0.081 s, average=0.030 s; distance=547383 kB, estimate=548304 kB; lsn=4/D0ACC998, redo lsn=4/CFA3CB38
2024-08-01 17:52:16.337 CEST [2082470] LOG:  checkpoint starting: wal
2024-08-01 17:52:17.480 CEST [2082470] LOG:  checkpoint complete: wrote 7 buffers (0.0%); 0 WAL file(s) added, 0 removed, 33 recycled; write=0.713 s, sync=0.389 s, total=1.144 s; sync files=15, longest=0.074 s, average=0.026 s; distance=533341 kB, estimate=546807 kB; lsn=4/F2570450, redo lsn=4/F0314310
2024-08-01 17:52:33.891 CEST [2082790] LOG:  skipping vacuum of "t" --- lock not available
2024-08-01 17:52:56.412 CEST [2082470] LOG:  checkpoint starting: wal
2024-08-01 17:52:57.510 CEST [2082470] LOG:  checkpoint complete: wrote 6 buffers (0.0%); 0 WAL file(s) added, 0 removed, 33 recycled; write=0.605 s, sync=0.461 s, total=1.098 s; sync files=14, longest=0.097 s, average=0.033 s; distance=538823 kB, estimate=546009 kB; lsn=5/14012838, redo lsn=5/11146090
2024-08-01 17:53:33.910 CEST [2082807] LOG:  skipping vacuum of "t" --- lock not available
2024-08-01 17:53:37.700 CEST [2082470] LOG:  checkpoint starting: wal
2024-08-01 17:53:38.865 CEST [2082470] LOG:  checkpoint complete: wrote 7 buffers (0.0%); 0 WAL file(s) added, 0 removed, 33 recycled; write=0.727 s, sync=0.406 s, total=1.165 s; sync files=14, longest=0.078 s, average=0.029 s; distance=549806 kB, estimate=549806 kB; lsn=5/35AB41C8, redo lsn=5/32A31980
2024-08-01 17:54:03.847 CEST [2082470] LOG:  checkpoint starting: immediate force wait
2024-08-01 17:54:05.070 CEST [2082470] LOG:  checkpoint complete: wrote 12305 buffers (4.7%); 0 WAL file(s) added, 0 removed, 24 recycled; write=0.114 s, sync=1.070 s, total=1.224 s; sync files=780, longest=0.628 s, average=0.002 s; distance=394193 kB, estimate=534244 kB; lsn=5/4AB25F68, redo lsn=5/4AB25F10
2024-08-01 17:55:18.794 CEST [2082469] LOG:  received fast shutdown request
2024-08-01 17:55:18.795 CEST [2082469] LOG:  aborting any active transactions
2024-08-01 17:55:18.797 CEST [2082469] LOG:  background worker "logical replication launcher" (PID 2082475) exited with exit code 1
2024-08-01 17:55:18.799 CEST [2082470] LOG:  shutting down
2024-08-01 17:55:18.800 CEST [2082470] LOG:  checkpoint starting: shutdown immediate
2024-08-01 17:55:18.809 CEST [2082470] LOG:  checkpoint complete: wrote 65 buffers (0.0%); 0 WAL file(s) added, 0 removed, 0 recycled; write=0.004 s, sync=0.003 s, total=0.011 s; sync files=5, longest=0.003 s, average=0.001 s; distance=202 kB, estimate=480840 kB; lsn=5/4AB58798, redo lsn=5/4AB58798
2024-08-01 17:55:19.214 CEST [2082469] LOG:  database system is shut down
