2024-08-01 12:55:45.285 BST [19256] LOG:  starting PostgreSQL 18devel on armv8l-unknown-linux-gnueabihf, compiled by gcc (Raspbian 12.2.0-14+rpi1) 12.2.0, 32-bit
2024-08-01 12:55:45.287 BST [19256] LOG:  listening on IPv6 address "::1", port 5432
2024-08-01 12:55:45.287 BST [19256] LOG:  listening on IPv4 address "127.0.0.1", port 5432
2024-08-01 12:55:45.324 BST [19256] LOG:  listening on Unix socket "/tmp/.s.PGSQL.5432"
2024-08-01 12:55:45.327 BST [19259] LOG:  database system was shut down at 2024-08-01 12:55:42 BST
2024-08-01 12:55:45.334 BST [19256] LOG:  database system is ready to accept connections
2024-08-01 12:55:59.176 BST [19257] LOG:  checkpoints are occurring too frequently (14 seconds apart)
2024-08-01 12:55:59.176 BST [19257] HINT:  Consider increasing the configuration parameter "max_wal_size".
2024-08-01 12:55:59.176 BST [19257] LOG:  checkpoint starting: wal
2024-08-01 12:56:51.156 BST [19257] LOG:  checkpoint complete: wrote 60435 buffers (46.1%); 0 WAL file(s) added, 0 removed, 33 recycled; write=50.595 s, sync=1.185 s, total=51.980 s; sync files=787, longest=0.064 s, average=0.002 s; distance=537502 kB, estimate=537502 kB; lsn=0/406C5198, redo lsn=0/221CD788
2024-08-01 12:56:55.453 BST [19257] LOG:  checkpoint starting: wal
2024-08-01 12:56:58.716 BST [19257] LOG:  checkpoint complete: wrote 29 buffers (0.0%); 0 WAL file(s) added, 0 removed, 33 recycled; write=2.845 s, sync=0.282 s, total=3.264 s; sync files=30, longest=0.025 s, average=0.010 s; distance=539514 kB, estimate=539514 kB; lsn=0/448AF930, redo lsn=0/430AC280
2024-08-01 12:57:10.344 BST [19257] LOG:  checkpoints are occurring too frequently (15 seconds apart)
2024-08-01 12:57:10.344 BST [19257] HINT:  Consider increasing the configuration parameter "max_wal_size".
2024-08-01 12:57:10.344 BST [19257] LOG:  checkpoint starting: wal
2024-08-01 12:57:16.346 BST [19257] LOG:  checkpoint complete: wrote 45 buffers (0.0%); 0 WAL file(s) added, 0 removed, 33 recycled; write=4.587 s, sync=1.234 s, total=6.003 s; sync files=40, longest=1.079 s, average=0.031 s; distance=541076 kB, estimate=541076 kB; lsn=0/682BDB80, redo lsn=0/64111488
2024-08-01 12:57:45.416 BST [19449] LOG:  skipping vacuum of "t" --- lock not available
2024-08-01 12:58:03.568 BST [19257] LOG:  checkpoint starting: wal
2024-08-01 12:58:15.746 BST [19257] LOG:  checkpoint complete: wrote 125 buffers (0.1%); 0 WAL file(s) added, 0 removed, 33 recycled; write=9.776 s, sync=2.290 s, total=12.178 s; sync files=876, longest=1.036 s, average=0.003 s; distance=540265 kB, estimate=540995 kB; lsn=0/8983ECC8, redo lsn=0/850ABA30
2024-08-01 12:58:15.746 BST [19257] LOG:  checkpoint starting: immediate force wait
2024-08-01 12:58:16.579 BST [19257] LOG:  checkpoint complete: wrote 8166 buffers (6.2%); 0 WAL file(s) added, 0 removed, 4 recycled; write=0.084 s, sync=0.699 s, total=0.834 s; sync files=449, longest=0.095 s, average=0.002 s; distance=73292 kB, estimate=494225 kB; lsn=0/8983ED98, redo lsn=0/8983ED40
2024-08-01 12:59:29.435 BST [19256] LOG:  received fast shutdown request
2024-08-01 12:59:29.437 BST [19256] LOG:  aborting any active transactions
2024-08-01 12:59:29.438 BST [19256] LOG:  background worker "logical replication launcher" (PID 19262) exited with exit code 1
2024-08-01 12:59:29.439 BST [19257] LOG:  shutting down
2024-08-01 12:59:29.441 BST [19257] LOG:  checkpoint starting: shutdown immediate
2024-08-01 12:59:29.470 BST [19257] LOG:  checkpoint complete: wrote 96 buffers (0.1%); 0 WAL file(s) added, 0 removed, 0 recycled; write=0.010 s, sync=0.014 s, total=0.032 s; sync files=10, longest=0.003 s, average=0.002 s; distance=354 kB, estimate=444838 kB; lsn=0/898977B8, redo lsn=0/898977B8
2024-08-01 12:59:29.694 BST [19256] LOG:  database system is shut down
