2024-07-30 16:52:50.384 BST [4724] LOG:  starting PostgreSQL 18devel on armv8l-unknown-linux-gnueabihf, compiled by gcc (Raspbian 12.2.0-14+rpi1) 12.2.0, 32-bit
2024-07-30 16:52:50.385 BST [4724] LOG:  listening on IPv6 address "::1", port 5432
2024-07-30 16:52:50.385 BST [4724] LOG:  listening on IPv4 address "127.0.0.1", port 5432
2024-07-30 16:52:50.395 BST [4724] LOG:  listening on Unix socket "/tmp/.s.PGSQL.5432"
2024-07-30 16:52:50.399 BST [4727] LOG:  database system was shut down at 2024-07-30 16:52:47 BST
2024-07-30 16:52:50.406 BST [4724] LOG:  database system is ready to accept connections
2024-07-30 16:53:04.668 BST [4725] LOG:  checkpoints are occurring too frequently (14 seconds apart)
2024-07-30 16:53:04.668 BST [4725] HINT:  Consider increasing the configuration parameter "max_wal_size".
2024-07-30 16:53:04.668 BST [4725] LOG:  checkpoint starting: wal
2024-07-30 16:53:59.889 BST [4725] LOG:  checkpoint complete: wrote 60435 buffers (46.1%); 0 WAL file(s) added, 0 removed, 33 recycled; write=53.185 s, sync=1.809 s, total=55.221 s; sync files=787, longest=0.095 s, average=0.003 s; distance=537502 kB, estimate=537502 kB; lsn=0/406C5198, redo lsn=0/221CD788
2024-07-30 16:54:04.146 BST [4725] LOG:  checkpoint starting: wal
2024-07-30 16:54:07.465 BST [4725] LOG:  checkpoint complete: wrote 29 buffers (0.0%); 0 WAL file(s) added, 0 removed, 33 recycled; write=2.844 s, sync=0.307 s, total=3.320 s; sync files=30, longest=0.025 s, average=0.011 s; distance=539514 kB, estimate=539514 kB; lsn=0/448AF998, redo lsn=0/430AC280
2024-07-30 16:54:19.662 BST [4725] LOG:  checkpoints are occurring too frequently (15 seconds apart)
2024-07-30 16:54:19.662 BST [4725] HINT:  Consider increasing the configuration parameter "max_wal_size".
2024-07-30 16:54:19.663 BST [4725] LOG:  checkpoint starting: wal
2024-07-30 16:54:25.498 BST [4725] LOG:  checkpoint complete: wrote 45 buffers (0.0%); 0 WAL file(s) added, 0 removed, 33 recycled; write=4.470 s, sync=1.183 s, total=5.836 s; sync files=39, longest=1.099 s, average=0.031 s; distance=541076 kB, estimate=541076 kB; lsn=0/676F75D0, redo lsn=0/64111488
2024-07-30 16:54:50.493 BST [4913] LOG:  skipping vacuum of "t" --- lock not available
2024-07-30 16:55:18.609 BST [4725] LOG:  checkpoint starting: wal
2024-07-30 16:55:31.963 BST [4725] LOG:  checkpoint complete: wrote 125 buffers (0.1%); 0 WAL file(s) added, 0 removed, 33 recycled; write=10.951 s, sync=2.276 s, total=13.354 s; sync files=877, longest=0.998 s, average=0.003 s; distance=540264 kB, estimate=540995 kB; lsn=0/89864790, redo lsn=0/850AB828
2024-07-30 16:55:31.963 BST [4725] LOG:  checkpoint starting: immediate force wait
2024-07-30 16:55:32.822 BST [4725] LOG:  checkpoint complete: wrote 8198 buffers (6.3%); 0 WAL file(s) added, 0 removed, 4 recycled; write=0.111 s, sync=0.698 s, total=0.860 s; sync files=454, longest=0.069 s, average=0.002 s; distance=73443 kB, estimate=494240 kB; lsn=0/89864860, redo lsn=0/89864808
2024-07-30 16:56:51.622 BST [4724] LOG:  received fast shutdown request
2024-07-30 16:56:51.623 BST [4724] LOG:  aborting any active transactions
2024-07-30 16:56:51.625 BST [4724] LOG:  background worker "logical replication launcher" (PID 4730) exited with exit code 1
2024-07-30 16:56:51.626 BST [4725] LOG:  shutting down
2024-07-30 16:56:51.627 BST [4725] LOG:  checkpoint starting: shutdown immediate
2024-07-30 16:56:51.650 BST [4725] LOG:  checkpoint complete: wrote 64 buffers (0.0%); 0 WAL file(s) added, 0 removed, 0 recycled; write=0.010 s, sync=0.008 s, total=0.025 s; sync files=5, longest=0.003 s, average=0.002 s; distance=208 kB, estimate=444837 kB; lsn=0/89898A30, redo lsn=0/89898A30
2024-07-30 16:56:51.868 BST [4724] LOG:  database system is shut down
