2024-07-31 21:27:47.622 CEST [1254918] LOG:  starting PostgreSQL 18devel on x86_64-pc-linux-gnu, compiled by gcc (Debian 12.2.0-14) 12.2.0, 64-bit
2024-07-31 21:27:47.622 CEST [1254918] LOG:  listening on IPv6 address "::1", port 5432
2024-07-31 21:27:47.622 CEST [1254918] LOG:  listening on IPv4 address "127.0.0.1", port 5432
2024-07-31 21:27:47.625 CEST [1254918] LOG:  listening on Unix socket "/tmp/.s.PGSQL.5432"
2024-07-31 21:27:47.628 CEST [1254921] LOG:  database system was shut down at 2024-07-31 21:27:46 CEST
2024-07-31 21:27:47.632 CEST [1254918] LOG:  database system is ready to accept connections
2024-07-31 21:27:58.690 CEST [1254919] LOG:  checkpoints are occurring too frequently (11 seconds apart)
2024-07-31 21:27:58.690 CEST [1254919] HINT:  Consider increasing the configuration parameter "max_wal_size".
2024-07-31 21:27:58.690 CEST [1254919] LOG:  checkpoint starting: wal
2024-07-31 21:28:10.891 CEST [1254919] LOG:  checkpoint complete: wrote 6830 buffers (2.6%); 0 WAL file(s) added, 4 removed, 29 recycled; write=10.294 s, sync=1.828 s, total=12.202 s; sync files=803, longest=0.021 s, average=0.003 s; distance=537539 kB, estimate=537539 kB; lsn=0/44CACA08, redo lsn=0/221DC058
2024-07-31 21:28:10.891 CEST [1254919] LOG:  checkpoints are occurring too frequently (12 seconds apart)
2024-07-31 21:28:10.891 CEST [1254919] HINT:  Consider increasing the configuration parameter "max_wal_size".
2024-07-31 21:28:10.891 CEST [1254919] LOG:  checkpoint starting: wal
2024-07-31 21:28:16.534 CEST [1254919] LOG:  checkpoint complete: wrote 51 buffers (0.0%); 0 WAL file(s) added, 0 removed, 34 recycled; write=5.023 s, sync=0.584 s, total=5.644 s; sync files=189, longest=0.013 s, average=0.004 s; distance=570116 kB, estimate=570116 kB; lsn=0/56603610, redo lsn=0/44E9D2F0
2024-07-31 21:28:21.204 CEST [1254919] LOG:  checkpoints are occurring too frequently (11 seconds apart)
2024-07-31 21:28:21.204 CEST [1254919] HINT:  Consider increasing the configuration parameter "max_wal_size".
2024-07-31 21:28:21.204 CEST [1254919] LOG:  checkpoint starting: wal
2024-07-31 21:28:26.989 CEST [1254919] LOG:  checkpoint complete: wrote 49 buffers (0.0%); 0 WAL file(s) added, 0 removed, 33 recycled; write=4.821 s, sync=0.916 s, total=5.785 s; sync files=279, longest=0.015 s, average=0.004 s; distance=526428 kB, estimate=565747 kB; lsn=0/773C1CD0, redo lsn=0/650B4460
2024-07-31 21:28:29.541 CEST [1254919] LOG:  checkpoint starting: immediate force wait
2024-07-31 21:28:29.848 CEST [1254919] LOG:  checkpoint complete: wrote 188 buffers (0.1%); 0 WAL file(s) added, 0 removed, 25 recycled; write=0.006 s, sync=0.270 s, total=0.308 s; sync files=108, longest=0.012 s, average=0.003 s; distance=409953 kB, estimate=550168 kB; lsn=0/7E10C960, redo lsn=0/7E10C908
2024-07-31 21:29:40.089 CEST [1254918] LOG:  received fast shutdown request
2024-07-31 21:29:40.090 CEST [1254918] LOG:  aborting any active transactions
2024-07-31 21:29:40.090 CEST [1254918] LOG:  background worker "logical replication launcher" (PID 1254924) exited with exit code 1
2024-07-31 21:29:40.092 CEST [1254919] LOG:  shutting down
2024-07-31 21:29:40.092 CEST [1254919] LOG:  checkpoint starting: shutdown immediate
2024-07-31 21:29:40.104 CEST [1254919] LOG:  checkpoint complete: wrote 53 buffers (0.0%); 0 WAL file(s) added, 0 removed, 0 recycled; write=0.006 s, sync=0.003 s, total=0.013 s; sync files=12, longest=0.001 s, average=0.001 s; distance=294 kB, estimate=495180 kB; lsn=0/7E1561F8, redo lsn=0/7E1561F8
2024-07-31 21:29:40.271 CEST [1254918] LOG:  database system is shut down
