2024-07-31 01:49:20.172 CEST [866435] LOG:  starting PostgreSQL 18devel on x86_64-pc-linux-gnu, compiled by gcc (Debian 12.2.0-14) 12.2.0, 64-bit
2024-07-31 01:49:20.173 CEST [866435] LOG:  listening on IPv6 address "::1", port 5432
2024-07-31 01:49:20.173 CEST [866435] LOG:  listening on IPv4 address "127.0.0.1", port 5432
2024-07-31 01:49:20.187 CEST [866435] LOG:  listening on Unix socket "/tmp/.s.PGSQL.5432"
2024-07-31 01:49:20.190 CEST [866438] LOG:  database system was shut down at 2024-07-31 01:49:19 CEST
2024-07-31 01:49:20.194 CEST [866435] LOG:  database system is ready to accept connections
2024-07-31 01:49:31.391 CEST [866436] LOG:  checkpoints are occurring too frequently (11 seconds apart)
2024-07-31 01:49:31.391 CEST [866436] HINT:  Consider increasing the configuration parameter "max_wal_size".
2024-07-31 01:49:31.391 CEST [866436] LOG:  checkpoint starting: wal
2024-07-31 01:49:43.723 CEST [866436] LOG:  checkpoint complete: wrote 6830 buffers (2.6%); 0 WAL file(s) added, 5 removed, 28 recycled; write=10.396 s, sync=1.860 s, total=12.332 s; sync files=804, longest=0.018 s, average=0.003 s; distance=537539 kB, estimate=537539 kB; lsn=0/4508D570, redo lsn=0/221DC058
2024-07-31 01:49:43.723 CEST [866436] LOG:  checkpoints are occurring too frequently (12 seconds apart)
2024-07-31 01:49:43.723 CEST [866436] HINT:  Consider increasing the configuration parameter "max_wal_size".
2024-07-31 01:49:43.723 CEST [866436] LOG:  checkpoint starting: wal
2024-07-31 01:49:49.373 CEST [866436] LOG:  checkpoint complete: wrote 51 buffers (0.0%); 0 WAL file(s) added, 0 removed, 35 recycled; write=5.025 s, sync=0.593 s, total=5.651 s; sync files=190, longest=0.012 s, average=0.004 s; distance=573493 kB, estimate=573493 kB; lsn=0/569E4478, redo lsn=0/451E9570
2024-07-31 01:49:54.320 CEST [866436] LOG:  checkpoints are occurring too frequently (11 seconds apart)
2024-07-31 01:49:54.320 CEST [866436] HINT:  Consider increasing the configuration parameter "max_wal_size".
2024-07-31 01:49:54.320 CEST [866436] LOG:  checkpoint starting: wal
2024-07-31 01:50:00.106 CEST [866436] LOG:  checkpoint complete: wrote 49 buffers (0.0%); 0 WAL file(s) added, 0 removed, 33 recycled; write=4.818 s, sync=0.921 s, total=5.786 s; sync files=285, longest=0.014 s, average=0.004 s; distance=538941 kB, estimate=570038 kB; lsn=0/78157310, redo lsn=0/66038B80
2024-07-31 01:50:02.409 CEST [866436] LOG:  checkpoint starting: immediate force wait
2024-07-31 01:50:02.670 CEST [866436] LOG:  checkpoint complete: wrote 188 buffers (0.1%); 0 WAL file(s) added, 0 removed, 24 recycled; write=0.008 s, sync=0.223 s, total=0.261 s; sync files=100, longest=0.004 s, average=0.003 s; distance=394070 kB, estimate=552441 kB; lsn=0/7E10E450, redo lsn=0/7E10E3F8
2024-07-31 01:51:12.913 CEST [866435] LOG:  received fast shutdown request
2024-07-31 01:51:12.914 CEST [866435] LOG:  aborting any active transactions
2024-07-31 01:51:12.914 CEST [866435] LOG:  background worker "logical replication launcher" (PID 866441) exited with exit code 1
2024-07-31 01:51:12.916 CEST [866436] LOG:  shutting down
2024-07-31 01:51:12.917 CEST [866436] LOG:  checkpoint starting: shutdown immediate
2024-07-31 01:51:12.927 CEST [866436] LOG:  checkpoint complete: wrote 53 buffers (0.0%); 0 WAL file(s) added, 0 removed, 0 recycled; write=0.005 s, sync=0.003 s, total=0.011 s; sync files=12, longest=0.001 s, average=0.001 s; distance=294 kB, estimate=497226 kB; lsn=0/7E157CD0, redo lsn=0/7E157CD0
2024-07-31 01:51:13.099 CEST [866435] LOG:  database system is shut down
