2024-08-01 00:31:07.436 BST [18644] LOG:  starting PostgreSQL 18devel on armv8l-unknown-linux-gnueabihf, compiled by gcc (Raspbian 12.2.0-14+rpi1) 12.2.0, 32-bit
2024-08-01 00:31:07.437 BST [18644] LOG:  listening on IPv6 address "::1", port 5432
2024-08-01 00:31:07.437 BST [18644] LOG:  listening on IPv4 address "127.0.0.1", port 5432
2024-08-01 00:31:07.453 BST [18644] LOG:  listening on Unix socket "/tmp/.s.PGSQL.5432"
2024-08-01 00:31:07.457 BST [18647] LOG:  database system was shut down at 2024-08-01 00:31:04 BST
2024-08-01 00:31:07.464 BST [18644] LOG:  database system is ready to accept connections
2024-08-01 00:31:21.077 BST [18645] LOG:  checkpoints are occurring too frequently (14 seconds apart)
2024-08-01 00:31:21.077 BST [18645] HINT:  Consider increasing the configuration parameter "max_wal_size".
2024-08-01 00:31:21.078 BST [18645] LOG:  checkpoint starting: wal
2024-08-01 00:32:12.745 BST [18645] LOG:  checkpoint complete: wrote 60435 buffers (46.1%); 0 WAL file(s) added, 0 removed, 33 recycled; write=49.744 s, sync=1.716 s, total=51.667 s; sync files=787, longest=0.065 s, average=0.003 s; distance=537502 kB, estimate=537502 kB; lsn=0/40CC1940, redo lsn=0/221CD788
2024-08-01 00:32:16.396 BST [18645] LOG:  checkpoint starting: wal
2024-08-01 00:32:19.571 BST [18645] LOG:  checkpoint complete: wrote 28 buffers (0.0%); 0 WAL file(s) added, 0 removed, 33 recycled; write=2.746 s, sync=0.294 s, total=3.176 s; sync files=30, longest=0.029 s, average=0.010 s; distance=539514 kB, estimate=539514 kB; lsn=0/448AF930, redo lsn=0/430AC280
2024-08-01 00:32:32.687 BST [18645] LOG:  checkpoints are occurring too frequently (16 seconds apart)
2024-08-01 00:32:32.687 BST [18645] HINT:  Consider increasing the configuration parameter "max_wal_size".
2024-08-01 00:32:32.687 BST [18645] LOG:  checkpoint starting: wal
2024-08-01 00:32:38.495 BST [18645] LOG:  checkpoint complete: wrote 45 buffers (0.0%); 0 WAL file(s) added, 0 removed, 33 recycled; write=4.467 s, sync=1.172 s, total=5.809 s; sync files=40, longest=1.055 s, average=0.030 s; distance=541076 kB, estimate=541076 kB; lsn=0/67CF39C0, redo lsn=0/64111488
2024-08-01 00:33:07.544 BST [18839] LOG:  skipping vacuum of "t" --- lock not available
2024-08-01 00:33:27.354 BST [18645] LOG:  checkpoint starting: wal
2024-08-01 00:33:39.940 BST [18645] LOG:  checkpoint complete: wrote 125 buffers (0.1%); 0 WAL file(s) added, 0 removed, 33 recycled; write=10.070 s, sync=2.402 s, total=12.587 s; sync files=876, longest=1.002 s, average=0.003 s; distance=540265 kB, estimate=540995 kB; lsn=0/8983EC68, redo lsn=0/850AB9D0
2024-08-01 00:33:39.940 BST [18645] LOG:  checkpoint starting: immediate force wait
2024-08-01 00:33:40.770 BST [18645] LOG:  checkpoint complete: wrote 8166 buffers (6.2%); 0 WAL file(s) added, 0 removed, 4 recycled; write=0.084 s, sync=0.691 s, total=0.830 s; sync files=449, longest=0.094 s, average=0.002 s; distance=73292 kB, estimate=494225 kB; lsn=0/8983ED38, redo lsn=0/8983ECE0
2024-08-01 00:34:53.327 BST [18644] LOG:  received fast shutdown request
2024-08-01 00:34:53.329 BST [18644] LOG:  aborting any active transactions
2024-08-01 00:34:53.329 BST [18644] LOG:  background worker "logical replication launcher" (PID 18650) exited with exit code 1
2024-08-01 00:34:53.332 BST [18645] LOG:  shutting down
2024-08-01 00:34:53.333 BST [18645] LOG:  checkpoint starting: shutdown immediate
2024-08-01 00:34:53.361 BST [18645] LOG:  checkpoint complete: wrote 96 buffers (0.1%); 0 WAL file(s) added, 0 removed, 0 recycled; write=0.011 s, sync=0.012 s, total=0.030 s; sync files=10, longest=0.002 s, average=0.002 s; distance=354 kB, estimate=444838 kB; lsn=0/89897758, redo lsn=0/89897758
2024-08-01 00:34:53.611 BST [18644] LOG:  database system is shut down
