  PID TTY      STAT   TIME COMMAND
    1 ?        Ss     0:05 /sbin/init
    2 ?        S      0:00 [kthreadd]
    3 ?        S      0:00 [pool_workqueue_release]
    4 ?        I<     0:00 [kworker/R-rcu_g]
    5 ?        I<     0:00 [kworker/R-rcu_p]
    6 ?        I<     0:00 [kworker/R-slub_]
    7 ?        I<     0:00 [kworker/R-netns]
   12 ?        I<     0:00 [kworker/R-mm_pe]
   13 ?        I      0:00 [rcu_tasks_kthread]
   14 ?        I      0:00 [rcu_tasks_rude_kthread]
   15 ?        I      0:00 [rcu_tasks_trace_kthread]
   16 ?        S      1:02 [ksoftirqd/0]
   17 ?        I      0:42 [rcu_preempt]
   18 ?        S      0:00 [migration/0]
   19 ?        S      0:00 [cpuhp/0]
   20 ?        S      0:00 [cpuhp/1]
   21 ?        S      0:00 [migration/1]
   22 ?        S      1:00 [ksoftirqd/1]
   25 ?        S      0:00 [cpuhp/2]
   26 ?        S      0:00 [migration/2]
   27 ?        S      0:59 [ksoftirqd/2]
   30 ?        S      0:00 [cpuhp/3]
   31 ?        S      0:00 [migration/3]
   32 ?        S      1:00 [ksoftirqd/3]
   39 ?        S      0:00 [kdevtmpfs]
   40 ?        I<     0:00 [kworker/R-inet_]
   42 ?        S      0:00 [kauditd]
   44 ?        S      0:00 [khungtaskd]
   45 ?        S      0:00 [oom_reaper]
   46 ?        I<     0:00 [kworker/R-write]
   47 ?        S      0:09 [kcompactd0]
   48 ?        I<     0:00 [kworker/R-kinte]
   49 ?        I<     0:00 [kworker/R-kbloc]
   50 ?        I<     0:00 [kworker/R-blkcg]
   53 ?        S      0:00 [watchdogd]
   56 ?        I<     0:00 [kworker/R-rpcio]
   57 ?        I<     0:00 [kworker/R-xprti]
   59 ?        S      0:03 [kswapd0]
   60 ?        I<     0:00 [kworker/R-nfsio]
   61 ?        I<     0:00 [kworker/R-kthro]
   63 ?        S      0:00 [hwrng]
   64 ?        I<     0:00 [kworker/R-iscsi]
   65 ?        I<     0:00 [kworker/R-nvme-]
   66 ?        I<     0:00 [kworker/R-nvme-]
   67 ?        I<     0:00 [kworker/R-nvme-]
   68 ?        I<     0:00 [kworker/R-DWC N]
   69 ?        I<     0:00 [kworker/R-uas]
   70 ?        I<     0:05 [kworker/u13:0-brcmf_wq/mmc1:0001:1]
   71 ?        I<     0:00 [kworker/u14:0]
   72 ?        I<     0:00 [kworker/u15:0]
   73 ?        I<     0:00 [kworker/u16:0]
   74 ?        I<     0:00 [kworker/u17:0]
   75 ?        S      0:00 [irq/38-aerdrv]
   76 ?        S      0:00 [irq/44-aerdrv]
   85 ?        I<     0:00 [kworker/R-sdhci]
   86 ?        S      0:00 [irq/167-mmc0]
   88 ?        I<     0:00 [kworker/R-sdhci]
   89 ?        S      0:00 [irq/168-mmc1]
   91 ?        I<     0:00 [kworker/R-mmc_c]
  146 ?        S      0:00 [spi10]
  223 ?        S      0:15 [jbd2/mmcblk0p2-8]
  224 ?        I<     0:00 [kworker/R-ext4-]
  238 ?        I<     0:00 [kworker/R-mld]
  239 ?        I<     0:00 [kworker/R-ipv6_]
  288 ?        Ss     0:01 /lib/systemd/systemd-journald
  319 ?        Ss     0:02 /lib/systemd/systemd-udevd
  398 ?        S      0:00 [irq/174-1000800000.codec]
  400 ?        S      0:00 [v3d_bin]
  401 ?        S      0:00 [v3d_render]
  402 ?        S      0:00 [v3d_tfu]
  403 ?        S      0:00 [v3d_csd]
  404 ?        S      0:00 [v3d_cache_clean]
  521 ?        I<     0:00 [kworker/R-cfg80]
  535 ?        I<     0:00 [kworker/R-btrfs]
  536 ?        I<     0:00 [kworker/R-btrfs]
  537 ?        I<     0:00 [kworker/R-btrfs]
  539 ?        I<     0:00 [kworker/R-btrfs]
  540 ?        I<     0:00 [kworker/R-btrfs]
  541 ?        I<     0:00 [kworker/R-btrfs]
  542 ?        I<     0:00 [kworker/R-btrfs]
  543 ?        I<     0:00 [kworker/R-btrfs]
  544 ?        I<     0:00 [kworker/R-btrfs]
  545 ?        I<     0:00 [kworker/R-btrfs]
  546 ?        I<     0:00 [kworker/R-btrfs]
  547 ?        I<     0:00 [kworker/R-btrfs]
  548 ?        I<     0:00 [kworker/R-btrfs]
  559 ?        S      0:00 [btrfs-cleaner]
  560 ?        S      1:35 [btrfs-transaction]
  565 ?        I<     0:00 [kworker/R-brcmf]
  566 ?        S      0:00 [brcmf_wdog/mmc1:0001:1]
  583 ?        S      0:00 [irq/180-vc4 hdmi hpd connected]
  587 ?        S      0:01 [irq/181-vc4 hdmi hpd disconnected]
  588 ?        S      0:00 [cec-vc4-hdmi-0]
  589 ?        S      0:00 [irq/182-vc4 hdmi cec rx]
  622 ?        S      0:00 [irq/183-vc4 hdmi cec tx]
  628 ?        S      0:00 [irq/184-vc4 hdmi hpd connected]
  629 ?        S      0:00 [irq/185-vc4 hdmi hpd disconnected]
  630 ?        S      0:00 [cec-vc4-hdmi-1]
  631 ?        S      0:00 [irq/186-vc4 hdmi cec rx]
  632 ?        S      0:00 [irq/187-vc4 hdmi cec tx]
  635 ?        S      0:00 [card1-crtc0]
  636 ?        S      0:00 [card1-crtc1]
  637 ?        S      0:00 [card1-crtc2]
  638 ?        S      0:00 [card1-crtc3]
  661 ?        Ssl    0:00 /lib/systemd/systemd-timesyncd
  665 ?        I<     0:00 [kworker/u13:3-hci0]
  704 ?        Ss     0:01 avahi-daemon: running [raspberry-32.local]
  705 ?        Ss     0:00 /usr/libexec/bluetooth/bluetoothd
  706 ?        Ss     0:00 /usr/sbin/cron -f
  707 ?        Ss     0:03 /usr/bin/dbus-daemon --system --address=systemd: --nofork --nopidfile --systemd-activation --syslog-only
  710 ?        Ssl    0:00 /usr/lib/polkit-1/polkitd --no-debug
  720 ?        Ss     0:00 /usr/sbin/smartd -n
  722 ?        Ss     0:00 /lib/systemd/systemd-logind
  724 ?        Ss     0:00 /usr/sbin/thd --triggers /etc/triggerhappy/triggers.d/ --socket /run/thd.socket --user nobody --deviceglob /dev/input/event*
  739 ?        S      0:00 avahi-daemon: chroot helper
  757 ?        I      0:00 [kworker/u11:5-events_unbound]
  758 ?        I      0:00 [kworker/u11:8-btrfs-worker]
  767 ?        I      0:00 [kworker/u10:3-writeback]
  768 ?        I      0:00 [kworker/u10:4-btrfs-endio-write]
  790 ?        Ssl    0:08 /usr/sbin/NetworkManager --no-daemon
  815 ?        Ss     0:03 /sbin/wpa_supplicant -u -s -O DIR=/run/wpa_supplicant GROUP=netdev
  818 ?        Ssl    0:00 /usr/sbin/ModemManager
  835 ?        Ss     0:00 sshd: /usr/sbin/sshd -D [listener] 0 of 10-100 startups
  858 ?        I      0:00 [kworker/2:1-events]
  897 tty1     Ss+    0:00 /sbin/agetty -o -p -- \u --noclear - linux
  898 ?        Ss+    0:00 /sbin/agetty -o -p -- \u --keep-baud 115200,57600,38400,9600 - vt220
  958 ?        Ss     0:00 /lib/systemd/systemd --user
  959 ?        S      0:00 (sd-pam)
  993 ?        Ss     0:00 SCREEN
  994 pts/1    Ss     0:00 /bin/bash
  998 pts/1    S+     0:03 /usr/bin/bash -x ./run.sh glibc-default
 1056 ?        I      0:00 [kworker/u10:0-btrfs-endio-write]
 1463 ?        I      0:00 [kworker/1:1-events]
 2993 ?        I      0:00 [kworker/3:1-wg-crypt-wg0]
 3037 ?        I      0:00 [kworker/u9:1-btrfs-worker]
 3133 ?        I      0:00 [kworker/u10:8-btrfs-worker]
 3625 ?        I<     0:00 [kworker/1:0H]
 5374 ?        I<     0:00 [kworker/3:2H]
 5632 ?        I<     0:00 [kworker/2:2H]
 5844 ?        I      0:00 [kworker/2:2-events_power_efficient]
 6030 ?        I<     0:00 [kworker/1:1H]
 8335 ?        I      0:00 [kworker/3:2-events]
 8363 ?        I      0:00 [kworker/u9:4-writeback]
 8364 ?        I<     0:00 [kworker/3:1H-kblockd]
 8420 ?        I      0:00 [kworker/0:1-wg-crypt-wg0]
 8467 ?        I<     0:01 [kworker/3:0H-kblockd]
 8581 ?        I      0:00 [kworker/u8:3-btrfs-delayed-meta]
 8717 ?        I<     0:00 [kworker/0:2H-kblockd]
 8747 ?        I      0:00 [kworker/2:3-mm_percpu_wq]
 8757 ?        I<     0:00 [kworker/R-wg-cr]
 9768 ?        I      0:00 [kworker/u11:7-btrfs-worker]
10786 ?        I      0:00 [kworker/u9:0-btrfs-worker]
10893 ?        I      0:00 [kworker/0:0-events_power_efficient]
11560 ?        I      0:00 [kworker/u10:1-btrfs-endio-write]
12076 ?        I      0:00 [kworker/3:0-wg-crypt-wg0]
12399 ?        I      0:00 [kworker/u8:1-btrfs-delayed-meta]
13101 ?        I      0:00 [kworker/u12:2-btrfs-endio-write]
13167 ?        I      0:00 [kworker/u12:3-btrfs-endio]
13168 ?        I      0:00 [kworker/u12:4-btrfs-endio-write]
13169 ?        I      0:00 [kworker/u12:5-btrfs-endio-write]
13171 ?        I      0:00 [kworker/u11:4-btrfs-endio-write]
15391 ?        I      0:00 [kworker/u11:0-btrfs-endio-write]
15407 ?        I      0:00 [kworker/u8:2-btrfs-delayed-meta]
15865 ?        I      0:00 [kworker/1:2-events]
15945 ?        I      0:00 [kworker/u8:5-btrfs-delayed-meta]
16109 ?        I      0:00 [kworker/u8:0-btrfs-delayed-meta]
16350 ?        I      0:00 [kworker/u9:2-writeback]
16394 ?        I      0:00 [kworker/u8:6]
17751 ?        I      0:00 [kworker/u10:6-btrfs-worker]
17752 ?        I      0:00 [kworker/u12:0-btrfs-endio-write]
17753 ?        I      0:00 [kworker/u12:1-btrfs-endio-write]
18644 ?        Ss     0:01 /mnt/data/builds/yes-0-32768-100/bin/postgres -D /mnt/data/data-test
18645 ?        Ss     0:00 postgres: checkpointer 
18646 ?        Ss     0:00 postgres: background writer 
18648 ?        Ss     0:00 postgres: walwriter 
18649 ?        Ss     0:00 postgres: autovacuum launcher 
18650 ?        Ss     0:00 postgres: logical replication launcher 
18653 pts/1    S+     0:00 /bin/bash ./run-star.sh rpi5-32 scalability-yes-0-32768-100-1722468629 32768 yes 0 /mnt/data/lock-scalability-test/20240731-0853-glibc-default/logs/star-yes-0-32768-100 1 10 1 4 8 100
18654 pts/1    R+     0:00 ps ax
20353 ?        I      0:00 [kworker/0:2-events]
20380 ?        I<     0:00 [kworker/0:1H-mmc_complete]
21065 ?        I      0:00 [kworker/u8:4-btrfs-delayed-meta]
21751 ?        I      0:00 [kworker/u9:6-btrfs-worker]
23065 ?        I      0:00 [kworker/u9:3-btrfs-endio]
24059 ?        I<     0:00 [kworker/2:0H-kblockd]
25579 ?        I      0:00 [kworker/1:0-cgroup_destroy]
25980 ?        I<     0:00 [kworker/0:0H-kblockd]
30846 ?        I      0:00 [kworker/2:0-cgroup_destroy]
31506 ?        I<     0:00 [kworker/1:2H-kblockd]
32693 ?        I<     0:00 [kworker/2:1H]
