2024-08-01 03:52:42.976 CEST [2545561] LOG:  starting PostgreSQL 18devel on x86_64-pc-linux-gnu, compiled by gcc (Debian 12.2.0-14) 12.2.0, 64-bit
2024-08-01 03:52:42.977 CEST [2545561] LOG:  listening on IPv6 address "::1", port 5432
2024-08-01 03:52:42.977 CEST [2545561] LOG:  listening on IPv4 address "127.0.0.1", port 5432
2024-08-01 03:52:42.979 CEST [2545561] LOG:  listening on Unix socket "/tmp/.s.PGSQL.5432"
2024-08-01 03:52:42.981 CEST [2545564] LOG:  database system was shut down at 2024-08-01 03:52:42 CEST
2024-08-01 03:52:42.985 CEST [2545561] LOG:  database system is ready to accept connections
2024-08-01 03:52:52.579 CEST [2545562] LOG:  checkpoints are occurring too frequently (10 seconds apart)
2024-08-01 03:52:52.579 CEST [2545562] HINT:  Consider increasing the configuration parameter "max_wal_size".
2024-08-01 03:52:52.602 CEST [2545562] LOG:  checkpoint starting: wal
2024-08-01 03:53:00.403 CEST [2545562] LOG:  checkpoint complete: wrote 55684 buffers (21.2%); 0 WAL file(s) added, 2 removed, 32 recycled; write=7.082 s, sync=0.633 s, total=7.825 s; sync files=707, longest=0.436 s, average=0.001 s; distance=552019 kB, estimate=552019 kB; lsn=0/42797050, redo lsn=0/23000080
2024-08-01 03:53:00.796 CEST [2545562] LOG:  checkpoints are occurring too frequently (8 seconds apart)
2024-08-01 03:53:00.796 CEST [2545562] HINT:  Consider increasing the configuration parameter "max_wal_size".
2024-08-01 03:53:00.796 CEST [2545562] LOG:  checkpoint starting: wal
2024-08-01 03:53:07.506 CEST [2545562] LOG:  checkpoint complete: wrote 62266 buffers (23.8%); 0 WAL file(s) added, 2 removed, 31 recycled; write=6.157 s, sync=0.431 s, total=6.711 s; sync files=4, longest=0.217 s, average=0.108 s; distance=554012 kB, estimate=554012 kB; lsn=0/64001A10, redo lsn=0/44D070A8
2024-08-01 03:53:07.859 CEST [2545562] LOG:  checkpoints are occurring too frequently (7 seconds apart)
2024-08-01 03:53:07.859 CEST [2545562] HINT:  Consider increasing the configuration parameter "max_wal_size".
2024-08-01 03:53:07.859 CEST [2545562] LOG:  checkpoint starting: wal
2024-08-01 03:53:14.622 CEST [2545562] LOG:  checkpoint complete: wrote 61074 buffers (23.3%); 0 WAL file(s) added, 2 removed, 32 recycled; write=6.200 s, sync=0.445 s, total=6.763 s; sync files=4, longest=0.423 s, average=0.112 s; distance=543733 kB, estimate=552984 kB; lsn=0/85002188, redo lsn=0/66004768
2024-08-01 03:53:15.168 CEST [2545562] LOG:  checkpoints are occurring too frequently (8 seconds apart)
2024-08-01 03:53:15.168 CEST [2545562] HINT:  Consider increasing the configuration parameter "max_wal_size".
2024-08-01 03:53:15.199 CEST [2545562] LOG:  checkpoint starting: wal
2024-08-01 03:53:21.877 CEST [2545562] LOG:  checkpoint complete: wrote 62575 buffers (23.9%); 0 WAL file(s) added, 2 removed, 32 recycled; write=6.102 s, sync=0.444 s, total=6.709 s; sync files=4, longest=0.327 s, average=0.111 s; distance=557039 kB, estimate=557039 kB; lsn=0/A701F5A0, redo lsn=0/880003D8
2024-08-01 03:53:22.268 CEST [2545562] LOG:  checkpoints are occurring too frequently (7 seconds apart)
2024-08-01 03:53:22.268 CEST [2545562] HINT:  Consider increasing the configuration parameter "max_wal_size".
2024-08-01 03:53:22.269 CEST [2545562] LOG:  checkpoint starting: wal
2024-08-01 03:53:28.877 CEST [2545562] LOG:  checkpoint complete: wrote 60925 buffers (23.2%); 0 WAL file(s) added, 2 removed, 31 recycled; write=6.072 s, sync=0.438 s, total=6.609 s; sync files=4, longest=0.417 s, average=0.110 s; distance=542719 kB, estimate=555607 kB; lsn=0/C9000DC8, redo lsn=0/A9200160
2024-08-01 03:53:29.061 CEST [2545562] LOG:  checkpoints are occurring too frequently (7 seconds apart)
2024-08-01 03:53:29.061 CEST [2545562] HINT:  Consider increasing the configuration parameter "max_wal_size".
2024-08-01 03:53:29.061 CEST [2545562] LOG:  checkpoint starting: wal
2024-08-01 03:53:35.614 CEST [2545562] LOG:  checkpoint complete: wrote 60961 buffers (23.3%); 0 WAL file(s) added, 2 removed, 31 recycled; write=5.969 s, sync=0.474 s, total=6.553 s; sync files=3, longest=0.438 s, average=0.158 s; distance=542720 kB, estimate=554318 kB; lsn=0/EA0013D8, redo lsn=0/CA400328
2024-08-01 03:53:35.957 CEST [2545562] LOG:  checkpoints are occurring too frequently (6 seconds apart)
2024-08-01 03:53:35.957 CEST [2545562] HINT:  Consider increasing the configuration parameter "max_wal_size".
2024-08-01 03:53:35.957 CEST [2545562] LOG:  checkpoint starting: wal
2024-08-01 03:53:42.503 CEST [2545562] LOG:  checkpoint complete: wrote 62106 buffers (23.7%); 0 WAL file(s) added, 2 removed, 32 recycled; write=6.032 s, sync=0.416 s, total=6.547 s; sync files=4, longest=0.393 s, average=0.104 s; distance=552977 kB, estimate=554184 kB; lsn=1/B002148, redo lsn=0/EC004930
2024-08-01 03:53:42.864 CEST [2545562] LOG:  checkpoints are occurring too frequently (7 seconds apart)
2024-08-01 03:53:42.864 CEST [2545562] HINT:  Consider increasing the configuration parameter "max_wal_size".
2024-08-01 03:53:42.865 CEST [2545562] LOG:  checkpoint starting: wal
2024-08-01 03:53:49.348 CEST [2545562] LOG:  checkpoint complete: wrote 60999 buffers (23.3%); 0 WAL file(s) added, 1 removed, 32 recycled; write=6.004 s, sync=0.387 s, total=6.485 s; sync files=3, longest=0.377 s, average=0.129 s; distance=543029 kB, estimate=553068 kB; lsn=1/2C3CCFF8, redo lsn=1/D252068
2024-08-01 03:53:49.749 CEST [2545562] LOG:  checkpoints are occurring too frequently (7 seconds apart)
2024-08-01 03:53:49.749 CEST [2545562] HINT:  Consider increasing the configuration parameter "max_wal_size".
2024-08-01 03:53:49.749 CEST [2545562] LOG:  checkpoint starting: wal
2024-08-01 03:54:02.081 CEST [2545562] LOG:  checkpoint complete: wrote 60593 buffers (23.1%); 0 WAL file(s) added, 0 removed, 33 recycled; write=12.140 s, sync=0.134 s, total=12.332 s; sync files=9, longest=0.081 s, average=0.015 s; distance=549596 kB, estimate=552721 kB; lsn=1/4CFD8CA8, redo lsn=1/2EB09238
2024-08-01 03:54:05.285 CEST [2545562] LOG:  checkpoints are occurring too frequently (16 seconds apart)
2024-08-01 03:54:05.285 CEST [2545562] HINT:  Consider increasing the configuration parameter "max_wal_size".
2024-08-01 03:54:05.285 CEST [2545562] LOG:  checkpoint starting: wal
2024-08-01 03:54:34.824 CEST [2545562] LOG:  checkpoint complete: wrote 241489 buffers (92.1%); 0 WAL file(s) added, 2 removed, 31 recycled; write=28.884 s, sync=0.583 s, total=29.539 s; sync files=32, longest=0.097 s, average=0.019 s; distance=539943 kB, estimate=551443 kB; lsn=1/6F4A1248, redo lsn=1/4FA53070
2024-08-01 03:54:37.813 CEST [2545562] LOG:  checkpoint starting: wal
2024-08-01 03:54:43.063 CEST [2545602] LOG:  skipping vacuum of "t" --- lock not available
2024-08-01 03:54:43.957 CEST [2545562] LOG:  checkpoint complete: wrote 60 buffers (0.0%); 0 WAL file(s) added, 0 removed, 33 recycled; write=5.916 s, sync=0.196 s, total=6.145 s; sync files=117, longest=0.063 s, average=0.002 s; distance=534508 kB, estimate=549750 kB; lsn=1/770A8BD8, redo lsn=1/7044E158
2024-08-01 03:55:08.407 CEST [2545562] LOG:  checkpoint starting: wal
2024-08-01 03:55:39.538 CEST [2545562] LOG:  checkpoint complete: wrote 755 buffers (0.3%); 0 WAL file(s) added, 0 removed, 33 recycled; write=30.461 s, sync=0.627 s, total=31.131 s; sync files=299, longest=0.073 s, average=0.003 s; distance=540567 kB, estimate=548832 kB; lsn=1/AF3368D8, redo lsn=1/91433F98
2024-08-01 03:55:42.657 CEST [2545562] LOG:  checkpoint starting: wal
2024-08-01 03:55:43.079 CEST [2545624] LOG:  skipping vacuum of "t" --- lock not available
2024-08-01 03:55:48.269 CEST [2545562] LOG:  checkpoint complete: wrote 56 buffers (0.0%); 0 WAL file(s) added, 0 removed, 33 recycled; write=5.516 s, sync=0.064 s, total=5.613 s; sync files=25, longest=0.060 s, average=0.003 s; distance=538590 kB, estimate=547807 kB; lsn=1/B6B064A0, redo lsn=1/B222BA38
2024-08-01 03:56:17.848 CEST [2545562] LOG:  checkpoint starting: wal
2024-08-01 03:56:24.343 CEST [2545562] LOG:  checkpoint complete: wrote 61 buffers (0.0%); 0 WAL file(s) added, 0 removed, 33 recycled; write=6.015 s, sync=0.444 s, total=6.496 s; sync files=30, longest=0.069 s, average=0.015 s; distance=544661 kB, estimate=547493 kB; lsn=1/D85B9028, redo lsn=1/D36111D0
2024-08-01 03:56:43.098 CEST [2545643] LOG:  skipping vacuum of "t" --- lock not available
2024-08-01 03:56:53.809 CEST [2545562] LOG:  checkpoint starting: wal
2024-08-01 03:56:56.197 CEST [2545562] LOG:  checkpoint complete: wrote 20 buffers (0.0%); 0 WAL file(s) added, 0 removed, 33 recycled; write=1.908 s, sync=0.448 s, total=2.389 s; sync files=25, longest=0.070 s, average=0.018 s; distance=542406 kB, estimate=546984 kB; lsn=1/F6494D10, redo lsn=1/F47C2A98
2024-08-01 03:57:30.643 CEST [2545562] LOG:  checkpoint starting: wal
2024-08-01 03:57:33.028 CEST [2545562] LOG:  checkpoint complete: wrote 20 buffers (0.0%); 0 WAL file(s) added, 0 removed, 33 recycled; write=1.909 s, sync=0.448 s, total=2.386 s; sync files=26, longest=0.075 s, average=0.018 s; distance=540873 kB, estimate=546373 kB; lsn=2/17F48428, redo lsn=2/157F5050
2024-08-01 03:57:43.099 CEST [2545660] LOG:  skipping vacuum of "t" --- lock not available
2024-08-01 03:58:08.410 CEST [2545562] LOG:  checkpoint starting: wal
2024-08-01 03:58:10.155 CEST [2545562] LOG:  checkpoint complete: wrote 18 buffers (0.0%); 0 WAL file(s) added, 0 removed, 33 recycled; write=1.709 s, sync=0.005 s, total=1.746 s; sync files=27, longest=0.001 s, average=0.001 s; distance=535571 kB, estimate=545293 kB; lsn=2/399F3F00, redo lsn=2/362F9E90
2024-08-01 03:58:43.115 CEST [2545677] LOG:  skipping vacuum of "t" --- lock not available
2024-08-01 03:58:43.660 CEST [2545562] LOG:  checkpoint starting: wal
2024-08-01 03:58:45.644 CEST [2545562] LOG:  checkpoint complete: wrote 16 buffers (0.0%); 0 WAL file(s) added, 0 removed, 33 recycled; write=1.508 s, sync=0.448 s, total=1.985 s; sync files=24, longest=0.074 s, average=0.019 s; distance=544768 kB, estimate=545240 kB; lsn=2/578C69B8, redo lsn=2/576F9FE0
2024-08-01 03:59:23.266 CEST [2545562] LOG:  checkpoint starting: wal
2024-08-01 03:59:25.296 CEST [2545562] LOG:  checkpoint complete: wrote 17 buffers (0.0%); 0 WAL file(s) added, 0 removed, 33 recycled; write=1.608 s, sync=0.393 s, total=2.031 s; sync files=24, longest=0.072 s, average=0.017 s; distance=537332 kB, estimate=544449 kB; lsn=2/79374698, redo lsn=2/783B7008
2024-08-01 03:59:43.134 CEST [2545695] LOG:  skipping vacuum of "t" --- lock not available
2024-08-01 04:00:03.702 CEST [2545562] LOG:  checkpoint starting: wal
2024-08-01 04:00:05.426 CEST [2545562] LOG:  checkpoint complete: wrote 14 buffers (0.0%); 0 WAL file(s) added, 0 removed, 33 recycled; write=1.308 s, sync=0.384 s, total=1.726 s; sync files=24, longest=0.074 s, average=0.016 s; distance=541498 kB, estimate=544154 kB; lsn=2/9AE21B88, redo lsn=2/99485BA0
2024-08-01 04:00:43.153 CEST [2545763] LOG:  skipping vacuum of "t" --- lock not available
2024-08-01 04:00:45.149 CEST [2545562] LOG:  checkpoint starting: wal
2024-08-01 04:00:48.143 CEST [2545562] LOG:  checkpoint complete: wrote 23 buffers (0.0%); 0 WAL file(s) added, 0 removed, 33 recycled; write=2.208 s, sync=0.717 s, total=2.994 s; sync files=27, longest=0.293 s, average=0.027 s; distance=551219 kB, estimate=551219 kB; lsn=2/D3184C50, redo lsn=2/BAED2968
2024-08-01 04:00:48.980 CEST [2545562] LOG:  checkpoints are occurring too frequently (3 seconds apart)
2024-08-01 04:00:48.980 CEST [2545562] HINT:  Consider increasing the configuration parameter "max_wal_size".
2024-08-01 04:00:49.004 CEST [2545562] LOG:  checkpoint starting: wal
2024-08-01 04:00:51.068 CEST [2545562] LOG:  checkpoint complete: wrote 21 buffers (0.0%); 0 WAL file(s) added, 0 removed, 34 recycled; write=2.008 s, sync=0.003 s, total=2.089 s; sync files=12, longest=0.002 s, average=0.001 s; distance=542054 kB, estimate=550302 kB; lsn=2/F092B380, redo lsn=2/DC02C1F0
2024-08-01 04:00:52.332 CEST [2545562] LOG:  checkpoints are occurring too frequently (4 seconds apart)
2024-08-01 04:00:52.332 CEST [2545562] HINT:  Consider increasing the configuration parameter "max_wal_size".
2024-08-01 04:00:52.332 CEST [2545562] LOG:  checkpoint starting: wal
2024-08-01 04:00:52.403 CEST [2545562] LOG:  checkpoint complete: wrote 0 buffers (0.0%); 0 WAL file(s) added, 0 removed, 33 recycled; write=0.004 s, sync=0.001 s, total=0.072 s; sync files=0, longest=0.000 s, average=0.000 s; distance=556873 kB, estimate=556873 kB; lsn=2/FE268770, redo lsn=2/FDFFE808
2024-08-01 04:00:55.788 CEST [2545562] LOG:  checkpoints are occurring too frequently (3 seconds apart)
2024-08-01 04:00:55.788 CEST [2545562] HINT:  Consider increasing the configuration parameter "max_wal_size".
2024-08-01 04:00:55.788 CEST [2545562] LOG:  checkpoint starting: wal
2024-08-01 04:00:55.856 CEST [2545562] LOG:  checkpoint complete: wrote 0 buffers (0.0%); 0 WAL file(s) added, 0 removed, 33 recycled; write=0.004 s, sync=0.001 s, total=0.069 s; sync files=0, longest=0.000 s, average=0.000 s; distance=537099 kB, estimate=554896 kB; lsn=3/1EEEB738, redo lsn=3/1EC817E0
2024-08-01 04:00:59.144 CEST [2545562] LOG:  checkpoints are occurring too frequently (4 seconds apart)
2024-08-01 04:00:59.144 CEST [2545562] HINT:  Consider increasing the configuration parameter "max_wal_size".
2024-08-01 04:00:59.144 CEST [2545562] LOG:  checkpoint starting: wal
2024-08-01 04:00:59.213 CEST [2545562] LOG:  checkpoint complete: wrote 0 buffers (0.0%); 0 WAL file(s) added, 0 removed, 33 recycled; write=0.004 s, sync=0.001 s, total=0.069 s; sync files=0, longest=0.000 s, average=0.000 s; distance=532898 kB, estimate=552696 kB; lsn=3/3F9BDEC8, redo lsn=3/3F4EA0C0
2024-08-01 04:01:02.710 CEST [2545562] LOG:  checkpoints are occurring too frequently (3 seconds apart)
2024-08-01 04:01:02.710 CEST [2545562] HINT:  Consider increasing the configuration parameter "max_wal_size".
2024-08-01 04:01:02.711 CEST [2545562] LOG:  checkpoint starting: wal
2024-08-01 04:01:02.768 CEST [2545562] LOG:  checkpoint complete: wrote 0 buffers (0.0%); 0 WAL file(s) added, 0 removed, 33 recycled; write=0.004 s, sync=0.001 s, total=0.059 s; sync files=0, longest=0.000 s, average=0.000 s; distance=541054 kB, estimate=551532 kB; lsn=3/607F1770, redo lsn=3/60549B68
2024-08-01 04:01:06.047 CEST [2545562] LOG:  checkpoints are occurring too frequently (4 seconds apart)
2024-08-01 04:01:06.047 CEST [2545562] HINT:  Consider increasing the configuration parameter "max_wal_size".
2024-08-01 04:01:06.047 CEST [2545562] LOG:  checkpoint starting: wal
2024-08-01 04:01:06.114 CEST [2545562] LOG:  checkpoint complete: wrote 0 buffers (0.0%); 0 WAL file(s) added, 0 removed, 34 recycled; write=0.004 s, sync=0.001 s, total=0.068 s; sync files=0, longest=0.000 s, average=0.000 s; distance=551683 kB, estimate=551683 kB; lsn=3/822746C0, redo lsn=3/8200A768
2024-08-01 04:01:09.694 CEST [2545562] LOG:  checkpoints are occurring too frequently (3 seconds apart)
2024-08-01 04:01:09.694 CEST [2545562] HINT:  Consider increasing the configuration parameter "max_wal_size".
2024-08-01 04:01:09.694 CEST [2545562] LOG:  checkpoint starting: wal
2024-08-01 04:01:09.773 CEST [2545562] LOG:  checkpoint complete: wrote 0 buffers (0.0%); 0 WAL file(s) added, 0 removed, 34 recycled; write=0.005 s, sync=0.001 s, total=0.080 s; sync files=0, longest=0.000 s, average=0.000 s; distance=557120 kB, estimate=557120 kB; lsn=3/A42C2648, redo lsn=3/A401AA40
2024-08-01 04:01:15.671 CEST [2545562] LOG:  checkpoints are occurring too frequently (6 seconds apart)
2024-08-01 04:01:15.671 CEST [2545562] HINT:  Consider increasing the configuration parameter "max_wal_size".
2024-08-01 04:01:15.671 CEST [2545562] LOG:  checkpoint starting: wal
2024-08-01 04:01:16.833 CEST [2545562] LOG:  checkpoint complete: wrote 9 buffers (0.0%); 0 WAL file(s) added, 0 removed, 34 recycled; write=0.906 s, sync=0.169 s, total=1.162 s; sync files=6, longest=0.167 s, average=0.029 s; distance=557007 kB, estimate=557109 kB; lsn=3/CE949E68, redo lsn=3/C600EA28
2024-08-01 04:01:41.744 CEST [2545562] LOG:  checkpoints are occurring too frequently (26 seconds apart)
2024-08-01 04:01:41.744 CEST [2545562] HINT:  Consider increasing the configuration parameter "max_wal_size".
2024-08-01 04:01:41.744 CEST [2545562] LOG:  checkpoint starting: wal
2024-08-01 04:01:42.691 CEST [2545562] LOG:  checkpoint complete: wrote 5 buffers (0.0%); 0 WAL file(s) added, 0 removed, 33 recycled; write=0.520 s, sync=0.395 s, total=0.947 s; sync files=12, longest=0.070 s, average=0.033 s; distance=556323 kB, estimate=557030 kB; lsn=3/E8C42A20, redo lsn=3/E7F57708
2024-08-01 04:01:43.171 CEST [2545780] LOG:  skipping vacuum of "t" --- lock not available
2024-08-01 04:02:14.982 CEST [2545562] LOG:  checkpoint starting: wal
2024-08-01 04:02:16.423 CEST [2545562] LOG:  checkpoint complete: wrote 9 buffers (0.0%); 0 WAL file(s) added, 0 removed, 33 recycled; write=0.916 s, sync=0.495 s, total=1.442 s; sync files=16, longest=0.073 s, average=0.031 s; distance=533992 kB, estimate=554726 kB; lsn=4/A6E2578, redo lsn=4/88D1978
2024-08-01 04:02:43.191 CEST [2545799] LOG:  skipping vacuum of "t" --- lock not available
2024-08-01 04:02:49.094 CEST [2545562] LOG:  checkpoint starting: wal
2024-08-01 04:02:50.471 CEST [2545562] LOG:  checkpoint complete: wrote 9 buffers (0.0%); 0 WAL file(s) added, 0 removed, 33 recycled; write=0.909 s, sync=0.437 s, total=1.378 s; sync files=15, longest=0.068 s, average=0.030 s; distance=546500 kB, estimate=553904 kB; lsn=4/2C182BF8, redo lsn=4/29E82CC8
2024-08-01 04:03:20.671 CEST [2545562] LOG:  checkpoint starting: wal
2024-08-01 04:03:22.121 CEST [2545562] LOG:  checkpoint complete: wrote 9 buffers (0.0%); 0 WAL file(s) added, 0 removed, 33 recycled; write=0.906 s, sync=0.514 s, total=1.451 s; sync files=14, longest=0.071 s, average=0.037 s; distance=526083 kB, estimate=551122 kB; lsn=4/4A043E50, redo lsn=4/4A043C18
2024-08-01 04:03:43.210 CEST [2545817] LOG:  skipping vacuum of "t" --- lock not available
2024-08-01 04:03:56.211 CEST [2545562] LOG:  checkpoint starting: wal
2024-08-01 04:03:57.917 CEST [2545562] LOG:  checkpoint complete: wrote 12 buffers (0.0%); 0 WAL file(s) added, 0 removed, 33 recycled; write=1.207 s, sync=0.464 s, total=1.707 s; sync files=15, longest=0.077 s, average=0.031 s; distance=546485 kB, estimate=550658 kB; lsn=4/6BAED0C8, redo lsn=4/6B5F1020
2024-08-01 04:04:32.727 CEST [2545562] LOG:  checkpoint starting: wal
2024-08-01 04:04:34.228 CEST [2545562] LOG:  checkpoint complete: wrote 10 buffers (0.0%); 0 WAL file(s) added, 0 removed, 33 recycled; write=1.006 s, sync=0.464 s, total=1.503 s; sync files=15, longest=0.068 s, average=0.031 s; distance=538822 kB, estimate=549475 kB; lsn=4/8D58EE00, redo lsn=4/8C422B60
2024-08-01 04:04:43.229 CEST [2545835] LOG:  skipping vacuum of "t" --- lock not available
2024-08-01 04:05:10.137 CEST [2545562] LOG:  checkpoint starting: wal
2024-08-01 04:05:11.838 CEST [2545562] LOG:  checkpoint complete: wrote 12 buffers (0.0%); 0 WAL file(s) added, 0 removed, 33 recycled; write=1.208 s, sync=0.464 s, total=1.702 s; sync files=16, longest=0.072 s, average=0.029 s; distance=540800 kB, estimate=548607 kB; lsn=4/AF02F8C0, redo lsn=4/AD442D38
2024-08-01 04:05:43.247 CEST [2545858] LOG:  skipping vacuum of "t" --- lock not available
2024-08-01 04:05:48.501 CEST [2545562] LOG:  checkpoint starting: wal
2024-08-01 04:05:49.521 CEST [2545562] LOG:  checkpoint complete: wrote 6 buffers (0.0%); 0 WAL file(s) added, 0 removed, 33 recycled; write=0.605 s, sync=0.385 s, total=1.021 s; sync files=15, longest=0.070 s, average=0.026 s; distance=547383 kB, estimate=548485 kB; lsn=4/D0AD0A68, redo lsn=4/CEAD0B98
2024-08-01 04:06:27.684 CEST [2545562] LOG:  checkpoint starting: wal
2024-08-01 04:06:28.916 CEST [2545562] LOG:  checkpoint complete: wrote 7 buffers (0.0%); 0 WAL file(s) added, 0 removed, 33 recycled; write=0.705 s, sync=0.495 s, total=1.233 s; sync files=14, longest=0.097 s, average=0.036 s; distance=534658 kB, estimate=547102 kB; lsn=4/F2574520, redo lsn=4/EF4F16E0
2024-08-01 04:06:43.263 CEST [2545875] LOG:  skipping vacuum of "t" --- lock not available
2024-08-01 04:07:04.181 CEST [2545562] LOG:  checkpoint starting: wal
2024-08-01 04:07:05.335 CEST [2545562] LOG:  checkpoint complete: wrote 6 buffers (0.0%); 0 WAL file(s) added, 0 removed, 33 recycled; write=0.611 s, sync=0.512 s, total=1.154 s; sync files=14, longest=0.071 s, average=0.037 s; distance=539920 kB, estimate=546384 kB; lsn=5/10435EE8, redo lsn=5/10435A00
2024-08-01 04:07:43.282 CEST [2545893] LOG:  skipping vacuum of "t" --- lock not available
2024-08-01 04:07:45.111 CEST [2545562] LOG:  checkpoint starting: wal
2024-08-01 04:07:46.314 CEST [2545562] LOG:  checkpoint complete: wrote 7 buffers (0.0%); 0 WAL file(s) added, 0 removed, 33 recycled; write=0.718 s, sync=0.454 s, total=1.205 s; sync files=15, longest=0.073 s, average=0.031 s; distance=546270 kB, estimate=546372 kB; lsn=5/31EDFAF8, redo lsn=5/319AD3E0
2024-08-01 04:08:15.359 CEST [2545562] LOG:  checkpoint starting: immediate force wait
2024-08-01 04:08:16.580 CEST [2545562] LOG:  checkpoint complete: wrote 12306 buffers (4.7%); 0 WAL file(s) added, 0 removed, 25 recycled; write=0.117 s, sync=1.064 s, total=1.221 s; sync files=781, longest=0.633 s, average=0.002 s; distance=411125 kB, estimate=532848 kB; lsn=5/4AB2ABC8, redo lsn=5/4AB2AB70
2024-08-01 04:09:30.284 CEST [2545561] LOG:  received fast shutdown request
2024-08-01 04:09:30.285 CEST [2545561] LOG:  aborting any active transactions
2024-08-01 04:09:30.285 CEST [2545561] LOG:  background worker "logical replication launcher" (PID 2545567) exited with exit code 1
2024-08-01 04:09:30.289 CEST [2545562] LOG:  shutting down
2024-08-01 04:09:30.290 CEST [2545562] LOG:  checkpoint starting: shutdown immediate
2024-08-01 04:09:30.299 CEST [2545562] LOG:  checkpoint complete: wrote 66 buffers (0.0%); 0 WAL file(s) added, 0 removed, 0 recycled; write=0.004 s, sync=0.003 s, total=0.011 s; sync files=5, longest=0.003 s, average=0.001 s; distance=202 kB, estimate=479583 kB; lsn=5/4AB5D420, redo lsn=5/4AB5D420
2024-08-01 04:09:30.705 CEST [2545561] LOG:  database system is shut down
