2024-08-01 06:45:07.239 CEST [4145149] LOG:  starting PostgreSQL 18devel on x86_64-pc-linux-gnu, compiled by gcc (Debian 12.2.0-14) 12.2.0, 64-bit
2024-08-01 06:45:07.240 CEST [4145149] LOG:  listening on IPv6 address "::1", port 5432
2024-08-01 06:45:07.240 CEST [4145149] LOG:  listening on IPv4 address "127.0.0.1", port 5432
2024-08-01 06:45:07.241 CEST [4145149] LOG:  listening on Unix socket "/tmp/.s.PGSQL.5432"
2024-08-01 06:45:07.243 CEST [4145152] LOG:  database system was shut down at 2024-08-01 06:45:06 CEST
2024-08-01 06:45:07.247 CEST [4145149] LOG:  database system is ready to accept connections
2024-08-01 06:45:15.592 CEST [4145150] LOG:  checkpoints are occurring too frequently (8 seconds apart)
2024-08-01 06:45:15.592 CEST [4145150] HINT:  Consider increasing the configuration parameter "max_wal_size".
2024-08-01 06:45:15.592 CEST [4145150] LOG:  checkpoint starting: wal
2024-08-01 06:45:23.145 CEST [4145150] LOG:  checkpoint complete: wrote 39939 buffers (15.2%); 0 WAL file(s) added, 1 removed, 32 recycled; write=7.128 s, sync=0.354 s, total=7.554 s; sync files=345, longest=0.227 s, average=0.002 s; distance=543793 kB, estimate=543793 kB; lsn=0/410C6950, redo lsn=0/227F78F0
2024-08-01 06:45:23.676 CEST [4145150] LOG:  checkpoints are occurring too frequently (8 seconds apart)
2024-08-01 06:45:23.676 CEST [4145150] HINT:  Consider increasing the configuration parameter "max_wal_size".
2024-08-01 06:45:23.676 CEST [4145150] LOG:  checkpoint starting: wal
2024-08-01 06:45:30.315 CEST [4145150] LOG:  checkpoint complete: wrote 39831 buffers (15.2%); 0 WAL file(s) added, 1 removed, 33 recycled; write=6.414 s, sync=0.152 s, total=6.639 s; sync files=3, longest=0.145 s, average=0.051 s; distance=548907 kB, estimate=548907 kB; lsn=0/627DC638, redo lsn=0/440025A0
2024-08-01 06:45:30.934 CEST [4145150] LOG:  checkpoints are occurring too frequently (7 seconds apart)
2024-08-01 06:45:30.934 CEST [4145150] HINT:  Consider increasing the configuration parameter "max_wal_size".
2024-08-01 06:45:30.934 CEST [4145150] LOG:  checkpoint starting: wal
2024-08-01 06:45:58.647 CEST [4145150] LOG:  checkpoint complete: wrote 40343 buffers (15.4%); 0 WAL file(s) added, 2 removed, 31 recycled; write=26.931 s, sync=0.742 s, total=27.713 s; sync files=13, longest=0.107 s, average=0.058 s; distance=555834 kB, estimate=555834 kB; lsn=0/85F75340, redo lsn=0/65ED10B0
2024-08-01 06:46:01.232 CEST [4145150] LOG:  checkpoint starting: wal
2024-08-01 06:46:09.058 CEST [4145150] LOG:  checkpoint complete: wrote 65747 buffers (25.1%); 0 WAL file(s) added, 1 removed, 32 recycled; write=7.143 s, sync=0.609 s, total=7.826 s; sync files=21, longest=0.453 s, average=0.029 s; distance=525825 kB, estimate=552833 kB; lsn=0/A5FE0148, redo lsn=0/86051540
2024-08-01 06:46:09.259 CEST [4145150] LOG:  checkpoints are occurring too frequently (8 seconds apart)
2024-08-01 06:46:09.259 CEST [4145150] HINT:  Consider increasing the configuration parameter "max_wal_size".
2024-08-01 06:46:09.259 CEST [4145150] LOG:  checkpoint starting: wal
2024-08-01 06:46:12.030 CEST [4145150] LOG:  checkpoint complete: wrote 27 buffers (0.0%); 0 WAL file(s) added, 0 removed, 33 recycled; write=2.612 s, sync=0.123 s, total=2.771 s; sync files=20, longest=0.115 s, average=0.007 s; distance=555843 kB, estimate=555843 kB; lsn=0/BB1A57C0, redo lsn=0/A7F22520
2024-08-01 06:46:18.031 CEST [4145150] LOG:  checkpoints are occurring too frequently (9 seconds apart)
2024-08-01 06:46:18.031 CEST [4145150] HINT:  Consider increasing the configuration parameter "max_wal_size".
2024-08-01 06:46:18.034 CEST [4145150] LOG:  checkpoint starting: wal
2024-08-01 06:46:19.106 CEST [4145150] LOG:  checkpoint complete: wrote 8 buffers (0.0%); 0 WAL file(s) added, 0 removed, 33 recycled; write=0.807 s, sync=0.235 s, total=1.075 s; sync files=8, longest=0.233 s, average=0.030 s; distance=530730 kB, estimate=553332 kB; lsn=0/CAF4A8B8, redo lsn=0/C856D090
2024-08-01 06:46:48.649 CEST [4145150] LOG:  checkpoint starting: wal
2024-08-01 06:46:53.105 CEST [4145150] LOG:  checkpoint complete: wrote 49 buffers (0.0%); 0 WAL file(s) added, 0 removed, 33 recycled; write=2.934 s, sync=1.499 s, total=4.457 s; sync files=427, longest=0.792 s, average=0.004 s; distance=544793 kB, estimate=552478 kB; lsn=0/EDB8B128, redo lsn=0/E9973568
2024-08-01 06:46:53.105 CEST [4145150] LOG:  checkpoint starting: immediate force wait
2024-08-01 06:46:53.182 CEST [4145150] LOG:  checkpoint complete: wrote 1909 buffers (0.7%); 0 WAL file(s) added, 0 removed, 4 recycled; write=0.022 s, sync=0.039 s, total=0.077 s; sync files=181, longest=0.001 s, average=0.001 s; distance=67679 kB, estimate=503998 kB; lsn=0/EDB8B1F8, redo lsn=0/EDB8B1A0
2024-08-01 06:48:03.399 CEST [4145149] LOG:  received fast shutdown request
2024-08-01 06:48:03.400 CEST [4145149] LOG:  aborting any active transactions
2024-08-01 06:48:03.400 CEST [4145149] LOG:  background worker "logical replication launcher" (PID 4145155) exited with exit code 1
2024-08-01 06:48:03.402 CEST [4145150] LOG:  shutting down
2024-08-01 06:48:03.403 CEST [4145150] LOG:  checkpoint starting: shutdown immediate
2024-08-01 06:48:03.410 CEST [4145150] LOG:  checkpoint complete: wrote 72 buffers (0.0%); 0 WAL file(s) added, 0 removed, 0 recycled; write=0.006 s, sync=0.002 s, total=0.008 s; sync files=10, longest=0.001 s, average=0.001 s; distance=254 kB, estimate=453624 kB; lsn=0/EDBCACF0, redo lsn=0/EDBCACF0
2024-08-01 06:48:03.753 CEST [4145149] LOG:  database system is shut down
