2024-07-30 17:05:03.042 BST [3002279] LOG:  starting PostgreSQL 18devel on aarch64-unknown-linux-gnu, compiled by gcc (Debian 12.2.0-14) 12.2.0, 64-bit
2024-07-30 17:05:03.042 BST [3002279] LOG:  listening on IPv6 address "::1", port 5432
2024-07-30 17:05:03.042 BST [3002279] LOG:  listening on IPv4 address "127.0.0.1", port 5432
2024-07-30 17:05:03.057 BST [3002279] LOG:  listening on Unix socket "/tmp/.s.PGSQL.5432"
2024-07-30 17:05:03.063 BST [3002283] LOG:  database system was shut down at 2024-07-30 17:05:01 BST
2024-07-30 17:05:03.070 BST [3002279] LOG:  database system is ready to accept connections
2024-07-30 17:05:14.262 BST [3002281] LOG:  checkpoints are occurring too frequently (11 seconds apart)
2024-07-30 17:05:14.262 BST [3002281] HINT:  Consider increasing the configuration parameter "max_wal_size".
2024-07-30 17:05:14.263 BST [3002281] LOG:  checkpoint starting: wal
2024-07-30 17:06:00.351 BST [3002281] LOG:  checkpoint complete: wrote 60435 buffers (46.1%); 0 WAL file(s) added, 0 removed, 33 recycled; write=44.500 s, sync=1.420 s, total=46.089 s; sync files=787, longest=0.151 s, average=0.002 s; distance=537505 kB, estimate=537505 kB; lsn=0/40CC2A78, redo lsn=0/221CE928
2024-07-30 17:06:03.769 BST [3002281] LOG:  checkpoint starting: wal
2024-07-30 17:06:07.005 BST [3002281] LOG:  checkpoint complete: wrote 29 buffers (0.0%); 0 WAL file(s) added, 0 removed, 33 recycled; write=2.836 s, sync=0.276 s, total=3.236 s; sync files=30, longest=0.036 s, average=0.010 s; distance=539514 kB, estimate=539514 kB; lsn=0/44EAD278, redo lsn=0/430AD408
2024-07-30 17:06:16.746 BST [3002281] LOG:  checkpoints are occurring too frequently (13 seconds apart)
2024-07-30 17:06:16.746 BST [3002281] HINT:  Consider increasing the configuration parameter "max_wal_size".
2024-07-30 17:06:16.746 BST [3002281] LOG:  checkpoint starting: wal
2024-07-30 17:06:22.610 BST [3002281] LOG:  checkpoint complete: wrote 45 buffers (0.0%); 0 WAL file(s) added, 0 removed, 33 recycled; write=4.442 s, sync=1.260 s, total=5.865 s; sync files=41, longest=1.067 s, average=0.031 s; distance=541076 kB, estimate=541076 kB; lsn=0/683CCA48, redo lsn=0/641125C0
2024-07-30 17:07:03.152 BST [3002498] LOG:  skipping vacuum of "t" --- lock not available
2024-07-30 17:07:04.058 BST [3002281] LOG:  checkpoint starting: wal
2024-07-30 17:07:15.139 BST [3002281] LOG:  checkpoint complete: wrote 125 buffers (0.1%); 0 WAL file(s) added, 0 removed, 33 recycled; write=8.568 s, sync=2.459 s, total=11.081 s; sync files=875, longest=0.986 s, average=0.003 s; distance=540265 kB, estimate=540995 kB; lsn=0/89840A78, redo lsn=0/850ACB80
2024-07-30 17:07:15.139 BST [3002281] LOG:  checkpoint starting: immediate force wait
2024-07-30 17:07:15.390 BST [3002281] LOG:  checkpoint complete: wrote 8165 buffers (6.2%); 0 WAL file(s) added, 0 removed, 4 recycled; write=0.048 s, sync=0.170 s, total=0.252 s; sync files=449, longest=0.127 s, average=0.001 s; distance=73295 kB, estimate=494225 kB; lsn=0/89840B48, redo lsn=0/89840AF0
2024-07-30 17:08:28.877 BST [3002279] LOG:  received fast shutdown request
2024-07-30 17:08:28.880 BST [3002279] LOG:  aborting any active transactions
2024-07-30 17:08:28.881 BST [3002279] LOG:  background worker "logical replication launcher" (PID 3002286) exited with exit code 1
2024-07-30 17:08:28.881 BST [3002281] LOG:  shutting down
2024-07-30 17:08:28.884 BST [3002281] LOG:  checkpoint starting: shutdown immediate
2024-07-30 17:08:28.908 BST [3002281] LOG:  checkpoint complete: wrote 96 buffers (0.1%); 0 WAL file(s) added, 0 removed, 0 recycled; write=0.010 s, sync=0.004 s, total=0.027 s; sync files=10, longest=0.004 s, average=0.001 s; distance=356 kB, estimate=444838 kB; lsn=0/89899C08, redo lsn=0/89899C08
2024-07-30 17:08:28.976 BST [3002279] LOG:  database system is shut down
