  PID TTY      STAT   TIME COMMAND
    1 ?        Ss     0:09 /sbin/init
    2 ?        S      0:00 [kthreadd]
    3 ?        S      0:00 [pool_workqueue_release]
    4 ?        I<     0:00 [kworker/R-rcu_g]
    5 ?        I<     0:00 [kworker/R-rcu_p]
    6 ?        I<     0:00 [kworker/R-slub_]
    7 ?        I<     0:00 [kworker/R-netns]
   12 ?        I<     0:00 [kworker/R-mm_pe]
   13 ?        I      0:00 [rcu_tasks_kthread]
   14 ?        I      0:00 [rcu_tasks_rude_kthread]
   15 ?        I      0:00 [rcu_tasks_trace_kthread]
   16 ?        S      2:20 [ksoftirqd/0]
   17 ?        I      1:28 [rcu_preempt]
   18 ?        S      0:00 [migration/0]
   19 ?        S      0:00 [cpuhp/0]
   20 ?        S      0:00 [cpuhp/1]
   21 ?        S      0:00 [migration/1]
   22 ?        S      2:16 [ksoftirqd/1]
   25 ?        S      0:00 [cpuhp/2]
   26 ?        S      0:00 [migration/2]
   27 ?        S      2:15 [ksoftirqd/2]
   30 ?        S      0:00 [cpuhp/3]
   31 ?        S      0:00 [migration/3]
   32 ?        S      2:16 [ksoftirqd/3]
   39 ?        S      0:00 [kdevtmpfs]
   40 ?        I<     0:00 [kworker/R-inet_]
   42 ?        S      0:00 [kauditd]
   44 ?        S      0:00 [khungtaskd]
   45 ?        S      0:00 [oom_reaper]
   46 ?        I<     0:00 [kworker/R-write]
   47 ?        S      0:51 [kcompactd0]
   48 ?        I<     0:00 [kworker/R-kinte]
   49 ?        I<     0:00 [kworker/R-kbloc]
   50 ?        I<     0:00 [kworker/R-blkcg]
   53 ?        S      0:00 [watchdogd]
   56 ?        I<     0:00 [kworker/R-rpcio]
   57 ?        I<     0:00 [kworker/R-xprti]
   59 ?        S      0:13 [kswapd0]
   60 ?        I<     0:00 [kworker/R-nfsio]
   61 ?        I<     0:00 [kworker/R-kthro]
   63 ?        S      0:00 [hwrng]
   64 ?        I<     0:00 [kworker/R-iscsi]
   65 ?        I<     0:00 [kworker/R-nvme-]
   66 ?        I<     0:00 [kworker/R-nvme-]
   67 ?        I<     0:00 [kworker/R-nvme-]
   68 ?        I<     0:00 [kworker/R-DWC N]
   69 ?        I<     0:00 [kworker/R-uas]
   70 ?        I<     0:14 [kworker/u13:0-brcmf_wq/mmc1:0001:1]
   71 ?        I<     0:00 [kworker/u14:0]
   72 ?        I<     0:00 [kworker/u15:0]
   73 ?        I<     0:00 [kworker/u16:0]
   74 ?        I<     0:00 [kworker/u17:0]
   75 ?        S      0:00 [irq/38-aerdrv]
   76 ?        S      0:00 [irq/44-aerdrv]
   85 ?        I<     0:00 [kworker/R-sdhci]
   86 ?        S      0:00 [irq/167-mmc0]
   88 ?        I<     0:00 [kworker/R-sdhci]
   89 ?        S      0:00 [irq/168-mmc1]
   91 ?        I<     0:00 [kworker/R-mmc_c]
  146 ?        S      0:00 [spi10]
  223 ?        S      0:43 [jbd2/mmcblk0p2-8]
  224 ?        I<     0:00 [kworker/R-ext4-]
  238 ?        I<     0:00 [kworker/R-mld]
  239 ?        I<     0:00 [kworker/R-ipv6_]
  288 ?        Ss     0:02 /lib/systemd/systemd-journald
  319 ?        Ss     0:07 /lib/systemd/systemd-udevd
  398 ?        S      0:00 [irq/174-1000800000.codec]
  400 ?        S      0:00 [v3d_bin]
  401 ?        S      0:00 [v3d_render]
  402 ?        S      0:00 [v3d_tfu]
  403 ?        S      0:00 [v3d_csd]
  404 ?        S      0:00 [v3d_cache_clean]
  521 ?        I<     0:00 [kworker/R-cfg80]
  535 ?        I<     0:00 [kworker/R-btrfs]
  536 ?        I<     0:00 [kworker/R-btrfs]
  537 ?        I<     0:00 [kworker/R-btrfs]
  539 ?        I<     0:00 [kworker/R-btrfs]
  540 ?        I<     0:00 [kworker/R-btrfs]
  541 ?        I<     0:00 [kworker/R-btrfs]
  542 ?        I<     0:00 [kworker/R-btrfs]
  543 ?        I<     0:00 [kworker/R-btrfs]
  544 ?        I<     0:00 [kworker/R-btrfs]
  545 ?        I<     0:00 [kworker/R-btrfs]
  546 ?        I<     0:00 [kworker/R-btrfs]
  547 ?        I<     0:00 [kworker/R-btrfs]
  548 ?        I<     0:00 [kworker/R-btrfs]
  559 ?        S      0:00 [btrfs-cleaner]
  560 ?        S      4:23 [btrfs-transaction]
  565 ?        I<     0:00 [kworker/R-brcmf]
  566 ?        S      0:01 [brcmf_wdog/mmc1:0001:1]
  583 ?        S      0:00 [irq/180-vc4 hdmi hpd connected]
  587 ?        S      0:05 [irq/181-vc4 hdmi hpd disconnected]
  588 ?        S      0:00 [cec-vc4-hdmi-0]
  589 ?        S      0:00 [irq/182-vc4 hdmi cec rx]
  622 ?        S      0:00 [irq/183-vc4 hdmi cec tx]
  628 ?        S      0:00 [irq/184-vc4 hdmi hpd connected]
  629 ?        S      0:00 [irq/185-vc4 hdmi hpd disconnected]
  630 ?        S      0:00 [cec-vc4-hdmi-1]
  631 ?        S      0:00 [irq/186-vc4 hdmi cec rx]
  632 ?        S      0:00 [irq/187-vc4 hdmi cec tx]
  635 ?        S      0:00 [card1-crtc0]
  636 ?        S      0:00 [card1-crtc1]
  637 ?        S      0:00 [card1-crtc2]
  638 ?        S      0:00 [card1-crtc3]
  661 ?        Ssl    0:00 /lib/systemd/systemd-timesyncd
  665 ?        I<     0:00 [kworker/u13:3-hci0]
  704 ?        Ss     0:03 avahi-daemon: running [raspberry-32.local]
  705 ?        Ss     0:00 /usr/libexec/bluetooth/bluetoothd
  706 ?        Ss     0:00 /usr/sbin/cron -f
  707 ?        Ss     0:08 /usr/bin/dbus-daemon --system --address=systemd: --nofork --nopidfile --systemd-activation --syslog-only
  710 ?        Ssl    0:00 /usr/lib/polkit-1/polkitd --no-debug
  720 ?        Ss     0:00 /usr/sbin/smartd -n
  722 ?        Ss     0:00 /lib/systemd/systemd-logind
  724 ?        Ss     0:00 /usr/sbin/thd --triggers /etc/triggerhappy/triggers.d/ --socket /run/thd.socket --user nobody --deviceglob /dev/input/event*
  739 ?        S      0:00 avahi-daemon: chroot helper
  790 ?        Ssl    0:22 /usr/sbin/NetworkManager --no-daemon
  815 ?        Ss     0:09 /sbin/wpa_supplicant -u -s -O DIR=/run/wpa_supplicant GROUP=netdev
  818 ?        Ssl    0:00 /usr/sbin/ModemManager
  835 ?        Ss     0:00 sshd: /usr/sbin/sshd -D [listener] 0 of 10-100 startups
  897 tty1     Ss+    0:00 /sbin/agetty -o -p -- \u --noclear - linux
  898 ?        Ss+    0:00 /sbin/agetty -o -p -- \u --keep-baud 115200,57600,38400,9600 - vt220
  958 ?        Ss     0:00 /lib/systemd/systemd --user
  959 ?        S      0:00 (sd-pam)
  993 ?        Ss     0:00 SCREEN
  994 pts/1    Ss     0:00 /bin/bash
 1142 ?        I      0:00 [kworker/1:0-events_power_efficient]
 1685 ?        I<     0:00 [kworker/0:2H-kblockd]
 2164 ?        I      0:00 [kworker/u10:9-btrfs-endio-write]
 2251 ?        I      0:00 [kworker/1:2-wg-crypt-wg0]
 2562 ?        I      0:00 [kworker/u10:0-btrfs-endio-write]
 3668 ?        I      0:01 [kworker/0:2-events]
 4263 ?        I      0:00 [kworker/u11:0-btrfs-worker]
 4436 ?        I      0:00 [kworker/1:1-wg-crypt-wg0]
 4446 ?        I<     0:00 [kworker/R-wg-cr]
 4837 ?        I      0:00 [kworker/u10:7-btrfs-worker]
 5830 ?        I      0:00 [kworker/u12:0-btrfs-worker]
 5834 ?        I      0:00 [kworker/u12:5-events_unbound]
 6582 ?        I      0:00 [kworker/u11:5-btrfs-worker]
 6583 ?        I      0:00 [kworker/u11:7-btrfs-endio-write]
 6584 ?        I      0:00 [kworker/u9:4-btrfs-endio-write]
 6585 ?        I      0:00 [kworker/u10:8-btrfs-worker]
 8131 ?        I      0:00 [kworker/u10:5-btrfs-endio-write]
 8978 ?        I      0:00 [kworker/u9:1-btrfs-endio-write]
 9039 ?        I      0:00 [kworker/2:1-mm_percpu_wq]
 9948 ?        I      0:00 [kworker/u8:4]
11386 ?        I      0:00 [kworker/2:0-mm_percpu_wq]
11782 ?        I      0:00 [kworker/u8:1-btrfs-delayed-meta]
12197 ?        Ss     0:01 /mnt/data/builds/yes-128-32768-10/bin/postgres -D /mnt/data/data-test
12198 ?        Ss     0:00 postgres: checkpointer 
12199 ?        Ss     0:00 postgres: background writer 
12201 ?        Ss     0:00 postgres: walwriter 
12202 ?        Ss     0:00 postgres: autovacuum launcher 
12203 ?        Ss     0:00 postgres: logical replication launcher 
12206 pts/1    S+     0:00 /bin/bash ./run-star.sh rpi5-32 scalability-yes-128-32768-10-1722563523 32768 yes 128 /mnt/data/lock-scalability-test/20240801-0812-glibc-tuned/logs/star-yes-128-32768-10 1 10 1 4 8 10
12207 pts/1    R+     0:00 ps ax
12414 ?        I<     0:00 [kworker/2:0H-kblockd]
12792 pts/1    S+     0:04 /usr/bin/bash -x ./run.sh glibc-tuned
13578 ?        I      0:00 [kworker/u10:1-btrfs-endio-write]
13580 ?        I      0:00 [kworker/u10:3-btrfs-endio-write]
14358 ?        I      0:00 [kworker/u8:3-ext4-rsv-conversion]
14423 ?        I      0:00 [kworker/u12:8-btrfs-endio-write]
14424 ?        I      0:00 [kworker/u10:4-btrfs-worker]
14425 ?        I      0:00 [kworker/u10:6-btrfs-worker]
14829 ?        I      0:00 [kworker/u8:5-btrfs-delayed-meta]
15912 ?        I      0:00 [kworker/u12:9-btrfs-endio-write]
16580 ?        I      0:00 [kworker/u9:8-btrfs-endio]
18170 ?        I      0:00 [kworker/3:0-events]
19652 ?        I<     0:00 [kworker/3:2H]
21293 ?        I      0:00 [kworker/u12:4-btrfs-endio-write]
21913 ?        I<     0:00 [kworker/2:1H]
22552 ?        I<     0:00 [kworker/2:2H]
22627 ?        I<     0:00 [kworker/3:0H]
23254 ?        I      0:00 [kworker/u8:2-btrfs-delayed-meta]
23613 ?        I      0:00 [kworker/u12:2-btrfs-endio-write]
23985 ?        I<     0:00 [kworker/1:2H-kblockd]
24598 ?        I      0:00 [kworker/0:1-events]
24638 ?        I      0:00 [kworker/2:2-mm_percpu_wq]
24826 ?        I<     0:00 [kworker/1:1H-kblockd]
25405 ?        I<     0:00 [kworker/3:1H-kblockd]
26605 ?        I      0:00 [kworker/u12:1-btrfs-endio-write]
26788 ?        I      0:00 [kworker/0:0-events]
27210 ?        I      0:00 [kworker/u9:3-btrfs-endio-write]
28138 ?        I      0:00 [kworker/u8:6-btrfs-delayed-meta]
28175 ?        I      0:00 [kworker/u11:3-btrfs-endio-write]
28918 ?        I      0:00 [kworker/3:2]
29697 ?        I<     0:00 [kworker/1:0H]
30432 ?        I      0:00 [kworker/u8:0-ext4-rsv-conversion]
31301 ?        I      0:00 [kworker/u11:1-btrfs-worker]
31376 ?        I      0:00 [kworker/u10:2-writeback]
31397 ?        I      0:00 [kworker/u12:7-btrfs-endio-write]
31902 ?        I      0:00 [kworker/u9:0-btrfs-endio-write]
31943 ?        I<     0:00 [kworker/0:0H-kblockd]
31979 ?        I<     0:00 [kworker/0:1H-kblockd]
32459 ?        I      0:00 [kworker/3:1-events_power_efficient]
