2024-08-01 20:05:59.754 CEST [2755941] LOG:  starting PostgreSQL 18devel on x86_64-pc-linux-gnu, compiled by gcc (Debian 12.2.0-14) 12.2.0, 64-bit
2024-08-01 20:05:59.754 CEST [2755941] LOG:  listening on IPv6 address "::1", port 5432
2024-08-01 20:05:59.754 CEST [2755941] LOG:  listening on IPv4 address "127.0.0.1", port 5432
2024-08-01 20:05:59.775 CEST [2755941] LOG:  listening on Unix socket "/tmp/.s.PGSQL.5432"
2024-08-01 20:05:59.778 CEST [2755944] LOG:  database system was shut down at 2024-08-01 20:05:58 CEST
2024-08-01 20:05:59.781 CEST [2755941] LOG:  database system is ready to accept connections
2024-08-01 20:06:09.427 CEST [2755942] LOG:  checkpoints are occurring too frequently (10 seconds apart)
2024-08-01 20:06:09.427 CEST [2755942] HINT:  Consider increasing the configuration parameter "max_wal_size".
2024-08-01 20:06:09.427 CEST [2755942] LOG:  checkpoint starting: wal
2024-08-01 20:06:17.724 CEST [2755942] LOG:  checkpoint complete: wrote 39361 buffers (15.0%); 0 WAL file(s) added, 0 removed, 33 recycled; write=7.843 s, sync=0.364 s, total=8.297 s; sync files=345, longest=0.220 s, average=0.002 s; distance=535747 kB, estimate=535747 kB; lsn=0/40C54608, redo lsn=0/2201C308
2024-08-01 20:06:18.335 CEST [2755942] LOG:  checkpoints are occurring too frequently (9 seconds apart)
2024-08-01 20:06:18.335 CEST [2755942] HINT:  Consider increasing the configuration parameter "max_wal_size".
2024-08-01 20:06:18.336 CEST [2755942] LOG:  checkpoint starting: wal
2024-08-01 20:06:25.808 CEST [2755942] LOG:  checkpoint complete: wrote 40044 buffers (15.3%); 0 WAL file(s) added, 1 removed, 32 recycled; write=7.135 s, sync=0.254 s, total=7.473 s; sync files=3, longest=0.198 s, average=0.085 s; distance=551842 kB, estimate=551842 kB; lsn=0/62711DB0, redo lsn=0/43B04D50
2024-08-01 20:06:26.208 CEST [2755942] LOG:  checkpoints are occurring too frequently (8 seconds apart)
2024-08-01 20:06:26.208 CEST [2755942] HINT:  Consider increasing the configuration parameter "max_wal_size".
2024-08-01 20:06:26.209 CEST [2755942] LOG:  checkpoint starting: wal
2024-08-01 20:06:49.803 CEST [2755942] LOG:  checkpoint complete: wrote 38928 buffers (14.8%); 0 WAL file(s) added, 0 removed, 33 recycled; write=23.111 s, sync=0.452 s, total=23.595 s; sync files=13, longest=0.073 s, average=0.035 s; distance=536412 kB, estimate=550299 kB; lsn=0/82398A58, redo lsn=0/646DC100
2024-08-01 20:06:52.365 CEST [2755942] LOG:  checkpoints are occurring too frequently (26 seconds apart)
2024-08-01 20:06:52.365 CEST [2755942] HINT:  Consider increasing the configuration parameter "max_wal_size".
2024-08-01 20:06:52.366 CEST [2755942] LOG:  checkpoint starting: wal
2024-08-01 20:07:02.284 CEST [2755942] LOG:  checkpoint complete: wrote 69103 buffers (26.4%); 0 WAL file(s) added, 2 removed, 31 recycled; write=9.334 s, sync=0.493 s, total=9.919 s; sync files=20, longest=0.339 s, average=0.025 s; distance=538458 kB, estimate=549115 kB; lsn=0/A501A380, redo lsn=0/854B2C88
2024-08-01 20:07:02.427 CEST [2755942] LOG:  checkpoints are occurring too frequently (10 seconds apart)
2024-08-01 20:07:02.427 CEST [2755942] HINT:  Consider increasing the configuration parameter "max_wal_size".
2024-08-01 20:07:02.450 CEST [2755942] LOG:  checkpoint starting: wal
2024-08-01 20:07:05.113 CEST [2755942] LOG:  checkpoint complete: wrote 27 buffers (0.0%); 0 WAL file(s) added, 0 removed, 34 recycled; write=2.619 s, sync=0.009 s, total=2.686 s; sync files=20, longest=0.006 s, average=0.001 s; distance=552358 kB, estimate=552358 kB; lsn=0/BB1A0BC8, redo lsn=0/A701C830
2024-08-01 20:07:10.492 CEST [2755942] LOG:  checkpoints are occurring too frequently (8 seconds apart)
2024-08-01 20:07:10.492 CEST [2755942] HINT:  Consider increasing the configuration parameter "max_wal_size".
2024-08-01 20:07:10.493 CEST [2755942] LOG:  checkpoint starting: wal
2024-08-01 20:07:11.519 CEST [2755942] LOG:  checkpoint complete: wrote 8 buffers (0.0%); 0 WAL file(s) added, 0 removed, 33 recycled; write=0.806 s, sync=0.189 s, total=1.028 s; sync files=8, longest=0.187 s, average=0.024 s; distance=546095 kB, estimate=551732 kB; lsn=0/CAF45CA8, redo lsn=0/C8568498
2024-08-01 20:07:38.954 CEST [2755942] LOG:  checkpoints are occurring too frequently (28 seconds apart)
2024-08-01 20:07:38.954 CEST [2755942] HINT:  Consider increasing the configuration parameter "max_wal_size".
2024-08-01 20:07:38.954 CEST [2755942] LOG:  checkpoint starting: wal
2024-08-01 20:07:40.467 CEST [2755942] LOG:  checkpoint complete: wrote 9 buffers (0.0%); 0 WAL file(s) added, 0 removed, 33 recycled; write=0.906 s, sync=0.561 s, total=1.513 s; sync files=18, longest=0.077 s, average=0.032 s; distance=542120 kB, estimate=550771 kB; lsn=0/ECE10880, redo lsn=0/E96D2790
2024-08-01 20:07:41.987 CEST [2755942] LOG:  checkpoint starting: immediate force wait
2024-08-01 20:07:42.891 CEST [2755942] LOG:  checkpoint complete: wrote 1951 buffers (0.7%); 0 WAL file(s) added, 0 removed, 4 recycled; write=0.038 s, sync=0.846 s, total=0.904 s; sync files=417, longest=0.684 s, average=0.003 s; distance=70344 kB, estimate=502728 kB; lsn=0/EDB84938, redo lsn=0/EDB848E0
2024-08-01 20:08:53.195 CEST [2755941] LOG:  received fast shutdown request
2024-08-01 20:08:53.196 CEST [2755941] LOG:  aborting any active transactions
2024-08-01 20:08:53.197 CEST [2755941] LOG:  background worker "logical replication launcher" (PID 2755947) exited with exit code 1
2024-08-01 20:08:53.206 CEST [2755942] LOG:  shutting down
2024-08-01 20:08:53.206 CEST [2755942] LOG:  checkpoint starting: shutdown immediate
2024-08-01 20:08:53.216 CEST [2755942] LOG:  checkpoint complete: wrote 72 buffers (0.0%); 0 WAL file(s) added, 0 removed, 0 recycled; write=0.004 s, sync=0.004 s, total=0.011 s; sync files=10, longest=0.002 s, average=0.001 s; distance=247 kB, estimate=452480 kB; lsn=0/EDBC2628, redo lsn=0/EDBC2628
2024-08-01 20:08:53.488 CEST [2755941] LOG:  database system is shut down
