2024-08-01 06:35:44.735 CEST [3244428] LOG:  starting PostgreSQL 18devel on x86_64-pc-linux-gnu, compiled by gcc (Debian 12.2.0-14) 12.2.0, 64-bit
2024-08-01 06:35:44.735 CEST [3244428] LOG:  listening on IPv6 address "::1", port 5432
2024-08-01 06:35:44.735 CEST [3244428] LOG:  listening on IPv4 address "127.0.0.1", port 5432
2024-08-01 06:35:44.753 CEST [3244428] LOG:  listening on Unix socket "/tmp/.s.PGSQL.5432"
2024-08-01 06:35:44.756 CEST [3244431] LOG:  database system was shut down at 2024-08-01 06:35:43 CEST
2024-08-01 06:35:44.759 CEST [3244428] LOG:  database system is ready to accept connections
2024-08-01 06:35:54.374 CEST [3244429] LOG:  checkpoints are occurring too frequently (10 seconds apart)
2024-08-01 06:35:54.374 CEST [3244429] HINT:  Consider increasing the configuration parameter "max_wal_size".
2024-08-01 06:35:54.374 CEST [3244429] LOG:  checkpoint starting: wal
2024-08-01 06:36:02.626 CEST [3244429] LOG:  checkpoint complete: wrote 40045 buffers (15.3%); 0 WAL file(s) added, 1 removed, 32 recycled; write=7.836 s, sync=0.339 s, total=8.252 s; sync files=345, longest=0.209 s, average=0.001 s; distance=545183 kB, estimate=545183 kB; lsn=0/410C1358, redo lsn=0/22953148
2024-08-01 06:36:03.176 CEST [3244429] LOG:  checkpoints are occurring too frequently (9 seconds apart)
2024-08-01 06:36:03.176 CEST [3244429] HINT:  Consider increasing the configuration parameter "max_wal_size".
2024-08-01 06:36:03.176 CEST [3244429] LOG:  checkpoint starting: wal
2024-08-01 06:36:10.464 CEST [3244429] LOG:  checkpoint complete: wrote 39489 buffers (15.1%); 0 WAL file(s) added, 1 removed, 32 recycled; write=6.934 s, sync=0.253 s, total=7.289 s; sync files=3, longest=0.196 s, average=0.085 s; distance=544211 kB, estimate=545086 kB; lsn=0/62833DA8, redo lsn=0/43CC8098
2024-08-01 06:36:10.862 CEST [3244429] LOG:  checkpoints are occurring too frequently (7 seconds apart)
2024-08-01 06:36:10.862 CEST [3244429] HINT:  Consider increasing the configuration parameter "max_wal_size".
2024-08-01 06:36:10.863 CEST [3244429] LOG:  checkpoint starting: wal
2024-08-01 06:36:33.884 CEST [3244429] LOG:  checkpoint complete: wrote 38820 buffers (14.8%); 0 WAL file(s) added, 0 removed, 33 recycled; write=22.530 s, sync=0.460 s, total=23.022 s; sync files=12, longest=0.072 s, average=0.039 s; distance=534848 kB, estimate=544062 kB; lsn=0/82399A30, redo lsn=0/64718170
2024-08-01 06:36:36.432 CEST [3244429] LOG:  checkpoints are occurring too frequently (26 seconds apart)
2024-08-01 06:36:36.432 CEST [3244429] HINT:  Consider increasing the configuration parameter "max_wal_size".
2024-08-01 06:36:36.432 CEST [3244429] LOG:  checkpoint starting: wal
2024-08-01 06:36:46.066 CEST [3244429] LOG:  checkpoint complete: wrote 69151 buffers (26.4%); 0 WAL file(s) added, 2 removed, 31 recycled; write=9.044 s, sync=0.495 s, total=9.635 s; sync files=21, longest=0.335 s, average=0.024 s; distance=537783 kB, estimate=543434 kB; lsn=0/A501B358, redo lsn=0/85445E68
2024-08-01 06:36:46.212 CEST [3244429] LOG:  checkpoints are occurring too frequently (10 seconds apart)
2024-08-01 06:36:46.212 CEST [3244429] HINT:  Consider increasing the configuration parameter "max_wal_size".
2024-08-01 06:36:46.212 CEST [3244429] LOG:  checkpoint starting: wal
2024-08-01 06:36:48.877 CEST [3244429] LOG:  checkpoint complete: wrote 27 buffers (0.0%); 0 WAL file(s) added, 0 removed, 33 recycled; write=2.617 s, sync=0.010 s, total=2.666 s; sync files=20, longest=0.007 s, average=0.001 s; distance=548445 kB, estimate=548445 kB; lsn=0/BB1A1BA0, redo lsn=0/A6BDD330
2024-08-01 06:36:51.845 CEST [3244429] LOG:  checkpoints are occurring too frequently (5 seconds apart)
2024-08-01 06:36:51.845 CEST [3244429] HINT:  Consider increasing the configuration parameter "max_wal_size".
2024-08-01 06:36:51.845 CEST [3244429] LOG:  checkpoint starting: wal
2024-08-01 06:36:52.880 CEST [3244429] LOG:  checkpoint complete: wrote 8 buffers (0.0%); 0 WAL file(s) added, 0 removed, 33 recycled; write=0.812 s, sync=0.193 s, total=1.035 s; sync files=7, longest=0.191 s, average=0.028 s; distance=532004 kB, estimate=546801 kB; lsn=0/C73664A0, redo lsn=0/C73663F8
2024-08-01 06:37:19.562 CEST [3244429] LOG:  checkpoints are occurring too frequently (28 seconds apart)
2024-08-01 06:37:19.562 CEST [3244429] HINT:  Consider increasing the configuration parameter "max_wal_size".
2024-08-01 06:37:19.563 CEST [3244429] LOG:  checkpoint starting: wal
2024-08-01 06:37:20.937 CEST [3244429] LOG:  checkpoint complete: wrote 8 buffers (0.0%); 0 WAL file(s) added, 0 removed, 33 recycled; write=0.817 s, sync=0.527 s, total=1.375 s; sync files=16, longest=0.072 s, average=0.033 s; distance=546265 kB, estimate=546747 kB; lsn=0/E8E0DDE8, redo lsn=0/E88DCB88
2024-08-01 06:37:24.769 CEST [3244429] LOG:  checkpoint starting: immediate force wait
2024-08-01 06:37:25.682 CEST [3244429] LOG:  checkpoint complete: wrote 1910 buffers (0.7%); 0 WAL file(s) added, 0 removed, 5 recycled; write=0.030 s, sync=0.863 s, total=0.913 s; sync files=409, longest=0.626 s, average=0.003 s; distance=84389 kB, estimate=500511 kB; lsn=0/EDB84428, redo lsn=0/EDB46238
2024-08-01 06:38:35.989 CEST [3244428] LOG:  received fast shutdown request
2024-08-01 06:38:35.990 CEST [3244428] LOG:  aborting any active transactions
2024-08-01 06:38:35.991 CEST [3244428] LOG:  background worker "logical replication launcher" (PID 3244434) exited with exit code 1
2024-08-01 06:38:35.993 CEST [3244429] LOG:  shutting down
2024-08-01 06:38:35.993 CEST [3244429] LOG:  checkpoint starting: shutdown immediate
2024-08-01 06:38:36.014 CEST [3244429] LOG:  checkpoint complete: wrote 85 buffers (0.0%); 0 WAL file(s) added, 0 removed, 0 recycled; write=0.006 s, sync=0.010 s, total=0.022 s; sync files=15, longest=0.001 s, average=0.001 s; distance=373 kB, estimate=450497 kB; lsn=0/EDBA3760, redo lsn=0/EDBA3760
2024-08-01 06:38:36.284 CEST [3244428] LOG:  database system is shut down
