2024-07-31 10:45:34.897 CEST [2879922] LOG:  starting PostgreSQL 18devel on x86_64-pc-linux-gnu, compiled by gcc (Debian 12.2.0-14) 12.2.0, 64-bit
2024-07-31 10:45:34.897 CEST [2879922] LOG:  listening on IPv6 address "::1", port 5432
2024-07-31 10:45:34.897 CEST [2879922] LOG:  listening on IPv4 address "127.0.0.1", port 5432
2024-07-31 10:45:34.915 CEST [2879922] LOG:  listening on Unix socket "/tmp/.s.PGSQL.5432"
2024-07-31 10:45:34.918 CEST [2879925] LOG:  database system was shut down at 2024-07-31 10:45:33 CEST
2024-07-31 10:45:34.921 CEST [2879922] LOG:  database system is ready to accept connections
2024-07-31 10:45:45.033 CEST [2879923] LOG:  checkpoints are occurring too frequently (11 seconds apart)
2024-07-31 10:45:45.033 CEST [2879923] HINT:  Consider increasing the configuration parameter "max_wal_size".
2024-07-31 10:45:45.033 CEST [2879923] LOG:  checkpoint starting: wal
2024-07-31 10:45:53.703 CEST [2879923] LOG:  checkpoint complete: wrote 30892 buffers (11.8%); 0 WAL file(s) added, 0 removed, 33 recycled; write=8.324 s, sync=0.257 s, total=8.671 s; sync files=309, longest=0.128 s, average=0.001 s; distance=536622 kB, estimate=536622 kB; lsn=0/4029F088, redo lsn=0/220F7030
2024-07-31 10:45:54.520 CEST [2879923] LOG:  checkpoints are occurring too frequently (9 seconds apart)
2024-07-31 10:45:54.520 CEST [2879923] HINT:  Consider increasing the configuration parameter "max_wal_size".
2024-07-31 10:45:54.520 CEST [2879923] LOG:  checkpoint starting: wal
2024-07-31 10:46:03.173 CEST [2879923] LOG:  checkpoint complete: wrote 30993 buffers (11.8%); 0 WAL file(s) added, 2 removed, 31 recycled; write=8.159 s, sync=0.412 s, total=8.654 s; sync files=5, longest=0.242 s, average=0.083 s; distance=551076 kB, estimate=551076 kB; lsn=0/6389C550, redo lsn=0/43B20048
2024-07-31 10:46:03.279 CEST [2879923] LOG:  checkpoints are occurring too frequently (9 seconds apart)
2024-07-31 10:46:03.279 CEST [2879923] HINT:  Consider increasing the configuration parameter "max_wal_size".
2024-07-31 10:46:03.279 CEST [2879923] LOG:  checkpoint starting: wal
2024-07-31 10:46:11.404 CEST [2879923] LOG:  checkpoint complete: wrote 27446 buffers (10.5%); 0 WAL file(s) added, 0 removed, 34 recycled; write=7.606 s, sync=0.483 s, total=8.126 s; sync files=386, longest=0.198 s, average=0.002 s; distance=545795 kB, estimate=550548 kB; lsn=0/7937B5B8, redo lsn=0/65020F88
2024-07-31 10:46:11.404 CEST [2879923] LOG:  checkpoint starting: immediate force wait
2024-07-31 10:46:11.801 CEST [2879923] LOG:  checkpoint complete: wrote 44982 buffers (17.2%); 0 WAL file(s) added, 0 removed, 20 recycled; write=0.344 s, sync=0.024 s, total=0.397 s; sync files=154, longest=0.001 s, average=0.001 s; distance=331113 kB, estimate=528604 kB; lsn=0/7937B688, redo lsn=0/7937B630
2024-07-31 10:47:22.052 CEST [2879922] LOG:  received fast shutdown request
2024-07-31 10:47:22.053 CEST [2879922] LOG:  aborting any active transactions
2024-07-31 10:47:22.054 CEST [2879922] LOG:  background worker "logical replication launcher" (PID 2879928) exited with exit code 1
2024-07-31 10:47:22.056 CEST [2879923] LOG:  shutting down
2024-07-31 10:47:22.057 CEST [2879923] LOG:  checkpoint starting: shutdown immediate
2024-07-31 10:47:22.069 CEST [2879923] LOG:  checkpoint complete: wrote 53 buffers (0.0%); 0 WAL file(s) added, 0 removed, 0 recycled; write=0.005 s, sync=0.003 s, total=0.013 s; sync files=12, longest=0.001 s, average=0.001 s; distance=260 kB, estimate=475770 kB; lsn=0/793BC848, redo lsn=0/793BC848
2024-07-31 10:47:22.327 CEST [2879922] LOG:  database system is shut down
