2024-08-01 06:05:47.798 CEST [3153130] LOG:  starting PostgreSQL 18devel on x86_64-pc-linux-gnu, compiled by gcc (Debian 12.2.0-14) 12.2.0, 64-bit
2024-08-01 06:05:47.799 CEST [3153130] LOG:  listening on IPv6 address "::1", port 5432
2024-08-01 06:05:47.799 CEST [3153130] LOG:  listening on IPv4 address "127.0.0.1", port 5432
2024-08-01 06:05:47.818 CEST [3153130] LOG:  listening on Unix socket "/tmp/.s.PGSQL.5432"
2024-08-01 06:05:47.821 CEST [3153133] LOG:  database system was shut down at 2024-08-01 06:05:46 CEST
2024-08-01 06:05:47.825 CEST [3153130] LOG:  database system is ready to accept connections
2024-08-01 06:05:57.652 CEST [3153131] LOG:  checkpoints are occurring too frequently (10 seconds apart)
2024-08-01 06:05:57.652 CEST [3153131] HINT:  Consider increasing the configuration parameter "max_wal_size".
2024-08-01 06:05:57.652 CEST [3153131] LOG:  checkpoint starting: wal
2024-08-01 06:06:06.323 CEST [3153131] LOG:  checkpoint complete: wrote 39616 buffers (15.1%); 0 WAL file(s) added, 1 removed, 32 recycled; write=8.240 s, sync=0.354 s, total=8.672 s; sync files=345, longest=0.206 s, average=0.002 s; distance=539328 kB, estimate=539328 kB; lsn=0/410B5820, redo lsn=0/2239B478
2024-08-01 06:06:06.875 CEST [3153131] LOG:  checkpoints are occurring too frequently (9 seconds apart)
2024-08-01 06:06:06.875 CEST [3153131] HINT:  Consider increasing the configuration parameter "max_wal_size".
2024-08-01 06:06:06.875 CEST [3153131] LOG:  checkpoint starting: wal
2024-08-01 06:06:14.536 CEST [3153131] LOG:  checkpoint complete: wrote 39772 buffers (15.2%); 0 WAL file(s) added, 1 removed, 32 recycled; write=7.311 s, sync=0.276 s, total=7.662 s; sync files=3, longest=0.218 s, average=0.092 s; distance=548043 kB, estimate=548043 kB; lsn=0/62356CB8, redo lsn=0/43ACE088
2024-08-01 06:06:14.947 CEST [3153131] LOG:  checkpoints are occurring too frequently (8 seconds apart)
2024-08-01 06:06:14.947 CEST [3153131] HINT:  Consider increasing the configuration parameter "max_wal_size".
2024-08-01 06:06:14.948 CEST [3153131] LOG:  checkpoint starting: wal
2024-08-01 06:06:38.072 CEST [3153131] LOG:  checkpoint complete: wrote 38613 buffers (14.7%); 0 WAL file(s) added, 0 removed, 33 recycled; write=22.631 s, sync=0.462 s, total=23.125 s; sync files=12, longest=0.075 s, average=0.039 s; distance=532056 kB, estimate=546444 kB; lsn=0/8239B3A0, redo lsn=0/64264148
2024-08-01 06:06:40.819 CEST [3153131] LOG:  checkpoints are occurring too frequently (26 seconds apart)
2024-08-01 06:06:40.819 CEST [3153131] HINT:  Consider increasing the configuration parameter "max_wal_size".
2024-08-01 06:06:40.819 CEST [3153131] LOG:  checkpoint starting: wal
2024-08-01 06:06:50.563 CEST [3153131] LOG:  checkpoint complete: wrote 69748 buffers (26.6%); 0 WAL file(s) added, 2 removed, 31 recycled; write=9.156 s, sync=0.503 s, total=9.745 s; sync files=21, longest=0.335 s, average=0.024 s; distance=548533 kB, estimate=548533 kB; lsn=0/A5C1DA48, redo lsn=0/85A11818
2024-08-01 06:06:50.640 CEST [3153131] LOG:  checkpoints are occurring too frequently (10 seconds apart)
2024-08-01 06:06:50.640 CEST [3153131] HINT:  Consider increasing the configuration parameter "max_wal_size".
2024-08-01 06:06:50.640 CEST [3153131] LOG:  checkpoint starting: wal
2024-08-01 06:06:53.287 CEST [3153131] LOG:  checkpoint complete: wrote 27 buffers (0.0%); 0 WAL file(s) added, 0 removed, 34 recycled; write=2.609 s, sync=0.004 s, total=2.647 s; sync files=21, longest=0.001 s, average=0.001 s; distance=546870 kB, estimate=548367 kB; lsn=0/BB1A3540, redo lsn=0/A701F178
2024-08-01 06:06:58.579 CEST [3153131] LOG:  checkpoints are occurring too frequently (8 seconds apart)
2024-08-01 06:06:58.579 CEST [3153131] HINT:  Consider increasing the configuration parameter "max_wal_size".
2024-08-01 06:06:58.580 CEST [3153131] LOG:  checkpoint starting: wal
2024-08-01 06:06:59.606 CEST [3153131] LOG:  checkpoint complete: wrote 8 buffers (0.0%); 0 WAL file(s) added, 0 removed, 33 recycled; write=0.806 s, sync=0.190 s, total=1.028 s; sync files=8, longest=0.188 s, average=0.024 s; distance=546753 kB, estimate=548205 kB; lsn=0/CAF48608, redo lsn=0/C860F5C0
2024-08-01 06:07:26.746 CEST [3153131] LOG:  checkpoints are occurring too frequently (28 seconds apart)
2024-08-01 06:07:26.746 CEST [3153131] HINT:  Consider increasing the configuration parameter "max_wal_size".
2024-08-01 06:07:26.746 CEST [3153131] LOG:  checkpoint starting: wal
2024-08-01 06:07:28.237 CEST [3153131] LOG:  checkpoint complete: wrote 9 buffers (0.0%); 0 WAL file(s) added, 0 removed, 34 recycled; write=0.906 s, sync=0.536 s, total=1.492 s; sync files=23, longest=0.072 s, average=0.024 s; distance=550904 kB, estimate=550904 kB; lsn=0/ED01A3F8, redo lsn=0/EA00D828
2024-08-01 06:07:29.681 CEST [3153131] LOG:  checkpoint starting: immediate force wait
2024-08-01 06:07:30.535 CEST [3153131] LOG:  checkpoint complete: wrote 1951 buffers (0.7%); 0 WAL file(s) added, 0 removed, 3 recycled; write=0.029 s, sync=0.806 s, total=0.854 s; sync files=413, longest=0.642 s, average=0.002 s; distance=60905 kB, estimate=501904 kB; lsn=0/EDB87D40, redo lsn=0/EDB87CE8
2024-08-01 06:08:40.835 CEST [3153130] LOG:  received fast shutdown request
2024-08-01 06:08:40.835 CEST [3153130] LOG:  aborting any active transactions
2024-08-01 06:08:40.836 CEST [3153130] LOG:  background worker "logical replication launcher" (PID 3153136) exited with exit code 1
2024-08-01 06:08:40.837 CEST [3153131] LOG:  shutting down
2024-08-01 06:08:40.838 CEST [3153131] LOG:  checkpoint starting: shutdown immediate
2024-08-01 06:08:40.848 CEST [3153131] LOG:  checkpoint complete: wrote 72 buffers (0.0%); 0 WAL file(s) added, 0 removed, 0 recycled; write=0.004 s, sync=0.003 s, total=0.011 s; sync files=10, longest=0.001 s, average=0.001 s; distance=248 kB, estimate=451739 kB; lsn=0/EDBC5F68, redo lsn=0/EDBC5F68
2024-08-01 06:08:41.116 CEST [3153130] LOG:  database system is shut down
