2024-07-31 18:22:19.212 BST [2080823] LOG:  starting PostgreSQL 18devel on aarch64-unknown-linux-gnu, compiled by gcc (Debian 12.2.0-14) 12.2.0, 64-bit
2024-07-31 18:22:19.237 BST [2080823] LOG:  listening on IPv6 address "::1", port 5432
2024-07-31 18:22:19.237 BST [2080823] LOG:  listening on IPv4 address "127.0.0.1", port 5432
2024-07-31 18:22:19.352 BST [2080823] LOG:  listening on Unix socket "/tmp/.s.PGSQL.5432"
2024-07-31 18:22:19.370 BST [2080826] LOG:  database system was shut down at 2024-07-31 18:22:17 BST
2024-07-31 18:22:19.381 BST [2080823] LOG:  database system is ready to accept connections
2024-07-31 18:22:31.854 BST [2080824] LOG:  checkpoints are occurring too frequently (12 seconds apart)
2024-07-31 18:22:31.854 BST [2080824] HINT:  Consider increasing the configuration parameter "max_wal_size".
2024-07-31 18:22:31.855 BST [2080824] LOG:  checkpoint starting: wal
2024-07-31 18:23:28.336 BST [2080824] LOG:  checkpoint complete: wrote 60435 buffers (46.1%); 0 WAL file(s) added, 1 removed, 32 recycled; write=52.107 s, sync=3.906 s, total=56.482 s; sync files=787, longest=0.262 s, average=0.005 s; distance=537505 kB, estimate=537505 kB; lsn=0/418BBA40, redo lsn=0/221CE928
2024-07-31 18:23:30.231 BST [2080824] LOG:  checkpoint starting: wal
2024-07-31 18:23:34.324 BST [2080824] LOG:  checkpoint complete: wrote 29 buffers (0.0%); 0 WAL file(s) added, 0 removed, 33 recycled; write=2.826 s, sync=0.918 s, total=4.094 s; sync files=30, longest=0.109 s, average=0.031 s; distance=539514 kB, estimate=539514 kB; lsn=0/44EAD278, redo lsn=0/430AD408
2024-07-31 18:23:47.766 BST [2080824] LOG:  checkpoints are occurring too frequently (17 seconds apart)
2024-07-31 18:23:47.766 BST [2080824] HINT:  Consider increasing the configuration parameter "max_wal_size".
2024-07-31 18:23:47.766 BST [2080824] LOG:  checkpoint starting: wal
2024-07-31 18:23:56.769 BST [2080824] LOG:  checkpoint complete: wrote 45 buffers (0.0%); 0 WAL file(s) added, 0 removed, 33 recycled; write=5.869 s, sync=2.930 s, total=9.003 s; sync files=42, longest=1.184 s, average=0.070 s; distance=541076 kB, estimate=541076 kB; lsn=0/694E59D8, redo lsn=0/64112628
2024-07-31 18:24:19.463 BST [2081012] LOG:  skipping vacuum of "t" --- lock not available
2024-07-31 18:24:38.209 BST [2080824] LOG:  checkpoint starting: wal
2024-07-31 18:24:48.607 BST [2080824] LOG:  checkpoint complete: wrote 125 buffers (0.1%); 0 WAL file(s) added, 0 removed, 33 recycled; write=9.190 s, sync=1.060 s, total=10.398 s; sync files=873, longest=0.959 s, average=0.002 s; distance=540265 kB, estimate=540995 kB; lsn=0/8983F480, redo lsn=0/850ACB80
2024-07-31 18:24:48.607 BST [2080824] LOG:  checkpoint starting: immediate force wait
2024-07-31 18:24:48.885 BST [2080824] LOG:  checkpoint complete: wrote 8165 buffers (6.2%); 0 WAL file(s) added, 0 removed, 4 recycled; write=0.049 s, sync=0.184 s, total=0.279 s; sync files=449, longest=0.128 s, average=0.001 s; distance=73290 kB, estimate=494224 kB; lsn=0/8983F550, redo lsn=0/8983F4F8
2024-07-31 18:26:04.087 BST [2080823] LOG:  received fast shutdown request
2024-07-31 18:26:04.092 BST [2080823] LOG:  aborting any active transactions
2024-07-31 18:26:04.092 BST [2080823] LOG:  background worker "logical replication launcher" (PID 2080829) exited with exit code 1
2024-07-31 18:26:04.093 BST [2080824] LOG:  shutting down
2024-07-31 18:26:04.104 BST [2080824] LOG:  checkpoint starting: shutdown immediate
2024-07-31 18:26:04.134 BST [2080824] LOG:  checkpoint complete: wrote 96 buffers (0.1%); 0 WAL file(s) added, 0 removed, 0 recycled; write=0.007 s, sync=0.006 s, total=0.042 s; sync files=10, longest=0.006 s, average=0.001 s; distance=356 kB, estimate=444838 kB; lsn=0/89898638, redo lsn=0/89898638
2024-07-31 18:26:04.222 BST [2080823] LOG:  database system is shut down
