2024-08-01 00:26:41.965 BST [8341] LOG:  starting PostgreSQL 18devel on armv8l-unknown-linux-gnueabihf, compiled by gcc (Raspbian 12.2.0-14+rpi1) 12.2.0, 32-bit
2024-08-01 00:26:41.965 BST [8341] LOG:  listening on IPv6 address "::1", port 5432
2024-08-01 00:26:41.965 BST [8341] LOG:  listening on IPv4 address "127.0.0.1", port 5432
2024-08-01 00:26:41.980 BST [8341] LOG:  listening on Unix socket "/tmp/.s.PGSQL.5432"
2024-08-01 00:26:41.984 BST [8344] LOG:  database system was shut down at 2024-08-01 00:26:39 BST
2024-08-01 00:26:41.990 BST [8341] LOG:  database system is ready to accept connections
2024-08-01 00:26:56.270 BST [8342] LOG:  checkpoints are occurring too frequently (15 seconds apart)
2024-08-01 00:26:56.270 BST [8342] HINT:  Consider increasing the configuration parameter "max_wal_size".
2024-08-01 00:26:56.270 BST [8342] LOG:  checkpoint starting: wal
2024-08-01 00:27:48.191 BST [8342] LOG:  checkpoint complete: wrote 60435 buffers (46.1%); 0 WAL file(s) added, 0 removed, 33 recycled; write=50.542 s, sync=1.151 s, total=51.921 s; sync files=787, longest=0.080 s, average=0.002 s; distance=537502 kB, estimate=537502 kB; lsn=0/406C5198, redo lsn=0/221CD788
2024-08-01 00:27:52.473 BST [8342] LOG:  checkpoint starting: wal
2024-08-01 00:27:55.735 BST [8342] LOG:  checkpoint complete: wrote 29 buffers (0.0%); 0 WAL file(s) added, 0 removed, 33 recycled; write=2.838 s, sync=0.282 s, total=3.262 s; sync files=30, longest=0.023 s, average=0.010 s; distance=539514 kB, estimate=539514 kB; lsn=0/448AF930, redo lsn=0/430AC280
2024-08-01 00:28:07.608 BST [8342] LOG:  checkpoints are occurring too frequently (15 seconds apart)
2024-08-01 00:28:07.608 BST [8342] HINT:  Consider increasing the configuration parameter "max_wal_size".
2024-08-01 00:28:07.608 BST [8342] LOG:  checkpoint starting: wal
2024-08-01 00:28:13.535 BST [8342] LOG:  checkpoint complete: wrote 45 buffers (0.0%); 0 WAL file(s) added, 0 removed, 33 recycled; write=4.568 s, sync=1.185 s, total=5.928 s; sync files=40, longest=1.047 s, average=0.030 s; distance=541076 kB, estimate=541076 kB; lsn=0/67CF39C0, redo lsn=0/64111488
2024-08-01 00:28:42.069 BST [8535] LOG:  skipping vacuum of "t" --- lock not available
2024-08-01 00:29:02.105 BST [8342] LOG:  checkpoint starting: wal
2024-08-01 00:29:14.620 BST [8342] LOG:  checkpoint complete: wrote 125 buffers (0.1%); 0 WAL file(s) added, 0 removed, 33 recycled; write=9.719 s, sync=2.670 s, total=12.516 s; sync files=876, longest=1.125 s, average=0.004 s; distance=540265 kB, estimate=540995 kB; lsn=0/8983EF88, redo lsn=0/850AB9D0
2024-08-01 00:29:14.620 BST [8342] LOG:  checkpoint starting: immediate force wait
2024-08-01 00:29:15.476 BST [8342] LOG:  checkpoint complete: wrote 8166 buffers (6.2%); 0 WAL file(s) added, 0 removed, 4 recycled; write=0.101 s, sync=0.705 s, total=0.856 s; sync files=449, longest=0.081 s, average=0.002 s; distance=73293 kB, estimate=494225 kB; lsn=0/8983F058, redo lsn=0/8983F000
2024-08-01 00:30:28.894 BST [8341] LOG:  received fast shutdown request
2024-08-01 00:30:28.895 BST [8341] LOG:  aborting any active transactions
2024-08-01 00:30:28.898 BST [8341] LOG:  background worker "logical replication launcher" (PID 8347) exited with exit code 1
2024-08-01 00:30:28.898 BST [8342] LOG:  shutting down
2024-08-01 00:30:28.900 BST [8342] LOG:  checkpoint starting: shutdown immediate
2024-08-01 00:30:28.927 BST [8342] LOG:  checkpoint complete: wrote 96 buffers (0.1%); 0 WAL file(s) added, 0 removed, 0 recycled; write=0.011 s, sync=0.012 s, total=0.030 s; sync files=10, longest=0.002 s, average=0.002 s; distance=354 kB, estimate=444838 kB; lsn=0/89897A78, redo lsn=0/89897A78
2024-08-01 00:30:29.131 BST [8341] LOG:  database system is shut down
