2024-07-31 18:13:45.794 BST [2060409] LOG:  starting PostgreSQL 18devel on aarch64-unknown-linux-gnu, compiled by gcc (Debian 12.2.0-14) 12.2.0, 64-bit
2024-07-31 18:13:45.795 BST [2060409] LOG:  listening on IPv6 address "::1", port 5432
2024-07-31 18:13:45.795 BST [2060409] LOG:  listening on IPv4 address "127.0.0.1", port 5432
2024-07-31 18:13:45.844 BST [2060409] LOG:  listening on Unix socket "/tmp/.s.PGSQL.5432"
2024-07-31 18:13:45.850 BST [2060412] LOG:  database system was shut down at 2024-07-31 18:13:44 BST
2024-07-31 18:13:45.864 BST [2060409] LOG:  database system is ready to accept connections
2024-07-31 18:14:00.028 BST [2060410] LOG:  checkpoints are occurring too frequently (15 seconds apart)
2024-07-31 18:14:00.028 BST [2060410] HINT:  Consider increasing the configuration parameter "max_wal_size".
2024-07-31 18:14:00.028 BST [2060410] LOG:  checkpoint starting: wal
2024-07-31 18:14:58.793 BST [2060410] LOG:  checkpoint complete: wrote 60435 buffers (46.1%); 0 WAL file(s) added, 0 removed, 33 recycled; write=56.870 s, sync=1.532 s, total=58.766 s; sync files=787, longest=0.257 s, average=0.002 s; distance=537505 kB, estimate=537505 kB; lsn=0/406C6338, redo lsn=0/221CE928
2024-07-31 18:15:02.415 BST [2060410] LOG:  checkpoint starting: wal
2024-07-31 18:15:05.665 BST [2060410] LOG:  checkpoint complete: wrote 29 buffers (0.0%); 0 WAL file(s) added, 0 removed, 33 recycled; write=2.824 s, sync=0.282 s, total=3.250 s; sync files=30, longest=0.038 s, average=0.010 s; distance=539514 kB, estimate=539514 kB; lsn=0/44EAD2E0, redo lsn=0/430AD470
2024-07-31 18:15:15.605 BST [2060410] LOG:  checkpoints are occurring too frequently (13 seconds apart)
2024-07-31 18:15:15.605 BST [2060410] HINT:  Consider increasing the configuration parameter "max_wal_size".
2024-07-31 18:15:15.606 BST [2060410] LOG:  checkpoint starting: wal
2024-07-31 18:15:25.580 BST [2060410] LOG:  checkpoint complete: wrote 45 buffers (0.0%); 0 WAL file(s) added, 0 removed, 33 recycled; write=4.453 s, sync=5.307 s, total=9.975 s; sync files=41, longest=2.578 s, average=0.130 s; distance=541076 kB, estimate=541076 kB; lsn=0/69AE1B08, redo lsn=0/64112628
2024-07-31 18:15:45.932 BST [2060680] LOG:  skipping vacuum of "t" --- lock not available
2024-07-31 18:16:06.289 BST [2060410] LOG:  checkpoint starting: wal
2024-07-31 18:16:18.895 BST [2060410] LOG:  checkpoint complete: wrote 125 buffers (0.1%); 0 WAL file(s) added, 0 removed, 33 recycled; write=8.166 s, sync=3.873 s, total=12.606 s; sync files=874, longest=3.681 s, average=0.005 s; distance=540265 kB, estimate=540995 kB; lsn=0/8983F708, redo lsn=0/850ACAE8
2024-07-31 18:16:18.895 BST [2060410] LOG:  checkpoint starting: immediate force wait
2024-07-31 18:16:19.812 BST [2060410] LOG:  checkpoint complete: wrote 8165 buffers (6.2%); 0 WAL file(s) added, 0 removed, 4 recycled; write=0.049 s, sync=0.780 s, total=0.917 s; sync files=449, longest=0.651 s, average=0.002 s; distance=73291 kB, estimate=494224 kB; lsn=0/8983F7D8, redo lsn=0/8983F780
2024-07-31 18:17:35.368 BST [2060409] LOG:  received fast shutdown request
2024-07-31 18:17:35.380 BST [2060409] LOG:  aborting any active transactions
2024-07-31 18:17:35.381 BST [2060409] LOG:  background worker "logical replication launcher" (PID 2060415) exited with exit code 1
2024-07-31 18:17:35.381 BST [2060410] LOG:  shutting down
2024-07-31 18:17:35.385 BST [2060410] LOG:  checkpoint starting: shutdown immediate
2024-07-31 18:17:35.414 BST [2060410] LOG:  checkpoint complete: wrote 96 buffers (0.1%); 0 WAL file(s) added, 0 removed, 0 recycled; write=0.007 s, sync=0.006 s, total=0.033 s; sync files=10, longest=0.006 s, average=0.001 s; distance=356 kB, estimate=444838 kB; lsn=0/89898910, redo lsn=0/89898910
2024-07-31 18:17:35.481 BST [2060409] LOG:  database system is shut down
