2024-08-02 00:43:12.335 BST [14503] LOG:  starting PostgreSQL 18devel on armv8l-unknown-linux-gnueabihf, compiled by gcc (Raspbian 12.2.0-14+rpi1) 12.2.0, 32-bit
2024-08-02 00:43:12.335 BST [14503] LOG:  listening on IPv6 address "::1", port 5432
2024-08-02 00:43:12.336 BST [14503] LOG:  listening on IPv4 address "127.0.0.1", port 5432
2024-08-02 00:43:12.353 BST [14503] LOG:  listening on Unix socket "/tmp/.s.PGSQL.5432"
2024-08-02 00:43:12.358 BST [14506] LOG:  database system was shut down at 2024-08-02 00:43:09 BST
2024-08-02 00:43:12.364 BST [14503] LOG:  database system is ready to accept connections
2024-08-02 00:43:26.072 BST [14504] LOG:  checkpoints are occurring too frequently (14 seconds apart)
2024-08-02 00:43:26.072 BST [14504] HINT:  Consider increasing the configuration parameter "max_wal_size".
2024-08-02 00:43:26.072 BST [14504] LOG:  checkpoint starting: wal
2024-08-02 00:44:18.145 BST [14504] LOG:  checkpoint complete: wrote 60435 buffers (46.1%); 0 WAL file(s) added, 0 removed, 33 recycled; write=50.207 s, sync=1.668 s, total=52.073 s; sync files=787, longest=0.066 s, average=0.003 s; distance=537502 kB, estimate=537502 kB; lsn=0/40CC1940, redo lsn=0/221CD788
2024-08-02 00:44:21.907 BST [14504] LOG:  checkpoint starting: wal
2024-08-02 00:44:25.185 BST [14504] LOG:  checkpoint complete: wrote 29 buffers (0.0%); 0 WAL file(s) added, 0 removed, 33 recycled; write=2.830 s, sync=0.304 s, total=3.279 s; sync files=30, longest=0.036 s, average=0.011 s; distance=539514 kB, estimate=539514 kB; lsn=0/448AF930, redo lsn=0/430AC280
2024-08-02 00:44:36.917 BST [14504] LOG:  checkpoints are occurring too frequently (15 seconds apart)
2024-08-02 00:44:36.917 BST [14504] HINT:  Consider increasing the configuration parameter "max_wal_size".
2024-08-02 00:44:36.917 BST [14504] LOG:  checkpoint starting: wal
2024-08-02 00:44:42.938 BST [14504] LOG:  checkpoint complete: wrote 45 buffers (0.0%); 0 WAL file(s) added, 0 removed, 33 recycled; write=4.613 s, sync=1.222 s, total=6.022 s; sync files=40, longest=1.078 s, average=0.031 s; distance=541076 kB, estimate=541076 kB; lsn=0/68174590, redo lsn=0/64111488
2024-08-02 00:45:12.435 BST [14785] LOG:  skipping vacuum of "t" --- lock not available
2024-08-02 00:45:30.430 BST [14504] LOG:  checkpoint starting: wal
2024-08-02 00:45:42.690 BST [14504] LOG:  checkpoint complete: wrote 125 buffers (0.1%); 0 WAL file(s) added, 0 removed, 33 recycled; write=9.658 s, sync=2.485 s, total=12.260 s; sync files=876, longest=1.005 s, average=0.003 s; distance=540265 kB, estimate=540995 kB; lsn=0/8983E050, redo lsn=0/850ABA38
2024-08-02 00:45:42.690 BST [14504] LOG:  checkpoint starting: immediate force wait
2024-08-02 00:45:43.513 BST [14504] LOG:  checkpoint complete: wrote 8165 buffers (6.2%); 0 WAL file(s) added, 0 removed, 4 recycled; write=0.086 s, sync=0.684 s, total=0.823 s; sync files=449, longest=0.090 s, average=0.002 s; distance=73289 kB, estimate=494224 kB; lsn=0/8983E120, redo lsn=0/8983E0C8
2024-08-02 00:46:55.413 BST [14503] LOG:  received fast shutdown request
2024-08-02 00:46:55.414 BST [14503] LOG:  aborting any active transactions
2024-08-02 00:46:55.417 BST [14503] LOG:  background worker "logical replication launcher" (PID 14509) exited with exit code 1
2024-08-02 00:46:55.418 BST [14504] LOG:  shutting down
2024-08-02 00:46:55.419 BST [14504] LOG:  checkpoint starting: shutdown immediate
2024-08-02 00:46:55.447 BST [14504] LOG:  checkpoint complete: wrote 95 buffers (0.1%); 0 WAL file(s) added, 0 removed, 0 recycled; write=0.009 s, sync=0.013 s, total=0.030 s; sync files=10, longest=0.004 s, average=0.002 s; distance=354 kB, estimate=444837 kB; lsn=0/89896B00, redo lsn=0/89896B00
2024-08-02 00:46:55.673 BST [14503] LOG:  database system is shut down
