2024-08-01 16:13:17.667 CEST [2030427] LOG:  starting PostgreSQL 18devel on x86_64-pc-linux-gnu, compiled by gcc (Debian 12.2.0-14) 12.2.0, 64-bit
2024-08-01 16:13:17.667 CEST [2030427] LOG:  listening on IPv6 address "::1", port 5432
2024-08-01 16:13:17.667 CEST [2030427] LOG:  listening on IPv4 address "127.0.0.1", port 5432
2024-08-01 16:13:17.669 CEST [2030427] LOG:  listening on Unix socket "/tmp/.s.PGSQL.5432"
2024-08-01 16:13:17.672 CEST [2030430] LOG:  database system was shut down at 2024-08-01 16:13:16 CEST
2024-08-01 16:13:17.676 CEST [2030427] LOG:  database system is ready to accept connections
2024-08-01 16:13:26.848 CEST [2030428] LOG:  checkpoints are occurring too frequently (9 seconds apart)
2024-08-01 16:13:26.848 CEST [2030428] HINT:  Consider increasing the configuration parameter "max_wal_size".
2024-08-01 16:13:26.848 CEST [2030428] LOG:  checkpoint starting: wal
2024-08-01 16:13:34.292 CEST [2030428] LOG:  checkpoint complete: wrote 54862 buffers (20.9%); 0 WAL file(s) added, 2 removed, 31 recycled; write=6.785 s, sync=0.549 s, total=7.444 s; sync files=707, longest=0.391 s, average=0.001 s; distance=544235 kB, estimate=544235 kB; lsn=0/420005F0, redo lsn=0/22866450
2024-08-01 16:13:34.480 CEST [2030428] LOG:  checkpoints are occurring too frequently (8 seconds apart)
2024-08-01 16:13:34.480 CEST [2030428] HINT:  Consider increasing the configuration parameter "max_wal_size".
2024-08-01 16:13:34.481 CEST [2030428] LOG:  checkpoint starting: wal
2024-08-01 16:13:40.928 CEST [2030428] LOG:  checkpoint complete: wrote 60018 buffers (22.9%); 0 WAL file(s) added, 1 removed, 32 recycled; write=5.923 s, sync=0.420 s, total=6.449 s; sync files=4, longest=0.229 s, average=0.105 s; distance=534375 kB, estimate=543249 kB; lsn=0/629750C0, redo lsn=0/432402C0
2024-08-01 16:13:41.286 CEST [2030428] LOG:  checkpoints are occurring too frequently (7 seconds apart)
2024-08-01 16:13:41.286 CEST [2030428] HINT:  Consider increasing the configuration parameter "max_wal_size".
2024-08-01 16:13:41.286 CEST [2030428] LOG:  checkpoint starting: wal
2024-08-01 16:13:47.693 CEST [2030428] LOG:  checkpoint complete: wrote 62309 buffers (23.8%); 0 WAL file(s) added, 2 removed, 32 recycled; write=5.902 s, sync=0.417 s, total=6.407 s; sync files=4, longest=0.392 s, average=0.105 s; distance=554769 kB, estimate=554769 kB; lsn=0/84002258, redo lsn=0/650046D8
2024-08-01 16:13:48.181 CEST [2030428] LOG:  checkpoints are occurring too frequently (7 seconds apart)
2024-08-01 16:13:48.181 CEST [2030428] HINT:  Consider increasing the configuration parameter "max_wal_size".
2024-08-01 16:13:48.181 CEST [2030428] LOG:  checkpoint starting: wal
2024-08-01 16:13:54.529 CEST [2030428] LOG:  checkpoint complete: wrote 62384 buffers (23.8%); 0 WAL file(s) added, 2 removed, 31 recycled; write=5.846 s, sync=0.396 s, total=6.348 s; sync files=4, longest=0.306 s, average=0.099 s; distance=555379 kB, estimate=555379 kB; lsn=0/A6001638, redo lsn=0/86E615F0
2024-08-01 16:13:54.706 CEST [2030428] LOG:  checkpoints are occurring too frequently (6 seconds apart)
2024-08-01 16:13:54.706 CEST [2030428] HINT:  Consider increasing the configuration parameter "max_wal_size".
2024-08-01 16:13:54.707 CEST [2030428] LOG:  checkpoint starting: wal
2024-08-01 16:14:00.941 CEST [2030428] LOG:  checkpoint complete: wrote 59305 buffers (22.6%); 0 WAL file(s) added, 1 removed, 32 recycled; write=5.728 s, sync=0.422 s, total=6.235 s; sync files=4, longest=0.400 s, average=0.106 s; distance=528302 kB, estimate=552672 kB; lsn=0/C69095A8, redo lsn=0/A724CF48
2024-08-01 16:14:01.312 CEST [2030428] LOG:  checkpoints are occurring too frequently (7 seconds apart)
2024-08-01 16:14:01.312 CEST [2030428] HINT:  Consider increasing the configuration parameter "max_wal_size".
2024-08-01 16:14:01.312 CEST [2030428] LOG:  checkpoint starting: wal
2024-08-01 16:14:07.582 CEST [2030428] LOG:  checkpoint complete: wrote 62281 buffers (23.8%); 0 WAL file(s) added, 2 removed, 32 recycled; write=5.701 s, sync=0.443 s, total=6.270 s; sync files=3, longest=0.417 s, average=0.148 s; distance=554719 kB, estimate=554719 kB; lsn=0/E8000F00, redo lsn=0/C9004CD0
2024-08-01 16:14:07.973 CEST [2030428] LOG:  checkpoints are occurring too frequently (6 seconds apart)
2024-08-01 16:14:07.973 CEST [2030428] HINT:  Consider increasing the configuration parameter "max_wal_size".
2024-08-01 16:14:07.974 CEST [2030428] LOG:  checkpoint starting: wal
2024-08-01 16:14:14.206 CEST [2030428] LOG:  checkpoint complete: wrote 61152 buffers (23.3%); 0 WAL file(s) added, 1 removed, 32 recycled; write=5.685 s, sync=0.447 s, total=6.233 s; sync files=4, longest=0.420 s, average=0.112 s; distance=544132 kB, estimate=553660 kB; lsn=1/9DF5348, redo lsn=0/EA3660A8
2024-08-01 16:14:14.391 CEST [2030428] LOG:  checkpoints are occurring too frequently (7 seconds apart)
2024-08-01 16:14:14.391 CEST [2030428] HINT:  Consider increasing the configuration parameter "max_wal_size".
2024-08-01 16:14:14.391 CEST [2030428] LOG:  checkpoint starting: wal
2024-08-01 16:14:20.677 CEST [2030428] LOG:  checkpoint complete: wrote 60577 buffers (23.1%); 0 WAL file(s) added, 1 removed, 32 recycled; write=5.742 s, sync=0.416 s, total=6.286 s; sync files=3, longest=0.394 s, average=0.139 s; distance=539320 kB, estimate=552226 kB; lsn=1/2AFD0370, redo lsn=1/B214220
2024-08-01 16:14:20.863 CEST [2030428] LOG:  checkpoints are occurring too frequently (6 seconds apart)
2024-08-01 16:14:20.863 CEST [2030428] HINT:  Consider increasing the configuration parameter "max_wal_size".
2024-08-01 16:14:20.864 CEST [2030428] LOG:  checkpoint starting: wal
2024-08-01 16:14:30.663 CEST [2030428] LOG:  checkpoint complete: wrote 60778 buffers (23.2%); 0 WAL file(s) added, 0 removed, 33 recycled; write=9.037 s, sync=0.730 s, total=9.801 s; sync files=9, longest=0.346 s, average=0.082 s; distance=541387 kB, estimate=551142 kB; lsn=1/4A1161F0, redo lsn=1/2C2C7020
2024-08-01 16:14:33.212 CEST [2030428] LOG:  checkpoints are occurring too frequently (13 seconds apart)
2024-08-01 16:14:33.212 CEST [2030428] HINT:  Consider increasing the configuration parameter "max_wal_size".
2024-08-01 16:14:33.213 CEST [2030428] LOG:  checkpoint starting: wal
2024-08-01 16:15:01.836 CEST [2030428] LOG:  checkpoint complete: wrote 247601 buffers (94.5%); 0 WAL file(s) added, 0 removed, 33 recycled; write=28.008 s, sync=0.576 s, total=28.625 s; sync files=30, longest=0.084 s, average=0.020 s; distance=542703 kB, estimate=550298 kB; lsn=1/6BC01558, redo lsn=1/4D4C2DC0
2024-08-01 16:15:04.974 CEST [2030428] LOG:  checkpoint starting: wal
2024-08-01 16:15:10.990 CEST [2030428] LOG:  checkpoint complete: wrote 60 buffers (0.0%); 0 WAL file(s) added, 0 removed, 34 recycled; write=5.919 s, sync=0.066 s, total=6.017 s; sync files=28, longest=0.062 s, average=0.003 s; distance=552292 kB, estimate=552292 kB; lsn=1/733BFB08, redo lsn=1/6F01BF30
2024-08-01 16:15:17.739 CEST [2030521] LOG:  skipping vacuum of "t" --- lock not available
2024-08-01 16:15:37.708 CEST [2030428] LOG:  checkpoint starting: wal
2024-08-01 16:16:08.394 CEST [2030428] LOG:  checkpoint complete: wrote 755 buffers (0.3%); 0 WAL file(s) added, 1 removed, 32 recycled; write=30.062 s, sync=0.590 s, total=30.687 s; sync files=342, longest=0.089 s, average=0.002 s; distance=545179 kB, estimate=551581 kB; lsn=1/AF32FE68, redo lsn=1/90482B78
2024-08-01 16:16:11.599 CEST [2030428] LOG:  checkpoint starting: wal
2024-08-01 16:16:17.218 CEST [2030428] LOG:  checkpoint complete: wrote 56 buffers (0.0%); 0 WAL file(s) added, 0 removed, 33 recycled; write=5.515 s, sync=0.072 s, total=5.621 s; sync files=26, longest=0.060 s, average=0.003 s; distance=540801 kB, estimate=550503 kB; lsn=1/B6AEF098, redo lsn=1/B14A2FE0
2024-08-01 16:16:17.755 CEST [2030540] LOG:  skipping vacuum of "t" --- lock not available
2024-08-01 16:16:46.211 CEST [2030428] LOG:  checkpoint starting: wal
2024-08-01 16:16:52.867 CEST [2030428] LOG:  checkpoint complete: wrote 62 buffers (0.0%); 0 WAL file(s) added, 0 removed, 33 recycled; write=6.116 s, sync=0.507 s, total=6.656 s; sync files=30, longest=0.070 s, average=0.017 s; distance=549272 kB, estimate=550380 kB; lsn=1/D85B4458, redo lsn=1/D2D093A8
2024-08-01 16:17:17.761 CEST [2030562] LOG:  skipping vacuum of "t" --- lock not available
2024-08-01 16:17:21.403 CEST [2030428] LOG:  checkpoint starting: wal
2024-08-01 16:17:23.691 CEST [2030428] LOG:  checkpoint complete: wrote 19 buffers (0.0%); 0 WAL file(s) added, 0 removed, 33 recycled; write=1.808 s, sync=0.448 s, total=2.288 s; sync files=25, longest=0.070 s, average=0.018 s; distance=533622 kB, estimate=548704 kB; lsn=1/F648E1C0, redo lsn=1/F3626E90
2024-08-01 16:17:54.212 CEST [2030428] LOG:  checkpoint starting: wal
2024-08-01 16:17:56.423 CEST [2030428] LOG:  checkpoint complete: wrote 18 buffers (0.0%); 0 WAL file(s) added, 0 removed, 33 recycled; write=1.709 s, sync=0.471 s, total=2.213 s; sync files=25, longest=0.077 s, average=0.019 s; distance=535784 kB, estimate=547412 kB; lsn=2/14367258, redo lsn=2/14160FF0
2024-08-01 16:18:17.775 CEST [2030580] LOG:  skipping vacuum of "t" --- lock not available
2024-08-01 16:18:31.209 CEST [2030428] LOG:  checkpoint starting: wal
2024-08-01 16:18:33.614 CEST [2030428] LOG:  checkpoint complete: wrote 20 buffers (0.0%); 0 WAL file(s) added, 0 removed, 33 recycled; write=1.909 s, sync=0.465 s, total=2.407 s; sync files=27, longest=0.074 s, average=0.018 s; distance=543718 kB, estimate=547042 kB; lsn=2/35E169B0, redo lsn=2/3545A8A0
2024-08-01 16:19:09.236 CEST [2030428] LOG:  checkpoint starting: wal
2024-08-01 16:19:11.225 CEST [2030428] LOG:  checkpoint complete: wrote 16 buffers (0.0%); 0 WAL file(s) added, 0 removed, 33 recycled; write=1.509 s, sync=0.450 s, total=1.990 s; sync files=25, longest=0.071 s, average=0.018 s; distance=550719 kB, estimate=550719 kB; lsn=2/578C19D0, redo lsn=2/56E2A828
2024-08-01 16:19:17.794 CEST [2030597] LOG:  skipping vacuum of "t" --- lock not available
2024-08-01 16:19:47.898 CEST [2030428] LOG:  checkpoint starting: wal
2024-08-01 16:19:50.029 CEST [2030428] LOG:  checkpoint complete: wrote 18 buffers (0.0%); 0 WAL file(s) added, 0 removed, 33 recycled; write=1.709 s, sync=0.392 s, total=2.133 s; sync files=24, longest=0.074 s, average=0.017 s; distance=533599 kB, estimate=549007 kB; lsn=2/7936F648, redo lsn=2/77742760
2024-08-01 16:20:17.811 CEST [2030617] LOG:  skipping vacuum of "t" --- lock not available
2024-08-01 16:20:27.482 CEST [2030428] LOG:  checkpoint starting: wal
2024-08-01 16:20:29.216 CEST [2030428] LOG:  checkpoint complete: wrote 14 buffers (0.0%); 0 WAL file(s) added, 0 removed, 33 recycled; write=1.308 s, sync=0.392 s, total=1.736 s; sync files=24, longest=0.075 s, average=0.017 s; distance=535790 kB, estimate=547686 kB; lsn=2/9AE1CB50, redo lsn=2/9827E158
2024-08-01 16:21:08.080 CEST [2030428] LOG:  checkpoint starting: wal
2024-08-01 16:21:10.002 CEST [2030428] LOG:  checkpoint complete: wrote 14 buffers (0.0%); 0 WAL file(s) added, 0 removed, 33 recycled; write=1.309 s, sync=0.560 s, total=1.922 s; sync files=24, longest=0.107 s, average=0.024 s; distance=554019 kB, estimate=554019 kB; lsn=2/C6D73380, redo lsn=2/B9F87108
2024-08-01 16:21:11.940 CEST [2030428] LOG:  checkpoints are occurring too frequently (3 seconds apart)
2024-08-01 16:21:11.940 CEST [2030428] HINT:  Consider increasing the configuration parameter "max_wal_size".
2024-08-01 16:21:11.941 CEST [2030428] LOG:  checkpoint starting: wal
2024-08-01 16:21:14.324 CEST [2030428] LOG:  checkpoint complete: wrote 24 buffers (0.0%); 0 WAL file(s) added, 0 removed, 34 recycled; write=2.309 s, sync=0.003 s, total=2.384 s; sync files=14, longest=0.001 s, average=0.001 s; distance=541330 kB, estimate=552750 kB; lsn=2/F2CD2658, redo lsn=2/DB02BB70
2024-08-01 16:21:15.275 CEST [2030428] LOG:  checkpoints are occurring too frequently (4 seconds apart)
2024-08-01 16:21:15.275 CEST [2030428] HINT:  Consider increasing the configuration parameter "max_wal_size".
2024-08-01 16:21:15.275 CEST [2030428] LOG:  checkpoint starting: wal
2024-08-01 16:21:15.344 CEST [2030428] LOG:  checkpoint complete: wrote 0 buffers (0.0%); 0 WAL file(s) added, 0 removed, 33 recycled; write=0.004 s, sync=0.001 s, total=0.069 s; sync files=0, longest=0.000 s, average=0.000 s; distance=556873 kB, estimate=556873 kB; lsn=2/FD268108, redo lsn=2/FCFFE1A0
2024-08-01 16:21:17.830 CEST [2030633] LOG:  skipping vacuum of "t" --- lock not available
2024-08-01 16:21:18.740 CEST [2030428] LOG:  checkpoints are occurring too frequently (3 seconds apart)
2024-08-01 16:21:18.740 CEST [2030428] HINT:  Consider increasing the configuration parameter "max_wal_size".
2024-08-01 16:21:18.741 CEST [2030428] LOG:  checkpoint starting: wal
2024-08-01 16:21:19.844 CEST [2030428] LOG:  checkpoint complete: wrote 11 buffers (0.0%); 0 WAL file(s) added, 0 removed, 33 recycled; write=1.010 s, sync=0.002 s, total=1.104 s; sync files=6, longest=0.001 s, average=0.001 s; distance=529489 kB, estimate=554135 kB; lsn=3/27596628, redo lsn=3/1D512640
2024-08-01 16:21:22.698 CEST [2030428] LOG:  checkpoints are occurring too frequently (4 seconds apart)
2024-08-01 16:21:22.698 CEST [2030428] HINT:  Consider increasing the configuration parameter "max_wal_size".
2024-08-01 16:21:22.698 CEST [2030428] LOG:  checkpoint starting: wal
2024-08-01 16:21:22.768 CEST [2030428] LOG:  checkpoint complete: wrote 0 buffers (0.0%); 0 WAL file(s) added, 0 removed, 34 recycled; write=0.004 s, sync=0.001 s, total=0.070 s; sync files=0, longest=0.000 s, average=0.000 s; distance=551930 kB, estimate=553914 kB; lsn=3/3F27AE30, redo lsn=3/3F010ED8
2024-08-01 16:21:26.030 CEST [2030428] LOG:  checkpoints are occurring too frequently (4 seconds apart)
2024-08-01 16:21:26.030 CEST [2030428] HINT:  Consider increasing the configuration parameter "max_wal_size".
2024-08-01 16:21:26.030 CEST [2030428] LOG:  checkpoint starting: wal
2024-08-01 16:21:26.098 CEST [2030428] LOG:  checkpoint complete: wrote 0 buffers (0.0%); 0 WAL file(s) added, 0 removed, 34 recycled; write=0.004 s, sync=0.001 s, total=0.069 s; sync files=0, longest=0.000 s, average=0.000 s; distance=557120 kB, estimate=557120 kB; lsn=3/6128B108, redo lsn=3/610211B0
2024-08-01 16:21:29.447 CEST [2030428] LOG:  checkpoints are occurring too frequently (3 seconds apart)
2024-08-01 16:21:29.447 CEST [2030428] HINT:  Consider increasing the configuration parameter "max_wal_size".
2024-08-01 16:21:29.485 CEST [2030428] LOG:  checkpoint starting: wal
2024-08-01 16:21:29.606 CEST [2030428] LOG:  checkpoint complete: wrote 0 buffers (0.0%); 0 WAL file(s) added, 0 removed, 34 recycled; write=0.005 s, sync=0.001 s, total=0.159 s; sync files=0, longest=0.000 s, average=0.000 s; distance=557120 kB, estimate=557120 kB; lsn=3/83B0DF90, redo lsn=3/83031488
2024-08-01 16:21:33.227 CEST [2030428] LOG:  checkpoints are occurring too frequently (4 seconds apart)
2024-08-01 16:21:33.227 CEST [2030428] HINT:  Consider increasing the configuration parameter "max_wal_size".
2024-08-01 16:21:33.227 CEST [2030428] LOG:  checkpoint starting: wal
2024-08-01 16:21:33.299 CEST [2030428] LOG:  checkpoint complete: wrote 0 buffers (0.0%); 0 WAL file(s) added, 0 removed, 34 recycled; write=0.005 s, sync=0.001 s, total=0.072 s; sync files=0, longest=0.000 s, average=0.000 s; distance=556873 kB, estimate=557096 kB; lsn=3/A52AB728, redo lsn=3/A5003B20
2024-08-01 16:21:38.762 CEST [2030428] LOG:  checkpoints are occurring too frequently (5 seconds apart)
2024-08-01 16:21:38.762 CEST [2030428] HINT:  Consider increasing the configuration parameter "max_wal_size".
2024-08-01 16:21:38.764 CEST [2030428] LOG:  checkpoint starting: wal
2024-08-01 16:21:39.811 CEST [2030428] LOG:  checkpoint complete: wrote 8 buffers (0.0%); 0 WAL file(s) added, 0 removed, 33 recycled; write=0.805 s, sync=0.183 s, total=1.050 s; sync files=5, longest=0.182 s, average=0.037 s; distance=544632 kB, estimate=555849 kB; lsn=3/CE1D7A08, redo lsn=3/C63E1E48
2024-08-01 16:22:04.089 CEST [2030428] LOG:  checkpoints are occurring too frequently (26 seconds apart)
2024-08-01 16:22:04.089 CEST [2030428] HINT:  Consider increasing the configuration parameter "max_wal_size".
2024-08-01 16:22:04.090 CEST [2030428] LOG:  checkpoint starting: wal
2024-08-01 16:22:05.040 CEST [2030428] LOG:  checkpoint complete: wrote 5 buffers (0.0%); 0 WAL file(s) added, 0 removed, 33 recycled; write=0.524 s, sync=0.393 s, total=0.952 s; sync files=12, longest=0.069 s, average=0.033 s; distance=540968 kB, estimate=554361 kB; lsn=3/E8C3D680, redo lsn=3/E742BF80
2024-08-01 16:22:17.831 CEST [2030650] LOG:  skipping vacuum of "t" --- lock not available
2024-08-01 16:22:36.692 CEST [2030428] LOG:  checkpoint starting: wal
2024-08-01 16:22:38.059 CEST [2030428] LOG:  checkpoint complete: wrote 8 buffers (0.0%); 0 WAL file(s) added, 0 removed, 33 recycled; write=0.815 s, sync=0.521 s, total=1.369 s; sync files=16, longest=0.070 s, average=0.033 s; distance=538602 kB, estimate=552785 kB; lsn=4/A6DD218, redo lsn=4/82268A0
2024-08-01 16:23:10.042 CEST [2030428] LOG:  checkpoint starting: wal
2024-08-01 16:23:11.428 CEST [2030428] LOG:  checkpoint complete: wrote 8 buffers (0.0%); 0 WAL file(s) added, 0 removed, 33 recycled; write=0.834 s, sync=0.520 s, total=1.387 s; sync files=15, longest=0.073 s, average=0.035 s; distance=550893 kB, estimate=552596 kB; lsn=4/2C17D718, redo lsn=4/29C21D90
2024-08-01 16:23:17.851 CEST [2030669] LOG:  skipping vacuum of "t" --- lock not available
2024-08-01 16:23:40.959 CEST [2030428] LOG:  checkpoint starting: wal
2024-08-01 16:23:42.505 CEST [2030428] LOG:  checkpoint complete: wrote 10 buffers (0.0%); 0 WAL file(s) added, 0 removed, 33 recycled; write=1.007 s, sync=0.508 s, total=1.546 s; sync files=14, longest=0.069 s, average=0.037 s; distance=528498 kB, estimate=550186 kB; lsn=4/4A03E968, redo lsn=4/4A03E730
2024-08-01 16:24:15.890 CEST [2030428] LOG:  checkpoint starting: wal
2024-08-01 16:24:17.786 CEST [2030428] LOG:  checkpoint complete: wrote 13 buffers (0.0%); 0 WAL file(s) added, 0 removed, 33 recycled; write=1.307 s, sync=0.556 s, total=1.897 s; sync files=15, longest=0.071 s, average=0.038 s; distance=551556 kB, estimate=551556 kB; lsn=4/6BADFD10, redo lsn=4/6BADFA68
2024-08-01 16:24:17.870 CEST [2030688] LOG:  skipping vacuum of "t" --- lock not available
2024-08-01 16:24:51.638 CEST [2030428] LOG:  checkpoint starting: wal
2024-08-01 16:24:53.067 CEST [2030428] LOG:  checkpoint complete: wrote 10 buffers (0.0%); 0 WAL file(s) added, 0 removed, 33 recycled; write=1.006 s, sync=0.392 s, total=1.430 s; sync files=15, longest=0.070 s, average=0.027 s; distance=543850 kB, estimate=550786 kB; lsn=4/8D589CB0, redo lsn=4/8CDFA640
2024-08-01 16:25:17.890 CEST [2030722] LOG:  skipping vacuum of "t" --- lock not available
2024-08-01 16:25:28.296 CEST [2030428] LOG:  checkpoint starting: wal
2024-08-01 16:25:29.986 CEST [2030428] LOG:  checkpoint complete: wrote 12 buffers (0.0%); 0 WAL file(s) added, 0 removed, 33 recycled; write=1.207 s, sync=0.451 s, total=1.691 s; sync files=16, longest=0.071 s, average=0.029 s; distance=539264 kB, estimate=549634 kB; lsn=4/AF02A468, redo lsn=4/ADC9A780
2024-08-01 16:26:05.699 CEST [2030428] LOG:  checkpoint starting: wal
2024-08-01 16:26:06.767 CEST [2030428] LOG:  checkpoint complete: wrote 6 buffers (0.0%); 0 WAL file(s) added, 0 removed, 33 recycled; write=0.610 s, sync=0.426 s, total=1.069 s; sync files=14, longest=0.071 s, average=0.031 s; distance=530915 kB, estimate=547762 kB; lsn=4/D0ACB5D8, redo lsn=4/CE3133A8
2024-08-01 16:26:17.909 CEST [2030739] LOG:  skipping vacuum of "t" --- lock not available
2024-08-01 16:26:44.330 CEST [2030428] LOG:  checkpoint starting: wal
2024-08-01 16:26:45.359 CEST [2030428] LOG:  checkpoint complete: wrote 7 buffers (0.0%); 0 WAL file(s) added, 0 removed, 33 recycled; write=0.705 s, sync=0.295 s, total=1.029 s; sync files=15, longest=0.115 s, average=0.020 s; distance=551564 kB, estimate=551564 kB; lsn=4/F256F070, redo lsn=4/EFDB6670
2024-08-01 16:27:17.927 CEST [2030757] LOG:  skipping vacuum of "t" --- lock not available
2024-08-01 16:27:20.069 CEST [2030428] LOG:  checkpoint starting: wal
2024-08-01 16:27:21.230 CEST [2030428] LOG:  checkpoint complete: wrote 6 buffers (0.0%); 0 WAL file(s) added, 0 removed, 33 recycled; write=0.612 s, sync=0.519 s, total=1.161 s; sync files=14, longest=0.076 s, average=0.038 s; distance=530919 kB, estimate=549500 kB; lsn=5/10430A30, redo lsn=5/10430578
2024-08-01 16:28:00.127 CEST [2030428] LOG:  checkpoint starting: wal
2024-08-01 16:28:01.384 CEST [2030428] LOG:  checkpoint complete: wrote 7 buffers (0.0%); 0 WAL file(s) added, 0 removed, 33 recycled; write=0.706 s, sync=0.517 s, total=1.258 s; sync files=15, longest=0.072 s, average=0.035 s; distance=551561 kB, estimate=551561 kB; lsn=5/31EDAB20, redo lsn=5/31ED2A30
2024-08-01 16:28:17.947 CEST [2030774] LOG:  skipping vacuum of "t" --- lock not available
2024-08-01 16:28:29.764 CEST [2030428] LOG:  checkpoint starting: immediate force wait
2024-08-01 16:28:30.906 CEST [2030428] LOG:  checkpoint complete: wrote 12304 buffers (4.7%); 0 WAL file(s) added, 0 removed, 25 recycled; write=0.120 s, sync=0.983 s, total=1.142 s; sync files=781, longest=0.526 s, average=0.002 s; distance=405827 kB, estimate=536987 kB; lsn=5/4AB237B0, redo lsn=5/4AB23758
2024-08-01 16:29:44.969 CEST [2030427] LOG:  received fast shutdown request
2024-08-01 16:29:44.970 CEST [2030427] LOG:  aborting any active transactions
2024-08-01 16:29:44.970 CEST [2030427] LOG:  background worker "logical replication launcher" (PID 2030433) exited with exit code 1
2024-08-01 16:29:44.973 CEST [2030428] LOG:  shutting down
2024-08-01 16:29:44.973 CEST [2030428] LOG:  checkpoint starting: shutdown immediate
2024-08-01 16:29:44.982 CEST [2030428] LOG:  checkpoint complete: wrote 64 buffers (0.0%); 0 WAL file(s) added, 0 removed, 0 recycled; write=0.004 s, sync=0.003 s, total=0.010 s; sync files=5, longest=0.003 s, average=0.001 s; distance=206 kB, estimate=483309 kB; lsn=5/4AB571C0, redo lsn=5/4AB571C0
2024-08-01 16:29:45.386 CEST [2030427] LOG:  database system is shut down
