2024-08-01 01:35:52.778 CEST [2462206] LOG:  starting PostgreSQL 18devel on x86_64-pc-linux-gnu, compiled by gcc (Debian 12.2.0-14) 12.2.0, 64-bit
2024-08-01 01:35:52.778 CEST [2462206] LOG:  listening on IPv6 address "::1", port 5432
2024-08-01 01:35:52.778 CEST [2462206] LOG:  listening on IPv4 address "127.0.0.1", port 5432
2024-08-01 01:35:52.781 CEST [2462206] LOG:  listening on Unix socket "/tmp/.s.PGSQL.5432"
2024-08-01 01:35:52.784 CEST [2462209] LOG:  database system was shut down at 2024-08-01 01:35:51 CEST
2024-08-01 01:35:52.788 CEST [2462206] LOG:  database system is ready to accept connections
2024-08-01 01:36:02.352 CEST [2462207] LOG:  checkpoints are occurring too frequently (10 seconds apart)
2024-08-01 01:36:02.352 CEST [2462207] HINT:  Consider increasing the configuration parameter "max_wal_size".
2024-08-01 01:36:02.377 CEST [2462207] LOG:  checkpoint starting: wal
2024-08-01 01:36:10.170 CEST [2462207] LOG:  checkpoint complete: wrote 55684 buffers (21.2%); 0 WAL file(s) added, 2 removed, 32 recycled; write=7.134 s, sync=0.561 s, total=7.818 s; sync files=707, longest=0.385 s, average=0.001 s; distance=552021 kB, estimate=552021 kB; lsn=0/4273EAA0, redo lsn=0/230008C0
2024-08-01 01:36:10.562 CEST [2462207] LOG:  checkpoints are occurring too frequently (8 seconds apart)
2024-08-01 01:36:10.562 CEST [2462207] HINT:  Consider increasing the configuration parameter "max_wal_size".
2024-08-01 01:36:10.562 CEST [2462207] LOG:  checkpoint starting: wal
2024-08-01 01:36:17.197 CEST [2462207] LOG:  checkpoint complete: wrote 62339 buffers (23.8%); 0 WAL file(s) added, 1 removed, 32 recycled; write=6.145 s, sync=0.397 s, total=6.635 s; sync files=4, longest=0.190 s, average=0.100 s; distance=554553 kB, estimate=554553 kB; lsn=0/63F38C28, redo lsn=0/44D8F050
2024-08-01 01:36:17.384 CEST [2462207] LOG:  checkpoints are occurring too frequently (7 seconds apart)
2024-08-01 01:36:17.384 CEST [2462207] HINT:  Consider increasing the configuration parameter "max_wal_size".
2024-08-01 01:36:17.385 CEST [2462207] LOG:  checkpoint starting: wal
2024-08-01 01:36:24.050 CEST [2462207] LOG:  checkpoint complete: wrote 59309 buffers (22.6%); 0 WAL file(s) added, 1 removed, 32 recycled; write=6.111 s, sync=0.437 s, total=6.667 s; sync files=4, longest=0.388 s, average=0.110 s; distance=528037 kB, estimate=551902 kB; lsn=0/846A8398, redo lsn=0/65138748
2024-08-01 01:36:24.449 CEST [2462207] LOG:  checkpoints are occurring too frequently (7 seconds apart)
2024-08-01 01:36:24.449 CEST [2462207] HINT:  Consider increasing the configuration parameter "max_wal_size".
2024-08-01 01:36:24.449 CEST [2462207] LOG:  checkpoint starting: wal
2024-08-01 01:36:31.109 CEST [2462207] LOG:  checkpoint complete: wrote 61662 buffers (23.5%); 0 WAL file(s) added, 2 removed, 31 recycled; write=6.147 s, sync=0.410 s, total=6.661 s; sync files=4, longest=0.325 s, average=0.103 s; distance=549032 kB, estimate=551615 kB; lsn=0/A6002250, redo lsn=0/869627F8
2024-08-01 01:36:31.254 CEST [2462207] LOG:  checkpoints are occurring too frequently (7 seconds apart)
2024-08-01 01:36:31.254 CEST [2462207] HINT:  Consider increasing the configuration parameter "max_wal_size".
2024-08-01 01:36:31.256 CEST [2462207] LOG:  checkpoint starting: wal
2024-08-01 01:36:37.670 CEST [2462207] LOG:  checkpoint complete: wrote 59624 buffers (22.7%); 0 WAL file(s) added, 1 removed, 32 recycled; write=5.895 s, sync=0.435 s, total=6.415 s; sync files=4, longest=0.409 s, average=0.109 s; distance=531082 kB, estimate=549562 kB; lsn=0/C67433B0, redo lsn=0/A70053B0
2024-08-01 01:36:37.929 CEST [2462207] LOG:  checkpoints are occurring too frequently (6 seconds apart)
2024-08-01 01:36:37.929 CEST [2462207] HINT:  Consider increasing the configuration parameter "max_wal_size".
2024-08-01 01:36:37.930 CEST [2462207] LOG:  checkpoint starting: wal
2024-08-01 01:36:44.356 CEST [2462207] LOG:  checkpoint complete: wrote 60791 buffers (23.2%); 0 WAL file(s) added, 1 removed, 32 recycled; write=5.892 s, sync=0.424 s, total=6.428 s; sync files=3, longest=0.402 s, average=0.142 s; distance=541236 kB, estimate=548729 kB; lsn=0/E7789148, redo lsn=0/C80926A8
2024-08-01 01:36:44.749 CEST [2462207] LOG:  checkpoints are occurring too frequently (7 seconds apart)
2024-08-01 01:36:44.749 CEST [2462207] HINT:  Consider increasing the configuration parameter "max_wal_size".
2024-08-01 01:36:44.749 CEST [2462207] LOG:  checkpoint starting: wal
2024-08-01 01:36:51.261 CEST [2462207] LOG:  checkpoint complete: wrote 62045 buffers (23.7%); 0 WAL file(s) added, 2 removed, 31 recycled; write=5.945 s, sync=0.458 s, total=6.513 s; sync files=4, longest=0.434 s, average=0.115 s; distance=552305 kB, estimate=552305 kB; lsn=1/90030D0, redo lsn=0/E9BEEB18
2024-08-01 01:36:51.415 CEST [2462207] LOG:  checkpoints are occurring too frequently (7 seconds apart)
2024-08-01 01:36:51.415 CEST [2462207] HINT:  Consider increasing the configuration parameter "max_wal_size".
2024-08-01 01:36:51.416 CEST [2462207] LOG:  checkpoint starting: wal
2024-08-01 01:36:57.837 CEST [2462207] LOG:  checkpoint complete: wrote 59374 buffers (22.6%); 0 WAL file(s) added, 1 removed, 32 recycled; write=5.941 s, sync=0.385 s, total=6.423 s; sync files=3, longest=0.378 s, average=0.129 s; distance=528589 kB, estimate=549933 kB; lsn=1/29018BE8, redo lsn=1/A022200
2024-08-01 01:36:58.246 CEST [2462207] LOG:  checkpoints are occurring too frequently (7 seconds apart)
2024-08-01 01:36:58.246 CEST [2462207] HINT:  Consider increasing the configuration parameter "max_wal_size".
2024-08-01 01:36:58.246 CEST [2462207] LOG:  checkpoint starting: wal
2024-08-01 01:37:08.327 CEST [2462207] LOG:  checkpoint complete: wrote 61601 buffers (23.5%); 0 WAL file(s) added, 1 removed, 32 recycled; write=9.213 s, sync=0.832 s, total=10.081 s; sync files=8, longest=0.458 s, average=0.104 s; distance=548703 kB, estimate=549810 kB; lsn=1/4A114348, redo lsn=1/2B7FA150
2024-08-01 01:37:11.081 CEST [2462207] LOG:  checkpoints are occurring too frequently (13 seconds apart)
2024-08-01 01:37:11.081 CEST [2462207] HINT:  Consider increasing the configuration parameter "max_wal_size".
2024-08-01 01:37:11.083 CEST [2462207] LOG:  checkpoint starting: wal
2024-08-01 01:37:40.056 CEST [2462207] LOG:  checkpoint complete: wrote 248799 buffers (94.9%); 0 WAL file(s) added, 1 removed, 32 recycled; write=28.358 s, sync=0.574 s, total=28.975 s; sync files=32, longest=0.080 s, average=0.018 s; distance=533995 kB, estimate=548229 kB; lsn=1/6BBFF0C0, redo lsn=1/4C174ED0
2024-08-01 01:37:43.259 CEST [2462207] LOG:  checkpoint starting: wal
2024-08-01 01:37:49.290 CEST [2462207] LOG:  checkpoint complete: wrote 60 buffers (0.0%); 0 WAL file(s) added, 0 removed, 33 recycled; write=5.916 s, sync=0.083 s, total=6.032 s; sync files=29, longest=0.070 s, average=0.003 s; distance=554707 kB, estimate=554707 kB; lsn=1/733BDBF8, redo lsn=1/6DF29AE0
2024-08-01 01:37:52.859 CEST [2462248] LOG:  skipping vacuum of "t" --- lock not available
2024-08-01 01:38:16.124 CEST [2462207] LOG:  checkpoint starting: wal
2024-08-01 01:38:46.463 CEST [2462207] LOG:  checkpoint complete: wrote 755 buffers (0.3%); 0 WAL file(s) added, 1 removed, 32 recycled; write=29.661 s, sync=0.588 s, total=30.340 s; sync files=342, longest=0.076 s, average=0.002 s; distance=538593 kB, estimate=553095 kB; lsn=1/AD0A3098, redo lsn=1/8ED21F20
2024-08-01 01:38:46.878 CEST [2462207] LOG:  checkpoint starting: wal
2024-08-01 01:38:52.502 CEST [2462207] LOG:  checkpoint complete: wrote 56 buffers (0.0%); 0 WAL file(s) added, 0 removed, 33 recycled; write=5.515 s, sync=0.068 s, total=5.625 s; sync files=24, longest=0.061 s, average=0.003 s; distance=529579 kB, estimate=550743 kB; lsn=1/B2F14A50, redo lsn=1/AF24CBF0
2024-08-01 01:38:52.875 CEST [2462269] LOG:  skipping vacuum of "t" --- lock not available
2024-08-01 01:39:21.668 CEST [2462207] LOG:  checkpoint starting: wal
2024-08-01 01:39:28.363 CEST [2462207] LOG:  checkpoint complete: wrote 62 buffers (0.0%); 0 WAL file(s) added, 0 removed, 33 recycled; write=6.116 s, sync=0.545 s, total=6.695 s; sync files=30, longest=0.074 s, average=0.019 s; distance=552586 kB, estimate=552586 kB; lsn=1/D49D9B98, redo lsn=1/D0DEF550
2024-08-01 01:39:52.894 CEST [2462287] LOG:  skipping vacuum of "t" --- lock not available
2024-08-01 01:39:57.021 CEST [2462207] LOG:  checkpoint starting: wal
2024-08-01 01:39:59.338 CEST [2462207] LOG:  checkpoint complete: wrote 19 buffers (0.0%); 0 WAL file(s) added, 0 removed, 33 recycled; write=1.809 s, sync=0.476 s, total=2.318 s; sync files=25, longest=0.077 s, average=0.020 s; distance=537333 kB, estimate=551061 kB; lsn=1/F28B3690, redo lsn=1/F1AACA90
2024-08-01 01:40:33.214 CEST [2462207] LOG:  checkpoint starting: wal
2024-08-01 01:40:35.527 CEST [2462207] LOG:  checkpoint complete: wrote 19 buffers (0.0%); 0 WAL file(s) added, 0 removed, 33 recycled; write=1.810 s, sync=0.471 s, total=2.315 s; sync files=26, longest=0.075 s, average=0.019 s; distance=534938 kB, estimate=549448 kB; lsn=2/14366CA8, redo lsn=2/125132A0
2024-08-01 01:40:52.911 CEST [2462305] LOG:  skipping vacuum of "t" --- lock not available
2024-08-01 01:41:10.575 CEST [2462207] LOG:  checkpoint starting: wal
2024-08-01 01:41:12.891 CEST [2462207] LOG:  checkpoint complete: wrote 19 buffers (0.0%); 0 WAL file(s) added, 0 removed, 33 recycled; write=1.809 s, sync=0.476 s, total=2.316 s; sync files=27, longest=0.071 s, average=0.018 s; distance=550955 kB, estimate=550955 kB; lsn=2/35E14388, redo lsn=2/33F1E0C8
2024-08-01 01:41:48.790 CEST [2462207] LOG:  checkpoint starting: wal
2024-08-01 01:41:50.718 CEST [2462207] LOG:  checkpoint complete: wrote 16 buffers (0.0%); 0 WAL file(s) added, 0 removed, 34 recycled; write=1.508 s, sync=0.387 s, total=1.929 s; sync files=25, longest=0.075 s, average=0.016 s; distance=541717 kB, estimate=550031 kB; lsn=2/578BF3A8, redo lsn=2/550236A8
2024-08-01 01:41:52.927 CEST [2462323] LOG:  skipping vacuum of "t" --- lock not available
2024-08-01 01:42:28.265 CEST [2462207] LOG:  checkpoint starting: wal
2024-08-01 01:42:30.459 CEST [2462207] LOG:  checkpoint complete: wrote 18 buffers (0.0%); 0 WAL file(s) added, 0 removed, 33 recycled; write=1.709 s, sync=0.442 s, total=2.195 s; sync files=24, longest=0.071 s, average=0.019 s; distance=555775 kB, estimate=555775 kB; lsn=2/7936D020, redo lsn=2/76EE35D0
2024-08-01 01:42:52.943 CEST [2462340] LOG:  skipping vacuum of "t" --- lock not available
2024-08-01 01:43:04.546 CEST [2462207] LOG:  checkpoint starting: wal
2024-08-01 01:43:06.403 CEST [2462207] LOG:  checkpoint complete: wrote 14 buffers (0.0%); 0 WAL file(s) added, 0 removed, 33 recycled; write=1.308 s, sync=0.507 s, total=1.858 s; sync files=23, longest=0.074 s, average=0.023 s; distance=527664 kB, estimate=552964 kB; lsn=2/97241D50, redo lsn=2/9722F7D8
2024-08-01 01:43:45.333 CEST [2462207] LOG:  checkpoint starting: wal
2024-08-01 01:43:47.068 CEST [2462207] LOG:  checkpoint complete: wrote 14 buffers (0.0%); 0 WAL file(s) added, 0 removed, 33 recycled; write=1.308 s, sync=0.395 s, total=1.736 s; sync files=24, longest=0.073 s, average=0.017 s; distance=544337 kB, estimate=552101 kB; lsn=2/B8CF0A80, redo lsn=2/B85C3BD8
2024-08-01 01:43:52.959 CEST [2462360] LOG:  skipping vacuum of "t" --- lock not available
2024-08-01 01:43:52.986 CEST [2462207] LOG:  checkpoints are occurring too frequently (7 seconds apart)
2024-08-01 01:43:52.986 CEST [2462207] HINT:  Consider increasing the configuration parameter "max_wal_size".
2024-08-01 01:43:52.990 CEST [2462207] LOG:  checkpoint starting: wal
2024-08-01 01:43:57.063 CEST [2462207] LOG:  checkpoint complete: wrote 36 buffers (0.0%); 0 WAL file(s) added, 3 removed, 30 recycled; write=3.010 s, sync=0.982 s, total=4.077 s; sync files=21, longest=0.898 s, average=0.047 s; distance=537634 kB, estimate=550655 kB; lsn=2/FA17B670, redo lsn=2/D92CC4F8
2024-08-01 01:43:57.063 CEST [2462207] LOG:  checkpoints are occurring too frequently (5 seconds apart)
2024-08-01 01:43:57.063 CEST [2462207] HINT:  Consider increasing the configuration parameter "max_wal_size".
2024-08-01 01:43:57.063 CEST [2462207] LOG:  checkpoint starting: wal
2024-08-01 01:43:57.122 CEST [2462207] LOG:  checkpoint complete: wrote 0 buffers (0.0%); 0 WAL file(s) added, 0 removed, 33 recycled; write=0.004 s, sync=0.001 s, total=0.060 s; sync files=0, longest=0.000 s, average=0.000 s; distance=551188 kB, estimate=551188 kB; lsn=2/FAF7B6C8, redo lsn=2/FAD11770
2024-08-01 01:44:00.311 CEST [2462207] LOG:  checkpoints are occurring too frequently (3 seconds apart)
2024-08-01 01:44:00.311 CEST [2462207] HINT:  Consider increasing the configuration parameter "max_wal_size".
2024-08-01 01:44:00.311 CEST [2462207] LOG:  checkpoint starting: wal
2024-08-01 01:44:00.386 CEST [2462207] LOG:  checkpoint complete: wrote 0 buffers (0.0%); 0 WAL file(s) added, 0 removed, 34 recycled; write=0.004 s, sync=0.001 s, total=0.075 s; sync files=0, longest=0.000 s, average=0.000 s; distance=543773 kB, estimate=550447 kB; lsn=3/1C282D10, redo lsn=3/1C018DB8
2024-08-01 01:44:03.738 CEST [2462207] LOG:  checkpoints are occurring too frequently (3 seconds apart)
2024-08-01 01:44:03.738 CEST [2462207] HINT:  Consider increasing the configuration parameter "max_wal_size".
2024-08-01 01:44:03.738 CEST [2462207] LOG:  checkpoint starting: wal
2024-08-01 01:44:03.811 CEST [2462207] LOG:  checkpoint complete: wrote 0 buffers (0.0%); 0 WAL file(s) added, 0 removed, 34 recycled; write=0.004 s, sync=0.001 s, total=0.074 s; sync files=0, longest=0.000 s, average=0.000 s; distance=557120 kB, estimate=557120 kB; lsn=3/3E2D0D08, redo lsn=3/3E029100
2024-08-01 01:44:07.220 CEST [2462207] LOG:  checkpoints are occurring too frequently (4 seconds apart)
2024-08-01 01:44:07.220 CEST [2462207] HINT:  Consider increasing the configuration parameter "max_wal_size".
2024-08-01 01:44:07.221 CEST [2462207] LOG:  checkpoint starting: wal
2024-08-01 01:44:07.281 CEST [2462207] LOG:  checkpoint complete: wrote 0 buffers (0.0%); 0 WAL file(s) added, 0 removed, 33 recycled; write=0.004 s, sync=0.001 s, total=0.061 s; sync files=0, longest=0.000 s, average=0.000 s; distance=549211 kB, estimate=556329 kB; lsn=3/5FB27A18, redo lsn=3/5F87FE10
2024-08-01 01:44:10.918 CEST [2462207] LOG:  checkpoints are occurring too frequently (3 seconds apart)
2024-08-01 01:44:10.918 CEST [2462207] HINT:  Consider increasing the configuration parameter "max_wal_size".
2024-08-01 01:44:10.918 CEST [2462207] LOG:  checkpoint starting: wal
2024-08-01 01:44:10.989 CEST [2462207] LOG:  checkpoint complete: wrote 0 buffers (0.0%); 0 WAL file(s) added, 0 removed, 34 recycled; write=0.004 s, sync=0.001 s, total=0.072 s; sync files=0, longest=0.000 s, average=0.000 s; distance=548469 kB, estimate=555543 kB; lsn=3/812C5140, redo lsn=3/8101D538
2024-08-01 01:44:14.222 CEST [2462207] LOG:  checkpoints are occurring too frequently (4 seconds apart)
2024-08-01 01:44:14.222 CEST [2462207] HINT:  Consider increasing the configuration parameter "max_wal_size".
2024-08-01 01:44:14.222 CEST [2462207] LOG:  checkpoint starting: wal
2024-08-01 01:44:14.290 CEST [2462207] LOG:  checkpoint complete: wrote 0 buffers (0.0%); 0 WAL file(s) added, 0 removed, 34 recycled; write=0.004 s, sync=0.001 s, total=0.069 s; sync files=0, longest=0.000 s, average=0.000 s; distance=557120 kB, estimate=557120 kB; lsn=3/A3297768, redo lsn=3/A302D810
2024-08-01 01:44:20.350 CEST [2462207] LOG:  checkpoints are occurring too frequently (6 seconds apart)
2024-08-01 01:44:20.350 CEST [2462207] HINT:  Consider increasing the configuration parameter "max_wal_size".
2024-08-01 01:44:20.351 CEST [2462207] LOG:  checkpoint starting: wal
2024-08-01 01:44:21.367 CEST [2462207] LOG:  checkpoint complete: wrote 8 buffers (0.0%); 0 WAL file(s) added, 0 removed, 33 recycled; write=0.805 s, sync=0.147 s, total=1.017 s; sync files=5, longest=0.146 s, average=0.030 s; distance=552017 kB, estimate=556610 kB; lsn=3/CC02C420, redo lsn=3/C4B41FE8
2024-08-01 01:44:42.886 CEST [2462207] LOG:  checkpoints are occurring too frequently (22 seconds apart)
2024-08-01 01:44:42.886 CEST [2462207] HINT:  Consider increasing the configuration parameter "max_wal_size".
2024-08-01 01:44:42.886 CEST [2462207] LOG:  checkpoint starting: wal
2024-08-01 01:44:43.828 CEST [2462207] LOG:  checkpoint complete: wrote 5 buffers (0.0%); 0 WAL file(s) added, 0 removed, 33 recycled; write=0.507 s, sync=0.403 s, total=0.942 s; sync files=11, longest=0.072 s, average=0.037 s; distance=529542 kB, estimate=553903 kB; lsn=3/E50639B8, redo lsn=3/E50638C8
2024-08-01 01:44:52.959 CEST [2462374] LOG:  skipping vacuum of "t" --- lock not available
2024-08-01 01:45:15.519 CEST [2462207] LOG:  checkpoint starting: wal
2024-08-01 01:45:17.051 CEST [2462207] LOG:  checkpoint complete: wrote 9 buffers (0.0%); 0 WAL file(s) added, 0 removed, 33 recycled; write=0.914 s, sync=0.586 s, total=1.532 s; sync files=16, longest=0.073 s, average=0.037 s; distance=551556 kB, estimate=553668 kB; lsn=4/6B04C08, redo lsn=4/6B04AA8
2024-08-01 01:45:49.079 CEST [2462207] LOG:  checkpoint starting: wal
2024-08-01 01:45:50.372 CEST [2462207] LOG:  checkpoint complete: wrote 8 buffers (0.0%); 0 WAL file(s) added, 0 removed, 33 recycled; write=0.813 s, sync=0.450 s, total=1.294 s; sync files=15, longest=0.070 s, average=0.030 s; distance=538794 kB, estimate=552181 kB; lsn=4/285ABA50, redo lsn=4/2792F4D0
2024-08-01 01:45:52.978 CEST [2462447] LOG:  skipping vacuum of "t" --- lock not available
2024-08-01 01:46:23.586 CEST [2462207] LOG:  checkpoint starting: wal
2024-08-01 01:46:25.170 CEST [2462207] LOG:  checkpoint complete: wrote 10 buffers (0.0%); 0 WAL file(s) added, 0 removed, 33 recycled; write=1.007 s, sync=0.545 s, total=1.585 s; sync files=15, longest=0.076 s, average=0.037 s; distance=545194 kB, estimate=551482 kB; lsn=4/4A04E920, redo lsn=4/48D9A028
2024-08-01 01:46:52.995 CEST [2462469] LOG:  skipping vacuum of "t" --- lock not available
2024-08-01 01:46:58.721 CEST [2462207] LOG:  checkpoint starting: wal
2024-08-01 01:47:00.512 CEST [2462207] LOG:  checkpoint complete: wrote 12 buffers (0.0%); 0 WAL file(s) added, 0 removed, 33 recycled; write=1.221 s, sync=0.539 s, total=1.791 s; sync files=15, longest=0.074 s, average=0.036 s; distance=535528 kB, estimate=549887 kB; lsn=4/6BAF0128, redo lsn=4/69894370
2024-08-01 01:47:34.887 CEST [2462207] LOG:  checkpoint starting: wal
2024-08-01 01:47:36.495 CEST [2462207] LOG:  checkpoint complete: wrote 10 buffers (0.0%); 0 WAL file(s) added, 0 removed, 33 recycled; write=1.013 s, sync=0.551 s, total=1.609 s; sync files=15, longest=0.075 s, average=0.037 s; distance=542554 kB, estimate=549154 kB; lsn=4/8D591E58, redo lsn=4/8AA6AE30
2024-08-01 01:47:53.011 CEST [2462487] LOG:  skipping vacuum of "t" --- lock not available
2024-08-01 01:48:08.514 CEST [2462207] LOG:  checkpoint starting: wal
2024-08-01 01:48:10.270 CEST [2462207] LOG:  checkpoint complete: wrote 12 buffers (0.0%); 0 WAL file(s) added, 0 removed, 33 recycled; write=1.207 s, sync=0.518 s, total=1.757 s; sync files=15, longest=0.072 s, average=0.035 s; distance=534432 kB, estimate=547681 kB; lsn=4/AB4533F8, redo lsn=4/AB453088
2024-08-01 01:48:46.279 CEST [2462207] LOG:  checkpoint starting: wal
2024-08-01 01:48:47.401 CEST [2462207] LOG:  checkpoint complete: wrote 6 buffers (0.0%); 0 WAL file(s) added, 0 removed, 33 recycled; write=0.617 s, sync=0.471 s, total=1.123 s; sync files=15, longest=0.076 s, average=0.032 s; distance=545822 kB, estimate=547496 kB; lsn=4/CCEFB4A0, redo lsn=4/CC95AC48
2024-08-01 01:48:53.019 CEST [2462506] LOG:  skipping vacuum of "t" --- lock not available
2024-08-01 01:49:25.040 CEST [2462207] LOG:  checkpoint starting: wal
2024-08-01 01:49:26.182 CEST [2462207] LOG:  checkpoint complete: wrote 7 buffers (0.0%); 0 WAL file(s) added, 0 removed, 33 recycled; write=0.729 s, sync=0.381 s, total=1.143 s; sync files=15, longest=0.072 s, average=0.026 s; distance=540147 kB, estimate=546761 kB; lsn=4/EE99F228, redo lsn=4/ED8D79E0
2024-08-01 01:49:53.038 CEST [2462523] LOG:  skipping vacuum of "t" --- lock not available
2024-08-01 01:50:04.631 CEST [2462207] LOG:  checkpoint starting: wal
2024-08-01 01:50:05.749 CEST [2462207] LOG:  checkpoint complete: wrote 6 buffers (0.0%); 0 WAL file(s) added, 0 removed, 33 recycled; write=0.612 s, sync=0.477 s, total=1.120 s; sync files=15, longest=0.075 s, average=0.032 s; distance=540362 kB, estimate=546121 kB; lsn=5/10441518, redo lsn=5/E88A380
2024-08-01 01:50:45.081 CEST [2462207] LOG:  checkpoint starting: wal
2024-08-01 01:50:46.327 CEST [2462207] LOG:  checkpoint complete: wrote 7 buffers (0.0%); 0 WAL file(s) added, 0 removed, 33 recycled; write=0.706 s, sync=0.495 s, total=1.246 s; sync files=15, longest=0.074 s, average=0.033 s; distance=537948 kB, estimate=545304 kB; lsn=5/31EE28A8, redo lsn=5/2F5E15E8
2024-08-01 01:50:53.044 CEST [2462539] LOG:  skipping vacuum of "t" --- lock not available
2024-08-01 01:51:15.689 CEST [2462207] LOG:  checkpoint starting: immediate force wait
2024-08-01 01:51:16.956 CEST [2462207] LOG:  checkpoint complete: wrote 12306 buffers (4.7%); 0 WAL file(s) added, 0 removed, 27 recycled; write=0.112 s, sync=1.113 s, total=1.267 s; sync files=781, longest=0.593 s, average=0.002 s; distance=447793 kB, estimate=535552 kB; lsn=5/4AB2DB00, redo lsn=5/4AB2DAA8
2024-08-01 01:52:30.743 CEST [2462206] LOG:  received fast shutdown request
2024-08-01 01:52:30.744 CEST [2462206] LOG:  aborting any active transactions
2024-08-01 01:52:30.744 CEST [2462206] LOG:  background worker "logical replication launcher" (PID 2462212) exited with exit code 1
2024-08-01 01:52:30.746 CEST [2462207] LOG:  shutting down
2024-08-01 01:52:30.747 CEST [2462207] LOG:  checkpoint starting: shutdown immediate
2024-08-01 01:52:30.756 CEST [2462207] LOG:  checkpoint complete: wrote 66 buffers (0.0%); 0 WAL file(s) added, 0 removed, 0 recycled; write=0.004 s, sync=0.003 s, total=0.010 s; sync files=5, longest=0.002 s, average=0.001 s; distance=202 kB, estimate=482017 kB; lsn=5/4AB60370, redo lsn=5/4AB60370
2024-08-01 01:52:31.162 CEST [2462206] LOG:  database system is shut down
