2024-07-30 14:45:01.016 CEST [2173329] LOG:  starting PostgreSQL 18devel on x86_64-pc-linux-gnu, compiled by gcc (Debian 12.2.0-14) 12.2.0, 64-bit
2024-07-30 14:45:01.017 CEST [2173329] LOG:  listening on IPv6 address "::1", port 5432
2024-07-30 14:45:01.017 CEST [2173329] LOG:  listening on IPv4 address "127.0.0.1", port 5432
2024-07-30 14:45:01.031 CEST [2173329] LOG:  listening on Unix socket "/tmp/.s.PGSQL.5432"
2024-07-30 14:45:01.034 CEST [2173332] LOG:  database system was shut down at 2024-07-30 14:45:00 CEST
2024-07-30 14:45:01.038 CEST [2173329] LOG:  database system is ready to accept connections
2024-07-30 14:45:12.432 CEST [2173330] LOG:  checkpoints are occurring too frequently (11 seconds apart)
2024-07-30 14:45:12.432 CEST [2173330] HINT:  Consider increasing the configuration parameter "max_wal_size".
2024-07-30 14:45:12.432 CEST [2173330] LOG:  checkpoint starting: wal
2024-07-30 14:45:24.937 CEST [2173330] LOG:  checkpoint complete: wrote 6830 buffers (2.6%); 0 WAL file(s) added, 4 removed, 29 recycled; write=10.603 s, sync=1.829 s, total=12.505 s; sync files=804, longest=0.019 s, average=0.003 s; distance=537539 kB, estimate=537539 kB; lsn=0/44C8B980, redo lsn=0/221DC058
2024-07-30 14:45:24.938 CEST [2173330] LOG:  checkpoints are occurring too frequently (12 seconds apart)
2024-07-30 14:45:24.938 CEST [2173330] HINT:  Consider increasing the configuration parameter "max_wal_size".
2024-07-30 14:45:24.938 CEST [2173330] LOG:  checkpoint starting: wal
2024-07-30 14:45:30.566 CEST [2173330] LOG:  checkpoint complete: wrote 51 buffers (0.0%); 0 WAL file(s) added, 0 removed, 34 recycled; write=5.021 s, sync=0.570 s, total=5.628 s; sync files=184, longest=0.014 s, average=0.004 s; distance=568825 kB, estimate=568825 kB; lsn=0/55D723C8, redo lsn=0/44D5A780
2024-07-30 14:45:35.595 CEST [2173330] LOG:  checkpoints are occurring too frequently (11 seconds apart)
2024-07-30 14:45:35.595 CEST [2173330] HINT:  Consider increasing the configuration parameter "max_wal_size".
2024-07-30 14:45:35.595 CEST [2173330] LOG:  checkpoint starting: wal
2024-07-30 14:45:41.392 CEST [2173330] LOG:  checkpoint complete: wrote 49 buffers (0.0%); 0 WAL file(s) added, 0 removed, 33 recycled; write=4.820 s, sync=0.928 s, total=5.798 s; sync files=279, longest=0.014 s, average=0.004 s; distance=527718 kB, estimate=564715 kB; lsn=0/76BFF7F8, redo lsn=0/650B4170
2024-07-30 14:45:44.161 CEST [2173330] LOG:  checkpoint starting: immediate force wait
2024-07-30 14:45:44.479 CEST [2173330] LOG:  checkpoint complete: wrote 188 buffers (0.1%); 0 WAL file(s) added, 0 removed, 25 recycled; write=0.007 s, sync=0.276 s, total=0.319 s; sync files=112, longest=0.011 s, average=0.003 s; distance=409953 kB, estimate=549238 kB; lsn=0/7E10C670, redo lsn=0/7E10C618
2024-07-30 14:46:54.691 CEST [2173329] LOG:  received fast shutdown request
2024-07-30 14:46:54.692 CEST [2173329] LOG:  aborting any active transactions
2024-07-30 14:46:54.692 CEST [2173329] LOG:  background worker "logical replication launcher" (PID 2173335) exited with exit code 1
2024-07-30 14:46:54.694 CEST [2173330] LOG:  shutting down
2024-07-30 14:46:54.695 CEST [2173330] LOG:  checkpoint starting: shutdown immediate
2024-07-30 14:46:54.707 CEST [2173330] LOG:  checkpoint complete: wrote 53 buffers (0.0%); 0 WAL file(s) added, 0 removed, 0 recycled; write=0.005 s, sync=0.003 s, total=0.013 s; sync files=12, longest=0.001 s, average=0.001 s; distance=294 kB, estimate=494344 kB; lsn=0/7E155EF0, redo lsn=0/7E155EF0
2024-07-30 14:46:54.884 CEST [2173329] LOG:  database system is shut down
