2024-07-31 12:56:15.092 BST [7864] LOG:  starting PostgreSQL 18devel on armv8l-unknown-linux-gnueabihf, compiled by gcc (Raspbian 12.2.0-14+rpi1) 12.2.0, 32-bit
2024-07-31 12:56:15.092 BST [7864] LOG:  listening on IPv6 address "::1", port 5432
2024-07-31 12:56:15.092 BST [7864] LOG:  listening on IPv4 address "127.0.0.1", port 5432
2024-07-31 12:56:15.107 BST [7864] LOG:  listening on Unix socket "/tmp/.s.PGSQL.5432"
2024-07-31 12:56:15.111 BST [7867] LOG:  database system was shut down at 2024-07-31 12:56:12 BST
2024-07-31 12:56:15.117 BST [7864] LOG:  database system is ready to accept connections
2024-07-31 12:56:29.000 BST [7865] LOG:  checkpoints are occurring too frequently (13 seconds apart)
2024-07-31 12:56:29.000 BST [7865] HINT:  Consider increasing the configuration parameter "max_wal_size".
2024-07-31 12:56:29.001 BST [7865] LOG:  checkpoint starting: wal
2024-07-31 12:57:20.571 BST [7865] LOG:  checkpoint complete: wrote 60435 buffers (46.1%); 0 WAL file(s) added, 0 removed, 33 recycled; write=49.608 s, sync=1.744 s, total=51.571 s; sync files=787, longest=0.109 s, average=0.003 s; distance=537502 kB, estimate=537502 kB; lsn=0/40CC1940, redo lsn=0/221CD788
2024-07-31 12:57:24.176 BST [7865] LOG:  checkpoint starting: wal
2024-07-31 12:57:27.448 BST [7865] LOG:  checkpoint complete: wrote 29 buffers (0.0%); 0 WAL file(s) added, 0 removed, 33 recycled; write=2.836 s, sync=0.295 s, total=3.273 s; sync files=30, longest=0.024 s, average=0.010 s; distance=539514 kB, estimate=539514 kB; lsn=0/448AF930, redo lsn=0/430AC280
2024-07-31 12:57:38.960 BST [7865] LOG:  checkpoints are occurring too frequently (14 seconds apart)
2024-07-31 12:57:38.960 BST [7865] HINT:  Consider increasing the configuration parameter "max_wal_size".
2024-07-31 12:57:38.960 BST [7865] LOG:  checkpoint starting: wal
2024-07-31 12:57:44.789 BST [7865] LOG:  checkpoint complete: wrote 45 buffers (0.0%); 0 WAL file(s) added, 0 removed, 33 recycled; write=4.461 s, sync=1.195 s, total=5.830 s; sync files=40, longest=1.084 s, average=0.030 s; distance=541076 kB, estimate=541076 kB; lsn=0/67CF38A8, redo lsn=0/64111488
2024-07-31 12:58:15.196 BST [8057] LOG:  skipping vacuum of "t" --- lock not available
2024-07-31 12:58:33.790 BST [7865] LOG:  checkpoint starting: wal
2024-07-31 12:58:46.409 BST [7865] LOG:  checkpoint complete: wrote 125 buffers (0.1%); 0 WAL file(s) added, 0 removed, 33 recycled; write=10.273 s, sync=2.216 s, total=12.619 s; sync files=876, longest=0.996 s, average=0.003 s; distance=540265 kB, estimate=540995 kB; lsn=0/8983E668, redo lsn=0/850ABA10
2024-07-31 12:58:46.409 BST [7865] LOG:  checkpoint starting: immediate force wait
2024-07-31 12:58:47.242 BST [7865] LOG:  checkpoint complete: wrote 8165 buffers (6.2%); 0 WAL file(s) added, 0 removed, 4 recycled; write=0.103 s, sync=0.680 s, total=0.834 s; sync files=449, longest=0.075 s, average=0.002 s; distance=73291 kB, estimate=494224 kB; lsn=0/8983E738, redo lsn=0/8983E6E0
2024-07-31 13:00:01.146 BST [7864] LOG:  received fast shutdown request
2024-07-31 13:00:01.148 BST [7864] LOG:  aborting any active transactions
2024-07-31 13:00:01.150 BST [7864] LOG:  background worker "logical replication launcher" (PID 7870) exited with exit code 1
2024-07-31 13:00:01.150 BST [7865] LOG:  shutting down
2024-07-31 13:00:01.152 BST [7865] LOG:  checkpoint starting: shutdown immediate
2024-07-31 13:00:01.180 BST [7865] LOG:  checkpoint complete: wrote 95 buffers (0.1%); 0 WAL file(s) added, 0 removed, 0 recycled; write=0.011 s, sync=0.012 s, total=0.030 s; sync files=10, longest=0.002 s, average=0.002 s; distance=354 kB, estimate=444837 kB; lsn=0/898972C8, redo lsn=0/898972C8
2024-07-31 13:00:01.377 BST [7864] LOG:  database system is shut down
