2024-07-31 09:24:16.249 CEST [3161694] LOG:  starting PostgreSQL 18devel on x86_64-pc-linux-gnu, compiled by gcc (Debian 12.2.0-14) 12.2.0, 64-bit
2024-07-31 09:24:16.249 CEST [3161694] LOG:  listening on IPv6 address "::1", port 5432
2024-07-31 09:24:16.249 CEST [3161694] LOG:  listening on IPv4 address "127.0.0.1", port 5432
2024-07-31 09:24:16.250 CEST [3161694] LOG:  listening on Unix socket "/tmp/.s.PGSQL.5432"
2024-07-31 09:24:16.253 CEST [3161697] LOG:  database system was shut down at 2024-07-31 09:24:15 CEST
2024-07-31 09:24:16.256 CEST [3161694] LOG:  database system is ready to accept connections
2024-07-31 09:24:24.562 CEST [3161695] LOG:  checkpoints are occurring too frequently (8 seconds apart)
2024-07-31 09:24:24.562 CEST [3161695] HINT:  Consider increasing the configuration parameter "max_wal_size".
2024-07-31 09:24:24.562 CEST [3161695] LOG:  checkpoint starting: wal
2024-07-31 09:24:32.039 CEST [3161695] LOG:  checkpoint complete: wrote 54083 buffers (20.6%); 0 WAL file(s) added, 1 removed, 32 recycled; write=6.734 s, sync=0.675 s, total=7.478 s; sync files=707, longest=0.433 s, average=0.001 s; distance=537390 kB, estimate=537390 kB; lsn=0/41A329D0, redo lsn=0/221B6D10
2024-07-31 09:24:32.242 CEST [3161695] LOG:  checkpoints are occurring too frequently (8 seconds apart)
2024-07-31 09:24:32.242 CEST [3161695] HINT:  Consider increasing the configuration parameter "max_wal_size".
2024-07-31 09:24:32.246 CEST [3161695] LOG:  checkpoint starting: wal
2024-07-31 09:24:38.559 CEST [3161695] LOG:  checkpoint complete: wrote 60560 buffers (23.1%); 0 WAL file(s) added, 1 removed, 32 recycled; write=5.874 s, sync=0.364 s, total=6.318 s; sync files=4, longest=0.194 s, average=0.091 s; distance=539326 kB, estimate=539326 kB; lsn=0/62000258, redo lsn=0/430665F8
2024-07-31 09:24:38.960 CEST [3161695] LOG:  checkpoints are occurring too frequently (6 seconds apart)
2024-07-31 09:24:38.960 CEST [3161695] HINT:  Consider increasing the configuration parameter "max_wal_size".
2024-07-31 09:24:38.962 CEST [3161695] LOG:  checkpoint starting: wal
2024-07-31 09:24:45.271 CEST [3161695] LOG:  checkpoint complete: wrote 61309 buffers (23.4%); 0 WAL file(s) added, 0 removed, 33 recycled; write=5.907 s, sync=0.349 s, total=6.312 s; sync files=4, longest=0.339 s, average=0.088 s; distance=545591 kB, estimate=545591 kB; lsn=0/82B4D2B0, redo lsn=0/645341F8
2024-07-31 09:24:45.702 CEST [3161695] LOG:  checkpoints are occurring too frequently (7 seconds apart)
2024-07-31 09:24:45.702 CEST [3161695] HINT:  Consider increasing the configuration parameter "max_wal_size".
2024-07-31 09:24:45.706 CEST [3161695] LOG:  checkpoint starting: wal
2024-07-31 09:24:51.871 CEST [3161695] LOG:  checkpoint complete: wrote 60537 buffers (23.1%); 0 WAL file(s) added, 1 removed, 32 recycled; write=5.713 s, sync=0.374 s, total=6.169 s; sync files=4, longest=0.294 s, average=0.094 s; distance=538953 kB, estimate=544927 kB; lsn=0/A414CA10, redo lsn=0/85386648
2024-07-31 09:24:52.328 CEST [3161695] LOG:  checkpoints are occurring too frequently (7 seconds apart)
2024-07-31 09:24:52.328 CEST [3161695] HINT:  Consider increasing the configuration parameter "max_wal_size".
2024-07-31 09:24:52.330 CEST [3161695] LOG:  checkpoint starting: wal
2024-07-31 09:24:58.352 CEST [3161695] LOG:  checkpoint complete: wrote 61196 buffers (23.3%); 0 WAL file(s) added, 0 removed, 33 recycled; write=5.593 s, sync=0.377 s, total=6.024 s; sync files=4, longest=0.365 s, average=0.095 s; distance=545272 kB, estimate=545272 kB; lsn=0/C4B35780, redo lsn=0/A6804788
2024-07-31 09:24:58.780 CEST [3161695] LOG:  checkpoints are occurring too frequently (6 seconds apart)
2024-07-31 09:24:58.780 CEST [3161695] HINT:  Consider increasing the configuration parameter "max_wal_size".
2024-07-31 09:24:58.782 CEST [3161695] LOG:  checkpoint starting: wal
2024-07-31 09:25:04.831 CEST [3161695] LOG:  checkpoint complete: wrote 60430 buffers (23.1%); 0 WAL file(s) added, 0 removed, 33 recycled; write=5.618 s, sync=0.384 s, total=6.052 s; sync files=3, longest=0.381 s, average=0.128 s; distance=537897 kB, estimate=544534 kB; lsn=0/E573C6D8, redo lsn=0/C754EC78
2024-07-31 09:25:05.416 CEST [3161695] LOG:  checkpoints are occurring too frequently (7 seconds apart)
2024-07-31 09:25:05.416 CEST [3161695] HINT:  Consider increasing the configuration parameter "max_wal_size".
2024-07-31 09:25:05.416 CEST [3161695] LOG:  checkpoint starting: wal
2024-07-31 09:25:11.502 CEST [3161695] LOG:  checkpoint complete: wrote 61966 buffers (23.6%); 0 WAL file(s) added, 1 removed, 33 recycled; write=5.540 s, sync=0.463 s, total=6.087 s; sync files=4, longest=0.448 s, average=0.116 s; distance=551659 kB, estimate=551659 kB; lsn=1/7D2A178, redo lsn=0/E9009970
2024-07-31 09:25:11.922 CEST [3161695] LOG:  checkpoints are occurring too frequently (6 seconds apart)
2024-07-31 09:25:11.922 CEST [3161695] HINT:  Consider increasing the configuration parameter "max_wal_size".
2024-07-31 09:25:11.923 CEST [3161695] LOG:  checkpoint starting: wal
2024-07-31 09:25:18.044 CEST [3161695] LOG:  checkpoint complete: wrote 61645 buffers (23.5%); 0 WAL file(s) added, 0 removed, 33 recycled; write=5.721 s, sync=0.352 s, total=6.123 s; sync files=4, longest=0.350 s, average=0.088 s; distance=548684 kB, estimate=551361 kB; lsn=1/28BA1630, redo lsn=1/A7DCC98
2024-07-31 09:25:18.486 CEST [3161695] LOG:  checkpoints are occurring too frequently (7 seconds apart)
2024-07-31 09:25:18.486 CEST [3161695] HINT:  Consider increasing the configuration parameter "max_wal_size".
2024-07-31 09:25:18.489 CEST [3161695] LOG:  checkpoint starting: wal
2024-07-31 09:25:31.752 CEST [3161695] LOG:  checkpoint complete: wrote 60398 buffers (23.0%); 0 WAL file(s) added, 1 removed, 32 recycled; write=9.632 s, sync=3.596 s, total=13.267 s; sync files=8, longest=1.486 s, average=0.450 s; distance=538288 kB, estimate=550054 kB; lsn=1/4A114DD0, redo lsn=1/2B589028
2024-07-31 09:25:32.745 CEST [3161695] LOG:  checkpoints are occurring too frequently (14 seconds apart)
2024-07-31 09:25:32.745 CEST [3161695] HINT:  Consider increasing the configuration parameter "max_wal_size".
2024-07-31 09:25:32.750 CEST [3161695] LOG:  checkpoint starting: wal
2024-07-31 09:26:05.761 CEST [3161695] LOG:  checkpoint complete: wrote 248759 buffers (94.9%); 0 WAL file(s) added, 1 removed, 32 recycled; write=32.005 s, sync=0.971 s, total=33.017 s; sync files=32, longest=0.139 s, average=0.031 s; distance=535839 kB, estimate=548632 kB; lsn=1/6BC001B8, redo lsn=1/4C0D0C70
2024-07-31 09:26:09.022 CEST [3161695] LOG:  checkpoint starting: wal
2024-07-31 09:26:15.097 CEST [3161695] LOG:  checkpoint complete: wrote 60 buffers (0.0%); 0 WAL file(s) added, 0 removed, 33 recycled; write=5.921 s, sync=0.122 s, total=6.076 s; sync files=28, longest=0.114 s, average=0.005 s; distance=551194 kB, estimate=551194 kB; lsn=1/733BE700, redo lsn=1/6DB17868
2024-07-31 09:26:16.340 CEST [3161736] LOG:  skipping vacuum of "t" --- lock not available
2024-07-31 09:26:46.003 CEST [3161695] LOG:  checkpoint starting: wal
2024-07-31 09:27:16.360 CEST [3161754] LOG:  skipping vacuum of "t" --- lock not available
2024-07-31 09:27:18.174 CEST [3161695] LOG:  checkpoint complete: wrote 755 buffers (0.3%); 0 WAL file(s) added, 0 removed, 33 recycled; write=31.492 s, sync=0.651 s, total=32.171 s; sync files=342, longest=0.094 s, average=0.002 s; distance=536396 kB, estimate=549715 kB; lsn=1/AB766D48, redo lsn=1/8E6EAC18
2024-07-31 09:27:19.821 CEST [3161695] LOG:  checkpoint starting: wal
2024-07-31 09:27:29.784 CEST [3161695] LOG:  checkpoint complete: wrote 97 buffers (0.0%); 0 WAL file(s) added, 0 removed, 33 recycled; write=9.629 s, sync=0.297 s, total=9.964 s; sync files=30, longest=0.103 s, average=0.010 s; distance=536912 kB, estimate=548434 kB; lsn=1/B6B00288, redo lsn=1/AF33EDB8
2024-07-31 09:27:57.894 CEST [3161695] LOG:  checkpoint starting: wal
2024-07-31 09:28:00.420 CEST [3161695] LOG:  checkpoint complete: wrote 20 buffers (0.0%); 0 WAL file(s) added, 0 removed, 33 recycled; write=1.912 s, sync=0.586 s, total=2.527 s; sync files=24, longest=0.107 s, average=0.025 s; distance=550281 kB, estimate=550281 kB; lsn=1/D0E001E0, redo lsn=1/D0CA1530
2024-07-31 09:28:16.380 CEST [3161772] LOG:  skipping vacuum of "t" --- lock not available
2024-07-31 09:28:36.852 CEST [3161695] LOG:  checkpoint starting: wal
2024-07-31 09:28:39.328 CEST [3161695] LOG:  checkpoint complete: wrote 20 buffers (0.0%); 0 WAL file(s) added, 0 removed, 33 recycled; write=1.911 s, sync=0.534 s, total=2.481 s; sync files=26, longest=0.096 s, average=0.021 s; distance=530987 kB, estimate=548352 kB; lsn=1/F28B4240, redo lsn=1/F132C238
2024-07-31 09:29:16.399 CEST [3161788] LOG:  skipping vacuum of "t" --- lock not available
2024-07-31 09:29:16.794 CEST [3161695] LOG:  checkpoint starting: wal
2024-07-31 09:29:19.299 CEST [3161695] LOG:  checkpoint complete: wrote 20 buffers (0.0%); 0 WAL file(s) added, 0 removed, 33 recycled; write=1.912 s, sync=0.563 s, total=2.508 s; sync files=26, longest=0.105 s, average=0.022 s; distance=544386 kB, estimate=547955 kB; lsn=2/143696D0, redo lsn=2/126CCB80
2024-07-31 09:29:57.799 CEST [3161695] LOG:  checkpoint starting: wal
2024-07-31 09:29:59.972 CEST [3161695] LOG:  checkpoint complete: wrote 17 buffers (0.0%); 0 WAL file(s) added, 0 removed, 33 recycled; write=1.611 s, sync=0.533 s, total=2.175 s; sync files=26, longest=0.097 s, average=0.021 s; distance=544142 kB, estimate=547574 kB; lsn=2/35E14E30, redo lsn=2/33A305C0
2024-07-31 09:30:16.419 CEST [3161863] LOG:  skipping vacuum of "t" --- lock not available
2024-07-31 09:30:38.864 CEST [3161695] LOG:  checkpoint starting: wal
2024-07-31 09:30:41.004 CEST [3161695] LOG:  checkpoint complete: wrote 16 buffers (0.0%); 0 WAL file(s) added, 0 removed, 34 recycled; write=1.510 s, sync=0.594 s, total=2.141 s; sync files=25, longest=0.106 s, average=0.024 s; distance=546766 kB, estimate=547493 kB; lsn=2/578BFEB8, redo lsn=2/55024168
2024-07-31 09:31:16.437 CEST [3161879] LOG:  skipping vacuum of "t" --- lock not available
2024-07-31 09:31:20.905 CEST [3161695] LOG:  checkpoint starting: wal
2024-07-31 09:31:23.248 CEST [3161695] LOG:  checkpoint complete: wrote 18 buffers (0.0%); 0 WAL file(s) added, 0 removed, 33 recycled; write=1.710 s, sync=0.601 s, total=2.344 s; sync files=24, longest=0.107 s, average=0.026 s; distance=554678 kB, estimate=554678 kB; lsn=2/7936DB30, redo lsn=2/76DD1B10
2024-07-31 09:32:00.047 CEST [3161695] LOG:  checkpoint starting: wal
2024-07-31 09:32:02.018 CEST [3161695] LOG:  checkpoint complete: wrote 14 buffers (0.0%); 0 WAL file(s) added, 0 removed, 33 recycled; write=1.310 s, sync=0.621 s, total=1.972 s; sync files=23, longest=0.118 s, average=0.027 s; distance=528761 kB, estimate=552086 kB; lsn=2/97242878, redo lsn=2/97230300
2024-07-31 09:32:16.457 CEST [3161896] LOG:  skipping vacuum of "t" --- lock not available
2024-07-31 09:32:43.883 CEST [3161695] LOG:  checkpoint starting: wal
2024-07-31 09:32:46.742 CEST [3161695] LOG:  checkpoint complete: wrote 23 buffers (0.0%); 0 WAL file(s) added, 0 removed, 33 recycled; write=2.212 s, sync=0.617 s, total=2.864 s; sync files=27, longest=0.109 s, average=0.023 s; distance=538900 kB, estimate=550768 kB; lsn=2/B8CFE718, redo lsn=2/B8075688
2024-07-31 09:32:52.332 CEST [3161695] LOG:  checkpoints are occurring too frequently (9 seconds apart)
2024-07-31 09:32:52.332 CEST [3161695] HINT:  Consider increasing the configuration parameter "max_wal_size".
2024-07-31 09:32:52.332 CEST [3161695] LOG:  checkpoint starting: wal
2024-07-31 09:32:56.035 CEST [3161695] LOG:  checkpoint complete: wrote 26 buffers (0.0%); 0 WAL file(s) added, 0 removed, 34 recycled; write=2.511 s, sync=1.126 s, total=3.703 s; sync files=17, longest=1.028 s, average=0.067 s; distance=556664 kB, estimate=556664 kB; lsn=2/F49DD708, redo lsn=2/DA013940
2024-07-31 09:32:56.865 CEST [3161695] LOG:  checkpoints are occurring too frequently (4 seconds apart)
2024-07-31 09:32:56.865 CEST [3161695] HINT:  Consider increasing the configuration parameter "max_wal_size".
2024-07-31 09:32:56.865 CEST [3161695] LOG:  checkpoint starting: wal
2024-07-31 09:32:56.950 CEST [3161695] LOG:  checkpoint complete: wrote 0 buffers (0.0%); 0 WAL file(s) added, 0 removed, 34 recycled; write=0.010 s, sync=0.001 s, total=0.085 s; sync files=0, longest=0.000 s, average=0.000 s; distance=557120 kB, estimate=557120 kB; lsn=2/FC4F7A38, redo lsn=2/FC023C18
2024-07-31 09:33:00.557 CEST [3161695] LOG:  checkpoints are occurring too frequently (4 seconds apart)
2024-07-31 09:33:00.557 CEST [3161695] HINT:  Consider increasing the configuration parameter "max_wal_size".
2024-07-31 09:33:00.559 CEST [3161695] LOG:  checkpoint starting: wal
2024-07-31 09:33:00.619 CEST [3161695] LOG:  checkpoint complete: wrote 0 buffers (0.0%); 0 WAL file(s) added, 0 removed, 33 recycled; write=0.006 s, sync=0.001 s, total=0.062 s; sync files=0, longest=0.000 s, average=0.000 s; distance=547975 kB, estimate=556206 kB; lsn=3/1DAE4908, redo lsn=3/1D745A40
2024-07-31 09:33:04.215 CEST [3161695] LOG:  checkpoints are occurring too frequently (4 seconds apart)
2024-07-31 09:33:04.215 CEST [3161695] HINT:  Consider increasing the configuration parameter "max_wal_size".
2024-07-31 09:33:04.216 CEST [3161695] LOG:  checkpoint starting: wal
2024-07-31 09:33:04.282 CEST [3161695] LOG:  checkpoint complete: wrote 0 buffers (0.0%); 0 WAL file(s) added, 0 removed, 33 recycled; write=0.006 s, sync=0.001 s, total=0.068 s; sync files=0, longest=0.000 s, average=0.000 s; distance=545256 kB, estimate=555111 kB; lsn=3/3EF9C7F8, redo lsn=3/3EBBFC80
2024-07-31 09:33:07.807 CEST [3161695] LOG:  checkpoints are occurring too frequently (3 seconds apart)
2024-07-31 09:33:07.807 CEST [3161695] HINT:  Consider increasing the configuration parameter "max_wal_size".
2024-07-31 09:33:07.807 CEST [3161695] LOG:  checkpoint starting: wal
2024-07-31 09:33:07.884 CEST [3161695] LOG:  checkpoint complete: wrote 0 buffers (0.0%); 0 WAL file(s) added, 0 removed, 34 recycled; write=0.007 s, sync=0.001 s, total=0.078 s; sync files=0, longest=0.000 s, average=0.000 s; distance=545256 kB, estimate=554125 kB; lsn=3/603D8D98, redo lsn=3/60039ED0
2024-07-31 09:33:11.453 CEST [3161695] LOG:  checkpoints are occurring too frequently (4 seconds apart)
2024-07-31 09:33:11.453 CEST [3161695] HINT:  Consider increasing the configuration parameter "max_wal_size".
2024-07-31 09:33:11.456 CEST [3161695] LOG:  checkpoint starting: wal
2024-07-31 09:33:11.516 CEST [3161695] LOG:  checkpoint complete: wrote 0 buffers (0.0%); 0 WAL file(s) added, 0 removed, 33 recycled; write=0.006 s, sync=0.001 s, total=0.064 s; sync files=0, longest=0.000 s, average=0.000 s; distance=547481 kB, estimate=553461 kB; lsn=3/81ABCEA0, redo lsn=3/816E0340
2024-07-31 09:33:15.088 CEST [3161695] LOG:  checkpoints are occurring too frequently (4 seconds apart)
2024-07-31 09:33:15.088 CEST [3161695] HINT:  Consider increasing the configuration parameter "max_wal_size".
2024-07-31 09:33:15.088 CEST [3161695] LOG:  checkpoint starting: wal
2024-07-31 09:33:15.154 CEST [3161695] LOG:  checkpoint complete: wrote 0 buffers (0.0%); 0 WAL file(s) added, 0 removed, 33 recycled; write=0.006 s, sync=0.001 s, total=0.067 s; sync files=0, longest=0.000 s, average=0.000 s; distance=549952 kB, estimate=553110 kB; lsn=3/A3351870, redo lsn=3/A2FF0660
2024-07-31 09:33:16.459 CEST [3161908] LOG:  skipping vacuum of "t" --- lock not available
2024-07-31 09:33:25.153 CEST [3161695] LOG:  checkpoints are occurring too frequently (10 seconds apart)
2024-07-31 09:33:25.153 CEST [3161695] HINT:  Consider increasing the configuration parameter "max_wal_size".
2024-07-31 09:33:25.153 CEST [3161695] LOG:  checkpoint starting: wal
2024-07-31 09:33:26.370 CEST [3161695] LOG:  checkpoint complete: wrote 9 buffers (0.0%); 0 WAL file(s) added, 0 removed, 34 recycled; write=0.908 s, sync=0.261 s, total=1.218 s; sync files=6, longest=0.251 s, average=0.044 s; distance=540917 kB, estimate=551891 kB; lsn=3/CB5C5D68, redo lsn=3/C402DC58
2024-07-31 09:33:50.892 CEST [3161695] LOG:  checkpoints are occurring too frequently (25 seconds apart)
2024-07-31 09:33:50.892 CEST [3161695] HINT:  Consider increasing the configuration parameter "max_wal_size".
2024-07-31 09:33:50.892 CEST [3161695] LOG:  checkpoint starting: wal
2024-07-31 09:33:52.154 CEST [3161695] LOG:  checkpoint complete: wrote 5 buffers (0.0%); 0 WAL file(s) added, 0 removed, 33 recycled; write=0.509 s, sync=0.720 s, total=1.262 s; sync files=11, longest=0.135 s, average=0.066 s; distance=540890 kB, estimate=550791 kB; lsn=3/E5064580, redo lsn=3/E5064490
2024-07-31 09:34:16.479 CEST [3161925] LOG:  skipping vacuum of "t" --- lock not available
2024-07-31 09:34:27.681 CEST [3161695] LOG:  checkpoint starting: wal
2024-07-31 09:34:29.311 CEST [3161695] LOG:  checkpoint complete: wrote 9 buffers (0.0%); 0 WAL file(s) added, 0 removed, 33 recycled; write=0.920 s, sync=0.678 s, total=1.633 s; sync files=16, longest=0.113 s, average=0.043 s; distance=547142 kB, estimate=550426 kB; lsn=4/6B0C188, redo lsn=4/66B5EF0
2024-07-31 09:35:05.118 CEST [3161695] LOG:  checkpoint starting: wal
2024-07-31 09:35:06.638 CEST [3161695] LOG:  checkpoint complete: wrote 9 buffers (0.0%); 0 WAL file(s) added, 0 removed, 33 recycled; write=0.918 s, sync=0.572 s, total=1.525 s; sync files=15, longest=0.101 s, average=0.039 s; distance=535742 kB, estimate=548957 kB; lsn=4/285AC560, redo lsn=4/271E5A60
2024-07-31 09:35:16.499 CEST [3161947] LOG:  skipping vacuum of "t" --- lock not available
2024-07-31 09:35:43.861 CEST [3161695] LOG:  checkpoint starting: wal
2024-07-31 09:35:45.499 CEST [3161695] LOG:  checkpoint complete: wrote 9 buffers (0.0%); 0 WAL file(s) added, 0 removed, 33 recycled; write=0.910 s, sync=0.694 s, total=1.643 s; sync files=15, longest=0.116 s, average=0.047 s; distance=540803 kB, estimate=548142 kB; lsn=4/4A04F410, redo lsn=4/48206938
2024-07-31 09:36:16.518 CEST [3161964] LOG:  skipping vacuum of "t" --- lock not available
2024-07-31 09:36:23.385 CEST [3161695] LOG:  checkpoint starting: wal
2024-07-31 09:36:25.226 CEST [3161695] LOG:  checkpoint complete: wrote 12 buffers (0.0%); 0 WAL file(s) added, 0 removed, 33 recycled; write=1.226 s, sync=0.586 s, total=1.842 s; sync files=15, longest=0.117 s, average=0.040 s; distance=551556 kB, estimate=551556 kB; lsn=4/6BAF0BF8, redo lsn=4/69CA7BB0
2024-07-31 09:37:03.692 CEST [3161695] LOG:  checkpoint starting: wal
2024-07-31 09:37:05.441 CEST [3161695] LOG:  checkpoint complete: wrote 11 buffers (0.0%); 0 WAL file(s) added, 0 removed, 33 recycled; write=1.119 s, sync=0.600 s, total=1.749 s; sync files=15, longest=0.110 s, average=0.040 s; distance=532015 kB, estimate=549602 kB; lsn=4/8D592C00, redo lsn=4/8A433940
2024-07-31 09:37:16.538 CEST [3161980] LOG:  skipping vacuum of "t" --- lock not available
2024-07-31 09:37:41.110 CEST [3161695] LOG:  checkpoint starting: wal
2024-07-31 09:37:43.012 CEST [3161695] LOG:  checkpoint complete: wrote 12 buffers (0.0%); 0 WAL file(s) added, 0 removed, 33 recycled; write=1.209 s, sync=0.660 s, total=1.903 s; sync files=15, longest=0.105 s, average=0.044 s; distance=540801 kB, estimate=548722 kB; lsn=4/AB4541D0, redo lsn=4/AB453E48
2024-07-31 09:38:16.558 CEST [3161996] LOG:  skipping vacuum of "t" --- lock not available
2024-07-31 09:38:22.950 CEST [3161695] LOG:  checkpoint starting: wal
2024-07-31 09:38:24.178 CEST [3161695] LOG:  checkpoint complete: wrote 6 buffers (0.0%); 0 WAL file(s) added, 0 removed, 33 recycled; write=0.624 s, sync=0.571 s, total=1.229 s; sync files=15, longest=0.101 s, average=0.038 s; distance=548896 kB, estimate=548896 kB; lsn=4/CCEFC2A8, redo lsn=4/CCC5C1E8
2024-07-31 09:39:05.423 CEST [3161695] LOG:  checkpoint starting: wal
2024-07-31 09:39:06.853 CEST [3161695] LOG:  checkpoint complete: wrote 7 buffers (0.0%); 0 WAL file(s) added, 0 removed, 33 recycled; write=0.724 s, sync=0.678 s, total=1.434 s; sync files=15, longest=0.162 s, average=0.046 s; distance=533561 kB, estimate=547363 kB; lsn=4/EE99FC20, redo lsn=4/ED56A790
2024-07-31 09:39:16.577 CEST [3162012] LOG:  skipping vacuum of "t" --- lock not available
2024-07-31 09:39:48.803 CEST [3161695] LOG:  checkpoint starting: wal
2024-07-31 09:39:50.028 CEST [3161695] LOG:  checkpoint complete: wrote 6 buffers (0.0%); 0 WAL file(s) added, 0 removed, 33 recycled; write=0.615 s, sync=0.581 s, total=1.227 s; sync files=15, longest=0.112 s, average=0.039 s; distance=547606 kB, estimate=547606 kB; lsn=5/10442370, redo lsn=5/EC302A8
2024-07-31 09:40:16.596 CEST [3162028] LOG:  skipping vacuum of "t" --- lock not available
2024-07-31 09:40:32.968 CEST [3161695] LOG:  checkpoint starting: wal
2024-07-31 09:40:34.294 CEST [3161695] LOG:  checkpoint complete: wrote 7 buffers (0.0%); 0 WAL file(s) added, 0 removed, 33 recycled; write=0.708 s, sync=0.591 s, total=1.330 s; sync files=15, longest=0.104 s, average=0.040 s; distance=533778 kB, estimate=546223 kB; lsn=5/31EE36E0, redo lsn=5/2F574B48
2024-07-31 09:41:07.395 CEST [3161695] LOG:  checkpoint starting: immediate force wait
2024-07-31 09:41:12.866 CEST [3161695] LOG:  checkpoint complete: wrote 12306 buffers (4.7%); 0 WAL file(s) added, 0 removed, 27 recycled; write=0.165 s, sync=5.261 s, total=5.471 s; sync files=781, longest=1.118 s, average=0.007 s; distance=448231 kB, estimate=536424 kB; lsn=5/4AB2EB40, redo lsn=5/4AB2EAE8
2024-07-31 09:42:24.674 CEST [3161694] LOG:  received fast shutdown request
2024-07-31 09:42:24.674 CEST [3161694] LOG:  aborting any active transactions
2024-07-31 09:42:24.675 CEST [3161694] LOG:  background worker "logical replication launcher" (PID 3161700) exited with exit code 1
2024-07-31 09:42:24.677 CEST [3161695] LOG:  shutting down
2024-07-31 09:42:24.678 CEST [3161695] LOG:  checkpoint starting: shutdown immediate
2024-07-31 09:42:24.684 CEST [3161695] LOG:  checkpoint complete: wrote 66 buffers (0.0%); 0 WAL file(s) added, 0 removed, 0 recycled; write=0.005 s, sync=0.001 s, total=0.007 s; sync files=5, longest=0.001 s, average=0.001 s; distance=202 kB, estimate=482802 kB; lsn=5/4AB61398, redo lsn=5/4AB61398
2024-07-31 09:42:25.094 CEST [3161694] LOG:  database system is shut down
