2024-08-01 00:44:16.159 BST [17053] LOG:  starting PostgreSQL 18devel on armv8l-unknown-linux-gnueabihf, compiled by gcc (Raspbian 12.2.0-14+rpi1) 12.2.0, 32-bit
2024-08-01 00:44:16.159 BST [17053] LOG:  listening on IPv6 address "::1", port 5432
2024-08-01 00:44:16.159 BST [17053] LOG:  listening on IPv4 address "127.0.0.1", port 5432
2024-08-01 00:44:16.174 BST [17053] LOG:  listening on Unix socket "/tmp/.s.PGSQL.5432"
2024-08-01 00:44:16.178 BST [17056] LOG:  database system was shut down at 2024-08-01 00:44:13 BST
2024-08-01 00:44:16.185 BST [17053] LOG:  database system is ready to accept connections
2024-08-01 00:44:29.953 BST [17054] LOG:  checkpoints are occurring too frequently (13 seconds apart)
2024-08-01 00:44:29.953 BST [17054] HINT:  Consider increasing the configuration parameter "max_wal_size".
2024-08-01 00:44:29.953 BST [17054] LOG:  checkpoint starting: wal
2024-08-01 00:45:21.450 BST [17054] LOG:  checkpoint complete: wrote 60435 buffers (46.1%); 0 WAL file(s) added, 0 removed, 33 recycled; write=49.636 s, sync=1.662 s, total=51.498 s; sync files=787, longest=0.065 s, average=0.003 s; distance=537502 kB, estimate=537502 kB; lsn=0/40CC1910, redo lsn=0/221CD788
2024-08-01 00:45:25.135 BST [17054] LOG:  checkpoint starting: wal
2024-08-01 00:45:28.402 BST [17054] LOG:  checkpoint complete: wrote 29 buffers (0.0%); 0 WAL file(s) added, 0 removed, 33 recycled; write=2.826 s, sync=0.293 s, total=3.267 s; sync files=30, longest=0.023 s, average=0.010 s; distance=539514 kB, estimate=539514 kB; lsn=0/448AF900, redo lsn=0/430AC250
2024-08-01 00:45:39.801 BST [17054] LOG:  checkpoints are occurring too frequently (14 seconds apart)
2024-08-01 00:45:39.801 BST [17054] HINT:  Consider increasing the configuration parameter "max_wal_size".
2024-08-01 00:45:39.801 BST [17054] LOG:  checkpoint starting: wal
2024-08-01 00:45:45.633 BST [17054] LOG:  checkpoint complete: wrote 45 buffers (0.0%); 0 WAL file(s) added, 0 removed, 33 recycled; write=4.457 s, sync=1.202 s, total=5.832 s; sync files=40, longest=1.087 s, average=0.031 s; distance=541076 kB, estimate=541076 kB; lsn=0/68174560, redo lsn=0/64111458
2024-08-01 00:46:16.255 BST [17336] LOG:  skipping vacuum of "t" --- lock not available
2024-08-01 00:46:32.763 BST [17054] LOG:  checkpoint starting: wal
2024-08-01 00:46:45.640 BST [17054] LOG:  checkpoint complete: wrote 125 buffers (0.1%); 0 WAL file(s) added, 0 removed, 33 recycled; write=10.317 s, sync=2.444 s, total=12.878 s; sync files=876, longest=0.999 s, average=0.003 s; distance=540265 kB, estimate=540995 kB; lsn=0/8983E3C0, redo lsn=0/850ABA88
2024-08-01 00:46:45.640 BST [17054] LOG:  checkpoint starting: immediate force wait
2024-08-01 00:46:46.464 BST [17054] LOG:  checkpoint complete: wrote 8165 buffers (6.2%); 0 WAL file(s) added, 0 removed, 4 recycled; write=0.082 s, sync=0.690 s, total=0.824 s; sync files=449, longest=0.096 s, average=0.002 s; distance=73290 kB, estimate=494224 kB; lsn=0/8983E490, redo lsn=0/8983E438
2024-08-01 00:47:59.100 BST [17053] LOG:  received fast shutdown request
2024-08-01 00:47:59.101 BST [17053] LOG:  aborting any active transactions
2024-08-01 00:47:59.102 BST [17053] LOG:  background worker "logical replication launcher" (PID 17059) exited with exit code 1
2024-08-01 00:47:59.104 BST [17054] LOG:  shutting down
2024-08-01 00:47:59.106 BST [17054] LOG:  checkpoint starting: shutdown immediate
2024-08-01 00:47:59.135 BST [17054] LOG:  checkpoint complete: wrote 95 buffers (0.1%); 0 WAL file(s) added, 0 removed, 0 recycled; write=0.011 s, sync=0.013 s, total=0.031 s; sync files=10, longest=0.002 s, average=0.002 s; distance=354 kB, estimate=444837 kB; lsn=0/89896E70, redo lsn=0/89896E70
2024-08-01 00:47:59.434 BST [17053] LOG:  database system is shut down
