2024-07-31 01:08:49.989 BST [1734951] LOG:  starting PostgreSQL 18devel on aarch64-unknown-linux-gnu, compiled by gcc (Debian 12.2.0-14) 12.2.0, 64-bit
2024-07-31 01:08:49.989 BST [1734951] LOG:  listening on IPv6 address "::1", port 5432
2024-07-31 01:08:49.989 BST [1734951] LOG:  listening on IPv4 address "127.0.0.1", port 5432
2024-07-31 01:08:50.005 BST [1734951] LOG:  listening on Unix socket "/tmp/.s.PGSQL.5432"
2024-07-31 01:08:50.014 BST [1734954] LOG:  database system was shut down at 2024-07-31 01:08:48 BST
2024-07-31 01:08:50.023 BST [1734951] LOG:  database system is ready to accept connections
2024-07-31 01:09:00.743 BST [1734952] LOG:  checkpoints are occurring too frequently (10 seconds apart)
2024-07-31 01:09:00.743 BST [1734952] HINT:  Consider increasing the configuration parameter "max_wal_size".
2024-07-31 01:09:00.743 BST [1734952] LOG:  checkpoint starting: wal
2024-07-31 01:09:49.388 BST [1734952] LOG:  checkpoint complete: wrote 60435 buffers (46.1%); 0 WAL file(s) added, 0 removed, 33 recycled; write=47.132 s, sync=1.340 s, total=48.645 s; sync files=787, longest=0.043 s, average=0.002 s; distance=537505 kB, estimate=537505 kB; lsn=0/40CC2A78, redo lsn=0/221CE928
2024-07-31 01:09:52.917 BST [1734952] LOG:  checkpoint starting: wal
2024-07-31 01:09:56.140 BST [1734952] LOG:  checkpoint complete: wrote 29 buffers (0.0%); 0 WAL file(s) added, 0 removed, 33 recycled; write=2.820 s, sync=0.279 s, total=3.224 s; sync files=30, longest=0.037 s, average=0.010 s; distance=539514 kB, estimate=539514 kB; lsn=0/44EACCC0, redo lsn=0/430AD408
2024-07-31 01:10:06.305 BST [1734952] LOG:  checkpoints are occurring too frequently (14 seconds apart)
2024-07-31 01:10:06.305 BST [1734952] HINT:  Consider increasing the configuration parameter "max_wal_size".
2024-07-31 01:10:06.305 BST [1734952] LOG:  checkpoint starting: wal
2024-07-31 01:10:12.238 BST [1734952] LOG:  checkpoint complete: wrote 45 buffers (0.0%); 0 WAL file(s) added, 0 removed, 33 recycled; write=4.461 s, sync=1.286 s, total=5.934 s; sync files=41, longest=1.071 s, average=0.032 s; distance=541075 kB, estimate=541075 kB; lsn=0/687DF7C0, redo lsn=0/641122F8
2024-07-31 01:10:50.103 BST [1735163] LOG:  skipping vacuum of "t" --- lock not available
2024-07-31 01:10:54.384 BST [1734952] LOG:  checkpoint starting: wal
2024-07-31 01:11:06.811 BST [1734952] LOG:  checkpoint complete: wrote 125 buffers (0.1%); 0 WAL file(s) added, 0 removed, 33 recycled; write=9.707 s, sync=2.572 s, total=12.428 s; sync files=875, longest=2.445 s, average=0.003 s; distance=540265 kB, estimate=540994 kB; lsn=0/8983EF38, redo lsn=0/850AC958
2024-07-31 01:11:06.811 BST [1734952] LOG:  checkpoint starting: immediate force wait
2024-07-31 01:11:07.095 BST [1734952] LOG:  checkpoint complete: wrote 8165 buffers (6.2%); 0 WAL file(s) added, 0 removed, 4 recycled; write=0.068 s, sync=0.167 s, total=0.284 s; sync files=449, longest=0.112 s, average=0.001 s; distance=73289 kB, estimate=494224 kB; lsn=0/8983F008, redo lsn=0/8983EFB0
2024-07-31 01:12:22.720 BST [1734951] LOG:  received fast shutdown request
2024-07-31 01:12:22.724 BST [1734951] LOG:  aborting any active transactions
2024-07-31 01:12:22.725 BST [1734951] LOG:  background worker "logical replication launcher" (PID 1734957) exited with exit code 1
2024-07-31 01:12:22.726 BST [1734952] LOG:  shutting down
2024-07-31 01:12:22.729 BST [1734952] LOG:  checkpoint starting: shutdown immediate
2024-07-31 01:12:22.755 BST [1734952] LOG:  checkpoint complete: wrote 96 buffers (0.1%); 0 WAL file(s) added, 0 removed, 0 recycled; write=0.010 s, sync=0.004 s, total=0.030 s; sync files=10, longest=0.004 s, average=0.001 s; distance=356 kB, estimate=444837 kB; lsn=0/89898178, redo lsn=0/89898178
2024-07-31 01:12:22.827 BST [1734951] LOG:  database system is shut down
