2024-08-01 22:03:45.488 CEST [3841701] LOG:  starting PostgreSQL 18devel on x86_64-pc-linux-gnu, compiled by gcc (Debian 12.2.0-14) 12.2.0, 64-bit
2024-08-01 22:03:45.489 CEST [3841701] LOG:  listening on IPv6 address "::1", port 5432
2024-08-01 22:03:45.489 CEST [3841701] LOG:  listening on IPv4 address "127.0.0.1", port 5432
2024-08-01 22:03:45.490 CEST [3841701] LOG:  listening on Unix socket "/tmp/.s.PGSQL.5432"
2024-08-01 22:03:45.492 CEST [3841704] LOG:  database system was shut down at 2024-08-01 22:03:44 CEST
2024-08-01 22:03:45.496 CEST [3841701] LOG:  database system is ready to accept connections
2024-08-01 22:03:54.192 CEST [3841702] LOG:  checkpoints are occurring too frequently (9 seconds apart)
2024-08-01 22:03:54.192 CEST [3841702] HINT:  Consider increasing the configuration parameter "max_wal_size".
2024-08-01 22:03:54.192 CEST [3841702] LOG:  checkpoint starting: wal
2024-08-01 22:04:02.074 CEST [3841702] LOG:  checkpoint complete: wrote 39346 buffers (15.0%); 0 WAL file(s) added, 0 removed, 33 recycled; write=7.495 s, sync=0.311 s, total=7.882 s; sync files=345, longest=0.194 s, average=0.001 s; distance=535650 kB, estimate=535650 kB; lsn=0/40814FD8, redo lsn=0/22003CE0
2024-08-01 22:04:02.691 CEST [3841702] LOG:  checkpoints are occurring too frequently (8 seconds apart)
2024-08-01 22:04:02.691 CEST [3841702] HINT:  Consider increasing the configuration parameter "max_wal_size".
2024-08-01 22:04:02.692 CEST [3841702] LOG:  checkpoint starting: wal
2024-08-01 22:04:09.579 CEST [3841702] LOG:  checkpoint complete: wrote 40086 buffers (15.3%); 0 WAL file(s) added, 0 removed, 33 recycled; write=6.702 s, sync=0.128 s, total=6.888 s; sync files=3, longest=0.122 s, average=0.043 s; distance=552369 kB, estimate=552369 kB; lsn=0/61E001D0, redo lsn=0/43B703E0
2024-08-01 22:04:10.195 CEST [3841702] LOG:  checkpoints are occurring too frequently (8 seconds apart)
2024-08-01 22:04:10.195 CEST [3841702] HINT:  Consider increasing the configuration parameter "max_wal_size".
2024-08-01 22:04:10.195 CEST [3841702] LOG:  checkpoint starting: wal
2024-08-01 22:04:38.280 CEST [3841702] LOG:  checkpoint complete: wrote 39561 buffers (15.1%); 0 WAL file(s) added, 3 removed, 30 recycled; write=27.326 s, sync=0.684 s, total=28.085 s; sync files=13, longest=0.111 s, average=0.053 s; distance=545064 kB, estimate=551639 kB; lsn=0/8510F810, redo lsn=0/64FBA7B8
2024-08-01 22:04:38.280 CEST [3841702] LOG:  checkpoints are occurring too frequently (28 seconds apart)
2024-08-01 22:04:38.280 CEST [3841702] HINT:  Consider increasing the configuration parameter "max_wal_size".
2024-08-01 22:04:38.280 CEST [3841702] LOG:  checkpoint starting: wal
2024-08-01 22:04:48.571 CEST [3841702] LOG:  checkpoint complete: wrote 67804 buffers (25.9%); 0 WAL file(s) added, 2 removed, 31 recycled; write=9.569 s, sync=0.615 s, total=10.291 s; sync files=20, longest=0.405 s, average=0.031 s; distance=530262 kB, estimate=549501 kB; lsn=0/A505C0B0, redo lsn=0/85590050
2024-08-01 22:04:48.733 CEST [3841702] LOG:  checkpoints are occurring too frequently (10 seconds apart)
2024-08-01 22:04:48.733 CEST [3841702] HINT:  Consider increasing the configuration parameter "max_wal_size".
2024-08-01 22:04:48.734 CEST [3841702] LOG:  checkpoint starting: wal
2024-08-01 22:04:51.979 CEST [3841702] LOG:  checkpoint complete: wrote 27 buffers (0.0%); 0 WAL file(s) added, 0 removed, 33 recycled; write=2.613 s, sync=0.591 s, total=3.246 s; sync files=20, longest=0.553 s, average=0.030 s; distance=548920 kB, estimate=549443 kB; lsn=0/BB1A28B0, redo lsn=0/A6D9E238
2024-08-01 22:04:55.342 CEST [3841702] LOG:  checkpoints are occurring too frequently (7 seconds apart)
2024-08-01 22:04:55.342 CEST [3841702] HINT:  Consider increasing the configuration parameter "max_wal_size".
2024-08-01 22:04:55.342 CEST [3841702] LOG:  checkpoint starting: wal
2024-08-01 22:04:56.629 CEST [3841702] LOG:  checkpoint complete: wrote 8 buffers (0.0%); 0 WAL file(s) added, 0 removed, 33 recycled; write=0.813 s, sync=0.432 s, total=1.287 s; sync files=7, longest=0.430 s, average=0.062 s; distance=530211 kB, estimate=547520 kB; lsn=0/C7367198, redo lsn=0/C73670F0
2024-08-01 22:05:26.052 CEST [3841702] LOG:  checkpoint starting: wal
2024-08-01 22:05:33.490 CEST [3841702] LOG:  checkpoint complete: wrote 50 buffers (0.0%); 0 WAL file(s) added, 0 removed, 33 recycled; write=5.020 s, sync=2.379 s, total=7.441 s; sync files=350, longest=1.136 s, average=0.007 s; distance=543228 kB, estimate=547091 kB; lsn=0/EDB86BD0, redo lsn=0/E85E63F0
2024-08-01 22:05:33.490 CEST [3841702] LOG:  checkpoint starting: immediate force wait
2024-08-01 22:05:33.597 CEST [3841702] LOG:  checkpoint complete: wrote 1910 buffers (0.7%); 0 WAL file(s) added, 0 removed, 5 recycled; write=0.030 s, sync=0.057 s, total=0.107 s; sync files=181, longest=0.001 s, average=0.001 s; distance=87682 kB, estimate=501150 kB; lsn=0/EDB86CA0, redo lsn=0/EDB86C48
2024-08-01 22:06:43.820 CEST [3841701] LOG:  received fast shutdown request
2024-08-01 22:06:43.821 CEST [3841701] LOG:  aborting any active transactions
2024-08-01 22:06:43.823 CEST [3841701] LOG:  background worker "logical replication launcher" (PID 3841707) exited with exit code 1
2024-08-01 22:06:43.825 CEST [3841702] LOG:  shutting down
2024-08-01 22:06:43.825 CEST [3841702] LOG:  checkpoint starting: shutdown immediate
2024-08-01 22:06:43.832 CEST [3841702] LOG:  checkpoint complete: wrote 73 buffers (0.0%); 0 WAL file(s) added, 0 removed, 0 recycled; write=0.005 s, sync=0.002 s, total=0.008 s; sync files=10, longest=0.001 s, average=0.001 s; distance=247 kB, estimate=451059 kB; lsn=0/EDBC4A08, redo lsn=0/EDBC4A08
2024-08-01 22:06:44.141 CEST [3841701] LOG:  database system is shut down
