2024-07-31 16:40:23.730 CEST [1114616] LOG:  starting PostgreSQL 18devel on x86_64-pc-linux-gnu, compiled by gcc (Debian 12.2.0-14) 12.2.0, 64-bit
2024-07-31 16:40:23.731 CEST [1114616] LOG:  listening on IPv6 address "::1", port 5432
2024-07-31 16:40:23.731 CEST [1114616] LOG:  listening on IPv4 address "127.0.0.1", port 5432
2024-07-31 16:40:23.732 CEST [1114616] LOG:  listening on Unix socket "/tmp/.s.PGSQL.5432"
2024-07-31 16:40:23.734 CEST [1114619] LOG:  database system was shut down at 2024-07-31 16:40:22 CEST
2024-07-31 16:40:23.737 CEST [1114616] LOG:  database system is ready to accept connections
2024-07-31 16:40:32.088 CEST [1114617] LOG:  checkpoints are occurring too frequently (9 seconds apart)
2024-07-31 16:40:32.088 CEST [1114617] HINT:  Consider increasing the configuration parameter "max_wal_size".
2024-07-31 16:40:32.088 CEST [1114617] LOG:  checkpoint starting: wal
2024-07-31 16:40:39.577 CEST [1114617] LOG:  checkpoint complete: wrote 39831 buffers (15.2%); 0 WAL file(s) added, 0 removed, 33 recycled; write=7.087 s, sync=0.316 s, total=7.489 s; sync files=345, longest=0.216 s, average=0.001 s; distance=542318 kB, estimate=542318 kB; lsn=0/40D8D888, redo lsn=0/22686D18
2024-07-31 16:40:40.001 CEST [1114617] LOG:  checkpoints are occurring too frequently (7 seconds apart)
2024-07-31 16:40:40.001 CEST [1114617] HINT:  Consider increasing the configuration parameter "max_wal_size".
2024-07-31 16:40:40.004 CEST [1114617] LOG:  checkpoint starting: wal
2024-07-31 16:40:46.571 CEST [1114617] LOG:  checkpoint complete: wrote 38975 buffers (14.9%); 0 WAL file(s) added, 0 removed, 33 recycled; write=6.389 s, sync=0.121 s, total=6.570 s; sync files=3, longest=0.115 s, average=0.041 s; distance=537084 kB, estimate=541794 kB; lsn=0/61CF5EF0, redo lsn=0/43306080
2024-07-31 16:40:47.004 CEST [1114617] LOG:  checkpoints are occurring too frequently (8 seconds apart)
2024-07-31 16:40:47.004 CEST [1114617] HINT:  Consider increasing the configuration parameter "max_wal_size".
2024-07-31 16:40:47.007 CEST [1114617] LOG:  checkpoint starting: wal
2024-07-31 16:41:12.235 CEST [1114617] LOG:  checkpoint complete: wrote 39185 buffers (14.9%); 0 WAL file(s) added, 0 removed, 33 recycled; write=24.521 s, sync=0.676 s, total=25.231 s; sync files=12, longest=0.111 s, average=0.057 s; distance=539872 kB, estimate=541602 kB; lsn=0/8239B1E0, redo lsn=0/6423E350
2024-07-31 16:41:14.951 CEST [1114617] LOG:  checkpoints are occurring too frequently (27 seconds apart)
2024-07-31 16:41:14.951 CEST [1114617] HINT:  Consider increasing the configuration parameter "max_wal_size".
2024-07-31 16:41:14.952 CEST [1114617] LOG:  checkpoint starting: wal
2024-07-31 16:41:25.815 CEST [1114617] LOG:  checkpoint complete: wrote 69397 buffers (26.5%); 0 WAL file(s) added, 3 removed, 30 recycled; write=10.089 s, sync=0.695 s, total=10.864 s; sync files=21, longest=0.496 s, average=0.034 s; distance=549782 kB, estimate=549782 kB; lsn=0/A615DE80, redo lsn=0/85B23C30
2024-07-31 16:41:25.815 CEST [1114617] LOG:  checkpoints are occurring too frequently (11 seconds apart)
2024-07-31 16:41:25.815 CEST [1114617] HINT:  Consider increasing the configuration parameter "max_wal_size".
2024-07-31 16:41:25.815 CEST [1114617] LOG:  checkpoint starting: wal
2024-07-31 16:41:28.492 CEST [1114617] LOG:  checkpoint complete: wrote 27 buffers (0.0%); 0 WAL file(s) added, 0 removed, 33 recycled; write=2.611 s, sync=0.006 s, total=2.678 s; sync files=20, longest=0.001 s, average=0.001 s; distance=532969 kB, estimate=548100 kB; lsn=0/BAA75408, redo lsn=0/A639E198
2024-07-31 16:41:32.228 CEST [1114617] LOG:  checkpoints are occurring too frequently (7 seconds apart)
2024-07-31 16:41:32.228 CEST [1114617] HINT:  Consider increasing the configuration parameter "max_wal_size".
2024-07-31 16:41:32.229 CEST [1114617] LOG:  checkpoint starting: wal
2024-07-31 16:41:33.278 CEST [1114617] LOG:  checkpoint complete: wrote 8 buffers (0.0%); 0 WAL file(s) added, 0 removed, 33 recycled; write=0.812 s, sync=0.208 s, total=1.050 s; sync files=7, longest=0.207 s, average=0.030 s; distance=540454 kB, estimate=547336 kB; lsn=0/C7367C28, redo lsn=0/C7367B80
2024-07-31 16:42:02.511 CEST [1114617] LOG:  checkpoint starting: wal
2024-07-31 16:42:03.960 CEST [1114617] LOG:  checkpoint complete: wrote 8 buffers (0.0%); 0 WAL file(s) added, 0 removed, 33 recycled; write=0.823 s, sync=0.597 s, total=1.450 s; sync files=16, longest=0.080 s, average=0.038 s; distance=549779 kB, estimate=549779 kB; lsn=0/E8E26A90, redo lsn=0/E8C4C8B8
2024-07-31 16:42:08.228 CEST [1114617] LOG:  checkpoint starting: immediate force wait
2024-07-31 16:42:09.233 CEST [1114617] LOG:  checkpoint complete: wrote 1952 buffers (0.7%); 0 WAL file(s) added, 0 removed, 5 recycled; write=0.034 s, sync=0.956 s, total=1.006 s; sync files=418, longest=0.778 s, average=0.003 s; distance=81132 kB, estimate=502914 kB; lsn=0/EDB87918, redo lsn=0/EDB878C0
2024-07-31 16:43:19.446 CEST [1114616] LOG:  received fast shutdown request
2024-07-31 16:43:19.446 CEST [1114616] LOG:  aborting any active transactions
2024-07-31 16:43:19.447 CEST [1114616] LOG:  background worker "logical replication launcher" (PID 1114622) exited with exit code 1
2024-07-31 16:43:19.449 CEST [1114617] LOG:  shutting down
2024-07-31 16:43:19.449 CEST [1114617] LOG:  checkpoint starting: shutdown immediate
2024-07-31 16:43:19.456 CEST [1114617] LOG:  checkpoint complete: wrote 73 buffers (0.0%); 0 WAL file(s) added, 0 removed, 0 recycled; write=0.005 s, sync=0.002 s, total=0.008 s; sync files=10, longest=0.001 s, average=0.001 s; distance=248 kB, estimate=452647 kB; lsn=0/EDBC5BE0, redo lsn=0/EDBC5BE0
2024-07-31 16:43:19.736 CEST [1114616] LOG:  database system is shut down
