2024-07-31 21:04:50.271 CEST [2084032] LOG:  starting PostgreSQL 18devel on x86_64-pc-linux-gnu, compiled by gcc (Debian 12.2.0-14) 12.2.0, 64-bit
2024-07-31 21:04:50.271 CEST [2084032] LOG:  listening on IPv6 address "::1", port 5432
2024-07-31 21:04:50.271 CEST [2084032] LOG:  listening on IPv4 address "127.0.0.1", port 5432
2024-07-31 21:04:50.287 CEST [2084032] LOG:  listening on Unix socket "/tmp/.s.PGSQL.5432"
2024-07-31 21:04:50.289 CEST [2084035] LOG:  database system was shut down at 2024-07-31 21:04:49 CEST
2024-07-31 21:04:50.293 CEST [2084032] LOG:  database system is ready to accept connections
2024-07-31 21:05:01.973 CEST [2084033] LOG:  checkpoints are occurring too frequently (11 seconds apart)
2024-07-31 21:05:01.973 CEST [2084033] HINT:  Consider increasing the configuration parameter "max_wal_size".
2024-07-31 21:05:01.973 CEST [2084033] LOG:  checkpoint starting: wal
2024-07-31 21:05:14.689 CEST [2084033] LOG:  checkpoint complete: wrote 6830 buffers (2.6%); 0 WAL file(s) added, 3 removed, 30 recycled; write=11.291 s, sync=1.366 s, total=12.717 s; sync files=803, longest=0.016 s, average=0.002 s; distance=537539 kB, estimate=537539 kB; lsn=0/43565ED0, redo lsn=0/221DC058
2024-07-31 21:05:14.690 CEST [2084033] LOG:  checkpoints are occurring too frequently (13 seconds apart)
2024-07-31 21:05:14.690 CEST [2084033] HINT:  Consider increasing the configuration parameter "max_wal_size".
2024-07-31 21:05:14.690 CEST [2084033] LOG:  checkpoint starting: wal
2024-07-31 21:05:20.065 CEST [2084033] LOG:  checkpoint complete: wrote 50 buffers (0.0%); 0 WAL file(s) added, 0 removed, 33 recycled; write=4.922 s, sync=0.423 s, total=5.376 s; sync files=160, longest=0.078 s, average=0.003 s; distance=544297 kB, estimate=544297 kB; lsn=0/5240F740, redo lsn=0/435664E8
2024-07-31 21:05:26.404 CEST [2084033] LOG:  checkpoints are occurring too frequently (12 seconds apart)
2024-07-31 21:05:26.404 CEST [2084033] HINT:  Consider increasing the configuration parameter "max_wal_size".
2024-07-31 21:05:26.404 CEST [2084033] LOG:  checkpoint starting: wal
2024-07-31 21:05:32.051 CEST [2084033] LOG:  checkpoint complete: wrote 50 buffers (0.0%); 0 WAL file(s) added, 0 removed, 33 recycled; write=4.926 s, sync=0.693 s, total=5.647 s; sync files=288, longest=0.009 s, average=0.003 s; distance=535762 kB, estimate=543443 kB; lsn=0/741522D8, redo lsn=0/6409B098
2024-07-31 21:05:35.828 CEST [2084033] LOG:  checkpoint starting: immediate force wait
2024-07-31 21:05:36.093 CEST [2084033] LOG:  checkpoint complete: wrote 188 buffers (0.1%); 0 WAL file(s) added, 0 removed, 26 recycled; write=0.008 s, sync=0.231 s, total=0.265 s; sync files=128, longest=0.008 s, average=0.002 s; distance=426430 kB, estimate=531742 kB; lsn=0/7E10ABC0, redo lsn=0/7E10AB68
2024-07-31 21:06:46.300 CEST [2084032] LOG:  received fast shutdown request
2024-07-31 21:06:46.301 CEST [2084032] LOG:  aborting any active transactions
2024-07-31 21:06:46.302 CEST [2084032] LOG:  background worker "logical replication launcher" (PID 2084038) exited with exit code 1
2024-07-31 21:06:46.304 CEST [2084033] LOG:  shutting down
2024-07-31 21:06:46.305 CEST [2084033] LOG:  checkpoint starting: shutdown immediate
2024-07-31 21:06:46.312 CEST [2084033] LOG:  checkpoint complete: wrote 53 buffers (0.0%); 0 WAL file(s) added, 0 removed, 0 recycled; write=0.005 s, sync=0.002 s, total=0.008 s; sync files=12, longest=0.001 s, average=0.001 s; distance=294 kB, estimate=478597 kB; lsn=0/7E154458, redo lsn=0/7E154458
2024-07-31 21:06:46.508 CEST [2084032] LOG:  database system is shut down
