2024-07-31 17:45:00.438 BST [1988727] LOG:  starting PostgreSQL 18devel on aarch64-unknown-linux-gnu, compiled by gcc (Debian 12.2.0-14) 12.2.0, 64-bit
2024-07-31 17:45:00.439 BST [1988727] LOG:  listening on IPv6 address "::1", port 5432
2024-07-31 17:45:00.439 BST [1988727] LOG:  listening on IPv4 address "127.0.0.1", port 5432
2024-07-31 17:45:00.544 BST [1988727] LOG:  listening on Unix socket "/tmp/.s.PGSQL.5432"
2024-07-31 17:45:00.553 BST [1988731] LOG:  database system was shut down at 2024-07-31 17:44:59 BST
2024-07-31 17:45:00.563 BST [1988727] LOG:  database system is ready to accept connections
2024-07-31 17:45:13.253 BST [1988729] LOG:  checkpoints are occurring too frequently (13 seconds apart)
2024-07-31 17:45:13.253 BST [1988729] HINT:  Consider increasing the configuration parameter "max_wal_size".
2024-07-31 17:45:13.253 BST [1988729] LOG:  checkpoint starting: wal
2024-07-31 17:46:07.451 BST [1988729] LOG:  checkpoint complete: wrote 60435 buffers (46.1%); 0 WAL file(s) added, 0 removed, 33 recycled; write=51.941 s, sync=1.561 s, total=54.198 s; sync files=787, longest=0.086 s, average=0.002 s; distance=537505 kB, estimate=537505 kB; lsn=0/40CC2AE0, redo lsn=0/221CE928
2024-07-31 17:46:10.405 BST [1988729] LOG:  checkpoint starting: wal
2024-07-31 17:46:13.688 BST [1988729] LOG:  checkpoint complete: wrote 29 buffers (0.0%); 0 WAL file(s) added, 0 removed, 33 recycled; write=2.828 s, sync=0.293 s, total=3.284 s; sync files=30, longest=0.040 s, average=0.010 s; distance=539514 kB, estimate=539514 kB; lsn=0/44EAD278, redo lsn=0/430AD408
2024-07-31 17:46:24.049 BST [1988729] LOG:  checkpoints are occurring too frequently (14 seconds apart)
2024-07-31 17:46:24.049 BST [1988729] HINT:  Consider increasing the configuration parameter "max_wal_size".
2024-07-31 17:46:24.049 BST [1988729] LOG:  checkpoint starting: wal
2024-07-31 17:46:29.212 BST [1988729] LOG:  checkpoint complete: wrote 45 buffers (0.0%); 0 WAL file(s) added, 0 removed, 33 recycled; write=4.634 s, sync=0.327 s, total=5.164 s; sync files=41, longest=0.038 s, average=0.008 s; distance=541076 kB, estimate=541076 kB; lsn=0/67CF4A48, redo lsn=0/64112628
2024-07-31 17:47:00.647 BST [1989015] LOG:  skipping vacuum of "t" --- lock not available
2024-07-31 17:47:12.313 BST [1988729] LOG:  checkpoint starting: wal
2024-07-31 17:47:22.325 BST [1988729] LOG:  checkpoint complete: wrote 125 buffers (0.1%); 0 WAL file(s) added, 0 removed, 33 recycled; write=8.787 s, sync=1.076 s, total=10.012 s; sync files=874, longest=0.967 s, average=0.002 s; distance=540264 kB, estimate=540995 kB; lsn=0/8983FCC8, redo lsn=0/850AC860
2024-07-31 17:47:22.325 BST [1988729] LOG:  checkpoint starting: immediate force wait
2024-07-31 17:47:22.600 BST [1988729] LOG:  checkpoint complete: wrote 8165 buffers (6.2%); 0 WAL file(s) added, 0 removed, 4 recycled; write=0.053 s, sync=0.177 s, total=0.276 s; sync files=449, longest=0.125 s, average=0.001 s; distance=73293 kB, estimate=494225 kB; lsn=0/8983FD98, redo lsn=0/8983FD40
2024-07-31 17:48:38.247 BST [1988727] LOG:  received fast shutdown request
2024-07-31 17:48:38.251 BST [1988727] LOG:  aborting any active transactions
2024-07-31 17:48:38.252 BST [1988727] LOG:  background worker "logical replication launcher" (PID 1988734) exited with exit code 1
2024-07-31 17:48:38.252 BST [1988729] LOG:  shutting down
2024-07-31 17:48:38.256 BST [1988729] LOG:  checkpoint starting: shutdown immediate
2024-07-31 17:48:38.285 BST [1988729] LOG:  checkpoint complete: wrote 96 buffers (0.1%); 0 WAL file(s) added, 0 removed, 0 recycled; write=0.009 s, sync=0.005 s, total=0.033 s; sync files=10, longest=0.005 s, average=0.001 s; distance=356 kB, estimate=444838 kB; lsn=0/89898E90, redo lsn=0/89898E90
2024-07-31 17:48:38.354 BST [1988727] LOG:  database system is shut down
