2024-08-01 04:05:18.361 CEST [3522731] LOG:  starting PostgreSQL 18devel on x86_64-pc-linux-gnu, compiled by gcc (Debian 12.2.0-14) 12.2.0, 64-bit
2024-08-01 04:05:18.361 CEST [3522731] LOG:  listening on IPv6 address "::1", port 5432
2024-08-01 04:05:18.361 CEST [3522731] LOG:  listening on IPv4 address "127.0.0.1", port 5432
2024-08-01 04:05:18.363 CEST [3522731] LOG:  listening on Unix socket "/tmp/.s.PGSQL.5432"
2024-08-01 04:05:18.364 CEST [3522734] LOG:  database system was shut down at 2024-08-01 04:05:17 CEST
2024-08-01 04:05:18.368 CEST [3522731] LOG:  database system is ready to accept connections
2024-08-01 04:05:26.853 CEST [3522732] LOG:  checkpoints are occurring too frequently (8 seconds apart)
2024-08-01 04:05:26.853 CEST [3522732] HINT:  Consider increasing the configuration parameter "max_wal_size".
2024-08-01 04:05:26.853 CEST [3522732] LOG:  checkpoint starting: wal
2024-08-01 04:05:34.391 CEST [3522732] LOG:  checkpoint complete: wrote 55100 buffers (21.0%); 0 WAL file(s) added, 1 removed, 32 recycled; write=6.852 s, sync=0.621 s, total=7.538 s; sync files=707, longest=0.412 s, average=0.001 s; distance=546409 kB, estimate=546409 kB; lsn=0/41904AD8, redo lsn=0/22A85928
2024-08-01 04:05:34.776 CEST [3522732] LOG:  checkpoints are occurring too frequently (8 seconds apart)
2024-08-01 04:05:34.776 CEST [3522732] HINT:  Consider increasing the configuration parameter "max_wal_size".
2024-08-01 04:05:34.776 CEST [3522732] LOG:  checkpoint starting: wal
2024-08-01 04:05:41.103 CEST [3522732] LOG:  checkpoint complete: wrote 61345 buffers (23.4%); 0 WAL file(s) added, 2 removed, 32 recycled; write=5.855 s, sync=0.385 s, total=6.327 s; sync files=4, longest=0.219 s, average=0.097 s; distance=546311 kB, estimate=546399 kB; lsn=0/63000C28, redo lsn=0/440077D8
2024-08-01 04:05:41.523 CEST [3522732] LOG:  checkpoints are occurring too frequently (7 seconds apart)
2024-08-01 04:05:41.523 CEST [3522732] HINT:  Consider increasing the configuration parameter "max_wal_size".
2024-08-01 04:05:41.525 CEST [3522732] LOG:  checkpoint starting: wal
2024-08-01 04:05:47.904 CEST [3522732] LOG:  checkpoint complete: wrote 61451 buffers (23.4%); 0 WAL file(s) added, 0 removed, 33 recycled; write=5.949 s, sync=0.373 s, total=6.382 s; sync files=4, longest=0.363 s, average=0.094 s; distance=546874 kB, estimate=546874 kB; lsn=0/83D78E38, redo lsn=0/65616388
2024-08-01 04:05:48.322 CEST [3522732] LOG:  checkpoints are occurring too frequently (7 seconds apart)
2024-08-01 04:05:48.322 CEST [3522732] HINT:  Consider increasing the configuration parameter "max_wal_size".
2024-08-01 04:05:48.325 CEST [3522732] LOG:  checkpoint starting: wal
2024-08-01 04:05:54.645 CEST [3522732] LOG:  checkpoint complete: wrote 60431 buffers (23.1%); 0 WAL file(s) added, 2 removed, 31 recycled; write=5.763 s, sync=0.489 s, total=6.323 s; sync files=4, longest=0.349 s, average=0.123 s; distance=537983 kB, estimate=545985 kB; lsn=0/A60007E0, redo lsn=0/863761F0
2024-08-01 04:05:55.064 CEST [3522732] LOG:  checkpoints are occurring too frequently (7 seconds apart)
2024-08-01 04:05:55.064 CEST [3522732] HINT:  Consider increasing the configuration parameter "max_wal_size".
2024-08-01 04:05:55.096 CEST [3522732] LOG:  checkpoint starting: wal
2024-08-01 04:06:01.443 CEST [3522732] LOG:  checkpoint complete: wrote 62118 buffers (23.7%); 0 WAL file(s) added, 1 removed, 33 recycled; write=5.746 s, sync=0.505 s, total=6.379 s; sync files=4, longest=0.489 s, average=0.127 s; distance=553512 kB, estimate=553512 kB; lsn=0/C6E710E0, redo lsn=0/A8000220
2024-08-01 04:06:01.861 CEST [3522732] LOG:  checkpoints are occurring too frequently (6 seconds apart)
2024-08-01 04:06:01.861 CEST [3522732] HINT:  Consider increasing the configuration parameter "max_wal_size".
2024-08-01 04:06:01.862 CEST [3522732] LOG:  checkpoint starting: wal
2024-08-01 04:06:08.242 CEST [3522732] LOG:  checkpoint complete: wrote 61474 buffers (23.5%); 0 WAL file(s) added, 1 removed, 32 recycled; write=5.789 s, sync=0.491 s, total=6.382 s; sync files=3, longest=0.488 s, average=0.164 s; distance=547207 kB, estimate=552881 kB; lsn=0/E8297C10, redo lsn=0/C96620A8
2024-08-01 04:06:08.666 CEST [3522732] LOG:  checkpoints are occurring too frequently (7 seconds apart)
2024-08-01 04:06:08.666 CEST [3522732] HINT:  Consider increasing the configuration parameter "max_wal_size".
2024-08-01 04:06:08.667 CEST [3522732] LOG:  checkpoint starting: wal
2024-08-01 04:06:15.034 CEST [3522732] LOG:  checkpoint complete: wrote 61014 buffers (23.3%); 0 WAL file(s) added, 1 removed, 32 recycled; write=5.794 s, sync=0.468 s, total=6.369 s; sync files=4, longest=0.451 s, average=0.117 s; distance=543064 kB, estimate=551899 kB; lsn=1/9150610, redo lsn=0/EA8B8180
2024-08-01 04:06:15.455 CEST [3522732] LOG:  checkpoints are occurring too frequently (7 seconds apart)
2024-08-01 04:06:15.455 CEST [3522732] HINT:  Consider increasing the configuration parameter "max_wal_size".
2024-08-01 04:06:15.456 CEST [3522732] LOG:  checkpoint starting: wal
2024-08-01 04:06:22.000 CEST [3522732] LOG:  checkpoint complete: wrote 60631 buffers (23.1%); 0 WAL file(s) added, 1 removed, 32 recycled; write=5.905 s, sync=0.548 s, total=6.546 s; sync files=3, longest=0.546 s, average=0.183 s; distance=539759 kB, estimate=550685 kB; lsn=1/2AFE4168, redo lsn=1/B7D4100
2024-08-01 04:06:22.206 CEST [3522732] LOG:  checkpoints are occurring too frequently (7 seconds apart)
2024-08-01 04:06:22.206 CEST [3522732] HINT:  Consider increasing the configuration parameter "max_wal_size".
2024-08-01 04:06:22.209 CEST [3522732] LOG:  checkpoint starting: wal
2024-08-01 04:06:35.943 CEST [3522732] LOG:  checkpoint complete: wrote 59919 buffers (22.9%); 0 WAL file(s) added, 1 removed, 32 recycled; write=9.636 s, sync=4.000 s, total=13.737 s; sync files=8, longest=1.524 s, average=0.500 s; distance=533991 kB, estimate=549016 kB; lsn=1/4B085C10, redo lsn=1/2C14E0E8
2024-08-01 04:06:36.374 CEST [3522732] LOG:  checkpoints are occurring too frequently (14 seconds apart)
2024-08-01 04:06:36.374 CEST [3522732] HINT:  Consider increasing the configuration parameter "max_wal_size".
2024-08-01 04:06:36.377 CEST [3522732] LOG:  checkpoint starting: wal
2024-08-01 04:07:09.304 CEST [3522732] LOG:  checkpoint complete: wrote 247463 buffers (94.4%); 0 WAL file(s) added, 0 removed, 33 recycled; write=31.862 s, sync=1.027 s, total=32.931 s; sync files=32, longest=0.140 s, average=0.033 s; distance=542890 kB, estimate=548403 kB; lsn=1/6BC008B8, redo lsn=1/4D378C40
2024-08-01 04:07:12.258 CEST [3522732] LOG:  checkpoint starting: wal
2024-08-01 04:07:18.341 CEST [3522732] LOG:  checkpoint complete: wrote 60 buffers (0.0%); 0 WAL file(s) added, 0 removed, 33 recycled; write=5.921 s, sync=0.130 s, total=6.086 s; sync files=28, longest=0.121 s, average=0.005 s; distance=543509 kB, estimate=547914 kB; lsn=1/733BEE00, redo lsn=1/6E63E378
2024-08-01 04:07:18.451 CEST [3522773] LOG:  skipping vacuum of "t" --- lock not available
2024-08-01 04:07:49.067 CEST [3522732] LOG:  checkpoint starting: wal
2024-08-01 04:08:18.470 CEST [3522790] LOG:  skipping vacuum of "t" --- lock not available
2024-08-01 04:08:23.740 CEST [3522732] LOG:  checkpoint complete: wrote 755 buffers (0.3%); 0 WAL file(s) added, 2 removed, 31 recycled; write=33.898 s, sync=0.692 s, total=34.676 s; sync files=342, longest=0.090 s, average=0.003 s; distance=537495 kB, estimate=546872 kB; lsn=1/AF14BDE8, redo lsn=1/8F324208
2024-08-01 04:08:27.348 CEST [3522732] LOG:  checkpoint starting: wal
2024-08-01 04:08:37.074 CEST [3522732] LOG:  checkpoint complete: wrote 97 buffers (0.0%); 0 WAL file(s) added, 0 removed, 33 recycled; write=9.429 s, sync=0.268 s, total=9.729 s; sync files=31, longest=0.115 s, average=0.009 s; distance=544598 kB, estimate=546645 kB; lsn=1/BA6D9160, redo lsn=1/B06F9D90
2024-08-01 04:09:05.014 CEST [3522732] LOG:  checkpoint starting: wal
2024-08-01 04:09:07.653 CEST [3522732] LOG:  checkpoint complete: wrote 21 buffers (0.0%); 0 WAL file(s) added, 0 removed, 33 recycled; write=2.012 s, sync=0.598 s, total=2.639 s; sync files=24, longest=0.111 s, average=0.025 s; distance=535381 kB, estimate=545518 kB; lsn=1/D49DB278, redo lsn=1/D11CF4F8
2024-08-01 04:09:18.489 CEST [3522807] LOG:  skipping vacuum of "t" --- lock not available
2024-08-01 04:09:40.558 CEST [3522732] LOG:  checkpoint starting: wal
2024-08-01 04:09:43.171 CEST [3522732] LOG:  checkpoint complete: wrote 20 buffers (0.0%); 0 WAL file(s) added, 0 removed, 33 recycled; write=1.912 s, sync=0.662 s, total=2.613 s; sync files=25, longest=0.098 s, average=0.027 s; distance=547672 kB, estimate=547672 kB; lsn=1/F28B6D90, redo lsn=1/F28A5690
2024-08-01 04:10:18.509 CEST [3522824] LOG:  skipping vacuum of "t" --- lock not available
2024-08-01 04:10:20.003 CEST [3522732] LOG:  checkpoint starting: wal
2024-08-01 04:10:22.442 CEST [3522732] LOG:  checkpoint complete: wrote 19 buffers (0.0%); 0 WAL file(s) added, 0 removed, 33 recycled; write=1.812 s, sync=0.596 s, total=2.440 s; sync files=26, longest=0.116 s, average=0.023 s; distance=546121 kB, estimate=547517 kB; lsn=2/1436C238, redo lsn=2/13DF7AA0
2024-08-01 04:11:00.061 CEST [3522732] LOG:  checkpoint starting: wal
2024-08-01 04:11:02.299 CEST [3522732] LOG:  checkpoint complete: wrote 17 buffers (0.0%); 0 WAL file(s) added, 0 removed, 33 recycled; write=1.611 s, sync=0.595 s, total=2.238 s; sync files=26, longest=0.110 s, average=0.023 s; distance=541287 kB, estimate=546894 kB; lsn=2/35E17980, redo lsn=2/34E91730
2024-08-01 04:11:18.529 CEST [3522841] LOG:  skipping vacuum of "t" --- lock not available
2024-08-01 04:11:40.977 CEST [3522732] LOG:  checkpoint starting: wal
2024-08-01 04:11:43.111 CEST [3522732] LOG:  checkpoint complete: wrote 16 buffers (0.0%); 0 WAL file(s) added, 0 removed, 33 recycled; write=1.511 s, sync=0.593 s, total=2.137 s; sync files=25, longest=0.118 s, average=0.024 s; distance=532277 kB, estimate=545432 kB; lsn=2/578C2A20, redo lsn=2/5565EC48
2024-08-01 04:12:18.549 CEST [3522856] LOG:  skipping vacuum of "t" --- lock not available
2024-08-01 04:12:22.994 CEST [3522732] LOG:  checkpoint starting: wal
2024-08-01 04:12:25.326 CEST [3522732] LOG:  checkpoint complete: wrote 18 buffers (0.0%); 0 WAL file(s) added, 0 removed, 33 recycled; write=1.711 s, sync=0.592 s, total=2.334 s; sync files=24, longest=0.106 s, average=0.025 s; distance=545016 kB, estimate=545390 kB; lsn=2/79370698, redo lsn=2/76A9CFD8
2024-08-01 04:13:01.547 CEST [3522732] LOG:  checkpoint starting: wal
2024-08-01 04:13:03.491 CEST [3522732] LOG:  checkpoint complete: wrote 14 buffers (0.0%); 0 WAL file(s) added, 0 removed, 33 recycled; write=1.310 s, sync=0.594 s, total=1.945 s; sync files=23, longest=0.102 s, average=0.026 s; distance=532055 kB, estimate=544057 kB; lsn=2/97245430, redo lsn=2/97232E50
2024-08-01 04:13:18.568 CEST [3522872] LOG:  skipping vacuum of "t" --- lock not available
2024-08-01 04:13:45.009 CEST [3522732] LOG:  checkpoint starting: wal
2024-08-01 04:13:47.829 CEST [3522732] LOG:  checkpoint complete: wrote 23 buffers (0.0%); 0 WAL file(s) added, 0 removed, 33 recycled; write=2.212 s, sync=0.579 s, total=2.823 s; sync files=27, longest=0.108 s, average=0.022 s; distance=545706 kB, estimate=545706 kB; lsn=2/B8D01268, redo lsn=2/B871D900
2024-08-01 04:13:53.063 CEST [3522732] LOG:  checkpoints are occurring too frequently (8 seconds apart)
2024-08-01 04:13:53.063 CEST [3522732] HINT:  Consider increasing the configuration parameter "max_wal_size".
2024-08-01 04:13:53.063 CEST [3522732] LOG:  checkpoint starting: wal
2024-08-01 04:13:56.849 CEST [3522732] LOG:  checkpoint complete: wrote 26 buffers (0.0%); 0 WAL file(s) added, 0 removed, 34 recycled; write=2.512 s, sync=1.218 s, total=3.786 s; sync files=17, longest=1.120 s, average=0.072 s; distance=549859 kB, estimate=549859 kB; lsn=2/F5FD7490, redo lsn=2/DA016518
2024-08-01 04:13:57.490 CEST [3522732] LOG:  checkpoints are occurring too frequently (4 seconds apart)
2024-08-01 04:13:57.490 CEST [3522732] HINT:  Consider increasing the configuration parameter "max_wal_size".
2024-08-01 04:13:57.491 CEST [3522732] LOG:  checkpoint starting: wal
2024-08-01 04:13:57.547 CEST [3522732] LOG:  checkpoint complete: wrote 0 buffers (0.0%); 0 WAL file(s) added, 0 removed, 33 recycled; write=0.005 s, sync=0.001 s, total=0.057 s; sync files=0, longest=0.000 s, average=0.000 s; distance=550447 kB, estimate=550447 kB; lsn=2/FBCC56E8, redo lsn=2/FB9A2198
2024-08-01 04:14:00.824 CEST [3522732] LOG:  checkpoints are occurring too frequently (3 seconds apart)
2024-08-01 04:14:00.824 CEST [3522732] HINT:  Consider increasing the configuration parameter "max_wal_size".
2024-08-01 04:14:00.824 CEST [3522732] LOG:  checkpoint starting: wal
2024-08-01 04:14:00.891 CEST [3522732] LOG:  checkpoint complete: wrote 0 buffers (0.0%); 0 WAL file(s) added, 0 removed, 34 recycled; write=0.006 s, sync=0.001 s, total=0.067 s; sync files=0, longest=0.000 s, average=0.000 s; distance=547233 kB, estimate=550125 kB; lsn=3/1D36BB50, redo lsn=3/1D00A950
2024-08-01 04:14:04.207 CEST [3522732] LOG:  checkpoints are occurring too frequently (4 seconds apart)
2024-08-01 04:14:04.207 CEST [3522732] HINT:  Consider increasing the configuration parameter "max_wal_size".
2024-08-01 04:14:04.234 CEST [3522732] LOG:  checkpoint starting: wal
2024-08-01 04:14:04.280 CEST [3522732] LOG:  checkpoint complete: wrote 0 buffers (0.0%); 0 WAL file(s) added, 0 removed, 34 recycled; write=0.006 s, sync=0.001 s, total=0.074 s; sync files=0, longest=0.000 s, average=0.000 s; distance=557120 kB, estimate=557120 kB; lsn=3/3F3F7788, redo lsn=3/3F01AC28
2024-08-01 04:14:07.587 CEST [3522732] LOG:  checkpoints are occurring too frequently (3 seconds apart)
2024-08-01 04:14:07.587 CEST [3522732] HINT:  Consider increasing the configuration parameter "max_wal_size".
2024-08-01 04:14:07.588 CEST [3522732] LOG:  checkpoint starting: wal
2024-08-01 04:14:07.646 CEST [3522732] LOG:  checkpoint complete: wrote 0 buffers (0.0%); 0 WAL file(s) added, 0 removed, 33 recycled; write=0.006 s, sync=0.001 s, total=0.059 s; sync files=0, longest=0.000 s, average=0.000 s; distance=550199 kB, estimate=556428 kB; lsn=3/60D07AA8, redo lsn=3/60968BF8
2024-08-01 04:14:10.924 CEST [3522732] LOG:  checkpoints are occurring too frequently (3 seconds apart)
2024-08-01 04:14:10.924 CEST [3522732] HINT:  Consider increasing the configuration parameter "max_wal_size".
2024-08-01 04:14:10.924 CEST [3522732] LOG:  checkpoint starting: wal
2024-08-01 04:14:10.992 CEST [3522732] LOG:  checkpoint complete: wrote 0 buffers (0.0%); 0 WAL file(s) added, 0 removed, 34 recycled; write=0.006 s, sync=0.001 s, total=0.068 s; sync files=0, longest=0.000 s, average=0.000 s; distance=547481 kB, estimate=555533 kB; lsn=3/82370278, redo lsn=3/8200F060
2024-08-01 04:14:14.287 CEST [3522732] LOG:  checkpoints are occurring too frequently (4 seconds apart)
2024-08-01 04:14:14.287 CEST [3522732] HINT:  Consider increasing the configuration parameter "max_wal_size".
2024-08-01 04:14:14.290 CEST [3522732] LOG:  checkpoint starting: wal
2024-08-01 04:14:14.333 CEST [3522732] LOG:  checkpoint complete: wrote 0 buffers (0.0%); 0 WAL file(s) added, 0 removed, 33 recycled; write=0.006 s, sync=0.001 s, total=0.047 s; sync files=0, longest=0.000 s, average=0.000 s; distance=544268 kB, estimate=554407 kB; lsn=3/A376EBC8, redo lsn=3/A3392068
2024-08-01 04:14:18.588 CEST [3522888] LOG:  skipping vacuum of "t" --- lock not available
2024-08-01 04:14:24.755 CEST [3522732] LOG:  checkpoints are occurring too frequently (10 seconds apart)
2024-08-01 04:14:24.755 CEST [3522732] HINT:  Consider increasing the configuration parameter "max_wal_size".
2024-08-01 04:14:24.757 CEST [3522732] LOG:  checkpoint starting: wal
2024-08-01 04:14:26.077 CEST [3522732] LOG:  checkpoint complete: wrote 9 buffers (0.0%); 0 WAL file(s) added, 0 removed, 33 recycled; write=0.908 s, sync=0.335 s, total=1.322 s; sync files=6, longest=0.333 s, average=0.056 s; distance=543462 kB, estimate=553312 kB; lsn=3/CCCD9510, redo lsn=3/C464B940
2024-08-01 04:14:50.559 CEST [3522732] LOG:  checkpoints are occurring too frequently (26 seconds apart)
2024-08-01 04:14:50.559 CEST [3522732] HINT:  Consider increasing the configuration parameter "max_wal_size".
2024-08-01 04:14:50.559 CEST [3522732] LOG:  checkpoint starting: wal
2024-08-01 04:14:51.873 CEST [3522732] LOG:  checkpoint complete: wrote 5 buffers (0.0%); 0 WAL file(s) added, 0 removed, 33 recycled; write=0.508 s, sync=0.771 s, total=1.314 s; sync files=11, longest=0.133 s, average=0.071 s; distance=534637 kB, estimate=551445 kB; lsn=3/E50670A0, redo lsn=3/E5066FB0
2024-08-01 04:15:18.607 CEST [3522963] LOG:  skipping vacuum of "t" --- lock not available
2024-08-01 04:15:27.218 CEST [3522732] LOG:  checkpoint starting: wal
2024-08-01 04:15:28.905 CEST [3522732] LOG:  checkpoint complete: wrote 9 buffers (0.0%); 0 WAL file(s) added, 0 removed, 33 recycled; write=0.918 s, sync=0.738 s, total=1.691 s; sync files=16, longest=0.122 s, average=0.047 s; distance=544288 kB, estimate=550729 kB; lsn=4/6B0EC78, redo lsn=4/63EF150
2024-08-01 04:16:04.964 CEST [3522732] LOG:  checkpoint starting: wal
2024-08-01 04:16:06.524 CEST [3522732] LOG:  checkpoint complete: wrote 9 buffers (0.0%); 0 WAL file(s) added, 0 removed, 33 recycled; write=0.917 s, sync=0.612 s, total=1.562 s; sync files=15, longest=0.109 s, average=0.041 s; distance=545842 kB, estimate=550240 kB; lsn=4/285AF1C8, redo lsn=4/278FBD40
2024-08-01 04:16:18.626 CEST [3522981] LOG:  skipping vacuum of "t" --- lock not available
2024-08-01 04:16:43.628 CEST [3522732] LOG:  checkpoint starting: wal
2024-08-01 04:16:45.329 CEST [3522732] LOG:  checkpoint complete: wrote 9 buffers (0.0%); 0 WAL file(s) added, 0 removed, 33 recycled; write=0.931 s, sync=0.741 s, total=1.702 s; sync files=15, longest=0.116 s, average=0.050 s; distance=544535 kB, estimate=549670 kB; lsn=4/4A051E98, redo lsn=4/48CC19B0
2024-08-01 04:17:18.645 CEST [3523012] LOG:  skipping vacuum of "t" --- lock not available
2024-08-01 04:17:22.853 CEST [3522732] LOG:  checkpoint starting: wal
2024-08-01 04:17:24.751 CEST [3522732] LOG:  checkpoint complete: wrote 12 buffers (0.0%); 0 WAL file(s) added, 0 removed, 33 recycled; write=1.210 s, sync=0.660 s, total=1.903 s; sync files=15, longest=0.122 s, average=0.044 s; distance=531137 kB, estimate=547817 kB; lsn=4/6BAF38D8, redo lsn=4/69372178
2024-08-01 04:18:03.231 CEST [3522732] LOG:  checkpoint starting: wal
2024-08-01 04:18:05.022 CEST [3522732] LOG:  checkpoint complete: wrote 11 buffers (0.0%); 0 WAL file(s) added, 0 removed, 33 recycled; write=1.109 s, sync=0.651 s, total=1.791 s; sync files=15, longest=0.122 s, average=0.044 s; distance=539700 kB, estimate=547005 kB; lsn=4/8D595620, redo lsn=4/8A27F390
2024-08-01 04:18:18.665 CEST [3523029] LOG:  skipping vacuum of "t" --- lock not available
2024-08-01 04:18:40.589 CEST [3522732] LOG:  checkpoint starting: wal
2024-08-01 04:18:42.596 CEST [3522732] LOG:  checkpoint complete: wrote 12 buffers (0.0%); 0 WAL file(s) added, 0 removed, 33 recycled; write=1.210 s, sync=0.769 s, total=2.012 s; sync files=15, longest=0.127 s, average=0.052 s; distance=539461 kB, estimate=546251 kB; lsn=4/AB45DB18, redo lsn=4/AB150AB0
2024-08-01 04:19:18.684 CEST [3523047] LOG:  skipping vacuum of "t" --- lock not available
2024-08-01 04:19:22.451 CEST [3522732] LOG:  checkpoint starting: wal
2024-08-01 04:19:23.840 CEST [3522732] LOG:  checkpoint complete: wrote 6 buffers (0.0%); 0 WAL file(s) added, 0 removed, 33 recycled; write=0.608 s, sync=0.746 s, total=1.395 s; sync files=15, longest=0.111 s, average=0.050 s; distance=541672 kB, estimate=545793 kB; lsn=4/CCEFEB70, redo lsn=4/CC24ADF8
2024-08-01 04:20:05.189 CEST [3522732] LOG:  checkpoint starting: wal
2024-08-01 04:20:06.598 CEST [3522732] LOG:  checkpoint complete: wrote 7 buffers (0.0%); 0 WAL file(s) added, 0 removed, 33 recycled; write=0.707 s, sync=0.673 s, total=1.412 s; sync files=15, longest=0.119 s, average=0.045 s; distance=548709 kB, estimate=548709 kB; lsn=4/EE9A28F8, redo lsn=4/EDA24590
2024-08-01 04:20:18.703 CEST [3523064] LOG:  skipping vacuum of "t" --- lock not available
2024-08-01 04:20:48.553 CEST [3522732] LOG:  checkpoint starting: wal
2024-08-01 04:20:49.856 CEST [3522732] LOG:  checkpoint complete: wrote 6 buffers (0.0%); 0 WAL file(s) added, 0 removed, 33 recycled; write=0.635 s, sync=0.639 s, total=1.304 s; sync files=15, longest=0.125 s, average=0.043 s; distance=546510 kB, estimate=548489 kB; lsn=5/10444BE0, redo lsn=5/EFD7F98
2024-08-01 04:21:18.723 CEST [3523080] LOG:  skipping vacuum of "t" --- lock not available
2024-08-01 04:21:32.626 CEST [3522732] LOG:  checkpoint starting: wal
2024-08-01 04:21:34.036 CEST [3522732] LOG:  checkpoint complete: wrote 7 buffers (0.0%); 0 WAL file(s) added, 0 removed, 34 recycled; write=0.708 s, sync=0.669 s, total=1.410 s; sync files=15, longest=0.122 s, average=0.045 s; distance=541022 kB, estimate=547743 kB; lsn=5/31EE6450, redo lsn=5/3002F9A0
2024-08-01 04:22:06.666 CEST [3522732] LOG:  checkpoint starting: immediate force wait
2024-08-01 04:22:13.439 CEST [3522732] LOG:  checkpoint complete: wrote 12305 buffers (4.7%); 0 WAL file(s) added, 0 removed, 26 recycled; write=0.175 s, sync=6.558 s, total=6.774 s; sync files=781, longest=1.529 s, average=0.009 s; distance=437251 kB, estimate=536694 kB; lsn=5/4AB30748, redo lsn=5/4AB306F0
2024-08-01 04:23:24.586 CEST [3522731] LOG:  received fast shutdown request
2024-08-01 04:23:24.586 CEST [3522731] LOG:  aborting any active transactions
2024-08-01 04:23:24.587 CEST [3522731] LOG:  background worker "logical replication launcher" (PID 3522737) exited with exit code 1
2024-08-01 04:23:24.589 CEST [3522732] LOG:  shutting down
2024-08-01 04:23:24.590 CEST [3522732] LOG:  checkpoint starting: shutdown immediate
2024-08-01 04:23:24.596 CEST [3522732] LOG:  checkpoint complete: wrote 65 buffers (0.0%); 0 WAL file(s) added, 0 removed, 0 recycled; write=0.005 s, sync=0.001 s, total=0.007 s; sync files=5, longest=0.001 s, average=0.001 s; distance=202 kB, estimate=483044 kB; lsn=5/4AB62F28, redo lsn=5/4AB62F28
2024-08-01 04:23:25.031 CEST [3522731] LOG:  database system is shut down
