2024-08-02 00:21:14.476 BST [28161] LOG:  starting PostgreSQL 18devel on armv8l-unknown-linux-gnueabihf, compiled by gcc (Raspbian 12.2.0-14+rpi1) 12.2.0, 32-bit
2024-08-02 00:21:14.476 BST [28161] LOG:  listening on IPv6 address "::1", port 5432
2024-08-02 00:21:14.476 BST [28161] LOG:  listening on IPv4 address "127.0.0.1", port 5432
2024-08-02 00:21:14.491 BST [28161] LOG:  listening on Unix socket "/tmp/.s.PGSQL.5432"
2024-08-02 00:21:14.495 BST [28164] LOG:  database system was shut down at 2024-08-02 00:21:11 BST
2024-08-02 00:21:14.502 BST [28161] LOG:  database system is ready to accept connections
2024-08-02 00:21:28.386 BST [28162] LOG:  checkpoints are occurring too frequently (14 seconds apart)
2024-08-02 00:21:28.386 BST [28162] HINT:  Consider increasing the configuration parameter "max_wal_size".
2024-08-02 00:21:28.386 BST [28162] LOG:  checkpoint starting: wal
2024-08-02 00:22:20.147 BST [28162] LOG:  checkpoint complete: wrote 60435 buffers (46.1%); 0 WAL file(s) added, 0 removed, 33 recycled; write=50.359 s, sync=1.201 s, total=51.761 s; sync files=787, longest=0.087 s, average=0.002 s; distance=537502 kB, estimate=537502 kB; lsn=0/406C5198, redo lsn=0/221CD788
2024-08-02 00:22:24.413 BST [28162] LOG:  checkpoint starting: wal
2024-08-02 00:22:27.694 BST [28162] LOG:  checkpoint complete: wrote 29 buffers (0.0%); 0 WAL file(s) added, 0 removed, 33 recycled; write=2.840 s, sync=0.291 s, total=3.281 s; sync files=30, longest=0.024 s, average=0.010 s; distance=539514 kB, estimate=539514 kB; lsn=0/448AF930, redo lsn=0/430AC280
2024-08-02 00:22:39.360 BST [28162] LOG:  checkpoints are occurring too frequently (15 seconds apart)
2024-08-02 00:22:39.360 BST [28162] HINT:  Consider increasing the configuration parameter "max_wal_size".
2024-08-02 00:22:39.360 BST [28162] LOG:  checkpoint starting: wal
2024-08-02 00:22:45.392 BST [28162] LOG:  checkpoint complete: wrote 45 buffers (0.0%); 0 WAL file(s) added, 0 removed, 33 recycled; write=4.557 s, sync=1.287 s, total=6.033 s; sync files=40, longest=1.112 s, average=0.033 s; distance=541076 kB, estimate=541076 kB; lsn=0/682EFD88, redo lsn=0/64111488
2024-08-02 00:23:14.554 BST [28357] LOG:  skipping vacuum of "t" --- lock not available
2024-08-02 00:23:32.919 BST [28162] LOG:  checkpoint starting: wal
2024-08-02 00:23:45.219 BST [28162] LOG:  checkpoint complete: wrote 125 buffers (0.1%); 0 WAL file(s) added, 0 removed, 33 recycled; write=9.587 s, sync=2.595 s, total=12.301 s; sync files=875, longest=1.009 s, average=0.003 s; distance=540265 kB, estimate=540995 kB; lsn=0/8983E068, redo lsn=0/850ABA50
2024-08-02 00:23:45.220 BST [28162] LOG:  checkpoint starting: immediate force wait
2024-08-02 00:23:46.069 BST [28162] LOG:  checkpoint complete: wrote 8165 buffers (6.2%); 0 WAL file(s) added, 0 removed, 4 recycled; write=0.084 s, sync=0.697 s, total=0.850 s; sync files=449, longest=0.094 s, average=0.002 s; distance=73289 kB, estimate=494224 kB; lsn=0/8983E138, redo lsn=0/8983E0E0
2024-08-02 00:24:59.287 BST [28161] LOG:  received fast shutdown request
2024-08-02 00:24:59.288 BST [28161] LOG:  aborting any active transactions
2024-08-02 00:24:59.289 BST [28161] LOG:  background worker "logical replication launcher" (PID 28167) exited with exit code 1
2024-08-02 00:24:59.291 BST [28162] LOG:  shutting down
2024-08-02 00:24:59.305 BST [28162] LOG:  checkpoint starting: shutdown immediate
2024-08-02 00:24:59.337 BST [28162] LOG:  checkpoint complete: wrote 95 buffers (0.1%); 0 WAL file(s) added, 0 removed, 0 recycled; write=0.010 s, sync=0.012 s, total=0.046 s; sync files=10, longest=0.002 s, average=0.002 s; distance=354 kB, estimate=444837 kB; lsn=0/89896B18, redo lsn=0/89896B18
2024-08-02 00:24:59.548 BST [28161] LOG:  database system is shut down
