2024-07-31 18:01:22.051 BST [2029768] LOG:  starting PostgreSQL 18devel on aarch64-unknown-linux-gnu, compiled by gcc (Debian 12.2.0-14) 12.2.0, 64-bit
2024-07-31 18:01:22.052 BST [2029768] LOG:  listening on IPv6 address "::1", port 5432
2024-07-31 18:01:22.052 BST [2029768] LOG:  listening on IPv4 address "127.0.0.1", port 5432
2024-07-31 18:01:22.066 BST [2029768] LOG:  listening on Unix socket "/tmp/.s.PGSQL.5432"
2024-07-31 18:01:22.076 BST [2029771] LOG:  database system was shut down at 2024-07-31 18:01:20 BST
2024-07-31 18:01:22.087 BST [2029768] LOG:  database system is ready to accept connections
2024-07-31 18:01:36.458 BST [2029769] LOG:  checkpoints are occurring too frequently (14 seconds apart)
2024-07-31 18:01:36.458 BST [2029769] HINT:  Consider increasing the configuration parameter "max_wal_size".
2024-07-31 18:01:36.459 BST [2029769] LOG:  checkpoint starting: wal
2024-07-31 18:02:25.642 BST [2029769] LOG:  checkpoint complete: wrote 60435 buffers (46.1%); 0 WAL file(s) added, 0 removed, 33 recycled; write=47.563 s, sync=1.418 s, total=49.184 s; sync files=787, longest=0.064 s, average=0.002 s; distance=537505 kB, estimate=537505 kB; lsn=0/40CC2AE0, redo lsn=0/221CE928
2024-07-31 18:02:29.066 BST [2029769] LOG:  checkpoint starting: wal
2024-07-31 18:02:32.324 BST [2029769] LOG:  checkpoint complete: wrote 29 buffers (0.0%); 0 WAL file(s) added, 0 removed, 33 recycled; write=2.821 s, sync=0.291 s, total=3.259 s; sync files=30, longest=0.045 s, average=0.010 s; distance=539514 kB, estimate=539514 kB; lsn=0/44EAD278, redo lsn=0/430AD408
2024-07-31 18:02:41.925 BST [2029769] LOG:  checkpoints are occurring too frequently (12 seconds apart)
2024-07-31 18:02:41.925 BST [2029769] HINT:  Consider increasing the configuration parameter "max_wal_size".
2024-07-31 18:02:41.925 BST [2029769] LOG:  checkpoint starting: wal
2024-07-31 18:02:50.244 BST [2029769] LOG:  checkpoint complete: wrote 45 buffers (0.0%); 0 WAL file(s) added, 0 removed, 33 recycled; write=4.452 s, sync=3.687 s, total=8.319 s; sync files=40, longest=2.812 s, average=0.093 s; distance=541076 kB, estimate=541076 kB; lsn=0/691E9E50, redo lsn=0/64112630
2024-07-31 18:03:22.170 BST [2029972] LOG:  skipping vacuum of "t" --- lock not available
2024-07-31 18:03:30.997 BST [2029769] LOG:  checkpoint starting: wal
2024-07-31 18:03:40.867 BST [2029769] LOG:  checkpoint complete: wrote 125 buffers (0.1%); 0 WAL file(s) added, 0 removed, 33 recycled; write=8.664 s, sync=1.080 s, total=9.871 s; sync files=875, longest=0.970 s, average=0.002 s; distance=540264 kB, estimate=540995 kB; lsn=0/89840540, redo lsn=0/850AC930
2024-07-31 18:03:40.867 BST [2029769] LOG:  checkpoint starting: immediate force wait
2024-07-31 18:03:41.147 BST [2029769] LOG:  checkpoint complete: wrote 8165 buffers (6.2%); 0 WAL file(s) added, 0 removed, 4 recycled; write=0.052 s, sync=0.186 s, total=0.280 s; sync files=449, longest=0.129 s, average=0.001 s; distance=73295 kB, estimate=494225 kB; lsn=0/89840610, redo lsn=0/898405B8
2024-07-31 18:04:54.194 BST [2029768] LOG:  received fast shutdown request
2024-07-31 18:04:54.199 BST [2029768] LOG:  aborting any active transactions
2024-07-31 18:04:54.200 BST [2029768] LOG:  background worker "logical replication launcher" (PID 2029774) exited with exit code 1
2024-07-31 18:04:54.200 BST [2029769] LOG:  shutting down
2024-07-31 18:04:54.204 BST [2029769] LOG:  checkpoint starting: shutdown immediate
2024-07-31 18:04:54.234 BST [2029769] LOG:  checkpoint complete: wrote 95 buffers (0.1%); 0 WAL file(s) added, 0 removed, 0 recycled; write=0.009 s, sync=0.005 s, total=0.035 s; sync files=10, longest=0.005 s, average=0.001 s; distance=355 kB, estimate=444838 kB; lsn=0/89899478, redo lsn=0/89899478
2024-07-31 18:04:54.301 BST [2029768] LOG:  database system is shut down
