2024-08-01 01:23:37.525 BST [12123] LOG:  starting PostgreSQL 18devel on armv8l-unknown-linux-gnueabihf, compiled by gcc (Raspbian 12.2.0-14+rpi1) 12.2.0, 32-bit
2024-08-01 01:23:37.525 BST [12123] LOG:  listening on IPv6 address "::1", port 5432
2024-08-01 01:23:37.525 BST [12123] LOG:  listening on IPv4 address "127.0.0.1", port 5432
2024-08-01 01:23:37.545 BST [12123] LOG:  listening on Unix socket "/tmp/.s.PGSQL.5432"
2024-08-01 01:23:37.549 BST [12126] LOG:  database system was shut down at 2024-08-01 01:23:34 BST
2024-08-01 01:23:37.556 BST [12123] LOG:  database system is ready to accept connections
2024-08-01 01:23:51.090 BST [12124] LOG:  checkpoints are occurring too frequently (14 seconds apart)
2024-08-01 01:23:51.090 BST [12124] HINT:  Consider increasing the configuration parameter "max_wal_size".
2024-08-01 01:23:51.090 BST [12124] LOG:  checkpoint starting: wal
2024-08-01 01:24:43.127 BST [12124] LOG:  checkpoint complete: wrote 60435 buffers (46.1%); 0 WAL file(s) added, 0 removed, 33 recycled; write=50.069 s, sync=1.764 s, total=52.037 s; sync files=787, longest=0.165 s, average=0.003 s; distance=537502 kB, estimate=537502 kB; lsn=0/40CC1940, redo lsn=0/221CD788
2024-08-01 01:24:46.787 BST [12124] LOG:  checkpoint starting: wal
2024-08-01 01:24:50.071 BST [12124] LOG:  checkpoint complete: wrote 29 buffers (0.0%); 0 WAL file(s) added, 0 removed, 33 recycled; write=2.835 s, sync=0.303 s, total=3.284 s; sync files=30, longest=0.027 s, average=0.011 s; distance=539514 kB, estimate=539514 kB; lsn=0/448AF930, redo lsn=0/430AC280
2024-08-01 01:25:01.485 BST [12124] LOG:  checkpoints are occurring too frequently (15 seconds apart)
2024-08-01 01:25:01.485 BST [12124] HINT:  Consider increasing the configuration parameter "max_wal_size".
2024-08-01 01:25:01.485 BST [12124] LOG:  checkpoint starting: wal
2024-08-01 01:25:07.319 BST [12124] LOG:  checkpoint complete: wrote 45 buffers (0.0%); 0 WAL file(s) added, 0 removed, 33 recycled; write=4.490 s, sync=1.180 s, total=5.835 s; sync files=40, longest=1.072 s, average=0.030 s; distance=541076 kB, estimate=541076 kB; lsn=0/67FF41B8, redo lsn=0/64111488
2024-08-01 01:25:37.619 BST [12321] LOG:  skipping vacuum of "t" --- lock not available
2024-08-01 01:25:53.973 BST [12124] LOG:  checkpoint starting: wal
2024-08-01 01:26:06.537 BST [12124] LOG:  checkpoint complete: wrote 125 buffers (0.1%); 0 WAL file(s) added, 0 removed, 33 recycled; write=10.107 s, sync=2.335 s, total=12.565 s; sync files=876, longest=0.997 s, average=0.003 s; distance=540265 kB, estimate=540995 kB; lsn=0/89840C98, redo lsn=0/850ABAA8
2024-08-01 01:26:06.537 BST [12124] LOG:  checkpoint starting: immediate force wait
2024-08-01 01:26:07.369 BST [12124] LOG:  checkpoint complete: wrote 8167 buffers (6.2%); 0 WAL file(s) added, 0 removed, 4 recycled; write=0.087 s, sync=0.693 s, total=0.833 s; sync files=449, longest=0.090 s, average=0.002 s; distance=73300 kB, estimate=494225 kB; lsn=0/89840D68, redo lsn=0/89840D10
2024-08-01 01:27:20.029 BST [12123] LOG:  received fast shutdown request
2024-08-01 01:27:20.039 BST [12123] LOG:  aborting any active transactions
2024-08-01 01:27:20.041 BST [12123] LOG:  background worker "logical replication launcher" (PID 12129) exited with exit code 1
2024-08-01 01:27:20.042 BST [12124] LOG:  shutting down
2024-08-01 01:27:20.043 BST [12124] LOG:  checkpoint starting: shutdown immediate
2024-08-01 01:27:20.072 BST [12124] LOG:  checkpoint complete: wrote 97 buffers (0.1%); 0 WAL file(s) added, 0 removed, 0 recycled; write=0.010 s, sync=0.013 s, total=0.030 s; sync files=10, longest=0.003 s, average=0.002 s; distance=354 kB, estimate=444838 kB; lsn=0/898997C8, redo lsn=0/898997C8
2024-08-01 01:27:20.307 BST [12123] LOG:  database system is shut down
