2024-07-31 21:27:13.188 CEST [2193575] LOG:  starting PostgreSQL 18devel on x86_64-pc-linux-gnu, compiled by gcc (Debian 12.2.0-14) 12.2.0, 64-bit
2024-07-31 21:27:13.189 CEST [2193575] LOG:  listening on IPv6 address "::1", port 5432
2024-07-31 21:27:13.189 CEST [2193575] LOG:  listening on IPv4 address "127.0.0.1", port 5432
2024-07-31 21:27:13.194 CEST [2193575] LOG:  listening on Unix socket "/tmp/.s.PGSQL.5432"
2024-07-31 21:27:13.196 CEST [2193578] LOG:  database system was shut down at 2024-07-31 21:27:11 CEST
2024-07-31 21:27:13.199 CEST [2193575] LOG:  database system is ready to accept connections
2024-07-31 21:27:25.053 CEST [2193576] LOG:  checkpoints are occurring too frequently (12 seconds apart)
2024-07-31 21:27:25.053 CEST [2193576] HINT:  Consider increasing the configuration parameter "max_wal_size".
2024-07-31 21:27:25.053 CEST [2193576] LOG:  checkpoint starting: wal
2024-07-31 21:27:37.934 CEST [2193576] LOG:  checkpoint complete: wrote 6830 buffers (2.6%); 0 WAL file(s) added, 3 removed, 30 recycled; write=11.430 s, sync=1.381 s, total=12.881 s; sync files=804, longest=0.020 s, average=0.002 s; distance=537539 kB, estimate=537539 kB; lsn=0/43756CB0, redo lsn=0/221DC058
2024-07-31 21:27:37.935 CEST [2193576] LOG:  checkpoints are occurring too frequently (12 seconds apart)
2024-07-31 21:27:37.935 CEST [2193576] HINT:  Consider increasing the configuration parameter "max_wal_size".
2024-07-31 21:27:37.935 CEST [2193576] LOG:  checkpoint starting: wal
2024-07-31 21:27:43.458 CEST [2193576] LOG:  checkpoint complete: wrote 50 buffers (0.0%); 0 WAL file(s) added, 0 removed, 33 recycled; write=4.923 s, sync=0.568 s, total=5.524 s; sync files=160, longest=0.076 s, average=0.004 s; distance=547673 kB, estimate=547673 kB; lsn=0/5282AFE8, redo lsn=0/438B2758
2024-07-31 21:27:49.811 CEST [2193576] LOG:  checkpoints are occurring too frequently (12 seconds apart)
2024-07-31 21:27:49.811 CEST [2193576] HINT:  Consider increasing the configuration parameter "max_wal_size".
2024-07-31 21:27:49.811 CEST [2193576] LOG:  checkpoint starting: wal
2024-07-31 21:27:55.723 CEST [2193576] LOG:  checkpoint complete: wrote 50 buffers (0.0%); 0 WAL file(s) added, 0 removed, 33 recycled; write=4.924 s, sync=0.942 s, total=5.912 s; sync files=284, longest=0.012 s, average=0.004 s; distance=532981 kB, estimate=546204 kB; lsn=0/74342980, redo lsn=0/6412FCA0
2024-07-31 21:27:59.560 CEST [2193576] LOG:  checkpoint starting: immediate force wait
2024-07-31 21:27:59.932 CEST [2193576] LOG:  checkpoint complete: wrote 188 buffers (0.1%); 0 WAL file(s) added, 0 removed, 26 recycled; write=0.009 s, sync=0.331 s, total=0.372 s; sync files=132, longest=0.010 s, average=0.003 s; distance=425836 kB, estimate=534167 kB; lsn=0/7E10AFB0, redo lsn=0/7E10AF58
2024-07-31 21:29:10.154 CEST [2193575] LOG:  received fast shutdown request
2024-07-31 21:29:10.154 CEST [2193575] LOG:  aborting any active transactions
2024-07-31 21:29:10.155 CEST [2193575] LOG:  background worker "logical replication launcher" (PID 2193581) exited with exit code 1
2024-07-31 21:29:10.157 CEST [2193576] LOG:  shutting down
2024-07-31 21:29:10.158 CEST [2193576] LOG:  checkpoint starting: shutdown immediate
2024-07-31 21:29:10.165 CEST [2193576] LOG:  checkpoint complete: wrote 53 buffers (0.0%); 0 WAL file(s) added, 0 removed, 0 recycled; write=0.005 s, sync=0.002 s, total=0.008 s; sync files=12, longest=0.001 s, average=0.001 s; distance=294 kB, estimate=480780 kB; lsn=0/7E154848, redo lsn=0/7E154848
2024-07-31 21:29:10.380 CEST [2193575] LOG:  database system is shut down
