2024-08-01 11:23:27.777 CEST [836288] LOG:  starting PostgreSQL 18devel on x86_64-pc-linux-gnu, compiled by gcc (Debian 12.2.0-14) 12.2.0, 64-bit
2024-08-01 11:23:27.777 CEST [836288] LOG:  listening on IPv6 address "::1", port 5432
2024-08-01 11:23:27.777 CEST [836288] LOG:  listening on IPv4 address "127.0.0.1", port 5432
2024-08-01 11:23:27.795 CEST [836288] LOG:  listening on Unix socket "/tmp/.s.PGSQL.5432"
2024-08-01 11:23:27.798 CEST [836291] LOG:  database system was shut down at 2024-08-01 11:23:26 CEST
2024-08-01 11:23:27.801 CEST [836288] LOG:  database system is ready to accept connections
2024-08-01 11:23:38.859 CEST [836289] LOG:  checkpoints are occurring too frequently (11 seconds apart)
2024-08-01 11:23:38.859 CEST [836289] HINT:  Consider increasing the configuration parameter "max_wal_size".
2024-08-01 11:23:38.859 CEST [836289] LOG:  checkpoint starting: wal
2024-08-01 11:23:51.199 CEST [836289] LOG:  checkpoint complete: wrote 6830 buffers (2.6%); 0 WAL file(s) added, 5 removed, 28 recycled; write=10.402 s, sync=1.860 s, total=12.341 s; sync files=804, longest=0.018 s, average=0.003 s; distance=537539 kB, estimate=537539 kB; lsn=0/450C79F8, redo lsn=0/221DC058
2024-08-01 11:23:51.200 CEST [836289] LOG:  checkpoints are occurring too frequently (13 seconds apart)
2024-08-01 11:23:51.200 CEST [836289] HINT:  Consider increasing the configuration parameter "max_wal_size".
2024-08-01 11:23:51.200 CEST [836289] LOG:  checkpoint starting: wal
2024-08-01 11:23:56.856 CEST [836289] LOG:  checkpoint complete: wrote 51 buffers (0.0%); 0 WAL file(s) added, 0 removed, 35 recycled; write=5.018 s, sync=0.604 s, total=5.657 s; sync files=191, longest=0.013 s, average=0.004 s; distance=574088 kB, estimate=574088 kB; lsn=0/56BD3580, redo lsn=0/4527E3F8
2024-08-01 11:24:01.727 CEST [836289] LOG:  checkpoints are occurring too frequently (10 seconds apart)
2024-08-01 11:24:01.727 CEST [836289] HINT:  Consider increasing the configuration parameter "max_wal_size".
2024-08-01 11:24:01.727 CEST [836289] LOG:  checkpoint starting: wal
2024-08-01 11:24:07.514 CEST [836289] LOG:  checkpoint complete: wrote 49 buffers (0.0%); 0 WAL file(s) added, 0 removed, 33 recycled; write=4.817 s, sync=0.925 s, total=5.787 s; sync files=284, longest=0.014 s, average=0.004 s; distance=538338 kB, estimate=570513 kB; lsn=0/784DB790, redo lsn=0/66036E90
2024-08-01 11:24:09.748 CEST [836289] LOG:  checkpoint starting: immediate force wait
2024-08-01 11:24:10.021 CEST [836289] LOG:  checkpoint complete: wrote 188 buffers (0.1%); 0 WAL file(s) added, 0 removed, 24 recycled; write=0.009 s, sync=0.229 s, total=0.274 s; sync files=100, longest=0.004 s, average=0.003 s; distance=394070 kB, estimate=552869 kB; lsn=0/7E10C760, redo lsn=0/7E10C708
2024-08-01 11:25:20.254 CEST [836288] LOG:  received fast shutdown request
2024-08-01 11:25:20.255 CEST [836288] LOG:  aborting any active transactions
2024-08-01 11:25:20.255 CEST [836288] LOG:  background worker "logical replication launcher" (PID 836294) exited with exit code 1
2024-08-01 11:25:20.257 CEST [836289] LOG:  shutting down
2024-08-01 11:25:20.257 CEST [836289] LOG:  checkpoint starting: shutdown immediate
2024-08-01 11:25:20.268 CEST [836289] LOG:  checkpoint complete: wrote 53 buffers (0.0%); 0 WAL file(s) added, 0 removed, 0 recycled; write=0.005 s, sync=0.004 s, total=0.012 s; sync files=12, longest=0.002 s, average=0.001 s; distance=294 kB, estimate=497611 kB; lsn=0/7E155FE0, redo lsn=0/7E155FE0
2024-08-01 11:25:20.432 CEST [836288] LOG:  database system is shut down
