2024-08-01 00:48:37.636 BST [27400] LOG:  starting PostgreSQL 18devel on armv8l-unknown-linux-gnueabihf, compiled by gcc (Raspbian 12.2.0-14+rpi1) 12.2.0, 32-bit
2024-08-01 00:48:37.636 BST [27400] LOG:  listening on IPv6 address "::1", port 5432
2024-08-01 00:48:37.636 BST [27400] LOG:  listening on IPv4 address "127.0.0.1", port 5432
2024-08-01 00:48:37.653 BST [27400] LOG:  listening on Unix socket "/tmp/.s.PGSQL.5432"
2024-08-01 00:48:37.657 BST [27403] LOG:  database system was shut down at 2024-08-01 00:48:34 BST
2024-08-01 00:48:37.664 BST [27400] LOG:  database system is ready to accept connections
2024-08-01 00:48:51.243 BST [27401] LOG:  checkpoints are occurring too frequently (14 seconds apart)
2024-08-01 00:48:51.243 BST [27401] HINT:  Consider increasing the configuration parameter "max_wal_size".
2024-08-01 00:48:51.243 BST [27401] LOG:  checkpoint starting: wal
2024-08-01 00:49:43.078 BST [27401] LOG:  checkpoint complete: wrote 60435 buffers (46.1%); 0 WAL file(s) added, 0 removed, 33 recycled; write=50.349 s, sync=1.285 s, total=51.835 s; sync files=787, longest=0.064 s, average=0.002 s; distance=537502 kB, estimate=537502 kB; lsn=0/406C5198, redo lsn=0/221CD788
2024-08-01 00:49:47.158 BST [27401] LOG:  checkpoint starting: wal
2024-08-01 00:49:50.423 BST [27401] LOG:  checkpoint complete: wrote 29 buffers (0.0%); 0 WAL file(s) added, 0 removed, 33 recycled; write=2.830 s, sync=0.295 s, total=3.265 s; sync files=30, longest=0.024 s, average=0.010 s; distance=539514 kB, estimate=539514 kB; lsn=0/448AF930, redo lsn=0/430AC280
2024-08-01 00:50:01.879 BST [27401] LOG:  checkpoints are occurring too frequently (14 seconds apart)
2024-08-01 00:50:01.879 BST [27401] HINT:  Consider increasing the configuration parameter "max_wal_size".
2024-08-01 00:50:01.879 BST [27401] LOG:  checkpoint starting: wal
2024-08-01 00:50:07.786 BST [27401] LOG:  checkpoint complete: wrote 45 buffers (0.0%); 0 WAL file(s) added, 0 removed, 33 recycled; write=4.482 s, sync=1.221 s, total=5.907 s; sync files=40, longest=1.072 s, average=0.031 s; distance=541076 kB, estimate=541076 kB; lsn=0/682EFC58, redo lsn=0/64111488
2024-08-01 00:50:37.748 BST [27596] LOG:  skipping vacuum of "t" --- lock not available
2024-08-01 00:50:54.821 BST [27401] LOG:  checkpoint starting: wal
2024-08-01 00:51:07.527 BST [27401] LOG:  checkpoint complete: wrote 125 buffers (0.1%); 0 WAL file(s) added, 0 removed, 33 recycled; write=9.899 s, sync=2.687 s, total=12.706 s; sync files=875, longest=0.999 s, average=0.004 s; distance=540265 kB, estimate=540995 kB; lsn=0/8983E088, redo lsn=0/850ABA70
2024-08-01 00:51:07.527 BST [27401] LOG:  checkpoint starting: immediate force wait
2024-08-01 00:51:08.372 BST [27401] LOG:  checkpoint complete: wrote 8165 buffers (6.2%); 0 WAL file(s) added, 0 removed, 4 recycled; write=0.081 s, sync=0.696 s, total=0.845 s; sync files=449, longest=0.098 s, average=0.002 s; distance=73289 kB, estimate=494224 kB; lsn=0/8983E158, redo lsn=0/8983E100
2024-08-01 00:52:21.129 BST [27400] LOG:  received fast shutdown request
2024-08-01 00:52:21.131 BST [27400] LOG:  aborting any active transactions
2024-08-01 00:52:21.131 BST [27400] LOG:  background worker "logical replication launcher" (PID 27406) exited with exit code 1
2024-08-01 00:52:21.133 BST [27401] LOG:  shutting down
2024-08-01 00:52:21.134 BST [27401] LOG:  checkpoint starting: shutdown immediate
2024-08-01 00:52:21.163 BST [27401] LOG:  checkpoint complete: wrote 95 buffers (0.1%); 0 WAL file(s) added, 0 removed, 0 recycled; write=0.010 s, sync=0.014 s, total=0.031 s; sync files=10, longest=0.004 s, average=0.002 s; distance=354 kB, estimate=444837 kB; lsn=0/89896B38, redo lsn=0/89896B38
2024-08-01 00:52:21.390 BST [27400] LOG:  database system is shut down
