2024-08-01 12:33:47.360 BST [354] LOG:  starting PostgreSQL 18devel on armv8l-unknown-linux-gnueabihf, compiled by gcc (Raspbian 12.2.0-14+rpi1) 12.2.0, 32-bit
2024-08-01 12:33:47.363 BST [354] LOG:  listening on IPv6 address "::1", port 5432
2024-08-01 12:33:47.363 BST [354] LOG:  listening on IPv4 address "127.0.0.1", port 5432
2024-08-01 12:33:47.378 BST [354] LOG:  listening on Unix socket "/tmp/.s.PGSQL.5432"
2024-08-01 12:33:47.381 BST [357] LOG:  database system was shut down at 2024-08-01 12:33:44 BST
2024-08-01 12:33:47.388 BST [354] LOG:  database system is ready to accept connections
2024-08-01 12:34:01.077 BST [355] LOG:  checkpoints are occurring too frequently (14 seconds apart)
2024-08-01 12:34:01.077 BST [355] HINT:  Consider increasing the configuration parameter "max_wal_size".
2024-08-01 12:34:01.078 BST [355] LOG:  checkpoint starting: wal
2024-08-01 12:34:53.374 BST [355] LOG:  checkpoint complete: wrote 60435 buffers (46.1%); 0 WAL file(s) added, 0 removed, 33 recycled; write=50.480 s, sync=1.612 s, total=52.297 s; sync files=787, longest=0.065 s, average=0.003 s; distance=537502 kB, estimate=537502 kB; lsn=0/40CC1940, redo lsn=0/221CD788
2024-08-01 12:34:57.137 BST [355] LOG:  checkpoint starting: wal
2024-08-01 12:35:00.403 BST [355] LOG:  checkpoint complete: wrote 29 buffers (0.0%); 0 WAL file(s) added, 0 removed, 33 recycled; write=2.837 s, sync=0.281 s, total=3.267 s; sync files=30, longest=0.023 s, average=0.010 s; distance=539514 kB, estimate=539514 kB; lsn=0/448AF930, redo lsn=0/430AC280
2024-08-01 12:35:11.882 BST [355] LOG:  checkpoints are occurring too frequently (14 seconds apart)
2024-08-01 12:35:11.882 BST [355] HINT:  Consider increasing the configuration parameter "max_wal_size".
2024-08-01 12:35:11.882 BST [355] LOG:  checkpoint starting: wal
2024-08-01 12:35:17.918 BST [355] LOG:  checkpoint complete: wrote 45 buffers (0.0%); 0 WAL file(s) added, 0 removed, 33 recycled; write=4.692 s, sync=1.164 s, total=6.036 s; sync files=39, longest=1.070 s, average=0.030 s; distance=541076 kB, estimate=541076 kB; lsn=0/67CF3878, redo lsn=0/64111488
2024-08-01 12:35:47.468 BST [572] LOG:  skipping vacuum of "t" --- lock not available
2024-08-01 12:36:06.518 BST [355] LOG:  checkpoint starting: wal
2024-08-01 12:36:18.934 BST [355] LOG:  checkpoint complete: wrote 125 buffers (0.1%); 0 WAL file(s) added, 0 removed, 33 recycled; write=9.866 s, sync=2.432 s, total=12.417 s; sync files=876, longest=1.009 s, average=0.003 s; distance=540265 kB, estimate=540995 kB; lsn=0/8983D9C8, redo lsn=0/850ABA08
2024-08-01 12:36:18.934 BST [355] LOG:  checkpoint starting: immediate force wait
2024-08-01 12:36:19.762 BST [355] LOG:  checkpoint complete: wrote 8165 buffers (6.2%); 0 WAL file(s) added, 0 removed, 4 recycled; write=0.100 s, sync=0.676 s, total=0.828 s; sync files=449, longest=0.077 s, average=0.002 s; distance=73288 kB, estimate=494224 kB; lsn=0/8983DA98, redo lsn=0/8983DA40
2024-08-01 12:37:32.754 BST [354] LOG:  received fast shutdown request
2024-08-01 12:37:32.755 BST [354] LOG:  aborting any active transactions
2024-08-01 12:37:32.756 BST [354] LOG:  background worker "logical replication launcher" (PID 360) exited with exit code 1
2024-08-01 12:37:32.758 BST [355] LOG:  shutting down
2024-08-01 12:37:32.759 BST [355] LOG:  checkpoint starting: shutdown immediate
2024-08-01 12:37:32.788 BST [355] LOG:  checkpoint complete: wrote 96 buffers (0.1%); 0 WAL file(s) added, 0 removed, 0 recycled; write=0.011 s, sync=0.012 s, total=0.031 s; sync files=10, longest=0.002 s, average=0.002 s; distance=356 kB, estimate=444837 kB; lsn=0/89896BA0, redo lsn=0/89896BA0
2024-08-01 12:37:33.017 BST [354] LOG:  database system is shut down
