BINDIR = /mnt/data/builds/no-0-32768-1000/bin
DOCDIR = /mnt/data/builds/no-0-32768-1000/share/doc/postgresql
HTMLDIR = /mnt/data/builds/no-0-32768-1000/share/doc/postgresql
INCLUDEDIR = /mnt/data/builds/no-0-32768-1000/include
PKGINCLUDEDIR = /mnt/data/builds/no-0-32768-1000/include/postgresql
INCLUDEDIR-SERVER = /mnt/data/builds/no-0-32768-1000/include/postgresql/server
LIBDIR = /mnt/data/builds/no-0-32768-1000/lib
PKGLIBDIR = /mnt/data/builds/no-0-32768-1000/lib/postgresql
LOCALEDIR = /mnt/data/builds/no-0-32768-1000/share/locale
MANDIR = /mnt/data/builds/no-0-32768-1000/share/man
SHAREDIR = /mnt/data/builds/no-0-32768-1000/share/postgresql
SYSCONFDIR = /mnt/data/builds/no-0-32768-1000/etc/postgresql
PGXS = /mnt/data/builds/no-0-32768-1000/lib/postgresql/pgxs/src/makefiles/pgxs.mk
CONFIGURE =  '--prefix=/mnt/data/builds/no-0-32768-1000' '--enable-debug' '--enable-depend' 'CC=ccache gcc'
CC = ccache gcc
CPPFLAGS = -D_GNU_SOURCE
CFLAGS = -Wall -Wmissing-prototypes -Wpointer-arith -Wdeclaration-after-statement -Werror=vla -Wendif-labels -Wmissing-format-attribute -Wimplicit-fallthrough=3 -Wcast-function-type -Wshadow=compatible-local -Wformat-security -fno-strict-aliasing -fwrapv -fexcess-precision=standard -Wno-format-truncation -Wno-stringop-truncation -g -O2
CFLAGS_SL = -fPIC
LDFLAGS = -Wl,--as-needed -Wl,-rpath,'/mnt/data/builds/no-0-32768-1000/lib',--enable-new-dtags
LDFLAGS_EX = 
LDFLAGS_SL = 
LIBS = -lpgcommon -lpgport -lz -lreadline -lm 
VERSION = PostgreSQL 18devel
CREATE TABLE t (a INT) PARTITION BY HASH (a)
CREATE TABLE
CREATE TABLE t_0 PARTITION OF t FOR VALUES WITH (modulus 1000, remainder 0)
CREATE TABLE
CREATE TABLE t_1 PARTITION OF t FOR VALUES WITH (modulus 1000, remainder 1)
CREATE TABLE
CREATE TABLE t_2 PARTITION OF t FOR VALUES WITH (modulus 1000, remainder 2)
CREATE TABLE
CREATE TABLE t_3 PARTITION OF t FOR VALUES WITH (modulus 1000, remainder 3)
CREATE TABLE
CREATE TABLE t_4 PARTITION OF t FOR VALUES WITH (modulus 1000, remainder 4)
CREATE TABLE
CREATE TABLE t_5 PARTITION OF t FOR VALUES WITH (modulus 1000, remainder 5)
CREATE TABLE
CREATE TABLE t_6 PARTITION OF t FOR VALUES WITH (modulus 1000, remainder 6)
CREATE TABLE
CREATE TABLE t_7 PARTITION OF t FOR VALUES WITH (modulus 1000, remainder 7)
CREATE TABLE
CREATE TABLE t_8 PARTITION OF t FOR VALUES WITH (modulus 1000, remainder 8)
CREATE TABLE
CREATE TABLE t_9 PARTITION OF t FOR VALUES WITH (modulus 1000, remainder 9)
CREATE TABLE
CREATE TABLE t_10 PARTITION OF t FOR VALUES WITH (modulus 1000, remainder 10)
CREATE TABLE
CREATE TABLE t_11 PARTITION OF t FOR VALUES WITH (modulus 1000, remainder 11)
CREATE TABLE
CREATE TABLE t_12 PARTITION OF t FOR VALUES WITH (modulus 1000, remainder 12)
CREATE TABLE
CREATE TABLE t_13 PARTITION OF t FOR VALUES WITH (modulus 1000, remainder 13)
CREATE TABLE
CREATE TABLE t_14 PARTITION OF t FOR VALUES WITH (modulus 1000, remainder 14)
CREATE TABLE
CREATE TABLE t_15 PARTITION OF t FOR VALUES WITH (modulus 1000, remainder 15)
CREATE TABLE
CREATE TABLE t_16 PARTITION OF t FOR VALUES WITH (modulus 1000, remainder 16)
CREATE TABLE
CREATE TABLE t_17 PARTITION OF t FOR VALUES WITH (modulus 1000, remainder 17)
CREATE TABLE
CREATE TABLE t_18 PARTITION OF t FOR VALUES WITH (modulus 1000, remainder 18)
CREATE TABLE
CREATE TABLE t_19 PARTITION OF t FOR VALUES WITH (modulus 1000, remainder 19)
CREATE TABLE
CREATE TABLE t_20 PARTITION OF t FOR VALUES WITH (modulus 1000, remainder 20)
CREATE TABLE
CREATE TABLE t_21 PARTITION OF t FOR VALUES WITH (modulus 1000, remainder 21)
CREATE TABLE
CREATE TABLE t_22 PARTITION OF t FOR VALUES WITH (modulus 1000, remainder 22)
CREATE TABLE
CREATE TABLE t_23 PARTITION OF t FOR VALUES WITH (modulus 1000, remainder 23)
CREATE TABLE
CREATE TABLE t_24 PARTITION OF t FOR VALUES WITH (modulus 1000, remainder 24)
CREATE TABLE
CREATE TABLE t_25 PARTITION OF t FOR VALUES WITH (modulus 1000, remainder 25)
CREATE TABLE
CREATE TABLE t_26 PARTITION OF t FOR VALUES WITH (modulus 1000, remainder 26)
CREATE TABLE
CREATE TABLE t_27 PARTITION OF t FOR VALUES WITH (modulus 1000, remainder 27)
CREATE TABLE
CREATE TABLE t_28 PARTITION OF t FOR VALUES WITH (modulus 1000, remainder 28)
CREATE TABLE
CREATE TABLE t_29 PARTITION OF t FOR VALUES WITH (modulus 1000, remainder 29)
CREATE TABLE
CREATE TABLE t_30 PARTITION OF t FOR VALUES WITH (modulus 1000, remainder 30)
CREATE TABLE
CREATE TABLE t_31 PARTITION OF t FOR VALUES WITH (modulus 1000, remainder 31)
CREATE TABLE
CREATE TABLE t_32 PARTITION OF t FOR VALUES WITH (modulus 1000, remainder 32)
CREATE TABLE
CREATE TABLE t_33 PARTITION OF t FOR VALUES WITH (modulus 1000, remainder 33)
CREATE TABLE
CREATE TABLE t_34 PARTITION OF t FOR VALUES WITH (modulus 1000, remainder 34)
CREATE TABLE
CREATE TABLE t_35 PARTITION OF t FOR VALUES WITH (modulus 1000, remainder 35)
CREATE TABLE
CREATE TABLE t_36 PARTITION OF t FOR VALUES WITH (modulus 1000, remainder 36)
CREATE TABLE
CREATE TABLE t_37 PARTITION OF t FOR VALUES WITH (modulus 1000, remainder 37)
CREATE TABLE
CREATE TABLE t_38 PARTITION OF t FOR VALUES WITH (modulus 1000, remainder 38)
CREATE TABLE
CREATE TABLE t_39 PARTITION OF t FOR VALUES WITH (modulus 1000, remainder 39)
CREATE TABLE
CREATE TABLE t_40 PARTITION OF t FOR VALUES WITH (modulus 1000, remainder 40)
CREATE TABLE
CREATE TABLE t_41 PARTITION OF t FOR VALUES WITH (modulus 1000, remainder 41)
CREATE TABLE
CREATE TABLE t_42 PARTITION OF t FOR VALUES WITH (modulus 1000, remainder 42)
CREATE TABLE
CREATE TABLE t_43 PARTITION OF t FOR VALUES WITH (modulus 1000, remainder 43)
CREATE TABLE
CREATE TABLE t_44 PARTITION OF t FOR VALUES WITH (modulus 1000, remainder 44)
CREATE TABLE
CREATE TABLE t_45 PARTITION OF t FOR VALUES WITH (modulus 1000, remainder 45)
CREATE TABLE
CREATE TABLE t_46 PARTITION OF t FOR VALUES WITH (modulus 1000, remainder 46)
CREATE TABLE
CREATE TABLE t_47 PARTITION OF t FOR VALUES WITH (modulus 1000, remainder 47)
CREATE TABLE
CREATE TABLE t_48 PARTITION OF t FOR VALUES WITH (modulus 1000, remainder 48)
CREATE TABLE
CREATE TABLE t_49 PARTITION OF t FOR VALUES WITH (modulus 1000, remainder 49)
CREATE TABLE
CREATE TABLE t_50 PARTITION OF t FOR VALUES WITH (modulus 1000, remainder 50)
CREATE TABLE
CREATE TABLE t_51 PARTITION OF t FOR VALUES WITH (modulus 1000, remainder 51)
CREATE TABLE
CREATE TABLE t_52 PARTITION OF t FOR VALUES WITH (modulus 1000, remainder 52)
CREATE TABLE
CREATE TABLE t_53 PARTITION OF t FOR VALUES WITH (modulus 1000, remainder 53)
CREATE TABLE
CREATE TABLE t_54 PARTITION OF t FOR VALUES WITH (modulus 1000, remainder 54)
CREATE TABLE
CREATE TABLE t_55 PARTITION OF t FOR VALUES WITH (modulus 1000, remainder 55)
CREATE TABLE
CREATE TABLE t_56 PARTITION OF t FOR VALUES WITH (modulus 1000, remainder 56)
CREATE TABLE
CREATE TABLE t_57 PARTITION OF t FOR VALUES WITH (modulus 1000, remainder 57)
CREATE TABLE
CREATE TABLE t_58 PARTITION OF t FOR VALUES WITH (modulus 1000, remainder 58)
CREATE TABLE
CREATE TABLE t_59 PARTITION OF t FOR VALUES WITH (modulus 1000, remainder 59)
CREATE TABLE
CREATE TABLE t_60 PARTITION OF t FOR VALUES WITH (modulus 1000, remainder 60)
CREATE TABLE
CREATE TABLE t_61 PARTITION OF t FOR VALUES WITH (modulus 1000, remainder 61)
CREATE TABLE
CREATE TABLE t_62 PARTITION OF t FOR VALUES WITH (modulus 1000, remainder 62)
CREATE TABLE
CREATE TABLE t_63 PARTITION OF t FOR VALUES WITH (modulus 1000, remainder 63)
CREATE TABLE
CREATE TABLE t_64 PARTITION OF t FOR VALUES WITH (modulus 1000, remainder 64)
CREATE TABLE
CREATE TABLE t_65 PARTITION OF t FOR VALUES WITH (modulus 1000, remainder 65)
CREATE TABLE
CREATE TABLE t_66 PARTITION OF t FOR VALUES WITH (modulus 1000, remainder 66)
CREATE TABLE
CREATE TABLE t_67 PARTITION OF t FOR VALUES WITH (modulus 1000, remainder 67)
CREATE TABLE
CREATE TABLE t_68 PARTITION OF t FOR VALUES WITH (modulus 1000, remainder 68)
CREATE TABLE
CREATE TABLE t_69 PARTITION OF t FOR VALUES WITH (modulus 1000, remainder 69)
CREATE TABLE
CREATE TABLE t_70 PARTITION OF t FOR VALUES WITH (modulus 1000, remainder 70)
CREATE TABLE
CREATE TABLE t_71 PARTITION OF t FOR VALUES WITH (modulus 1000, remainder 71)
CREATE TABLE
CREATE TABLE t_72 PARTITION OF t FOR VALUES WITH (modulus 1000, remainder 72)
CREATE TABLE
CREATE TABLE t_73 PARTITION OF t FOR VALUES WITH (modulus 1000, remainder 73)
CREATE TABLE
CREATE TABLE t_74 PARTITION OF t FOR VALUES WITH (modulus 1000, remainder 74)
CREATE TABLE
CREATE TABLE t_75 PARTITION OF t FOR VALUES WITH (modulus 1000, remainder 75)
CREATE TABLE
CREATE TABLE t_76 PARTITION OF t FOR VALUES WITH (modulus 1000, remainder 76)
CREATE TABLE
CREATE TABLE t_77 PARTITION OF t FOR VALUES WITH (modulus 1000, remainder 77)
CREATE TABLE
CREATE TABLE t_78 PARTITION OF t FOR VALUES WITH (modulus 1000, remainder 78)
CREATE TABLE
CREATE TABLE t_79 PARTITION OF t FOR VALUES WITH (modulus 1000, remainder 79)
CREATE TABLE
CREATE TABLE t_80 PARTITION OF t FOR VALUES WITH (modulus 1000, remainder 80)
CREATE TABLE
CREATE TABLE t_81 PARTITION OF t FOR VALUES WITH (modulus 1000, remainder 81)
CREATE TABLE
CREATE TABLE t_82 PARTITION OF t FOR VALUES WITH (modulus 1000, remainder 82)
CREATE TABLE
CREATE TABLE t_83 PARTITION OF t FOR VALUES WITH (modulus 1000, remainder 83)
CREATE TABLE
CREATE TABLE t_84 PARTITION OF t FOR VALUES WITH (modulus 1000, remainder 84)
CREATE TABLE
CREATE TABLE t_85 PARTITION OF t FOR VALUES WITH (modulus 1000, remainder 85)
CREATE TABLE
CREATE TABLE t_86 PARTITION OF t FOR VALUES WITH (modulus 1000, remainder 86)
CREATE TABLE
CREATE TABLE t_87 PARTITION OF t FOR VALUES WITH (modulus 1000, remainder 87)
CREATE TABLE
CREATE TABLE t_88 PARTITION OF t FOR VALUES WITH (modulus 1000, remainder 88)
CREATE TABLE
CREATE TABLE t_89 PARTITION OF t FOR VALUES WITH (modulus 1000, remainder 89)
CREATE TABLE
CREATE TABLE t_90 PARTITION OF t FOR VALUES WITH (modulus 1000, remainder 90)
CREATE TABLE
CREATE TABLE t_91 PARTITION OF t FOR VALUES WITH (modulus 1000, remainder 91)
CREATE TABLE
CREATE TABLE t_92 PARTITION OF t FOR VALUES WITH (modulus 1000, remainder 92)
CREATE TABLE
CREATE TABLE t_93 PARTITION OF t FOR VALUES WITH (modulus 1000, remainder 93)
CREATE TABLE
CREATE TABLE t_94 PARTITION OF t FOR VALUES WITH (modulus 1000, remainder 94)
CREATE TABLE
CREATE TABLE t_95 PARTITION OF t FOR VALUES WITH (modulus 1000, remainder 95)
CREATE TABLE
CREATE TABLE t_96 PARTITION OF t FOR VALUES WITH (modulus 1000, remainder 96)
CREATE TABLE
CREATE TABLE t_97 PARTITION OF t FOR VALUES WITH (modulus 1000, remainder 97)
CREATE TABLE
CREATE TABLE t_98 PARTITION OF t FOR VALUES WITH (modulus 1000, remainder 98)
CREATE TABLE
CREATE TABLE t_99 PARTITION OF t FOR VALUES WITH (modulus 1000, remainder 99)
CREATE TABLE
CREATE TABLE t_100 PARTITION OF t FOR VALUES WITH (modulus 1000, remainder 100)
CREATE TABLE
CREATE TABLE t_101 PARTITION OF t FOR VALUES WITH (modulus 1000, remainder 101)
CREATE TABLE
CREATE TABLE t_102 PARTITION OF t FOR VALUES WITH (modulus 1000, remainder 102)
CREATE TABLE
CREATE TABLE t_103 PARTITION OF t FOR VALUES WITH (modulus 1000, remainder 103)
CREATE TABLE
CREATE TABLE t_104 PARTITION OF t FOR VALUES WITH (modulus 1000, remainder 104)
CREATE TABLE
CREATE TABLE t_105 PARTITION OF t FOR VALUES WITH (modulus 1000, remainder 105)
CREATE TABLE
CREATE TABLE t_106 PARTITION OF t FOR VALUES WITH (modulus 1000, remainder 106)
CREATE TABLE
CREATE TABLE t_107 PARTITION OF t FOR VALUES WITH (modulus 1000, remainder 107)
CREATE TABLE
CREATE TABLE t_108 PARTITION OF t FOR VALUES WITH (modulus 1000, remainder 108)
CREATE TABLE
CREATE TABLE t_109 PARTITION OF t FOR VALUES WITH (modulus 1000, remainder 109)
CREATE TABLE
CREATE TABLE t_110 PARTITION OF t FOR VALUES WITH (modulus 1000, remainder 110)
CREATE TABLE
CREATE TABLE t_111 PARTITION OF t FOR VALUES WITH (modulus 1000, remainder 111)
CREATE TABLE
CREATE TABLE t_112 PARTITION OF t FOR VALUES WITH (modulus 1000, remainder 112)
CREATE TABLE
CREATE TABLE t_113 PARTITION OF t FOR VALUES WITH (modulus 1000, remainder 113)
CREATE TABLE
CREATE TABLE t_114 PARTITION OF t FOR VALUES WITH (modulus 1000, remainder 114)
CREATE TABLE
CREATE TABLE t_115 PARTITION OF t FOR VALUES WITH (modulus 1000, remainder 115)
CREATE TABLE
CREATE TABLE t_116 PARTITION OF t FOR VALUES WITH (modulus 1000, remainder 116)
CREATE TABLE
CREATE TABLE t_117 PARTITION OF t FOR VALUES WITH (modulus 1000, remainder 117)
CREATE TABLE
CREATE TABLE t_118 PARTITION OF t FOR VALUES WITH (modulus 1000, remainder 118)
CREATE TABLE
CREATE TABLE t_119 PARTITION OF t FOR VALUES WITH (modulus 1000, remainder 119)
CREATE TABLE
CREATE TABLE t_120 PARTITION OF t FOR VALUES WITH (modulus 1000, remainder 120)
CREATE TABLE
CREATE TABLE t_121 PARTITION OF t FOR VALUES WITH (modulus 1000, remainder 121)
CREATE TABLE
CREATE TABLE t_122 PARTITION OF t FOR VALUES WITH (modulus 1000, remainder 122)
CREATE TABLE
CREATE TABLE t_123 PARTITION OF t FOR VALUES WITH (modulus 1000, remainder 123)
CREATE TABLE
CREATE TABLE t_124 PARTITION OF t FOR VALUES WITH (modulus 1000, remainder 124)
CREATE TABLE
CREATE TABLE t_125 PARTITION OF t FOR VALUES WITH (modulus 1000, remainder 125)
CREATE TABLE
CREATE TABLE t_126 PARTITION OF t FOR VALUES WITH (modulus 1000, remainder 126)
CREATE TABLE
CREATE TABLE t_127 PARTITION OF t FOR VALUES WITH (modulus 1000, remainder 127)
CREATE TABLE
CREATE TABLE t_128 PARTITION OF t FOR VALUES WITH (modulus 1000, remainder 128)
CREATE TABLE
CREATE TABLE t_129 PARTITION OF t FOR VALUES WITH (modulus 1000, remainder 129)
CREATE TABLE
CREATE TABLE t_130 PARTITION OF t FOR VALUES WITH (modulus 1000, remainder 130)
CREATE TABLE
CREATE TABLE t_131 PARTITION OF t FOR VALUES WITH (modulus 1000, remainder 131)
CREATE TABLE
CREATE TABLE t_132 PARTITION OF t FOR VALUES WITH (modulus 1000, remainder 132)
CREATE TABLE
CREATE TABLE t_133 PARTITION OF t FOR VALUES WITH (modulus 1000, remainder 133)
CREATE TABLE
CREATE TABLE t_134 PARTITION OF t FOR VALUES WITH (modulus 1000, remainder 134)
CREATE TABLE
CREATE TABLE t_135 PARTITION OF t FOR VALUES WITH (modulus 1000, remainder 135)
CREATE TABLE
CREATE TABLE t_136 PARTITION OF t FOR VALUES WITH (modulus 1000, remainder 136)
CREATE TABLE
CREATE TABLE t_137 PARTITION OF t FOR VALUES WITH (modulus 1000, remainder 137)
CREATE TABLE
CREATE TABLE t_138 PARTITION OF t FOR VALUES WITH (modulus 1000, remainder 138)
CREATE TABLE
CREATE TABLE t_139 PARTITION OF t FOR VALUES WITH (modulus 1000, remainder 139)
CREATE TABLE
CREATE TABLE t_140 PARTITION OF t FOR VALUES WITH (modulus 1000, remainder 140)
CREATE TABLE
CREATE TABLE t_141 PARTITION OF t FOR VALUES WITH (modulus 1000, remainder 141)
CREATE TABLE
CREATE TABLE t_142 PARTITION OF t FOR VALUES WITH (modulus 1000, remainder 142)
CREATE TABLE
CREATE TABLE t_143 PARTITION OF t FOR VALUES WITH (modulus 1000, remainder 143)
CREATE TABLE
CREATE TABLE t_144 PARTITION OF t FOR VALUES WITH (modulus 1000, remainder 144)
CREATE TABLE
CREATE TABLE t_145 PARTITION OF t FOR VALUES WITH (modulus 1000, remainder 145)
CREATE TABLE
CREATE TABLE t_146 PARTITION OF t FOR VALUES WITH (modulus 1000, remainder 146)
CREATE TABLE
CREATE TABLE t_147 PARTITION OF t FOR VALUES WITH (modulus 1000, remainder 147)
CREATE TABLE
CREATE TABLE t_148 PARTITION OF t FOR VALUES WITH (modulus 1000, remainder 148)
CREATE TABLE
CREATE TABLE t_149 PARTITION OF t FOR VALUES WITH (modulus 1000, remainder 149)
CREATE TABLE
CREATE TABLE t_150 PARTITION OF t FOR VALUES WITH (modulus 1000, remainder 150)
CREATE TABLE
CREATE TABLE t_151 PARTITION OF t FOR VALUES WITH (modulus 1000, remainder 151)
CREATE TABLE
CREATE TABLE t_152 PARTITION OF t FOR VALUES WITH (modulus 1000, remainder 152)
CREATE TABLE
CREATE TABLE t_153 PARTITION OF t FOR VALUES WITH (modulus 1000, remainder 153)
CREATE TABLE
CREATE TABLE t_154 PARTITION OF t FOR VALUES WITH (modulus 1000, remainder 154)
CREATE TABLE
CREATE TABLE t_155 PARTITION OF t FOR VALUES WITH (modulus 1000, remainder 155)
CREATE TABLE
CREATE TABLE t_156 PARTITION OF t FOR VALUES WITH (modulus 1000, remainder 156)
CREATE TABLE
CREATE TABLE t_157 PARTITION OF t FOR VALUES WITH (modulus 1000, remainder 157)
CREATE TABLE
CREATE TABLE t_158 PARTITION OF t FOR VALUES WITH (modulus 1000, remainder 158)
CREATE TABLE
CREATE TABLE t_159 PARTITION OF t FOR VALUES WITH (modulus 1000, remainder 159)
CREATE TABLE
CREATE TABLE t_160 PARTITION OF t FOR VALUES WITH (modulus 1000, remainder 160)
CREATE TABLE
CREATE TABLE t_161 PARTITION OF t FOR VALUES WITH (modulus 1000, remainder 161)
CREATE TABLE
CREATE TABLE t_162 PARTITION OF t FOR VALUES WITH (modulus 1000, remainder 162)
CREATE TABLE
CREATE TABLE t_163 PARTITION OF t FOR VALUES WITH (modulus 1000, remainder 163)
CREATE TABLE
CREATE TABLE t_164 PARTITION OF t FOR VALUES WITH (modulus 1000, remainder 164)
CREATE TABLE
CREATE TABLE t_165 PARTITION OF t FOR VALUES WITH (modulus 1000, remainder 165)
CREATE TABLE
CREATE TABLE t_166 PARTITION OF t FOR VALUES WITH (modulus 1000, remainder 166)
CREATE TABLE
CREATE TABLE t_167 PARTITION OF t FOR VALUES WITH (modulus 1000, remainder 167)
CREATE TABLE
CREATE TABLE t_168 PARTITION OF t FOR VALUES WITH (modulus 1000, remainder 168)
CREATE TABLE
CREATE TABLE t_169 PARTITION OF t FOR VALUES WITH (modulus 1000, remainder 169)
CREATE TABLE
CREATE TABLE t_170 PARTITION OF t FOR VALUES WITH (modulus 1000, remainder 170)
CREATE TABLE
CREATE TABLE t_171 PARTITION OF t FOR VALUES WITH (modulus 1000, remainder 171)
CREATE TABLE
CREATE TABLE t_172 PARTITION OF t FOR VALUES WITH (modulus 1000, remainder 172)
CREATE TABLE
CREATE TABLE t_173 PARTITION OF t FOR VALUES WITH (modulus 1000, remainder 173)
CREATE TABLE
CREATE TABLE t_174 PARTITION OF t FOR VALUES WITH (modulus 1000, remainder 174)
CREATE TABLE
CREATE TABLE t_175 PARTITION OF t FOR VALUES WITH (modulus 1000, remainder 175)
CREATE TABLE
CREATE TABLE t_176 PARTITION OF t FOR VALUES WITH (modulus 1000, remainder 176)
CREATE TABLE
CREATE TABLE t_177 PARTITION OF t FOR VALUES WITH (modulus 1000, remainder 177)
CREATE TABLE
CREATE TABLE t_178 PARTITION OF t FOR VALUES WITH (modulus 1000, remainder 178)
CREATE TABLE
CREATE TABLE t_179 PARTITION OF t FOR VALUES WITH (modulus 1000, remainder 179)
CREATE TABLE
CREATE TABLE t_180 PARTITION OF t FOR VALUES WITH (modulus 1000, remainder 180)
CREATE TABLE
CREATE TABLE t_181 PARTITION OF t FOR VALUES WITH (modulus 1000, remainder 181)
CREATE TABLE
CREATE TABLE t_182 PARTITION OF t FOR VALUES WITH (modulus 1000, remainder 182)
CREATE TABLE
CREATE TABLE t_183 PARTITION OF t FOR VALUES WITH (modulus 1000, remainder 183)
CREATE TABLE
CREATE TABLE t_184 PARTITION OF t FOR VALUES WITH (modulus 1000, remainder 184)
CREATE TABLE
CREATE TABLE t_185 PARTITION OF t FOR VALUES WITH (modulus 1000, remainder 185)
CREATE TABLE
CREATE TABLE t_186 PARTITION OF t FOR VALUES WITH (modulus 1000, remainder 186)
CREATE TABLE
CREATE TABLE t_187 PARTITION OF t FOR VALUES WITH (modulus 1000, remainder 187)
CREATE TABLE
CREATE TABLE t_188 PARTITION OF t FOR VALUES WITH (modulus 1000, remainder 188)
CREATE TABLE
CREATE TABLE t_189 PARTITION OF t FOR VALUES WITH (modulus 1000, remainder 189)
CREATE TABLE
CREATE TABLE t_190 PARTITION OF t FOR VALUES WITH (modulus 1000, remainder 190)
CREATE TABLE
CREATE TABLE t_191 PARTITION OF t FOR VALUES WITH (modulus 1000, remainder 191)
CREATE TABLE
CREATE TABLE t_192 PARTITION OF t FOR VALUES WITH (modulus 1000, remainder 192)
CREATE TABLE
CREATE TABLE t_193 PARTITION OF t FOR VALUES WITH (modulus 1000, remainder 193)
CREATE TABLE
CREATE TABLE t_194 PARTITION OF t FOR VALUES WITH (modulus 1000, remainder 194)
CREATE TABLE
CREATE TABLE t_195 PARTITION OF t FOR VALUES WITH (modulus 1000, remainder 195)
CREATE TABLE
CREATE TABLE t_196 PARTITION OF t FOR VALUES WITH (modulus 1000, remainder 196)
CREATE TABLE
CREATE TABLE t_197 PARTITION OF t FOR VALUES WITH (modulus 1000, remainder 197)
CREATE TABLE
CREATE TABLE t_198 PARTITION OF t FOR VALUES WITH (modulus 1000, remainder 198)
CREATE TABLE
CREATE TABLE t_199 PARTITION OF t FOR VALUES WITH (modulus 1000, remainder 199)
CREATE TABLE
CREATE TABLE t_200 PARTITION OF t FOR VALUES WITH (modulus 1000, remainder 200)
CREATE TABLE
CREATE TABLE t_201 PARTITION OF t FOR VALUES WITH (modulus 1000, remainder 201)
CREATE TABLE
CREATE TABLE t_202 PARTITION OF t FOR VALUES WITH (modulus 1000, remainder 202)
CREATE TABLE
CREATE TABLE t_203 PARTITION OF t FOR VALUES WITH (modulus 1000, remainder 203)
CREATE TABLE
CREATE TABLE t_204 PARTITION OF t FOR VALUES WITH (modulus 1000, remainder 204)
CREATE TABLE
CREATE TABLE t_205 PARTITION OF t FOR VALUES WITH (modulus 1000, remainder 205)
CREATE TABLE
CREATE TABLE t_206 PARTITION OF t FOR VALUES WITH (modulus 1000, remainder 206)
CREATE TABLE
CREATE TABLE t_207 PARTITION OF t FOR VALUES WITH (modulus 1000, remainder 207)
CREATE TABLE
CREATE TABLE t_208 PARTITION OF t FOR VALUES WITH (modulus 1000, remainder 208)
CREATE TABLE
CREATE TABLE t_209 PARTITION OF t FOR VALUES WITH (modulus 1000, remainder 209)
CREATE TABLE
CREATE TABLE t_210 PARTITION OF t FOR VALUES WITH (modulus 1000, remainder 210)
CREATE TABLE
CREATE TABLE t_211 PARTITION OF t FOR VALUES WITH (modulus 1000, remainder 211)
CREATE TABLE
CREATE TABLE t_212 PARTITION OF t FOR VALUES WITH (modulus 1000, remainder 212)
CREATE TABLE
CREATE TABLE t_213 PARTITION OF t FOR VALUES WITH (modulus 1000, remainder 213)
CREATE TABLE
CREATE TABLE t_214 PARTITION OF t FOR VALUES WITH (modulus 1000, remainder 214)
CREATE TABLE
CREATE TABLE t_215 PARTITION OF t FOR VALUES WITH (modulus 1000, remainder 215)
CREATE TABLE
CREATE TABLE t_216 PARTITION OF t FOR VALUES WITH (modulus 1000, remainder 216)
CREATE TABLE
CREATE TABLE t_217 PARTITION OF t FOR VALUES WITH (modulus 1000, remainder 217)
CREATE TABLE
CREATE TABLE t_218 PARTITION OF t FOR VALUES WITH (modulus 1000, remainder 218)
CREATE TABLE
CREATE TABLE t_219 PARTITION OF t FOR VALUES WITH (modulus 1000, remainder 219)
CREATE TABLE
CREATE TABLE t_220 PARTITION OF t FOR VALUES WITH (modulus 1000, remainder 220)
CREATE TABLE
CREATE TABLE t_221 PARTITION OF t FOR VALUES WITH (modulus 1000, remainder 221)
CREATE TABLE
CREATE TABLE t_222 PARTITION OF t FOR VALUES WITH (modulus 1000, remainder 222)
CREATE TABLE
CREATE TABLE t_223 PARTITION OF t FOR VALUES WITH (modulus 1000, remainder 223)
CREATE TABLE
CREATE TABLE t_224 PARTITION OF t FOR VALUES WITH (modulus 1000, remainder 224)
CREATE TABLE
CREATE TABLE t_225 PARTITION OF t FOR VALUES WITH (modulus 1000, remainder 225)
CREATE TABLE
CREATE TABLE t_226 PARTITION OF t FOR VALUES WITH (modulus 1000, remainder 226)
CREATE TABLE
CREATE TABLE t_227 PARTITION OF t FOR VALUES WITH (modulus 1000, remainder 227)
CREATE TABLE
CREATE TABLE t_228 PARTITION OF t FOR VALUES WITH (modulus 1000, remainder 228)
CREATE TABLE
CREATE TABLE t_229 PARTITION OF t FOR VALUES WITH (modulus 1000, remainder 229)
CREATE TABLE
CREATE TABLE t_230 PARTITION OF t FOR VALUES WITH (modulus 1000, remainder 230)
CREATE TABLE
CREATE TABLE t_231 PARTITION OF t FOR VALUES WITH (modulus 1000, remainder 231)
CREATE TABLE
CREATE TABLE t_232 PARTITION OF t FOR VALUES WITH (modulus 1000, remainder 232)
CREATE TABLE
CREATE TABLE t_233 PARTITION OF t FOR VALUES WITH (modulus 1000, remainder 233)
CREATE TABLE
CREATE TABLE t_234 PARTITION OF t FOR VALUES WITH (modulus 1000, remainder 234)
CREATE TABLE
CREATE TABLE t_235 PARTITION OF t FOR VALUES WITH (modulus 1000, remainder 235)
CREATE TABLE
CREATE TABLE t_236 PARTITION OF t FOR VALUES WITH (modulus 1000, remainder 236)
CREATE TABLE
CREATE TABLE t_237 PARTITION OF t FOR VALUES WITH (modulus 1000, remainder 237)
CREATE TABLE
CREATE TABLE t_238 PARTITION OF t FOR VALUES WITH (modulus 1000, remainder 238)
CREATE TABLE
CREATE TABLE t_239 PARTITION OF t FOR VALUES WITH (modulus 1000, remainder 239)
CREATE TABLE
CREATE TABLE t_240 PARTITION OF t FOR VALUES WITH (modulus 1000, remainder 240)
CREATE TABLE
CREATE TABLE t_241 PARTITION OF t FOR VALUES WITH (modulus 1000, remainder 241)
CREATE TABLE
CREATE TABLE t_242 PARTITION OF t FOR VALUES WITH (modulus 1000, remainder 242)
CREATE TABLE
CREATE TABLE t_243 PARTITION OF t FOR VALUES WITH (modulus 1000, remainder 243)
CREATE TABLE
CREATE TABLE t_244 PARTITION OF t FOR VALUES WITH (modulus 1000, remainder 244)
CREATE TABLE
CREATE TABLE t_245 PARTITION OF t FOR VALUES WITH (modulus 1000, remainder 245)
CREATE TABLE
CREATE TABLE t_246 PARTITION OF t FOR VALUES WITH (modulus 1000, remainder 246)
CREATE TABLE
CREATE TABLE t_247 PARTITION OF t FOR VALUES WITH (modulus 1000, remainder 247)
CREATE TABLE
CREATE TABLE t_248 PARTITION OF t FOR VALUES WITH (modulus 1000, remainder 248)
CREATE TABLE
CREATE TABLE t_249 PARTITION OF t FOR VALUES WITH (modulus 1000, remainder 249)
CREATE TABLE
CREATE TABLE t_250 PARTITION OF t FOR VALUES WITH (modulus 1000, remainder 250)
CREATE TABLE
CREATE TABLE t_251 PARTITION OF t FOR VALUES WITH (modulus 1000, remainder 251)
CREATE TABLE
CREATE TABLE t_252 PARTITION OF t FOR VALUES WITH (modulus 1000, remainder 252)
CREATE TABLE
CREATE TABLE t_253 PARTITION OF t FOR VALUES WITH (modulus 1000, remainder 253)
CREATE TABLE
CREATE TABLE t_254 PARTITION OF t FOR VALUES WITH (modulus 1000, remainder 254)
CREATE TABLE
CREATE TABLE t_255 PARTITION OF t FOR VALUES WITH (modulus 1000, remainder 255)
CREATE TABLE
CREATE TABLE t_256 PARTITION OF t FOR VALUES WITH (modulus 1000, remainder 256)
CREATE TABLE
CREATE TABLE t_257 PARTITION OF t FOR VALUES WITH (modulus 1000, remainder 257)
CREATE TABLE
CREATE TABLE t_258 PARTITION OF t FOR VALUES WITH (modulus 1000, remainder 258)
CREATE TABLE
CREATE TABLE t_259 PARTITION OF t FOR VALUES WITH (modulus 1000, remainder 259)
CREATE TABLE
CREATE TABLE t_260 PARTITION OF t FOR VALUES WITH (modulus 1000, remainder 260)
CREATE TABLE
CREATE TABLE t_261 PARTITION OF t FOR VALUES WITH (modulus 1000, remainder 261)
CREATE TABLE
CREATE TABLE t_262 PARTITION OF t FOR VALUES WITH (modulus 1000, remainder 262)
CREATE TABLE
CREATE TABLE t_263 PARTITION OF t FOR VALUES WITH (modulus 1000, remainder 263)
CREATE TABLE
CREATE TABLE t_264 PARTITION OF t FOR VALUES WITH (modulus 1000, remainder 264)
CREATE TABLE
CREATE TABLE t_265 PARTITION OF t FOR VALUES WITH (modulus 1000, remainder 265)
CREATE TABLE
CREATE TABLE t_266 PARTITION OF t FOR VALUES WITH (modulus 1000, remainder 266)
CREATE TABLE
CREATE TABLE t_267 PARTITION OF t FOR VALUES WITH (modulus 1000, remainder 267)
CREATE TABLE
CREATE TABLE t_268 PARTITION OF t FOR VALUES WITH (modulus 1000, remainder 268)
CREATE TABLE
CREATE TABLE t_269 PARTITION OF t FOR VALUES WITH (modulus 1000, remainder 269)
CREATE TABLE
CREATE TABLE t_270 PARTITION OF t FOR VALUES WITH (modulus 1000, remainder 270)
CREATE TABLE
CREATE TABLE t_271 PARTITION OF t FOR VALUES WITH (modulus 1000, remainder 271)
CREATE TABLE
CREATE TABLE t_272 PARTITION OF t FOR VALUES WITH (modulus 1000, remainder 272)
CREATE TABLE
CREATE TABLE t_273 PARTITION OF t FOR VALUES WITH (modulus 1000, remainder 273)
CREATE TABLE
CREATE TABLE t_274 PARTITION OF t FOR VALUES WITH (modulus 1000, remainder 274)
CREATE TABLE
CREATE TABLE t_275 PARTITION OF t FOR VALUES WITH (modulus 1000, remainder 275)
CREATE TABLE
CREATE TABLE t_276 PARTITION OF t FOR VALUES WITH (modulus 1000, remainder 276)
CREATE TABLE
CREATE TABLE t_277 PARTITION OF t FOR VALUES WITH (modulus 1000, remainder 277)
CREATE TABLE
CREATE TABLE t_278 PARTITION OF t FOR VALUES WITH (modulus 1000, remainder 278)
CREATE TABLE
CREATE TABLE t_279 PARTITION OF t FOR VALUES WITH (modulus 1000, remainder 279)
CREATE TABLE
CREATE TABLE t_280 PARTITION OF t FOR VALUES WITH (modulus 1000, remainder 280)
CREATE TABLE
CREATE TABLE t_281 PARTITION OF t FOR VALUES WITH (modulus 1000, remainder 281)
CREATE TABLE
CREATE TABLE t_282 PARTITION OF t FOR VALUES WITH (modulus 1000, remainder 282)
CREATE TABLE
CREATE TABLE t_283 PARTITION OF t FOR VALUES WITH (modulus 1000, remainder 283)
CREATE TABLE
CREATE TABLE t_284 PARTITION OF t FOR VALUES WITH (modulus 1000, remainder 284)
CREATE TABLE
CREATE TABLE t_285 PARTITION OF t FOR VALUES WITH (modulus 1000, remainder 285)
CREATE TABLE
CREATE TABLE t_286 PARTITION OF t FOR VALUES WITH (modulus 1000, remainder 286)
CREATE TABLE
CREATE TABLE t_287 PARTITION OF t FOR VALUES WITH (modulus 1000, remainder 287)
CREATE TABLE
CREATE TABLE t_288 PARTITION OF t FOR VALUES WITH (modulus 1000, remainder 288)
CREATE TABLE
CREATE TABLE t_289 PARTITION OF t FOR VALUES WITH (modulus 1000, remainder 289)
CREATE TABLE
CREATE TABLE t_290 PARTITION OF t FOR VALUES WITH (modulus 1000, remainder 290)
CREATE TABLE
CREATE TABLE t_291 PARTITION OF t FOR VALUES WITH (modulus 1000, remainder 291)
CREATE TABLE
CREATE TABLE t_292 PARTITION OF t FOR VALUES WITH (modulus 1000, remainder 292)
CREATE TABLE
CREATE TABLE t_293 PARTITION OF t FOR VALUES WITH (modulus 1000, remainder 293)
CREATE TABLE
CREATE TABLE t_294 PARTITION OF t FOR VALUES WITH (modulus 1000, remainder 294)
CREATE TABLE
CREATE TABLE t_295 PARTITION OF t FOR VALUES WITH (modulus 1000, remainder 295)
CREATE TABLE
CREATE TABLE t_296 PARTITION OF t FOR VALUES WITH (modulus 1000, remainder 296)
CREATE TABLE
CREATE TABLE t_297 PARTITION OF t FOR VALUES WITH (modulus 1000, remainder 297)
CREATE TABLE
CREATE TABLE t_298 PARTITION OF t FOR VALUES WITH (modulus 1000, remainder 298)
CREATE TABLE
CREATE TABLE t_299 PARTITION OF t FOR VALUES WITH (modulus 1000, remainder 299)
CREATE TABLE
CREATE TABLE t_300 PARTITION OF t FOR VALUES WITH (modulus 1000, remainder 300)
CREATE TABLE
CREATE TABLE t_301 PARTITION OF t FOR VALUES WITH (modulus 1000, remainder 301)
CREATE TABLE
CREATE TABLE t_302 PARTITION OF t FOR VALUES WITH (modulus 1000, remainder 302)
CREATE TABLE
CREATE TABLE t_303 PARTITION OF t FOR VALUES WITH (modulus 1000, remainder 303)
CREATE TABLE
CREATE TABLE t_304 PARTITION OF t FOR VALUES WITH (modulus 1000, remainder 304)
CREATE TABLE
CREATE TABLE t_305 PARTITION OF t FOR VALUES WITH (modulus 1000, remainder 305)
CREATE TABLE
CREATE TABLE t_306 PARTITION OF t FOR VALUES WITH (modulus 1000, remainder 306)
CREATE TABLE
CREATE TABLE t_307 PARTITION OF t FOR VALUES WITH (modulus 1000, remainder 307)
CREATE TABLE
CREATE TABLE t_308 PARTITION OF t FOR VALUES WITH (modulus 1000, remainder 308)
CREATE TABLE
CREATE TABLE t_309 PARTITION OF t FOR VALUES WITH (modulus 1000, remainder 309)
CREATE TABLE
CREATE TABLE t_310 PARTITION OF t FOR VALUES WITH (modulus 1000, remainder 310)
CREATE TABLE
CREATE TABLE t_311 PARTITION OF t FOR VALUES WITH (modulus 1000, remainder 311)
CREATE TABLE
CREATE TABLE t_312 PARTITION OF t FOR VALUES WITH (modulus 1000, remainder 312)
CREATE TABLE
CREATE TABLE t_313 PARTITION OF t FOR VALUES WITH (modulus 1000, remainder 313)
CREATE TABLE
CREATE TABLE t_314 PARTITION OF t FOR VALUES WITH (modulus 1000, remainder 314)
CREATE TABLE
CREATE TABLE t_315 PARTITION OF t FOR VALUES WITH (modulus 1000, remainder 315)
CREATE TABLE
CREATE TABLE t_316 PARTITION OF t FOR VALUES WITH (modulus 1000, remainder 316)
CREATE TABLE
CREATE TABLE t_317 PARTITION OF t FOR VALUES WITH (modulus 1000, remainder 317)
CREATE TABLE
CREATE TABLE t_318 PARTITION OF t FOR VALUES WITH (modulus 1000, remainder 318)
CREATE TABLE
CREATE TABLE t_319 PARTITION OF t FOR VALUES WITH (modulus 1000, remainder 319)
CREATE TABLE
CREATE TABLE t_320 PARTITION OF t FOR VALUES WITH (modulus 1000, remainder 320)
CREATE TABLE
CREATE TABLE t_321 PARTITION OF t FOR VALUES WITH (modulus 1000, remainder 321)
CREATE TABLE
CREATE TABLE t_322 PARTITION OF t FOR VALUES WITH (modulus 1000, remainder 322)
CREATE TABLE
CREATE TABLE t_323 PARTITION OF t FOR VALUES WITH (modulus 1000, remainder 323)
CREATE TABLE
CREATE TABLE t_324 PARTITION OF t FOR VALUES WITH (modulus 1000, remainder 324)
CREATE TABLE
CREATE TABLE t_325 PARTITION OF t FOR VALUES WITH (modulus 1000, remainder 325)
CREATE TABLE
CREATE TABLE t_326 PARTITION OF t FOR VALUES WITH (modulus 1000, remainder 326)
CREATE TABLE
CREATE TABLE t_327 PARTITION OF t FOR VALUES WITH (modulus 1000, remainder 327)
CREATE TABLE
CREATE TABLE t_328 PARTITION OF t FOR VALUES WITH (modulus 1000, remainder 328)
CREATE TABLE
CREATE TABLE t_329 PARTITION OF t FOR VALUES WITH (modulus 1000, remainder 329)
CREATE TABLE
CREATE TABLE t_330 PARTITION OF t FOR VALUES WITH (modulus 1000, remainder 330)
CREATE TABLE
CREATE TABLE t_331 PARTITION OF t FOR VALUES WITH (modulus 1000, remainder 331)
CREATE TABLE
CREATE TABLE t_332 PARTITION OF t FOR VALUES WITH (modulus 1000, remainder 332)
CREATE TABLE
CREATE TABLE t_333 PARTITION OF t FOR VALUES WITH (modulus 1000, remainder 333)
CREATE TABLE
CREATE TABLE t_334 PARTITION OF t FOR VALUES WITH (modulus 1000, remainder 334)
CREATE TABLE
CREATE TABLE t_335 PARTITION OF t FOR VALUES WITH (modulus 1000, remainder 335)
CREATE TABLE
CREATE TABLE t_336 PARTITION OF t FOR VALUES WITH (modulus 1000, remainder 336)
CREATE TABLE
CREATE TABLE t_337 PARTITION OF t FOR VALUES WITH (modulus 1000, remainder 337)
CREATE TABLE
CREATE TABLE t_338 PARTITION OF t FOR VALUES WITH (modulus 1000, remainder 338)
CREATE TABLE
CREATE TABLE t_339 PARTITION OF t FOR VALUES WITH (modulus 1000, remainder 339)
CREATE TABLE
CREATE TABLE t_340 PARTITION OF t FOR VALUES WITH (modulus 1000, remainder 340)
CREATE TABLE
CREATE TABLE t_341 PARTITION OF t FOR VALUES WITH (modulus 1000, remainder 341)
CREATE TABLE
CREATE TABLE t_342 PARTITION OF t FOR VALUES WITH (modulus 1000, remainder 342)
CREATE TABLE
CREATE TABLE t_343 PARTITION OF t FOR VALUES WITH (modulus 1000, remainder 343)
CREATE TABLE
CREATE TABLE t_344 PARTITION OF t FOR VALUES WITH (modulus 1000, remainder 344)
CREATE TABLE
CREATE TABLE t_345 PARTITION OF t FOR VALUES WITH (modulus 1000, remainder 345)
CREATE TABLE
CREATE TABLE t_346 PARTITION OF t FOR VALUES WITH (modulus 1000, remainder 346)
CREATE TABLE
CREATE TABLE t_347 PARTITION OF t FOR VALUES WITH (modulus 1000, remainder 347)
CREATE TABLE
CREATE TABLE t_348 PARTITION OF t FOR VALUES WITH (modulus 1000, remainder 348)
CREATE TABLE
CREATE TABLE t_349 PARTITION OF t FOR VALUES WITH (modulus 1000, remainder 349)
CREATE TABLE
CREATE TABLE t_350 PARTITION OF t FOR VALUES WITH (modulus 1000, remainder 350)
CREATE TABLE
CREATE TABLE t_351 PARTITION OF t FOR VALUES WITH (modulus 1000, remainder 351)
CREATE TABLE
CREATE TABLE t_352 PARTITION OF t FOR VALUES WITH (modulus 1000, remainder 352)
CREATE TABLE
CREATE TABLE t_353 PARTITION OF t FOR VALUES WITH (modulus 1000, remainder 353)
CREATE TABLE
CREATE TABLE t_354 PARTITION OF t FOR VALUES WITH (modulus 1000, remainder 354)
CREATE TABLE
CREATE TABLE t_355 PARTITION OF t FOR VALUES WITH (modulus 1000, remainder 355)
CREATE TABLE
CREATE TABLE t_356 PARTITION OF t FOR VALUES WITH (modulus 1000, remainder 356)
CREATE TABLE
CREATE TABLE t_357 PARTITION OF t FOR VALUES WITH (modulus 1000, remainder 357)
CREATE TABLE
CREATE TABLE t_358 PARTITION OF t FOR VALUES WITH (modulus 1000, remainder 358)
CREATE TABLE
CREATE TABLE t_359 PARTITION OF t FOR VALUES WITH (modulus 1000, remainder 359)
CREATE TABLE
CREATE TABLE t_360 PARTITION OF t FOR VALUES WITH (modulus 1000, remainder 360)
CREATE TABLE
CREATE TABLE t_361 PARTITION OF t FOR VALUES WITH (modulus 1000, remainder 361)
CREATE TABLE
CREATE TABLE t_362 PARTITION OF t FOR VALUES WITH (modulus 1000, remainder 362)
CREATE TABLE
CREATE TABLE t_363 PARTITION OF t FOR VALUES WITH (modulus 1000, remainder 363)
CREATE TABLE
CREATE TABLE t_364 PARTITION OF t FOR VALUES WITH (modulus 1000, remainder 364)
CREATE TABLE
CREATE TABLE t_365 PARTITION OF t FOR VALUES WITH (modulus 1000, remainder 365)
CREATE TABLE
CREATE TABLE t_366 PARTITION OF t FOR VALUES WITH (modulus 1000, remainder 366)
CREATE TABLE
CREATE TABLE t_367 PARTITION OF t FOR VALUES WITH (modulus 1000, remainder 367)
CREATE TABLE
CREATE TABLE t_368 PARTITION OF t FOR VALUES WITH (modulus 1000, remainder 368)
CREATE TABLE
CREATE TABLE t_369 PARTITION OF t FOR VALUES WITH (modulus 1000, remainder 369)
CREATE TABLE
CREATE TABLE t_370 PARTITION OF t FOR VALUES WITH (modulus 1000, remainder 370)
CREATE TABLE
CREATE TABLE t_371 PARTITION OF t FOR VALUES WITH (modulus 1000, remainder 371)
CREATE TABLE
CREATE TABLE t_372 PARTITION OF t FOR VALUES WITH (modulus 1000, remainder 372)
CREATE TABLE
CREATE TABLE t_373 PARTITION OF t FOR VALUES WITH (modulus 1000, remainder 373)
CREATE TABLE
CREATE TABLE t_374 PARTITION OF t FOR VALUES WITH (modulus 1000, remainder 374)
CREATE TABLE
CREATE TABLE t_375 PARTITION OF t FOR VALUES WITH (modulus 1000, remainder 375)
CREATE TABLE
CREATE TABLE t_376 PARTITION OF t FOR VALUES WITH (modulus 1000, remainder 376)
CREATE TABLE
CREATE TABLE t_377 PARTITION OF t FOR VALUES WITH (modulus 1000, remainder 377)
CREATE TABLE
CREATE TABLE t_378 PARTITION OF t FOR VALUES WITH (modulus 1000, remainder 378)
CREATE TABLE
CREATE TABLE t_379 PARTITION OF t FOR VALUES WITH (modulus 1000, remainder 379)
CREATE TABLE
CREATE TABLE t_380 PARTITION OF t FOR VALUES WITH (modulus 1000, remainder 380)
CREATE TABLE
CREATE TABLE t_381 PARTITION OF t FOR VALUES WITH (modulus 1000, remainder 381)
CREATE TABLE
CREATE TABLE t_382 PARTITION OF t FOR VALUES WITH (modulus 1000, remainder 382)
CREATE TABLE
CREATE TABLE t_383 PARTITION OF t FOR VALUES WITH (modulus 1000, remainder 383)
CREATE TABLE
CREATE TABLE t_384 PARTITION OF t FOR VALUES WITH (modulus 1000, remainder 384)
CREATE TABLE
CREATE TABLE t_385 PARTITION OF t FOR VALUES WITH (modulus 1000, remainder 385)
CREATE TABLE
CREATE TABLE t_386 PARTITION OF t FOR VALUES WITH (modulus 1000, remainder 386)
CREATE TABLE
CREATE TABLE t_387 PARTITION OF t FOR VALUES WITH (modulus 1000, remainder 387)
CREATE TABLE
CREATE TABLE t_388 PARTITION OF t FOR VALUES WITH (modulus 1000, remainder 388)
CREATE TABLE
CREATE TABLE t_389 PARTITION OF t FOR VALUES WITH (modulus 1000, remainder 389)
CREATE TABLE
CREATE TABLE t_390 PARTITION OF t FOR VALUES WITH (modulus 1000, remainder 390)
CREATE TABLE
CREATE TABLE t_391 PARTITION OF t FOR VALUES WITH (modulus 1000, remainder 391)
CREATE TABLE
CREATE TABLE t_392 PARTITION OF t FOR VALUES WITH (modulus 1000, remainder 392)
CREATE TABLE
CREATE TABLE t_393 PARTITION OF t FOR VALUES WITH (modulus 1000, remainder 393)
CREATE TABLE
CREATE TABLE t_394 PARTITION OF t FOR VALUES WITH (modulus 1000, remainder 394)
CREATE TABLE
CREATE TABLE t_395 PARTITION OF t FOR VALUES WITH (modulus 1000, remainder 395)
CREATE TABLE
CREATE TABLE t_396 PARTITION OF t FOR VALUES WITH (modulus 1000, remainder 396)
CREATE TABLE
CREATE TABLE t_397 PARTITION OF t FOR VALUES WITH (modulus 1000, remainder 397)
CREATE TABLE
CREATE TABLE t_398 PARTITION OF t FOR VALUES WITH (modulus 1000, remainder 398)
CREATE TABLE
CREATE TABLE t_399 PARTITION OF t FOR VALUES WITH (modulus 1000, remainder 399)
CREATE TABLE
CREATE TABLE t_400 PARTITION OF t FOR VALUES WITH (modulus 1000, remainder 400)
CREATE TABLE
CREATE TABLE t_401 PARTITION OF t FOR VALUES WITH (modulus 1000, remainder 401)
CREATE TABLE
CREATE TABLE t_402 PARTITION OF t FOR VALUES WITH (modulus 1000, remainder 402)
CREATE TABLE
CREATE TABLE t_403 PARTITION OF t FOR VALUES WITH (modulus 1000, remainder 403)
CREATE TABLE
CREATE TABLE t_404 PARTITION OF t FOR VALUES WITH (modulus 1000, remainder 404)
CREATE TABLE
CREATE TABLE t_405 PARTITION OF t FOR VALUES WITH (modulus 1000, remainder 405)
CREATE TABLE
CREATE TABLE t_406 PARTITION OF t FOR VALUES WITH (modulus 1000, remainder 406)
CREATE TABLE
CREATE TABLE t_407 PARTITION OF t FOR VALUES WITH (modulus 1000, remainder 407)
CREATE TABLE
CREATE TABLE t_408 PARTITION OF t FOR VALUES WITH (modulus 1000, remainder 408)
CREATE TABLE
CREATE TABLE t_409 PARTITION OF t FOR VALUES WITH (modulus 1000, remainder 409)
CREATE TABLE
CREATE TABLE t_410 PARTITION OF t FOR VALUES WITH (modulus 1000, remainder 410)
CREATE TABLE
CREATE TABLE t_411 PARTITION OF t FOR VALUES WITH (modulus 1000, remainder 411)
CREATE TABLE
CREATE TABLE t_412 PARTITION OF t FOR VALUES WITH (modulus 1000, remainder 412)
CREATE TABLE
CREATE TABLE t_413 PARTITION OF t FOR VALUES WITH (modulus 1000, remainder 413)
CREATE TABLE
CREATE TABLE t_414 PARTITION OF t FOR VALUES WITH (modulus 1000, remainder 414)
CREATE TABLE
CREATE TABLE t_415 PARTITION OF t FOR VALUES WITH (modulus 1000, remainder 415)
CREATE TABLE
CREATE TABLE t_416 PARTITION OF t FOR VALUES WITH (modulus 1000, remainder 416)
CREATE TABLE
CREATE TABLE t_417 PARTITION OF t FOR VALUES WITH (modulus 1000, remainder 417)
CREATE TABLE
CREATE TABLE t_418 PARTITION OF t FOR VALUES WITH (modulus 1000, remainder 418)
CREATE TABLE
CREATE TABLE t_419 PARTITION OF t FOR VALUES WITH (modulus 1000, remainder 419)
CREATE TABLE
CREATE TABLE t_420 PARTITION OF t FOR VALUES WITH (modulus 1000, remainder 420)
CREATE TABLE
CREATE TABLE t_421 PARTITION OF t FOR VALUES WITH (modulus 1000, remainder 421)
CREATE TABLE
CREATE TABLE t_422 PARTITION OF t FOR VALUES WITH (modulus 1000, remainder 422)
CREATE TABLE
CREATE TABLE t_423 PARTITION OF t FOR VALUES WITH (modulus 1000, remainder 423)
CREATE TABLE
CREATE TABLE t_424 PARTITION OF t FOR VALUES WITH (modulus 1000, remainder 424)
CREATE TABLE
CREATE TABLE t_425 PARTITION OF t FOR VALUES WITH (modulus 1000, remainder 425)
CREATE TABLE
CREATE TABLE t_426 PARTITION OF t FOR VALUES WITH (modulus 1000, remainder 426)
CREATE TABLE
CREATE TABLE t_427 PARTITION OF t FOR VALUES WITH (modulus 1000, remainder 427)
CREATE TABLE
CREATE TABLE t_428 PARTITION OF t FOR VALUES WITH (modulus 1000, remainder 428)
CREATE TABLE
CREATE TABLE t_429 PARTITION OF t FOR VALUES WITH (modulus 1000, remainder 429)
CREATE TABLE
CREATE TABLE t_430 PARTITION OF t FOR VALUES WITH (modulus 1000, remainder 430)
CREATE TABLE
CREATE TABLE t_431 PARTITION OF t FOR VALUES WITH (modulus 1000, remainder 431)
CREATE TABLE
CREATE TABLE t_432 PARTITION OF t FOR VALUES WITH (modulus 1000, remainder 432)
CREATE TABLE
CREATE TABLE t_433 PARTITION OF t FOR VALUES WITH (modulus 1000, remainder 433)
CREATE TABLE
CREATE TABLE t_434 PARTITION OF t FOR VALUES WITH (modulus 1000, remainder 434)
CREATE TABLE
CREATE TABLE t_435 PARTITION OF t FOR VALUES WITH (modulus 1000, remainder 435)
CREATE TABLE
CREATE TABLE t_436 PARTITION OF t FOR VALUES WITH (modulus 1000, remainder 436)
CREATE TABLE
CREATE TABLE t_437 PARTITION OF t FOR VALUES WITH (modulus 1000, remainder 437)
CREATE TABLE
CREATE TABLE t_438 PARTITION OF t FOR VALUES WITH (modulus 1000, remainder 438)
CREATE TABLE
CREATE TABLE t_439 PARTITION OF t FOR VALUES WITH (modulus 1000, remainder 439)
CREATE TABLE
CREATE TABLE t_440 PARTITION OF t FOR VALUES WITH (modulus 1000, remainder 440)
CREATE TABLE
CREATE TABLE t_441 PARTITION OF t FOR VALUES WITH (modulus 1000, remainder 441)
CREATE TABLE
CREATE TABLE t_442 PARTITION OF t FOR VALUES WITH (modulus 1000, remainder 442)
CREATE TABLE
CREATE TABLE t_443 PARTITION OF t FOR VALUES WITH (modulus 1000, remainder 443)
CREATE TABLE
CREATE TABLE t_444 PARTITION OF t FOR VALUES WITH (modulus 1000, remainder 444)
CREATE TABLE
CREATE TABLE t_445 PARTITION OF t FOR VALUES WITH (modulus 1000, remainder 445)
CREATE TABLE
CREATE TABLE t_446 PARTITION OF t FOR VALUES WITH (modulus 1000, remainder 446)
CREATE TABLE
CREATE TABLE t_447 PARTITION OF t FOR VALUES WITH (modulus 1000, remainder 447)
CREATE TABLE
CREATE TABLE t_448 PARTITION OF t FOR VALUES WITH (modulus 1000, remainder 448)
CREATE TABLE
CREATE TABLE t_449 PARTITION OF t FOR VALUES WITH (modulus 1000, remainder 449)
CREATE TABLE
CREATE TABLE t_450 PARTITION OF t FOR VALUES WITH (modulus 1000, remainder 450)
CREATE TABLE
CREATE TABLE t_451 PARTITION OF t FOR VALUES WITH (modulus 1000, remainder 451)
CREATE TABLE
CREATE TABLE t_452 PARTITION OF t FOR VALUES WITH (modulus 1000, remainder 452)
CREATE TABLE
CREATE TABLE t_453 PARTITION OF t FOR VALUES WITH (modulus 1000, remainder 453)
CREATE TABLE
CREATE TABLE t_454 PARTITION OF t FOR VALUES WITH (modulus 1000, remainder 454)
CREATE TABLE
CREATE TABLE t_455 PARTITION OF t FOR VALUES WITH (modulus 1000, remainder 455)
CREATE TABLE
CREATE TABLE t_456 PARTITION OF t FOR VALUES WITH (modulus 1000, remainder 456)
CREATE TABLE
CREATE TABLE t_457 PARTITION OF t FOR VALUES WITH (modulus 1000, remainder 457)
CREATE TABLE
CREATE TABLE t_458 PARTITION OF t FOR VALUES WITH (modulus 1000, remainder 458)
CREATE TABLE
CREATE TABLE t_459 PARTITION OF t FOR VALUES WITH (modulus 1000, remainder 459)
CREATE TABLE
CREATE TABLE t_460 PARTITION OF t FOR VALUES WITH (modulus 1000, remainder 460)
CREATE TABLE
CREATE TABLE t_461 PARTITION OF t FOR VALUES WITH (modulus 1000, remainder 461)
CREATE TABLE
CREATE TABLE t_462 PARTITION OF t FOR VALUES WITH (modulus 1000, remainder 462)
CREATE TABLE
CREATE TABLE t_463 PARTITION OF t FOR VALUES WITH (modulus 1000, remainder 463)
CREATE TABLE
CREATE TABLE t_464 PARTITION OF t FOR VALUES WITH (modulus 1000, remainder 464)
CREATE TABLE
CREATE TABLE t_465 PARTITION OF t FOR VALUES WITH (modulus 1000, remainder 465)
CREATE TABLE
CREATE TABLE t_466 PARTITION OF t FOR VALUES WITH (modulus 1000, remainder 466)
CREATE TABLE
CREATE TABLE t_467 PARTITION OF t FOR VALUES WITH (modulus 1000, remainder 467)
CREATE TABLE
CREATE TABLE t_468 PARTITION OF t FOR VALUES WITH (modulus 1000, remainder 468)
CREATE TABLE
CREATE TABLE t_469 PARTITION OF t FOR VALUES WITH (modulus 1000, remainder 469)
CREATE TABLE
CREATE TABLE t_470 PARTITION OF t FOR VALUES WITH (modulus 1000, remainder 470)
CREATE TABLE
CREATE TABLE t_471 PARTITION OF t FOR VALUES WITH (modulus 1000, remainder 471)
CREATE TABLE
CREATE TABLE t_472 PARTITION OF t FOR VALUES WITH (modulus 1000, remainder 472)
CREATE TABLE
CREATE TABLE t_473 PARTITION OF t FOR VALUES WITH (modulus 1000, remainder 473)
CREATE TABLE
CREATE TABLE t_474 PARTITION OF t FOR VALUES WITH (modulus 1000, remainder 474)
CREATE TABLE
CREATE TABLE t_475 PARTITION OF t FOR VALUES WITH (modulus 1000, remainder 475)
CREATE TABLE
CREATE TABLE t_476 PARTITION OF t FOR VALUES WITH (modulus 1000, remainder 476)
CREATE TABLE
CREATE TABLE t_477 PARTITION OF t FOR VALUES WITH (modulus 1000, remainder 477)
CREATE TABLE
CREATE TABLE t_478 PARTITION OF t FOR VALUES WITH (modulus 1000, remainder 478)
CREATE TABLE
CREATE TABLE t_479 PARTITION OF t FOR VALUES WITH (modulus 1000, remainder 479)
CREATE TABLE
CREATE TABLE t_480 PARTITION OF t FOR VALUES WITH (modulus 1000, remainder 480)
CREATE TABLE
CREATE TABLE t_481 PARTITION OF t FOR VALUES WITH (modulus 1000, remainder 481)
CREATE TABLE
CREATE TABLE t_482 PARTITION OF t FOR VALUES WITH (modulus 1000, remainder 482)
CREATE TABLE
CREATE TABLE t_483 PARTITION OF t FOR VALUES WITH (modulus 1000, remainder 483)
CREATE TABLE
CREATE TABLE t_484 PARTITION OF t FOR VALUES WITH (modulus 1000, remainder 484)
CREATE TABLE
CREATE TABLE t_485 PARTITION OF t FOR VALUES WITH (modulus 1000, remainder 485)
CREATE TABLE
CREATE TABLE t_486 PARTITION OF t FOR VALUES WITH (modulus 1000, remainder 486)
CREATE TABLE
CREATE TABLE t_487 PARTITION OF t FOR VALUES WITH (modulus 1000, remainder 487)
CREATE TABLE
CREATE TABLE t_488 PARTITION OF t FOR VALUES WITH (modulus 1000, remainder 488)
CREATE TABLE
CREATE TABLE t_489 PARTITION OF t FOR VALUES WITH (modulus 1000, remainder 489)
CREATE TABLE
CREATE TABLE t_490 PARTITION OF t FOR VALUES WITH (modulus 1000, remainder 490)
CREATE TABLE
CREATE TABLE t_491 PARTITION OF t FOR VALUES WITH (modulus 1000, remainder 491)
CREATE TABLE
CREATE TABLE t_492 PARTITION OF t FOR VALUES WITH (modulus 1000, remainder 492)
CREATE TABLE
CREATE TABLE t_493 PARTITION OF t FOR VALUES WITH (modulus 1000, remainder 493)
CREATE TABLE
CREATE TABLE t_494 PARTITION OF t FOR VALUES WITH (modulus 1000, remainder 494)
CREATE TABLE
CREATE TABLE t_495 PARTITION OF t FOR VALUES WITH (modulus 1000, remainder 495)
CREATE TABLE
CREATE TABLE t_496 PARTITION OF t FOR VALUES WITH (modulus 1000, remainder 496)
CREATE TABLE
CREATE TABLE t_497 PARTITION OF t FOR VALUES WITH (modulus 1000, remainder 497)
CREATE TABLE
CREATE TABLE t_498 PARTITION OF t FOR VALUES WITH (modulus 1000, remainder 498)
CREATE TABLE
CREATE TABLE t_499 PARTITION OF t FOR VALUES WITH (modulus 1000, remainder 499)
CREATE TABLE
CREATE TABLE t_500 PARTITION OF t FOR VALUES WITH (modulus 1000, remainder 500)
CREATE TABLE
CREATE TABLE t_501 PARTITION OF t FOR VALUES WITH (modulus 1000, remainder 501)
CREATE TABLE
CREATE TABLE t_502 PARTITION OF t FOR VALUES WITH (modulus 1000, remainder 502)
CREATE TABLE
CREATE TABLE t_503 PARTITION OF t FOR VALUES WITH (modulus 1000, remainder 503)
CREATE TABLE
CREATE TABLE t_504 PARTITION OF t FOR VALUES WITH (modulus 1000, remainder 504)
CREATE TABLE
CREATE TABLE t_505 PARTITION OF t FOR VALUES WITH (modulus 1000, remainder 505)
CREATE TABLE
CREATE TABLE t_506 PARTITION OF t FOR VALUES WITH (modulus 1000, remainder 506)
CREATE TABLE
CREATE TABLE t_507 PARTITION OF t FOR VALUES WITH (modulus 1000, remainder 507)
CREATE TABLE
CREATE TABLE t_508 PARTITION OF t FOR VALUES WITH (modulus 1000, remainder 508)
CREATE TABLE
CREATE TABLE t_509 PARTITION OF t FOR VALUES WITH (modulus 1000, remainder 509)
CREATE TABLE
CREATE TABLE t_510 PARTITION OF t FOR VALUES WITH (modulus 1000, remainder 510)
CREATE TABLE
CREATE TABLE t_511 PARTITION OF t FOR VALUES WITH (modulus 1000, remainder 511)
CREATE TABLE
CREATE TABLE t_512 PARTITION OF t FOR VALUES WITH (modulus 1000, remainder 512)
CREATE TABLE
CREATE TABLE t_513 PARTITION OF t FOR VALUES WITH (modulus 1000, remainder 513)
CREATE TABLE
CREATE TABLE t_514 PARTITION OF t FOR VALUES WITH (modulus 1000, remainder 514)
CREATE TABLE
CREATE TABLE t_515 PARTITION OF t FOR VALUES WITH (modulus 1000, remainder 515)
CREATE TABLE
CREATE TABLE t_516 PARTITION OF t FOR VALUES WITH (modulus 1000, remainder 516)
CREATE TABLE
CREATE TABLE t_517 PARTITION OF t FOR VALUES WITH (modulus 1000, remainder 517)
CREATE TABLE
CREATE TABLE t_518 PARTITION OF t FOR VALUES WITH (modulus 1000, remainder 518)
CREATE TABLE
CREATE TABLE t_519 PARTITION OF t FOR VALUES WITH (modulus 1000, remainder 519)
CREATE TABLE
CREATE TABLE t_520 PARTITION OF t FOR VALUES WITH (modulus 1000, remainder 520)
CREATE TABLE
CREATE TABLE t_521 PARTITION OF t FOR VALUES WITH (modulus 1000, remainder 521)
CREATE TABLE
CREATE TABLE t_522 PARTITION OF t FOR VALUES WITH (modulus 1000, remainder 522)
CREATE TABLE
CREATE TABLE t_523 PARTITION OF t FOR VALUES WITH (modulus 1000, remainder 523)
CREATE TABLE
CREATE TABLE t_524 PARTITION OF t FOR VALUES WITH (modulus 1000, remainder 524)
CREATE TABLE
CREATE TABLE t_525 PARTITION OF t FOR VALUES WITH (modulus 1000, remainder 525)
CREATE TABLE
CREATE TABLE t_526 PARTITION OF t FOR VALUES WITH (modulus 1000, remainder 526)
CREATE TABLE
CREATE TABLE t_527 PARTITION OF t FOR VALUES WITH (modulus 1000, remainder 527)
CREATE TABLE
CREATE TABLE t_528 PARTITION OF t FOR VALUES WITH (modulus 1000, remainder 528)
CREATE TABLE
CREATE TABLE t_529 PARTITION OF t FOR VALUES WITH (modulus 1000, remainder 529)
CREATE TABLE
CREATE TABLE t_530 PARTITION OF t FOR VALUES WITH (modulus 1000, remainder 530)
CREATE TABLE
CREATE TABLE t_531 PARTITION OF t FOR VALUES WITH (modulus 1000, remainder 531)
CREATE TABLE
CREATE TABLE t_532 PARTITION OF t FOR VALUES WITH (modulus 1000, remainder 532)
CREATE TABLE
CREATE TABLE t_533 PARTITION OF t FOR VALUES WITH (modulus 1000, remainder 533)
CREATE TABLE
CREATE TABLE t_534 PARTITION OF t FOR VALUES WITH (modulus 1000, remainder 534)
CREATE TABLE
CREATE TABLE t_535 PARTITION OF t FOR VALUES WITH (modulus 1000, remainder 535)
CREATE TABLE
CREATE TABLE t_536 PARTITION OF t FOR VALUES WITH (modulus 1000, remainder 536)
CREATE TABLE
CREATE TABLE t_537 PARTITION OF t FOR VALUES WITH (modulus 1000, remainder 537)
CREATE TABLE
CREATE TABLE t_538 PARTITION OF t FOR VALUES WITH (modulus 1000, remainder 538)
CREATE TABLE
CREATE TABLE t_539 PARTITION OF t FOR VALUES WITH (modulus 1000, remainder 539)
CREATE TABLE
CREATE TABLE t_540 PARTITION OF t FOR VALUES WITH (modulus 1000, remainder 540)
CREATE TABLE
CREATE TABLE t_541 PARTITION OF t FOR VALUES WITH (modulus 1000, remainder 541)
CREATE TABLE
CREATE TABLE t_542 PARTITION OF t FOR VALUES WITH (modulus 1000, remainder 542)
CREATE TABLE
CREATE TABLE t_543 PARTITION OF t FOR VALUES WITH (modulus 1000, remainder 543)
CREATE TABLE
CREATE TABLE t_544 PARTITION OF t FOR VALUES WITH (modulus 1000, remainder 544)
CREATE TABLE
CREATE TABLE t_545 PARTITION OF t FOR VALUES WITH (modulus 1000, remainder 545)
CREATE TABLE
CREATE TABLE t_546 PARTITION OF t FOR VALUES WITH (modulus 1000, remainder 546)
CREATE TABLE
CREATE TABLE t_547 PARTITION OF t FOR VALUES WITH (modulus 1000, remainder 547)
CREATE TABLE
CREATE TABLE t_548 PARTITION OF t FOR VALUES WITH (modulus 1000, remainder 548)
CREATE TABLE
CREATE TABLE t_549 PARTITION OF t FOR VALUES WITH (modulus 1000, remainder 549)
CREATE TABLE
CREATE TABLE t_550 PARTITION OF t FOR VALUES WITH (modulus 1000, remainder 550)
CREATE TABLE
CREATE TABLE t_551 PARTITION OF t FOR VALUES WITH (modulus 1000, remainder 551)
CREATE TABLE
CREATE TABLE t_552 PARTITION OF t FOR VALUES WITH (modulus 1000, remainder 552)
CREATE TABLE
CREATE TABLE t_553 PARTITION OF t FOR VALUES WITH (modulus 1000, remainder 553)
CREATE TABLE
CREATE TABLE t_554 PARTITION OF t FOR VALUES WITH (modulus 1000, remainder 554)
CREATE TABLE
CREATE TABLE t_555 PARTITION OF t FOR VALUES WITH (modulus 1000, remainder 555)
CREATE TABLE
CREATE TABLE t_556 PARTITION OF t FOR VALUES WITH (modulus 1000, remainder 556)
CREATE TABLE
CREATE TABLE t_557 PARTITION OF t FOR VALUES WITH (modulus 1000, remainder 557)
CREATE TABLE
CREATE TABLE t_558 PARTITION OF t FOR VALUES WITH (modulus 1000, remainder 558)
CREATE TABLE
CREATE TABLE t_559 PARTITION OF t FOR VALUES WITH (modulus 1000, remainder 559)
CREATE TABLE
CREATE TABLE t_560 PARTITION OF t FOR VALUES WITH (modulus 1000, remainder 560)
CREATE TABLE
CREATE TABLE t_561 PARTITION OF t FOR VALUES WITH (modulus 1000, remainder 561)
CREATE TABLE
CREATE TABLE t_562 PARTITION OF t FOR VALUES WITH (modulus 1000, remainder 562)
CREATE TABLE
CREATE TABLE t_563 PARTITION OF t FOR VALUES WITH (modulus 1000, remainder 563)
CREATE TABLE
CREATE TABLE t_564 PARTITION OF t FOR VALUES WITH (modulus 1000, remainder 564)
CREATE TABLE
CREATE TABLE t_565 PARTITION OF t FOR VALUES WITH (modulus 1000, remainder 565)
CREATE TABLE
CREATE TABLE t_566 PARTITION OF t FOR VALUES WITH (modulus 1000, remainder 566)
CREATE TABLE
CREATE TABLE t_567 PARTITION OF t FOR VALUES WITH (modulus 1000, remainder 567)
CREATE TABLE
CREATE TABLE t_568 PARTITION OF t FOR VALUES WITH (modulus 1000, remainder 568)
CREATE TABLE
CREATE TABLE t_569 PARTITION OF t FOR VALUES WITH (modulus 1000, remainder 569)
CREATE TABLE
CREATE TABLE t_570 PARTITION OF t FOR VALUES WITH (modulus 1000, remainder 570)
CREATE TABLE
CREATE TABLE t_571 PARTITION OF t FOR VALUES WITH (modulus 1000, remainder 571)
CREATE TABLE
CREATE TABLE t_572 PARTITION OF t FOR VALUES WITH (modulus 1000, remainder 572)
CREATE TABLE
CREATE TABLE t_573 PARTITION OF t FOR VALUES WITH (modulus 1000, remainder 573)
CREATE TABLE
CREATE TABLE t_574 PARTITION OF t FOR VALUES WITH (modulus 1000, remainder 574)
CREATE TABLE
CREATE TABLE t_575 PARTITION OF t FOR VALUES WITH (modulus 1000, remainder 575)
CREATE TABLE
CREATE TABLE t_576 PARTITION OF t FOR VALUES WITH (modulus 1000, remainder 576)
CREATE TABLE
CREATE TABLE t_577 PARTITION OF t FOR VALUES WITH (modulus 1000, remainder 577)
CREATE TABLE
CREATE TABLE t_578 PARTITION OF t FOR VALUES WITH (modulus 1000, remainder 578)
CREATE TABLE
CREATE TABLE t_579 PARTITION OF t FOR VALUES WITH (modulus 1000, remainder 579)
CREATE TABLE
CREATE TABLE t_580 PARTITION OF t FOR VALUES WITH (modulus 1000, remainder 580)
CREATE TABLE
CREATE TABLE t_581 PARTITION OF t FOR VALUES WITH (modulus 1000, remainder 581)
CREATE TABLE
CREATE TABLE t_582 PARTITION OF t FOR VALUES WITH (modulus 1000, remainder 582)
CREATE TABLE
CREATE TABLE t_583 PARTITION OF t FOR VALUES WITH (modulus 1000, remainder 583)
CREATE TABLE
CREATE TABLE t_584 PARTITION OF t FOR VALUES WITH (modulus 1000, remainder 584)
CREATE TABLE
CREATE TABLE t_585 PARTITION OF t FOR VALUES WITH (modulus 1000, remainder 585)
CREATE TABLE
CREATE TABLE t_586 PARTITION OF t FOR VALUES WITH (modulus 1000, remainder 586)
CREATE TABLE
CREATE TABLE t_587 PARTITION OF t FOR VALUES WITH (modulus 1000, remainder 587)
CREATE TABLE
CREATE TABLE t_588 PARTITION OF t FOR VALUES WITH (modulus 1000, remainder 588)
CREATE TABLE
CREATE TABLE t_589 PARTITION OF t FOR VALUES WITH (modulus 1000, remainder 589)
CREATE TABLE
CREATE TABLE t_590 PARTITION OF t FOR VALUES WITH (modulus 1000, remainder 590)
CREATE TABLE
CREATE TABLE t_591 PARTITION OF t FOR VALUES WITH (modulus 1000, remainder 591)
CREATE TABLE
CREATE TABLE t_592 PARTITION OF t FOR VALUES WITH (modulus 1000, remainder 592)
CREATE TABLE
CREATE TABLE t_593 PARTITION OF t FOR VALUES WITH (modulus 1000, remainder 593)
CREATE TABLE
CREATE TABLE t_594 PARTITION OF t FOR VALUES WITH (modulus 1000, remainder 594)
CREATE TABLE
CREATE TABLE t_595 PARTITION OF t FOR VALUES WITH (modulus 1000, remainder 595)
CREATE TABLE
CREATE TABLE t_596 PARTITION OF t FOR VALUES WITH (modulus 1000, remainder 596)
CREATE TABLE
CREATE TABLE t_597 PARTITION OF t FOR VALUES WITH (modulus 1000, remainder 597)
CREATE TABLE
CREATE TABLE t_598 PARTITION OF t FOR VALUES WITH (modulus 1000, remainder 598)
CREATE TABLE
CREATE TABLE t_599 PARTITION OF t FOR VALUES WITH (modulus 1000, remainder 599)
CREATE TABLE
CREATE TABLE t_600 PARTITION OF t FOR VALUES WITH (modulus 1000, remainder 600)
CREATE TABLE
CREATE TABLE t_601 PARTITION OF t FOR VALUES WITH (modulus 1000, remainder 601)
CREATE TABLE
CREATE TABLE t_602 PARTITION OF t FOR VALUES WITH (modulus 1000, remainder 602)
CREATE TABLE
CREATE TABLE t_603 PARTITION OF t FOR VALUES WITH (modulus 1000, remainder 603)
CREATE TABLE
CREATE TABLE t_604 PARTITION OF t FOR VALUES WITH (modulus 1000, remainder 604)
CREATE TABLE
CREATE TABLE t_605 PARTITION OF t FOR VALUES WITH (modulus 1000, remainder 605)
CREATE TABLE
CREATE TABLE t_606 PARTITION OF t FOR VALUES WITH (modulus 1000, remainder 606)
CREATE TABLE
CREATE TABLE t_607 PARTITION OF t FOR VALUES WITH (modulus 1000, remainder 607)
CREATE TABLE
CREATE TABLE t_608 PARTITION OF t FOR VALUES WITH (modulus 1000, remainder 608)
CREATE TABLE
CREATE TABLE t_609 PARTITION OF t FOR VALUES WITH (modulus 1000, remainder 609)
CREATE TABLE
CREATE TABLE t_610 PARTITION OF t FOR VALUES WITH (modulus 1000, remainder 610)
CREATE TABLE
CREATE TABLE t_611 PARTITION OF t FOR VALUES WITH (modulus 1000, remainder 611)
CREATE TABLE
CREATE TABLE t_612 PARTITION OF t FOR VALUES WITH (modulus 1000, remainder 612)
CREATE TABLE
CREATE TABLE t_613 PARTITION OF t FOR VALUES WITH (modulus 1000, remainder 613)
CREATE TABLE
CREATE TABLE t_614 PARTITION OF t FOR VALUES WITH (modulus 1000, remainder 614)
CREATE TABLE
CREATE TABLE t_615 PARTITION OF t FOR VALUES WITH (modulus 1000, remainder 615)
CREATE TABLE
CREATE TABLE t_616 PARTITION OF t FOR VALUES WITH (modulus 1000, remainder 616)
CREATE TABLE
CREATE TABLE t_617 PARTITION OF t FOR VALUES WITH (modulus 1000, remainder 617)
CREATE TABLE
CREATE TABLE t_618 PARTITION OF t FOR VALUES WITH (modulus 1000, remainder 618)
CREATE TABLE
CREATE TABLE t_619 PARTITION OF t FOR VALUES WITH (modulus 1000, remainder 619)
CREATE TABLE
CREATE TABLE t_620 PARTITION OF t FOR VALUES WITH (modulus 1000, remainder 620)
CREATE TABLE
CREATE TABLE t_621 PARTITION OF t FOR VALUES WITH (modulus 1000, remainder 621)
CREATE TABLE
CREATE TABLE t_622 PARTITION OF t FOR VALUES WITH (modulus 1000, remainder 622)
CREATE TABLE
CREATE TABLE t_623 PARTITION OF t FOR VALUES WITH (modulus 1000, remainder 623)
CREATE TABLE
CREATE TABLE t_624 PARTITION OF t FOR VALUES WITH (modulus 1000, remainder 624)
CREATE TABLE
CREATE TABLE t_625 PARTITION OF t FOR VALUES WITH (modulus 1000, remainder 625)
CREATE TABLE
CREATE TABLE t_626 PARTITION OF t FOR VALUES WITH (modulus 1000, remainder 626)
CREATE TABLE
CREATE TABLE t_627 PARTITION OF t FOR VALUES WITH (modulus 1000, remainder 627)
CREATE TABLE
CREATE TABLE t_628 PARTITION OF t FOR VALUES WITH (modulus 1000, remainder 628)
CREATE TABLE
CREATE TABLE t_629 PARTITION OF t FOR VALUES WITH (modulus 1000, remainder 629)
CREATE TABLE
CREATE TABLE t_630 PARTITION OF t FOR VALUES WITH (modulus 1000, remainder 630)
CREATE TABLE
CREATE TABLE t_631 PARTITION OF t FOR VALUES WITH (modulus 1000, remainder 631)
CREATE TABLE
CREATE TABLE t_632 PARTITION OF t FOR VALUES WITH (modulus 1000, remainder 632)
CREATE TABLE
CREATE TABLE t_633 PARTITION OF t FOR VALUES WITH (modulus 1000, remainder 633)
CREATE TABLE
CREATE TABLE t_634 PARTITION OF t FOR VALUES WITH (modulus 1000, remainder 634)
CREATE TABLE
CREATE TABLE t_635 PARTITION OF t FOR VALUES WITH (modulus 1000, remainder 635)
CREATE TABLE
CREATE TABLE t_636 PARTITION OF t FOR VALUES WITH (modulus 1000, remainder 636)
CREATE TABLE
CREATE TABLE t_637 PARTITION OF t FOR VALUES WITH (modulus 1000, remainder 637)
CREATE TABLE
CREATE TABLE t_638 PARTITION OF t FOR VALUES WITH (modulus 1000, remainder 638)
CREATE TABLE
CREATE TABLE t_639 PARTITION OF t FOR VALUES WITH (modulus 1000, remainder 639)
CREATE TABLE
CREATE TABLE t_640 PARTITION OF t FOR VALUES WITH (modulus 1000, remainder 640)
CREATE TABLE
CREATE TABLE t_641 PARTITION OF t FOR VALUES WITH (modulus 1000, remainder 641)
CREATE TABLE
CREATE TABLE t_642 PARTITION OF t FOR VALUES WITH (modulus 1000, remainder 642)
CREATE TABLE
CREATE TABLE t_643 PARTITION OF t FOR VALUES WITH (modulus 1000, remainder 643)
CREATE TABLE
CREATE TABLE t_644 PARTITION OF t FOR VALUES WITH (modulus 1000, remainder 644)
CREATE TABLE
CREATE TABLE t_645 PARTITION OF t FOR VALUES WITH (modulus 1000, remainder 645)
CREATE TABLE
CREATE TABLE t_646 PARTITION OF t FOR VALUES WITH (modulus 1000, remainder 646)
CREATE TABLE
CREATE TABLE t_647 PARTITION OF t FOR VALUES WITH (modulus 1000, remainder 647)
CREATE TABLE
CREATE TABLE t_648 PARTITION OF t FOR VALUES WITH (modulus 1000, remainder 648)
CREATE TABLE
CREATE TABLE t_649 PARTITION OF t FOR VALUES WITH (modulus 1000, remainder 649)
CREATE TABLE
CREATE TABLE t_650 PARTITION OF t FOR VALUES WITH (modulus 1000, remainder 650)
CREATE TABLE
CREATE TABLE t_651 PARTITION OF t FOR VALUES WITH (modulus 1000, remainder 651)
CREATE TABLE
CREATE TABLE t_652 PARTITION OF t FOR VALUES WITH (modulus 1000, remainder 652)
CREATE TABLE
CREATE TABLE t_653 PARTITION OF t FOR VALUES WITH (modulus 1000, remainder 653)
CREATE TABLE
CREATE TABLE t_654 PARTITION OF t FOR VALUES WITH (modulus 1000, remainder 654)
CREATE TABLE
CREATE TABLE t_655 PARTITION OF t FOR VALUES WITH (modulus 1000, remainder 655)
CREATE TABLE
CREATE TABLE t_656 PARTITION OF t FOR VALUES WITH (modulus 1000, remainder 656)
CREATE TABLE
CREATE TABLE t_657 PARTITION OF t FOR VALUES WITH (modulus 1000, remainder 657)
CREATE TABLE
CREATE TABLE t_658 PARTITION OF t FOR VALUES WITH (modulus 1000, remainder 658)
CREATE TABLE
CREATE TABLE t_659 PARTITION OF t FOR VALUES WITH (modulus 1000, remainder 659)
CREATE TABLE
CREATE TABLE t_660 PARTITION OF t FOR VALUES WITH (modulus 1000, remainder 660)
CREATE TABLE
CREATE TABLE t_661 PARTITION OF t FOR VALUES WITH (modulus 1000, remainder 661)
CREATE TABLE
CREATE TABLE t_662 PARTITION OF t FOR VALUES WITH (modulus 1000, remainder 662)
CREATE TABLE
CREATE TABLE t_663 PARTITION OF t FOR VALUES WITH (modulus 1000, remainder 663)
CREATE TABLE
CREATE TABLE t_664 PARTITION OF t FOR VALUES WITH (modulus 1000, remainder 664)
CREATE TABLE
CREATE TABLE t_665 PARTITION OF t FOR VALUES WITH (modulus 1000, remainder 665)
CREATE TABLE
CREATE TABLE t_666 PARTITION OF t FOR VALUES WITH (modulus 1000, remainder 666)
CREATE TABLE
CREATE TABLE t_667 PARTITION OF t FOR VALUES WITH (modulus 1000, remainder 667)
CREATE TABLE
CREATE TABLE t_668 PARTITION OF t FOR VALUES WITH (modulus 1000, remainder 668)
CREATE TABLE
CREATE TABLE t_669 PARTITION OF t FOR VALUES WITH (modulus 1000, remainder 669)
CREATE TABLE
CREATE TABLE t_670 PARTITION OF t FOR VALUES WITH (modulus 1000, remainder 670)
CREATE TABLE
CREATE TABLE t_671 PARTITION OF t FOR VALUES WITH (modulus 1000, remainder 671)
CREATE TABLE
CREATE TABLE t_672 PARTITION OF t FOR VALUES WITH (modulus 1000, remainder 672)
CREATE TABLE
CREATE TABLE t_673 PARTITION OF t FOR VALUES WITH (modulus 1000, remainder 673)
CREATE TABLE
CREATE TABLE t_674 PARTITION OF t FOR VALUES WITH (modulus 1000, remainder 674)
CREATE TABLE
CREATE TABLE t_675 PARTITION OF t FOR VALUES WITH (modulus 1000, remainder 675)
CREATE TABLE
CREATE TABLE t_676 PARTITION OF t FOR VALUES WITH (modulus 1000, remainder 676)
CREATE TABLE
CREATE TABLE t_677 PARTITION OF t FOR VALUES WITH (modulus 1000, remainder 677)
CREATE TABLE
CREATE TABLE t_678 PARTITION OF t FOR VALUES WITH (modulus 1000, remainder 678)
CREATE TABLE
CREATE TABLE t_679 PARTITION OF t FOR VALUES WITH (modulus 1000, remainder 679)
CREATE TABLE
CREATE TABLE t_680 PARTITION OF t FOR VALUES WITH (modulus 1000, remainder 680)
CREATE TABLE
CREATE TABLE t_681 PARTITION OF t FOR VALUES WITH (modulus 1000, remainder 681)
CREATE TABLE
CREATE TABLE t_682 PARTITION OF t FOR VALUES WITH (modulus 1000, remainder 682)
CREATE TABLE
CREATE TABLE t_683 PARTITION OF t FOR VALUES WITH (modulus 1000, remainder 683)
CREATE TABLE
CREATE TABLE t_684 PARTITION OF t FOR VALUES WITH (modulus 1000, remainder 684)
CREATE TABLE
CREATE TABLE t_685 PARTITION OF t FOR VALUES WITH (modulus 1000, remainder 685)
CREATE TABLE
CREATE TABLE t_686 PARTITION OF t FOR VALUES WITH (modulus 1000, remainder 686)
CREATE TABLE
CREATE TABLE t_687 PARTITION OF t FOR VALUES WITH (modulus 1000, remainder 687)
CREATE TABLE
CREATE TABLE t_688 PARTITION OF t FOR VALUES WITH (modulus 1000, remainder 688)
CREATE TABLE
CREATE TABLE t_689 PARTITION OF t FOR VALUES WITH (modulus 1000, remainder 689)
CREATE TABLE
CREATE TABLE t_690 PARTITION OF t FOR VALUES WITH (modulus 1000, remainder 690)
CREATE TABLE
CREATE TABLE t_691 PARTITION OF t FOR VALUES WITH (modulus 1000, remainder 691)
CREATE TABLE
CREATE TABLE t_692 PARTITION OF t FOR VALUES WITH (modulus 1000, remainder 692)
CREATE TABLE
CREATE TABLE t_693 PARTITION OF t FOR VALUES WITH (modulus 1000, remainder 693)
CREATE TABLE
CREATE TABLE t_694 PARTITION OF t FOR VALUES WITH (modulus 1000, remainder 694)
CREATE TABLE
CREATE TABLE t_695 PARTITION OF t FOR VALUES WITH (modulus 1000, remainder 695)
CREATE TABLE
CREATE TABLE t_696 PARTITION OF t FOR VALUES WITH (modulus 1000, remainder 696)
CREATE TABLE
CREATE TABLE t_697 PARTITION OF t FOR VALUES WITH (modulus 1000, remainder 697)
CREATE TABLE
CREATE TABLE t_698 PARTITION OF t FOR VALUES WITH (modulus 1000, remainder 698)
CREATE TABLE
CREATE TABLE t_699 PARTITION OF t FOR VALUES WITH (modulus 1000, remainder 699)
CREATE TABLE
CREATE TABLE t_700 PARTITION OF t FOR VALUES WITH (modulus 1000, remainder 700)
CREATE TABLE
CREATE TABLE t_701 PARTITION OF t FOR VALUES WITH (modulus 1000, remainder 701)
CREATE TABLE
CREATE TABLE t_702 PARTITION OF t FOR VALUES WITH (modulus 1000, remainder 702)
CREATE TABLE
CREATE TABLE t_703 PARTITION OF t FOR VALUES WITH (modulus 1000, remainder 703)
CREATE TABLE
CREATE TABLE t_704 PARTITION OF t FOR VALUES WITH (modulus 1000, remainder 704)
CREATE TABLE
CREATE TABLE t_705 PARTITION OF t FOR VALUES WITH (modulus 1000, remainder 705)
CREATE TABLE
CREATE TABLE t_706 PARTITION OF t FOR VALUES WITH (modulus 1000, remainder 706)
CREATE TABLE
CREATE TABLE t_707 PARTITION OF t FOR VALUES WITH (modulus 1000, remainder 707)
CREATE TABLE
CREATE TABLE t_708 PARTITION OF t FOR VALUES WITH (modulus 1000, remainder 708)
CREATE TABLE
CREATE TABLE t_709 PARTITION OF t FOR VALUES WITH (modulus 1000, remainder 709)
CREATE TABLE
CREATE TABLE t_710 PARTITION OF t FOR VALUES WITH (modulus 1000, remainder 710)
CREATE TABLE
CREATE TABLE t_711 PARTITION OF t FOR VALUES WITH (modulus 1000, remainder 711)
CREATE TABLE
CREATE TABLE t_712 PARTITION OF t FOR VALUES WITH (modulus 1000, remainder 712)
CREATE TABLE
CREATE TABLE t_713 PARTITION OF t FOR VALUES WITH (modulus 1000, remainder 713)
CREATE TABLE
CREATE TABLE t_714 PARTITION OF t FOR VALUES WITH (modulus 1000, remainder 714)
CREATE TABLE
CREATE TABLE t_715 PARTITION OF t FOR VALUES WITH (modulus 1000, remainder 715)
CREATE TABLE
CREATE TABLE t_716 PARTITION OF t FOR VALUES WITH (modulus 1000, remainder 716)
CREATE TABLE
CREATE TABLE t_717 PARTITION OF t FOR VALUES WITH (modulus 1000, remainder 717)
CREATE TABLE
CREATE TABLE t_718 PARTITION OF t FOR VALUES WITH (modulus 1000, remainder 718)
CREATE TABLE
CREATE TABLE t_719 PARTITION OF t FOR VALUES WITH (modulus 1000, remainder 719)
CREATE TABLE
CREATE TABLE t_720 PARTITION OF t FOR VALUES WITH (modulus 1000, remainder 720)
CREATE TABLE
CREATE TABLE t_721 PARTITION OF t FOR VALUES WITH (modulus 1000, remainder 721)
CREATE TABLE
CREATE TABLE t_722 PARTITION OF t FOR VALUES WITH (modulus 1000, remainder 722)
CREATE TABLE
CREATE TABLE t_723 PARTITION OF t FOR VALUES WITH (modulus 1000, remainder 723)
CREATE TABLE
CREATE TABLE t_724 PARTITION OF t FOR VALUES WITH (modulus 1000, remainder 724)
CREATE TABLE
CREATE TABLE t_725 PARTITION OF t FOR VALUES WITH (modulus 1000, remainder 725)
CREATE TABLE
CREATE TABLE t_726 PARTITION OF t FOR VALUES WITH (modulus 1000, remainder 726)
CREATE TABLE
CREATE TABLE t_727 PARTITION OF t FOR VALUES WITH (modulus 1000, remainder 727)
CREATE TABLE
CREATE TABLE t_728 PARTITION OF t FOR VALUES WITH (modulus 1000, remainder 728)
CREATE TABLE
CREATE TABLE t_729 PARTITION OF t FOR VALUES WITH (modulus 1000, remainder 729)
CREATE TABLE
CREATE TABLE t_730 PARTITION OF t FOR VALUES WITH (modulus 1000, remainder 730)
CREATE TABLE
CREATE TABLE t_731 PARTITION OF t FOR VALUES WITH (modulus 1000, remainder 731)
CREATE TABLE
CREATE TABLE t_732 PARTITION OF t FOR VALUES WITH (modulus 1000, remainder 732)
CREATE TABLE
CREATE TABLE t_733 PARTITION OF t FOR VALUES WITH (modulus 1000, remainder 733)
CREATE TABLE
CREATE TABLE t_734 PARTITION OF t FOR VALUES WITH (modulus 1000, remainder 734)
CREATE TABLE
CREATE TABLE t_735 PARTITION OF t FOR VALUES WITH (modulus 1000, remainder 735)
CREATE TABLE
CREATE TABLE t_736 PARTITION OF t FOR VALUES WITH (modulus 1000, remainder 736)
CREATE TABLE
CREATE TABLE t_737 PARTITION OF t FOR VALUES WITH (modulus 1000, remainder 737)
CREATE TABLE
CREATE TABLE t_738 PARTITION OF t FOR VALUES WITH (modulus 1000, remainder 738)
CREATE TABLE
CREATE TABLE t_739 PARTITION OF t FOR VALUES WITH (modulus 1000, remainder 739)
CREATE TABLE
CREATE TABLE t_740 PARTITION OF t FOR VALUES WITH (modulus 1000, remainder 740)
CREATE TABLE
CREATE TABLE t_741 PARTITION OF t FOR VALUES WITH (modulus 1000, remainder 741)
CREATE TABLE
CREATE TABLE t_742 PARTITION OF t FOR VALUES WITH (modulus 1000, remainder 742)
CREATE TABLE
CREATE TABLE t_743 PARTITION OF t FOR VALUES WITH (modulus 1000, remainder 743)
CREATE TABLE
CREATE TABLE t_744 PARTITION OF t FOR VALUES WITH (modulus 1000, remainder 744)
CREATE TABLE
CREATE TABLE t_745 PARTITION OF t FOR VALUES WITH (modulus 1000, remainder 745)
CREATE TABLE
CREATE TABLE t_746 PARTITION OF t FOR VALUES WITH (modulus 1000, remainder 746)
CREATE TABLE
CREATE TABLE t_747 PARTITION OF t FOR VALUES WITH (modulus 1000, remainder 747)
CREATE TABLE
CREATE TABLE t_748 PARTITION OF t FOR VALUES WITH (modulus 1000, remainder 748)
CREATE TABLE
CREATE TABLE t_749 PARTITION OF t FOR VALUES WITH (modulus 1000, remainder 749)
CREATE TABLE
CREATE TABLE t_750 PARTITION OF t FOR VALUES WITH (modulus 1000, remainder 750)
CREATE TABLE
CREATE TABLE t_751 PARTITION OF t FOR VALUES WITH (modulus 1000, remainder 751)
CREATE TABLE
CREATE TABLE t_752 PARTITION OF t FOR VALUES WITH (modulus 1000, remainder 752)
CREATE TABLE
CREATE TABLE t_753 PARTITION OF t FOR VALUES WITH (modulus 1000, remainder 753)
CREATE TABLE
CREATE TABLE t_754 PARTITION OF t FOR VALUES WITH (modulus 1000, remainder 754)
CREATE TABLE
CREATE TABLE t_755 PARTITION OF t FOR VALUES WITH (modulus 1000, remainder 755)
CREATE TABLE
CREATE TABLE t_756 PARTITION OF t FOR VALUES WITH (modulus 1000, remainder 756)
CREATE TABLE
CREATE TABLE t_757 PARTITION OF t FOR VALUES WITH (modulus 1000, remainder 757)
CREATE TABLE
CREATE TABLE t_758 PARTITION OF t FOR VALUES WITH (modulus 1000, remainder 758)
CREATE TABLE
CREATE TABLE t_759 PARTITION OF t FOR VALUES WITH (modulus 1000, remainder 759)
CREATE TABLE
CREATE TABLE t_760 PARTITION OF t FOR VALUES WITH (modulus 1000, remainder 760)
CREATE TABLE
CREATE TABLE t_761 PARTITION OF t FOR VALUES WITH (modulus 1000, remainder 761)
CREATE TABLE
CREATE TABLE t_762 PARTITION OF t FOR VALUES WITH (modulus 1000, remainder 762)
CREATE TABLE
CREATE TABLE t_763 PARTITION OF t FOR VALUES WITH (modulus 1000, remainder 763)
CREATE TABLE
CREATE TABLE t_764 PARTITION OF t FOR VALUES WITH (modulus 1000, remainder 764)
CREATE TABLE
CREATE TABLE t_765 PARTITION OF t FOR VALUES WITH (modulus 1000, remainder 765)
CREATE TABLE
CREATE TABLE t_766 PARTITION OF t FOR VALUES WITH (modulus 1000, remainder 766)
CREATE TABLE
CREATE TABLE t_767 PARTITION OF t FOR VALUES WITH (modulus 1000, remainder 767)
CREATE TABLE
CREATE TABLE t_768 PARTITION OF t FOR VALUES WITH (modulus 1000, remainder 768)
CREATE TABLE
CREATE TABLE t_769 PARTITION OF t FOR VALUES WITH (modulus 1000, remainder 769)
CREATE TABLE
CREATE TABLE t_770 PARTITION OF t FOR VALUES WITH (modulus 1000, remainder 770)
CREATE TABLE
CREATE TABLE t_771 PARTITION OF t FOR VALUES WITH (modulus 1000, remainder 771)
CREATE TABLE
CREATE TABLE t_772 PARTITION OF t FOR VALUES WITH (modulus 1000, remainder 772)
CREATE TABLE
CREATE TABLE t_773 PARTITION OF t FOR VALUES WITH (modulus 1000, remainder 773)
CREATE TABLE
CREATE TABLE t_774 PARTITION OF t FOR VALUES WITH (modulus 1000, remainder 774)
CREATE TABLE
CREATE TABLE t_775 PARTITION OF t FOR VALUES WITH (modulus 1000, remainder 775)
CREATE TABLE
CREATE TABLE t_776 PARTITION OF t FOR VALUES WITH (modulus 1000, remainder 776)
CREATE TABLE
CREATE TABLE t_777 PARTITION OF t FOR VALUES WITH (modulus 1000, remainder 777)
CREATE TABLE
CREATE TABLE t_778 PARTITION OF t FOR VALUES WITH (modulus 1000, remainder 778)
CREATE TABLE
CREATE TABLE t_779 PARTITION OF t FOR VALUES WITH (modulus 1000, remainder 779)
CREATE TABLE
CREATE TABLE t_780 PARTITION OF t FOR VALUES WITH (modulus 1000, remainder 780)
CREATE TABLE
CREATE TABLE t_781 PARTITION OF t FOR VALUES WITH (modulus 1000, remainder 781)
CREATE TABLE
CREATE TABLE t_782 PARTITION OF t FOR VALUES WITH (modulus 1000, remainder 782)
CREATE TABLE
CREATE TABLE t_783 PARTITION OF t FOR VALUES WITH (modulus 1000, remainder 783)
CREATE TABLE
CREATE TABLE t_784 PARTITION OF t FOR VALUES WITH (modulus 1000, remainder 784)
CREATE TABLE
CREATE TABLE t_785 PARTITION OF t FOR VALUES WITH (modulus 1000, remainder 785)
CREATE TABLE
CREATE TABLE t_786 PARTITION OF t FOR VALUES WITH (modulus 1000, remainder 786)
CREATE TABLE
CREATE TABLE t_787 PARTITION OF t FOR VALUES WITH (modulus 1000, remainder 787)
CREATE TABLE
CREATE TABLE t_788 PARTITION OF t FOR VALUES WITH (modulus 1000, remainder 788)
CREATE TABLE
CREATE TABLE t_789 PARTITION OF t FOR VALUES WITH (modulus 1000, remainder 789)
CREATE TABLE
CREATE TABLE t_790 PARTITION OF t FOR VALUES WITH (modulus 1000, remainder 790)
CREATE TABLE
CREATE TABLE t_791 PARTITION OF t FOR VALUES WITH (modulus 1000, remainder 791)
CREATE TABLE
CREATE TABLE t_792 PARTITION OF t FOR VALUES WITH (modulus 1000, remainder 792)
CREATE TABLE
CREATE TABLE t_793 PARTITION OF t FOR VALUES WITH (modulus 1000, remainder 793)
CREATE TABLE
CREATE TABLE t_794 PARTITION OF t FOR VALUES WITH (modulus 1000, remainder 794)
CREATE TABLE
CREATE TABLE t_795 PARTITION OF t FOR VALUES WITH (modulus 1000, remainder 795)
CREATE TABLE
CREATE TABLE t_796 PARTITION OF t FOR VALUES WITH (modulus 1000, remainder 796)
CREATE TABLE
CREATE TABLE t_797 PARTITION OF t FOR VALUES WITH (modulus 1000, remainder 797)
CREATE TABLE
CREATE TABLE t_798 PARTITION OF t FOR VALUES WITH (modulus 1000, remainder 798)
CREATE TABLE
CREATE TABLE t_799 PARTITION OF t FOR VALUES WITH (modulus 1000, remainder 799)
CREATE TABLE
CREATE TABLE t_800 PARTITION OF t FOR VALUES WITH (modulus 1000, remainder 800)
CREATE TABLE
CREATE TABLE t_801 PARTITION OF t FOR VALUES WITH (modulus 1000, remainder 801)
CREATE TABLE
CREATE TABLE t_802 PARTITION OF t FOR VALUES WITH (modulus 1000, remainder 802)
CREATE TABLE
CREATE TABLE t_803 PARTITION OF t FOR VALUES WITH (modulus 1000, remainder 803)
CREATE TABLE
CREATE TABLE t_804 PARTITION OF t FOR VALUES WITH (modulus 1000, remainder 804)
CREATE TABLE
CREATE TABLE t_805 PARTITION OF t FOR VALUES WITH (modulus 1000, remainder 805)
CREATE TABLE
CREATE TABLE t_806 PARTITION OF t FOR VALUES WITH (modulus 1000, remainder 806)
CREATE TABLE
CREATE TABLE t_807 PARTITION OF t FOR VALUES WITH (modulus 1000, remainder 807)
CREATE TABLE
CREATE TABLE t_808 PARTITION OF t FOR VALUES WITH (modulus 1000, remainder 808)
CREATE TABLE
CREATE TABLE t_809 PARTITION OF t FOR VALUES WITH (modulus 1000, remainder 809)
CREATE TABLE
CREATE TABLE t_810 PARTITION OF t FOR VALUES WITH (modulus 1000, remainder 810)
CREATE TABLE
CREATE TABLE t_811 PARTITION OF t FOR VALUES WITH (modulus 1000, remainder 811)
CREATE TABLE
CREATE TABLE t_812 PARTITION OF t FOR VALUES WITH (modulus 1000, remainder 812)
CREATE TABLE
CREATE TABLE t_813 PARTITION OF t FOR VALUES WITH (modulus 1000, remainder 813)
CREATE TABLE
CREATE TABLE t_814 PARTITION OF t FOR VALUES WITH (modulus 1000, remainder 814)
CREATE TABLE
CREATE TABLE t_815 PARTITION OF t FOR VALUES WITH (modulus 1000, remainder 815)
CREATE TABLE
CREATE TABLE t_816 PARTITION OF t FOR VALUES WITH (modulus 1000, remainder 816)
CREATE TABLE
CREATE TABLE t_817 PARTITION OF t FOR VALUES WITH (modulus 1000, remainder 817)
CREATE TABLE
CREATE TABLE t_818 PARTITION OF t FOR VALUES WITH (modulus 1000, remainder 818)
CREATE TABLE
CREATE TABLE t_819 PARTITION OF t FOR VALUES WITH (modulus 1000, remainder 819)
CREATE TABLE
CREATE TABLE t_820 PARTITION OF t FOR VALUES WITH (modulus 1000, remainder 820)
CREATE TABLE
CREATE TABLE t_821 PARTITION OF t FOR VALUES WITH (modulus 1000, remainder 821)
CREATE TABLE
CREATE TABLE t_822 PARTITION OF t FOR VALUES WITH (modulus 1000, remainder 822)
CREATE TABLE
CREATE TABLE t_823 PARTITION OF t FOR VALUES WITH (modulus 1000, remainder 823)
CREATE TABLE
CREATE TABLE t_824 PARTITION OF t FOR VALUES WITH (modulus 1000, remainder 824)
CREATE TABLE
CREATE TABLE t_825 PARTITION OF t FOR VALUES WITH (modulus 1000, remainder 825)
CREATE TABLE
CREATE TABLE t_826 PARTITION OF t FOR VALUES WITH (modulus 1000, remainder 826)
CREATE TABLE
CREATE TABLE t_827 PARTITION OF t FOR VALUES WITH (modulus 1000, remainder 827)
CREATE TABLE
CREATE TABLE t_828 PARTITION OF t FOR VALUES WITH (modulus 1000, remainder 828)
CREATE TABLE
CREATE TABLE t_829 PARTITION OF t FOR VALUES WITH (modulus 1000, remainder 829)
CREATE TABLE
CREATE TABLE t_830 PARTITION OF t FOR VALUES WITH (modulus 1000, remainder 830)
CREATE TABLE
CREATE TABLE t_831 PARTITION OF t FOR VALUES WITH (modulus 1000, remainder 831)
CREATE TABLE
CREATE TABLE t_832 PARTITION OF t FOR VALUES WITH (modulus 1000, remainder 832)
CREATE TABLE
CREATE TABLE t_833 PARTITION OF t FOR VALUES WITH (modulus 1000, remainder 833)
CREATE TABLE
CREATE TABLE t_834 PARTITION OF t FOR VALUES WITH (modulus 1000, remainder 834)
CREATE TABLE
CREATE TABLE t_835 PARTITION OF t FOR VALUES WITH (modulus 1000, remainder 835)
CREATE TABLE
CREATE TABLE t_836 PARTITION OF t FOR VALUES WITH (modulus 1000, remainder 836)
CREATE TABLE
CREATE TABLE t_837 PARTITION OF t FOR VALUES WITH (modulus 1000, remainder 837)
CREATE TABLE
CREATE TABLE t_838 PARTITION OF t FOR VALUES WITH (modulus 1000, remainder 838)
CREATE TABLE
CREATE TABLE t_839 PARTITION OF t FOR VALUES WITH (modulus 1000, remainder 839)
CREATE TABLE
CREATE TABLE t_840 PARTITION OF t FOR VALUES WITH (modulus 1000, remainder 840)
CREATE TABLE
CREATE TABLE t_841 PARTITION OF t FOR VALUES WITH (modulus 1000, remainder 841)
CREATE TABLE
CREATE TABLE t_842 PARTITION OF t FOR VALUES WITH (modulus 1000, remainder 842)
CREATE TABLE
CREATE TABLE t_843 PARTITION OF t FOR VALUES WITH (modulus 1000, remainder 843)
CREATE TABLE
CREATE TABLE t_844 PARTITION OF t FOR VALUES WITH (modulus 1000, remainder 844)
CREATE TABLE
CREATE TABLE t_845 PARTITION OF t FOR VALUES WITH (modulus 1000, remainder 845)
CREATE TABLE
CREATE TABLE t_846 PARTITION OF t FOR VALUES WITH (modulus 1000, remainder 846)
CREATE TABLE
CREATE TABLE t_847 PARTITION OF t FOR VALUES WITH (modulus 1000, remainder 847)
CREATE TABLE
CREATE TABLE t_848 PARTITION OF t FOR VALUES WITH (modulus 1000, remainder 848)
CREATE TABLE
CREATE TABLE t_849 PARTITION OF t FOR VALUES WITH (modulus 1000, remainder 849)
CREATE TABLE
CREATE TABLE t_850 PARTITION OF t FOR VALUES WITH (modulus 1000, remainder 850)
CREATE TABLE
CREATE TABLE t_851 PARTITION OF t FOR VALUES WITH (modulus 1000, remainder 851)
CREATE TABLE
CREATE TABLE t_852 PARTITION OF t FOR VALUES WITH (modulus 1000, remainder 852)
CREATE TABLE
CREATE TABLE t_853 PARTITION OF t FOR VALUES WITH (modulus 1000, remainder 853)
CREATE TABLE
CREATE TABLE t_854 PARTITION OF t FOR VALUES WITH (modulus 1000, remainder 854)
CREATE TABLE
CREATE TABLE t_855 PARTITION OF t FOR VALUES WITH (modulus 1000, remainder 855)
CREATE TABLE
CREATE TABLE t_856 PARTITION OF t FOR VALUES WITH (modulus 1000, remainder 856)
CREATE TABLE
CREATE TABLE t_857 PARTITION OF t FOR VALUES WITH (modulus 1000, remainder 857)
CREATE TABLE
CREATE TABLE t_858 PARTITION OF t FOR VALUES WITH (modulus 1000, remainder 858)
CREATE TABLE
CREATE TABLE t_859 PARTITION OF t FOR VALUES WITH (modulus 1000, remainder 859)
CREATE TABLE
CREATE TABLE t_860 PARTITION OF t FOR VALUES WITH (modulus 1000, remainder 860)
CREATE TABLE
CREATE TABLE t_861 PARTITION OF t FOR VALUES WITH (modulus 1000, remainder 861)
CREATE TABLE
CREATE TABLE t_862 PARTITION OF t FOR VALUES WITH (modulus 1000, remainder 862)
CREATE TABLE
CREATE TABLE t_863 PARTITION OF t FOR VALUES WITH (modulus 1000, remainder 863)
CREATE TABLE
CREATE TABLE t_864 PARTITION OF t FOR VALUES WITH (modulus 1000, remainder 864)
CREATE TABLE
CREATE TABLE t_865 PARTITION OF t FOR VALUES WITH (modulus 1000, remainder 865)
CREATE TABLE
CREATE TABLE t_866 PARTITION OF t FOR VALUES WITH (modulus 1000, remainder 866)
CREATE TABLE
CREATE TABLE t_867 PARTITION OF t FOR VALUES WITH (modulus 1000, remainder 867)
CREATE TABLE
CREATE TABLE t_868 PARTITION OF t FOR VALUES WITH (modulus 1000, remainder 868)
CREATE TABLE
CREATE TABLE t_869 PARTITION OF t FOR VALUES WITH (modulus 1000, remainder 869)
CREATE TABLE
CREATE TABLE t_870 PARTITION OF t FOR VALUES WITH (modulus 1000, remainder 870)
CREATE TABLE
CREATE TABLE t_871 PARTITION OF t FOR VALUES WITH (modulus 1000, remainder 871)
CREATE TABLE
CREATE TABLE t_872 PARTITION OF t FOR VALUES WITH (modulus 1000, remainder 872)
CREATE TABLE
CREATE TABLE t_873 PARTITION OF t FOR VALUES WITH (modulus 1000, remainder 873)
CREATE TABLE
CREATE TABLE t_874 PARTITION OF t FOR VALUES WITH (modulus 1000, remainder 874)
CREATE TABLE
CREATE TABLE t_875 PARTITION OF t FOR VALUES WITH (modulus 1000, remainder 875)
CREATE TABLE
CREATE TABLE t_876 PARTITION OF t FOR VALUES WITH (modulus 1000, remainder 876)
CREATE TABLE
CREATE TABLE t_877 PARTITION OF t FOR VALUES WITH (modulus 1000, remainder 877)
CREATE TABLE
CREATE TABLE t_878 PARTITION OF t FOR VALUES WITH (modulus 1000, remainder 878)
CREATE TABLE
CREATE TABLE t_879 PARTITION OF t FOR VALUES WITH (modulus 1000, remainder 879)
CREATE TABLE
CREATE TABLE t_880 PARTITION OF t FOR VALUES WITH (modulus 1000, remainder 880)
CREATE TABLE
CREATE TABLE t_881 PARTITION OF t FOR VALUES WITH (modulus 1000, remainder 881)
CREATE TABLE
CREATE TABLE t_882 PARTITION OF t FOR VALUES WITH (modulus 1000, remainder 882)
CREATE TABLE
CREATE TABLE t_883 PARTITION OF t FOR VALUES WITH (modulus 1000, remainder 883)
CREATE TABLE
CREATE TABLE t_884 PARTITION OF t FOR VALUES WITH (modulus 1000, remainder 884)
CREATE TABLE
CREATE TABLE t_885 PARTITION OF t FOR VALUES WITH (modulus 1000, remainder 885)
CREATE TABLE
CREATE TABLE t_886 PARTITION OF t FOR VALUES WITH (modulus 1000, remainder 886)
CREATE TABLE
CREATE TABLE t_887 PARTITION OF t FOR VALUES WITH (modulus 1000, remainder 887)
CREATE TABLE
CREATE TABLE t_888 PARTITION OF t FOR VALUES WITH (modulus 1000, remainder 888)
CREATE TABLE
CREATE TABLE t_889 PARTITION OF t FOR VALUES WITH (modulus 1000, remainder 889)
CREATE TABLE
CREATE TABLE t_890 PARTITION OF t FOR VALUES WITH (modulus 1000, remainder 890)
CREATE TABLE
CREATE TABLE t_891 PARTITION OF t FOR VALUES WITH (modulus 1000, remainder 891)
CREATE TABLE
CREATE TABLE t_892 PARTITION OF t FOR VALUES WITH (modulus 1000, remainder 892)
CREATE TABLE
CREATE TABLE t_893 PARTITION OF t FOR VALUES WITH (modulus 1000, remainder 893)
CREATE TABLE
CREATE TABLE t_894 PARTITION OF t FOR VALUES WITH (modulus 1000, remainder 894)
CREATE TABLE
CREATE TABLE t_895 PARTITION OF t FOR VALUES WITH (modulus 1000, remainder 895)
CREATE TABLE
CREATE TABLE t_896 PARTITION OF t FOR VALUES WITH (modulus 1000, remainder 896)
CREATE TABLE
CREATE TABLE t_897 PARTITION OF t FOR VALUES WITH (modulus 1000, remainder 897)
CREATE TABLE
CREATE TABLE t_898 PARTITION OF t FOR VALUES WITH (modulus 1000, remainder 898)
CREATE TABLE
CREATE TABLE t_899 PARTITION OF t FOR VALUES WITH (modulus 1000, remainder 899)
CREATE TABLE
CREATE TABLE t_900 PARTITION OF t FOR VALUES WITH (modulus 1000, remainder 900)
CREATE TABLE
CREATE TABLE t_901 PARTITION OF t FOR VALUES WITH (modulus 1000, remainder 901)
CREATE TABLE
CREATE TABLE t_902 PARTITION OF t FOR VALUES WITH (modulus 1000, remainder 902)
CREATE TABLE
CREATE TABLE t_903 PARTITION OF t FOR VALUES WITH (modulus 1000, remainder 903)
CREATE TABLE
CREATE TABLE t_904 PARTITION OF t FOR VALUES WITH (modulus 1000, remainder 904)
CREATE TABLE
CREATE TABLE t_905 PARTITION OF t FOR VALUES WITH (modulus 1000, remainder 905)
CREATE TABLE
CREATE TABLE t_906 PARTITION OF t FOR VALUES WITH (modulus 1000, remainder 906)
CREATE TABLE
CREATE TABLE t_907 PARTITION OF t FOR VALUES WITH (modulus 1000, remainder 907)
CREATE TABLE
CREATE TABLE t_908 PARTITION OF t FOR VALUES WITH (modulus 1000, remainder 908)
CREATE TABLE
CREATE TABLE t_909 PARTITION OF t FOR VALUES WITH (modulus 1000, remainder 909)
CREATE TABLE
CREATE TABLE t_910 PARTITION OF t FOR VALUES WITH (modulus 1000, remainder 910)
CREATE TABLE
CREATE TABLE t_911 PARTITION OF t FOR VALUES WITH (modulus 1000, remainder 911)
CREATE TABLE
CREATE TABLE t_912 PARTITION OF t FOR VALUES WITH (modulus 1000, remainder 912)
CREATE TABLE
CREATE TABLE t_913 PARTITION OF t FOR VALUES WITH (modulus 1000, remainder 913)
CREATE TABLE
CREATE TABLE t_914 PARTITION OF t FOR VALUES WITH (modulus 1000, remainder 914)
CREATE TABLE
CREATE TABLE t_915 PARTITION OF t FOR VALUES WITH (modulus 1000, remainder 915)
CREATE TABLE
CREATE TABLE t_916 PARTITION OF t FOR VALUES WITH (modulus 1000, remainder 916)
CREATE TABLE
CREATE TABLE t_917 PARTITION OF t FOR VALUES WITH (modulus 1000, remainder 917)
CREATE TABLE
CREATE TABLE t_918 PARTITION OF t FOR VALUES WITH (modulus 1000, remainder 918)
CREATE TABLE
CREATE TABLE t_919 PARTITION OF t FOR VALUES WITH (modulus 1000, remainder 919)
CREATE TABLE
CREATE TABLE t_920 PARTITION OF t FOR VALUES WITH (modulus 1000, remainder 920)
CREATE TABLE
CREATE TABLE t_921 PARTITION OF t FOR VALUES WITH (modulus 1000, remainder 921)
CREATE TABLE
CREATE TABLE t_922 PARTITION OF t FOR VALUES WITH (modulus 1000, remainder 922)
CREATE TABLE
CREATE TABLE t_923 PARTITION OF t FOR VALUES WITH (modulus 1000, remainder 923)
CREATE TABLE
CREATE TABLE t_924 PARTITION OF t FOR VALUES WITH (modulus 1000, remainder 924)
CREATE TABLE
CREATE TABLE t_925 PARTITION OF t FOR VALUES WITH (modulus 1000, remainder 925)
CREATE TABLE
CREATE TABLE t_926 PARTITION OF t FOR VALUES WITH (modulus 1000, remainder 926)
CREATE TABLE
CREATE TABLE t_927 PARTITION OF t FOR VALUES WITH (modulus 1000, remainder 927)
CREATE TABLE
CREATE TABLE t_928 PARTITION OF t FOR VALUES WITH (modulus 1000, remainder 928)
CREATE TABLE
CREATE TABLE t_929 PARTITION OF t FOR VALUES WITH (modulus 1000, remainder 929)
CREATE TABLE
CREATE TABLE t_930 PARTITION OF t FOR VALUES WITH (modulus 1000, remainder 930)
CREATE TABLE
CREATE TABLE t_931 PARTITION OF t FOR VALUES WITH (modulus 1000, remainder 931)
CREATE TABLE
CREATE TABLE t_932 PARTITION OF t FOR VALUES WITH (modulus 1000, remainder 932)
CREATE TABLE
CREATE TABLE t_933 PARTITION OF t FOR VALUES WITH (modulus 1000, remainder 933)
CREATE TABLE
CREATE TABLE t_934 PARTITION OF t FOR VALUES WITH (modulus 1000, remainder 934)
CREATE TABLE
CREATE TABLE t_935 PARTITION OF t FOR VALUES WITH (modulus 1000, remainder 935)
CREATE TABLE
CREATE TABLE t_936 PARTITION OF t FOR VALUES WITH (modulus 1000, remainder 936)
CREATE TABLE
CREATE TABLE t_937 PARTITION OF t FOR VALUES WITH (modulus 1000, remainder 937)
CREATE TABLE
CREATE TABLE t_938 PARTITION OF t FOR VALUES WITH (modulus 1000, remainder 938)
CREATE TABLE
CREATE TABLE t_939 PARTITION OF t FOR VALUES WITH (modulus 1000, remainder 939)
CREATE TABLE
CREATE TABLE t_940 PARTITION OF t FOR VALUES WITH (modulus 1000, remainder 940)
CREATE TABLE
CREATE TABLE t_941 PARTITION OF t FOR VALUES WITH (modulus 1000, remainder 941)
CREATE TABLE
CREATE TABLE t_942 PARTITION OF t FOR VALUES WITH (modulus 1000, remainder 942)
CREATE TABLE
CREATE TABLE t_943 PARTITION OF t FOR VALUES WITH (modulus 1000, remainder 943)
CREATE TABLE
CREATE TABLE t_944 PARTITION OF t FOR VALUES WITH (modulus 1000, remainder 944)
CREATE TABLE
CREATE TABLE t_945 PARTITION OF t FOR VALUES WITH (modulus 1000, remainder 945)
CREATE TABLE
CREATE TABLE t_946 PARTITION OF t FOR VALUES WITH (modulus 1000, remainder 946)
CREATE TABLE
CREATE TABLE t_947 PARTITION OF t FOR VALUES WITH (modulus 1000, remainder 947)
CREATE TABLE
CREATE TABLE t_948 PARTITION OF t FOR VALUES WITH (modulus 1000, remainder 948)
CREATE TABLE
CREATE TABLE t_949 PARTITION OF t FOR VALUES WITH (modulus 1000, remainder 949)
CREATE TABLE
CREATE TABLE t_950 PARTITION OF t FOR VALUES WITH (modulus 1000, remainder 950)
CREATE TABLE
CREATE TABLE t_951 PARTITION OF t FOR VALUES WITH (modulus 1000, remainder 951)
CREATE TABLE
CREATE TABLE t_952 PARTITION OF t FOR VALUES WITH (modulus 1000, remainder 952)
CREATE TABLE
CREATE TABLE t_953 PARTITION OF t FOR VALUES WITH (modulus 1000, remainder 953)
CREATE TABLE
CREATE TABLE t_954 PARTITION OF t FOR VALUES WITH (modulus 1000, remainder 954)
CREATE TABLE
CREATE TABLE t_955 PARTITION OF t FOR VALUES WITH (modulus 1000, remainder 955)
CREATE TABLE
CREATE TABLE t_956 PARTITION OF t FOR VALUES WITH (modulus 1000, remainder 956)
CREATE TABLE
CREATE TABLE t_957 PARTITION OF t FOR VALUES WITH (modulus 1000, remainder 957)
CREATE TABLE
CREATE TABLE t_958 PARTITION OF t FOR VALUES WITH (modulus 1000, remainder 958)
CREATE TABLE
CREATE TABLE t_959 PARTITION OF t FOR VALUES WITH (modulus 1000, remainder 959)
CREATE TABLE
CREATE TABLE t_960 PARTITION OF t FOR VALUES WITH (modulus 1000, remainder 960)
CREATE TABLE
CREATE TABLE t_961 PARTITION OF t FOR VALUES WITH (modulus 1000, remainder 961)
CREATE TABLE
CREATE TABLE t_962 PARTITION OF t FOR VALUES WITH (modulus 1000, remainder 962)
CREATE TABLE
CREATE TABLE t_963 PARTITION OF t FOR VALUES WITH (modulus 1000, remainder 963)
CREATE TABLE
CREATE TABLE t_964 PARTITION OF t FOR VALUES WITH (modulus 1000, remainder 964)
CREATE TABLE
CREATE TABLE t_965 PARTITION OF t FOR VALUES WITH (modulus 1000, remainder 965)
CREATE TABLE
CREATE TABLE t_966 PARTITION OF t FOR VALUES WITH (modulus 1000, remainder 966)
CREATE TABLE
CREATE TABLE t_967 PARTITION OF t FOR VALUES WITH (modulus 1000, remainder 967)
CREATE TABLE
CREATE TABLE t_968 PARTITION OF t FOR VALUES WITH (modulus 1000, remainder 968)
CREATE TABLE
CREATE TABLE t_969 PARTITION OF t FOR VALUES WITH (modulus 1000, remainder 969)
CREATE TABLE
CREATE TABLE t_970 PARTITION OF t FOR VALUES WITH (modulus 1000, remainder 970)
CREATE TABLE
CREATE TABLE t_971 PARTITION OF t FOR VALUES WITH (modulus 1000, remainder 971)
CREATE TABLE
CREATE TABLE t_972 PARTITION OF t FOR VALUES WITH (modulus 1000, remainder 972)
CREATE TABLE
CREATE TABLE t_973 PARTITION OF t FOR VALUES WITH (modulus 1000, remainder 973)
CREATE TABLE
CREATE TABLE t_974 PARTITION OF t FOR VALUES WITH (modulus 1000, remainder 974)
CREATE TABLE
CREATE TABLE t_975 PARTITION OF t FOR VALUES WITH (modulus 1000, remainder 975)
CREATE TABLE
CREATE TABLE t_976 PARTITION OF t FOR VALUES WITH (modulus 1000, remainder 976)
CREATE TABLE
CREATE TABLE t_977 PARTITION OF t FOR VALUES WITH (modulus 1000, remainder 977)
CREATE TABLE
CREATE TABLE t_978 PARTITION OF t FOR VALUES WITH (modulus 1000, remainder 978)
CREATE TABLE
CREATE TABLE t_979 PARTITION OF t FOR VALUES WITH (modulus 1000, remainder 979)
CREATE TABLE
CREATE TABLE t_980 PARTITION OF t FOR VALUES WITH (modulus 1000, remainder 980)
CREATE TABLE
CREATE TABLE t_981 PARTITION OF t FOR VALUES WITH (modulus 1000, remainder 981)
CREATE TABLE
CREATE TABLE t_982 PARTITION OF t FOR VALUES WITH (modulus 1000, remainder 982)
CREATE TABLE
CREATE TABLE t_983 PARTITION OF t FOR VALUES WITH (modulus 1000, remainder 983)
CREATE TABLE
CREATE TABLE t_984 PARTITION OF t FOR VALUES WITH (modulus 1000, remainder 984)
CREATE TABLE
CREATE TABLE t_985 PARTITION OF t FOR VALUES WITH (modulus 1000, remainder 985)
CREATE TABLE
CREATE TABLE t_986 PARTITION OF t FOR VALUES WITH (modulus 1000, remainder 986)
CREATE TABLE
CREATE TABLE t_987 PARTITION OF t FOR VALUES WITH (modulus 1000, remainder 987)
CREATE TABLE
CREATE TABLE t_988 PARTITION OF t FOR VALUES WITH (modulus 1000, remainder 988)
CREATE TABLE
CREATE TABLE t_989 PARTITION OF t FOR VALUES WITH (modulus 1000, remainder 989)
CREATE TABLE
CREATE TABLE t_990 PARTITION OF t FOR VALUES WITH (modulus 1000, remainder 990)
CREATE TABLE
CREATE TABLE t_991 PARTITION OF t FOR VALUES WITH (modulus 1000, remainder 991)
CREATE TABLE
CREATE TABLE t_992 PARTITION OF t FOR VALUES WITH (modulus 1000, remainder 992)
CREATE TABLE
CREATE TABLE t_993 PARTITION OF t FOR VALUES WITH (modulus 1000, remainder 993)
CREATE TABLE
CREATE TABLE t_994 PARTITION OF t FOR VALUES WITH (modulus 1000, remainder 994)
CREATE TABLE
CREATE TABLE t_995 PARTITION OF t FOR VALUES WITH (modulus 1000, remainder 995)
CREATE TABLE
CREATE TABLE t_996 PARTITION OF t FOR VALUES WITH (modulus 1000, remainder 996)
CREATE TABLE
CREATE TABLE t_997 PARTITION OF t FOR VALUES WITH (modulus 1000, remainder 997)
CREATE TABLE
CREATE TABLE t_998 PARTITION OF t FOR VALUES WITH (modulus 1000, remainder 998)
CREATE TABLE
CREATE TABLE t_999 PARTITION OF t FOR VALUES WITH (modulus 1000, remainder 999)
CREATE TABLE
INSERT 0 1000
VACUUM
CHECKPOINT
