2024-07-31 15:12:15.685 CEST [262302] LOG:  starting PostgreSQL 18devel on x86_64-pc-linux-gnu, compiled by gcc (Debian 12.2.0-14) 12.2.0, 64-bit
2024-07-31 15:12:15.686 CEST [262302] LOG:  listening on IPv6 address "::1", port 5432
2024-07-31 15:12:15.686 CEST [262302] LOG:  listening on IPv4 address "127.0.0.1", port 5432
2024-07-31 15:12:15.688 CEST [262302] LOG:  listening on Unix socket "/tmp/.s.PGSQL.5432"
2024-07-31 15:12:15.691 CEST [262305] LOG:  database system was shut down at 2024-07-31 15:12:14 CEST
2024-07-31 15:12:15.694 CEST [262302] LOG:  database system is ready to accept connections
2024-07-31 15:12:25.512 CEST [262303] LOG:  checkpoints are occurring too frequently (10 seconds apart)
2024-07-31 15:12:25.512 CEST [262303] HINT:  Consider increasing the configuration parameter "max_wal_size".
2024-07-31 15:12:25.512 CEST [262303] LOG:  checkpoint starting: wal
2024-07-31 15:12:34.184 CEST [262303] LOG:  checkpoint complete: wrote 39606 buffers (15.1%); 0 WAL file(s) added, 1 removed, 32 recycled; write=8.237 s, sync=0.353 s, total=8.672 s; sync files=345, longest=0.209 s, average=0.002 s; distance=539130 kB, estimate=539130 kB; lsn=0/41098E68, redo lsn=0/22369D40
2024-07-31 15:12:34.732 CEST [262303] LOG:  checkpoints are occurring too frequently (9 seconds apart)
2024-07-31 15:12:34.732 CEST [262303] HINT:  Consider increasing the configuration parameter "max_wal_size".
2024-07-31 15:12:34.732 CEST [262303] LOG:  checkpoint starting: wal
2024-07-31 15:12:42.508 CEST [262303] LOG:  checkpoint complete: wrote 39722 buffers (15.2%); 0 WAL file(s) added, 1 removed, 32 recycled; write=7.396 s, sync=0.278 s, total=7.777 s; sync files=3, longest=0.199 s, average=0.093 s; distance=547448 kB, estimate=547448 kB; lsn=0/62DEFFB0, redo lsn=0/43A080E0
2024-07-31 15:12:42.898 CEST [262303] LOG:  checkpoints are occurring too frequently (8 seconds apart)
2024-07-31 15:12:42.898 CEST [262303] HINT:  Consider increasing the configuration parameter "max_wal_size".
2024-07-31 15:12:42.898 CEST [262303] LOG:  checkpoint starting: wal
2024-07-31 15:13:09.026 CEST [262303] LOG:  checkpoint complete: wrote 39385 buffers (15.0%); 0 WAL file(s) added, 2 removed, 31 recycled; write=25.543 s, sync=0.493 s, total=26.129 s; sync files=13, longest=0.080 s, average=0.038 s; distance=542671 kB, estimate=546971 kB; lsn=0/8401F328, redo lsn=0/64BFC020
2024-07-31 15:13:09.381 CEST [262303] LOG:  checkpoints are occurring too frequently (27 seconds apart)
2024-07-31 15:13:09.381 CEST [262303] HINT:  Consider increasing the configuration parameter "max_wal_size".
2024-07-31 15:13:09.381 CEST [262303] LOG:  checkpoint starting: wal
2024-07-31 15:13:19.325 CEST [262303] LOG:  checkpoint complete: wrote 68295 buffers (26.1%); 0 WAL file(s) added, 2 removed, 31 recycled; write=9.369 s, sync=0.498 s, total=9.945 s; sync files=20, longest=0.348 s, average=0.025 s; distance=543538 kB, estimate=546627 kB; lsn=0/A591CEE0, redo lsn=0/85EC8BE0
2024-07-31 15:13:19.410 CEST [262303] LOG:  checkpoints are occurring too frequently (10 seconds apart)
2024-07-31 15:13:19.410 CEST [262303] HINT:  Consider increasing the configuration parameter "max_wal_size".
2024-07-31 15:13:19.410 CEST [262303] LOG:  checkpoint starting: wal
2024-07-31 15:13:22.188 CEST [262303] LOG:  checkpoint complete: wrote 27 buffers (0.0%); 0 WAL file(s) added, 0 removed, 34 recycled; write=2.670 s, sync=0.073 s, total=2.778 s; sync files=20, longest=0.043 s, average=0.004 s; distance=542039 kB, estimate=546169 kB; lsn=0/BB1A2D08, redo lsn=0/A701E970
2024-07-31 15:13:27.531 CEST [262303] LOG:  checkpoints are occurring too frequently (8 seconds apart)
2024-07-31 15:13:27.531 CEST [262303] HINT:  Consider increasing the configuration parameter "max_wal_size".
2024-07-31 15:13:27.531 CEST [262303] LOG:  checkpoint starting: wal
2024-07-31 15:13:28.553 CEST [262303] LOG:  checkpoint complete: wrote 8 buffers (0.0%); 0 WAL file(s) added, 0 removed, 33 recycled; write=0.805 s, sync=0.187 s, total=1.022 s; sync files=8, longest=0.185 s, average=0.024 s; distance=542801 kB, estimate=545832 kB; lsn=0/CAF47DE8, redo lsn=0/C8232F38
2024-07-31 15:13:56.081 CEST [262303] LOG:  checkpoints are occurring too frequently (29 seconds apart)
2024-07-31 15:13:56.081 CEST [262303] HINT:  Consider increasing the configuration parameter "max_wal_size".
2024-07-31 15:13:56.081 CEST [262303] LOG:  checkpoint starting: wal
2024-07-31 15:14:00.090 CEST [262303] LOG:  checkpoint complete: wrote 49 buffers (0.0%); 0 WAL file(s) added, 0 removed, 33 recycled; write=2.639 s, sync=1.330 s, total=4.009 s; sync files=427, longest=0.641 s, average=0.004 s; distance=543695 kB, estimate=545618 kB; lsn=0/EDB886A8, redo lsn=0/E9526E20
2024-07-31 15:14:00.090 CEST [262303] LOG:  checkpoint starting: immediate force wait
2024-07-31 15:14:00.157 CEST [262303] LOG:  checkpoint complete: wrote 1910 buffers (0.7%); 0 WAL file(s) added, 0 removed, 4 recycled; write=0.022 s, sync=0.027 s, total=0.067 s; sync files=181, longest=0.002 s, average=0.001 s; distance=72070 kB, estimate=498263 kB; lsn=0/EDB88778, redo lsn=0/EDB88720
2024-07-31 15:15:10.439 CEST [262302] LOG:  received fast shutdown request
2024-07-31 15:15:10.440 CEST [262302] LOG:  aborting any active transactions
2024-07-31 15:15:10.442 CEST [262302] LOG:  background worker "logical replication launcher" (PID 262308) exited with exit code 1
2024-07-31 15:15:10.443 CEST [262303] LOG:  shutting down
2024-07-31 15:15:10.443 CEST [262303] LOG:  checkpoint starting: shutdown immediate
2024-07-31 15:15:10.452 CEST [262303] LOG:  checkpoint complete: wrote 73 buffers (0.0%); 0 WAL file(s) added, 0 removed, 0 recycled; write=0.004 s, sync=0.002 s, total=0.009 s; sync files=10, longest=0.001 s, average=0.001 s; distance=248 kB, estimate=448462 kB; lsn=0/EDBC6A40, redo lsn=0/EDBC6A40
2024-07-31 15:15:10.719 CEST [262302] LOG:  database system is shut down
