2024-07-31 05:49:56.129 CEST [2117054] LOG:  starting PostgreSQL 18devel on x86_64-pc-linux-gnu, compiled by gcc (Debian 12.2.0-14) 12.2.0, 64-bit
2024-07-31 05:49:56.129 CEST [2117054] LOG:  listening on IPv6 address "::1", port 5432
2024-07-31 05:49:56.129 CEST [2117054] LOG:  listening on IPv4 address "127.0.0.1", port 5432
2024-07-31 05:49:56.131 CEST [2117054] LOG:  listening on Unix socket "/tmp/.s.PGSQL.5432"
2024-07-31 05:49:56.134 CEST [2117057] LOG:  database system was shut down at 2024-07-31 05:49:55 CEST
2024-07-31 05:49:56.137 CEST [2117054] LOG:  database system is ready to accept connections
2024-07-31 05:50:05.903 CEST [2117055] LOG:  checkpoints are occurring too frequently (9 seconds apart)
2024-07-31 05:50:05.903 CEST [2117055] HINT:  Consider increasing the configuration parameter "max_wal_size".
2024-07-31 05:50:05.927 CEST [2117055] LOG:  checkpoint starting: wal
2024-07-31 05:50:13.777 CEST [2117055] LOG:  checkpoint complete: wrote 55684 buffers (21.2%); 0 WAL file(s) added, 2 removed, 32 recycled; write=7.163 s, sync=0.602 s, total=7.875 s; sync files=707, longest=0.381 s, average=0.001 s; distance=552019 kB, estimate=552019 kB; lsn=0/4271FF60, redo lsn=0/23000080
2024-07-31 05:50:14.173 CEST [2117055] LOG:  checkpoints are occurring too frequently (9 seconds apart)
2024-07-31 05:50:14.173 CEST [2117055] HINT:  Consider increasing the configuration parameter "max_wal_size".
2024-07-31 05:50:14.173 CEST [2117055] LOG:  checkpoint starting: wal
2024-07-31 05:50:20.832 CEST [2117055] LOG:  checkpoint complete: wrote 62182 buffers (23.7%); 0 WAL file(s) added, 1 removed, 32 recycled; write=6.166 s, sync=0.397 s, total=6.659 s; sync files=4, longest=0.192 s, average=0.100 s; distance=553255 kB, estimate=553255 kB; lsn=0/63DDA340, redo lsn=0/44C49CC0
2024-07-31 05:50:21.021 CEST [2117055] LOG:  checkpoints are occurring too frequently (7 seconds apart)
2024-07-31 05:50:21.021 CEST [2117055] HINT:  Consider increasing the configuration parameter "max_wal_size".
2024-07-31 05:50:21.022 CEST [2117055] LOG:  checkpoint starting: wal
2024-07-31 05:50:27.692 CEST [2117055] LOG:  checkpoint complete: wrote 59405 buffers (22.7%); 0 WAL file(s) added, 0 removed, 33 recycled; write=6.194 s, sync=0.402 s, total=6.672 s; sync files=4, longest=0.379 s, average=0.101 s; distance=528857 kB, estimate=550815 kB; lsn=0/83E03CF0, redo lsn=0/650C02A0
2024-07-31 05:50:28.105 CEST [2117055] LOG:  checkpoints are occurring too frequently (7 seconds apart)
2024-07-31 05:50:28.105 CEST [2117055] HINT:  Consider increasing the configuration parameter "max_wal_size".
2024-07-31 05:50:28.106 CEST [2117055] LOG:  checkpoint starting: wal
2024-07-31 05:50:34.722 CEST [2117055] LOG:  checkpoint complete: wrote 60945 buffers (23.2%); 0 WAL file(s) added, 1 removed, 32 recycled; write=6.101 s, sync=0.418 s, total=6.617 s; sync files=4, longest=0.311 s, average=0.105 s; distance=542559 kB, estimate=549989 kB; lsn=0/A5C763C0, redo lsn=0/86298078
2024-07-31 05:50:34.910 CEST [2117055] LOG:  checkpoints are occurring too frequently (6 seconds apart)
2024-07-31 05:50:34.910 CEST [2117055] HINT:  Consider increasing the configuration parameter "max_wal_size".
2024-07-31 05:50:34.911 CEST [2117055] LOG:  checkpoint starting: wal
2024-07-31 05:50:41.392 CEST [2117055] LOG:  checkpoint complete: wrote 60564 buffers (23.1%); 0 WAL file(s) added, 1 removed, 32 recycled; write=5.931 s, sync=0.453 s, total=6.483 s; sync files=4, longest=0.422 s, average=0.114 s; distance=539480 kB, estimate=548938 kB; lsn=0/C663E410, redo lsn=0/A716E3E0
2024-07-31 05:50:41.784 CEST [2117055] LOG:  checkpoints are occurring too frequently (7 seconds apart)
2024-07-31 05:50:41.784 CEST [2117055] HINT:  Consider increasing the configuration parameter "max_wal_size".
2024-07-31 05:50:41.784 CEST [2117055] LOG:  checkpoint starting: wal
2024-07-31 05:50:48.269 CEST [2117055] LOG:  checkpoint complete: wrote 62164 buffers (23.7%); 0 WAL file(s) added, 2 removed, 31 recycled; write=5.941 s, sync=0.448 s, total=6.485 s; sync files=3, longest=0.422 s, average=0.150 s; distance=553469 kB, estimate=553469 kB; lsn=0/E8001CF8, redo lsn=0/C8DED8D8
2024-07-31 05:50:48.452 CEST [2117055] LOG:  checkpoints are occurring too frequently (7 seconds apart)
2024-07-31 05:50:48.452 CEST [2117055] HINT:  Consider increasing the configuration parameter "max_wal_size".
2024-07-31 05:50:48.453 CEST [2117055] LOG:  checkpoint starting: wal
2024-07-31 05:50:54.944 CEST [2117055] LOG:  checkpoint complete: wrote 59308 buffers (22.6%); 0 WAL file(s) added, 1 removed, 32 recycled; write=5.964 s, sync=0.435 s, total=6.492 s; sync files=4, longest=0.403 s, average=0.109 s; distance=528002 kB, estimate=550922 kB; lsn=1/8B03530, redo lsn=0/E918E120
2024-07-31 05:50:55.134 CEST [2117055] LOG:  checkpoints are occurring too frequently (7 seconds apart)
2024-07-31 05:50:55.134 CEST [2117055] HINT:  Consider increasing the configuration parameter "max_wal_size".
2024-07-31 05:50:55.134 CEST [2117055] LOG:  checkpoint starting: wal
2024-07-31 05:51:01.595 CEST [2117055] LOG:  checkpoint complete: wrote 60634 buffers (23.1%); 0 WAL file(s) added, 1 removed, 32 recycled; write=5.966 s, sync=0.394 s, total=6.462 s; sync files=4, longest=0.383 s, average=0.099 s; distance=539783 kB, estimate=549808 kB; lsn=1/2987AFB8, redo lsn=1/A0B00F8
2024-07-31 05:51:01.991 CEST [2117055] LOG:  checkpoints are occurring too frequently (6 seconds apart)
2024-07-31 05:51:01.991 CEST [2117055] HINT:  Consider increasing the configuration parameter "max_wal_size".
2024-07-31 05:51:01.991 CEST [2117055] LOG:  checkpoint starting: wal
2024-07-31 05:51:11.575 CEST [2117055] LOG:  checkpoint complete: wrote 62064 buffers (23.7%); 0 WAL file(s) added, 1 removed, 32 recycled; write=9.436 s, sync=0.063 s, total=9.585 s; sync files=8, longest=0.059 s, average=0.008 s; distance=552848 kB, estimate=552848 kB; lsn=1/4A114630, redo lsn=1/2BC94220
2024-07-31 05:51:14.793 CEST [2117055] LOG:  checkpoints are occurring too frequently (13 seconds apart)
2024-07-31 05:51:14.793 CEST [2117055] HINT:  Consider increasing the configuration parameter "max_wal_size".
2024-07-31 05:51:14.793 CEST [2117055] LOG:  checkpoint starting: wal
2024-07-31 05:51:44.074 CEST [2117055] LOG:  checkpoint complete: wrote 248352 buffers (94.7%); 0 WAL file(s) added, 1 removed, 32 recycled; write=28.640 s, sync=0.609 s, total=29.282 s; sync files=32, longest=0.084 s, average=0.019 s; distance=539613 kB, estimate=551524 kB; lsn=1/6BC02118, redo lsn=1/4CB8B738
2024-07-31 05:51:47.121 CEST [2117055] LOG:  checkpoint starting: wal
2024-07-31 05:51:53.149 CEST [2117055] LOG:  checkpoint complete: wrote 60 buffers (0.0%); 0 WAL file(s) added, 0 removed, 33 recycled; write=5.931 s, sync=0.065 s, total=6.028 s; sync files=28, longest=0.061 s, average=0.003 s; distance=539337 kB, estimate=550306 kB; lsn=1/733C0660, redo lsn=1/6DA3DBD8
2024-07-31 05:51:56.159 CEST [2117093] LOG:  skipping vacuum of "t" --- lock not available
2024-07-31 05:52:20.535 CEST [2117055] LOG:  checkpoint starting: wal
2024-07-31 05:52:51.414 CEST [2117055] LOG:  checkpoint complete: wrote 755 buffers (0.3%); 0 WAL file(s) added, 1 removed, 32 recycled; write=30.271 s, sync=0.520 s, total=30.880 s; sync files=342, longest=0.079 s, average=0.002 s; distance=545400 kB, estimate=549815 kB; lsn=1/ADC02DD8, redo lsn=1/8EEDBC48
2024-07-31 05:52:51.687 CEST [2117055] LOG:  checkpoint starting: wal
2024-07-31 05:52:56.178 CEST [2117112] LOG:  skipping vacuum of "t" --- lock not available
2024-07-31 05:52:57.458 CEST [2117055] LOG:  checkpoint complete: wrote 57 buffers (0.0%); 0 WAL file(s) added, 0 removed, 33 recycled; write=5.615 s, sync=0.115 s, total=5.772 s; sync files=25, longest=0.059 s, average=0.005 s; distance=528722 kB, estimate=547706 kB; lsn=1/B2F27DE0, redo lsn=1/AF330568
2024-07-31 05:53:26.553 CEST [2117055] LOG:  checkpoint starting: wal
2024-07-31 05:53:33.162 CEST [2117055] LOG:  checkpoint complete: wrote 62 buffers (0.0%); 0 WAL file(s) added, 0 removed, 33 recycled; write=6.118 s, sync=0.461 s, total=6.610 s; sync files=30, longest=0.072 s, average=0.016 s; distance=538930 kB, estimate=546828 kB; lsn=1/D49DC708, redo lsn=1/D017D108
2024-07-31 05:53:56.198 CEST [2117133] LOG:  skipping vacuum of "t" --- lock not available
2024-07-31 05:54:02.360 CEST [2117055] LOG:  checkpoint starting: wal
2024-07-31 05:54:04.663 CEST [2117055] LOG:  checkpoint complete: wrote 19 buffers (0.0%); 0 WAL file(s) added, 0 removed, 33 recycled; write=1.809 s, sync=0.462 s, total=2.305 s; sync files=25, longest=0.069 s, average=0.019 s; distance=543941 kB, estimate=546539 kB; lsn=1/F28B6200, redo lsn=1/F14AE650
2024-07-31 05:54:39.134 CEST [2117055] LOG:  checkpoint starting: wal
2024-07-31 05:54:41.463 CEST [2117055] LOG:  checkpoint complete: wrote 19 buffers (0.0%); 0 WAL file(s) added, 0 removed, 33 recycled; write=1.809 s, sync=0.482 s, total=2.330 s; sync files=26, longest=0.073 s, average=0.019 s; distance=550526 kB, estimate=550526 kB; lsn=2/14369798, redo lsn=2/12E4E030
2024-07-31 05:54:56.215 CEST [2117151] LOG:  skipping vacuum of "t" --- lock not available
2024-07-31 05:55:16.660 CEST [2117055] LOG:  checkpoint starting: wal
2024-07-31 05:55:18.893 CEST [2117055] LOG:  checkpoint complete: wrote 19 buffers (0.0%); 0 WAL file(s) added, 0 removed, 33 recycled; write=1.808 s, sync=0.393 s, total=2.234 s; sync files=27, longest=0.073 s, average=0.015 s; distance=535586 kB, estimate=549032 kB; lsn=2/35E16E78, redo lsn=2/33956A18
2024-07-31 05:55:55.064 CEST [2117055] LOG:  checkpoint starting: wal
2024-07-31 05:55:56.234 CEST [2117171] LOG:  skipping vacuum of "t" --- lock not available
2024-07-31 05:55:57.060 CEST [2117055] LOG:  checkpoint complete: wrote 16 buffers (0.0%); 0 WAL file(s) added, 0 removed, 33 recycled; write=1.508 s, sync=0.457 s, total=1.996 s; sync files=25, longest=0.073 s, average=0.019 s; distance=531618 kB, estimate=547291 kB; lsn=2/578C1E98, redo lsn=2/5407F238
2024-07-31 05:56:31.073 CEST [2117055] LOG:  checkpoint starting: wal
2024-07-31 05:56:33.339 CEST [2117055] LOG:  checkpoint complete: wrote 18 buffers (0.0%); 0 WAL file(s) added, 0 removed, 33 recycled; write=1.708 s, sync=0.506 s, total=2.266 s; sync files=23, longest=0.070 s, average=0.022 s; distance=547869 kB, estimate=547869 kB; lsn=2/75797340, redo lsn=2/75786878
2024-07-31 05:56:56.253 CEST [2117188] LOG:  skipping vacuum of "t" --- lock not available
2024-07-31 05:57:11.331 CEST [2117055] LOG:  checkpoint starting: wal
2024-07-31 05:57:13.051 CEST [2117055] LOG:  checkpoint complete: wrote 14 buffers (0.0%); 0 WAL file(s) added, 0 removed, 33 recycled; write=1.308 s, sync=0.383 s, total=1.721 s; sync files=24, longest=0.073 s, average=0.016 s; distance=541915 kB, estimate=547274 kB; lsn=2/972445C8, redo lsn=2/968BD710
2024-07-31 05:57:52.356 CEST [2117055] LOG:  checkpoint starting: wal
2024-07-31 05:57:54.071 CEST [2117055] LOG:  checkpoint complete: wrote 14 buffers (0.0%); 0 WAL file(s) added, 0 removed, 33 recycled; write=1.308 s, sync=0.378 s, total=1.717 s; sync files=24, longest=0.072 s, average=0.016 s; distance=538650 kB, estimate=546411 kB; lsn=2/B8CF3278, redo lsn=2/B76C41D8
2024-07-31 05:57:56.273 CEST [2117204] LOG:  skipping vacuum of "t" --- lock not available
2024-07-31 05:58:00.294 CEST [2117055] LOG:  checkpoints are occurring too frequently (8 seconds apart)
2024-07-31 05:58:00.294 CEST [2117055] HINT:  Consider increasing the configuration parameter "max_wal_size".
2024-07-31 05:58:00.294 CEST [2117055] LOG:  checkpoint starting: wal
2024-07-31 05:58:04.447 CEST [2117055] LOG:  checkpoint complete: wrote 36 buffers (0.0%); 0 WAL file(s) added, 3 removed, 30 recycled; write=3.111 s, sync=0.968 s, total=4.154 s; sync files=21, longest=0.885 s, average=0.047 s; distance=544846 kB, estimate=546255 kB; lsn=2/F918F9A0, redo lsn=2/D8AD7A78
2024-07-31 05:58:04.447 CEST [2117055] LOG:  checkpoints are occurring too frequently (4 seconds apart)
2024-07-31 05:58:04.447 CEST [2117055] HINT:  Consider increasing the configuration parameter "max_wal_size".
2024-07-31 05:58:04.447 CEST [2117055] LOG:  checkpoint starting: wal
2024-07-31 05:58:04.503 CEST [2117055] LOG:  checkpoint complete: wrote 0 buffers (0.0%); 0 WAL file(s) added, 0 removed, 33 recycled; write=0.004 s, sync=0.001 s, total=0.056 s; sync files=0, longest=0.000 s, average=0.000 s; distance=540560 kB, estimate=545685 kB; lsn=2/F9D25B30, redo lsn=2/F9ABBBD8
2024-07-31 05:58:07.796 CEST [2117055] LOG:  checkpoints are occurring too frequently (3 seconds apart)
2024-07-31 05:58:07.796 CEST [2117055] HINT:  Consider increasing the configuration parameter "max_wal_size".
2024-07-31 05:58:07.797 CEST [2117055] LOG:  checkpoint starting: wal
2024-07-31 05:58:07.842 CEST [2117055] LOG:  checkpoint complete: wrote 0 buffers (0.0%); 0 WAL file(s) added, 0 removed, 33 recycled; write=0.004 s, sync=0.001 s, total=0.046 s; sync files=0, longest=0.000 s, average=0.000 s; distance=532403 kB, estimate=544357 kB; lsn=3/1A512A40, redo lsn=3/1A2A8AE8
2024-07-31 05:58:11.357 CEST [2117055] LOG:  checkpoints are occurring too frequently (4 seconds apart)
2024-07-31 05:58:11.357 CEST [2117055] HINT:  Consider increasing the configuration parameter "max_wal_size".
2024-07-31 05:58:11.357 CEST [2117055] LOG:  checkpoint starting: wal
2024-07-31 05:58:11.425 CEST [2117055] LOG:  checkpoint complete: wrote 0 buffers (0.0%); 0 WAL file(s) added, 0 removed, 34 recycled; write=0.004 s, sync=0.001 s, total=0.069 s; sync files=0, longest=0.000 s, average=0.000 s; distance=554401 kB, estimate=554401 kB; lsn=3/3C27B210, redo lsn=3/3C0112B8
2024-07-31 05:58:15.394 CEST [2117055] LOG:  checkpoints are occurring too frequently (4 seconds apart)
2024-07-31 05:58:15.394 CEST [2117055] HINT:  Consider increasing the configuration parameter "max_wal_size".
2024-07-31 05:58:15.394 CEST [2117055] LOG:  checkpoint starting: wal
2024-07-31 05:58:15.473 CEST [2117055] LOG:  checkpoint complete: wrote 0 buffers (0.0%); 0 WAL file(s) added, 0 removed, 33 recycled; write=0.004 s, sync=0.001 s, total=0.080 s; sync files=0, longest=0.000 s, average=0.000 s; distance=555390 kB, estimate=555390 kB; lsn=3/5E2C9198, redo lsn=3/5DE70CC8
2024-07-31 05:58:18.774 CEST [2117055] LOG:  checkpoints are occurring too frequently (3 seconds apart)
2024-07-31 05:58:18.774 CEST [2117055] HINT:  Consider increasing the configuration parameter "max_wal_size".
2024-07-31 05:58:18.774 CEST [2117055] LOG:  checkpoint starting: wal
2024-07-31 05:58:18.841 CEST [2117055] LOG:  checkpoint complete: wrote 0 buffers (0.0%); 0 WAL file(s) added, 0 removed, 33 recycled; write=0.004 s, sync=0.001 s, total=0.067 s; sync files=0, longest=0.000 s, average=0.000 s; distance=538830 kB, estimate=553734 kB; lsn=3/7EF0E4C8, redo lsn=3/7ECA4570
2024-07-31 05:58:22.450 CEST [2117055] LOG:  checkpoints are occurring too frequently (4 seconds apart)
2024-07-31 05:58:22.450 CEST [2117055] HINT:  Consider increasing the configuration parameter "max_wal_size".
2024-07-31 05:58:22.501 CEST [2117055] LOG:  checkpoint starting: wal
2024-07-31 05:58:22.569 CEST [2117055] LOG:  checkpoint complete: wrote 0 buffers (0.0%); 0 WAL file(s) added, 0 removed, 34 recycled; write=0.007 s, sync=0.001 s, total=0.120 s; sync files=0, longest=0.000 s, average=0.000 s; distance=544267 kB, estimate=552787 kB; lsn=3/A0291458, redo lsn=3/A0027500
2024-07-31 05:58:26.550 CEST [2117055] LOG:  checkpoints are occurring too frequently (4 seconds apart)
2024-07-31 05:58:26.550 CEST [2117055] HINT:  Consider increasing the configuration parameter "max_wal_size".
2024-07-31 05:58:26.550 CEST [2117055] LOG:  checkpoint starting: wal
2024-07-31 05:58:26.621 CEST [2117055] LOG:  checkpoint complete: wrote 0 buffers (0.0%); 0 WAL file(s) added, 0 removed, 34 recycled; write=0.004 s, sync=0.001 s, total=0.072 s; sync files=0, longest=0.000 s, average=0.000 s; distance=557120 kB, estimate=557120 kB; lsn=3/C22DF3E0, redo lsn=3/C20377D8
2024-07-31 05:58:51.265 CEST [2117055] LOG:  checkpoints are occurring too frequently (25 seconds apart)
2024-07-31 05:58:51.265 CEST [2117055] HINT:  Consider increasing the configuration parameter "max_wal_size".
2024-07-31 05:58:51.266 CEST [2117055] LOG:  checkpoint starting: wal
2024-07-31 05:58:52.843 CEST [2117055] LOG:  checkpoint complete: wrote 10 buffers (0.0%); 0 WAL file(s) added, 0 removed, 33 recycled; write=1.008 s, sync=0.535 s, total=1.579 s; sync files=13, longest=0.202 s, average=0.042 s; distance=542404 kB, estimate=555649 kB; lsn=3/E5068760, redo lsn=3/E31E87E8
2024-07-31 05:58:56.293 CEST [2117220] LOG:  skipping vacuum of "t" --- lock not available
2024-07-31 05:59:24.448 CEST [2117055] LOG:  checkpoint starting: wal
2024-07-31 05:59:25.808 CEST [2117055] LOG:  checkpoint complete: wrote 8 buffers (0.0%); 0 WAL file(s) added, 0 removed, 33 recycled; write=0.806 s, sync=0.525 s, total=1.362 s; sync files=16, longest=0.070 s, average=0.033 s; distance=542993 kB, estimate=554383 kB; lsn=4/6B081A8, redo lsn=4/442CD60
2024-07-31 05:59:56.313 CEST [2117241] LOG:  skipping vacuum of "t" --- lock not available
2024-07-31 05:59:58.595 CEST [2117055] LOG:  checkpoint starting: wal
2024-07-31 05:59:59.976 CEST [2117055] LOG:  checkpoint complete: wrote 8 buffers (0.0%); 0 WAL file(s) added, 0 removed, 33 recycled; write=0.813 s, sync=0.538 s, total=1.382 s; sync files=15, longest=0.083 s, average=0.036 s; distance=551770 kB, estimate=554122 kB; lsn=4/285A8708, redo lsn=4/25F037F8
2024-07-31 06:00:30.295 CEST [2117055] LOG:  checkpoint starting: wal
2024-07-31 06:00:31.651 CEST [2117055] LOG:  checkpoint complete: wrote 11 buffers (0.0%); 0 WAL file(s) added, 0 removed, 33 recycled; write=1.151 s, sync=0.003 s, total=1.358 s; sync files=14, longest=0.001 s, average=0.001 s; distance=525849 kB, estimate=551294 kB; lsn=4/464731C0, redo lsn=4/46089D08
2024-07-31 06:00:56.315 CEST [2117310] LOG:  skipping vacuum of "t" --- lock not available
2024-07-31 06:01:06.237 CEST [2117055] LOG:  checkpoint starting: wal
2024-07-31 06:01:07.920 CEST [2117055] LOG:  checkpoint complete: wrote 12 buffers (0.0%); 0 WAL file(s) added, 0 removed, 33 recycled; write=1.208 s, sync=0.444 s, total=1.684 s; sync files=15, longest=0.072 s, average=0.030 s; distance=555070 kB, estimate=555070 kB; lsn=4/67F14900, redo lsn=4/67E99618
2024-07-31 06:01:42.793 CEST [2117055] LOG:  checkpoint starting: wal
2024-07-31 06:01:44.162 CEST [2117055] LOG:  checkpoint complete: wrote 10 buffers (0.0%); 0 WAL file(s) added, 0 removed, 33 recycled; write=1.171 s, sync=0.003 s, total=1.371 s; sync files=15, longest=0.001 s, average=0.001 s; distance=534429 kB, estimate=553006 kB; lsn=4/899B6510, redo lsn=4/88880D58
2024-07-31 06:01:56.331 CEST [2117329] LOG:  skipping vacuum of "t" --- lock not available
2024-07-31 06:02:20.357 CEST [2117055] LOG:  checkpoint starting: wal
2024-07-31 06:02:22.061 CEST [2117055] LOG:  checkpoint complete: wrote 12 buffers (0.0%); 0 WAL file(s) added, 0 removed, 33 recycled; write=1.206 s, sync=0.468 s, total=1.706 s; sync files=16, longest=0.076 s, average=0.030 s; distance=536630 kB, estimate=551368 kB; lsn=4/AB456E98, redo lsn=4/A948E5A8
2024-07-31 06:02:56.347 CEST [2117346] LOG:  skipping vacuum of "t" --- lock not available
2024-07-31 06:02:58.842 CEST [2117055] LOG:  checkpoint starting: wal
2024-07-31 06:02:59.947 CEST [2117055] LOG:  checkpoint complete: wrote 6 buffers (0.0%); 0 WAL file(s) added, 0 removed, 33 recycled; write=0.605 s, sync=0.469 s, total=1.106 s; sync files=15, longest=0.072 s, average=0.032 s; distance=551554 kB, estimate=551554 kB; lsn=4/CCEF7F08, redo lsn=4/CAF2F040
2024-07-31 06:03:38.052 CEST [2117055] LOG:  checkpoint starting: wal
2024-07-31 06:03:39.324 CEST [2117055] LOG:  checkpoint complete: wrote 7 buffers (0.0%); 0 WAL file(s) added, 0 removed, 33 recycled; write=0.718 s, sync=0.519 s, total=1.273 s; sync files=14, longest=0.110 s, average=0.038 s; distance=532901 kB, estimate=549689 kB; lsn=4/EE99B898, redo lsn=4/EB7987A8
2024-07-31 06:03:56.363 CEST [2117362] LOG:  skipping vacuum of "t" --- lock not available
2024-07-31 06:04:14.678 CEST [2117055] LOG:  checkpoint starting: wal
2024-07-31 06:04:15.836 CEST [2117055] LOG:  checkpoint complete: wrote 6 buffers (0.0%); 0 WAL file(s) added, 0 removed, 33 recycled; write=0.616 s, sync=0.510 s, total=1.158 s; sync files=14, longest=0.072 s, average=0.037 s; distance=541457 kB, estimate=548866 kB; lsn=5/C85D248, redo lsn=5/C85CDA0
2024-07-31 06:04:55.624 CEST [2117055] LOG:  checkpoint starting: wal
2024-07-31 06:04:56.379 CEST [2117380] LOG:  skipping vacuum of "t" --- lock not available
2024-07-31 06:04:56.842 CEST [2117055] LOG:  checkpoint complete: wrote 7 buffers (0.0%); 0 WAL file(s) added, 0 removed, 33 recycled; write=0.722 s, sync=0.456 s, total=1.219 s; sync files=15, longest=0.069 s, average=0.031 s; distance=543635 kB, estimate=548343 kB; lsn=5/2E306C40, redo lsn=5/2DB41C68
2024-07-31 06:05:30.589 CEST [2117055] LOG:  checkpoint starting: immediate force wait
2024-07-31 06:05:31.887 CEST [2117055] LOG:  checkpoint complete: wrote 12306 buffers (4.7%); 0 WAL file(s) added, 0 removed, 29 recycled; write=0.120 s, sync=1.134 s, total=1.298 s; sync files=782, longest=0.607 s, average=0.002 s; distance=475041 kB, estimate=541013 kB; lsn=5/4AB2A4A0, redo lsn=5/4AB2A448
2024-07-31 06:06:46.654 CEST [2117054] LOG:  received fast shutdown request
2024-07-31 06:06:46.655 CEST [2117054] LOG:  aborting any active transactions
2024-07-31 06:06:46.656 CEST [2117054] LOG:  background worker "logical replication launcher" (PID 2117060) exited with exit code 1
2024-07-31 06:06:46.658 CEST [2117055] LOG:  shutting down
2024-07-31 06:06:46.659 CEST [2117055] LOG:  checkpoint starting: shutdown immediate
2024-07-31 06:06:46.668 CEST [2117055] LOG:  checkpoint complete: wrote 66 buffers (0.0%); 0 WAL file(s) added, 0 removed, 0 recycled; write=0.004 s, sync=0.003 s, total=0.010 s; sync files=5, longest=0.002 s, average=0.001 s; distance=202 kB, estimate=486931 kB; lsn=5/4AB5CD30, redo lsn=5/4AB5CD30
2024-07-31 06:06:47.082 CEST [2117054] LOG:  database system is shut down
