2024-08-01 13:13:17.197 BST [27817] LOG:  starting PostgreSQL 18devel on armv8l-unknown-linux-gnueabihf, compiled by gcc (Raspbian 12.2.0-14+rpi1) 12.2.0, 32-bit
2024-08-01 13:13:17.199 BST [27817] LOG:  listening on IPv6 address "::1", port 5432
2024-08-01 13:13:17.199 BST [27817] LOG:  listening on IPv4 address "127.0.0.1", port 5432
2024-08-01 13:13:17.230 BST [27817] LOG:  listening on Unix socket "/tmp/.s.PGSQL.5432"
2024-08-01 13:13:17.234 BST [27820] LOG:  database system was shut down at 2024-08-01 13:13:14 BST
2024-08-01 13:13:17.240 BST [27817] LOG:  database system is ready to accept connections
2024-08-01 13:13:30.889 BST [27818] LOG:  checkpoints are occurring too frequently (13 seconds apart)
2024-08-01 13:13:30.889 BST [27818] HINT:  Consider increasing the configuration parameter "max_wal_size".
2024-08-01 13:13:30.890 BST [27818] LOG:  checkpoint starting: wal
2024-08-01 13:14:23.407 BST [27818] LOG:  checkpoint complete: wrote 60435 buffers (46.1%); 0 WAL file(s) added, 0 removed, 33 recycled; write=50.800 s, sync=1.508 s, total=52.518 s; sync files=787, longest=0.066 s, average=0.002 s; distance=537502 kB, estimate=537502 kB; lsn=0/40CC13B8, redo lsn=0/221CD788
2024-08-01 13:14:27.369 BST [27818] LOG:  checkpoint starting: wal
2024-08-01 13:14:30.632 BST [27818] LOG:  checkpoint complete: wrote 29 buffers (0.0%); 0 WAL file(s) added, 0 removed, 33 recycled; write=2.834 s, sync=0.295 s, total=3.263 s; sync files=30, longest=0.026 s, average=0.010 s; distance=539514 kB, estimate=539514 kB; lsn=0/448AF930, redo lsn=0/430AC280
2024-08-01 13:14:42.187 BST [27818] LOG:  checkpoints are occurring too frequently (15 seconds apart)
2024-08-01 13:14:42.187 BST [27818] HINT:  Consider increasing the configuration parameter "max_wal_size".
2024-08-01 13:14:42.187 BST [27818] LOG:  checkpoint starting: wal
2024-08-01 13:14:48.299 BST [27818] LOG:  checkpoint complete: wrote 45 buffers (0.0%); 0 WAL file(s) added, 0 removed, 33 recycled; write=4.664 s, sync=1.242 s, total=6.112 s; sync files=40, longest=1.086 s, average=0.032 s; distance=541076 kB, estimate=541076 kB; lsn=0/682EF9E0, redo lsn=0/64111488
2024-08-01 13:15:17.312 BST [28097] LOG:  skipping vacuum of "t" --- lock not available
2024-08-01 13:15:36.012 BST [27818] LOG:  checkpoint starting: wal
2024-08-01 13:15:48.230 BST [27818] LOG:  checkpoint complete: wrote 125 buffers (0.1%); 0 WAL file(s) added, 0 removed, 33 recycled; write=9.818 s, sync=2.281 s, total=12.218 s; sync files=876, longest=1.045 s, average=0.003 s; distance=540265 kB, estimate=540995 kB; lsn=0/8983E6A0, redo lsn=0/850ABA48
2024-08-01 13:15:48.230 BST [27818] LOG:  checkpoint starting: immediate force wait
2024-08-01 13:15:49.068 BST [27818] LOG:  checkpoint complete: wrote 8165 buffers (6.2%); 0 WAL file(s) added, 0 removed, 4 recycled; write=0.085 s, sync=0.704 s, total=0.838 s; sync files=449, longest=0.095 s, average=0.002 s; distance=73291 kB, estimate=494224 kB; lsn=0/8983E770, redo lsn=0/8983E718
2024-08-01 13:17:00.929 BST [27817] LOG:  received fast shutdown request
2024-08-01 13:17:00.938 BST [27817] LOG:  aborting any active transactions
2024-08-01 13:17:00.940 BST [27817] LOG:  background worker "logical replication launcher" (PID 27823) exited with exit code 1
2024-08-01 13:17:00.942 BST [27818] LOG:  shutting down
2024-08-01 13:17:00.948 BST [27818] LOG:  checkpoint starting: shutdown immediate
2024-08-01 13:17:00.977 BST [27818] LOG:  checkpoint complete: wrote 95 buffers (0.1%); 0 WAL file(s) added, 0 removed, 0 recycled; write=0.012 s, sync=0.012 s, total=0.036 s; sync files=10, longest=0.002 s, average=0.002 s; distance=354 kB, estimate=444837 kB; lsn=0/89897300, redo lsn=0/89897300
2024-08-01 13:17:01.213 BST [27817] LOG:  database system is shut down
