2024-07-31 01:20:56.676 BST [1765733] LOG:  starting PostgreSQL 18devel on aarch64-unknown-linux-gnu, compiled by gcc (Debian 12.2.0-14) 12.2.0, 64-bit
2024-07-31 01:20:56.677 BST [1765733] LOG:  listening on IPv6 address "::1", port 5432
2024-07-31 01:20:56.677 BST [1765733] LOG:  listening on IPv4 address "127.0.0.1", port 5432
2024-07-31 01:20:56.685 BST [1765733] LOG:  listening on Unix socket "/tmp/.s.PGSQL.5432"
2024-07-31 01:20:56.695 BST [1765736] LOG:  database system was shut down at 2024-07-31 01:20:55 BST
2024-07-31 01:20:56.705 BST [1765733] LOG:  database system is ready to accept connections
2024-07-31 01:21:07.788 BST [1765734] LOG:  checkpoints are occurring too frequently (11 seconds apart)
2024-07-31 01:21:07.788 BST [1765734] HINT:  Consider increasing the configuration parameter "max_wal_size".
2024-07-31 01:21:07.789 BST [1765734] LOG:  checkpoint starting: wal
2024-07-31 01:21:58.784 BST [1765734] LOG:  checkpoint complete: wrote 60435 buffers (46.1%); 0 WAL file(s) added, 1 removed, 32 recycled; write=48.273 s, sync=2.458 s, total=50.996 s; sync files=787, longest=0.193 s, average=0.004 s; distance=537505 kB, estimate=537505 kB; lsn=0/412BF298, redo lsn=0/221CE928
2024-07-31 01:22:01.724 BST [1765734] LOG:  checkpoint starting: wal
2024-07-31 01:22:05.005 BST [1765734] LOG:  checkpoint complete: wrote 29 buffers (0.0%); 0 WAL file(s) added, 0 removed, 33 recycled; write=2.822 s, sync=0.267 s, total=3.281 s; sync files=30, longest=0.023 s, average=0.009 s; distance=539514 kB, estimate=539514 kB; lsn=0/44EACCF0, redo lsn=0/430AD408
2024-07-31 01:22:14.970 BST [1765734] LOG:  checkpoints are occurring too frequently (13 seconds apart)
2024-07-31 01:22:14.970 BST [1765734] HINT:  Consider increasing the configuration parameter "max_wal_size".
2024-07-31 01:22:14.971 BST [1765734] LOG:  checkpoint starting: wal
2024-07-31 01:22:22.952 BST [1765734] LOG:  checkpoint complete: wrote 45 buffers (0.0%); 0 WAL file(s) added, 0 removed, 33 recycled; write=4.521 s, sync=3.218 s, total=7.981 s; sync files=41, longest=1.293 s, average=0.079 s; distance=541076 kB, estimate=541076 kB; lsn=0/68FFC040, redo lsn=0/64112630
2024-07-31 01:22:56.787 BST [1765940] LOG:  skipping vacuum of "t" --- lock not available
2024-07-31 01:23:03.801 BST [1765734] LOG:  checkpoint starting: wal
2024-07-31 01:23:17.025 BST [1765734] LOG:  checkpoint complete: wrote 125 buffers (0.1%); 0 WAL file(s) added, 0 removed, 33 recycled; write=9.380 s, sync=3.687 s, total=13.224 s; sync files=874, longest=0.988 s, average=0.005 s; distance=540264 kB, estimate=540995 kB; lsn=0/89840F08, redo lsn=0/850AC998
2024-07-31 01:23:17.025 BST [1765734] LOG:  checkpoint starting: immediate force wait
2024-07-31 01:23:17.294 BST [1765734] LOG:  checkpoint complete: wrote 8166 buffers (6.2%); 0 WAL file(s) added, 0 removed, 4 recycled; write=0.060 s, sync=0.157 s, total=0.269 s; sync files=449, longest=0.125 s, average=0.001 s; distance=73297 kB, estimate=494225 kB; lsn=0/89840FD8, redo lsn=0/89840F80
2024-07-31 01:24:31.613 BST [1765733] LOG:  received fast shutdown request
2024-07-31 01:24:31.617 BST [1765733] LOG:  aborting any active transactions
2024-07-31 01:24:31.618 BST [1765733] LOG:  background worker "logical replication launcher" (PID 1765739) exited with exit code 1
2024-07-31 01:24:31.618 BST [1765734] LOG:  shutting down
2024-07-31 01:24:31.622 BST [1765734] LOG:  checkpoint starting: shutdown immediate
2024-07-31 01:24:31.650 BST [1765734] LOG:  checkpoint complete: wrote 97 buffers (0.1%); 0 WAL file(s) added, 0 removed, 0 recycled; write=0.007 s, sync=0.006 s, total=0.032 s; sync files=10, longest=0.005 s, average=0.001 s; distance=356 kB, estimate=444838 kB; lsn=0/8989A180, redo lsn=0/8989A180
2024-07-31 01:24:31.717 BST [1765733] LOG:  database system is shut down
