2024-08-01 17:29:52.658 CEST [3039767] LOG:  starting PostgreSQL 18devel on x86_64-pc-linux-gnu, compiled by gcc (Debian 12.2.0-14) 12.2.0, 64-bit
2024-08-01 17:29:52.658 CEST [3039767] LOG:  listening on IPv6 address "::1", port 5432
2024-08-01 17:29:52.658 CEST [3039767] LOG:  listening on IPv4 address "127.0.0.1", port 5432
2024-08-01 17:29:52.659 CEST [3039767] LOG:  listening on Unix socket "/tmp/.s.PGSQL.5432"
2024-08-01 17:29:52.661 CEST [3039770] LOG:  database system was shut down at 2024-08-01 17:29:51 CEST
2024-08-01 17:29:52.665 CEST [3039767] LOG:  database system is ready to accept connections
2024-08-01 17:30:01.264 CEST [3039768] LOG:  checkpoints are occurring too frequently (9 seconds apart)
2024-08-01 17:30:01.264 CEST [3039768] HINT:  Consider increasing the configuration parameter "max_wal_size".
2024-08-01 17:30:01.264 CEST [3039768] LOG:  checkpoint starting: wal
2024-08-01 17:30:08.676 CEST [3039768] LOG:  checkpoint complete: wrote 54652 buffers (20.8%); 0 WAL file(s) added, 1 removed, 32 recycled; write=6.899 s, sync=0.442 s, total=7.412 s; sync files=707, longest=0.248 s, average=0.001 s; distance=542381 kB, estimate=542381 kB; lsn=0/417930B0, redo lsn=0/22696A88
2024-08-01 17:30:09.076 CEST [3039768] LOG:  checkpoints are occurring too frequently (8 seconds apart)
2024-08-01 17:30:09.076 CEST [3039768] HINT:  Consider increasing the configuration parameter "max_wal_size".
2024-08-01 17:30:09.076 CEST [3039768] LOG:  checkpoint starting: wal
2024-08-01 17:30:15.472 CEST [3039768] LOG:  checkpoint complete: wrote 61748 buffers (23.6%); 0 WAL file(s) added, 1 removed, 32 recycled; write=5.887 s, sync=0.419 s, total=6.397 s; sync files=4, longest=0.245 s, average=0.105 s; distance=549948 kB, estimate=549948 kB; lsn=0/62F7E250, redo lsn=0/43FA5AD0
2024-08-01 17:30:15.670 CEST [3039768] LOG:  checkpoints are occurring too frequently (6 seconds apart)
2024-08-01 17:30:15.670 CEST [3039768] HINT:  Consider increasing the configuration parameter "max_wal_size".
2024-08-01 17:30:15.673 CEST [3039768] LOG:  checkpoint starting: wal
2024-08-01 17:30:22.078 CEST [3039768] LOG:  checkpoint complete: wrote 59090 buffers (22.5%); 0 WAL file(s) added, 0 removed, 33 recycled; write=5.998 s, sync=0.357 s, total=6.409 s; sync files=4, longest=0.347 s, average=0.090 s; distance=525913 kB, estimate=547544 kB; lsn=0/827120D0, redo lsn=0/6413C0F8
2024-08-01 17:30:22.694 CEST [3039768] LOG:  checkpoints are occurring too frequently (7 seconds apart)
2024-08-01 17:30:22.694 CEST [3039768] HINT:  Consider increasing the configuration parameter "max_wal_size".
2024-08-01 17:30:22.694 CEST [3039768] LOG:  checkpoint starting: wal
2024-08-01 17:30:29.029 CEST [3039768] LOG:  checkpoint complete: wrote 62198 buffers (23.7%); 0 WAL file(s) added, 1 removed, 32 recycled; write=5.857 s, sync=0.407 s, total=6.336 s; sync files=4, longest=0.325 s, average=0.102 s; distance=553755 kB, estimate=553755 kB; lsn=0/A48FAF10, redo lsn=0/85E03008
2024-08-01 17:30:29.237 CEST [3039768] LOG:  checkpoints are occurring too frequently (7 seconds apart)
2024-08-01 17:30:29.237 CEST [3039768] HINT:  Consider increasing the configuration parameter "max_wal_size".
2024-08-01 17:30:29.240 CEST [3039768] LOG:  checkpoint starting: wal
2024-08-01 17:30:35.521 CEST [3039768] LOG:  checkpoint complete: wrote 59175 buffers (22.6%); 0 WAL file(s) added, 0 removed, 33 recycled; write=5.796 s, sync=0.429 s, total=6.285 s; sync files=4, longest=0.418 s, average=0.108 s; distance=527244 kB, estimate=551104 kB; lsn=0/C4C948F0, redo lsn=0/A60E6230
2024-08-01 17:30:35.938 CEST [3039768] LOG:  checkpoints are occurring too frequently (6 seconds apart)
2024-08-01 17:30:35.938 CEST [3039768] HINT:  Consider increasing the configuration parameter "max_wal_size".
2024-08-01 17:30:35.939 CEST [3039768] LOG:  checkpoint starting: wal
2024-08-01 17:30:42.242 CEST [3039768] LOG:  checkpoint complete: wrote 61238 buffers (23.4%); 0 WAL file(s) added, 0 removed, 33 recycled; write=5.815 s, sync=0.424 s, total=6.304 s; sync files=3, longest=0.422 s, average=0.142 s; distance=545095 kB, estimate=550503 kB; lsn=0/E5F74928, redo lsn=0/C75380E0
2024-08-01 17:30:42.664 CEST [3039768] LOG:  checkpoints are occurring too frequently (7 seconds apart)
2024-08-01 17:30:42.664 CEST [3039768] HINT:  Consider increasing the configuration parameter "max_wal_size".
2024-08-01 17:30:42.666 CEST [3039768] LOG:  checkpoint starting: wal
2024-08-01 17:30:48.910 CEST [3039768] LOG:  checkpoint complete: wrote 60947 buffers (23.2%); 0 WAL file(s) added, 0 removed, 33 recycled; write=5.717 s, sync=0.472 s, total=6.247 s; sync files=4, longest=0.456 s, average=0.118 s; distance=542544 kB, estimate=549707 kB; lsn=1/6BC82C0, redo lsn=0/E870C1B8
2024-08-01 17:30:49.309 CEST [3039768] LOG:  checkpoints are occurring too frequently (7 seconds apart)
2024-08-01 17:30:49.309 CEST [3039768] HINT:  Consider increasing the configuration parameter "max_wal_size".
2024-08-01 17:30:49.312 CEST [3039768] LOG:  checkpoint starting: wal
2024-08-01 17:30:55.654 CEST [3039768] LOG:  checkpoint complete: wrote 60168 buffers (23.0%); 0 WAL file(s) added, 1 removed, 32 recycled; write=5.904 s, sync=0.366 s, total=6.345 s; sync files=4, longest=0.363 s, average=0.092 s; distance=535599 kB, estimate=548296 kB; lsn=1/280000D0, redo lsn=1/9218070
2024-08-01 17:30:56.054 CEST [3039768] LOG:  checkpoints are occurring too frequently (7 seconds apart)
2024-08-01 17:30:56.054 CEST [3039768] HINT:  Consider increasing the configuration parameter "max_wal_size".
2024-08-01 17:30:56.057 CEST [3039768] LOG:  checkpoint starting: wal
2024-08-01 17:31:10.575 CEST [3039768] LOG:  checkpoint complete: wrote 60826 buffers (23.2%); 0 WAL file(s) added, 2 removed, 31 recycled; write=9.838 s, sync=4.638 s, total=14.521 s; sync files=8, longest=2.033 s, average=0.580 s; distance=542080 kB, estimate=547675 kB; lsn=1/4A1169D8, redo lsn=1/2A378148
2024-08-01 17:31:12.382 CEST [3039768] LOG:  checkpoints are occurring too frequently (16 seconds apart)
2024-08-01 17:31:12.382 CEST [3039768] HINT:  Consider increasing the configuration parameter "max_wal_size".
2024-08-01 17:31:12.385 CEST [3039768] LOG:  checkpoint starting: wal
2024-08-01 17:31:45.462 CEST [3039768] LOG:  checkpoint complete: wrote 251074 buffers (95.8%); 0 WAL file(s) added, 2 removed, 31 recycled; write=31.913 s, sync=1.129 s, total=33.081 s; sync files=32, longest=0.151 s, average=0.036 s; distance=538317 kB, estimate=546739 kB; lsn=1/6BC01D40, redo lsn=1/4B12B900
2024-08-01 17:31:48.716 CEST [3039768] LOG:  checkpoint starting: wal
2024-08-01 17:31:52.747 CEST [3039860] LOG:  skipping vacuum of "t" --- lock not available
2024-08-01 17:31:54.921 CEST [3039768] LOG:  checkpoint complete: wrote 60 buffers (0.0%); 0 WAL file(s) added, 0 removed, 33 recycled; write=5.920 s, sync=0.257 s, total=6.206 s; sync files=229, longest=0.118 s, average=0.002 s; distance=542192 kB, estimate=546284 kB; lsn=1/735697E8, redo lsn=1/6C2A7B58
2024-08-01 17:32:23.192 CEST [3039768] LOG:  checkpoint starting: wal
2024-08-01 17:32:52.767 CEST [3039880] LOG:  skipping vacuum of "t" --- lock not available
2024-08-01 17:32:57.470 CEST [3039768] LOG:  checkpoint complete: wrote 755 buffers (0.3%); 0 WAL file(s) added, 0 removed, 33 recycled; write=33.396 s, sync=0.842 s, total=34.279 s; sync files=244, longest=0.112 s, average=0.004 s; distance=546494 kB, estimate=546494 kB; lsn=1/AB7686F0, redo lsn=1/8D8576F0
2024-08-01 17:33:00.656 CEST [3039768] LOG:  checkpoint starting: wal
2024-08-01 17:33:10.518 CEST [3039768] LOG:  checkpoint complete: wrote 97 buffers (0.0%); 0 WAL file(s) added, 0 removed, 34 recycled; write=9.629 s, sync=0.203 s, total=9.863 s; sync files=30, longest=0.100 s, average=0.007 s; distance=548529 kB, estimate=548529 kB; lsn=1/B6B01C00, redo lsn=1/AF003C30
2024-08-01 17:33:39.196 CEST [3039768] LOG:  checkpoint starting: wal
2024-08-01 17:33:41.798 CEST [3039768] LOG:  checkpoint complete: wrote 20 buffers (0.0%); 0 WAL file(s) added, 0 removed, 33 recycled; write=1.912 s, sync=0.660 s, total=2.605 s; sync files=24, longest=0.128 s, average=0.028 s; distance=544163 kB, estimate=548092 kB; lsn=1/D0E03AB8, redo lsn=1/D036CB70
2024-08-01 17:33:52.786 CEST [3039897] LOG:  skipping vacuum of "t" --- lock not available
2024-08-01 17:34:18.175 CEST [3039768] LOG:  checkpoint starting: wal
2024-08-01 17:34:20.880 CEST [3039768] LOG:  checkpoint complete: wrote 20 buffers (0.0%); 0 WAL file(s) added, 0 removed, 33 recycled; write=1.912 s, sync=0.762 s, total=2.705 s; sync files=26, longest=0.167 s, average=0.030 s; distance=552284 kB, estimate=552284 kB; lsn=1/F28B7998, redo lsn=1/F1EC3CF0
2024-08-01 17:34:52.805 CEST [3039913] LOG:  skipping vacuum of "t" --- lock not available
2024-08-01 17:34:57.674 CEST [3039768] LOG:  checkpoint starting: wal
2024-08-01 17:35:00.289 CEST [3039768] LOG:  checkpoint complete: wrote 20 buffers (0.0%); 0 WAL file(s) added, 0 removed, 33 recycled; write=1.912 s, sync=0.671 s, total=2.616 s; sync files=26, longest=0.124 s, average=0.026 s; distance=534945 kB, estimate=550550 kB; lsn=2/1436CF58, redo lsn=2/1292C340
2024-08-01 17:35:37.816 CEST [3039768] LOG:  checkpoint starting: wal
2024-08-01 17:35:40.054 CEST [3039768] LOG:  checkpoint complete: wrote 17 buffers (0.0%); 0 WAL file(s) added, 0 removed, 33 recycled; write=1.611 s, sync=0.599 s, total=2.242 s; sync files=26, longest=0.111 s, average=0.024 s; distance=534919 kB, estimate=548987 kB; lsn=2/35E18690, redo lsn=2/3338E188
2024-08-01 17:35:52.825 CEST [3039934] LOG:  skipping vacuum of "t" --- lock not available
2024-08-01 17:36:18.956 CEST [3039768] LOG:  checkpoint starting: wal
2024-08-01 17:36:21.268 CEST [3039768] LOG:  checkpoint complete: wrote 16 buffers (0.0%); 0 WAL file(s) added, 0 removed, 34 recycled; write=1.511 s, sync=0.772 s, total=2.312 s; sync files=25, longest=0.139 s, average=0.031 s; distance=553574 kB, estimate=553574 kB; lsn=2/578C36B0, redo lsn=2/550279B0
2024-08-01 17:36:52.845 CEST [3039951] LOG:  skipping vacuum of "t" --- lock not available
2024-08-01 17:37:00.866 CEST [3039768] LOG:  checkpoint starting: wal
2024-08-01 17:37:03.308 CEST [3039768] LOG:  checkpoint complete: wrote 18 buffers (0.0%); 0 WAL file(s) added, 0 removed, 33 recycled; write=1.711 s, sync=0.700 s, total=2.444 s; sync files=24, longest=0.129 s, average=0.030 s; distance=548310 kB, estimate=553047 kB; lsn=2/79371328, redo lsn=2/7679D4C8
2024-08-01 17:37:39.658 CEST [3039768] LOG:  checkpoint starting: wal
2024-08-01 17:37:41.928 CEST [3039768] LOG:  checkpoint complete: wrote 14 buffers (0.0%); 0 WAL file(s) added, 0 removed, 33 recycled; write=1.310 s, sync=0.921 s, total=2.271 s; sync files=23, longest=0.178 s, average=0.041 s; distance=535129 kB, estimate=551255 kB; lsn=2/972460D8, redo lsn=2/97233AE0
2024-08-01 17:37:52.864 CEST [3039967] LOG:  skipping vacuum of "t" --- lock not available
2024-08-01 17:38:23.370 CEST [3039768] LOG:  checkpoint starting: wal
2024-08-01 17:38:26.223 CEST [3039768] LOG:  checkpoint complete: wrote 23 buffers (0.0%); 0 WAL file(s) added, 0 removed, 33 recycled; write=2.213 s, sync=0.610 s, total=2.856 s; sync files=27, longest=0.128 s, average=0.023 s; distance=541755 kB, estimate=550305 kB; lsn=2/B8D01ED8, redo lsn=2/B8342708
2024-08-01 17:38:31.397 CEST [3039768] LOG:  checkpoints are occurring too frequently (8 seconds apart)
2024-08-01 17:38:31.397 CEST [3039768] HINT:  Consider increasing the configuration parameter "max_wal_size".
2024-08-01 17:38:31.400 CEST [3039768] LOG:  checkpoint starting: wal
2024-08-01 17:38:35.193 CEST [3039768] LOG:  checkpoint complete: wrote 26 buffers (0.0%); 0 WAL file(s) added, 0 removed, 33 recycled; write=2.512 s, sync=1.234 s, total=3.796 s; sync files=17, longest=1.143 s, average=0.073 s; distance=542935 kB, estimate=549568 kB; lsn=2/F5BFB5F8, redo lsn=2/D9578378
2024-08-01 17:38:35.780 CEST [3039768] LOG:  checkpoints are occurring too frequently (4 seconds apart)
2024-08-01 17:38:35.780 CEST [3039768] HINT:  Consider increasing the configuration parameter "max_wal_size".
2024-08-01 17:38:35.780 CEST [3039768] LOG:  checkpoint starting: wal
2024-08-01 17:38:35.847 CEST [3039768] LOG:  checkpoint complete: wrote 0 buffers (0.0%); 0 WAL file(s) added, 0 removed, 34 recycled; write=0.005 s, sync=0.001 s, total=0.067 s; sync files=0, longest=0.000 s, average=0.000 s; distance=551682 kB, estimate=551682 kB; lsn=2/FB31E818, redo lsn=2/FB038F60
2024-08-01 17:38:39.132 CEST [3039768] LOG:  checkpoints are occurring too frequently (4 seconds apart)
2024-08-01 17:38:39.132 CEST [3039768] HINT:  Consider increasing the configuration parameter "max_wal_size".
2024-08-01 17:38:39.132 CEST [3039768] LOG:  checkpoint starting: wal
2024-08-01 17:38:39.199 CEST [3039768] LOG:  checkpoint complete: wrote 0 buffers (0.0%); 0 WAL file(s) added, 0 removed, 34 recycled; write=0.006 s, sync=0.001 s, total=0.068 s; sync files=0, longest=0.000 s, average=0.000 s; distance=556873 kB, estimate=556873 kB; lsn=3/1D36C7A0, redo lsn=3/1D00B588
2024-08-01 17:38:42.547 CEST [3039768] LOG:  checkpoints are occurring too frequently (3 seconds apart)
2024-08-01 17:38:42.547 CEST [3039768] HINT:  Consider increasing the configuration parameter "max_wal_size".
2024-08-01 17:38:42.575 CEST [3039768] LOG:  checkpoint starting: wal
2024-08-01 17:38:42.627 CEST [3039768] LOG:  checkpoint complete: wrote 0 buffers (0.0%); 0 WAL file(s) added, 0 removed, 34 recycled; write=0.006 s, sync=0.001 s, total=0.081 s; sync files=0, longest=0.000 s, average=0.000 s; distance=557120 kB, estimate=557120 kB; lsn=3/3F3F83D8, redo lsn=3/3F01B860
2024-08-01 17:38:45.872 CEST [3039768] LOG:  checkpoints are occurring too frequently (3 seconds apart)
2024-08-01 17:38:45.872 CEST [3039768] HINT:  Consider increasing the configuration parameter "max_wal_size".
2024-08-01 17:38:45.872 CEST [3039768] LOG:  checkpoint starting: wal
2024-08-01 17:38:45.942 CEST [3039768] LOG:  checkpoint complete: wrote 0 buffers (0.0%); 0 WAL file(s) added, 0 removed, 34 recycled; write=0.007 s, sync=0.001 s, total=0.071 s; sync files=0, longest=0.000 s, average=0.000 s; distance=557120 kB, estimate=557120 kB; lsn=3/613CAA00, redo lsn=3/6102BB38
2024-08-01 17:38:49.192 CEST [3039768] LOG:  checkpoints are occurring too frequently (4 seconds apart)
2024-08-01 17:38:49.192 CEST [3039768] HINT:  Consider increasing the configuration parameter "max_wal_size".
2024-08-01 17:38:49.192 CEST [3039768] LOG:  checkpoint starting: wal
2024-08-01 17:38:49.260 CEST [3039768] LOG:  checkpoint complete: wrote 0 buffers (0.0%); 0 WAL file(s) added, 0 removed, 33 recycled; write=0.006 s, sync=0.001 s, total=0.068 s; sync files=0, longest=0.000 s, average=0.000 s; distance=556873 kB, estimate=557095 kB; lsn=3/8335F378, redo lsn=3/82FFE168
2024-08-01 17:38:52.367 CEST [3039768] LOG:  checkpoints are occurring too frequently (3 seconds apart)
2024-08-01 17:38:52.367 CEST [3039768] HINT:  Consider increasing the configuration parameter "max_wal_size".
2024-08-01 17:38:52.367 CEST [3039768] LOG:  checkpoint starting: wal
2024-08-01 17:38:52.437 CEST [3039768] LOG:  checkpoint complete: wrote 0 buffers (0.0%); 0 WAL file(s) added, 0 removed, 34 recycled; write=0.006 s, sync=0.001 s, total=0.070 s; sync files=0, longest=0.000 s, average=0.000 s; distance=540807 kB, estimate=555467 kB; lsn=3/A43811F8, redo lsn=3/A401FFE0
2024-08-01 17:38:52.880 CEST [3039980] LOG:  skipping vacuum of "t" --- lock not available
2024-08-01 17:39:04.057 CEST [3039768] LOG:  checkpoints are occurring too frequently (12 seconds apart)
2024-08-01 17:39:04.057 CEST [3039768] HINT:  Consider increasing the configuration parameter "max_wal_size".
2024-08-01 17:39:04.058 CEST [3039768] LOG:  checkpoint starting: wal
2024-08-01 17:39:05.459 CEST [3039768] LOG:  checkpoint complete: wrote 9 buffers (0.0%); 0 WAL file(s) added, 0 removed, 33 recycled; write=0.908 s, sync=0.424 s, total=1.402 s; sync files=6, longest=0.421 s, average=0.071 s; distance=552377 kB, estimate=555158 kB; lsn=3/CE013218, redo lsn=3/C5B8E6C8
2024-08-01 17:39:32.914 CEST [3039768] LOG:  checkpoints are occurring too frequently (28 seconds apart)
2024-08-01 17:39:32.914 CEST [3039768] HINT:  Consider increasing the configuration parameter "max_wal_size".
2024-08-01 17:39:32.917 CEST [3039768] LOG:  checkpoint starting: wal
2024-08-01 17:39:34.266 CEST [3039768] LOG:  checkpoint complete: wrote 5 buffers (0.0%); 0 WAL file(s) added, 0 removed, 33 recycled; write=0.507 s, sync=0.810 s, total=1.352 s; sync files=11, longest=0.236 s, average=0.074 s; distance=532850 kB, estimate=552927 kB; lsn=3/E8C47FD8, redo lsn=3/E63EB048
2024-08-01 17:39:52.899 CEST [3039996] LOG:  skipping vacuum of "t" --- lock not available
2024-08-01 17:40:09.470 CEST [3039768] LOG:  checkpoint starting: wal
2024-08-01 17:40:11.290 CEST [3039768] LOG:  checkpoint complete: wrote 9 buffers (0.0%); 0 WAL file(s) added, 0 removed, 33 recycled; write=0.909 s, sync=0.880 s, total=1.821 s; sync files=16, longest=0.137 s, average=0.055 s; distance=547385 kB, estimate=552373 kB; lsn=4/A6E7C68, redo lsn=4/7A794A0
2024-08-01 17:40:43.612 CEST [3039768] LOG:  checkpoint starting: wal
2024-08-01 17:40:45.661 CEST [3039768] LOG:  checkpoint complete: wrote 10 buffers (0.0%); 0 WAL file(s) added, 0 removed, 33 recycled; write=1.009 s, sync=1.011 s, total=2.050 s; sync files=14, longest=0.138 s, average=0.073 s; distance=535741 kB, estimate=550710 kB; lsn=4/285A8DE0, redo lsn=4/285A8C10
2024-08-01 17:40:52.919 CEST [3040014] LOG:  skipping vacuum of "t" --- lock not available
2024-08-01 17:41:21.477 CEST [3039768] LOG:  checkpoint starting: wal
2024-08-01 17:41:23.184 CEST [3039768] LOG:  checkpoint complete: wrote 9 buffers (0.0%); 0 WAL file(s) added, 0 removed, 33 recycled; write=0.909 s, sync=0.773 s, total=1.711 s; sync files=15, longest=0.137 s, average=0.052 s; distance=536381 kB, estimate=549277 kB; lsn=4/4A050D10, redo lsn=4/491782A8
2024-08-01 17:41:52.939 CEST [3040031] LOG:  skipping vacuum of "t" --- lock not available
2024-08-01 17:42:00.735 CEST [3039768] LOG:  checkpoint starting: wal
2024-08-01 17:42:02.685 CEST [3039768] LOG:  checkpoint complete: wrote 11 buffers (0.0%); 0 WAL file(s) added, 0 removed, 33 recycled; write=1.125 s, sync=0.798 s, total=1.951 s; sync files=15, longest=0.124 s, average=0.054 s; distance=551776 kB, estimate=551776 kB; lsn=4/6BAF2750, redo lsn=4/6AC50680
2024-08-01 17:42:40.757 CEST [3039768] LOG:  checkpoint starting: wal
2024-08-01 17:42:42.641 CEST [3039768] LOG:  checkpoint complete: wrote 10 buffers (0.0%); 0 WAL file(s) added, 0 removed, 33 recycled; write=1.021 s, sync=0.836 s, total=1.885 s; sync files=15, longest=0.239 s, average=0.056 s; distance=541895 kB, estimate=550788 kB; lsn=4/8D594498, redo lsn=4/8BD825B0
2024-08-01 17:42:52.958 CEST [3040050] LOG:  skipping vacuum of "t" --- lock not available
2024-08-01 17:43:21.636 CEST [3039768] LOG:  checkpoint starting: wal
2024-08-01 17:43:23.519 CEST [3039768] LOG:  checkpoint complete: wrote 12 buffers (0.0%); 0 WAL file(s) added, 0 removed, 33 recycled; write=1.209 s, sync=0.644 s, total=1.886 s; sync files=16, longest=0.118 s, average=0.041 s; distance=534873 kB, estimate=549197 kB; lsn=4/AF034C08, redo lsn=4/AC7D8B10
2024-08-01 17:43:52.978 CEST [3040078] LOG:  skipping vacuum of "t" --- lock not available
2024-08-01 17:44:03.262 CEST [3039768] LOG:  checkpoint starting: wal
2024-08-01 17:44:04.924 CEST [3039768] LOG:  checkpoint complete: wrote 6 buffers (0.0%); 0 WAL file(s) added, 0 removed, 33 recycled; write=0.607 s, sync=1.031 s, total=1.662 s; sync files=14, longest=0.139 s, average=0.074 s; distance=539038 kB, estimate=548181 kB; lsn=4/D0AD6128, redo lsn=4/CD640468
2024-08-01 17:44:41.712 CEST [3039768] LOG:  checkpoint starting: wal
2024-08-01 17:44:43.070 CEST [3039768] LOG:  checkpoint complete: wrote 7 buffers (0.0%); 0 WAL file(s) added, 0 removed, 33 recycled; write=0.708 s, sync=0.620 s, total=1.361 s; sync files=14, longest=0.115 s, average=0.045 s; distance=540344 kB, estimate=547397 kB; lsn=4/EE9A1960, redo lsn=4/EE5EE6F0
2024-08-01 17:44:52.998 CEST [3040095] LOG:  skipping vacuum of "t" --- lock not available
2024-08-01 17:45:24.813 CEST [3039768] LOG:  checkpoint starting: wal
2024-08-01 17:45:25.886 CEST [3039768] LOG:  checkpoint complete: wrote 6 buffers (0.0%); 0 WAL file(s) added, 0 removed, 33 recycled; write=0.614 s, sync=0.428 s, total=1.076 s; sync files=15, longest=0.112 s, average=0.029 s; distance=538166 kB, estimate=546474 kB; lsn=5/10443C48, redo lsn=5/F37BFA0
2024-08-01 17:45:53.018 CEST [3040168] LOG:  skipping vacuum of "t" --- lock not available
2024-08-01 17:46:08.705 CEST [3039768] LOG:  checkpoint starting: wal
2024-08-01 17:46:10.039 CEST [3039768] LOG:  checkpoint complete: wrote 7 buffers (0.0%); 0 WAL file(s) added, 0 removed, 33 recycled; write=0.708 s, sync=0.598 s, total=1.338 s; sync files=15, longest=0.156 s, average=0.040 s; distance=539705 kB, estimate=545797 kB; lsn=5/31EE54B8, redo lsn=5/3028A4D0
2024-08-01 17:46:42.395 CEST [3039768] LOG:  checkpoint starting: immediate force wait
2024-08-01 17:46:48.363 CEST [3039768] LOG:  checkpoint complete: wrote 12305 buffers (4.7%); 0 WAL file(s) added, 0 removed, 26 recycled; write=0.184 s, sync=5.749 s, total=5.968 s; sync files=781, longest=1.174 s, average=0.008 s; distance=434835 kB, estimate=534701 kB; lsn=5/4AB2F148, redo lsn=5/4AB2F0F0
2024-08-01 17:47:59.406 CEST [3039767] LOG:  received fast shutdown request
2024-08-01 17:47:59.407 CEST [3039767] LOG:  aborting any active transactions
2024-08-01 17:47:59.408 CEST [3039767] LOG:  background worker "logical replication launcher" (PID 3039773) exited with exit code 1
2024-08-01 17:47:59.410 CEST [3039768] LOG:  shutting down
2024-08-01 17:47:59.410 CEST [3039768] LOG:  checkpoint starting: shutdown immediate
2024-08-01 17:47:59.416 CEST [3039768] LOG:  checkpoint complete: wrote 65 buffers (0.0%); 0 WAL file(s) added, 0 removed, 0 recycled; write=0.005 s, sync=0.001 s, total=0.007 s; sync files=5, longest=0.001 s, average=0.001 s; distance=202 kB, estimate=481251 kB; lsn=5/4AB61928, redo lsn=5/4AB61928
2024-08-01 17:47:59.829 CEST [3039767] LOG:  database system is shut down
