2024-08-01 12:29:23.873 BST [22475] LOG:  starting PostgreSQL 18devel on armv8l-unknown-linux-gnueabihf, compiled by gcc (Raspbian 12.2.0-14+rpi1) 12.2.0, 32-bit
2024-08-01 12:29:23.873 BST [22475] LOG:  listening on IPv6 address "::1", port 5432
2024-08-01 12:29:23.873 BST [22475] LOG:  listening on IPv4 address "127.0.0.1", port 5432
2024-08-01 12:29:23.887 BST [22475] LOG:  listening on Unix socket "/tmp/.s.PGSQL.5432"
2024-08-01 12:29:23.891 BST [22478] LOG:  database system was shut down at 2024-08-01 12:29:21 BST
2024-08-01 12:29:23.898 BST [22475] LOG:  database system is ready to accept connections
2024-08-01 12:29:37.486 BST [22476] LOG:  checkpoints are occurring too frequently (14 seconds apart)
2024-08-01 12:29:37.486 BST [22476] HINT:  Consider increasing the configuration parameter "max_wal_size".
2024-08-01 12:29:37.486 BST [22476] LOG:  checkpoint starting: wal
2024-08-01 12:30:30.087 BST [22476] LOG:  checkpoint complete: wrote 60435 buffers (46.1%); 0 WAL file(s) added, 0 removed, 33 recycled; write=50.739 s, sync=1.659 s, total=52.602 s; sync files=787, longest=0.066 s, average=0.003 s; distance=537502 kB, estimate=537502 kB; lsn=0/40CC1940, redo lsn=0/221CD788
2024-08-01 12:30:33.797 BST [22476] LOG:  checkpoint starting: wal
2024-08-01 12:30:37.109 BST [22476] LOG:  checkpoint complete: wrote 29 buffers (0.0%); 0 WAL file(s) added, 0 removed, 33 recycled; write=2.837 s, sync=0.343 s, total=3.313 s; sync files=30, longest=0.106 s, average=0.012 s; distance=539514 kB, estimate=539514 kB; lsn=0/448AF930, redo lsn=0/430AC280
2024-08-01 12:30:48.673 BST [22476] LOG:  checkpoints are occurring too frequently (15 seconds apart)
2024-08-01 12:30:48.673 BST [22476] HINT:  Consider increasing the configuration parameter "max_wal_size".
2024-08-01 12:30:48.673 BST [22476] LOG:  checkpoint starting: wal
2024-08-01 12:30:54.569 BST [22476] LOG:  checkpoint complete: wrote 45 buffers (0.0%); 0 WAL file(s) added, 0 removed, 33 recycled; write=4.499 s, sync=1.227 s, total=5.896 s; sync files=40, longest=1.069 s, average=0.031 s; distance=541076 kB, estimate=541076 kB; lsn=0/67CF38A8, redo lsn=0/64111488
2024-08-01 12:31:23.940 BST [22755] LOG:  skipping vacuum of "t" --- lock not available
2024-08-01 12:31:42.654 BST [22476] LOG:  checkpoint starting: wal
2024-08-01 12:31:55.250 BST [22476] LOG:  checkpoint complete: wrote 125 buffers (0.1%); 0 WAL file(s) added, 0 removed, 33 recycled; write=9.967 s, sync=2.510 s, total=12.596 s; sync files=876, longest=1.010 s, average=0.003 s; distance=540265 kB, estimate=540995 kB; lsn=0/8983F308, redo lsn=0/850ABA30
2024-08-01 12:31:55.250 BST [22476] LOG:  checkpoint starting: immediate force wait
2024-08-01 12:31:56.088 BST [22476] LOG:  checkpoint complete: wrote 8166 buffers (6.2%); 0 WAL file(s) added, 0 removed, 4 recycled; write=0.086 s, sync=0.698 s, total=0.838 s; sync files=449, longest=0.091 s, average=0.002 s; distance=73294 kB, estimate=494225 kB; lsn=0/8983F3D8, redo lsn=0/8983F380
2024-08-01 12:33:09.031 BST [22475] LOG:  received fast shutdown request
2024-08-01 12:33:09.033 BST [22475] LOG:  aborting any active transactions
2024-08-01 12:33:09.033 BST [22475] LOG:  background worker "logical replication launcher" (PID 22481) exited with exit code 1
2024-08-01 12:33:09.035 BST [22476] LOG:  shutting down
2024-08-01 12:33:09.037 BST [22476] LOG:  checkpoint starting: shutdown immediate
2024-08-01 12:33:09.066 BST [22476] LOG:  checkpoint complete: wrote 96 buffers (0.1%); 0 WAL file(s) added, 0 removed, 0 recycled; write=0.012 s, sync=0.012 s, total=0.031 s; sync files=10, longest=0.002 s, average=0.002 s; distance=354 kB, estimate=444838 kB; lsn=0/89897DF8, redo lsn=0/89897DF8
2024-08-01 12:33:09.296 BST [22475] LOG:  database system is shut down
