2024-08-02 00:12:25.570 BST [7566] LOG:  starting PostgreSQL 18devel on armv8l-unknown-linux-gnueabihf, compiled by gcc (Raspbian 12.2.0-14+rpi1) 12.2.0, 32-bit
2024-08-02 00:12:25.570 BST [7566] LOG:  listening on IPv6 address "::1", port 5432
2024-08-02 00:12:25.570 BST [7566] LOG:  listening on IPv4 address "127.0.0.1", port 5432
2024-08-02 00:12:25.597 BST [7566] LOG:  listening on Unix socket "/tmp/.s.PGSQL.5432"
2024-08-02 00:12:25.601 BST [7569] LOG:  database system was shut down at 2024-08-02 00:12:22 BST
2024-08-02 00:12:25.608 BST [7566] LOG:  database system is ready to accept connections
2024-08-02 00:12:39.148 BST [7567] LOG:  checkpoints are occurring too frequently (14 seconds apart)
2024-08-02 00:12:39.148 BST [7567] HINT:  Consider increasing the configuration parameter "max_wal_size".
2024-08-02 00:12:39.149 BST [7567] LOG:  checkpoint starting: wal
2024-08-02 00:13:31.473 BST [7567] LOG:  checkpoint complete: wrote 60435 buffers (46.1%); 0 WAL file(s) added, 0 removed, 33 recycled; write=50.454 s, sync=1.669 s, total=52.324 s; sync files=787, longest=0.066 s, average=0.003 s; distance=537502 kB, estimate=537502 kB; lsn=0/40CC1940, redo lsn=0/221CD788
2024-08-02 00:13:35.201 BST [7567] LOG:  checkpoint starting: wal
2024-08-02 00:13:38.506 BST [7567] LOG:  checkpoint complete: wrote 29 buffers (0.0%); 0 WAL file(s) added, 0 removed, 33 recycled; write=2.855 s, sync=0.298 s, total=3.306 s; sync files=30, longest=0.024 s, average=0.010 s; distance=539514 kB, estimate=539514 kB; lsn=0/448AF930, redo lsn=0/430AC280
2024-08-02 00:13:50.133 BST [7567] LOG:  checkpoints are occurring too frequently (15 seconds apart)
2024-08-02 00:13:50.133 BST [7567] HINT:  Consider increasing the configuration parameter "max_wal_size".
2024-08-02 00:13:50.133 BST [7567] LOG:  checkpoint starting: wal
2024-08-02 00:13:56.185 BST [7567] LOG:  checkpoint complete: wrote 45 buffers (0.0%); 0 WAL file(s) added, 0 removed, 33 recycled; write=4.621 s, sync=1.236 s, total=6.052 s; sync files=39, longest=1.080 s, average=0.032 s; distance=541076 kB, estimate=541076 kB; lsn=0/67CF38A8, redo lsn=0/64111488
2024-08-02 00:14:25.652 BST [7761] LOG:  skipping vacuum of "t" --- lock not available
2024-08-02 00:14:44.404 BST [7567] LOG:  checkpoint starting: wal
2024-08-02 00:14:56.661 BST [7567] LOG:  checkpoint complete: wrote 125 buffers (0.1%); 0 WAL file(s) added, 0 removed, 33 recycled; write=9.634 s, sync=2.494 s, total=12.258 s; sync files=876, longest=1.019 s, average=0.003 s; distance=540265 kB, estimate=540995 kB; lsn=0/8983F000, redo lsn=0/850ABA48
2024-08-02 00:14:56.661 BST [7567] LOG:  checkpoint starting: immediate force wait
2024-08-02 00:14:57.497 BST [7567] LOG:  checkpoint complete: wrote 8166 buffers (6.2%); 0 WAL file(s) added, 0 removed, 4 recycled; write=0.093 s, sync=0.686 s, total=0.837 s; sync files=449, longest=0.084 s, average=0.002 s; distance=73293 kB, estimate=494225 kB; lsn=0/8983F0D0, redo lsn=0/8983F078
2024-08-02 00:16:10.378 BST [7566] LOG:  received fast shutdown request
2024-08-02 00:16:10.388 BST [7566] LOG:  aborting any active transactions
2024-08-02 00:16:10.389 BST [7566] LOG:  background worker "logical replication launcher" (PID 7572) exited with exit code 1
2024-08-02 00:16:10.391 BST [7567] LOG:  shutting down
2024-08-02 00:16:10.393 BST [7567] LOG:  checkpoint starting: shutdown immediate
2024-08-02 00:16:10.421 BST [7567] LOG:  checkpoint complete: wrote 96 buffers (0.1%); 0 WAL file(s) added, 0 removed, 0 recycled; write=0.011 s, sync=0.012 s, total=0.031 s; sync files=10, longest=0.002 s, average=0.002 s; distance=354 kB, estimate=444838 kB; lsn=0/89897AF0, redo lsn=0/89897AF0
2024-08-02 00:16:10.680 BST [7566] LOG:  database system is shut down
