2024-07-30 17:54:13.033 CEST [4174070] LOG:  starting PostgreSQL 18devel on x86_64-pc-linux-gnu, compiled by gcc (Debian 12.2.0-14) 12.2.0, 64-bit
2024-07-30 17:54:13.033 CEST [4174070] LOG:  listening on IPv6 address "::1", port 5432
2024-07-30 17:54:13.033 CEST [4174070] LOG:  listening on IPv4 address "127.0.0.1", port 5432
2024-07-30 17:54:13.034 CEST [4174070] LOG:  listening on Unix socket "/tmp/.s.PGSQL.5432"
2024-07-30 17:54:13.036 CEST [4174073] LOG:  database system was shut down at 2024-07-30 17:54:11 CEST
2024-07-30 17:54:13.040 CEST [4174070] LOG:  database system is ready to accept connections
2024-07-30 17:54:21.453 CEST [4174071] LOG:  checkpoints are occurring too frequently (8 seconds apart)
2024-07-30 17:54:21.453 CEST [4174071] HINT:  Consider increasing the configuration parameter "max_wal_size".
2024-07-30 17:54:21.453 CEST [4174071] LOG:  checkpoint starting: wal
2024-07-30 17:54:28.901 CEST [4174071] LOG:  checkpoint complete: wrote 55534 buffers (21.2%); 0 WAL file(s) added, 2 removed, 31 recycled; write=6.761 s, sync=0.622 s, total=7.448 s; sync files=707, longest=0.385 s, average=0.001 s; distance=550325 kB, estimate=550325 kB; lsn=0/425DFD80, redo lsn=0/22E588D0
2024-07-30 17:54:29.091 CEST [4174071] LOG:  checkpoints are occurring too frequently (8 seconds apart)
2024-07-30 17:54:29.091 CEST [4174071] HINT:  Consider increasing the configuration parameter "max_wal_size".
2024-07-30 17:54:29.091 CEST [4174071] LOG:  checkpoint starting: wal
2024-07-30 17:54:35.225 CEST [4174071] LOG:  checkpoint complete: wrote 60475 buffers (23.1%); 0 WAL file(s) added, 1 removed, 32 recycled; write=5.722 s, sync=0.318 s, total=6.135 s; sync files=4, longest=0.185 s, average=0.080 s; distance=538509 kB, estimate=549143 kB; lsn=0/62FBC058, redo lsn=0/43C3C0B0
2024-07-30 17:54:35.425 CEST [4174071] LOG:  checkpoints are occurring too frequently (6 seconds apart)
2024-07-30 17:54:35.425 CEST [4174071] HINT:  Consider increasing the configuration parameter "max_wal_size".
2024-07-30 17:54:35.428 CEST [4174071] LOG:  checkpoint starting: wal
2024-07-30 17:54:41.665 CEST [4174071] LOG:  checkpoint complete: wrote 59511 buffers (22.7%); 0 WAL file(s) added, 1 removed, 32 recycled; write=5.830 s, sync=0.335 s, total=6.240 s; sync files=4, longest=0.325 s, average=0.084 s; distance=529648 kB, estimate=547194 kB; lsn=0/8353B850, redo lsn=0/641780E0
2024-07-30 17:54:42.067 CEST [4174071] LOG:  checkpoints are occurring too frequently (7 seconds apart)
2024-07-30 17:54:42.067 CEST [4174071] HINT:  Consider increasing the configuration parameter "max_wal_size".
2024-07-30 17:54:42.067 CEST [4174071] LOG:  checkpoint starting: wal
2024-07-30 17:54:48.256 CEST [4174071] LOG:  checkpoint complete: wrote 62267 buffers (23.8%); 0 WAL file(s) added, 2 removed, 31 recycled; write=5.630 s, sync=0.493 s, total=6.190 s; sync files=4, longest=0.372 s, average=0.124 s; distance=554283 kB, estimate=554283 kB; lsn=0/A5002120, redo lsn=0/85EC30A0
2024-07-30 17:54:48.435 CEST [4174071] LOG:  checkpoints are occurring too frequently (6 seconds apart)
2024-07-30 17:54:48.435 CEST [4174071] HINT:  Consider increasing the configuration parameter "max_wal_size".
2024-07-30 17:54:48.439 CEST [4174071] LOG:  checkpoint starting: wal
2024-07-30 17:54:54.282 CEST [4174071] LOG:  checkpoint complete: wrote 59133 buffers (22.6%); 0 WAL file(s) added, 0 removed, 33 recycled; write=5.454 s, sync=0.334 s, total=5.848 s; sync files=4, longest=0.323 s, average=0.084 s; distance=526956 kB, estimate=551551 kB; lsn=0/C4FBA728, redo lsn=0/A615E210
2024-07-30 17:54:54.703 CEST [4174071] LOG:  checkpoints are occurring too frequently (6 seconds apart)
2024-07-30 17:54:54.703 CEST [4174071] HINT:  Consider increasing the configuration parameter "max_wal_size".
2024-07-30 17:54:54.704 CEST [4174071] LOG:  checkpoint starting: wal
2024-07-30 17:55:00.573 CEST [4174071] LOG:  checkpoint complete: wrote 61453 buffers (23.4%); 0 WAL file(s) added, 0 removed, 33 recycled; write=5.489 s, sync=0.332 s, total=5.871 s; sync files=3, longest=0.329 s, average=0.111 s; distance=546999 kB, estimate=551096 kB; lsn=0/E58E42E8, redo lsn=0/C778C040
2024-07-30 17:55:01.149 CEST [4174071] LOG:  checkpoints are occurring too frequently (7 seconds apart)
2024-07-30 17:55:01.149 CEST [4174071] HINT:  Consider increasing the configuration parameter "max_wal_size".
2024-07-30 17:55:01.149 CEST [4174071] LOG:  checkpoint starting: wal
2024-07-30 17:55:07.098 CEST [4174071] LOG:  checkpoint complete: wrote 61708 buffers (23.5%); 0 WAL file(s) added, 2 removed, 32 recycled; write=5.416 s, sync=0.466 s, total=5.950 s; sync files=4, longest=0.449 s, average=0.117 s; distance=549360 kB, estimate=550922 kB; lsn=1/80020E0, redo lsn=0/E90083F8
2024-07-30 17:55:07.493 CEST [4174071] LOG:  checkpoints are occurring too frequently (6 seconds apart)
2024-07-30 17:55:07.493 CEST [4174071] HINT:  Consider increasing the configuration parameter "max_wal_size".
2024-07-30 17:55:07.495 CEST [4174071] LOG:  checkpoint starting: wal
2024-07-30 17:55:13.442 CEST [4174071] LOG:  checkpoint complete: wrote 61424 buffers (23.4%); 0 WAL file(s) added, 0 removed, 33 recycled; write=5.502 s, sync=0.399 s, total=5.950 s; sync files=4, longest=0.395 s, average=0.100 s; distance=546711 kB, estimate=550501 kB; lsn=1/28AB5178, redo lsn=1/A5EE1E0
2024-07-30 17:55:14.010 CEST [4174071] LOG:  checkpoints are occurring too frequently (7 seconds apart)
2024-07-30 17:55:14.010 CEST [4174071] HINT:  Consider increasing the configuration parameter "max_wal_size".
2024-07-30 17:55:14.010 CEST [4174071] LOG:  checkpoint starting: wal
2024-07-30 17:55:27.038 CEST [4174071] LOG:  checkpoint complete: wrote 61821 buffers (23.6%); 0 WAL file(s) added, 1 removed, 33 recycled; write=9.743 s, sync=3.245 s, total=13.028 s; sync files=8, longest=1.383 s, average=0.406 s; distance=551009 kB, estimate=551009 kB; lsn=1/4A117450, redo lsn=1/2C006680
2024-07-30 17:55:28.399 CEST [4174071] LOG:  checkpoints are occurring too frequently (14 seconds apart)
2024-07-30 17:55:28.399 CEST [4174071] HINT:  Consider increasing the configuration parameter "max_wal_size".
2024-07-30 17:55:28.399 CEST [4174071] LOG:  checkpoint starting: wal
2024-07-30 17:56:01.285 CEST [4174071] LOG:  checkpoint complete: wrote 246713 buffers (94.1%); 0 WAL file(s) added, 0 removed, 33 recycled; write=31.952 s, sync=0.877 s, total=32.887 s; sync files=31, longest=0.115 s, average=0.029 s; distance=553891 kB, estimate=553891 kB; lsn=1/6BC028E0, redo lsn=1/4DCEF4B0
2024-07-30 17:56:04.440 CEST [4174071] LOG:  checkpoint starting: wal
2024-07-30 17:56:10.515 CEST [4174071] LOG:  checkpoint complete: wrote 60 buffers (0.0%); 0 WAL file(s) added, 0 removed, 33 recycled; write=5.921 s, sync=0.124 s, total=6.076 s; sync files=28, longest=0.115 s, average=0.005 s; distance=543707 kB, estimate=552873 kB; lsn=1/733C0E28, redo lsn=1/6EFE63B8
2024-07-30 17:56:13.123 CEST [4174113] LOG:  skipping vacuum of "t" --- lock not available
2024-07-30 17:56:41.307 CEST [4174071] LOG:  checkpoint starting: wal
2024-07-30 17:57:13.143 CEST [4174130] LOG:  skipping vacuum of "t" --- lock not available
2024-07-30 17:57:16.111 CEST [4174071] LOG:  checkpoint complete: wrote 755 buffers (0.3%); 0 WAL file(s) added, 2 removed, 32 recycled; write=33.998 s, sync=0.777 s, total=34.804 s; sync files=342, longest=0.101 s, average=0.003 s; distance=540789 kB, estimate=551664 kB; lsn=1/AF343948, redo lsn=1/900038B8
2024-07-30 17:57:19.748 CEST [4174071] LOG:  checkpoint starting: wal
2024-07-30 17:57:29.617 CEST [4174071] LOG:  checkpoint complete: wrote 98 buffers (0.0%); 0 WAL file(s) added, 0 removed, 34 recycled; write=9.630 s, sync=0.215 s, total=9.870 s; sync files=31, longest=0.098 s, average=0.007 s; distance=557121 kB, estimate=557121 kB; lsn=1/BA6DD058, redo lsn=1/B2013DA8
2024-07-30 17:57:58.270 CEST [4174071] LOG:  checkpoint starting: wal
2024-07-30 17:58:00.828 CEST [4174071] LOG:  checkpoint complete: wrote 20 buffers (0.0%); 0 WAL file(s) added, 0 removed, 33 recycled; write=1.910 s, sync=0.619 s, total=2.560 s; sync files=24, longest=0.115 s, average=0.026 s; distance=551182 kB, estimate=556527 kB; lsn=1/D49DD278, redo lsn=1/D3A57618
2024-07-30 17:58:13.162 CEST [4174147] LOG:  skipping vacuum of "t" --- lock not available
2024-07-30 17:58:37.616 CEST [4174071] LOG:  checkpoint starting: wal
2024-07-30 17:58:40.188 CEST [4174071] LOG:  checkpoint complete: wrote 20 buffers (0.0%); 0 WAL file(s) added, 0 removed, 33 recycled; write=1.911 s, sync=0.634 s, total=2.576 s; sync files=26, longest=0.097 s, average=0.025 s; distance=535599 kB, estimate=554434 kB; lsn=1/F64914E0, redo lsn=1/F45632A8
2024-07-30 17:59:13.181 CEST [4174163] LOG:  skipping vacuum of "t" --- lock not available
2024-07-30 17:59:17.086 CEST [4174071] LOG:  checkpoint starting: wal
2024-07-30 17:59:19.766 CEST [4174071] LOG:  checkpoint complete: wrote 20 buffers (0.0%); 0 WAL file(s) added, 0 removed, 33 recycled; write=1.911 s, sync=0.739 s, total=2.680 s; sync files=26, longest=0.119 s, average=0.029 s; distance=536921 kB, estimate=552683 kB; lsn=2/17F44BF8, redo lsn=2/151B99E8
2024-07-30 17:59:57.792 CEST [4174071] LOG:  checkpoint starting: wal
2024-07-30 18:00:00.267 CEST [4174071] LOG:  checkpoint complete: wrote 18 buffers (0.0%); 0 WAL file(s) added, 0 removed, 33 recycled; write=1.710 s, sync=0.739 s, total=2.475 s; sync files=27, longest=0.118 s, average=0.028 s; distance=545671 kB, estimate=551982 kB; lsn=2/399F06E8, redo lsn=2/3669B5F0
2024-07-30 18:00:13.202 CEST [4174236] LOG:  skipping vacuum of "t" --- lock not available
2024-07-30 18:00:35.068 CEST [4174071] LOG:  checkpoint starting: wal
2024-07-30 18:00:37.225 CEST [4174071] LOG:  checkpoint complete: wrote 16 buffers (0.0%); 0 WAL file(s) added, 0 removed, 33 recycled; write=1.510 s, sync=0.619 s, total=2.161 s; sync files=24, longest=0.115 s, average=0.026 s; distance=535766 kB, estimate=550360 kB; lsn=2/578C3188, redo lsn=2/571D0F68
2024-07-30 18:01:13.221 CEST [4174252] LOG:  skipping vacuum of "t" --- lock not available
2024-07-30 18:01:17.176 CEST [4174071] LOG:  checkpoint starting: wal
2024-07-30 18:01:19.461 CEST [4174071] LOG:  checkpoint complete: wrote 18 buffers (0.0%); 0 WAL file(s) added, 0 removed, 33 recycled; write=1.711 s, sync=0.544 s, total=2.285 s; sync files=24, longest=0.134 s, average=0.023 s; distance=554678 kB, estimate=554678 kB; lsn=2/79370E68, redo lsn=2/78F7E928
2024-07-30 18:02:00.030 CEST [4174071] LOG:  checkpoint starting: wal
2024-07-30 18:02:02.004 CEST [4174071] LOG:  checkpoint complete: wrote 14 buffers (0.0%); 0 WAL file(s) added, 0 removed, 33 recycled; write=1.310 s, sync=0.638 s, total=1.976 s; sync files=24, longest=0.110 s, average=0.027 s; distance=532277 kB, estimate=552438 kB; lsn=2/9AE1E370, redo lsn=2/9974BD78
2024-07-30 18:02:13.241 CEST [4174267] LOG:  skipping vacuum of "t" --- lock not available
2024-07-30 18:02:43.897 CEST [4174071] LOG:  checkpoint starting: wal
2024-07-30 18:02:47.001 CEST [4174071] LOG:  checkpoint complete: wrote 23 buffers (0.0%); 0 WAL file(s) added, 0 removed, 33 recycled; write=2.211 s, sync=0.857 s, total=3.105 s; sync files=27, longest=0.312 s, average=0.032 s; distance=546388 kB, estimate=551833 kB; lsn=2/D13D0D10, redo lsn=2/BACE0FD8
2024-07-30 18:02:48.094 CEST [4174071] LOG:  checkpoints are occurring too frequently (5 seconds apart)
2024-07-30 18:02:48.094 CEST [4174071] HINT:  Consider increasing the configuration parameter "max_wal_size".
2024-07-30 18:02:48.095 CEST [4174071] LOG:  checkpoint starting: wal
2024-07-30 18:02:50.149 CEST [4174071] LOG:  checkpoint complete: wrote 21 buffers (0.0%); 0 WAL file(s) added, 0 removed, 33 recycled; write=2.010 s, sync=0.004 s, total=2.055 s; sync files=12, longest=0.001 s, average=0.001 s; distance=538345 kB, estimate=550484 kB; lsn=2/EE5EA0B8, redo lsn=2/DBA9B678
2024-07-30 18:02:51.666 CEST [4174071] LOG:  checkpoints are occurring too frequently (3 seconds apart)
2024-07-30 18:02:51.666 CEST [4174071] HINT:  Consider increasing the configuration parameter "max_wal_size".
2024-07-30 18:02:51.666 CEST [4174071] LOG:  checkpoint starting: wal
2024-07-30 18:02:51.725 CEST [4174071] LOG:  checkpoint complete: wrote 0 buffers (0.0%); 0 WAL file(s) added, 0 removed, 33 recycled; write=0.004 s, sync=0.001 s, total=0.060 s; sync files=0, longest=0.000 s, average=0.000 s; distance=545750 kB, estimate=550011 kB; lsn=2/FD238E30, redo lsn=2/FCF91218
2024-07-30 18:02:55.204 CEST [4174071] LOG:  checkpoints are occurring too frequently (4 seconds apart)
2024-07-30 18:02:55.204 CEST [4174071] HINT:  Consider increasing the configuration parameter "max_wal_size".
2024-07-30 18:02:55.204 CEST [4174071] LOG:  checkpoint starting: wal
2024-07-30 18:02:55.270 CEST [4174071] LOG:  checkpoint complete: wrote 0 buffers (0.0%); 0 WAL file(s) added, 0 removed, 34 recycled; write=0.006 s, sync=0.001 s, total=0.066 s; sync files=0, longest=0.000 s, average=0.000 s; distance=541301 kB, estimate=549140 kB; lsn=3/1E314250, redo lsn=3/1E02E998
2024-07-30 18:02:58.808 CEST [4174071] LOG:  checkpoints are occurring too frequently (3 seconds apart)
2024-07-30 18:02:58.808 CEST [4174071] HINT:  Consider increasing the configuration parameter "max_wal_size".
2024-07-30 18:02:58.810 CEST [4174071] LOG:  checkpoint starting: wal
2024-07-30 18:02:58.861 CEST [4174071] LOG:  checkpoint complete: wrote 0 buffers (0.0%); 0 WAL file(s) added, 0 removed, 33 recycled; write=0.005 s, sync=0.001 s, total=0.054 s; sync files=0, longest=0.000 s, average=0.000 s; distance=547728 kB, estimate=548999 kB; lsn=3/3FA73CA0, redo lsn=3/3F712AA0
2024-07-30 18:03:02.360 CEST [4174071] LOG:  checkpoints are occurring too frequently (4 seconds apart)
2024-07-30 18:03:02.360 CEST [4174071] HINT:  Consider increasing the configuration parameter "max_wal_size".
2024-07-30 18:03:02.361 CEST [4174071] LOG:  checkpoint starting: wal
2024-07-30 18:03:02.431 CEST [4174071] LOG:  checkpoint complete: wrote 0 buffers (0.0%); 0 WAL file(s) added, 0 removed, 33 recycled; write=0.006 s, sync=0.001 s, total=0.071 s; sync files=0, longest=0.000 s, average=0.000 s; distance=546739 kB, estimate=548773 kB; lsn=3/6109E830, redo lsn=3/60CFF958
2024-07-30 18:03:05.938 CEST [4174071] LOG:  checkpoints are occurring too frequently (3 seconds apart)
2024-07-30 18:03:05.938 CEST [4174071] HINT:  Consider increasing the configuration parameter "max_wal_size".
2024-07-30 18:03:05.939 CEST [4174071] LOG:  checkpoint starting: wal
2024-07-30 18:03:06.001 CEST [4174071] LOG:  checkpoint complete: wrote 0 buffers (0.0%); 0 WAL file(s) added, 0 removed, 34 recycled; write=0.006 s, sync=0.001 s, total=0.063 s; sync files=0, longest=0.000 s, average=0.000 s; distance=543773 kB, estimate=548273 kB; lsn=3/8232A508, redo lsn=3/82006FA0
2024-07-30 18:03:09.541 CEST [4174071] LOG:  checkpoints are occurring too frequently (4 seconds apart)
2024-07-30 18:03:09.541 CEST [4174071] HINT:  Consider increasing the configuration parameter "max_wal_size".
2024-07-30 18:03:09.541 CEST [4174071] LOG:  checkpoint starting: wal
2024-07-30 18:03:09.601 CEST [4174071] LOG:  checkpoint complete: wrote 0 buffers (0.0%); 0 WAL file(s) added, 0 removed, 33 recycled; write=0.006 s, sync=0.001 s, total=0.061 s; sync files=0, longest=0.000 s, average=0.000 s; distance=555390 kB, estimate=555390 kB; lsn=3/A4189F10, redo lsn=3/A3E669B0
2024-07-30 18:03:13.261 CEST [4174279] LOG:  skipping vacuum of "t" --- lock not available
2024-07-30 18:03:20.527 CEST [4174071] LOG:  checkpoints are occurring too frequently (11 seconds apart)
2024-07-30 18:03:20.527 CEST [4174071] HINT:  Consider increasing the configuration parameter "max_wal_size".
2024-07-30 18:03:20.528 CEST [4174071] LOG:  checkpoint starting: wal
2024-07-30 18:03:21.758 CEST [4174071] LOG:  checkpoint complete: wrote 9 buffers (0.0%); 0 WAL file(s) added, 0 removed, 34 recycled; write=0.908 s, sync=0.278 s, total=1.231 s; sync files=6, longest=0.276 s, average=0.047 s; distance=542528 kB, estimate=554104 kB; lsn=3/CC182D38, redo lsn=3/C5036C30
2024-07-30 18:03:49.584 CEST [4174071] LOG:  checkpoints are occurring too frequently (29 seconds apart)
2024-07-30 18:03:49.584 CEST [4174071] HINT:  Consider increasing the configuration parameter "max_wal_size".
2024-07-30 18:03:49.587 CEST [4174071] LOG:  checkpoint starting: wal
2024-07-30 18:03:50.743 CEST [4174071] LOG:  checkpoint complete: wrote 5 buffers (0.0%); 0 WAL file(s) added, 0 removed, 33 recycled; write=0.507 s, sync=0.620 s, total=1.159 s; sync files=11, longest=0.173 s, average=0.057 s; distance=544649 kB, estimate=553158 kB; lsn=3/E8C3F330, redo lsn=3/E64191B0
2024-07-30 18:04:13.280 CEST [4174298] LOG:  skipping vacuum of "t" --- lock not available
2024-07-30 18:04:26.743 CEST [4174071] LOG:  checkpoint starting: wal
2024-07-30 18:04:28.292 CEST [4174071] LOG:  checkpoint complete: wrote 9 buffers (0.0%); 0 WAL file(s) added, 0 removed, 34 recycled; write=0.909 s, sync=0.613 s, total=1.549 s; sync files=16, longest=0.099 s, average=0.039 s; distance=552873 kB, estimate=553130 kB; lsn=4/A6DEEC8, redo lsn=4/8003990
2024-07-30 18:05:04.363 CEST [4174071] LOG:  checkpoint starting: wal
2024-07-30 18:05:05.915 CEST [4174071] LOG:  checkpoint complete: wrote 9 buffers (0.0%); 0 WAL file(s) added, 0 removed, 33 recycled; write=0.926 s, sync=0.594 s, total=1.553 s; sync files=15, longest=0.116 s, average=0.040 s; distance=544744 kB, estimate=552291 kB; lsn=4/2C17F3C0, redo lsn=4/293FDA38
2024-07-30 18:05:13.299 CEST [4174319] LOG:  skipping vacuum of "t" --- lock not available
2024-07-30 18:05:39.873 CEST [4174071] LOG:  checkpoint starting: wal
2024-07-30 18:05:41.421 CEST [4174071] LOG:  checkpoint complete: wrote 9 buffers (0.0%); 0 WAL file(s) added, 0 removed, 33 recycled; write=0.908 s, sync=0.614 s, total=1.548 s; sync files=14, longest=0.101 s, average=0.044 s; distance=536842 kB, estimate=550746 kB; lsn=4/4A040808, redo lsn=4/4A0403B8
2024-07-30 18:06:13.319 CEST [4174336] LOG:  skipping vacuum of "t" --- lock not available
2024-07-30 18:06:19.015 CEST [4174071] LOG:  checkpoint starting: wal
2024-07-30 18:06:20.939 CEST [4174071] LOG:  checkpoint complete: wrote 12 buffers (0.0%); 0 WAL file(s) added, 0 removed, 33 recycled; write=1.209 s, sync=0.687 s, total=1.927 s; sync files=15, longest=0.107 s, average=0.046 s; distance=548680 kB, estimate=550540 kB; lsn=4/6BAE9A68, redo lsn=4/6B812580
2024-07-30 18:06:59.158 CEST [4174071] LOG:  checkpoint starting: wal
2024-07-30 18:07:00.765 CEST [4174071] LOG:  checkpoint complete: wrote 10 buffers (0.0%); 0 WAL file(s) added, 0 removed, 33 recycled; write=1.009 s, sync=0.569 s, total=1.609 s; sync files=15, longest=0.101 s, average=0.038 s; distance=540579 kB, estimate=549544 kB; lsn=4/8D58B7A0, redo lsn=4/8C7FB378
2024-07-30 18:07:13.339 CEST [4174353] LOG:  skipping vacuum of "t" --- lock not available
2024-07-30 18:07:39.887 CEST [4174071] LOG:  checkpoint starting: wal
2024-07-30 18:07:41.812 CEST [4174071] LOG:  checkpoint complete: wrote 12 buffers (0.0%); 0 WAL file(s) added, 0 removed, 33 recycled; write=1.210 s, sync=0.682 s, total=1.928 s; sync files=16, longest=0.105 s, average=0.043 s; distance=537068 kB, estimate=548296 kB; lsn=4/AF02C278, redo lsn=4/AD4765E0
2024-07-30 18:08:13.359 CEST [4174369] LOG:  skipping vacuum of "t" --- lock not available
2024-07-30 18:08:21.685 CEST [4174071] LOG:  checkpoint starting: wal
2024-07-30 18:08:22.873 CEST [4174071] LOG:  checkpoint complete: wrote 6 buffers (0.0%); 0 WAL file(s) added, 0 removed, 33 recycled; write=0.607 s, sync=0.558 s, total=1.190 s; sync files=15, longest=0.090 s, average=0.038 s; distance=546724 kB, estimate=548139 kB; lsn=4/D0ACD408, redo lsn=4/CEA5F740
2024-07-30 18:09:04.206 CEST [4174071] LOG:  checkpoint starting: wal
2024-07-30 18:09:05.559 CEST [4174071] LOG:  checkpoint complete: wrote 7 buffers (0.0%); 0 WAL file(s) added, 0 removed, 33 recycled; write=0.708 s, sync=0.618 s, total=1.353 s; sync files=14, longest=0.106 s, average=0.045 s; distance=534658 kB, estimate=546791 kB; lsn=4/F2570EC0, redo lsn=4/EF4802A0
2024-07-30 18:09:13.379 CEST [4174384] LOG:  skipping vacuum of "t" --- lock not available
2024-07-30 18:09:43.579 CEST [4174071] LOG:  checkpoint starting: wal
2024-07-30 18:09:44.870 CEST [4174071] LOG:  checkpoint complete: wrote 6 buffers (0.0%); 0 WAL file(s) added, 0 removed, 33 recycled; write=0.615 s, sync=0.644 s, total=1.291 s; sync files=14, longest=0.101 s, average=0.046 s; distance=540360 kB, estimate=546148 kB; lsn=5/10432D18, redo lsn=5/104323C8
2024-07-30 18:10:13.399 CEST [4174401] LOG:  skipping vacuum of "t" --- lock not available
2024-07-30 18:10:27.639 CEST [4174071] LOG:  checkpoint starting: wal
2024-07-30 18:10:28.842 CEST [4174071] LOG:  checkpoint complete: wrote 7 buffers (0.0%); 0 WAL file(s) added, 0 removed, 33 recycled; write=0.709 s, sync=0.463 s, total=1.207 s; sync files=15, longest=0.123 s, average=0.031 s; distance=539685 kB, estimate=545501 kB; lsn=5/31EDC948, redo lsn=5/3133B9F8
2024-07-30 18:11:01.446 CEST [4174071] LOG:  checkpoint starting: immediate force wait
2024-07-30 18:11:06.911 CEST [4174071] LOG:  checkpoint complete: wrote 12305 buffers (4.7%); 0 WAL file(s) added, 0 removed, 25 recycled; write=0.199 s, sync=5.225 s, total=5.465 s; sync files=781, longest=1.351 s, average=0.007 s; distance=417709 kB, estimate=532722 kB; lsn=5/4AB270E0, redo lsn=5/4AB27088
2024-07-30 18:12:18.624 CEST [4174070] LOG:  received fast shutdown request
2024-07-30 18:12:18.624 CEST [4174070] LOG:  aborting any active transactions
2024-07-30 18:12:18.625 CEST [4174070] LOG:  background worker "logical replication launcher" (PID 4174076) exited with exit code 1
2024-07-30 18:12:18.627 CEST [4174071] LOG:  shutting down
2024-07-30 18:12:18.627 CEST [4174071] LOG:  checkpoint starting: shutdown immediate
2024-07-30 18:12:18.633 CEST [4174071] LOG:  checkpoint complete: wrote 65 buffers (0.0%); 0 WAL file(s) added, 0 removed, 0 recycled; write=0.005 s, sync=0.001 s, total=0.007 s; sync files=5, longest=0.001 s, average=0.001 s; distance=202 kB, estimate=479470 kB; lsn=5/4AB598F8, redo lsn=5/4AB598F8
2024-07-30 18:12:19.094 CEST [4174070] LOG:  database system is shut down
