2024-07-30 17:44:52.161 BST [20615] LOG:  starting PostgreSQL 18devel on armv8l-unknown-linux-gnueabihf, compiled by gcc (Raspbian 12.2.0-14+rpi1) 12.2.0, 32-bit
2024-07-30 17:44:52.161 BST [20615] LOG:  listening on IPv6 address "::1", port 5432
2024-07-30 17:44:52.161 BST [20615] LOG:  listening on IPv4 address "127.0.0.1", port 5432
2024-07-30 17:44:52.178 BST [20615] LOG:  listening on Unix socket "/tmp/.s.PGSQL.5432"
2024-07-30 17:44:52.182 BST [20618] LOG:  database system was shut down at 2024-07-30 17:44:49 BST
2024-07-30 17:44:52.189 BST [20615] LOG:  database system is ready to accept connections
2024-07-30 17:45:06.137 BST [20616] LOG:  checkpoints are occurring too frequently (14 seconds apart)
2024-07-30 17:45:06.137 BST [20616] HINT:  Consider increasing the configuration parameter "max_wal_size".
2024-07-30 17:45:06.137 BST [20616] LOG:  checkpoint starting: wal
2024-07-30 17:46:01.936 BST [20616] LOG:  checkpoint complete: wrote 60435 buffers (46.1%); 0 WAL file(s) added, 0 removed, 33 recycled; write=53.858 s, sync=1.731 s, total=55.800 s; sync files=787, longest=0.066 s, average=0.003 s; distance=537502 kB, estimate=537502 kB; lsn=0/406C5198, redo lsn=0/221CD788
2024-07-30 17:46:06.250 BST [20616] LOG:  checkpoint starting: wal
2024-07-30 17:46:09.605 BST [20616] LOG:  checkpoint complete: wrote 29 buffers (0.0%); 0 WAL file(s) added, 0 removed, 33 recycled; write=2.838 s, sync=0.344 s, total=3.356 s; sync files=29, longest=0.034 s, average=0.012 s; distance=539514 kB, estimate=539514 kB; lsn=0/448AF998, redo lsn=0/430AC280
2024-07-30 17:46:22.187 BST [20616] LOG:  checkpoints are occurring too frequently (16 seconds apart)
2024-07-30 17:46:22.187 BST [20616] HINT:  Consider increasing the configuration parameter "max_wal_size".
2024-07-30 17:46:22.187 BST [20616] LOG:  checkpoint starting: wal
2024-07-30 17:46:28.118 BST [20616] LOG:  checkpoint complete: wrote 45 buffers (0.0%); 0 WAL file(s) added, 0 removed, 33 recycled; write=4.584 s, sync=1.170 s, total=5.931 s; sync files=39, longest=1.100 s, average=0.030 s; distance=541076 kB, estimate=541076 kB; lsn=0/67244BF8, redo lsn=0/64111488
2024-07-30 17:46:52.270 BST [20890] LOG:  skipping vacuum of "t" --- lock not available
2024-07-30 17:47:21.564 BST [20616] LOG:  checkpoint starting: wal
2024-07-30 17:47:34.833 BST [20616] LOG:  checkpoint complete: wrote 125 buffers (0.1%); 0 WAL file(s) added, 0 removed, 33 recycled; write=10.610 s, sync=2.530 s, total=13.269 s; sync files=877, longest=1.012 s, average=0.003 s; distance=540264 kB, estimate=540995 kB; lsn=0/898643D8, redo lsn=0/850AB7A8
2024-07-30 17:47:34.833 BST [20616] LOG:  checkpoint starting: immediate force wait
2024-07-30 17:47:35.666 BST [20616] LOG:  checkpoint complete: wrote 8198 buffers (6.3%); 0 WAL file(s) added, 0 removed, 4 recycled; write=0.098 s, sync=0.680 s, total=0.833 s; sync files=454, longest=0.080 s, average=0.002 s; distance=73443 kB, estimate=494240 kB; lsn=0/898644A8, redo lsn=0/89864450
2024-07-30 17:48:54.978 BST [20615] LOG:  received fast shutdown request
2024-07-30 17:48:54.979 BST [20615] LOG:  aborting any active transactions
2024-07-30 17:48:54.982 BST [20615] LOG:  background worker "logical replication launcher" (PID 20621) exited with exit code 1
2024-07-30 17:48:54.983 BST [20616] LOG:  shutting down
2024-07-30 17:48:54.985 BST [20616] LOG:  checkpoint starting: shutdown immediate
2024-07-30 17:48:55.011 BST [20616] LOG:  checkpoint complete: wrote 64 buffers (0.0%); 0 WAL file(s) added, 0 removed, 0 recycled; write=0.012 s, sync=0.008 s, total=0.028 s; sync files=5, longest=0.003 s, average=0.002 s; distance=208 kB, estimate=444836 kB; lsn=0/89898678, redo lsn=0/89898678
2024-07-30 17:48:55.254 BST [20615] LOG:  database system is shut down
