2024-08-01 23:59:15.817 BST [9081] LOG:  starting PostgreSQL 18devel on armv8l-unknown-linux-gnueabihf, compiled by gcc (Raspbian 12.2.0-14+rpi1) 12.2.0, 32-bit
2024-08-01 23:59:15.819 BST [9081] LOG:  listening on IPv6 address "::1", port 5432
2024-08-01 23:59:15.819 BST [9081] LOG:  listening on IPv4 address "127.0.0.1", port 5432
2024-08-01 23:59:15.840 BST [9081] LOG:  listening on Unix socket "/tmp/.s.PGSQL.5432"
2024-08-01 23:59:15.844 BST [9084] LOG:  database system was shut down at 2024-08-01 23:59:13 BST
2024-08-01 23:59:15.850 BST [9081] LOG:  database system is ready to accept connections
2024-08-01 23:59:29.485 BST [9082] LOG:  checkpoints are occurring too frequently (14 seconds apart)
2024-08-01 23:59:29.485 BST [9082] HINT:  Consider increasing the configuration parameter "max_wal_size".
2024-08-01 23:59:29.485 BST [9082] LOG:  checkpoint starting: wal
2024-08-02 00:00:22.412 BST [9082] LOG:  checkpoint complete: wrote 60435 buffers (46.1%); 0 WAL file(s) added, 0 removed, 33 recycled; write=51.114 s, sync=1.616 s, total=52.927 s; sync files=787, longest=0.065 s, average=0.003 s; distance=537502 kB, estimate=537502 kB; lsn=0/40CC1940, redo lsn=0/221CD788
2024-08-02 00:00:26.270 BST [9082] LOG:  checkpoint starting: wal
2024-08-02 00:00:29.517 BST [9082] LOG:  checkpoint complete: wrote 29 buffers (0.0%); 0 WAL file(s) added, 0 removed, 33 recycled; write=2.830 s, sync=0.283 s, total=3.247 s; sync files=30, longest=0.027 s, average=0.010 s; distance=539514 kB, estimate=539514 kB; lsn=0/448AF930, redo lsn=0/430AC280
2024-08-02 00:00:41.109 BST [9082] LOG:  checkpoints are occurring too frequently (15 seconds apart)
2024-08-02 00:00:41.109 BST [9082] HINT:  Consider increasing the configuration parameter "max_wal_size".
2024-08-02 00:00:41.109 BST [9082] LOG:  checkpoint starting: wal
2024-08-02 00:00:47.227 BST [9082] LOG:  checkpoint complete: wrote 45 buffers (0.0%); 0 WAL file(s) added, 0 removed, 33 recycled; write=4.704 s, sync=1.218 s, total=6.118 s; sync files=39, longest=1.070 s, average=0.032 s; distance=541076 kB, estimate=541076 kB; lsn=0/67CF39B8, redo lsn=0/64111488
2024-08-02 00:01:15.931 BST [9374] LOG:  skipping vacuum of "t" --- lock not available
2024-08-02 00:01:35.416 BST [9082] LOG:  checkpoint starting: wal
2024-08-02 00:01:47.842 BST [9082] LOG:  checkpoint complete: wrote 125 buffers (0.1%); 0 WAL file(s) added, 0 removed, 33 recycled; write=9.747 s, sync=2.564 s, total=12.427 s; sync files=876, longest=1.099 s, average=0.003 s; distance=540265 kB, estimate=540995 kB; lsn=0/8983E308, redo lsn=0/850AB9D0
2024-08-02 00:01:47.842 BST [9082] LOG:  checkpoint starting: immediate force wait
2024-08-02 00:01:48.682 BST [9082] LOG:  checkpoint complete: wrote 8165 buffers (6.2%); 0 WAL file(s) added, 0 removed, 4 recycled; write=0.090 s, sync=0.700 s, total=0.840 s; sync files=449, longest=0.086 s, average=0.002 s; distance=73290 kB, estimate=494224 kB; lsn=0/8983E3D8, redo lsn=0/8983E380
2024-08-02 00:03:01.306 BST [9081] LOG:  received fast shutdown request
2024-08-02 00:03:01.316 BST [9081] LOG:  aborting any active transactions
2024-08-02 00:03:01.317 BST [9081] LOG:  background worker "logical replication launcher" (PID 9087) exited with exit code 1
2024-08-02 00:03:01.318 BST [9082] LOG:  shutting down
2024-08-02 00:03:01.320 BST [9082] LOG:  checkpoint starting: shutdown immediate
2024-08-02 00:03:01.352 BST [9082] LOG:  checkpoint complete: wrote 95 buffers (0.1%); 0 WAL file(s) added, 0 removed, 0 recycled; write=0.011 s, sync=0.013 s, total=0.034 s; sync files=10, longest=0.002 s, average=0.002 s; distance=354 kB, estimate=444837 kB; lsn=0/89896DB8, redo lsn=0/89896DB8
2024-08-02 00:03:01.611 BST [9081] LOG:  database system is shut down
