2024-07-31 18:39:17.508 BST [2121647] LOG:  starting PostgreSQL 18devel on aarch64-unknown-linux-gnu, compiled by gcc (Debian 12.2.0-14) 12.2.0, 64-bit
2024-07-31 18:39:17.508 BST [2121647] LOG:  listening on IPv6 address "::1", port 5432
2024-07-31 18:39:17.508 BST [2121647] LOG:  listening on IPv4 address "127.0.0.1", port 5432
2024-07-31 18:39:17.595 BST [2121647] LOG:  listening on Unix socket "/tmp/.s.PGSQL.5432"
2024-07-31 18:39:17.604 BST [2121650] LOG:  database system was shut down at 2024-07-31 18:39:16 BST
2024-07-31 18:39:17.613 BST [2121647] LOG:  database system is ready to accept connections
2024-07-31 18:39:29.987 BST [2121648] LOG:  checkpoints are occurring too frequently (12 seconds apart)
2024-07-31 18:39:29.987 BST [2121648] HINT:  Consider increasing the configuration parameter "max_wal_size".
2024-07-31 18:39:29.987 BST [2121648] LOG:  checkpoint starting: wal
2024-07-31 18:40:31.913 BST [2121648] LOG:  checkpoint complete: wrote 60435 buffers (46.1%); 0 WAL file(s) added, 0 removed, 33 recycled; write=60.473 s, sync=1.091 s, total=61.926 s; sync files=787, longest=0.067 s, average=0.002 s; distance=537505 kB, estimate=537505 kB; lsn=0/406C6338, redo lsn=0/221CE928
2024-07-31 18:40:35.692 BST [2121648] LOG:  checkpoint starting: wal
2024-07-31 18:40:39.773 BST [2121648] LOG:  checkpoint complete: wrote 29 buffers (0.0%); 0 WAL file(s) added, 0 removed, 33 recycled; write=2.826 s, sync=0.965 s, total=4.082 s; sync files=30, longest=0.147 s, average=0.033 s; distance=539514 kB, estimate=539514 kB; lsn=0/45064720, redo lsn=0/430AD470
2024-07-31 18:40:54.066 BST [2121648] LOG:  checkpoints are occurring too frequently (19 seconds apart)
2024-07-31 18:40:54.066 BST [2121648] HINT:  Consider increasing the configuration parameter "max_wal_size".
2024-07-31 18:40:54.069 BST [2121648] LOG:  checkpoint starting: wal
2024-07-31 18:41:02.277 BST [2121648] LOG:  checkpoint complete: wrote 45 buffers (0.0%); 0 WAL file(s) added, 0 removed, 33 recycled; write=4.584 s, sync=2.977 s, total=8.211 s; sync files=46, longest=2.679 s, average=0.065 s; distance=551378 kB, estimate=551378 kB; lsn=0/69525D50, redo lsn=0/64B21E18
2024-07-31 18:41:17.695 BST [2121824] LOG:  skipping vacuum of "t" --- lock not available
2024-07-31 18:41:42.802 BST [2121648] LOG:  checkpoint starting: wal
2024-07-31 18:41:53.727 BST [2121648] LOG:  checkpoint complete: wrote 125 buffers (0.1%); 0 WAL file(s) added, 0 removed, 33 recycled; write=9.179 s, sync=1.603 s, total=10.925 s; sync files=872, longest=1.487 s, average=0.002 s; distance=529963 kB, estimate=549236 kB; lsn=0/8983F488, redo lsn=0/850ACB50
2024-07-31 18:41:53.727 BST [2121648] LOG:  checkpoint starting: immediate force wait
2024-07-31 18:41:54.000 BST [2121648] LOG:  checkpoint complete: wrote 8165 buffers (6.2%); 0 WAL file(s) added, 0 removed, 4 recycled; write=0.050 s, sync=0.181 s, total=0.274 s; sync files=449, longest=0.127 s, average=0.001 s; distance=73290 kB, estimate=501642 kB; lsn=0/8983F558, redo lsn=0/8983F500
2024-07-31 18:43:09.423 BST [2121647] LOG:  received fast shutdown request
2024-07-31 18:43:09.435 BST [2121647] LOG:  aborting any active transactions
2024-07-31 18:43:09.436 BST [2121647] LOG:  background worker "logical replication launcher" (PID 2121653) exited with exit code 1
2024-07-31 18:43:09.437 BST [2121648] LOG:  shutting down
2024-07-31 18:43:09.440 BST [2121648] LOG:  checkpoint starting: shutdown immediate
2024-07-31 18:43:09.470 BST [2121648] LOG:  checkpoint complete: wrote 96 buffers (0.1%); 0 WAL file(s) added, 0 removed, 0 recycled; write=0.009 s, sync=0.005 s, total=0.034 s; sync files=10, longest=0.005 s, average=0.001 s; distance=356 kB, estimate=451513 kB; lsn=0/89898608, redo lsn=0/89898608
2024-07-31 18:43:09.534 BST [2121647] LOG:  database system is shut down
