2024-07-31 01:00:45.891 BST [1714485] LOG:  starting PostgreSQL 18devel on aarch64-unknown-linux-gnu, compiled by gcc (Debian 12.2.0-14) 12.2.0, 64-bit
2024-07-31 01:00:45.891 BST [1714485] LOG:  listening on IPv6 address "::1", port 5432
2024-07-31 01:00:45.891 BST [1714485] LOG:  listening on IPv4 address "127.0.0.1", port 5432
2024-07-31 01:00:45.911 BST [1714485] LOG:  listening on Unix socket "/tmp/.s.PGSQL.5432"
2024-07-31 01:00:45.917 BST [1714488] LOG:  database system was shut down at 2024-07-31 01:00:44 BST
2024-07-31 01:00:45.927 BST [1714485] LOG:  database system is ready to accept connections
2024-07-31 01:00:56.974 BST [1714486] LOG:  checkpoints are occurring too frequently (11 seconds apart)
2024-07-31 01:00:56.974 BST [1714486] HINT:  Consider increasing the configuration parameter "max_wal_size".
2024-07-31 01:00:56.974 BST [1714486] LOG:  checkpoint starting: wal
2024-07-31 01:01:44.767 BST [1714486] LOG:  checkpoint complete: wrote 60435 buffers (46.1%); 0 WAL file(s) added, 0 removed, 33 recycled; write=46.275 s, sync=1.323 s, total=47.794 s; sync files=787, longest=0.038 s, average=0.002 s; distance=537505 kB, estimate=537505 kB; lsn=0/40CC2A78, redo lsn=0/221CE928
2024-07-31 01:01:48.184 BST [1714486] LOG:  checkpoint starting: wal
2024-07-31 01:01:51.424 BST [1714486] LOG:  checkpoint complete: wrote 29 buffers (0.0%); 0 WAL file(s) added, 0 removed, 33 recycled; write=2.822 s, sync=0.284 s, total=3.241 s; sync files=30, longest=0.038 s, average=0.010 s; distance=539514 kB, estimate=539514 kB; lsn=0/44EAD278, redo lsn=0/430AD408
2024-07-31 01:02:01.323 BST [1714486] LOG:  checkpoints are occurring too frequently (13 seconds apart)
2024-07-31 01:02:01.323 BST [1714486] HINT:  Consider increasing the configuration parameter "max_wal_size".
2024-07-31 01:02:01.323 BST [1714486] LOG:  checkpoint starting: wal
2024-07-31 01:02:07.253 BST [1714486] LOG:  checkpoint complete: wrote 45 buffers (0.0%); 0 WAL file(s) added, 0 removed, 33 recycled; write=4.446 s, sync=1.281 s, total=5.931 s; sync files=41, longest=1.074 s, average=0.032 s; distance=541076 kB, estimate=541076 kB; lsn=0/682F0E30, redo lsn=0/64112660
2024-07-31 01:02:45.960 BST [1714702] LOG:  skipping vacuum of "t" --- lock not available
2024-07-31 01:02:48.890 BST [1714486] LOG:  checkpoint starting: wal
2024-07-31 01:03:02.258 BST [1714486] LOG:  checkpoint complete: wrote 125 buffers (0.1%); 0 WAL file(s) added, 0 removed, 33 recycled; write=9.019 s, sync=4.172 s, total=13.369 s; sync files=875, longest=2.082 s, average=0.005 s; distance=540265 kB, estimate=540995 kB; lsn=0/898406A8, redo lsn=0/850ACAD0
2024-07-31 01:03:02.258 BST [1714486] LOG:  checkpoint starting: immediate force wait
2024-07-31 01:03:02.615 BST [1714486] LOG:  checkpoint complete: wrote 8165 buffers (6.2%); 0 WAL file(s) added, 0 removed, 4 recycled; write=0.052 s, sync=0.260 s, total=0.357 s; sync files=449, longest=0.214 s, average=0.001 s; distance=73295 kB, estimate=494225 kB; lsn=0/89840778, redo lsn=0/89840720
2024-07-31 01:04:17.158 BST [1714485] LOG:  received fast shutdown request
2024-07-31 01:04:17.165 BST [1714485] LOG:  aborting any active transactions
2024-07-31 01:04:17.166 BST [1714485] LOG:  background worker "logical replication launcher" (PID 1714491) exited with exit code 1
2024-07-31 01:04:17.167 BST [1714486] LOG:  shutting down
2024-07-31 01:04:17.169 BST [1714486] LOG:  checkpoint starting: shutdown immediate
2024-07-31 01:04:17.197 BST [1714486] LOG:  checkpoint complete: wrote 95 buffers (0.1%); 0 WAL file(s) added, 0 removed, 0 recycled; write=0.009 s, sync=0.005 s, total=0.031 s; sync files=10, longest=0.005 s, average=0.001 s; distance=355 kB, estimate=444838 kB; lsn=0/89899618, redo lsn=0/89899618
2024-07-31 01:04:17.273 BST [1714485] LOG:  database system is shut down
