2024-07-31 20:59:12.129 CEST [2056508] LOG:  starting PostgreSQL 18devel on x86_64-pc-linux-gnu, compiled by gcc (Debian 12.2.0-14) 12.2.0, 64-bit
2024-07-31 20:59:12.129 CEST [2056508] LOG:  listening on IPv6 address "::1", port 5432
2024-07-31 20:59:12.129 CEST [2056508] LOG:  listening on IPv4 address "127.0.0.1", port 5432
2024-07-31 20:59:12.130 CEST [2056508] LOG:  listening on Unix socket "/tmp/.s.PGSQL.5432"
2024-07-31 20:59:12.133 CEST [2056511] LOG:  database system was shut down at 2024-07-31 20:59:10 CEST
2024-07-31 20:59:12.137 CEST [2056508] LOG:  database system is ready to accept connections
2024-07-31 20:59:24.350 CEST [2056509] LOG:  checkpoints are occurring too frequently (12 seconds apart)
2024-07-31 20:59:24.350 CEST [2056509] HINT:  Consider increasing the configuration parameter "max_wal_size".
2024-07-31 20:59:24.350 CEST [2056509] LOG:  checkpoint starting: wal
2024-07-31 20:59:37.415 CEST [2056509] LOG:  checkpoint complete: wrote 6830 buffers (2.6%); 0 WAL file(s) added, 3 removed, 30 recycled; write=11.690 s, sync=1.313 s, total=13.066 s; sync files=804, longest=0.036 s, average=0.002 s; distance=537539 kB, estimate=537539 kB; lsn=0/431F9178, redo lsn=0/221DC058
2024-07-31 20:59:37.416 CEST [2056509] LOG:  checkpoints are occurring too frequently (13 seconds apart)
2024-07-31 20:59:37.416 CEST [2056509] HINT:  Consider increasing the configuration parameter "max_wal_size".
2024-07-31 20:59:37.416 CEST [2056509] LOG:  checkpoint starting: wal
2024-07-31 20:59:42.681 CEST [2056509] LOG:  checkpoint complete: wrote 50 buffers (0.0%); 0 WAL file(s) added, 0 removed, 33 recycled; write=4.924 s, sync=0.315 s, total=5.265 s; sync files=153, longest=0.005 s, average=0.003 s; distance=542311 kB, estimate=542311 kB; lsn=0/5148A1C0, redo lsn=0/43375C60
2024-07-31 20:59:49.886 CEST [2056509] LOG:  checkpoints are occurring too frequently (12 seconds apart)
2024-07-31 20:59:49.886 CEST [2056509] HINT:  Consider increasing the configuration parameter "max_wal_size".
2024-07-31 20:59:49.886 CEST [2056509] LOG:  checkpoint starting: wal
2024-07-31 20:59:55.498 CEST [2056509] LOG:  checkpoint complete: wrote 50 buffers (0.0%); 0 WAL file(s) added, 0 removed, 33 recycled; write=4.922 s, sync=0.649 s, total=5.612 s; sync files=290, longest=0.010 s, average=0.003 s; distance=538342 kB, estimate=541914 kB; lsn=0/735AE848, redo lsn=0/6412F6B8
2024-07-31 20:59:59.773 CEST [2056509] LOG:  checkpoint starting: immediate force wait
2024-07-31 21:00:00.052 CEST [2056509] LOG:  checkpoint complete: wrote 188 buffers (0.1%); 0 WAL file(s) added, 0 removed, 26 recycled; write=0.007 s, sync=0.240 s, total=0.280 s; sync files=133, longest=0.007 s, average=0.002 s; distance=425836 kB, estimate=530306 kB; lsn=0/7E10A998, redo lsn=0/7E10A940
2024-07-31 21:01:10.257 CEST [2056508] LOG:  received fast shutdown request
2024-07-31 21:01:10.257 CEST [2056508] LOG:  aborting any active transactions
2024-07-31 21:01:10.259 CEST [2056508] LOG:  background worker "logical replication launcher" (PID 2056514) exited with exit code 1
2024-07-31 21:01:10.261 CEST [2056509] LOG:  shutting down
2024-07-31 21:01:10.261 CEST [2056509] LOG:  checkpoint starting: shutdown immediate
2024-07-31 21:01:10.268 CEST [2056509] LOG:  checkpoint complete: wrote 53 buffers (0.0%); 0 WAL file(s) added, 0 removed, 0 recycled; write=0.005 s, sync=0.002 s, total=0.008 s; sync files=12, longest=0.001 s, average=0.001 s; distance=294 kB, estimate=477305 kB; lsn=0/7E154230, redo lsn=0/7E154230
2024-07-31 21:01:10.469 CEST [2056508] LOG:  database system is shut down
