2024-07-30 14:01:50.927 CEST [2873930] LOG:  starting PostgreSQL 18devel on x86_64-pc-linux-gnu, compiled by gcc (Debian 12.2.0-14) 12.2.0, 64-bit
2024-07-30 14:01:50.927 CEST [2873930] LOG:  listening on IPv6 address "::1", port 5432
2024-07-30 14:01:50.927 CEST [2873930] LOG:  listening on IPv4 address "127.0.0.1", port 5432
2024-07-30 14:01:50.928 CEST [2873930] LOG:  listening on Unix socket "/tmp/.s.PGSQL.5432"
2024-07-30 14:01:50.931 CEST [2873933] LOG:  database system was shut down at 2024-07-30 14:01:49 CEST
2024-07-30 14:01:50.934 CEST [2873930] LOG:  database system is ready to accept connections
2024-07-30 14:02:02.605 CEST [2873931] LOG:  checkpoints are occurring too frequently (12 seconds apart)
2024-07-30 14:02:02.605 CEST [2873931] HINT:  Consider increasing the configuration parameter "max_wal_size".
2024-07-30 14:02:02.605 CEST [2873931] LOG:  checkpoint starting: wal
2024-07-30 14:02:15.270 CEST [2873931] LOG:  checkpoint complete: wrote 6830 buffers (2.6%); 0 WAL file(s) added, 3 removed, 30 recycled; write=11.199 s, sync=1.406 s, total=12.666 s; sync files=803, longest=0.018 s, average=0.002 s; distance=537539 kB, estimate=537539 kB; lsn=0/435A0340, redo lsn=0/221DC058
2024-07-30 14:02:15.271 CEST [2873931] LOG:  checkpoints are occurring too frequently (13 seconds apart)
2024-07-30 14:02:15.271 CEST [2873931] HINT:  Consider increasing the configuration parameter "max_wal_size".
2024-07-30 14:02:15.271 CEST [2873931] LOG:  checkpoint starting: wal
2024-07-30 14:02:20.583 CEST [2873931] LOG:  checkpoint complete: wrote 50 buffers (0.0%); 0 WAL file(s) added, 0 removed, 33 recycled; write=4.920 s, sync=0.369 s, total=5.313 s; sync files=162, longest=0.009 s, average=0.003 s; distance=546283 kB, estimate=546283 kB; lsn=0/527F1050, redo lsn=0/43756D28
2024-07-30 14:02:26.756 CEST [2873931] LOG:  checkpoints are occurring too frequently (11 seconds apart)
2024-07-30 14:02:26.756 CEST [2873931] HINT:  Consider increasing the configuration parameter "max_wal_size".
2024-07-30 14:02:26.756 CEST [2873931] LOG:  checkpoint starting: wal
2024-07-30 14:02:32.412 CEST [2873931] LOG:  checkpoint complete: wrote 50 buffers (0.0%); 0 WAL file(s) added, 0 removed, 33 recycled; write=4.923 s, sync=0.694 s, total=5.657 s; sync files=286, longest=0.010 s, average=0.003 s; distance=534371 kB, estimate=545092 kB; lsn=0/74342950, redo lsn=0/6412FCA0
2024-07-30 14:02:36.186 CEST [2873931] LOG:  checkpoint starting: immediate force wait
2024-07-30 14:02:36.468 CEST [2873931] LOG:  checkpoint complete: wrote 188 buffers (0.1%); 0 WAL file(s) added, 0 removed, 26 recycled; write=0.008 s, sync=0.248 s, total=0.283 s; sync files=128, longest=0.008 s, average=0.002 s; distance=425836 kB, estimate=533166 kB; lsn=0/7E10AF50, redo lsn=0/7E10AEF8
2024-07-30 14:03:46.686 CEST [2873930] LOG:  received fast shutdown request
2024-07-30 14:03:46.687 CEST [2873930] LOG:  aborting any active transactions
2024-07-30 14:03:46.687 CEST [2873930] LOG:  background worker "logical replication launcher" (PID 2873936) exited with exit code 1
2024-07-30 14:03:46.690 CEST [2873931] LOG:  shutting down
2024-07-30 14:03:46.690 CEST [2873931] LOG:  checkpoint starting: shutdown immediate
2024-07-30 14:03:46.697 CEST [2873931] LOG:  checkpoint complete: wrote 53 buffers (0.0%); 0 WAL file(s) added, 0 removed, 0 recycled; write=0.005 s, sync=0.002 s, total=0.008 s; sync files=12, longest=0.001 s, average=0.001 s; distance=294 kB, estimate=479879 kB; lsn=0/7E1547E8, redo lsn=0/7E1547E8
2024-07-30 14:03:46.893 CEST [2873930] LOG:  database system is shut down
