2024-07-31 02:15:23.755 CEST [1679562] LOG:  starting PostgreSQL 18devel on x86_64-pc-linux-gnu, compiled by gcc (Debian 12.2.0-14) 12.2.0, 64-bit
2024-07-31 02:15:23.756 CEST [1679562] LOG:  listening on IPv6 address "::1", port 5432
2024-07-31 02:15:23.756 CEST [1679562] LOG:  listening on IPv4 address "127.0.0.1", port 5432
2024-07-31 02:15:23.758 CEST [1679562] LOG:  listening on Unix socket "/tmp/.s.PGSQL.5432"
2024-07-31 02:15:23.760 CEST [1679565] LOG:  database system was shut down at 2024-07-31 02:15:22 CEST
2024-07-31 02:15:23.763 CEST [1679562] LOG:  database system is ready to accept connections
2024-07-31 02:15:35.692 CEST [1679563] LOG:  checkpoints are occurring too frequently (12 seconds apart)
2024-07-31 02:15:35.692 CEST [1679563] HINT:  Consider increasing the configuration parameter "max_wal_size".
2024-07-31 02:15:35.692 CEST [1679563] LOG:  checkpoint starting: wal
2024-07-31 02:15:48.182 CEST [1679563] LOG:  checkpoint complete: wrote 6830 buffers (2.6%); 0 WAL file(s) added, 3 removed, 30 recycled; write=10.995 s, sync=1.435 s, total=12.490 s; sync files=803, longest=0.121 s, average=0.002 s; distance=537539 kB, estimate=537539 kB; lsn=0/433AFAE8, redo lsn=0/221DC058
2024-07-31 02:15:48.182 CEST [1679563] LOG:  checkpoints are occurring too frequently (13 seconds apart)
2024-07-31 02:15:48.182 CEST [1679563] HINT:  Consider increasing the configuration parameter "max_wal_size".
2024-07-31 02:15:48.182 CEST [1679563] LOG:  checkpoint starting: wal
2024-07-31 02:15:53.486 CEST [1679563] LOG:  checkpoint complete: wrote 50 buffers (0.0%); 0 WAL file(s) added, 0 removed, 33 recycled; write=4.921 s, sync=0.353 s, total=5.304 s; sync files=162, longest=0.009 s, average=0.003 s; distance=544297 kB, estimate=544297 kB; lsn=0/525FFF80, redo lsn=0/435664E8
2024-07-31 02:15:59.804 CEST [1679563] LOG:  checkpoints are occurring too frequently (11 seconds apart)
2024-07-31 02:15:59.804 CEST [1679563] HINT:  Consider increasing the configuration parameter "max_wal_size".
2024-07-31 02:15:59.804 CEST [1679563] LOG:  checkpoint starting: wal
2024-07-31 02:16:05.434 CEST [1679563] LOG:  checkpoint complete: wrote 50 buffers (0.0%); 0 WAL file(s) added, 0 removed, 33 recycled; write=4.923 s, sync=0.669 s, total=5.630 s; sync files=286, longest=0.010 s, average=0.003 s; distance=536357 kB, estimate=543503 kB; lsn=0/74151E08, redo lsn=0/6412F9B0
2024-07-31 02:16:09.318 CEST [1679563] LOG:  checkpoint starting: immediate force wait
2024-07-31 02:16:09.593 CEST [1679563] LOG:  checkpoint complete: wrote 188 buffers (0.1%); 0 WAL file(s) added, 0 removed, 26 recycled; write=0.009 s, sync=0.241 s, total=0.276 s; sync files=128, longest=0.011 s, average=0.002 s; distance=425836 kB, estimate=531736 kB; lsn=0/7E10ACC0, redo lsn=0/7E10AC68
2024-07-31 02:17:19.820 CEST [1679562] LOG:  received fast shutdown request
2024-07-31 02:17:19.821 CEST [1679562] LOG:  aborting any active transactions
2024-07-31 02:17:19.822 CEST [1679562] LOG:  background worker "logical replication launcher" (PID 1679568) exited with exit code 1
2024-07-31 02:17:19.824 CEST [1679563] LOG:  shutting down
2024-07-31 02:17:19.824 CEST [1679563] LOG:  checkpoint starting: shutdown immediate
2024-07-31 02:17:19.831 CEST [1679563] LOG:  checkpoint complete: wrote 53 buffers (0.0%); 0 WAL file(s) added, 0 removed, 0 recycled; write=0.005 s, sync=0.002 s, total=0.008 s; sync files=12, longest=0.001 s, average=0.001 s; distance=294 kB, estimate=478592 kB; lsn=0/7E154558, redo lsn=0/7E154558
2024-07-31 02:17:20.035 CEST [1679562] LOG:  database system is shut down
