2024-08-02 00:34:22.889 BST [26457] LOG:  starting PostgreSQL 18devel on armv8l-unknown-linux-gnueabihf, compiled by gcc (Raspbian 12.2.0-14+rpi1) 12.2.0, 32-bit
2024-08-02 00:34:22.890 BST [26457] LOG:  listening on IPv6 address "::1", port 5432
2024-08-02 00:34:22.890 BST [26457] LOG:  listening on IPv4 address "127.0.0.1", port 5432
2024-08-02 00:34:22.911 BST [26457] LOG:  listening on Unix socket "/tmp/.s.PGSQL.5432"
2024-08-02 00:34:22.920 BST [26460] LOG:  database system was shut down at 2024-08-02 00:34:20 BST
2024-08-02 00:34:22.927 BST [26457] LOG:  database system is ready to accept connections
2024-08-02 00:34:37.186 BST [26458] LOG:  checkpoints are occurring too frequently (15 seconds apart)
2024-08-02 00:34:37.186 BST [26458] HINT:  Consider increasing the configuration parameter "max_wal_size".
2024-08-02 00:34:37.189 BST [26458] LOG:  checkpoint starting: wal
2024-08-02 00:35:29.682 BST [26458] LOG:  checkpoint complete: wrote 60435 buffers (46.1%); 0 WAL file(s) added, 0 removed, 33 recycled; write=50.686 s, sync=1.687 s, total=52.496 s; sync files=787, longest=0.043 s, average=0.003 s; distance=537409 kB, estimate=537409 kB; lsn=0/40CC4D88, redo lsn=0/221B6020
2024-08-02 00:35:33.374 BST [26458] LOG:  checkpoint starting: wal
2024-08-02 00:35:36.675 BST [26458] LOG:  checkpoint complete: wrote 29 buffers (0.0%); 0 WAL file(s) added, 0 removed, 33 recycled; write=2.841 s, sync=0.293 s, total=3.301 s; sync files=30, longest=0.023 s, average=0.010 s; distance=539621 kB, estimate=539621 kB; lsn=0/448B2D78, redo lsn=0/430AF6B0
2024-08-02 00:35:48.307 BST [26458] LOG:  checkpoints are occurring too frequently (15 seconds apart)
2024-08-02 00:35:48.307 BST [26458] HINT:  Consider increasing the configuration parameter "max_wal_size".
2024-08-02 00:35:48.307 BST [26458] LOG:  checkpoint starting: wal
2024-08-02 00:35:54.125 BST [26458] LOG:  checkpoint complete: wrote 45 buffers (0.0%); 0 WAL file(s) added, 0 removed, 33 recycled; write=4.448 s, sync=1.238 s, total=5.819 s; sync files=40, longest=1.087 s, average=0.031 s; distance=541076 kB, estimate=541076 kB; lsn=0/67E098E8, redo lsn=0/641148D0
2024-08-02 00:36:23.016 BST [26653] LOG:  skipping vacuum of "t" --- lock not available
2024-08-02 00:36:42.057 BST [26458] LOG:  checkpoint starting: wal
2024-08-02 00:36:54.687 BST [26458] LOG:  checkpoint complete: wrote 125 buffers (0.1%); 0 WAL file(s) added, 0 removed, 33 recycled; write=9.895 s, sync=2.617 s, total=12.630 s; sync files=876, longest=1.013 s, average=0.003 s; distance=540265 kB, estimate=540995 kB; lsn=0/89841768, redo lsn=0/850AEE48
2024-08-02 00:36:54.687 BST [26458] LOG:  checkpoint starting: immediate force wait
2024-08-02 00:36:55.518 BST [26458] LOG:  checkpoint complete: wrote 8165 buffers (6.2%); 0 WAL file(s) added, 0 removed, 4 recycled; write=0.087 s, sync=0.689 s, total=0.832 s; sync files=449, longest=0.091 s, average=0.002 s; distance=73290 kB, estimate=494224 kB; lsn=0/89841838, redo lsn=0/898417E0
2024-08-02 00:38:07.824 BST [26457] LOG:  received fast shutdown request
2024-08-02 00:38:07.825 BST [26457] LOG:  aborting any active transactions
2024-08-02 00:38:07.826 BST [26457] LOG:  background worker "logical replication launcher" (PID 26463) exited with exit code 1
2024-08-02 00:38:07.828 BST [26458] LOG:  shutting down
2024-08-02 00:38:07.829 BST [26458] LOG:  checkpoint starting: shutdown immediate
2024-08-02 00:38:07.858 BST [26458] LOG:  checkpoint complete: wrote 95 buffers (0.1%); 0 WAL file(s) added, 0 removed, 0 recycled; write=0.010 s, sync=0.012 s, total=0.030 s; sync files=10, longest=0.002 s, average=0.002 s; distance=354 kB, estimate=444837 kB; lsn=0/8989A230, redo lsn=0/8989A230
2024-08-02 00:38:08.099 BST [26457] LOG:  database system is shut down
