2024-07-31 13:18:02.583 BST [26882] LOG:  starting PostgreSQL 18devel on armv8l-unknown-linux-gnueabihf, compiled by gcc (Raspbian 12.2.0-14+rpi1) 12.2.0, 32-bit
2024-07-31 13:18:02.584 BST [26882] LOG:  listening on IPv6 address "::1", port 5432
2024-07-31 13:18:02.584 BST [26882] LOG:  listening on IPv4 address "127.0.0.1", port 5432
2024-07-31 13:18:02.592 BST [26882] LOG:  listening on Unix socket "/tmp/.s.PGSQL.5432"
2024-07-31 13:18:02.596 BST [26885] LOG:  database system was shut down at 2024-07-31 13:17:59 BST
2024-07-31 13:18:02.603 BST [26882] LOG:  database system is ready to accept connections
2024-07-31 13:18:15.979 BST [26883] LOG:  checkpoints are occurring too frequently (13 seconds apart)
2024-07-31 13:18:15.979 BST [26883] HINT:  Consider increasing the configuration parameter "max_wal_size".
2024-07-31 13:18:15.979 BST [26883] LOG:  checkpoint starting: wal
2024-07-31 13:19:07.796 BST [26883] LOG:  checkpoint complete: wrote 60435 buffers (46.1%); 0 WAL file(s) added, 0 removed, 33 recycled; write=49.836 s, sync=1.781 s, total=51.817 s; sync files=787, longest=0.110 s, average=0.003 s; distance=537502 kB, estimate=537502 kB; lsn=0/40CC1940, redo lsn=0/221CD788
2024-07-31 13:19:11.314 BST [26883] LOG:  checkpoint starting: wal
2024-07-31 13:19:14.588 BST [26883] LOG:  checkpoint complete: wrote 29 buffers (0.0%); 0 WAL file(s) added, 0 removed, 33 recycled; write=2.836 s, sync=0.299 s, total=3.274 s; sync files=30, longest=0.026 s, average=0.010 s; distance=539514 kB, estimate=539514 kB; lsn=0/448AF930, redo lsn=0/430AC280
2024-07-31 13:19:26.179 BST [26883] LOG:  checkpoints are occurring too frequently (15 seconds apart)
2024-07-31 13:19:26.179 BST [26883] HINT:  Consider increasing the configuration parameter "max_wal_size".
2024-07-31 13:19:26.179 BST [26883] LOG:  checkpoint starting: wal
2024-07-31 13:19:31.988 BST [26883] LOG:  checkpoint complete: wrote 45 buffers (0.0%); 0 WAL file(s) added, 0 removed, 33 recycled; write=4.445 s, sync=1.188 s, total=5.809 s; sync files=40, longest=1.063 s, average=0.030 s; distance=541076 kB, estimate=541076 kB; lsn=0/68098EB0, redo lsn=0/64111488
2024-07-31 13:20:02.672 BST [27084] LOG:  skipping vacuum of "t" --- lock not available
2024-07-31 13:20:18.720 BST [26883] LOG:  checkpoint starting: wal
2024-07-31 13:20:31.196 BST [26883] LOG:  checkpoint complete: wrote 125 buffers (0.1%); 0 WAL file(s) added, 0 removed, 33 recycled; write=9.980 s, sync=2.366 s, total=12.476 s; sync files=876, longest=1.012 s, average=0.003 s; distance=540265 kB, estimate=540995 kB; lsn=0/89840020, redo lsn=0/850ABAB0
2024-07-31 13:20:31.196 BST [26883] LOG:  checkpoint starting: immediate force wait
2024-07-31 13:20:32.023 BST [26883] LOG:  checkpoint complete: wrote 8166 buffers (6.2%); 0 WAL file(s) added, 0 removed, 4 recycled; write=0.101 s, sync=0.675 s, total=0.828 s; sync files=449, longest=0.084 s, average=0.002 s; distance=73297 kB, estimate=494225 kB; lsn=0/898400F0, redo lsn=0/89840098
2024-07-31 13:21:44.662 BST [26882] LOG:  received fast shutdown request
2024-07-31 13:21:44.671 BST [26882] LOG:  aborting any active transactions
2024-07-31 13:21:44.672 BST [26882] LOG:  background worker "logical replication launcher" (PID 26888) exited with exit code 1
2024-07-31 13:21:44.674 BST [26883] LOG:  shutting down
2024-07-31 13:21:44.675 BST [26883] LOG:  checkpoint starting: shutdown immediate
2024-07-31 13:21:44.704 BST [26883] LOG:  checkpoint complete: wrote 96 buffers (0.1%); 0 WAL file(s) added, 0 removed, 0 recycled; write=0.010 s, sync=0.013 s, total=0.031 s; sync files=10, longest=0.002 s, average=0.002 s; distance=355 kB, estimate=444838 kB; lsn=0/89899008, redo lsn=0/89899008
2024-07-31 13:21:44.919 BST [26882] LOG:  database system is shut down
