                                                List of relations
 Schema |         Name         |       Type        | Owner  | Persistence | Access method |  Size   | Description 
--------+----------------------+-------------------+--------+-------------+---------------+---------+-------------
 public | pgbench_accounts     | partitioned table | debian | permanent   |               | 0 bytes | 
 public | pgbench_accounts_1   | table             | debian | permanent   | heap          | 168 kB  | 
 public | pgbench_accounts_10  | table             | debian | permanent   | heap          | 168 kB  | 
 public | pgbench_accounts_100 | table             | debian | permanent   | heap          | 168 kB  | 
 public | pgbench_accounts_11  | table             | debian | permanent   | heap          | 168 kB  | 
 public | pgbench_accounts_12  | table             | debian | permanent   | heap          | 168 kB  | 
 public | pgbench_accounts_13  | table             | debian | permanent   | heap          | 168 kB  | 
 public | pgbench_accounts_14  | table             | debian | permanent   | heap          | 168 kB  | 
 public | pgbench_accounts_15  | table             | debian | permanent   | heap          | 168 kB  | 
 public | pgbench_accounts_16  | table             | debian | permanent   | heap          | 168 kB  | 
 public | pgbench_accounts_17  | table             | debian | permanent   | heap          | 168 kB  | 
 public | pgbench_accounts_18  | table             | debian | permanent   | heap          | 168 kB  | 
 public | pgbench_accounts_19  | table             | debian | permanent   | heap          | 168 kB  | 
 public | pgbench_accounts_2   | table             | debian | permanent   | heap          | 168 kB  | 
 public | pgbench_accounts_20  | table             | debian | permanent   | heap          | 168 kB  | 
 public | pgbench_accounts_21  | table             | debian | permanent   | heap          | 168 kB  | 
 public | pgbench_accounts_22  | table             | debian | permanent   | heap          | 168 kB  | 
 public | pgbench_accounts_23  | table             | debian | permanent   | heap          | 168 kB  | 
 public | pgbench_accounts_24  | table             | debian | permanent   | heap          | 168 kB  | 
 public | pgbench_accounts_25  | table             | debian | permanent   | heap          | 168 kB  | 
 public | pgbench_accounts_26  | table             | debian | permanent   | heap          | 168 kB  | 
 public | pgbench_accounts_27  | table             | debian | permanent   | heap          | 168 kB  | 
 public | pgbench_accounts_28  | table             | debian | permanent   | heap          | 168 kB  | 
 public | pgbench_accounts_29  | table             | debian | permanent   | heap          | 168 kB  | 
 public | pgbench_accounts_3   | table             | debian | permanent   | heap          | 168 kB  | 
 public | pgbench_accounts_30  | table             | debian | permanent   | heap          | 168 kB  | 
 public | pgbench_accounts_31  | table             | debian | permanent   | heap          | 168 kB  | 
 public | pgbench_accounts_32  | table             | debian | permanent   | heap          | 168 kB  | 
 public | pgbench_accounts_33  | table             | debian | permanent   | heap          | 168 kB  | 
 public | pgbench_accounts_34  | table             | debian | permanent   | heap          | 168 kB  | 
 public | pgbench_accounts_35  | table             | debian | permanent   | heap          | 168 kB  | 
 public | pgbench_accounts_36  | table             | debian | permanent   | heap          | 168 kB  | 
 public | pgbench_accounts_37  | table             | debian | permanent   | heap          | 168 kB  | 
 public | pgbench_accounts_38  | table             | debian | permanent   | heap          | 168 kB  | 
 public | pgbench_accounts_39  | table             | debian | permanent   | heap          | 168 kB  | 
 public | pgbench_accounts_4   | table             | debian | permanent   | heap          | 168 kB  | 
 public | pgbench_accounts_40  | table             | debian | permanent   | heap          | 168 kB  | 
 public | pgbench_accounts_41  | table             | debian | permanent   | heap          | 168 kB  | 
 public | pgbench_accounts_42  | table             | debian | permanent   | heap          | 168 kB  | 
 public | pgbench_accounts_43  | table             | debian | permanent   | heap          | 168 kB  | 
 public | pgbench_accounts_44  | table             | debian | permanent   | heap          | 168 kB  | 
 public | pgbench_accounts_45  | table             | debian | permanent   | heap          | 168 kB  | 
 public | pgbench_accounts_46  | table             | debian | permanent   | heap          | 168 kB  | 
 public | pgbench_accounts_47  | table             | debian | permanent   | heap          | 168 kB  | 
 public | pgbench_accounts_48  | table             | debian | permanent   | heap          | 168 kB  | 
 public | pgbench_accounts_49  | table             | debian | permanent   | heap          | 168 kB  | 
 public | pgbench_accounts_5   | table             | debian | permanent   | heap          | 168 kB  | 
 public | pgbench_accounts_50  | table             | debian | permanent   | heap          | 168 kB  | 
 public | pgbench_accounts_51  | table             | debian | permanent   | heap          | 168 kB  | 
 public | pgbench_accounts_52  | table             | debian | permanent   | heap          | 168 kB  | 
 public | pgbench_accounts_53  | table             | debian | permanent   | heap          | 168 kB  | 
 public | pgbench_accounts_54  | table             | debian | permanent   | heap          | 168 kB  | 
 public | pgbench_accounts_55  | table             | debian | permanent   | heap          | 168 kB  | 
 public | pgbench_accounts_56  | table             | debian | permanent   | heap          | 168 kB  | 
 public | pgbench_accounts_57  | table             | debian | permanent   | heap          | 168 kB  | 
 public | pgbench_accounts_58  | table             | debian | permanent   | heap          | 168 kB  | 
 public | pgbench_accounts_59  | table             | debian | permanent   | heap          | 168 kB  | 
 public | pgbench_accounts_6   | table             | debian | permanent   | heap          | 168 kB  | 
 public | pgbench_accounts_60  | table             | debian | permanent   | heap          | 168 kB  | 
 public | pgbench_accounts_61  | table             | debian | permanent   | heap          | 168 kB  | 
 public | pgbench_accounts_62  | table             | debian | permanent   | heap          | 168 kB  | 
 public | pgbench_accounts_63  | table             | debian | permanent   | heap          | 168 kB  | 
 public | pgbench_accounts_64  | table             | debian | permanent   | heap          | 168 kB  | 
 public | pgbench_accounts_65  | table             | debian | permanent   | heap          | 168 kB  | 
 public | pgbench_accounts_66  | table             | debian | permanent   | heap          | 168 kB  | 
 public | pgbench_accounts_67  | table             | debian | permanent   | heap          | 168 kB  | 
 public | pgbench_accounts_68  | table             | debian | permanent   | heap          | 168 kB  | 
 public | pgbench_accounts_69  | table             | debian | permanent   | heap          | 168 kB  | 
 public | pgbench_accounts_7   | table             | debian | permanent   | heap          | 168 kB  | 
 public | pgbench_accounts_70  | table             | debian | permanent   | heap          | 168 kB  | 
 public | pgbench_accounts_71  | table             | debian | permanent   | heap          | 168 kB  | 
 public | pgbench_accounts_72  | table             | debian | permanent   | heap          | 168 kB  | 
 public | pgbench_accounts_73  | table             | debian | permanent   | heap          | 168 kB  | 
 public | pgbench_accounts_74  | table             | debian | permanent   | heap          | 168 kB  | 
 public | pgbench_accounts_75  | table             | debian | permanent   | heap          | 168 kB  | 
 public | pgbench_accounts_76  | table             | debian | permanent   | heap          | 168 kB  | 
 public | pgbench_accounts_77  | table             | debian | permanent   | heap          | 168 kB  | 
 public | pgbench_accounts_78  | table             | debian | permanent   | heap          | 168 kB  | 
 public | pgbench_accounts_79  | table             | debian | permanent   | heap          | 168 kB  | 
 public | pgbench_accounts_8   | table             | debian | permanent   | heap          | 168 kB  | 
 public | pgbench_accounts_80  | table             | debian | permanent   | heap          | 168 kB  | 
 public | pgbench_accounts_81  | table             | debian | permanent   | heap          | 168 kB  | 
 public | pgbench_accounts_82  | table             | debian | permanent   | heap          | 168 kB  | 
 public | pgbench_accounts_83  | table             | debian | permanent   | heap          | 168 kB  | 
 public | pgbench_accounts_84  | table             | debian | permanent   | heap          | 168 kB  | 
 public | pgbench_accounts_85  | table             | debian | permanent   | heap          | 168 kB  | 
 public | pgbench_accounts_86  | table             | debian | permanent   | heap          | 168 kB  | 
 public | pgbench_accounts_87  | table             | debian | permanent   | heap          | 168 kB  | 
 public | pgbench_accounts_88  | table             | debian | permanent   | heap          | 168 kB  | 
 public | pgbench_accounts_89  | table             | debian | permanent   | heap          | 168 kB  | 
 public | pgbench_accounts_9   | table             | debian | permanent   | heap          | 168 kB  | 
 public | pgbench_accounts_90  | table             | debian | permanent   | heap          | 168 kB  | 
 public | pgbench_accounts_91  | table             | debian | permanent   | heap          | 168 kB  | 
 public | pgbench_accounts_92  | table             | debian | permanent   | heap          | 168 kB  | 
 public | pgbench_accounts_93  | table             | debian | permanent   | heap          | 168 kB  | 
 public | pgbench_accounts_94  | table             | debian | permanent   | heap          | 168 kB  | 
 public | pgbench_accounts_95  | table             | debian | permanent   | heap          | 168 kB  | 
 public | pgbench_accounts_96  | table             | debian | permanent   | heap          | 168 kB  | 
 public | pgbench_accounts_97  | table             | debian | permanent   | heap          | 168 kB  | 
 public | pgbench_accounts_98  | table             | debian | permanent   | heap          | 168 kB  | 
 public | pgbench_accounts_99  | table             | debian | permanent   | heap          | 168 kB  | 
 public | pgbench_branches     | table             | debian | permanent   | heap          | 40 kB   | 
 public | pgbench_history      | table             | debian | permanent   | heap          | 0 bytes | 
 public | pgbench_tellers      | table             | debian | permanent   | heap          | 40 kB   | 
(104 rows)

                                                                   List of relations
 Schema |                Name                 |       Type        | Owner  |        Table         | Persistence | Access method |  Size   | Description 
--------+-------------------------------------+-------------------+--------+----------------------+-------------+---------------+---------+-------------
 public | pgbench_accounts_100_aid_parent_idx | index             | debian | pgbench_accounts_100 | permanent   | btree         | 40 kB   | 
 public | pgbench_accounts_100_pkey           | index             | debian | pgbench_accounts_100 | permanent   | btree         | 40 kB   | 
 public | pgbench_accounts_10_aid_parent_idx  | index             | debian | pgbench_accounts_10  | permanent   | btree         | 40 kB   | 
 public | pgbench_accounts_10_pkey            | index             | debian | pgbench_accounts_10  | permanent   | btree         | 40 kB   | 
 public | pgbench_accounts_11_aid_parent_idx  | index             | debian | pgbench_accounts_11  | permanent   | btree         | 40 kB   | 
 public | pgbench_accounts_11_pkey            | index             | debian | pgbench_accounts_11  | permanent   | btree         | 40 kB   | 
 public | pgbench_accounts_12_aid_parent_idx  | index             | debian | pgbench_accounts_12  | permanent   | btree         | 40 kB   | 
 public | pgbench_accounts_12_pkey            | index             | debian | pgbench_accounts_12  | permanent   | btree         | 40 kB   | 
 public | pgbench_accounts_13_aid_parent_idx  | index             | debian | pgbench_accounts_13  | permanent   | btree         | 40 kB   | 
 public | pgbench_accounts_13_pkey            | index             | debian | pgbench_accounts_13  | permanent   | btree         | 40 kB   | 
 public | pgbench_accounts_14_aid_parent_idx  | index             | debian | pgbench_accounts_14  | permanent   | btree         | 40 kB   | 
 public | pgbench_accounts_14_pkey            | index             | debian | pgbench_accounts_14  | permanent   | btree         | 40 kB   | 
 public | pgbench_accounts_15_aid_parent_idx  | index             | debian | pgbench_accounts_15  | permanent   | btree         | 40 kB   | 
 public | pgbench_accounts_15_pkey            | index             | debian | pgbench_accounts_15  | permanent   | btree         | 40 kB   | 
 public | pgbench_accounts_16_aid_parent_idx  | index             | debian | pgbench_accounts_16  | permanent   | btree         | 40 kB   | 
 public | pgbench_accounts_16_pkey            | index             | debian | pgbench_accounts_16  | permanent   | btree         | 40 kB   | 
 public | pgbench_accounts_17_aid_parent_idx  | index             | debian | pgbench_accounts_17  | permanent   | btree         | 40 kB   | 
 public | pgbench_accounts_17_pkey            | index             | debian | pgbench_accounts_17  | permanent   | btree         | 40 kB   | 
 public | pgbench_accounts_18_aid_parent_idx  | index             | debian | pgbench_accounts_18  | permanent   | btree         | 40 kB   | 
 public | pgbench_accounts_18_pkey            | index             | debian | pgbench_accounts_18  | permanent   | btree         | 40 kB   | 
 public | pgbench_accounts_19_aid_parent_idx  | index             | debian | pgbench_accounts_19  | permanent   | btree         | 40 kB   | 
 public | pgbench_accounts_19_pkey            | index             | debian | pgbench_accounts_19  | permanent   | btree         | 40 kB   | 
 public | pgbench_accounts_1_aid_parent_idx   | index             | debian | pgbench_accounts_1   | permanent   | btree         | 40 kB   | 
 public | pgbench_accounts_1_pkey             | index             | debian | pgbench_accounts_1   | permanent   | btree         | 40 kB   | 
 public | pgbench_accounts_20_aid_parent_idx  | index             | debian | pgbench_accounts_20  | permanent   | btree         | 40 kB   | 
 public | pgbench_accounts_20_pkey            | index             | debian | pgbench_accounts_20  | permanent   | btree         | 40 kB   | 
 public | pgbench_accounts_21_aid_parent_idx  | index             | debian | pgbench_accounts_21  | permanent   | btree         | 40 kB   | 
 public | pgbench_accounts_21_pkey            | index             | debian | pgbench_accounts_21  | permanent   | btree         | 40 kB   | 
 public | pgbench_accounts_22_aid_parent_idx  | index             | debian | pgbench_accounts_22  | permanent   | btree         | 40 kB   | 
 public | pgbench_accounts_22_pkey            | index             | debian | pgbench_accounts_22  | permanent   | btree         | 40 kB   | 
 public | pgbench_accounts_23_aid_parent_idx  | index             | debian | pgbench_accounts_23  | permanent   | btree         | 40 kB   | 
 public | pgbench_accounts_23_pkey            | index             | debian | pgbench_accounts_23  | permanent   | btree         | 40 kB   | 
 public | pgbench_accounts_24_aid_parent_idx  | index             | debian | pgbench_accounts_24  | permanent   | btree         | 40 kB   | 
 public | pgbench_accounts_24_pkey            | index             | debian | pgbench_accounts_24  | permanent   | btree         | 40 kB   | 
 public | pgbench_accounts_25_aid_parent_idx  | index             | debian | pgbench_accounts_25  | permanent   | btree         | 40 kB   | 
 public | pgbench_accounts_25_pkey            | index             | debian | pgbench_accounts_25  | permanent   | btree         | 40 kB   | 
 public | pgbench_accounts_26_aid_parent_idx  | index             | debian | pgbench_accounts_26  | permanent   | btree         | 40 kB   | 
 public | pgbench_accounts_26_pkey            | index             | debian | pgbench_accounts_26  | permanent   | btree         | 40 kB   | 
 public | pgbench_accounts_27_aid_parent_idx  | index             | debian | pgbench_accounts_27  | permanent   | btree         | 40 kB   | 
 public | pgbench_accounts_27_pkey            | index             | debian | pgbench_accounts_27  | permanent   | btree         | 40 kB   | 
 public | pgbench_accounts_28_aid_parent_idx  | index             | debian | pgbench_accounts_28  | permanent   | btree         | 40 kB   | 
 public | pgbench_accounts_28_pkey            | index             | debian | pgbench_accounts_28  | permanent   | btree         | 40 kB   | 
 public | pgbench_accounts_29_aid_parent_idx  | index             | debian | pgbench_accounts_29  | permanent   | btree         | 40 kB   | 
 public | pgbench_accounts_29_pkey            | index             | debian | pgbench_accounts_29  | permanent   | btree         | 40 kB   | 
 public | pgbench_accounts_2_aid_parent_idx   | index             | debian | pgbench_accounts_2   | permanent   | btree         | 40 kB   | 
 public | pgbench_accounts_2_pkey             | index             | debian | pgbench_accounts_2   | permanent   | btree         | 40 kB   | 
 public | pgbench_accounts_30_aid_parent_idx  | index             | debian | pgbench_accounts_30  | permanent   | btree         | 40 kB   | 
 public | pgbench_accounts_30_pkey            | index             | debian | pgbench_accounts_30  | permanent   | btree         | 40 kB   | 
 public | pgbench_accounts_31_aid_parent_idx  | index             | debian | pgbench_accounts_31  | permanent   | btree         | 40 kB   | 
 public | pgbench_accounts_31_pkey            | index             | debian | pgbench_accounts_31  | permanent   | btree         | 40 kB   | 
 public | pgbench_accounts_32_aid_parent_idx  | index             | debian | pgbench_accounts_32  | permanent   | btree         | 40 kB   | 
 public | pgbench_accounts_32_pkey            | index             | debian | pgbench_accounts_32  | permanent   | btree         | 40 kB   | 
 public | pgbench_accounts_33_aid_parent_idx  | index             | debian | pgbench_accounts_33  | permanent   | btree         | 40 kB   | 
 public | pgbench_accounts_33_pkey            | index             | debian | pgbench_accounts_33  | permanent   | btree         | 40 kB   | 
 public | pgbench_accounts_34_aid_parent_idx  | index             | debian | pgbench_accounts_34  | permanent   | btree         | 40 kB   | 
 public | pgbench_accounts_34_pkey            | index             | debian | pgbench_accounts_34  | permanent   | btree         | 40 kB   | 
 public | pgbench_accounts_35_aid_parent_idx  | index             | debian | pgbench_accounts_35  | permanent   | btree         | 40 kB   | 
 public | pgbench_accounts_35_pkey            | index             | debian | pgbench_accounts_35  | permanent   | btree         | 40 kB   | 
 public | pgbench_accounts_36_aid_parent_idx  | index             | debian | pgbench_accounts_36  | permanent   | btree         | 40 kB   | 
 public | pgbench_accounts_36_pkey            | index             | debian | pgbench_accounts_36  | permanent   | btree         | 40 kB   | 
 public | pgbench_accounts_37_aid_parent_idx  | index             | debian | pgbench_accounts_37  | permanent   | btree         | 40 kB   | 
 public | pgbench_accounts_37_pkey            | index             | debian | pgbench_accounts_37  | permanent   | btree         | 40 kB   | 
 public | pgbench_accounts_38_aid_parent_idx  | index             | debian | pgbench_accounts_38  | permanent   | btree         | 40 kB   | 
 public | pgbench_accounts_38_pkey            | index             | debian | pgbench_accounts_38  | permanent   | btree         | 40 kB   | 
 public | pgbench_accounts_39_aid_parent_idx  | index             | debian | pgbench_accounts_39  | permanent   | btree         | 40 kB   | 
 public | pgbench_accounts_39_pkey            | index             | debian | pgbench_accounts_39  | permanent   | btree         | 40 kB   | 
 public | pgbench_accounts_3_aid_parent_idx   | index             | debian | pgbench_accounts_3   | permanent   | btree         | 40 kB   | 
 public | pgbench_accounts_3_pkey             | index             | debian | pgbench_accounts_3   | permanent   | btree         | 40 kB   | 
 public | pgbench_accounts_40_aid_parent_idx  | index             | debian | pgbench_accounts_40  | permanent   | btree         | 40 kB   | 
 public | pgbench_accounts_40_pkey            | index             | debian | pgbench_accounts_40  | permanent   | btree         | 40 kB   | 
 public | pgbench_accounts_41_aid_parent_idx  | index             | debian | pgbench_accounts_41  | permanent   | btree         | 40 kB   | 
 public | pgbench_accounts_41_pkey            | index             | debian | pgbench_accounts_41  | permanent   | btree         | 40 kB   | 
 public | pgbench_accounts_42_aid_parent_idx  | index             | debian | pgbench_accounts_42  | permanent   | btree         | 40 kB   | 
 public | pgbench_accounts_42_pkey            | index             | debian | pgbench_accounts_42  | permanent   | btree         | 40 kB   | 
 public | pgbench_accounts_43_aid_parent_idx  | index             | debian | pgbench_accounts_43  | permanent   | btree         | 40 kB   | 
 public | pgbench_accounts_43_pkey            | index             | debian | pgbench_accounts_43  | permanent   | btree         | 40 kB   | 
 public | pgbench_accounts_44_aid_parent_idx  | index             | debian | pgbench_accounts_44  | permanent   | btree         | 40 kB   | 
 public | pgbench_accounts_44_pkey            | index             | debian | pgbench_accounts_44  | permanent   | btree         | 40 kB   | 
 public | pgbench_accounts_45_aid_parent_idx  | index             | debian | pgbench_accounts_45  | permanent   | btree         | 40 kB   | 
 public | pgbench_accounts_45_pkey            | index             | debian | pgbench_accounts_45  | permanent   | btree         | 40 kB   | 
 public | pgbench_accounts_46_aid_parent_idx  | index             | debian | pgbench_accounts_46  | permanent   | btree         | 40 kB   | 
 public | pgbench_accounts_46_pkey            | index             | debian | pgbench_accounts_46  | permanent   | btree         | 40 kB   | 
 public | pgbench_accounts_47_aid_parent_idx  | index             | debian | pgbench_accounts_47  | permanent   | btree         | 40 kB   | 
 public | pgbench_accounts_47_pkey            | index             | debian | pgbench_accounts_47  | permanent   | btree         | 40 kB   | 
 public | pgbench_accounts_48_aid_parent_idx  | index             | debian | pgbench_accounts_48  | permanent   | btree         | 40 kB   | 
 public | pgbench_accounts_48_pkey            | index             | debian | pgbench_accounts_48  | permanent   | btree         | 40 kB   | 
 public | pgbench_accounts_49_aid_parent_idx  | index             | debian | pgbench_accounts_49  | permanent   | btree         | 40 kB   | 
 public | pgbench_accounts_49_pkey            | index             | debian | pgbench_accounts_49  | permanent   | btree         | 40 kB   | 
 public | pgbench_accounts_4_aid_parent_idx   | index             | debian | pgbench_accounts_4   | permanent   | btree         | 40 kB   | 
 public | pgbench_accounts_4_pkey             | index             | debian | pgbench_accounts_4   | permanent   | btree         | 40 kB   | 
 public | pgbench_accounts_50_aid_parent_idx  | index             | debian | pgbench_accounts_50  | permanent   | btree         | 40 kB   | 
 public | pgbench_accounts_50_pkey            | index             | debian | pgbench_accounts_50  | permanent   | btree         | 40 kB   | 
 public | pgbench_accounts_51_aid_parent_idx  | index             | debian | pgbench_accounts_51  | permanent   | btree         | 40 kB   | 
 public | pgbench_accounts_51_pkey            | index             | debian | pgbench_accounts_51  | permanent   | btree         | 40 kB   | 
 public | pgbench_accounts_52_aid_parent_idx  | index             | debian | pgbench_accounts_52  | permanent   | btree         | 40 kB   | 
 public | pgbench_accounts_52_pkey            | index             | debian | pgbench_accounts_52  | permanent   | btree         | 40 kB   | 
 public | pgbench_accounts_53_aid_parent_idx  | index             | debian | pgbench_accounts_53  | permanent   | btree         | 40 kB   | 
 public | pgbench_accounts_53_pkey            | index             | debian | pgbench_accounts_53  | permanent   | btree         | 40 kB   | 
 public | pgbench_accounts_54_aid_parent_idx  | index             | debian | pgbench_accounts_54  | permanent   | btree         | 40 kB   | 
 public | pgbench_accounts_54_pkey            | index             | debian | pgbench_accounts_54  | permanent   | btree         | 40 kB   | 
 public | pgbench_accounts_55_aid_parent_idx  | index             | debian | pgbench_accounts_55  | permanent   | btree         | 40 kB   | 
 public | pgbench_accounts_55_pkey            | index             | debian | pgbench_accounts_55  | permanent   | btree         | 40 kB   | 
 public | pgbench_accounts_56_aid_parent_idx  | index             | debian | pgbench_accounts_56  | permanent   | btree         | 40 kB   | 
 public | pgbench_accounts_56_pkey            | index             | debian | pgbench_accounts_56  | permanent   | btree         | 40 kB   | 
 public | pgbench_accounts_57_aid_parent_idx  | index             | debian | pgbench_accounts_57  | permanent   | btree         | 40 kB   | 
 public | pgbench_accounts_57_pkey            | index             | debian | pgbench_accounts_57  | permanent   | btree         | 40 kB   | 
 public | pgbench_accounts_58_aid_parent_idx  | index             | debian | pgbench_accounts_58  | permanent   | btree         | 40 kB   | 
 public | pgbench_accounts_58_pkey            | index             | debian | pgbench_accounts_58  | permanent   | btree         | 40 kB   | 
 public | pgbench_accounts_59_aid_parent_idx  | index             | debian | pgbench_accounts_59  | permanent   | btree         | 40 kB   | 
 public | pgbench_accounts_59_pkey            | index             | debian | pgbench_accounts_59  | permanent   | btree         | 40 kB   | 
 public | pgbench_accounts_5_aid_parent_idx   | index             | debian | pgbench_accounts_5   | permanent   | btree         | 40 kB   | 
 public | pgbench_accounts_5_pkey             | index             | debian | pgbench_accounts_5   | permanent   | btree         | 40 kB   | 
 public | pgbench_accounts_60_aid_parent_idx  | index             | debian | pgbench_accounts_60  | permanent   | btree         | 40 kB   | 
 public | pgbench_accounts_60_pkey            | index             | debian | pgbench_accounts_60  | permanent   | btree         | 40 kB   | 
 public | pgbench_accounts_61_aid_parent_idx  | index             | debian | pgbench_accounts_61  | permanent   | btree         | 40 kB   | 
 public | pgbench_accounts_61_pkey            | index             | debian | pgbench_accounts_61  | permanent   | btree         | 40 kB   | 
 public | pgbench_accounts_62_aid_parent_idx  | index             | debian | pgbench_accounts_62  | permanent   | btree         | 40 kB   | 
 public | pgbench_accounts_62_pkey            | index             | debian | pgbench_accounts_62  | permanent   | btree         | 40 kB   | 
 public | pgbench_accounts_63_aid_parent_idx  | index             | debian | pgbench_accounts_63  | permanent   | btree         | 40 kB   | 
 public | pgbench_accounts_63_pkey            | index             | debian | pgbench_accounts_63  | permanent   | btree         | 40 kB   | 
 public | pgbench_accounts_64_aid_parent_idx  | index             | debian | pgbench_accounts_64  | permanent   | btree         | 40 kB   | 
 public | pgbench_accounts_64_pkey            | index             | debian | pgbench_accounts_64  | permanent   | btree         | 40 kB   | 
 public | pgbench_accounts_65_aid_parent_idx  | index             | debian | pgbench_accounts_65  | permanent   | btree         | 40 kB   | 
 public | pgbench_accounts_65_pkey            | index             | debian | pgbench_accounts_65  | permanent   | btree         | 40 kB   | 
 public | pgbench_accounts_66_aid_parent_idx  | index             | debian | pgbench_accounts_66  | permanent   | btree         | 40 kB   | 
 public | pgbench_accounts_66_pkey            | index             | debian | pgbench_accounts_66  | permanent   | btree         | 40 kB   | 
 public | pgbench_accounts_67_aid_parent_idx  | index             | debian | pgbench_accounts_67  | permanent   | btree         | 40 kB   | 
 public | pgbench_accounts_67_pkey            | index             | debian | pgbench_accounts_67  | permanent   | btree         | 40 kB   | 
 public | pgbench_accounts_68_aid_parent_idx  | index             | debian | pgbench_accounts_68  | permanent   | btree         | 40 kB   | 
 public | pgbench_accounts_68_pkey            | index             | debian | pgbench_accounts_68  | permanent   | btree         | 40 kB   | 
 public | pgbench_accounts_69_aid_parent_idx  | index             | debian | pgbench_accounts_69  | permanent   | btree         | 40 kB   | 
 public | pgbench_accounts_69_pkey            | index             | debian | pgbench_accounts_69  | permanent   | btree         | 40 kB   | 
 public | pgbench_accounts_6_aid_parent_idx   | index             | debian | pgbench_accounts_6   | permanent   | btree         | 40 kB   | 
 public | pgbench_accounts_6_pkey             | index             | debian | pgbench_accounts_6   | permanent   | btree         | 40 kB   | 
 public | pgbench_accounts_70_aid_parent_idx  | index             | debian | pgbench_accounts_70  | permanent   | btree         | 40 kB   | 
 public | pgbench_accounts_70_pkey            | index             | debian | pgbench_accounts_70  | permanent   | btree         | 40 kB   | 
 public | pgbench_accounts_71_aid_parent_idx  | index             | debian | pgbench_accounts_71  | permanent   | btree         | 40 kB   | 
 public | pgbench_accounts_71_pkey            | index             | debian | pgbench_accounts_71  | permanent   | btree         | 40 kB   | 
 public | pgbench_accounts_72_aid_parent_idx  | index             | debian | pgbench_accounts_72  | permanent   | btree         | 40 kB   | 
 public | pgbench_accounts_72_pkey            | index             | debian | pgbench_accounts_72  | permanent   | btree         | 40 kB   | 
 public | pgbench_accounts_73_aid_parent_idx  | index             | debian | pgbench_accounts_73  | permanent   | btree         | 40 kB   | 
 public | pgbench_accounts_73_pkey            | index             | debian | pgbench_accounts_73  | permanent   | btree         | 40 kB   | 
 public | pgbench_accounts_74_aid_parent_idx  | index             | debian | pgbench_accounts_74  | permanent   | btree         | 40 kB   | 
 public | pgbench_accounts_74_pkey            | index             | debian | pgbench_accounts_74  | permanent   | btree         | 40 kB   | 
 public | pgbench_accounts_75_aid_parent_idx  | index             | debian | pgbench_accounts_75  | permanent   | btree         | 40 kB   | 
 public | pgbench_accounts_75_pkey            | index             | debian | pgbench_accounts_75  | permanent   | btree         | 40 kB   | 
 public | pgbench_accounts_76_aid_parent_idx  | index             | debian | pgbench_accounts_76  | permanent   | btree         | 40 kB   | 
 public | pgbench_accounts_76_pkey            | index             | debian | pgbench_accounts_76  | permanent   | btree         | 40 kB   | 
 public | pgbench_accounts_77_aid_parent_idx  | index             | debian | pgbench_accounts_77  | permanent   | btree         | 40 kB   | 
 public | pgbench_accounts_77_pkey            | index             | debian | pgbench_accounts_77  | permanent   | btree         | 40 kB   | 
 public | pgbench_accounts_78_aid_parent_idx  | index             | debian | pgbench_accounts_78  | permanent   | btree         | 40 kB   | 
 public | pgbench_accounts_78_pkey            | index             | debian | pgbench_accounts_78  | permanent   | btree         | 40 kB   | 
 public | pgbench_accounts_79_aid_parent_idx  | index             | debian | pgbench_accounts_79  | permanent   | btree         | 40 kB   | 
 public | pgbench_accounts_79_pkey            | index             | debian | pgbench_accounts_79  | permanent   | btree         | 40 kB   | 
 public | pgbench_accounts_7_aid_parent_idx   | index             | debian | pgbench_accounts_7   | permanent   | btree         | 40 kB   | 
 public | pgbench_accounts_7_pkey             | index             | debian | pgbench_accounts_7   | permanent   | btree         | 40 kB   | 
 public | pgbench_accounts_80_aid_parent_idx  | index             | debian | pgbench_accounts_80  | permanent   | btree         | 40 kB   | 
 public | pgbench_accounts_80_pkey            | index             | debian | pgbench_accounts_80  | permanent   | btree         | 40 kB   | 
 public | pgbench_accounts_81_aid_parent_idx  | index             | debian | pgbench_accounts_81  | permanent   | btree         | 40 kB   | 
 public | pgbench_accounts_81_pkey            | index             | debian | pgbench_accounts_81  | permanent   | btree         | 40 kB   | 
 public | pgbench_accounts_82_aid_parent_idx  | index             | debian | pgbench_accounts_82  | permanent   | btree         | 40 kB   | 
 public | pgbench_accounts_82_pkey            | index             | debian | pgbench_accounts_82  | permanent   | btree         | 40 kB   | 
 public | pgbench_accounts_83_aid_parent_idx  | index             | debian | pgbench_accounts_83  | permanent   | btree         | 40 kB   | 
 public | pgbench_accounts_83_pkey            | index             | debian | pgbench_accounts_83  | permanent   | btree         | 40 kB   | 
 public | pgbench_accounts_84_aid_parent_idx  | index             | debian | pgbench_accounts_84  | permanent   | btree         | 40 kB   | 
 public | pgbench_accounts_84_pkey            | index             | debian | pgbench_accounts_84  | permanent   | btree         | 40 kB   | 
 public | pgbench_accounts_85_aid_parent_idx  | index             | debian | pgbench_accounts_85  | permanent   | btree         | 40 kB   | 
 public | pgbench_accounts_85_pkey            | index             | debian | pgbench_accounts_85  | permanent   | btree         | 40 kB   | 
 public | pgbench_accounts_86_aid_parent_idx  | index             | debian | pgbench_accounts_86  | permanent   | btree         | 40 kB   | 
 public | pgbench_accounts_86_pkey            | index             | debian | pgbench_accounts_86  | permanent   | btree         | 40 kB   | 
 public | pgbench_accounts_87_aid_parent_idx  | index             | debian | pgbench_accounts_87  | permanent   | btree         | 40 kB   | 
 public | pgbench_accounts_87_pkey            | index             | debian | pgbench_accounts_87  | permanent   | btree         | 40 kB   | 
 public | pgbench_accounts_88_aid_parent_idx  | index             | debian | pgbench_accounts_88  | permanent   | btree         | 40 kB   | 
 public | pgbench_accounts_88_pkey            | index             | debian | pgbench_accounts_88  | permanent   | btree         | 40 kB   | 
 public | pgbench_accounts_89_aid_parent_idx  | index             | debian | pgbench_accounts_89  | permanent   | btree         | 40 kB   | 
 public | pgbench_accounts_89_pkey            | index             | debian | pgbench_accounts_89  | permanent   | btree         | 40 kB   | 
 public | pgbench_accounts_8_aid_parent_idx   | index             | debian | pgbench_accounts_8   | permanent   | btree         | 40 kB   | 
 public | pgbench_accounts_8_pkey             | index             | debian | pgbench_accounts_8   | permanent   | btree         | 40 kB   | 
 public | pgbench_accounts_90_aid_parent_idx  | index             | debian | pgbench_accounts_90  | permanent   | btree         | 40 kB   | 
 public | pgbench_accounts_90_pkey            | index             | debian | pgbench_accounts_90  | permanent   | btree         | 40 kB   | 
 public | pgbench_accounts_91_aid_parent_idx  | index             | debian | pgbench_accounts_91  | permanent   | btree         | 40 kB   | 
 public | pgbench_accounts_91_pkey            | index             | debian | pgbench_accounts_91  | permanent   | btree         | 40 kB   | 
 public | pgbench_accounts_92_aid_parent_idx  | index             | debian | pgbench_accounts_92  | permanent   | btree         | 40 kB   | 
 public | pgbench_accounts_92_pkey            | index             | debian | pgbench_accounts_92  | permanent   | btree         | 40 kB   | 
 public | pgbench_accounts_93_aid_parent_idx  | index             | debian | pgbench_accounts_93  | permanent   | btree         | 40 kB   | 
 public | pgbench_accounts_93_pkey            | index             | debian | pgbench_accounts_93  | permanent   | btree         | 40 kB   | 
 public | pgbench_accounts_94_aid_parent_idx  | index             | debian | pgbench_accounts_94  | permanent   | btree         | 40 kB   | 
 public | pgbench_accounts_94_pkey            | index             | debian | pgbench_accounts_94  | permanent   | btree         | 40 kB   | 
 public | pgbench_accounts_95_aid_parent_idx  | index             | debian | pgbench_accounts_95  | permanent   | btree         | 40 kB   | 
 public | pgbench_accounts_95_pkey            | index             | debian | pgbench_accounts_95  | permanent   | btree         | 40 kB   | 
 public | pgbench_accounts_96_aid_parent_idx  | index             | debian | pgbench_accounts_96  | permanent   | btree         | 40 kB   | 
 public | pgbench_accounts_96_pkey            | index             | debian | pgbench_accounts_96  | permanent   | btree         | 40 kB   | 
 public | pgbench_accounts_97_aid_parent_idx  | index             | debian | pgbench_accounts_97  | permanent   | btree         | 40 kB   | 
 public | pgbench_accounts_97_pkey            | index             | debian | pgbench_accounts_97  | permanent   | btree         | 40 kB   | 
 public | pgbench_accounts_98_aid_parent_idx  | index             | debian | pgbench_accounts_98  | permanent   | btree         | 40 kB   | 
 public | pgbench_accounts_98_pkey            | index             | debian | pgbench_accounts_98  | permanent   | btree         | 40 kB   | 
 public | pgbench_accounts_99_aid_parent_idx  | index             | debian | pgbench_accounts_99  | permanent   | btree         | 40 kB   | 
 public | pgbench_accounts_99_pkey            | index             | debian | pgbench_accounts_99  | permanent   | btree         | 40 kB   | 
 public | pgbench_accounts_9_aid_parent_idx   | index             | debian | pgbench_accounts_9   | permanent   | btree         | 40 kB   | 
 public | pgbench_accounts_9_pkey             | index             | debian | pgbench_accounts_9   | permanent   | btree         | 40 kB   | 
 public | pgbench_accounts_aid_parent_idx     | partitioned index | debian | pgbench_accounts     | permanent   | btree         | 0 bytes | 
 public | pgbench_accounts_pkey               | partitioned index | debian | pgbench_accounts     | permanent   | btree         | 0 bytes | 
 public | pgbench_branches_pkey               | index             | debian | pgbench_branches     | permanent   | btree         | 16 kB   | 
 public | pgbench_tellers_pkey                | index             | debian | pgbench_tellers      | permanent   | btree         | 16 kB   | 
(204 rows)

