2024-07-31 08:41:53.419 CEST [2221357] LOG:  starting PostgreSQL 18devel on x86_64-pc-linux-gnu, compiled by gcc (Debian 12.2.0-14) 12.2.0, 64-bit
2024-07-31 08:41:53.420 CEST [2221357] LOG:  listening on IPv6 address "::1", port 5432
2024-07-31 08:41:53.420 CEST [2221357] LOG:  listening on IPv4 address "127.0.0.1", port 5432
2024-07-31 08:41:53.421 CEST [2221357] LOG:  listening on Unix socket "/tmp/.s.PGSQL.5432"
2024-07-31 08:41:53.424 CEST [2221360] LOG:  database system was shut down at 2024-07-31 08:41:52 CEST
2024-07-31 08:41:53.427 CEST [2221357] LOG:  database system is ready to accept connections
2024-07-31 08:42:02.728 CEST [2221358] LOG:  checkpoints are occurring too frequently (9 seconds apart)
2024-07-31 08:42:02.728 CEST [2221358] HINT:  Consider increasing the configuration parameter "max_wal_size".
2024-07-31 08:42:02.728 CEST [2221358] LOG:  checkpoint starting: wal
2024-07-31 08:42:10.331 CEST [2221358] LOG:  checkpoint complete: wrote 53952 buffers (20.6%); 0 WAL file(s) added, 1 removed, 32 recycled; write=6.944 s, sync=0.579 s, total=7.604 s; sync files=707, longest=0.394 s, average=0.001 s; distance=536158 kB, estimate=536158 kB; lsn=0/41741B98, redo lsn=0/22082EC0
2024-07-31 08:42:10.728 CEST [2221358] LOG:  checkpoints are occurring too frequently (8 seconds apart)
2024-07-31 08:42:10.728 CEST [2221358] HINT:  Consider increasing the configuration parameter "max_wal_size".
2024-07-31 08:42:10.728 CEST [2221358] LOG:  checkpoint starting: wal
2024-07-31 08:42:17.281 CEST [2221358] LOG:  checkpoint complete: wrote 62234 buffers (23.7%); 0 WAL file(s) added, 2 removed, 31 recycled; write=6.027 s, sync=0.438 s, total=6.553 s; sync files=4, longest=0.211 s, average=0.110 s; distance=554100 kB, estimate=554100 kB; lsn=0/630017C8, redo lsn=0/43DA00C8
2024-07-31 08:42:17.465 CEST [2221358] LOG:  checkpoints are occurring too frequently (7 seconds apart)
2024-07-31 08:42:17.465 CEST [2221358] HINT:  Consider increasing the configuration parameter "max_wal_size".
2024-07-31 08:42:17.466 CEST [2221358] LOG:  checkpoint starting: wal
2024-07-31 08:42:24.023 CEST [2221358] LOG:  checkpoint complete: wrote 59309 buffers (22.6%); 0 WAL file(s) added, 1 removed, 32 recycled; write=6.044 s, sync=0.412 s, total=6.558 s; sync files=4, longest=0.380 s, average=0.103 s; distance=528040 kB, estimate=551494 kB; lsn=0/836FFC30, redo lsn=0/6414A198
2024-07-31 08:42:24.418 CEST [2221358] LOG:  checkpoints are occurring too frequently (7 seconds apart)
2024-07-31 08:42:24.418 CEST [2221358] HINT:  Consider increasing the configuration parameter "max_wal_size".
2024-07-31 08:42:24.418 CEST [2221358] LOG:  checkpoint starting: wal
2024-07-31 08:42:30.904 CEST [2221358] LOG:  checkpoint complete: wrote 62152 buffers (23.7%); 0 WAL file(s) added, 2 removed, 31 recycled; write=5.927 s, sync=0.462 s, total=6.486 s; sync files=4, longest=0.340 s, average=0.116 s; distance=553341 kB, estimate=553341 kB; lsn=0/A5000378, redo lsn=0/85DA97F0
2024-07-31 08:42:31.057 CEST [2221358] LOG:  checkpoints are occurring too frequently (7 seconds apart)
2024-07-31 08:42:31.057 CEST [2221358] HINT:  Consider increasing the configuration parameter "max_wal_size".
2024-07-31 08:42:31.059 CEST [2221358] LOG:  checkpoint starting: wal
2024-07-31 08:42:37.397 CEST [2221358] LOG:  checkpoint complete: wrote 59251 buffers (22.6%); 0 WAL file(s) added, 1 removed, 32 recycled; write=5.825 s, sync=0.433 s, total=6.340 s; sync files=4, longest=0.411 s, average=0.109 s; distance=527701 kB, estimate=550777 kB; lsn=0/C52D2D80, redo lsn=0/A60FEF60
2024-07-31 08:42:37.807 CEST [2221358] LOG:  checkpoints are occurring too frequently (6 seconds apart)
2024-07-31 08:42:37.807 CEST [2221358] HINT:  Consider increasing the configuration parameter "max_wal_size".
2024-07-31 08:42:37.807 CEST [2221358] LOG:  checkpoint starting: wal
2024-07-31 08:42:44.178 CEST [2221358] LOG:  checkpoint complete: wrote 61737 buffers (23.6%); 0 WAL file(s) added, 2 removed, 31 recycled; write=5.830 s, sync=0.417 s, total=6.371 s; sync files=3, longest=0.382 s, average=0.139 s; distance=549652 kB, estimate=550665 kB; lsn=0/E70022F0, redo lsn=0/C79C40F0
2024-07-31 08:42:44.530 CEST [2221358] LOG:  checkpoints are occurring too frequently (7 seconds apart)
2024-07-31 08:42:44.530 CEST [2221358] HINT:  Consider increasing the configuration parameter "max_wal_size".
2024-07-31 08:42:44.530 CEST [2221358] LOG:  checkpoint starting: wal
2024-07-31 08:42:50.862 CEST [2221358] LOG:  checkpoint complete: wrote 61444 buffers (23.4%); 0 WAL file(s) added, 2 removed, 32 recycled; write=5.846 s, sync=0.403 s, total=6.332 s; sync files=4, longest=0.359 s, average=0.101 s; distance=547070 kB, estimate=550305 kB; lsn=1/8003C28, redo lsn=0/E9003C60
2024-07-31 08:42:51.228 CEST [2221358] LOG:  checkpoints are occurring too frequently (7 seconds apart)
2024-07-31 08:42:51.228 CEST [2221358] HINT:  Consider increasing the configuration parameter "max_wal_size".
2024-07-31 08:42:51.229 CEST [2221358] LOG:  checkpoint starting: wal
2024-07-31 08:42:57.548 CEST [2221358] LOG:  checkpoint complete: wrote 61127 buffers (23.3%); 0 WAL file(s) added, 1 removed, 32 recycled; write=5.815 s, sync=0.403 s, total=6.320 s; sync files=4, longest=0.394 s, average=0.101 s; distance=544201 kB, estimate=549695 kB; lsn=1/29B71A00, redo lsn=1/A376098
2024-07-31 08:42:57.738 CEST [2221358] LOG:  checkpoints are occurring too frequently (6 seconds apart)
2024-07-31 08:42:57.738 CEST [2221358] HINT:  Consider increasing the configuration parameter "max_wal_size".
2024-07-31 08:42:57.739 CEST [2221358] LOG:  checkpoint starting: wal
2024-07-31 08:43:07.652 CEST [2221358] LOG:  checkpoint complete: wrote 60447 buffers (23.1%); 0 WAL file(s) added, 1 removed, 32 recycled; write=9.053 s, sync=0.830 s, total=9.915 s; sync files=8, longest=0.342 s, average=0.104 s; distance=538448 kB, estimate=548570 kB; lsn=1/4A118F68, redo lsn=1/2B14A1E0
2024-07-31 08:43:10.565 CEST [2221358] LOG:  checkpoints are occurring too frequently (13 seconds apart)
2024-07-31 08:43:10.565 CEST [2221358] HINT:  Consider increasing the configuration parameter "max_wal_size".
2024-07-31 08:43:10.565 CEST [2221358] LOG:  checkpoint starting: wal
2024-07-31 08:43:39.234 CEST [2221358] LOG:  checkpoint complete: wrote 249801 buffers (95.3%); 0 WAL file(s) added, 1 removed, 33 recycled; write=28.070 s, sync=0.564 s, total=28.670 s; sync files=32, longest=0.075 s, average=0.018 s; distance=555791 kB, estimate=555791 kB; lsn=1/6BC042E8, redo lsn=1/4D00E148
2024-07-31 08:43:42.506 CEST [2221358] LOG:  checkpoint starting: wal
2024-07-31 08:43:48.521 CEST [2221358] LOG:  checkpoint complete: wrote 60 buffers (0.0%); 0 WAL file(s) added, 0 removed, 34 recycled; write=5.916 s, sync=0.068 s, total=6.015 s; sync files=28, longest=0.064 s, average=0.003 s; distance=557122 kB, estimate=557122 kB; lsn=1/733C2898, redo lsn=1/6F01ED28
2024-07-31 08:43:53.503 CEST [2221398] LOG:  skipping vacuum of "t" --- lock not available
2024-07-31 08:44:15.202 CEST [2221358] LOG:  checkpoint starting: wal
2024-07-31 08:44:45.731 CEST [2221358] LOG:  checkpoint complete: wrote 755 buffers (0.3%); 0 WAL file(s) added, 1 removed, 32 recycled; write=29.862 s, sync=0.632 s, total=30.530 s; sync files=342, longest=0.091 s, average=0.002 s; distance=546935 kB, estimate=556104 kB; lsn=1/AF332BF8, redo lsn=1/9063CC28
2024-07-31 08:44:48.851 CEST [2221358] LOG:  checkpoint starting: wal
2024-07-31 08:44:53.522 CEST [2221417] LOG:  skipping vacuum of "t" --- lock not available
2024-07-31 08:44:54.465 CEST [2221358] LOG:  checkpoint complete: wrote 56 buffers (0.0%); 0 WAL file(s) added, 0 removed, 33 recycled; write=5.515 s, sync=0.071 s, total=5.615 s; sync files=26, longest=0.059 s, average=0.003 s; distance=544533 kB, estimate=554947 kB; lsn=1/B6B026C8, redo lsn=1/B1A02110
2024-07-31 08:45:23.199 CEST [2221358] LOG:  checkpoint starting: wal
2024-07-31 08:45:29.880 CEST [2221358] LOG:  checkpoint complete: wrote 62 buffers (0.0%); 0 WAL file(s) added, 0 removed, 33 recycled; write=6.117 s, sync=0.535 s, total=6.682 s; sync files=30, longest=0.073 s, average=0.018 s; distance=545539 kB, estimate=554006 kB; lsn=1/D85B7238, redo lsn=1/D2EC2EE8
2024-07-31 08:45:53.541 CEST [2221490] LOG:  skipping vacuum of "t" --- lock not available
2024-07-31 08:45:58.146 CEST [2221358] LOG:  checkpoint starting: wal
2024-07-31 08:46:00.451 CEST [2221358] LOG:  checkpoint complete: wrote 19 buffers (0.0%); 0 WAL file(s) added, 0 removed, 33 recycled; write=1.809 s, sync=0.464 s, total=2.305 s; sync files=25, longest=0.073 s, average=0.019 s; distance=526816 kB, estimate=551287 kB; lsn=1/F6490FA0, redo lsn=1/F313B150
2024-07-31 08:46:30.978 CEST [2221358] LOG:  checkpoint starting: wal
2024-07-31 08:46:33.118 CEST [2221358] LOG:  checkpoint complete: wrote 18 buffers (0.0%); 0 WAL file(s) added, 0 removed, 33 recycled; write=1.709 s, sync=0.398 s, total=2.141 s; sync files=25, longest=0.072 s, average=0.016 s; distance=542372 kB, estimate=550395 kB; lsn=2/1436A050, redo lsn=2/142E42A8
2024-07-31 08:46:53.561 CEST [2221509] LOG:  skipping vacuum of "t" --- lock not available
2024-07-31 08:47:07.944 CEST [2221358] LOG:  checkpoint starting: wal
2024-07-31 08:47:10.339 CEST [2221358] LOG:  checkpoint complete: wrote 20 buffers (0.0%); 0 WAL file(s) added, 0 removed, 33 recycled; write=1.909 s, sync=0.458 s, total=2.397 s; sync files=27, longest=0.076 s, average=0.017 s; distance=547011 kB, estimate=550057 kB; lsn=2/35E19728, redo lsn=2/359150F0
2024-07-31 08:47:45.701 CEST [2221358] LOG:  checkpoint starting: wal
2024-07-31 08:47:47.695 CEST [2221358] LOG:  checkpoint complete: wrote 16 buffers (0.0%); 0 WAL file(s) added, 0 removed, 33 recycled; write=1.508 s, sync=0.454 s, total=1.995 s; sync files=25, longest=0.070 s, average=0.019 s; distance=534690 kB, estimate=548520 kB; lsn=2/578C4760, redo lsn=2/5633DB98
2024-07-31 08:47:53.579 CEST [2221527] LOG:  skipping vacuum of "t" --- lock not available
2024-07-31 08:48:24.558 CEST [2221358] LOG:  checkpoint starting: wal
2024-07-31 08:48:26.734 CEST [2221358] LOG:  checkpoint complete: wrote 18 buffers (0.0%); 0 WAL file(s) added, 0 removed, 33 recycled; write=1.742 s, sync=0.403 s, total=2.177 s; sync files=24, longest=0.069 s, average=0.017 s; distance=545457 kB, estimate=548214 kB; lsn=2/793723D8, redo lsn=2/777EA1D8
2024-07-31 08:48:53.595 CEST [2221544] LOG:  skipping vacuum of "t" --- lock not available
2024-07-31 08:49:04.351 CEST [2221358] LOG:  checkpoint starting: wal
2024-07-31 08:49:06.170 CEST [2221358] LOG:  checkpoint complete: wrote 14 buffers (0.0%); 0 WAL file(s) added, 0 removed, 34 recycled; write=1.308 s, sync=0.479 s, total=1.820 s; sync files=24, longest=0.078 s, average=0.020 s; distance=548964 kB, estimate=548964 kB; lsn=2/9AE1F930, redo lsn=2/99003288
2024-07-31 08:49:44.982 CEST [2221358] LOG:  checkpoint starting: wal
2024-07-31 08:49:47.000 CEST [2221358] LOG:  checkpoint complete: wrote 14 buffers (0.0%); 0 WAL file(s) added, 0 removed, 33 recycled; write=1.322 s, sync=0.623 s, total=2.019 s; sync files=24, longest=0.122 s, average=0.026 s; distance=547652 kB, estimate=548833 kB; lsn=2/C935B7C8, redo lsn=2/BA6D4478
2024-07-31 08:49:48.899 CEST [2221358] LOG:  checkpoints are occurring too frequently (4 seconds apart)
2024-07-31 08:49:48.899 CEST [2221358] HINT:  Consider increasing the configuration parameter "max_wal_size".
2024-07-31 08:49:48.899 CEST [2221358] LOG:  checkpoint starting: wal
2024-07-31 08:49:51.182 CEST [2221358] LOG:  checkpoint complete: wrote 23 buffers (0.0%); 0 WAL file(s) added, 0 removed, 34 recycled; write=2.210 s, sync=0.003 s, total=2.283 s; sync files=13, longest=0.001 s, average=0.001 s; distance=550178 kB, estimate=550178 kB; lsn=2/F1850E58, redo lsn=2/DC01CDF8
2024-07-31 08:49:52.443 CEST [2221358] LOG:  checkpoints are occurring too frequently (4 seconds apart)
2024-07-31 08:49:52.443 CEST [2221358] HINT:  Consider increasing the configuration parameter "max_wal_size".
2024-07-31 08:49:52.443 CEST [2221358] LOG:  checkpoint starting: wal
2024-07-31 08:49:52.511 CEST [2221358] LOG:  checkpoint complete: wrote 0 buffers (0.0%); 0 WAL file(s) added, 0 removed, 34 recycled; write=0.004 s, sync=0.001 s, total=0.068 s; sync files=0, longest=0.000 s, average=0.000 s; distance=557120 kB, estimate=557120 kB; lsn=2/FE259378, redo lsn=2/FE02D0D0
2024-07-31 08:49:53.611 CEST [2221560] LOG:  skipping vacuum of "t" --- lock not available
2024-07-31 08:49:56.079 CEST [2221358] LOG:  checkpoints are occurring too frequently (4 seconds apart)
2024-07-31 08:49:56.079 CEST [2221358] HINT:  Consider increasing the configuration parameter "max_wal_size".
2024-07-31 08:49:56.079 CEST [2221358] LOG:  checkpoint starting: wal
2024-07-31 08:49:58.243 CEST [2221358] LOG:  checkpoint complete: wrote 11 buffers (0.0%); 0 WAL file(s) added, 0 removed, 33 recycled; write=1.007 s, sync=0.002 s, total=2.164 s; sync files=6, longest=0.001 s, average=0.001 s; distance=550498 kB, estimate=556458 kB; lsn=3/298992A8, redo lsn=3/1F9C5B08
2024-07-31 08:50:00.266 CEST [2221358] LOG:  checkpoints are occurring too frequently (4 seconds apart)
2024-07-31 08:50:00.266 CEST [2221358] HINT:  Consider increasing the configuration parameter "max_wal_size".
2024-07-31 08:50:00.290 CEST [2221358] LOG:  checkpoint starting: wal
2024-07-31 08:50:00.336 CEST [2221358] LOG:  checkpoint complete: wrote 0 buffers (0.0%); 0 WAL file(s) added, 0 removed, 34 recycled; write=0.004 s, sync=0.001 s, total=0.070 s; sync files=0, longest=0.000 s, average=0.000 s; distance=547234 kB, estimate=555536 kB; lsn=3/412982A0, redo lsn=3/4102E348
2024-07-31 08:50:03.788 CEST [2221358] LOG:  checkpoints are occurring too frequently (3 seconds apart)
2024-07-31 08:50:03.788 CEST [2221358] HINT:  Consider increasing the configuration parameter "max_wal_size".
2024-07-31 08:50:03.788 CEST [2221358] LOG:  checkpoint starting: wal
2024-07-31 08:50:03.854 CEST [2221358] LOG:  checkpoint complete: wrote 0 buffers (0.0%); 0 WAL file(s) added, 0 removed, 34 recycled; write=0.004 s, sync=0.001 s, total=0.067 s; sync files=0, longest=0.000 s, average=0.000 s; distance=556873 kB, estimate=556873 kB; lsn=3/6326A8C8, redo lsn=3/63000970
2024-07-31 08:50:07.432 CEST [2221358] LOG:  checkpoints are occurring too frequently (4 seconds apart)
2024-07-31 08:50:07.432 CEST [2221358] HINT:  Consider increasing the configuration parameter "max_wal_size".
2024-07-31 08:50:07.432 CEST [2221358] LOG:  checkpoint starting: wal
2024-07-31 08:50:07.499 CEST [2221358] LOG:  checkpoint complete: wrote 0 buffers (0.0%); 0 WAL file(s) added, 0 removed, 34 recycled; write=0.004 s, sync=0.001 s, total=0.067 s; sync files=0, longest=0.000 s, average=0.000 s; distance=557120 kB, estimate=557120 kB; lsn=3/8527ABA0, redo lsn=3/85010C48
2024-07-31 08:50:11.320 CEST [2221358] LOG:  checkpoints are occurring too frequently (4 seconds apart)
2024-07-31 08:50:11.320 CEST [2221358] HINT:  Consider increasing the configuration parameter "max_wal_size".
2024-07-31 08:50:11.320 CEST [2221358] LOG:  checkpoint starting: wal
2024-07-31 08:50:11.389 CEST [2221358] LOG:  checkpoint complete: wrote 0 buffers (0.0%); 0 WAL file(s) added, 0 removed, 34 recycled; write=0.004 s, sync=0.001 s, total=0.070 s; sync files=0, longest=0.000 s, average=0.000 s; distance=557120 kB, estimate=557120 kB; lsn=3/A72C8B28, redo lsn=3/A7020F20
2024-07-31 08:50:17.238 CEST [2221358] LOG:  checkpoints are occurring too frequently (6 seconds apart)
2024-07-31 08:50:17.238 CEST [2221358] HINT:  Consider increasing the configuration parameter "max_wal_size".
2024-07-31 08:50:17.239 CEST [2221358] LOG:  checkpoint starting: wal
2024-07-31 08:50:18.262 CEST [2221358] LOG:  checkpoint complete: wrote 8 buffers (0.0%); 0 WAL file(s) added, 0 removed, 33 recycled; write=0.851 s, sync=0.112 s, total=1.024 s; sync files=5, longest=0.051 s, average=0.023 s; distance=541399 kB, estimate=555548 kB; lsn=3/CE947840, redo lsn=3/C80D6B60
2024-07-31 08:50:45.617 CEST [2221358] LOG:  checkpoints are occurring too frequently (28 seconds apart)
2024-07-31 08:50:45.617 CEST [2221358] HINT:  Consider increasing the configuration parameter "max_wal_size".
2024-07-31 08:50:45.617 CEST [2221358] LOG:  checkpoint starting: wal
2024-07-31 08:50:46.689 CEST [2221358] LOG:  checkpoint complete: wrote 5 buffers (0.0%); 0 WAL file(s) added, 0 removed, 33 recycled; write=0.505 s, sync=0.537 s, total=1.073 s; sync files=12, longest=0.128 s, average=0.045 s; distance=549774 kB, estimate=554971 kB; lsn=3/EC818738, redo lsn=3/E99BA750
2024-07-31 08:50:53.630 CEST [2221579] LOG:  skipping vacuum of "t" --- lock not available
2024-07-31 08:51:15.340 CEST [2221358] LOG:  checkpoint starting: wal
2024-07-31 08:51:16.647 CEST [2221358] LOG:  checkpoint complete: wrote 8 buffers (0.0%); 0 WAL file(s) added, 0 removed, 33 recycled; write=0.806 s, sync=0.472 s, total=1.308 s; sync files=15, longest=0.084 s, average=0.032 s; distance=537042 kB, estimate=553178 kB; lsn=4/A6E0170, redo lsn=4/A62F290
2024-07-31 08:51:48.671 CEST [2221358] LOG:  checkpoint starting: wal
2024-07-31 08:51:50.039 CEST [2221358] LOG:  checkpoint complete: wrote 8 buffers (0.0%); 0 WAL file(s) added, 0 removed, 33 recycled; write=0.808 s, sync=0.526 s, total=1.368 s; sync files=15, longest=0.071 s, average=0.036 s; distance=541232 kB, estimate=551983 kB; lsn=4/2C180690, redo lsn=4/2B6BB2C8
2024-07-31 08:51:53.647 CEST [2221598] LOG:  skipping vacuum of "t" --- lock not available
2024-07-31 08:52:22.824 CEST [2221358] LOG:  checkpoint starting: wal
2024-07-31 08:52:24.323 CEST [2221358] LOG:  checkpoint complete: wrote 10 buffers (0.0%); 0 WAL file(s) added, 0 removed, 33 recycled; write=1.006 s, sync=0.457 s, total=1.500 s; sync files=15, longest=0.077 s, average=0.031 s; distance=540794 kB, estimate=550864 kB; lsn=4/4DC214C8, redo lsn=4/4C6D9C48
2024-07-31 08:52:53.663 CEST [2221617] LOG:  skipping vacuum of "t" --- lock not available
2024-07-31 08:52:57.886 CEST [2221358] LOG:  checkpoint starting: wal
2024-07-31 08:52:59.683 CEST [2221358] LOG:  checkpoint complete: wrote 13 buffers (0.0%); 0 WAL file(s) added, 0 removed, 33 recycled; write=1.317 s, sync=0.448 s, total=1.798 s; sync files=15, longest=0.076 s, average=0.030 s; distance=539481 kB, estimate=549726 kB; lsn=4/6F6C2DD8, redo lsn=4/6D5B03F8
2024-07-31 08:53:33.846 CEST [2221358] LOG:  checkpoint starting: wal
2024-07-31 08:53:35.390 CEST [2221358] LOG:  checkpoint complete: wrote 10 buffers (0.0%); 0 WAL file(s) added, 0 removed, 33 recycled; write=1.017 s, sync=0.495 s, total=1.544 s; sync files=15, longest=0.084 s, average=0.033 s; distance=537724 kB, estimate=548526 kB; lsn=4/91164F10, redo lsn=4/8E2CF540
2024-07-31 08:53:53.679 CEST [2221636] LOG:  skipping vacuum of "t" --- lock not available
2024-07-31 08:54:07.367 CEST [2221358] LOG:  checkpoint starting: wal
2024-07-31 08:54:08.670 CEST [2221358] LOG:  checkpoint complete: wrote 12 buffers (0.0%); 0 WAL file(s) added, 0 removed, 33 recycled; write=1.206 s, sync=0.064 s, total=1.303 s; sync files=15, longest=0.061 s, average=0.005 s; distance=537947 kB, estimate=547468 kB; lsn=4/AF026510, redo lsn=4/AF026190
2024-07-31 08:54:45.214 CEST [2221358] LOG:  checkpoint starting: wal
2024-07-31 08:54:46.404 CEST [2221358] LOG:  checkpoint complete: wrote 6 buffers (0.0%); 0 WAL file(s) added, 0 removed, 33 recycled; write=0.618 s, sync=0.541 s, total=1.190 s; sync files=15, longest=0.073 s, average=0.037 s; distance=551554 kB, estimate=551554 kB; lsn=4/D0AC6EE0, redo lsn=4/D0AC6AF8
2024-07-31 08:54:53.695 CEST [2221654] LOG:  skipping vacuum of "t" --- lock not available
2024-07-31 08:55:23.714 CEST [2221358] LOG:  checkpoint starting: wal
2024-07-31 08:55:24.835 CEST [2221358] LOG:  checkpoint complete: wrote 6 buffers (0.0%); 0 WAL file(s) added, 0 removed, 33 recycled; write=0.613 s, sync=0.472 s, total=1.122 s; sync files=15, longest=0.078 s, average=0.032 s; distance=542533 kB, estimate=550652 kB; lsn=4/F25701F0, redo lsn=4/F1C97F18
2024-07-31 08:55:53.714 CEST [2221687] LOG:  skipping vacuum of "t" --- lock not available
2024-07-31 08:56:03.199 CEST [2221358] LOG:  checkpoint starting: wal
2024-07-31 08:56:04.329 CEST [2221358] LOG:  checkpoint complete: wrote 6 buffers (0.0%); 0 WAL file(s) added, 0 removed, 33 recycled; write=0.626 s, sync=0.475 s, total=1.131 s; sync files=15, longest=0.074 s, average=0.032 s; distance=542336 kB, estimate=549820 kB; lsn=5/140125D8, redo lsn=5/12E38248
2024-07-31 08:56:43.626 CEST [2221358] LOG:  checkpoint starting: wal
2024-07-31 08:56:44.763 CEST [2221358] LOG:  checkpoint complete: wrote 7 buffers (0.0%); 0 WAL file(s) added, 0 removed, 33 recycled; write=0.706 s, sync=0.384 s, total=1.138 s; sync files=15, longest=0.071 s, average=0.026 s; distance=535973 kB, estimate=548435 kB; lsn=5/35AB3F50, redo lsn=5/339A18E8
2024-07-31 08:56:53.731 CEST [2221704] LOG:  skipping vacuum of "t" --- lock not available
2024-07-31 08:57:09.507 CEST [2221358] LOG:  checkpoint starting: immediate force wait
2024-07-31 08:57:10.791 CEST [2221358] LOG:  checkpoint complete: wrote 12305 buffers (4.7%); 0 WAL file(s) added, 0 removed, 23 recycled; write=0.107 s, sync=1.140 s, total=1.285 s; sync files=780, longest=0.608 s, average=0.002 s; distance=378388 kB, estimate=531431 kB; lsn=5/4AB26C70, redo lsn=5/4AB26C18
2024-07-31 08:58:25.994 CEST [2221357] LOG:  received fast shutdown request
2024-07-31 08:58:25.994 CEST [2221357] LOG:  aborting any active transactions
2024-07-31 08:58:25.995 CEST [2221357] LOG:  background worker "logical replication launcher" (PID 2221363) exited with exit code 1
2024-07-31 08:58:25.997 CEST [2221358] LOG:  shutting down
2024-07-31 08:58:25.998 CEST [2221358] LOG:  checkpoint starting: shutdown immediate
2024-07-31 08:58:26.006 CEST [2221358] LOG:  checkpoint complete: wrote 65 buffers (0.0%); 0 WAL file(s) added, 0 removed, 0 recycled; write=0.004 s, sync=0.003 s, total=0.010 s; sync files=5, longest=0.003 s, average=0.001 s; distance=206 kB, estimate=478308 kB; lsn=5/4AB5A610, redo lsn=5/4AB5A610
2024-07-31 08:58:26.414 CEST [2221357] LOG:  database system is shut down
