2024-08-01 11:14:09.728 CEST [791843] LOG:  starting PostgreSQL 18devel on x86_64-pc-linux-gnu, compiled by gcc (Debian 12.2.0-14) 12.2.0, 64-bit
2024-08-01 11:14:09.729 CEST [791843] LOG:  listening on IPv6 address "::1", port 5432
2024-08-01 11:14:09.729 CEST [791843] LOG:  listening on IPv4 address "127.0.0.1", port 5432
2024-08-01 11:14:09.747 CEST [791843] LOG:  listening on Unix socket "/tmp/.s.PGSQL.5432"
2024-08-01 11:14:09.750 CEST [791846] LOG:  database system was shut down at 2024-08-01 11:14:08 CEST
2024-08-01 11:14:09.753 CEST [791843] LOG:  database system is ready to accept connections
2024-08-01 11:14:20.944 CEST [791844] LOG:  checkpoints are occurring too frequently (11 seconds apart)
2024-08-01 11:14:20.944 CEST [791844] HINT:  Consider increasing the configuration parameter "max_wal_size".
2024-08-01 11:14:20.944 CEST [791844] LOG:  checkpoint starting: wal
2024-08-01 11:14:33.272 CEST [791844] LOG:  checkpoint complete: wrote 6830 buffers (2.6%); 0 WAL file(s) added, 5 removed, 28 recycled; write=10.408 s, sync=1.827 s, total=12.328 s; sync files=804, longest=0.025 s, average=0.003 s; distance=537539 kB, estimate=537539 kB; lsn=0/4508D570, redo lsn=0/221DC058
2024-08-01 11:14:33.272 CEST [791844] LOG:  checkpoints are occurring too frequently (13 seconds apart)
2024-08-01 11:14:33.272 CEST [791844] HINT:  Consider increasing the configuration parameter "max_wal_size".
2024-08-01 11:14:33.273 CEST [791844] LOG:  checkpoint starting: wal
2024-08-01 11:14:38.935 CEST [791844] LOG:  checkpoint complete: wrote 51 buffers (0.0%); 0 WAL file(s) added, 0 removed, 35 recycled; write=5.024 s, sync=0.588 s, total=5.663 s; sync files=189, longest=0.015 s, average=0.004 s; distance=573493 kB, estimate=573493 kB; lsn=0/567F4190, redo lsn=0/451E9570
2024-08-01 11:14:43.932 CEST [791844] LOG:  checkpoints are occurring too frequently (10 seconds apart)
2024-08-01 11:14:43.932 CEST [791844] HINT:  Consider increasing the configuration parameter "max_wal_size".
2024-08-01 11:14:43.932 CEST [791844] LOG:  checkpoint starting: wal
2024-08-01 11:14:49.722 CEST [791844] LOG:  checkpoint complete: wrote 49 buffers (0.0%); 0 WAL file(s) added, 0 removed, 33 recycled; write=4.814 s, sync=0.936 s, total=5.791 s; sync files=286, longest=0.014 s, average=0.004 s; distance=538941 kB, estimate=570038 kB; lsn=0/783475F8, redo lsn=0/66038B80
2024-08-01 11:14:52.010 CEST [791844] LOG:  checkpoint starting: immediate force wait
2024-08-01 11:14:52.288 CEST [791844] LOG:  checkpoint complete: wrote 188 buffers (0.1%); 0 WAL file(s) added, 0 removed, 24 recycled; write=0.008 s, sync=0.241 s, total=0.278 s; sync files=100, longest=0.011 s, average=0.003 s; distance=394070 kB, estimate=552441 kB; lsn=0/7E10E450, redo lsn=0/7E10E3F8
2024-08-01 11:16:02.527 CEST [791843] LOG:  received fast shutdown request
2024-08-01 11:16:02.527 CEST [791843] LOG:  aborting any active transactions
2024-08-01 11:16:02.528 CEST [791843] LOG:  background worker "logical replication launcher" (PID 791849) exited with exit code 1
2024-08-01 11:16:02.529 CEST [791844] LOG:  shutting down
2024-08-01 11:16:02.530 CEST [791844] LOG:  checkpoint starting: shutdown immediate
2024-08-01 11:16:02.542 CEST [791844] LOG:  checkpoint complete: wrote 53 buffers (0.0%); 0 WAL file(s) added, 0 removed, 0 recycled; write=0.005 s, sync=0.003 s, total=0.013 s; sync files=12, longest=0.002 s, average=0.001 s; distance=294 kB, estimate=497226 kB; lsn=0/7E157CD0, redo lsn=0/7E157CD0
2024-08-01 11:16:02.707 CEST [791843] LOG:  database system is shut down
