2024-07-31 06:54:13.578 CEST [3077550] LOG:  starting PostgreSQL 18devel on x86_64-pc-linux-gnu, compiled by gcc (Debian 12.2.0-14) 12.2.0, 64-bit
2024-07-31 06:54:13.578 CEST [3077550] LOG:  listening on IPv6 address "::1", port 5432
2024-07-31 06:54:13.578 CEST [3077550] LOG:  listening on IPv4 address "127.0.0.1", port 5432
2024-07-31 06:54:13.581 CEST [3077550] LOG:  listening on Unix socket "/tmp/.s.PGSQL.5432"
2024-07-31 06:54:13.583 CEST [3077553] LOG:  database system was shut down at 2024-07-31 06:54:12 CEST
2024-07-31 06:54:13.587 CEST [3077550] LOG:  database system is ready to accept connections
2024-07-31 06:54:21.792 CEST [3077551] LOG:  checkpoints are occurring too frequently (8 seconds apart)
2024-07-31 06:54:21.792 CEST [3077551] HINT:  Consider increasing the configuration parameter "max_wal_size".
2024-07-31 06:54:21.792 CEST [3077551] LOG:  checkpoint starting: wal
2024-07-31 06:54:29.146 CEST [3077551] LOG:  checkpoint complete: wrote 54111 buffers (20.6%); 0 WAL file(s) added, 1 removed, 32 recycled; write=6.647 s, sync=0.624 s, total=7.355 s; sync files=707, longest=0.390 s, average=0.001 s; distance=537626 kB, estimate=537626 kB; lsn=0/41CB6950, redo lsn=0/221F1E18
2024-07-31 06:54:29.343 CEST [3077551] LOG:  checkpoints are occurring too frequently (8 seconds apart)
2024-07-31 06:54:29.343 CEST [3077551] HINT:  Consider increasing the configuration parameter "max_wal_size".
2024-07-31 06:54:29.347 CEST [3077551] LOG:  checkpoint starting: wal
2024-07-31 06:54:35.483 CEST [3077551] LOG:  checkpoint complete: wrote 60510 buffers (23.1%); 0 WAL file(s) added, 1 removed, 32 recycled; write=5.720 s, sync=0.336 s, total=6.140 s; sync files=4, longest=0.177 s, average=0.084 s; distance=538768 kB, estimate=538768 kB; lsn=0/620A6868, redo lsn=0/43016158
2024-07-31 06:54:35.911 CEST [3077551] LOG:  checkpoints are occurring too frequently (6 seconds apart)
2024-07-31 06:54:35.911 CEST [3077551] HINT:  Consider increasing the configuration parameter "max_wal_size".
2024-07-31 06:54:35.912 CEST [3077551] LOG:  checkpoint starting: wal
2024-07-31 06:54:42.071 CEST [3077551] LOG:  checkpoint complete: wrote 61367 buffers (23.4%); 0 WAL file(s) added, 0 removed, 33 recycled; write=5.804 s, sync=0.301 s, total=6.161 s; sync files=4, longest=0.285 s, average=0.076 s; distance=546343 kB, estimate=546343 kB; lsn=0/828689F0, redo lsn=0/645A0110
2024-07-31 06:54:42.667 CEST [3077551] LOG:  checkpoints are occurring too frequently (7 seconds apart)
2024-07-31 06:54:42.667 CEST [3077551] HINT:  Consider increasing the configuration parameter "max_wal_size".
2024-07-31 06:54:42.667 CEST [3077551] LOG:  checkpoint starting: wal
2024-07-31 06:54:48.757 CEST [3077551] LOG:  checkpoint complete: wrote 61905 buffers (23.6%); 0 WAL file(s) added, 1 removed, 33 recycled; write=5.684 s, sync=0.342 s, total=6.090 s; sync files=4, longest=0.273 s, average=0.086 s; distance=551343 kB, estimate=551343 kB; lsn=0/A461FB98, redo lsn=0/8600BF90
2024-07-31 06:54:49.187 CEST [3077551] LOG:  checkpoints are occurring too frequently (7 seconds apart)
2024-07-31 06:54:49.187 CEST [3077551] HINT:  Consider increasing the configuration parameter "max_wal_size".
2024-07-31 06:54:49.190 CEST [3077551] LOG:  checkpoint starting: wal
2024-07-31 06:54:55.185 CEST [3077551] LOG:  checkpoint complete: wrote 60799 buffers (23.2%); 0 WAL file(s) added, 1 removed, 32 recycled; write=5.579 s, sync=0.353 s, total=5.998 s; sync files=4, longest=0.325 s, average=0.089 s; distance=541376 kB, estimate=550346 kB; lsn=0/C60000C0, redo lsn=0/A70BC220
2024-07-31 06:54:55.582 CEST [3077551] LOG:  checkpoints are occurring too frequently (6 seconds apart)
2024-07-31 06:54:55.582 CEST [3077551] HINT:  Consider increasing the configuration parameter "max_wal_size".
2024-07-31 06:54:55.584 CEST [3077551] LOG:  checkpoint starting: wal
2024-07-31 06:55:01.615 CEST [3077551] LOG:  checkpoint complete: wrote 61255 buffers (23.4%); 0 WAL file(s) added, 0 removed, 33 recycled; write=5.595 s, sync=0.381 s, total=6.033 s; sync files=3, longest=0.379 s, average=0.127 s; distance=545303 kB, estimate=549842 kB; lsn=0/E6BC72C8, redo lsn=0/C8542218
2024-07-31 06:55:02.042 CEST [3077551] LOG:  checkpoints are occurring too frequently (7 seconds apart)
2024-07-31 06:55:02.042 CEST [3077551] HINT:  Consider increasing the configuration parameter "max_wal_size".
2024-07-31 06:55:02.044 CEST [3077551] LOG:  checkpoint starting: wal
2024-07-31 06:55:08.033 CEST [3077551] LOG:  checkpoint complete: wrote 60863 buffers (23.2%); 0 WAL file(s) added, 1 removed, 32 recycled; write=5.495 s, sync=0.418 s, total=5.991 s; sync files=4, longest=0.403 s, average=0.105 s; distance=541759 kB, estimate=549034 kB; lsn=1/89948F8, redo lsn=0/E96520E0
2024-07-31 06:55:08.225 CEST [3077551] LOG:  checkpoints are occurring too frequently (6 seconds apart)
2024-07-31 06:55:08.225 CEST [3077551] HINT:  Consider increasing the configuration parameter "max_wal_size".
2024-07-31 06:55:08.228 CEST [3077551] LOG:  checkpoint starting: wal
2024-07-31 06:55:14.375 CEST [3077551] LOG:  checkpoint complete: wrote 60152 buffers (22.9%); 0 WAL file(s) added, 1 removed, 32 recycled; write=5.716 s, sync=0.347 s, total=6.149 s; sync files=4, longest=0.344 s, average=0.087 s; distance=535528 kB, estimate=547683 kB; lsn=1/29000F90, redo lsn=1/A14C1A0
2024-07-31 06:55:14.750 CEST [3077551] LOG:  checkpoints are occurring too frequently (6 seconds apart)
2024-07-31 06:55:14.750 CEST [3077551] HINT:  Consider increasing the configuration parameter "max_wal_size".
2024-07-31 06:55:14.752 CEST [3077551] LOG:  checkpoint starting: wal
2024-07-31 06:55:27.223 CEST [3077551] LOG:  checkpoint complete: wrote 61058 buffers (23.3%); 0 WAL file(s) added, 1 removed, 32 recycled; write=9.594 s, sync=2.849 s, total=12.474 s; sync files=8, longest=1.076 s, average=0.357 s; distance=544104 kB, estimate=547325 kB; lsn=1/4A1151C8, redo lsn=1/2B4A61F8
2024-07-31 06:55:29.064 CEST [3077551] LOG:  checkpoints are occurring too frequently (15 seconds apart)
2024-07-31 06:55:29.064 CEST [3077551] HINT:  Consider increasing the configuration parameter "max_wal_size".
2024-07-31 06:55:29.066 CEST [3077551] LOG:  checkpoint starting: wal
2024-07-31 06:56:01.650 CEST [3077551] LOG:  checkpoint complete: wrote 248847 buffers (94.9%); 0 WAL file(s) added, 1 removed, 32 recycled; write=31.788 s, sync=0.765 s, total=32.587 s; sync files=32, longest=0.106 s, average=0.024 s; distance=543553 kB, estimate=546948 kB; lsn=1/6BC005B0, redo lsn=1/4C7768E8
2024-07-31 06:56:05.074 CEST [3077551] LOG:  checkpoint starting: wal
2024-07-31 06:56:11.114 CEST [3077551] LOG:  checkpoint complete: wrote 60 buffers (0.0%); 0 WAL file(s) added, 0 removed, 33 recycled; write=5.922 s, sync=0.094 s, total=6.041 s; sync files=28, longest=0.086 s, average=0.004 s; distance=548120 kB, estimate=548120 kB; lsn=1/733BEAF8, redo lsn=1/6DEBCBE8
2024-07-31 06:56:13.669 CEST [3077593] LOG:  skipping vacuum of "t" --- lock not available
2024-07-31 06:56:42.363 CEST [3077551] LOG:  checkpoint starting: wal
2024-07-31 06:57:13.688 CEST [3077612] LOG:  skipping vacuum of "t" --- lock not available
2024-07-31 06:57:16.053 CEST [3077551] LOG:  checkpoint complete: wrote 755 buffers (0.3%); 0 WAL file(s) added, 0 removed, 33 recycled; write=32.996 s, sync=0.671 s, total=33.691 s; sync files=342, longest=0.094 s, average=0.002 s; distance=539032 kB, estimate=547211 kB; lsn=1/AB767230, redo lsn=1/8ED22E20
2024-07-31 06:57:16.905 CEST [3077551] LOG:  checkpoint starting: wal
2024-07-31 06:57:26.963 CEST [3077551] LOG:  checkpoint complete: wrote 98 buffers (0.0%); 0 WAL file(s) added, 0 removed, 33 recycled; write=9.729 s, sync=0.297 s, total=10.059 s; sync files=30, longest=0.103 s, average=0.010 s; distance=530545 kB, estimate=545545 kB; lsn=1/B6AFE878, redo lsn=1/AF33F2A0
2024-07-31 06:57:55.588 CEST [3077551] LOG:  checkpoint starting: wal
2024-07-31 06:57:58.119 CEST [3077551] LOG:  checkpoint complete: wrote 20 buffers (0.0%); 0 WAL file(s) added, 0 removed, 33 recycled; write=1.911 s, sync=0.591 s, total=2.533 s; sync files=24, longest=0.108 s, average=0.025 s; distance=544134 kB, estimate=545404 kB; lsn=1/D0E007B8, redo lsn=1/D06A0E08
2024-07-31 06:58:13.708 CEST [3077629] LOG:  skipping vacuum of "t" --- lock not available
2024-07-31 06:58:35.293 CEST [3077551] LOG:  checkpoint starting: wal
2024-07-31 06:58:37.665 CEST [3077551] LOG:  checkpoint complete: wrote 19 buffers (0.0%); 0 WAL file(s) added, 0 removed, 33 recycled; write=1.811 s, sync=0.538 s, total=2.375 s; sync files=26, longest=0.097 s, average=0.021 s; distance=541525 kB, estimate=545016 kB; lsn=1/F28B4698, redo lsn=1/F17763F8
2024-07-31 06:59:13.728 CEST [3077645] LOG:  skipping vacuum of "t" --- lock not available
2024-07-31 06:59:15.159 CEST [3077551] LOG:  checkpoint starting: wal
2024-07-31 06:59:17.600 CEST [3077551] LOG:  checkpoint complete: wrote 19 buffers (0.0%); 0 WAL file(s) added, 0 removed, 33 recycled; write=1.811 s, sync=0.601 s, total=2.445 s; sync files=26, longest=0.117 s, average=0.024 s; distance=536474 kB, estimate=544162 kB; lsn=2/14367C30, redo lsn=2/1235CFD0
2024-07-31 06:59:56.059 CEST [3077551] LOG:  checkpoint starting: wal
2024-07-31 06:59:58.498 CEST [3077551] LOG:  checkpoint complete: wrote 19 buffers (0.0%); 0 WAL file(s) added, 0 removed, 33 recycled; write=1.811 s, sync=0.602 s, total=2.440 s; sync files=27, longest=0.109 s, average=0.023 s; distance=553371 kB, estimate=553371 kB; lsn=2/35E15310, redo lsn=2/33FC3D38
2024-07-31 07:00:13.747 CEST [3077716] LOG:  skipping vacuum of "t" --- lock not available
2024-07-31 07:00:37.177 CEST [3077551] LOG:  checkpoint starting: wal
2024-07-31 07:00:39.442 CEST [3077551] LOG:  checkpoint complete: wrote 16 buffers (0.0%); 0 WAL file(s) added, 0 removed, 33 recycled; write=1.510 s, sync=0.727 s, total=2.265 s; sync files=25, longest=0.200 s, average=0.030 s; distance=528543 kB, estimate=550888 kB; lsn=2/578C03B0, redo lsn=2/543EBC60
2024-07-31 07:01:13.767 CEST [3077732] LOG:  skipping vacuum of "t" --- lock not available
2024-07-31 07:01:15.597 CEST [3077551] LOG:  checkpoint starting: wal
2024-07-31 07:01:17.999 CEST [3077551] LOG:  checkpoint complete: wrote 18 buffers (0.0%); 0 WAL file(s) added, 0 removed, 33 recycled; write=1.711 s, sync=0.658 s, total=2.403 s; sync files=23, longest=0.100 s, average=0.029 s; distance=544356 kB, estimate=550235 kB; lsn=2/75795840, redo lsn=2/75784D78
2024-07-31 07:01:58.499 CEST [3077551] LOG:  checkpoint starting: wal
2024-07-31 07:02:00.326 CEST [3077551] LOG:  checkpoint complete: wrote 14 buffers (0.0%); 0 WAL file(s) added, 0 removed, 33 recycled; write=1.310 s, sync=0.492 s, total=1.831 s; sync files=24, longest=0.112 s, average=0.021 s; distance=535329 kB, estimate=548744 kB; lsn=2/97242AC8, redo lsn=2/9624D298
2024-07-31 07:02:13.786 CEST [3077748] LOG:  skipping vacuum of "t" --- lock not available
2024-07-31 07:02:42.451 CEST [3077551] LOG:  checkpoint starting: wal
2024-07-31 07:02:45.253 CEST [3077551] LOG:  checkpoint complete: wrote 23 buffers (0.0%); 0 WAL file(s) added, 0 removed, 33 recycled; write=2.288 s, sync=0.490 s, total=2.805 s; sync files=27, longest=0.111 s, average=0.019 s; distance=540678 kB, estimate=547938 kB; lsn=2/B8CFE918, redo lsn=2/B724EBA0
2024-07-31 07:02:50.985 CEST [3077551] LOG:  checkpoints are occurring too frequently (8 seconds apart)
2024-07-31 07:02:50.985 CEST [3077551] HINT:  Consider increasing the configuration parameter "max_wal_size".
2024-07-31 07:02:50.985 CEST [3077551] LOG:  checkpoint starting: wal
2024-07-31 07:02:54.644 CEST [3077551] LOG:  checkpoint complete: wrote 26 buffers (0.0%); 0 WAL file(s) added, 0 removed, 34 recycled; write=2.511 s, sync=1.103 s, total=3.659 s; sync files=17, longest=1.005 s, average=0.065 s; distance=554842 kB, estimate=554842 kB; lsn=2/F2AF82A8, redo lsn=2/D90256E8
2024-07-31 07:02:55.700 CEST [3077551] LOG:  checkpoints are occurring too frequently (5 seconds apart)
2024-07-31 07:02:55.700 CEST [3077551] HINT:  Consider increasing the configuration parameter "max_wal_size".
2024-07-31 07:02:55.700 CEST [3077551] LOG:  checkpoint starting: wal
2024-07-31 07:02:55.768 CEST [3077551] LOG:  checkpoint complete: wrote 0 buffers (0.0%); 0 WAL file(s) added, 0 removed, 34 recycled; write=0.006 s, sync=0.001 s, total=0.069 s; sync files=0, longest=0.000 s, average=0.000 s; distance=557120 kB, estimate=557120 kB; lsn=2/FB31B278, redo lsn=2/FB0359C0
2024-07-31 07:02:59.306 CEST [3077551] LOG:  checkpoints are occurring too frequently (4 seconds apart)
2024-07-31 07:02:59.306 CEST [3077551] HINT:  Consider increasing the configuration parameter "max_wal_size".
2024-07-31 07:02:59.309 CEST [3077551] LOG:  checkpoint starting: wal
2024-07-31 07:02:59.359 CEST [3077551] LOG:  checkpoint complete: wrote 0 buffers (0.0%); 0 WAL file(s) added, 0 removed, 33 recycled; write=0.005 s, sync=0.001 s, total=0.053 s; sync files=0, longest=0.000 s, average=0.000 s; distance=547233 kB, estimate=556132 kB; lsn=3/1C983A20, redo lsn=3/1C69E180
2024-07-31 07:03:02.898 CEST [3077551] LOG:  checkpoints are occurring too frequently (3 seconds apart)
2024-07-31 07:03:02.898 CEST [3077551] HINT:  Consider increasing the configuration parameter "max_wal_size".
2024-07-31 07:03:02.899 CEST [3077551] LOG:  checkpoint starting: wal
2024-07-31 07:03:02.960 CEST [3077551] LOG:  checkpoint complete: wrote 0 buffers (0.0%); 0 WAL file(s) added, 0 removed, 33 recycled; write=0.006 s, sync=0.001 s, total=0.062 s; sync files=0, longest=0.000 s, average=0.000 s; distance=545750 kB, estimate=555093 kB; lsn=3/3DE795C0, redo lsn=3/3DB93D08
2024-07-31 07:03:06.473 CEST [3077551] LOG:  checkpoints are occurring too frequently (4 seconds apart)
2024-07-31 07:03:06.473 CEST [3077551] HINT:  Consider increasing the configuration parameter "max_wal_size".
2024-07-31 07:03:06.473 CEST [3077551] LOG:  checkpoint starting: wal
2024-07-31 07:03:06.533 CEST [3077551] LOG:  checkpoint complete: wrote 0 buffers (0.0%); 0 WAL file(s) added, 0 removed, 34 recycled; write=0.005 s, sync=0.001 s, total=0.061 s; sync files=0, longest=0.000 s, average=0.000 s; distance=545256 kB, estimate=554110 kB; lsn=3/5F2B5B60, redo lsn=3/5F00DF58
2024-07-31 07:03:10.187 CEST [3077551] LOG:  checkpoints are occurring too frequently (4 seconds apart)
2024-07-31 07:03:10.187 CEST [3077551] HINT:  Consider increasing the configuration parameter "max_wal_size".
2024-07-31 07:03:10.187 CEST [3077551] LOG:  checkpoint starting: wal
2024-07-31 07:03:10.246 CEST [3077551] LOG:  checkpoint complete: wrote 0 buffers (0.0%); 0 WAL file(s) added, 0 removed, 34 recycled; write=0.006 s, sync=0.001 s, total=0.060 s; sync files=0, longest=0.000 s, average=0.000 s; distance=557120 kB, estimate=557120 kB; lsn=3/812C5EA8, redo lsn=3/8101E2B8
2024-07-31 07:03:13.774 CEST [3077551] LOG:  checkpoints are occurring too frequently (3 seconds apart)
2024-07-31 07:03:13.774 CEST [3077551] HINT:  Consider increasing the configuration parameter "max_wal_size".
2024-07-31 07:03:13.777 CEST [3077551] LOG:  checkpoint starting: wal
2024-07-31 07:03:13.806 CEST [3077759] LOG:  skipping vacuum of "t" --- lock not available
2024-07-31 07:03:13.822 CEST [3077551] LOG:  checkpoint complete: wrote 0 buffers (0.0%); 0 WAL file(s) added, 0 removed, 33 recycled; write=0.006 s, sync=0.001 s, total=0.049 s; sync files=0, longest=0.000 s, average=0.000 s; distance=544020 kB, estimate=555810 kB; lsn=3/A2648E40, redo lsn=3/A2363588
2024-07-31 07:03:23.451 CEST [3077551] LOG:  checkpoints are occurring too frequently (10 seconds apart)
2024-07-31 07:03:23.451 CEST [3077551] HINT:  Consider increasing the configuration parameter "max_wal_size".
2024-07-31 07:03:23.451 CEST [3077551] LOG:  checkpoint starting: wal
2024-07-31 07:03:24.589 CEST [3077551] LOG:  checkpoint complete: wrote 9 buffers (0.0%); 0 WAL file(s) added, 0 removed, 34 recycled; write=0.908 s, sync=0.198 s, total=1.139 s; sync files=6, longest=0.197 s, average=0.033 s; distance=553770 kB, estimate=555606 kB; lsn=3/CB1EDD60, redo lsn=3/C402DE58
2024-07-31 07:03:48.950 CEST [3077551] LOG:  checkpoints are occurring too frequently (25 seconds apart)
2024-07-31 07:03:48.950 CEST [3077551] HINT:  Consider increasing the configuration parameter "max_wal_size".
2024-07-31 07:03:48.951 CEST [3077551] LOG:  checkpoint starting: wal
2024-07-31 07:03:50.051 CEST [3077551] LOG:  checkpoint complete: wrote 5 buffers (0.0%); 0 WAL file(s) added, 0 removed, 33 recycled; write=0.509 s, sync=0.558 s, total=1.101 s; sync files=11, longest=0.107 s, average=0.051 s; distance=540890 kB, estimate=554135 kB; lsn=3/E5064750, redo lsn=3/E5064660
2024-07-31 07:04:13.825 CEST [3077777] LOG:  skipping vacuum of "t" --- lock not available
2024-07-31 07:04:25.693 CEST [3077551] LOG:  checkpoint starting: wal
2024-07-31 07:04:27.207 CEST [3077551] LOG:  checkpoint complete: wrote 8 buffers (0.0%); 0 WAL file(s) added, 0 removed, 33 recycled; write=0.809 s, sync=0.674 s, total=1.518 s; sync files=16, longest=0.102 s, average=0.043 s; distance=541214 kB, estimate=552843 kB; lsn=4/6B0C328, redo lsn=4/60EC060
2024-07-31 07:05:03.859 CEST [3077551] LOG:  checkpoint starting: wal
2024-07-31 07:05:05.381 CEST [3077551] LOG:  checkpoint complete: wrote 8 buffers (0.0%); 0 WAL file(s) added, 0 removed, 33 recycled; write=0.816 s, sync=0.677 s, total=1.526 s; sync files=15, longest=0.104 s, average=0.046 s; distance=541233 kB, estimate=551682 kB; lsn=4/285AC878, redo lsn=4/271784A0
2024-07-31 07:05:13.844 CEST [3077798] LOG:  skipping vacuum of "t" --- lock not available
2024-07-31 07:05:42.912 CEST [3077551] LOG:  checkpoint starting: wal
2024-07-31 07:05:44.715 CEST [3077551] LOG:  checkpoint complete: wrote 11 buffers (0.0%); 0 WAL file(s) added, 0 removed, 33 recycled; write=1.110 s, sync=0.668 s, total=1.804 s; sync files=15, longest=0.102 s, average=0.045 s; distance=552878 kB, estimate=552878 kB; lsn=4/4A04F548, redo lsn=4/48D63D48
2024-07-31 07:06:13.863 CEST [3077814] LOG:  skipping vacuum of "t" --- lock not available
2024-07-31 07:06:22.682 CEST [3077551] LOG:  checkpoint starting: wal
2024-07-31 07:06:24.665 CEST [3077551] LOG:  checkpoint complete: wrote 12 buffers (0.0%); 0 WAL file(s) added, 0 removed, 33 recycled; write=1.224 s, sync=0.731 s, total=1.985 s; sync files=15, longest=0.117 s, average=0.049 s; distance=537724 kB, estimate=551362 kB; lsn=4/6BAF0F78, redo lsn=4/69A82E78
2024-07-31 07:07:03.073 CEST [3077551] LOG:  checkpoint starting: wal
2024-07-31 07:07:04.818 CEST [3077551] LOG:  checkpoint complete: wrote 10 buffers (0.0%); 0 WAL file(s) added, 0 removed, 33 recycled; write=1.018 s, sync=0.701 s, total=1.746 s; sync files=15, longest=0.111 s, average=0.047 s; distance=533114 kB, estimate=549537 kB; lsn=4/8D592CC0, redo lsn=4/8A321718
2024-07-31 07:07:13.883 CEST [3077831] LOG:  skipping vacuum of "t" --- lock not available
2024-07-31 07:07:40.596 CEST [3077551] LOG:  checkpoint starting: wal
2024-07-31 07:07:42.425 CEST [3077551] LOG:  checkpoint complete: wrote 12 buffers (0.0%); 0 WAL file(s) added, 0 removed, 33 recycled; write=1.210 s, sync=0.590 s, total=1.833 s; sync files=15, longest=0.104 s, average=0.040 s; distance=540997 kB, estimate=548683 kB; lsn=4/AB45B1B8, redo lsn=4/AB372E50
2024-07-31 07:08:13.903 CEST [3077847] LOG:  skipping vacuum of "t" --- lock not available
2024-07-31 07:08:22.807 CEST [3077551] LOG:  checkpoint starting: wal
2024-07-31 07:08:24.010 CEST [3077551] LOG:  checkpoint complete: wrote 6 buffers (0.0%); 0 WAL file(s) added, 0 removed, 33 recycled; write=0.620 s, sync=0.557 s, total=1.205 s; sync files=15, longest=0.101 s, average=0.038 s; distance=546284 kB, estimate=548443 kB; lsn=4/CCEFC210, redo lsn=4/CC8EE0D0
2024-07-31 07:09:05.831 CEST [3077551] LOG:  checkpoint starting: wal
2024-07-31 07:09:07.244 CEST [3077551] LOG:  checkpoint complete: wrote 7 buffers (0.0%); 0 WAL file(s) added, 0 removed, 33 recycled; write=0.708 s, sync=0.678 s, total=1.415 s; sync files=15, longest=0.161 s, average=0.046 s; distance=540585 kB, estimate=547658 kB; lsn=4/EE99FF80, redo lsn=4/ED8D8750
2024-07-31 07:09:13.923 CEST [3077862] LOG:  skipping vacuum of "t" --- lock not available
2024-07-31 07:09:49.401 CEST [3077551] LOG:  checkpoint starting: wal
2024-07-31 07:09:50.644 CEST [3077551] LOG:  checkpoint complete: wrote 6 buffers (0.0%); 0 WAL file(s) added, 0 removed, 33 recycled; write=0.614 s, sync=0.599 s, total=1.246 s; sync files=15, longest=0.105 s, average=0.040 s; distance=540142 kB, estimate=546906 kB; lsn=5/10442278, redo lsn=5/E8541D8
2024-07-31 07:10:13.943 CEST [3077878] LOG:  skipping vacuum of "t" --- lock not available
2024-07-31 07:10:33.890 CEST [3077551] LOG:  checkpoint starting: wal
2024-07-31 07:10:35.186 CEST [3077551] LOG:  checkpoint complete: wrote 7 buffers (0.0%); 0 WAL file(s) added, 0 removed, 33 recycled; write=0.708 s, sync=0.562 s, total=1.297 s; sync files=15, longest=0.099 s, average=0.038 s; distance=540365 kB, estimate=546252 kB; lsn=5/31EE3AB8, redo lsn=5/2F8078C0
2024-07-31 07:11:08.275 CEST [3077551] LOG:  checkpoint starting: immediate force wait
2024-07-31 07:11:13.828 CEST [3077551] LOG:  checkpoint complete: wrote 12305 buffers (4.7%); 0 WAL file(s) added, 0 removed, 27 recycled; write=0.180 s, sync=5.337 s, total=5.554 s; sync files=781, longest=1.124 s, average=0.007 s; distance=445593 kB, estimate=536186 kB; lsn=5/4AB2DD60, redo lsn=5/4AB2DD08
2024-07-31 07:12:25.496 CEST [3077550] LOG:  received fast shutdown request
2024-07-31 07:12:25.496 CEST [3077550] LOG:  aborting any active transactions
2024-07-31 07:12:25.498 CEST [3077550] LOG:  background worker "logical replication launcher" (PID 3077556) exited with exit code 1
2024-07-31 07:12:25.500 CEST [3077551] LOG:  shutting down
2024-07-31 07:12:25.501 CEST [3077551] LOG:  checkpoint starting: shutdown immediate
2024-07-31 07:12:25.507 CEST [3077551] LOG:  checkpoint complete: wrote 65 buffers (0.0%); 0 WAL file(s) added, 0 removed, 0 recycled; write=0.005 s, sync=0.001 s, total=0.007 s; sync files=5, longest=0.001 s, average=0.001 s; distance=202 kB, estimate=482588 kB; lsn=5/4AB60558, redo lsn=5/4AB60558
2024-07-31 07:12:25.923 CEST [3077550] LOG:  database system is shut down
