2024-07-30 14:24:00.285 CEST [2073396] LOG:  starting PostgreSQL 18devel on x86_64-pc-linux-gnu, compiled by gcc (Debian 12.2.0-14) 12.2.0, 64-bit
2024-07-30 14:24:00.286 CEST [2073396] LOG:  listening on IPv6 address "::1", port 5432
2024-07-30 14:24:00.286 CEST [2073396] LOG:  listening on IPv4 address "127.0.0.1", port 5432
2024-07-30 14:24:00.288 CEST [2073396] LOG:  listening on Unix socket "/tmp/.s.PGSQL.5432"
2024-07-30 14:24:00.291 CEST [2073402] LOG:  database system was shut down at 2024-07-30 14:23:59 CEST
2024-07-30 14:24:00.294 CEST [2073396] LOG:  database system is ready to accept connections
2024-07-30 14:24:11.825 CEST [2073400] LOG:  checkpoints are occurring too frequently (11 seconds apart)
2024-07-30 14:24:11.825 CEST [2073400] HINT:  Consider increasing the configuration parameter "max_wal_size".
2024-07-30 14:24:11.825 CEST [2073400] LOG:  checkpoint starting: wal
2024-07-30 14:24:24.481 CEST [2073400] LOG:  checkpoint complete: wrote 6830 buffers (2.6%); 0 WAL file(s) added, 4 removed, 29 recycled; write=10.711 s, sync=1.872 s, total=12.656 s; sync files=804, longest=0.031 s, average=0.003 s; distance=537539 kB, estimate=537539 kB; lsn=0/44CAC480, redo lsn=0/221DC058
2024-07-30 14:24:24.481 CEST [2073400] LOG:  checkpoints are occurring too frequently (13 seconds apart)
2024-07-30 14:24:24.481 CEST [2073400] HINT:  Consider increasing the configuration parameter "max_wal_size".
2024-07-30 14:24:24.481 CEST [2073400] LOG:  checkpoint starting: wal
2024-07-30 14:24:30.119 CEST [2073400] LOG:  checkpoint complete: wrote 51 buffers (0.0%); 0 WAL file(s) added, 0 removed, 34 recycled; write=5.024 s, sync=0.576 s, total=5.638 s; sync files=184, longest=0.012 s, average=0.004 s; distance=568825 kB, estimate=568825 kB; lsn=0/55C508C8, redo lsn=0/44D5A780
2024-07-30 14:24:35.185 CEST [2073400] LOG:  checkpoints are occurring too frequently (11 seconds apart)
2024-07-30 14:24:35.185 CEST [2073400] HINT:  Consider increasing the configuration parameter "max_wal_size".
2024-07-30 14:24:35.185 CEST [2073400] LOG:  checkpoint starting: wal
2024-07-30 14:24:40.941 CEST [2073400] LOG:  checkpoint complete: wrote 49 buffers (0.0%); 0 WAL file(s) added, 0 removed, 33 recycled; write=4.819 s, sync=0.901 s, total=5.756 s; sync files=277, longest=0.015 s, average=0.004 s; distance=527355 kB, estimate=564678 kB; lsn=0/767FD5F0, redo lsn=0/65059770
2024-07-30 14:24:43.844 CEST [2073400] LOG:  checkpoint starting: immediate force wait
2024-07-30 14:24:44.161 CEST [2073400] LOG:  checkpoint complete: wrote 188 buffers (0.1%); 0 WAL file(s) added, 0 removed, 25 recycled; write=0.006 s, sync=0.277 s, total=0.317 s; sync files=114, longest=0.005 s, average=0.003 s; distance=410315 kB, estimate=549242 kB; lsn=0/7E10C5D0, redo lsn=0/7E10C578
2024-07-30 14:25:54.393 CEST [2073396] LOG:  received fast shutdown request
2024-07-30 14:25:54.394 CEST [2073396] LOG:  aborting any active transactions
2024-07-30 14:25:54.395 CEST [2073396] LOG:  background worker "logical replication launcher" (PID 2073405) exited with exit code 1
2024-07-30 14:25:54.396 CEST [2073400] LOG:  shutting down
2024-07-30 14:25:54.397 CEST [2073400] LOG:  checkpoint starting: shutdown immediate
2024-07-30 14:25:54.410 CEST [2073400] LOG:  checkpoint complete: wrote 53 buffers (0.0%); 0 WAL file(s) added, 0 removed, 0 recycled; write=0.006 s, sync=0.003 s, total=0.014 s; sync files=12, longest=0.001 s, average=0.001 s; distance=294 kB, estimate=494347 kB; lsn=0/7E155E50, redo lsn=0/7E155E50
2024-07-30 14:25:54.585 CEST [2073396] LOG:  database system is shut down
