2024-07-30 14:47:21.595 CEST [2184481] LOG:  starting PostgreSQL 18devel on x86_64-pc-linux-gnu, compiled by gcc (Debian 12.2.0-14) 12.2.0, 64-bit
2024-07-30 14:47:21.595 CEST [2184481] LOG:  listening on IPv6 address "::1", port 5432
2024-07-30 14:47:21.595 CEST [2184481] LOG:  listening on IPv4 address "127.0.0.1", port 5432
2024-07-30 14:47:21.597 CEST [2184481] LOG:  listening on Unix socket "/tmp/.s.PGSQL.5432"
2024-07-30 14:47:21.600 CEST [2184484] LOG:  database system was shut down at 2024-07-30 14:47:20 CEST
2024-07-30 14:47:21.603 CEST [2184481] LOG:  database system is ready to accept connections
2024-07-30 14:47:32.726 CEST [2184482] LOG:  checkpoints are occurring too frequently (11 seconds apart)
2024-07-30 14:47:32.726 CEST [2184482] HINT:  Consider increasing the configuration parameter "max_wal_size".
2024-07-30 14:47:32.726 CEST [2184482] LOG:  checkpoint starting: wal
2024-07-30 14:47:45.051 CEST [2184482] LOG:  checkpoint complete: wrote 6830 buffers (2.6%); 0 WAL file(s) added, 5 removed, 28 recycled; write=10.395 s, sync=1.851 s, total=12.326 s; sync files=804, longest=0.026 s, average=0.003 s; distance=537539 kB, estimate=537539 kB; lsn=0/4508DAC8, redo lsn=0/221DC058
2024-07-30 14:47:45.052 CEST [2184482] LOG:  checkpoints are occurring too frequently (13 seconds apart)
2024-07-30 14:47:45.052 CEST [2184482] HINT:  Consider increasing the configuration parameter "max_wal_size".
2024-07-30 14:47:45.052 CEST [2184482] LOG:  checkpoint starting: wal
2024-07-30 14:47:50.711 CEST [2184482] LOG:  checkpoint complete: wrote 51 buffers (0.0%); 0 WAL file(s) added, 0 removed, 35 recycled; write=5.027 s, sync=0.594 s, total=5.660 s; sync files=190, longest=0.014 s, average=0.004 s; distance=574088 kB, estimate=574088 kB; lsn=0/569E2D10, redo lsn=0/4527E3C8
2024-07-30 14:47:55.641 CEST [2184482] LOG:  checkpoints are occurring too frequently (10 seconds apart)
2024-07-30 14:47:55.641 CEST [2184482] HINT:  Consider increasing the configuration parameter "max_wal_size".
2024-07-30 14:47:55.642 CEST [2184482] LOG:  checkpoint starting: wal
2024-07-30 14:48:01.444 CEST [2184482] LOG:  checkpoint complete: wrote 49 buffers (0.0%); 0 WAL file(s) added, 0 removed, 33 recycled; write=4.815 s, sync=0.940 s, total=5.803 s; sync files=285, longest=0.014 s, average=0.004 s; distance=538338 kB, estimate=570513 kB; lsn=0/783F3B90, redo lsn=0/66036E90
2024-07-30 14:48:03.677 CEST [2184482] LOG:  checkpoint starting: immediate force wait
2024-07-30 14:48:03.965 CEST [2184482] LOG:  checkpoint complete: wrote 188 buffers (0.1%); 0 WAL file(s) added, 0 removed, 24 recycled; write=0.006 s, sync=0.248 s, total=0.289 s; sync files=100, longest=0.012 s, average=0.003 s; distance=394070 kB, estimate=552869 kB; lsn=0/7E10C760, redo lsn=0/7E10C708
2024-07-30 14:49:14.190 CEST [2184481] LOG:  received fast shutdown request
2024-07-30 14:49:14.191 CEST [2184481] LOG:  aborting any active transactions
2024-07-30 14:49:14.192 CEST [2184481] LOG:  background worker "logical replication launcher" (PID 2184487) exited with exit code 1
2024-07-30 14:49:14.194 CEST [2184482] LOG:  shutting down
2024-07-30 14:49:14.194 CEST [2184482] LOG:  checkpoint starting: shutdown immediate
2024-07-30 14:49:14.204 CEST [2184482] LOG:  checkpoint complete: wrote 53 buffers (0.0%); 0 WAL file(s) added, 0 removed, 0 recycled; write=0.005 s, sync=0.003 s, total=0.011 s; sync files=12, longest=0.001 s, average=0.001 s; distance=294 kB, estimate=497611 kB; lsn=0/7E155FE0, redo lsn=0/7E155FE0
2024-07-30 14:49:14.382 CEST [2184481] LOG:  database system is shut down
