2024-08-01 13:08:53.984 BST [17593] LOG:  starting PostgreSQL 18devel on armv8l-unknown-linux-gnueabihf, compiled by gcc (Raspbian 12.2.0-14+rpi1) 12.2.0, 32-bit
2024-08-01 13:08:53.984 BST [17593] LOG:  listening on IPv6 address "::1", port 5432
2024-08-01 13:08:53.984 BST [17593] LOG:  listening on IPv4 address "127.0.0.1", port 5432
2024-08-01 13:08:54.001 BST [17593] LOG:  listening on Unix socket "/tmp/.s.PGSQL.5432"
2024-08-01 13:08:54.005 BST [17596] LOG:  database system was shut down at 2024-08-01 13:08:51 BST
2024-08-01 13:08:54.011 BST [17593] LOG:  database system is ready to accept connections
2024-08-01 13:09:08.078 BST [17594] LOG:  checkpoints are occurring too frequently (14 seconds apart)
2024-08-01 13:09:08.078 BST [17594] HINT:  Consider increasing the configuration parameter "max_wal_size".
2024-08-01 13:09:08.078 BST [17594] LOG:  checkpoint starting: wal
2024-08-01 13:10:00.450 BST [17594] LOG:  checkpoint complete: wrote 60435 buffers (46.1%); 0 WAL file(s) added, 0 removed, 33 recycled; write=50.517 s, sync=1.653 s, total=52.373 s; sync files=787, longest=0.065 s, average=0.003 s; distance=537502 kB, estimate=537502 kB; lsn=0/40CC1940, redo lsn=0/221CD788
2024-08-01 13:10:04.241 BST [17594] LOG:  checkpoint starting: wal
2024-08-01 13:10:07.502 BST [17594] LOG:  checkpoint complete: wrote 29 buffers (0.0%); 0 WAL file(s) added, 0 removed, 33 recycled; write=2.836 s, sync=0.279 s, total=3.262 s; sync files=30, longest=0.023 s, average=0.010 s; distance=539514 kB, estimate=539514 kB; lsn=0/448AF930, redo lsn=0/430AC280
2024-08-01 13:10:18.926 BST [17594] LOG:  checkpoints are occurring too frequently (14 seconds apart)
2024-08-01 13:10:18.926 BST [17594] HINT:  Consider increasing the configuration parameter "max_wal_size".
2024-08-01 13:10:18.927 BST [17594] LOG:  checkpoint starting: wal
2024-08-01 13:10:25.008 BST [17594] LOG:  checkpoint complete: wrote 45 buffers (0.0%); 0 WAL file(s) added, 0 removed, 33 recycled; write=4.698 s, sync=1.219 s, total=6.082 s; sync files=40, longest=1.065 s, average=0.031 s; distance=541076 kB, estimate=541076 kB; lsn=0/6813D7A0, redo lsn=0/64111488
2024-08-01 13:10:54.093 BST [17788] LOG:  skipping vacuum of "t" --- lock not available
2024-08-01 13:11:12.657 BST [17594] LOG:  checkpoint starting: wal
2024-08-01 13:11:24.891 BST [17594] LOG:  checkpoint complete: wrote 125 buffers (0.1%); 0 WAL file(s) added, 0 removed, 33 recycled; write=9.785 s, sync=2.321 s, total=12.235 s; sync files=876, longest=1.012 s, average=0.003 s; distance=540265 kB, estimate=540995 kB; lsn=0/8983FC68, redo lsn=0/850ABA30
2024-08-01 13:11:24.891 BST [17594] LOG:  checkpoint starting: immediate force wait
2024-08-01 13:11:25.726 BST [17594] LOG:  checkpoint complete: wrote 8166 buffers (6.2%); 0 WAL file(s) added, 0 removed, 4 recycled; write=0.101 s, sync=0.681 s, total=0.835 s; sync files=449, longest=0.075 s, average=0.002 s; distance=73296 kB, estimate=494225 kB; lsn=0/8983FD38, redo lsn=0/8983FCE0
2024-08-01 13:12:38.053 BST [17593] LOG:  received fast shutdown request
2024-08-01 13:12:38.062 BST [17593] LOG:  aborting any active transactions
2024-08-01 13:12:38.064 BST [17593] LOG:  background worker "logical replication launcher" (PID 17599) exited with exit code 1
2024-08-01 13:12:38.065 BST [17594] LOG:  shutting down
2024-08-01 13:12:38.066 BST [17594] LOG:  checkpoint starting: shutdown immediate
2024-08-01 13:12:38.094 BST [17594] LOG:  checkpoint complete: wrote 96 buffers (0.1%); 0 WAL file(s) added, 0 removed, 0 recycled; write=0.010 s, sync=0.012 s, total=0.029 s; sync files=10, longest=0.002 s, average=0.002 s; distance=354 kB, estimate=444838 kB; lsn=0/89898770, redo lsn=0/89898770
2024-08-01 13:12:38.317 BST [17593] LOG:  database system is shut down
