2024-08-02 00:21:41.020 CEST [405728] LOG:  starting PostgreSQL 18devel on x86_64-pc-linux-gnu, compiled by gcc (Debian 12.2.0-14) 12.2.0, 64-bit
2024-08-02 00:21:41.020 CEST [405728] LOG:  listening on IPv6 address "::1", port 5432
2024-08-02 00:21:41.020 CEST [405728] LOG:  listening on IPv4 address "127.0.0.1", port 5432
2024-08-02 00:21:41.022 CEST [405728] LOG:  listening on Unix socket "/tmp/.s.PGSQL.5432"
2024-08-02 00:21:41.024 CEST [405731] LOG:  database system was shut down at 2024-08-02 00:21:39 CEST
2024-08-02 00:21:41.027 CEST [405728] LOG:  database system is ready to accept connections
2024-08-02 00:21:50.104 CEST [405729] LOG:  checkpoints are occurring too frequently (9 seconds apart)
2024-08-02 00:21:50.104 CEST [405729] HINT:  Consider increasing the configuration parameter "max_wal_size".
2024-08-02 00:21:50.119 CEST [405729] LOG:  checkpoint starting: wal
2024-08-02 00:21:58.108 CEST [405729] LOG:  checkpoint complete: wrote 31743 buffers (12.1%); 0 WAL file(s) added, 1 removed, 33 recycled; write=7.693 s, sync=0.221 s, total=8.004 s; sync files=309, longest=0.068 s, average=0.001 s; distance=552020 kB, estimate=552020 kB; lsn=0/4149B7A0, redo lsn=0/230007B8
2024-08-02 00:21:58.737 CEST [405729] LOG:  checkpoints are occurring too frequently (8 seconds apart)
2024-08-02 00:21:58.737 CEST [405729] HINT:  Consider increasing the configuration parameter "max_wal_size".
2024-08-02 00:21:58.738 CEST [405729] LOG:  checkpoint starting: wal
2024-08-02 00:22:07.419 CEST [405729] LOG:  checkpoint complete: wrote 30850 buffers (11.8%); 0 WAL file(s) added, 2 removed, 31 recycled; write=8.164 s, sync=0.425 s, total=8.683 s; sync files=5, longest=0.317 s, average=0.085 s; distance=548271 kB, estimate=551645 kB; lsn=0/6411FAF0, redo lsn=0/4476C430
2024-08-02 00:22:07.609 CEST [405729] LOG:  checkpoints are occurring too frequently (9 seconds apart)
2024-08-02 00:22:07.609 CEST [405729] HINT:  Consider increasing the configuration parameter "max_wal_size".
2024-08-02 00:22:07.611 CEST [405729] LOG:  checkpoint starting: wal
2024-08-02 00:22:16.273 CEST [405729] LOG:  checkpoint complete: wrote 26044 buffers (9.9%); 0 WAL file(s) added, 0 removed, 33 recycled; write=8.221 s, sync=0.414 s, total=8.664 s; sync files=386, longest=0.233 s, average=0.002 s; distance=539870 kB, estimate=550468 kB; lsn=0/7937D0B8, redo lsn=0/656A3ED8
2024-08-02 00:22:16.273 CEST [405729] LOG:  checkpoint starting: immediate force wait
2024-08-02 00:22:16.702 CEST [405729] LOG:  checkpoint complete: wrote 44982 buffers (17.2%); 0 WAL file(s) added, 0 removed, 20 recycled; write=0.365 s, sync=0.040 s, total=0.429 s; sync files=154, longest=0.007 s, average=0.001 s; distance=324452 kB, estimate=527866 kB; lsn=0/7937D188, redo lsn=0/7937D130
2024-08-02 00:23:26.839 CEST [405728] LOG:  received fast shutdown request
2024-08-02 00:23:26.840 CEST [405728] LOG:  aborting any active transactions
2024-08-02 00:23:26.847 CEST [405728] LOG:  background worker "logical replication launcher" (PID 405734) exited with exit code 1
2024-08-02 00:23:26.856 CEST [405729] LOG:  shutting down
2024-08-02 00:23:26.856 CEST [405729] LOG:  checkpoint starting: shutdown immediate
2024-08-02 00:23:26.863 CEST [405729] LOG:  checkpoint complete: wrote 53 buffers (0.0%); 0 WAL file(s) added, 0 removed, 0 recycled; write=0.005 s, sync=0.002 s, total=0.008 s; sync files=12, longest=0.001 s, average=0.001 s; distance=260 kB, estimate=475106 kB; lsn=0/793BE310, redo lsn=0/793BE310
2024-08-02 00:23:27.189 CEST [405728] LOG:  database system is shut down
