BINDIR = /mnt/data/builds/no-1024-32768-100/bin
DOCDIR = /mnt/data/builds/no-1024-32768-100/share/doc/postgresql
HTMLDIR = /mnt/data/builds/no-1024-32768-100/share/doc/postgresql
INCLUDEDIR = /mnt/data/builds/no-1024-32768-100/include
PKGINCLUDEDIR = /mnt/data/builds/no-1024-32768-100/include/postgresql
INCLUDEDIR-SERVER = /mnt/data/builds/no-1024-32768-100/include/postgresql/server
LIBDIR = /mnt/data/builds/no-1024-32768-100/lib
PKGLIBDIR = /mnt/data/builds/no-1024-32768-100/lib/postgresql
LOCALEDIR = /mnt/data/builds/no-1024-32768-100/share/locale
MANDIR = /mnt/data/builds/no-1024-32768-100/share/man
SHAREDIR = /mnt/data/builds/no-1024-32768-100/share/postgresql
SYSCONFDIR = /mnt/data/builds/no-1024-32768-100/etc/postgresql
PGXS = /mnt/data/builds/no-1024-32768-100/lib/postgresql/pgxs/src/makefiles/pgxs.mk
CONFIGURE =  '--prefix=/mnt/data/builds/no-1024-32768-100' '--enable-debug' '--enable-depend' 'CC=ccache gcc'
CC = ccache gcc
CPPFLAGS = -D_GNU_SOURCE
CFLAGS = -Wall -Wmissing-prototypes -Wpointer-arith -Wdeclaration-after-statement -Werror=vla -Wendif-labels -Wmissing-format-attribute -Wimplicit-fallthrough=3 -Wcast-function-type -Wshadow=compatible-local -Wformat-security -fno-strict-aliasing -fwrapv -fexcess-precision=standard -Wno-format-truncation -Wno-stringop-truncation -g -O2
CFLAGS_SL = -fPIC
LDFLAGS = -Wl,--as-needed -Wl,-rpath,'/mnt/data/builds/no-1024-32768-100/lib',--enable-new-dtags
LDFLAGS_EX = 
LDFLAGS_SL = 
LIBS = -lpgcommon -lpgport -lz -lreadline -lm 
VERSION = PostgreSQL 18devel
CREATE TABLE
CREATE TABLE
INSERT 0 1000
CREATE TABLE
INSERT 0 1000
CREATE TABLE
INSERT 0 1000
CREATE TABLE
INSERT 0 1000
CREATE TABLE
INSERT 0 1000
CREATE TABLE
INSERT 0 1000
CREATE TABLE
INSERT 0 1000
CREATE TABLE
INSERT 0 1000
CREATE TABLE
INSERT 0 1000
CREATE TABLE
INSERT 0 1000
CREATE TABLE
INSERT 0 1000
CREATE TABLE
INSERT 0 1000
CREATE TABLE
INSERT 0 1000
CREATE TABLE
INSERT 0 1000
CREATE TABLE
INSERT 0 1000
CREATE TABLE
INSERT 0 1000
CREATE TABLE
INSERT 0 1000
CREATE TABLE
INSERT 0 1000
CREATE TABLE
INSERT 0 1000
CREATE TABLE
INSERT 0 1000
CREATE TABLE
INSERT 0 1000
CREATE TABLE
INSERT 0 1000
CREATE TABLE
INSERT 0 1000
CREATE TABLE
INSERT 0 1000
CREATE TABLE
INSERT 0 1000
CREATE TABLE
INSERT 0 1000
CREATE TABLE
INSERT 0 1000
CREATE TABLE
INSERT 0 1000
CREATE TABLE
INSERT 0 1000
CREATE TABLE
INSERT 0 1000
CREATE TABLE
INSERT 0 1000
CREATE TABLE
INSERT 0 1000
CREATE TABLE
INSERT 0 1000
CREATE TABLE
INSERT 0 1000
CREATE TABLE
INSERT 0 1000
CREATE TABLE
INSERT 0 1000
CREATE TABLE
INSERT 0 1000
CREATE TABLE
INSERT 0 1000
CREATE TABLE
INSERT 0 1000
CREATE TABLE
INSERT 0 1000
CREATE TABLE
INSERT 0 1000
CREATE TABLE
INSERT 0 1000
CREATE TABLE
INSERT 0 1000
CREATE TABLE
INSERT 0 1000
CREATE TABLE
INSERT 0 1000
CREATE TABLE
INSERT 0 1000
CREATE TABLE
INSERT 0 1000
CREATE TABLE
INSERT 0 1000
CREATE TABLE
INSERT 0 1000
CREATE TABLE
INSERT 0 1000
CREATE TABLE
INSERT 0 1000
CREATE TABLE
INSERT 0 1000
CREATE TABLE
INSERT 0 1000
CREATE TABLE
INSERT 0 1000
CREATE TABLE
INSERT 0 1000
CREATE TABLE
INSERT 0 1000
CREATE TABLE
INSERT 0 1000
CREATE TABLE
INSERT 0 1000
CREATE TABLE
INSERT 0 1000
CREATE TABLE
INSERT 0 1000
CREATE TABLE
INSERT 0 1000
CREATE TABLE
INSERT 0 1000
CREATE TABLE
INSERT 0 1000
CREATE TABLE
INSERT 0 1000
CREATE TABLE
INSERT 0 1000
CREATE TABLE
INSERT 0 1000
CREATE TABLE
INSERT 0 1000
CREATE TABLE
INSERT 0 1000
CREATE TABLE
INSERT 0 1000
CREATE TABLE
INSERT 0 1000
CREATE TABLE
INSERT 0 1000
CREATE TABLE
INSERT 0 1000
CREATE TABLE
INSERT 0 1000
CREATE TABLE
INSERT 0 1000
CREATE TABLE
INSERT 0 1000
CREATE TABLE
INSERT 0 1000
CREATE TABLE
INSERT 0 1000
CREATE TABLE
INSERT 0 1000
CREATE TABLE
INSERT 0 1000
CREATE TABLE
INSERT 0 1000
CREATE TABLE
INSERT 0 1000
CREATE TABLE
INSERT 0 1000
CREATE TABLE
INSERT 0 1000
CREATE TABLE
INSERT 0 1000
CREATE TABLE
INSERT 0 1000
CREATE TABLE
INSERT 0 1000
CREATE TABLE
INSERT 0 1000
CREATE TABLE
INSERT 0 1000
CREATE TABLE
INSERT 0 1000
CREATE TABLE
INSERT 0 1000
CREATE TABLE
INSERT 0 1000
CREATE TABLE
INSERT 0 1000
CREATE TABLE
INSERT 0 1000
CREATE TABLE
INSERT 0 1000
CREATE TABLE
INSERT 0 1000
CREATE TABLE
INSERT 0 1000
CREATE TABLE
INSERT 0 1000
CREATE TABLE
INSERT 0 1000
CREATE TABLE
INSERT 0 1000
CREATE TABLE
INSERT 0 1000
INSERT 0 1000000
CREATE INDEX
CREATE INDEX
CREATE INDEX
CREATE INDEX
CREATE INDEX
CREATE INDEX
CREATE INDEX
CREATE INDEX
CREATE INDEX
CREATE INDEX
CREATE INDEX
CREATE INDEX
CREATE INDEX
CREATE INDEX
CREATE INDEX
CREATE INDEX
CREATE INDEX
CREATE INDEX
CREATE INDEX
CREATE INDEX
CREATE INDEX
CREATE INDEX
CREATE INDEX
CREATE INDEX
CREATE INDEX
CREATE INDEX
CREATE INDEX
CREATE INDEX
CREATE INDEX
CREATE INDEX
CREATE INDEX
CREATE INDEX
CREATE INDEX
CREATE INDEX
CREATE INDEX
CREATE INDEX
CREATE INDEX
CREATE INDEX
CREATE INDEX
CREATE INDEX
CREATE INDEX
CREATE INDEX
CREATE INDEX
CREATE INDEX
CREATE INDEX
CREATE INDEX
CREATE INDEX
CREATE INDEX
CREATE INDEX
CREATE INDEX
CREATE INDEX
CREATE INDEX
CREATE INDEX
CREATE INDEX
CREATE INDEX
CREATE INDEX
CREATE INDEX
CREATE INDEX
CREATE INDEX
CREATE INDEX
CREATE INDEX
CREATE INDEX
CREATE INDEX
CREATE INDEX
CREATE INDEX
CREATE INDEX
CREATE INDEX
CREATE INDEX
CREATE INDEX
CREATE INDEX
CREATE INDEX
CREATE INDEX
CREATE INDEX
CREATE INDEX
CREATE INDEX
CREATE INDEX
CREATE INDEX
CREATE INDEX
CREATE INDEX
CREATE INDEX
CREATE INDEX
CREATE INDEX
CREATE INDEX
CREATE INDEX
CREATE INDEX
CREATE INDEX
CREATE INDEX
CREATE INDEX
CREATE INDEX
CREATE INDEX
CREATE INDEX
CREATE INDEX
CREATE INDEX
CREATE INDEX
CREATE INDEX
CREATE INDEX
CREATE INDEX
CREATE INDEX
CREATE INDEX
CREATE INDEX
VACUUM
VACUUM
CHECKPOINT
