2024-07-30 16:17:11.932 BST [2879627] LOG:  starting PostgreSQL 18devel on aarch64-unknown-linux-gnu, compiled by gcc (Debian 12.2.0-14) 12.2.0, 64-bit
2024-07-30 16:17:11.932 BST [2879627] LOG:  listening on IPv6 address "::1", port 5432
2024-07-30 16:17:11.932 BST [2879627] LOG:  listening on IPv4 address "127.0.0.1", port 5432
2024-07-30 16:17:12.006 BST [2879627] LOG:  listening on Unix socket "/tmp/.s.PGSQL.5432"
2024-07-30 16:17:12.009 BST [2879630] LOG:  database system was shut down at 2024-07-30 16:17:10 BST
2024-07-30 16:17:12.013 BST [2879627] LOG:  database system is ready to accept connections
2024-07-30 16:17:24.870 BST [2879628] LOG:  checkpoints are occurring too frequently (12 seconds apart)
2024-07-30 16:17:24.870 BST [2879628] HINT:  Consider increasing the configuration parameter "max_wal_size".
2024-07-30 16:17:24.870 BST [2879628] LOG:  checkpoint starting: wal
2024-07-30 16:18:10.225 BST [2879628] LOG:  checkpoint complete: wrote 60435 buffers (46.1%); 0 WAL file(s) added, 0 removed, 33 recycled; write=43.689 s, sync=1.485 s, total=45.356 s; sync files=787, longest=0.066 s, average=0.002 s; distance=537505 kB, estimate=537505 kB; lsn=0/40CC2A78, redo lsn=0/221CE928
2024-07-30 16:18:13.596 BST [2879628] LOG:  checkpoint starting: wal
2024-07-30 16:18:16.827 BST [2879628] LOG:  checkpoint complete: wrote 29 buffers (0.0%); 0 WAL file(s) added, 0 removed, 33 recycled; write=2.821 s, sync=0.292 s, total=3.231 s; sync files=30, longest=0.037 s, average=0.010 s; distance=539514 kB, estimate=539514 kB; lsn=0/44EAD278, redo lsn=0/430AD408
2024-07-30 16:18:26.661 BST [2879628] LOG:  checkpoints are occurring too frequently (13 seconds apart)
2024-07-30 16:18:26.661 BST [2879628] HINT:  Consider increasing the configuration parameter "max_wal_size".
2024-07-30 16:18:26.661 BST [2879628] LOG:  checkpoint starting: wal
2024-07-30 16:18:32.537 BST [2879628] LOG:  checkpoint complete: wrote 45 buffers (0.0%); 0 WAL file(s) added, 0 removed, 33 recycled; write=4.448 s, sync=1.282 s, total=5.877 s; sync files=40, longest=1.076 s, average=0.033 s; distance=541076 kB, estimate=541076 kB; lsn=0/682F0E40, redo lsn=0/641125C0
2024-07-30 16:19:12.071 BST [2879842] LOG:  skipping vacuum of "t" --- lock not available
2024-07-30 16:19:14.788 BST [2879628] LOG:  checkpoint starting: wal
2024-07-30 16:19:24.856 BST [2879628] LOG:  checkpoint complete: wrote 125 buffers (0.1%); 0 WAL file(s) added, 0 removed, 33 recycled; write=8.908 s, sync=1.047 s, total=10.069 s; sync files=875, longest=0.961 s, average=0.002 s; distance=540265 kB, estimate=540995 kB; lsn=0/8983FD58, redo lsn=0/850ACAF8
2024-07-30 16:19:24.857 BST [2879628] LOG:  checkpoint starting: immediate force wait
2024-07-30 16:19:25.112 BST [2879628] LOG:  checkpoint complete: wrote 8165 buffers (6.2%); 0 WAL file(s) added, 0 removed, 4 recycled; write=0.049 s, sync=0.166 s, total=0.256 s; sync files=449, longest=0.125 s, average=0.001 s; distance=73292 kB, estimate=494225 kB; lsn=0/8983FE28, redo lsn=0/8983FDD0
2024-07-30 16:20:39.699 BST [2879627] LOG:  received fast shutdown request
2024-07-30 16:20:39.702 BST [2879627] LOG:  aborting any active transactions
2024-07-30 16:20:39.703 BST [2879627] LOG:  background worker "logical replication launcher" (PID 2879633) exited with exit code 1
2024-07-30 16:20:39.703 BST [2879628] LOG:  shutting down
2024-07-30 16:20:39.709 BST [2879628] LOG:  checkpoint starting: shutdown immediate
2024-07-30 16:20:39.737 BST [2879628] LOG:  checkpoint complete: wrote 96 buffers (0.1%); 0 WAL file(s) added, 0 removed, 0 recycled; write=0.007 s, sync=0.006 s, total=0.034 s; sync files=10, longest=0.006 s, average=0.001 s; distance=356 kB, estimate=444838 kB; lsn=0/89898F88, redo lsn=0/89898F88
2024-07-30 16:20:39.804 BST [2879627] LOG:  database system is shut down
