2024-07-30 16:57:09.091 BST [2981815] LOG:  starting PostgreSQL 18devel on aarch64-unknown-linux-gnu, compiled by gcc (Debian 12.2.0-14) 12.2.0, 64-bit
2024-07-30 16:57:09.092 BST [2981815] LOG:  listening on IPv6 address "::1", port 5432
2024-07-30 16:57:09.092 BST [2981815] LOG:  listening on IPv4 address "127.0.0.1", port 5432
2024-07-30 16:57:09.098 BST [2981815] LOG:  listening on Unix socket "/tmp/.s.PGSQL.5432"
2024-07-30 16:57:09.105 BST [2981818] LOG:  database system was shut down at 2024-07-30 16:57:07 BST
2024-07-30 16:57:09.114 BST [2981815] LOG:  database system is ready to accept connections
2024-07-30 16:57:21.248 BST [2981816] LOG:  checkpoints are occurring too frequently (12 seconds apart)
2024-07-30 16:57:21.248 BST [2981816] HINT:  Consider increasing the configuration parameter "max_wal_size".
2024-07-30 16:57:21.248 BST [2981816] LOG:  checkpoint starting: wal
2024-07-30 16:58:07.169 BST [2981816] LOG:  checkpoint complete: wrote 60435 buffers (46.1%); 0 WAL file(s) added, 0 removed, 33 recycled; write=44.461 s, sync=1.319 s, total=45.921 s; sync files=787, longest=0.092 s, average=0.002 s; distance=537505 kB, estimate=537505 kB; lsn=0/40AA27B8, redo lsn=0/221CE928
2024-07-30 16:58:11.112 BST [2981816] LOG:  checkpoint starting: wal
2024-07-30 16:58:14.729 BST [2981816] LOG:  checkpoint complete: wrote 29 buffers (0.0%); 0 WAL file(s) added, 0 removed, 33 recycled; write=2.824 s, sync=0.662 s, total=3.618 s; sync files=30, longest=0.148 s, average=0.023 s; distance=539514 kB, estimate=539514 kB; lsn=0/44EAD278, redo lsn=0/430AD408
2024-07-30 16:58:24.270 BST [2981816] LOG:  checkpoints are occurring too frequently (13 seconds apart)
2024-07-30 16:58:24.270 BST [2981816] HINT:  Consider increasing the configuration parameter "max_wal_size".
2024-07-30 16:58:24.270 BST [2981816] LOG:  checkpoint starting: wal
2024-07-30 16:58:30.137 BST [2981816] LOG:  checkpoint complete: wrote 45 buffers (0.0%); 0 WAL file(s) added, 0 removed, 33 recycled; write=4.447 s, sync=1.254 s, total=5.868 s; sync files=40, longest=1.048 s, average=0.032 s; distance=541076 kB, estimate=541076 kB; lsn=0/682F0E40, redo lsn=0/64112670
2024-07-30 16:59:09.191 BST [2982031] LOG:  skipping vacuum of "t" --- lock not available
2024-07-30 16:59:12.357 BST [2981816] LOG:  checkpoint starting: wal
2024-07-30 16:59:21.736 BST [2981816] LOG:  checkpoint complete: wrote 125 buffers (0.1%); 0 WAL file(s) added, 0 removed, 33 recycled; write=8.211 s, sync=1.054 s, total=9.380 s; sync files=875, longest=0.966 s, average=0.002 s; distance=540265 kB, estimate=540995 kB; lsn=0/89841010, redo lsn=0/850ACAD8
2024-07-30 16:59:21.736 BST [2981816] LOG:  checkpoint starting: immediate force wait
2024-07-30 16:59:21.989 BST [2981816] LOG:  checkpoint complete: wrote 8166 buffers (6.2%); 0 WAL file(s) added, 0 removed, 4 recycled; write=0.048 s, sync=0.163 s, total=0.253 s; sync files=449, longest=0.128 s, average=0.001 s; distance=73297 kB, estimate=494225 kB; lsn=0/898410E0, redo lsn=0/89841088
2024-07-30 17:00:36.789 BST [2981815] LOG:  received fast shutdown request
2024-07-30 17:00:36.799 BST [2981815] LOG:  aborting any active transactions
2024-07-30 17:00:36.801 BST [2981815] LOG:  background worker "logical replication launcher" (PID 2981821) exited with exit code 1
2024-07-30 17:00:36.801 BST [2981816] LOG:  shutting down
2024-07-30 17:00:36.803 BST [2981816] LOG:  checkpoint starting: shutdown immediate
2024-07-30 17:00:36.827 BST [2981816] LOG:  checkpoint complete: wrote 97 buffers (0.1%); 0 WAL file(s) added, 0 removed, 0 recycled; write=0.007 s, sync=0.005 s, total=0.027 s; sync files=10, longest=0.004 s, average=0.001 s; distance=356 kB, estimate=444838 kB; lsn=0/8989A288, redo lsn=0/8989A288
2024-07-30 17:00:36.895 BST [2981815] LOG:  database system is shut down
