                                       List of relations
 Schema |   Name   |   Type   | Owner | Persistence | Access method |    Size    | Description 
--------+----------+----------+-------+-------------+---------------+------------+-------------
 public | t        | table    | tomas | permanent   | heap          | 43 MB      | 
 public | t_id_seq | sequence | tomas | permanent   |               | 8192 bytes | 
(2 rows)

                                         List of relations
 Schema |    Name     | Type  | Owner | Table | Persistence | Access method |  Size   | Description 
--------+-------------+-------+-------+-------+-------------+---------------+---------+-------------
 public | t_c100_idx  | index | tomas | t     | permanent   | btree         | 2208 kB | 
 public | t_c100_idx1 | index | tomas | t     | permanent   | btree         | 2208 kB | 
 public | t_c100_idx2 | index | tomas | t     | permanent   | btree         | 2208 kB | 
 public | t_c100_idx3 | index | tomas | t     | permanent   | btree         | 2208 kB | 
 public | t_c100_idx4 | index | tomas | t     | permanent   | btree         | 2208 kB | 
 public | t_c100_idx5 | index | tomas | t     | permanent   | btree         | 2208 kB | 
 public | t_c100_idx6 | index | tomas | t     | permanent   | btree         | 2208 kB | 
 public | t_c100_idx7 | index | tomas | t     | permanent   | btree         | 2208 kB | 
 public | t_c100_idx8 | index | tomas | t     | permanent   | btree         | 2208 kB | 
 public | t_c100_idx9 | index | tomas | t     | permanent   | btree         | 2208 kB | 
 public | t_c10_idx   | index | tomas | t     | permanent   | btree         | 2208 kB | 
 public | t_c10_idx1  | index | tomas | t     | permanent   | btree         | 2208 kB | 
 public | t_c10_idx2  | index | tomas | t     | permanent   | btree         | 2208 kB | 
 public | t_c10_idx3  | index | tomas | t     | permanent   | btree         | 2208 kB | 
 public | t_c10_idx4  | index | tomas | t     | permanent   | btree         | 2208 kB | 
 public | t_c10_idx5  | index | tomas | t     | permanent   | btree         | 2208 kB | 
 public | t_c10_idx6  | index | tomas | t     | permanent   | btree         | 2208 kB | 
 public | t_c10_idx7  | index | tomas | t     | permanent   | btree         | 2208 kB | 
 public | t_c10_idx8  | index | tomas | t     | permanent   | btree         | 2208 kB | 
 public | t_c10_idx9  | index | tomas | t     | permanent   | btree         | 2208 kB | 
 public | t_c11_idx   | index | tomas | t     | permanent   | btree         | 2208 kB | 
 public | t_c11_idx1  | index | tomas | t     | permanent   | btree         | 2208 kB | 
 public | t_c11_idx2  | index | tomas | t     | permanent   | btree         | 2208 kB | 
 public | t_c11_idx3  | index | tomas | t     | permanent   | btree         | 2208 kB | 
 public | t_c11_idx4  | index | tomas | t     | permanent   | btree         | 2208 kB | 
 public | t_c11_idx5  | index | tomas | t     | permanent   | btree         | 2208 kB | 
 public | t_c11_idx6  | index | tomas | t     | permanent   | btree         | 2208 kB | 
 public | t_c11_idx7  | index | tomas | t     | permanent   | btree         | 2208 kB | 
 public | t_c11_idx8  | index | tomas | t     | permanent   | btree         | 2208 kB | 
 public | t_c11_idx9  | index | tomas | t     | permanent   | btree         | 2208 kB | 
 public | t_c12_idx   | index | tomas | t     | permanent   | btree         | 2208 kB | 
 public | t_c12_idx1  | index | tomas | t     | permanent   | btree         | 2208 kB | 
 public | t_c12_idx2  | index | tomas | t     | permanent   | btree         | 2208 kB | 
 public | t_c12_idx3  | index | tomas | t     | permanent   | btree         | 2208 kB | 
 public | t_c12_idx4  | index | tomas | t     | permanent   | btree         | 2208 kB | 
 public | t_c12_idx5  | index | tomas | t     | permanent   | btree         | 2208 kB | 
 public | t_c12_idx6  | index | tomas | t     | permanent   | btree         | 2208 kB | 
 public | t_c12_idx7  | index | tomas | t     | permanent   | btree         | 2208 kB | 
 public | t_c12_idx8  | index | tomas | t     | permanent   | btree         | 2208 kB | 
 public | t_c12_idx9  | index | tomas | t     | permanent   | btree         | 2208 kB | 
 public | t_c13_idx   | index | tomas | t     | permanent   | btree         | 2208 kB | 
 public | t_c13_idx1  | index | tomas | t     | permanent   | btree         | 2208 kB | 
 public | t_c13_idx2  | index | tomas | t     | permanent   | btree         | 2208 kB | 
 public | t_c13_idx3  | index | tomas | t     | permanent   | btree         | 2208 kB | 
 public | t_c13_idx4  | index | tomas | t     | permanent   | btree         | 2208 kB | 
 public | t_c13_idx5  | index | tomas | t     | permanent   | btree         | 2208 kB | 
 public | t_c13_idx6  | index | tomas | t     | permanent   | btree         | 2208 kB | 
 public | t_c13_idx7  | index | tomas | t     | permanent   | btree         | 2208 kB | 
 public | t_c13_idx8  | index | tomas | t     | permanent   | btree         | 2208 kB | 
 public | t_c13_idx9  | index | tomas | t     | permanent   | btree         | 2208 kB | 
 public | t_c14_idx   | index | tomas | t     | permanent   | btree         | 2208 kB | 
 public | t_c14_idx1  | index | tomas | t     | permanent   | btree         | 2208 kB | 
 public | t_c14_idx2  | index | tomas | t     | permanent   | btree         | 2208 kB | 
 public | t_c14_idx3  | index | tomas | t     | permanent   | btree         | 2208 kB | 
 public | t_c14_idx4  | index | tomas | t     | permanent   | btree         | 2208 kB | 
 public | t_c14_idx5  | index | tomas | t     | permanent   | btree         | 2208 kB | 
 public | t_c14_idx6  | index | tomas | t     | permanent   | btree         | 2208 kB | 
 public | t_c14_idx7  | index | tomas | t     | permanent   | btree         | 2208 kB | 
 public | t_c14_idx8  | index | tomas | t     | permanent   | btree         | 2208 kB | 
 public | t_c14_idx9  | index | tomas | t     | permanent   | btree         | 2208 kB | 
 public | t_c15_idx   | index | tomas | t     | permanent   | btree         | 2208 kB | 
 public | t_c15_idx1  | index | tomas | t     | permanent   | btree         | 2208 kB | 
 public | t_c15_idx2  | index | tomas | t     | permanent   | btree         | 2208 kB | 
 public | t_c15_idx3  | index | tomas | t     | permanent   | btree         | 2208 kB | 
 public | t_c15_idx4  | index | tomas | t     | permanent   | btree         | 2208 kB | 
 public | t_c15_idx5  | index | tomas | t     | permanent   | btree         | 2208 kB | 
 public | t_c15_idx6  | index | tomas | t     | permanent   | btree         | 2208 kB | 
 public | t_c15_idx7  | index | tomas | t     | permanent   | btree         | 2208 kB | 
 public | t_c15_idx8  | index | tomas | t     | permanent   | btree         | 2208 kB | 
 public | t_c15_idx9  | index | tomas | t     | permanent   | btree         | 2208 kB | 
 public | t_c16_idx   | index | tomas | t     | permanent   | btree         | 2208 kB | 
 public | t_c16_idx1  | index | tomas | t     | permanent   | btree         | 2208 kB | 
 public | t_c16_idx2  | index | tomas | t     | permanent   | btree         | 2208 kB | 
 public | t_c16_idx3  | index | tomas | t     | permanent   | btree         | 2208 kB | 
 public | t_c16_idx4  | index | tomas | t     | permanent   | btree         | 2208 kB | 
 public | t_c16_idx5  | index | tomas | t     | permanent   | btree         | 2208 kB | 
 public | t_c16_idx6  | index | tomas | t     | permanent   | btree         | 2208 kB | 
 public | t_c16_idx7  | index | tomas | t     | permanent   | btree         | 2208 kB | 
 public | t_c16_idx8  | index | tomas | t     | permanent   | btree         | 2208 kB | 
 public | t_c16_idx9  | index | tomas | t     | permanent   | btree         | 2208 kB | 
 public | t_c17_idx   | index | tomas | t     | permanent   | btree         | 2208 kB | 
 public | t_c17_idx1  | index | tomas | t     | permanent   | btree         | 2208 kB | 
 public | t_c17_idx2  | index | tomas | t     | permanent   | btree         | 2208 kB | 
 public | t_c17_idx3  | index | tomas | t     | permanent   | btree         | 2208 kB | 
 public | t_c17_idx4  | index | tomas | t     | permanent   | btree         | 2208 kB | 
 public | t_c17_idx5  | index | tomas | t     | permanent   | btree         | 2208 kB | 
 public | t_c17_idx6  | index | tomas | t     | permanent   | btree         | 2208 kB | 
 public | t_c17_idx7  | index | tomas | t     | permanent   | btree         | 2208 kB | 
 public | t_c17_idx8  | index | tomas | t     | permanent   | btree         | 2208 kB | 
 public | t_c17_idx9  | index | tomas | t     | permanent   | btree         | 2208 kB | 
 public | t_c18_idx   | index | tomas | t     | permanent   | btree         | 2208 kB | 
 public | t_c18_idx1  | index | tomas | t     | permanent   | btree         | 2208 kB | 
 public | t_c18_idx2  | index | tomas | t     | permanent   | btree         | 2208 kB | 
 public | t_c18_idx3  | index | tomas | t     | permanent   | btree         | 2208 kB | 
 public | t_c18_idx4  | index | tomas | t     | permanent   | btree         | 2208 kB | 
 public | t_c18_idx5  | index | tomas | t     | permanent   | btree         | 2208 kB | 
 public | t_c18_idx6  | index | tomas | t     | permanent   | btree         | 2208 kB | 
 public | t_c18_idx7  | index | tomas | t     | permanent   | btree         | 2208 kB | 
 public | t_c18_idx8  | index | tomas | t     | permanent   | btree         | 2208 kB | 
 public | t_c18_idx9  | index | tomas | t     | permanent   | btree         | 2208 kB | 
 public | t_c19_idx   | index | tomas | t     | permanent   | btree         | 2208 kB | 
 public | t_c19_idx1  | index | tomas | t     | permanent   | btree         | 2208 kB | 
 public | t_c19_idx2  | index | tomas | t     | permanent   | btree         | 2208 kB | 
 public | t_c19_idx3  | index | tomas | t     | permanent   | btree         | 2208 kB | 
 public | t_c19_idx4  | index | tomas | t     | permanent   | btree         | 2208 kB | 
 public | t_c19_idx5  | index | tomas | t     | permanent   | btree         | 2208 kB | 
 public | t_c19_idx6  | index | tomas | t     | permanent   | btree         | 2208 kB | 
 public | t_c19_idx7  | index | tomas | t     | permanent   | btree         | 2208 kB | 
 public | t_c19_idx8  | index | tomas | t     | permanent   | btree         | 2208 kB | 
 public | t_c19_idx9  | index | tomas | t     | permanent   | btree         | 2208 kB | 
 public | t_c1_idx    | index | tomas | t     | permanent   | btree         | 2208 kB | 
 public | t_c1_idx1   | index | tomas | t     | permanent   | btree         | 2208 kB | 
 public | t_c1_idx2   | index | tomas | t     | permanent   | btree         | 2208 kB | 
 public | t_c1_idx3   | index | tomas | t     | permanent   | btree         | 2208 kB | 
 public | t_c1_idx4   | index | tomas | t     | permanent   | btree         | 2208 kB | 
 public | t_c1_idx5   | index | tomas | t     | permanent   | btree         | 2208 kB | 
 public | t_c1_idx6   | index | tomas | t     | permanent   | btree         | 2208 kB | 
 public | t_c1_idx7   | index | tomas | t     | permanent   | btree         | 2208 kB | 
 public | t_c1_idx8   | index | tomas | t     | permanent   | btree         | 2208 kB | 
 public | t_c1_idx9   | index | tomas | t     | permanent   | btree         | 2208 kB | 
 public | t_c20_idx   | index | tomas | t     | permanent   | btree         | 2208 kB | 
 public | t_c20_idx1  | index | tomas | t     | permanent   | btree         | 2208 kB | 
 public | t_c20_idx2  | index | tomas | t     | permanent   | btree         | 2208 kB | 
 public | t_c20_idx3  | index | tomas | t     | permanent   | btree         | 2208 kB | 
 public | t_c20_idx4  | index | tomas | t     | permanent   | btree         | 2208 kB | 
 public | t_c20_idx5  | index | tomas | t     | permanent   | btree         | 2208 kB | 
 public | t_c20_idx6  | index | tomas | t     | permanent   | btree         | 2208 kB | 
 public | t_c20_idx7  | index | tomas | t     | permanent   | btree         | 2208 kB | 
 public | t_c20_idx8  | index | tomas | t     | permanent   | btree         | 2208 kB | 
 public | t_c20_idx9  | index | tomas | t     | permanent   | btree         | 2208 kB | 
 public | t_c21_idx   | index | tomas | t     | permanent   | btree         | 2208 kB | 
 public | t_c21_idx1  | index | tomas | t     | permanent   | btree         | 2208 kB | 
 public | t_c21_idx2  | index | tomas | t     | permanent   | btree         | 2208 kB | 
 public | t_c21_idx3  | index | tomas | t     | permanent   | btree         | 2208 kB | 
 public | t_c21_idx4  | index | tomas | t     | permanent   | btree         | 2208 kB | 
 public | t_c21_idx5  | index | tomas | t     | permanent   | btree         | 2208 kB | 
 public | t_c21_idx6  | index | tomas | t     | permanent   | btree         | 2208 kB | 
 public | t_c21_idx7  | index | tomas | t     | permanent   | btree         | 2208 kB | 
 public | t_c21_idx8  | index | tomas | t     | permanent   | btree         | 2208 kB | 
 public | t_c21_idx9  | index | tomas | t     | permanent   | btree         | 2208 kB | 
 public | t_c22_idx   | index | tomas | t     | permanent   | btree         | 2208 kB | 
 public | t_c22_idx1  | index | tomas | t     | permanent   | btree         | 2208 kB | 
 public | t_c22_idx2  | index | tomas | t     | permanent   | btree         | 2208 kB | 
 public | t_c22_idx3  | index | tomas | t     | permanent   | btree         | 2208 kB | 
 public | t_c22_idx4  | index | tomas | t     | permanent   | btree         | 2208 kB | 
 public | t_c22_idx5  | index | tomas | t     | permanent   | btree         | 2208 kB | 
 public | t_c22_idx6  | index | tomas | t     | permanent   | btree         | 2208 kB | 
 public | t_c22_idx7  | index | tomas | t     | permanent   | btree         | 2208 kB | 
 public | t_c22_idx8  | index | tomas | t     | permanent   | btree         | 2208 kB | 
 public | t_c22_idx9  | index | tomas | t     | permanent   | btree         | 2208 kB | 
 public | t_c23_idx   | index | tomas | t     | permanent   | btree         | 2208 kB | 
 public | t_c23_idx1  | index | tomas | t     | permanent   | btree         | 2208 kB | 
 public | t_c23_idx2  | index | tomas | t     | permanent   | btree         | 2208 kB | 
 public | t_c23_idx3  | index | tomas | t     | permanent   | btree         | 2208 kB | 
 public | t_c23_idx4  | index | tomas | t     | permanent   | btree         | 2208 kB | 
 public | t_c23_idx5  | index | tomas | t     | permanent   | btree         | 2208 kB | 
 public | t_c23_idx6  | index | tomas | t     | permanent   | btree         | 2208 kB | 
 public | t_c23_idx7  | index | tomas | t     | permanent   | btree         | 2208 kB | 
 public | t_c23_idx8  | index | tomas | t     | permanent   | btree         | 2208 kB | 
 public | t_c23_idx9  | index | tomas | t     | permanent   | btree         | 2208 kB | 
 public | t_c24_idx   | index | tomas | t     | permanent   | btree         | 2208 kB | 
 public | t_c24_idx1  | index | tomas | t     | permanent   | btree         | 2208 kB | 
 public | t_c24_idx2  | index | tomas | t     | permanent   | btree         | 2208 kB | 
 public | t_c24_idx3  | index | tomas | t     | permanent   | btree         | 2208 kB | 
 public | t_c24_idx4  | index | tomas | t     | permanent   | btree         | 2208 kB | 
 public | t_c24_idx5  | index | tomas | t     | permanent   | btree         | 2208 kB | 
 public | t_c24_idx6  | index | tomas | t     | permanent   | btree         | 2208 kB | 
 public | t_c24_idx7  | index | tomas | t     | permanent   | btree         | 2208 kB | 
 public | t_c24_idx8  | index | tomas | t     | permanent   | btree         | 2208 kB | 
 public | t_c24_idx9  | index | tomas | t     | permanent   | btree         | 2208 kB | 
 public | t_c25_idx   | index | tomas | t     | permanent   | btree         | 2208 kB | 
 public | t_c25_idx1  | index | tomas | t     | permanent   | btree         | 2208 kB | 
 public | t_c25_idx2  | index | tomas | t     | permanent   | btree         | 2208 kB | 
 public | t_c25_idx3  | index | tomas | t     | permanent   | btree         | 2208 kB | 
 public | t_c25_idx4  | index | tomas | t     | permanent   | btree         | 2208 kB | 
 public | t_c25_idx5  | index | tomas | t     | permanent   | btree         | 2208 kB | 
 public | t_c25_idx6  | index | tomas | t     | permanent   | btree         | 2208 kB | 
 public | t_c25_idx7  | index | tomas | t     | permanent   | btree         | 2208 kB | 
 public | t_c25_idx8  | index | tomas | t     | permanent   | btree         | 2208 kB | 
 public | t_c25_idx9  | index | tomas | t     | permanent   | btree         | 2208 kB | 
 public | t_c26_idx   | index | tomas | t     | permanent   | btree         | 2208 kB | 
 public | t_c26_idx1  | index | tomas | t     | permanent   | btree         | 2208 kB | 
 public | t_c26_idx2  | index | tomas | t     | permanent   | btree         | 2208 kB | 
 public | t_c26_idx3  | index | tomas | t     | permanent   | btree         | 2208 kB | 
 public | t_c26_idx4  | index | tomas | t     | permanent   | btree         | 2208 kB | 
 public | t_c26_idx5  | index | tomas | t     | permanent   | btree         | 2208 kB | 
 public | t_c26_idx6  | index | tomas | t     | permanent   | btree         | 2208 kB | 
 public | t_c26_idx7  | index | tomas | t     | permanent   | btree         | 2208 kB | 
 public | t_c26_idx8  | index | tomas | t     | permanent   | btree         | 2208 kB | 
 public | t_c26_idx9  | index | tomas | t     | permanent   | btree         | 2208 kB | 
 public | t_c27_idx   | index | tomas | t     | permanent   | btree         | 2208 kB | 
 public | t_c27_idx1  | index | tomas | t     | permanent   | btree         | 2208 kB | 
 public | t_c27_idx2  | index | tomas | t     | permanent   | btree         | 2208 kB | 
 public | t_c27_idx3  | index | tomas | t     | permanent   | btree         | 2208 kB | 
 public | t_c27_idx4  | index | tomas | t     | permanent   | btree         | 2208 kB | 
 public | t_c27_idx5  | index | tomas | t     | permanent   | btree         | 2208 kB | 
 public | t_c27_idx6  | index | tomas | t     | permanent   | btree         | 2208 kB | 
 public | t_c27_idx7  | index | tomas | t     | permanent   | btree         | 2208 kB | 
 public | t_c27_idx8  | index | tomas | t     | permanent   | btree         | 2208 kB | 
 public | t_c27_idx9  | index | tomas | t     | permanent   | btree         | 2208 kB | 
 public | t_c28_idx   | index | tomas | t     | permanent   | btree         | 2208 kB | 
 public | t_c28_idx1  | index | tomas | t     | permanent   | btree         | 2208 kB | 
 public | t_c28_idx2  | index | tomas | t     | permanent   | btree         | 2208 kB | 
 public | t_c28_idx3  | index | tomas | t     | permanent   | btree         | 2208 kB | 
 public | t_c28_idx4  | index | tomas | t     | permanent   | btree         | 2208 kB | 
 public | t_c28_idx5  | index | tomas | t     | permanent   | btree         | 2208 kB | 
 public | t_c28_idx6  | index | tomas | t     | permanent   | btree         | 2208 kB | 
 public | t_c28_idx7  | index | tomas | t     | permanent   | btree         | 2208 kB | 
 public | t_c28_idx8  | index | tomas | t     | permanent   | btree         | 2208 kB | 
 public | t_c28_idx9  | index | tomas | t     | permanent   | btree         | 2208 kB | 
 public | t_c29_idx   | index | tomas | t     | permanent   | btree         | 2208 kB | 
 public | t_c29_idx1  | index | tomas | t     | permanent   | btree         | 2208 kB | 
 public | t_c29_idx2  | index | tomas | t     | permanent   | btree         | 2208 kB | 
 public | t_c29_idx3  | index | tomas | t     | permanent   | btree         | 2208 kB | 
 public | t_c29_idx4  | index | tomas | t     | permanent   | btree         | 2208 kB | 
 public | t_c29_idx5  | index | tomas | t     | permanent   | btree         | 2208 kB | 
 public | t_c29_idx6  | index | tomas | t     | permanent   | btree         | 2208 kB | 
 public | t_c29_idx7  | index | tomas | t     | permanent   | btree         | 2208 kB | 
 public | t_c29_idx8  | index | tomas | t     | permanent   | btree         | 2208 kB | 
 public | t_c29_idx9  | index | tomas | t     | permanent   | btree         | 2208 kB | 
 public | t_c2_idx    | index | tomas | t     | permanent   | btree         | 2208 kB | 
 public | t_c2_idx1   | index | tomas | t     | permanent   | btree         | 2208 kB | 
 public | t_c2_idx2   | index | tomas | t     | permanent   | btree         | 2208 kB | 
 public | t_c2_idx3   | index | tomas | t     | permanent   | btree         | 2208 kB | 
 public | t_c2_idx4   | index | tomas | t     | permanent   | btree         | 2208 kB | 
 public | t_c2_idx5   | index | tomas | t     | permanent   | btree         | 2208 kB | 
 public | t_c2_idx6   | index | tomas | t     | permanent   | btree         | 2208 kB | 
 public | t_c2_idx7   | index | tomas | t     | permanent   | btree         | 2208 kB | 
 public | t_c2_idx8   | index | tomas | t     | permanent   | btree         | 2208 kB | 
 public | t_c2_idx9   | index | tomas | t     | permanent   | btree         | 2208 kB | 
 public | t_c30_idx   | index | tomas | t     | permanent   | btree         | 2208 kB | 
 public | t_c30_idx1  | index | tomas | t     | permanent   | btree         | 2208 kB | 
 public | t_c30_idx2  | index | tomas | t     | permanent   | btree         | 2208 kB | 
 public | t_c30_idx3  | index | tomas | t     | permanent   | btree         | 2208 kB | 
 public | t_c30_idx4  | index | tomas | t     | permanent   | btree         | 2208 kB | 
 public | t_c30_idx5  | index | tomas | t     | permanent   | btree         | 2208 kB | 
 public | t_c30_idx6  | index | tomas | t     | permanent   | btree         | 2208 kB | 
 public | t_c30_idx7  | index | tomas | t     | permanent   | btree         | 2208 kB | 
 public | t_c30_idx8  | index | tomas | t     | permanent   | btree         | 2208 kB | 
 public | t_c30_idx9  | index | tomas | t     | permanent   | btree         | 2208 kB | 
 public | t_c31_idx   | index | tomas | t     | permanent   | btree         | 2208 kB | 
 public | t_c31_idx1  | index | tomas | t     | permanent   | btree         | 2208 kB | 
 public | t_c31_idx2  | index | tomas | t     | permanent   | btree         | 2208 kB | 
 public | t_c31_idx3  | index | tomas | t     | permanent   | btree         | 2208 kB | 
 public | t_c31_idx4  | index | tomas | t     | permanent   | btree         | 2208 kB | 
 public | t_c31_idx5  | index | tomas | t     | permanent   | btree         | 2208 kB | 
 public | t_c31_idx6  | index | tomas | t     | permanent   | btree         | 2208 kB | 
 public | t_c31_idx7  | index | tomas | t     | permanent   | btree         | 2208 kB | 
 public | t_c31_idx8  | index | tomas | t     | permanent   | btree         | 2208 kB | 
 public | t_c31_idx9  | index | tomas | t     | permanent   | btree         | 2208 kB | 
 public | t_c32_idx   | index | tomas | t     | permanent   | btree         | 2208 kB | 
 public | t_c32_idx1  | index | tomas | t     | permanent   | btree         | 2208 kB | 
 public | t_c32_idx2  | index | tomas | t     | permanent   | btree         | 2208 kB | 
 public | t_c32_idx3  | index | tomas | t     | permanent   | btree         | 2208 kB | 
 public | t_c32_idx4  | index | tomas | t     | permanent   | btree         | 2208 kB | 
 public | t_c32_idx5  | index | tomas | t     | permanent   | btree         | 2208 kB | 
 public | t_c32_idx6  | index | tomas | t     | permanent   | btree         | 2208 kB | 
 public | t_c32_idx7  | index | tomas | t     | permanent   | btree         | 2208 kB | 
 public | t_c32_idx8  | index | tomas | t     | permanent   | btree         | 2208 kB | 
 public | t_c32_idx9  | index | tomas | t     | permanent   | btree         | 2208 kB | 
 public | t_c33_idx   | index | tomas | t     | permanent   | btree         | 2208 kB | 
 public | t_c33_idx1  | index | tomas | t     | permanent   | btree         | 2208 kB | 
 public | t_c33_idx2  | index | tomas | t     | permanent   | btree         | 2208 kB | 
 public | t_c33_idx3  | index | tomas | t     | permanent   | btree         | 2208 kB | 
 public | t_c33_idx4  | index | tomas | t     | permanent   | btree         | 2208 kB | 
 public | t_c33_idx5  | index | tomas | t     | permanent   | btree         | 2208 kB | 
 public | t_c33_idx6  | index | tomas | t     | permanent   | btree         | 2208 kB | 
 public | t_c33_idx7  | index | tomas | t     | permanent   | btree         | 2208 kB | 
 public | t_c33_idx8  | index | tomas | t     | permanent   | btree         | 2208 kB | 
 public | t_c33_idx9  | index | tomas | t     | permanent   | btree         | 2208 kB | 
 public | t_c34_idx   | index | tomas | t     | permanent   | btree         | 2208 kB | 
 public | t_c34_idx1  | index | tomas | t     | permanent   | btree         | 2208 kB | 
 public | t_c34_idx2  | index | tomas | t     | permanent   | btree         | 2208 kB | 
 public | t_c34_idx3  | index | tomas | t     | permanent   | btree         | 2208 kB | 
 public | t_c34_idx4  | index | tomas | t     | permanent   | btree         | 2208 kB | 
 public | t_c34_idx5  | index | tomas | t     | permanent   | btree         | 2208 kB | 
 public | t_c34_idx6  | index | tomas | t     | permanent   | btree         | 2208 kB | 
 public | t_c34_idx7  | index | tomas | t     | permanent   | btree         | 2208 kB | 
 public | t_c34_idx8  | index | tomas | t     | permanent   | btree         | 2208 kB | 
 public | t_c34_idx9  | index | tomas | t     | permanent   | btree         | 2208 kB | 
 public | t_c35_idx   | index | tomas | t     | permanent   | btree         | 2208 kB | 
 public | t_c35_idx1  | index | tomas | t     | permanent   | btree         | 2208 kB | 
 public | t_c35_idx2  | index | tomas | t     | permanent   | btree         | 2208 kB | 
 public | t_c35_idx3  | index | tomas | t     | permanent   | btree         | 2208 kB | 
 public | t_c35_idx4  | index | tomas | t     | permanent   | btree         | 2208 kB | 
 public | t_c35_idx5  | index | tomas | t     | permanent   | btree         | 2208 kB | 
 public | t_c35_idx6  | index | tomas | t     | permanent   | btree         | 2208 kB | 
 public | t_c35_idx7  | index | tomas | t     | permanent   | btree         | 2208 kB | 
 public | t_c35_idx8  | index | tomas | t     | permanent   | btree         | 2208 kB | 
 public | t_c35_idx9  | index | tomas | t     | permanent   | btree         | 2208 kB | 
 public | t_c36_idx   | index | tomas | t     | permanent   | btree         | 2208 kB | 
 public | t_c36_idx1  | index | tomas | t     | permanent   | btree         | 2208 kB | 
 public | t_c36_idx2  | index | tomas | t     | permanent   | btree         | 2208 kB | 
 public | t_c36_idx3  | index | tomas | t     | permanent   | btree         | 2208 kB | 
 public | t_c36_idx4  | index | tomas | t     | permanent   | btree         | 2208 kB | 
 public | t_c36_idx5  | index | tomas | t     | permanent   | btree         | 2208 kB | 
 public | t_c36_idx6  | index | tomas | t     | permanent   | btree         | 2208 kB | 
 public | t_c36_idx7  | index | tomas | t     | permanent   | btree         | 2208 kB | 
 public | t_c36_idx8  | index | tomas | t     | permanent   | btree         | 2208 kB | 
 public | t_c36_idx9  | index | tomas | t     | permanent   | btree         | 2208 kB | 
 public | t_c37_idx   | index | tomas | t     | permanent   | btree         | 2208 kB | 
 public | t_c37_idx1  | index | tomas | t     | permanent   | btree         | 2208 kB | 
 public | t_c37_idx2  | index | tomas | t     | permanent   | btree         | 2208 kB | 
 public | t_c37_idx3  | index | tomas | t     | permanent   | btree         | 2208 kB | 
 public | t_c37_idx4  | index | tomas | t     | permanent   | btree         | 2208 kB | 
 public | t_c37_idx5  | index | tomas | t     | permanent   | btree         | 2208 kB | 
 public | t_c37_idx6  | index | tomas | t     | permanent   | btree         | 2208 kB | 
 public | t_c37_idx7  | index | tomas | t     | permanent   | btree         | 2208 kB | 
 public | t_c37_idx8  | index | tomas | t     | permanent   | btree         | 2208 kB | 
 public | t_c37_idx9  | index | tomas | t     | permanent   | btree         | 2208 kB | 
 public | t_c38_idx   | index | tomas | t     | permanent   | btree         | 2208 kB | 
 public | t_c38_idx1  | index | tomas | t     | permanent   | btree         | 2208 kB | 
 public | t_c38_idx2  | index | tomas | t     | permanent   | btree         | 2208 kB | 
 public | t_c38_idx3  | index | tomas | t     | permanent   | btree         | 2208 kB | 
 public | t_c38_idx4  | index | tomas | t     | permanent   | btree         | 2208 kB | 
 public | t_c38_idx5  | index | tomas | t     | permanent   | btree         | 2208 kB | 
 public | t_c38_idx6  | index | tomas | t     | permanent   | btree         | 2208 kB | 
 public | t_c38_idx7  | index | tomas | t     | permanent   | btree         | 2208 kB | 
 public | t_c38_idx8  | index | tomas | t     | permanent   | btree         | 2208 kB | 
 public | t_c38_idx9  | index | tomas | t     | permanent   | btree         | 2208 kB | 
 public | t_c39_idx   | index | tomas | t     | permanent   | btree         | 2208 kB | 
 public | t_c39_idx1  | index | tomas | t     | permanent   | btree         | 2208 kB | 
 public | t_c39_idx2  | index | tomas | t     | permanent   | btree         | 2208 kB | 
 public | t_c39_idx3  | index | tomas | t     | permanent   | btree         | 2208 kB | 
 public | t_c39_idx4  | index | tomas | t     | permanent   | btree         | 2208 kB | 
 public | t_c39_idx5  | index | tomas | t     | permanent   | btree         | 2208 kB | 
 public | t_c39_idx6  | index | tomas | t     | permanent   | btree         | 2208 kB | 
 public | t_c39_idx7  | index | tomas | t     | permanent   | btree         | 2208 kB | 
 public | t_c39_idx8  | index | tomas | t     | permanent   | btree         | 2208 kB | 
 public | t_c39_idx9  | index | tomas | t     | permanent   | btree         | 2208 kB | 
 public | t_c3_idx    | index | tomas | t     | permanent   | btree         | 2208 kB | 
 public | t_c3_idx1   | index | tomas | t     | permanent   | btree         | 2208 kB | 
 public | t_c3_idx2   | index | tomas | t     | permanent   | btree         | 2208 kB | 
 public | t_c3_idx3   | index | tomas | t     | permanent   | btree         | 2208 kB | 
 public | t_c3_idx4   | index | tomas | t     | permanent   | btree         | 2208 kB | 
 public | t_c3_idx5   | index | tomas | t     | permanent   | btree         | 2208 kB | 
 public | t_c3_idx6   | index | tomas | t     | permanent   | btree         | 2208 kB | 
 public | t_c3_idx7   | index | tomas | t     | permanent   | btree         | 2208 kB | 
 public | t_c3_idx8   | index | tomas | t     | permanent   | btree         | 2208 kB | 
 public | t_c3_idx9   | index | tomas | t     | permanent   | btree         | 2208 kB | 
 public | t_c40_idx   | index | tomas | t     | permanent   | btree         | 2208 kB | 
 public | t_c40_idx1  | index | tomas | t     | permanent   | btree         | 2208 kB | 
 public | t_c40_idx2  | index | tomas | t     | permanent   | btree         | 2208 kB | 
 public | t_c40_idx3  | index | tomas | t     | permanent   | btree         | 2208 kB | 
 public | t_c40_idx4  | index | tomas | t     | permanent   | btree         | 2208 kB | 
 public | t_c40_idx5  | index | tomas | t     | permanent   | btree         | 2208 kB | 
 public | t_c40_idx6  | index | tomas | t     | permanent   | btree         | 2208 kB | 
 public | t_c40_idx7  | index | tomas | t     | permanent   | btree         | 2208 kB | 
 public | t_c40_idx8  | index | tomas | t     | permanent   | btree         | 2208 kB | 
 public | t_c40_idx9  | index | tomas | t     | permanent   | btree         | 2208 kB | 
 public | t_c41_idx   | index | tomas | t     | permanent   | btree         | 2208 kB | 
 public | t_c41_idx1  | index | tomas | t     | permanent   | btree         | 2208 kB | 
 public | t_c41_idx2  | index | tomas | t     | permanent   | btree         | 2208 kB | 
 public | t_c41_idx3  | index | tomas | t     | permanent   | btree         | 2208 kB | 
 public | t_c41_idx4  | index | tomas | t     | permanent   | btree         | 2208 kB | 
 public | t_c41_idx5  | index | tomas | t     | permanent   | btree         | 2208 kB | 
 public | t_c41_idx6  | index | tomas | t     | permanent   | btree         | 2208 kB | 
 public | t_c41_idx7  | index | tomas | t     | permanent   | btree         | 2208 kB | 
 public | t_c41_idx8  | index | tomas | t     | permanent   | btree         | 2208 kB | 
 public | t_c41_idx9  | index | tomas | t     | permanent   | btree         | 2208 kB | 
 public | t_c42_idx   | index | tomas | t     | permanent   | btree         | 2208 kB | 
 public | t_c42_idx1  | index | tomas | t     | permanent   | btree         | 2208 kB | 
 public | t_c42_idx2  | index | tomas | t     | permanent   | btree         | 2208 kB | 
 public | t_c42_idx3  | index | tomas | t     | permanent   | btree         | 2208 kB | 
 public | t_c42_idx4  | index | tomas | t     | permanent   | btree         | 2208 kB | 
 public | t_c42_idx5  | index | tomas | t     | permanent   | btree         | 2208 kB | 
 public | t_c42_idx6  | index | tomas | t     | permanent   | btree         | 2208 kB | 
 public | t_c42_idx7  | index | tomas | t     | permanent   | btree         | 2208 kB | 
 public | t_c42_idx8  | index | tomas | t     | permanent   | btree         | 2208 kB | 
 public | t_c42_idx9  | index | tomas | t     | permanent   | btree         | 2208 kB | 
 public | t_c43_idx   | index | tomas | t     | permanent   | btree         | 2208 kB | 
 public | t_c43_idx1  | index | tomas | t     | permanent   | btree         | 2208 kB | 
 public | t_c43_idx2  | index | tomas | t     | permanent   | btree         | 2208 kB | 
 public | t_c43_idx3  | index | tomas | t     | permanent   | btree         | 2208 kB | 
 public | t_c43_idx4  | index | tomas | t     | permanent   | btree         | 2208 kB | 
 public | t_c43_idx5  | index | tomas | t     | permanent   | btree         | 2208 kB | 
 public | t_c43_idx6  | index | tomas | t     | permanent   | btree         | 2208 kB | 
 public | t_c43_idx7  | index | tomas | t     | permanent   | btree         | 2208 kB | 
 public | t_c43_idx8  | index | tomas | t     | permanent   | btree         | 2208 kB | 
 public | t_c43_idx9  | index | tomas | t     | permanent   | btree         | 2208 kB | 
 public | t_c44_idx   | index | tomas | t     | permanent   | btree         | 2208 kB | 
 public | t_c44_idx1  | index | tomas | t     | permanent   | btree         | 2208 kB | 
 public | t_c44_idx2  | index | tomas | t     | permanent   | btree         | 2208 kB | 
 public | t_c44_idx3  | index | tomas | t     | permanent   | btree         | 2208 kB | 
 public | t_c44_idx4  | index | tomas | t     | permanent   | btree         | 2208 kB | 
 public | t_c44_idx5  | index | tomas | t     | permanent   | btree         | 2208 kB | 
 public | t_c44_idx6  | index | tomas | t     | permanent   | btree         | 2208 kB | 
 public | t_c44_idx7  | index | tomas | t     | permanent   | btree         | 2208 kB | 
 public | t_c44_idx8  | index | tomas | t     | permanent   | btree         | 2208 kB | 
 public | t_c44_idx9  | index | tomas | t     | permanent   | btree         | 2208 kB | 
 public | t_c45_idx   | index | tomas | t     | permanent   | btree         | 2208 kB | 
 public | t_c45_idx1  | index | tomas | t     | permanent   | btree         | 2208 kB | 
 public | t_c45_idx2  | index | tomas | t     | permanent   | btree         | 2208 kB | 
 public | t_c45_idx3  | index | tomas | t     | permanent   | btree         | 2208 kB | 
 public | t_c45_idx4  | index | tomas | t     | permanent   | btree         | 2208 kB | 
 public | t_c45_idx5  | index | tomas | t     | permanent   | btree         | 2208 kB | 
 public | t_c45_idx6  | index | tomas | t     | permanent   | btree         | 2208 kB | 
 public | t_c45_idx7  | index | tomas | t     | permanent   | btree         | 2208 kB | 
 public | t_c45_idx8  | index | tomas | t     | permanent   | btree         | 2208 kB | 
 public | t_c45_idx9  | index | tomas | t     | permanent   | btree         | 2208 kB | 
 public | t_c46_idx   | index | tomas | t     | permanent   | btree         | 2208 kB | 
 public | t_c46_idx1  | index | tomas | t     | permanent   | btree         | 2208 kB | 
 public | t_c46_idx2  | index | tomas | t     | permanent   | btree         | 2208 kB | 
 public | t_c46_idx3  | index | tomas | t     | permanent   | btree         | 2208 kB | 
 public | t_c46_idx4  | index | tomas | t     | permanent   | btree         | 2208 kB | 
 public | t_c46_idx5  | index | tomas | t     | permanent   | btree         | 2208 kB | 
 public | t_c46_idx6  | index | tomas | t     | permanent   | btree         | 2208 kB | 
 public | t_c46_idx7  | index | tomas | t     | permanent   | btree         | 2208 kB | 
 public | t_c46_idx8  | index | tomas | t     | permanent   | btree         | 2208 kB | 
 public | t_c46_idx9  | index | tomas | t     | permanent   | btree         | 2208 kB | 
 public | t_c47_idx   | index | tomas | t     | permanent   | btree         | 2208 kB | 
 public | t_c47_idx1  | index | tomas | t     | permanent   | btree         | 2208 kB | 
 public | t_c47_idx2  | index | tomas | t     | permanent   | btree         | 2208 kB | 
 public | t_c47_idx3  | index | tomas | t     | permanent   | btree         | 2208 kB | 
 public | t_c47_idx4  | index | tomas | t     | permanent   | btree         | 2208 kB | 
 public | t_c47_idx5  | index | tomas | t     | permanent   | btree         | 2208 kB | 
 public | t_c47_idx6  | index | tomas | t     | permanent   | btree         | 2208 kB | 
 public | t_c47_idx7  | index | tomas | t     | permanent   | btree         | 2208 kB | 
 public | t_c47_idx8  | index | tomas | t     | permanent   | btree         | 2208 kB | 
 public | t_c47_idx9  | index | tomas | t     | permanent   | btree         | 2208 kB | 
 public | t_c48_idx   | index | tomas | t     | permanent   | btree         | 2208 kB | 
 public | t_c48_idx1  | index | tomas | t     | permanent   | btree         | 2208 kB | 
 public | t_c48_idx2  | index | tomas | t     | permanent   | btree         | 2208 kB | 
 public | t_c48_idx3  | index | tomas | t     | permanent   | btree         | 2208 kB | 
 public | t_c48_idx4  | index | tomas | t     | permanent   | btree         | 2208 kB | 
 public | t_c48_idx5  | index | tomas | t     | permanent   | btree         | 2208 kB | 
 public | t_c48_idx6  | index | tomas | t     | permanent   | btree         | 2208 kB | 
 public | t_c48_idx7  | index | tomas | t     | permanent   | btree         | 2208 kB | 
 public | t_c48_idx8  | index | tomas | t     | permanent   | btree         | 2208 kB | 
 public | t_c48_idx9  | index | tomas | t     | permanent   | btree         | 2208 kB | 
 public | t_c49_idx   | index | tomas | t     | permanent   | btree         | 2208 kB | 
 public | t_c49_idx1  | index | tomas | t     | permanent   | btree         | 2208 kB | 
 public | t_c49_idx2  | index | tomas | t     | permanent   | btree         | 2208 kB | 
 public | t_c49_idx3  | index | tomas | t     | permanent   | btree         | 2208 kB | 
 public | t_c49_idx4  | index | tomas | t     | permanent   | btree         | 2208 kB | 
 public | t_c49_idx5  | index | tomas | t     | permanent   | btree         | 2208 kB | 
 public | t_c49_idx6  | index | tomas | t     | permanent   | btree         | 2208 kB | 
 public | t_c49_idx7  | index | tomas | t     | permanent   | btree         | 2208 kB | 
 public | t_c49_idx8  | index | tomas | t     | permanent   | btree         | 2208 kB | 
 public | t_c49_idx9  | index | tomas | t     | permanent   | btree         | 2208 kB | 
 public | t_c4_idx    | index | tomas | t     | permanent   | btree         | 2208 kB | 
 public | t_c4_idx1   | index | tomas | t     | permanent   | btree         | 2208 kB | 
 public | t_c4_idx2   | index | tomas | t     | permanent   | btree         | 2208 kB | 
 public | t_c4_idx3   | index | tomas | t     | permanent   | btree         | 2208 kB | 
 public | t_c4_idx4   | index | tomas | t     | permanent   | btree         | 2208 kB | 
 public | t_c4_idx5   | index | tomas | t     | permanent   | btree         | 2208 kB | 
 public | t_c4_idx6   | index | tomas | t     | permanent   | btree         | 2208 kB | 
 public | t_c4_idx7   | index | tomas | t     | permanent   | btree         | 2208 kB | 
 public | t_c4_idx8   | index | tomas | t     | permanent   | btree         | 2208 kB | 
 public | t_c4_idx9   | index | tomas | t     | permanent   | btree         | 2208 kB | 
 public | t_c50_idx   | index | tomas | t     | permanent   | btree         | 2208 kB | 
 public | t_c50_idx1  | index | tomas | t     | permanent   | btree         | 2208 kB | 
 public | t_c50_idx2  | index | tomas | t     | permanent   | btree         | 2208 kB | 
 public | t_c50_idx3  | index | tomas | t     | permanent   | btree         | 2208 kB | 
 public | t_c50_idx4  | index | tomas | t     | permanent   | btree         | 2208 kB | 
 public | t_c50_idx5  | index | tomas | t     | permanent   | btree         | 2208 kB | 
 public | t_c50_idx6  | index | tomas | t     | permanent   | btree         | 2208 kB | 
 public | t_c50_idx7  | index | tomas | t     | permanent   | btree         | 2208 kB | 
 public | t_c50_idx8  | index | tomas | t     | permanent   | btree         | 2208 kB | 
 public | t_c50_idx9  | index | tomas | t     | permanent   | btree         | 2208 kB | 
 public | t_c51_idx   | index | tomas | t     | permanent   | btree         | 2208 kB | 
 public | t_c51_idx1  | index | tomas | t     | permanent   | btree         | 2208 kB | 
 public | t_c51_idx2  | index | tomas | t     | permanent   | btree         | 2208 kB | 
 public | t_c51_idx3  | index | tomas | t     | permanent   | btree         | 2208 kB | 
 public | t_c51_idx4  | index | tomas | t     | permanent   | btree         | 2208 kB | 
 public | t_c51_idx5  | index | tomas | t     | permanent   | btree         | 2208 kB | 
 public | t_c51_idx6  | index | tomas | t     | permanent   | btree         | 2208 kB | 
 public | t_c51_idx7  | index | tomas | t     | permanent   | btree         | 2208 kB | 
 public | t_c51_idx8  | index | tomas | t     | permanent   | btree         | 2208 kB | 
 public | t_c51_idx9  | index | tomas | t     | permanent   | btree         | 2208 kB | 
 public | t_c52_idx   | index | tomas | t     | permanent   | btree         | 2208 kB | 
 public | t_c52_idx1  | index | tomas | t     | permanent   | btree         | 2208 kB | 
 public | t_c52_idx2  | index | tomas | t     | permanent   | btree         | 2208 kB | 
 public | t_c52_idx3  | index | tomas | t     | permanent   | btree         | 2208 kB | 
 public | t_c52_idx4  | index | tomas | t     | permanent   | btree         | 2208 kB | 
 public | t_c52_idx5  | index | tomas | t     | permanent   | btree         | 2208 kB | 
 public | t_c52_idx6  | index | tomas | t     | permanent   | btree         | 2208 kB | 
 public | t_c52_idx7  | index | tomas | t     | permanent   | btree         | 2208 kB | 
 public | t_c52_idx8  | index | tomas | t     | permanent   | btree         | 2208 kB | 
 public | t_c52_idx9  | index | tomas | t     | permanent   | btree         | 2208 kB | 
 public | t_c53_idx   | index | tomas | t     | permanent   | btree         | 2208 kB | 
 public | t_c53_idx1  | index | tomas | t     | permanent   | btree         | 2208 kB | 
 public | t_c53_idx2  | index | tomas | t     | permanent   | btree         | 2208 kB | 
 public | t_c53_idx3  | index | tomas | t     | permanent   | btree         | 2208 kB | 
 public | t_c53_idx4  | index | tomas | t     | permanent   | btree         | 2208 kB | 
 public | t_c53_idx5  | index | tomas | t     | permanent   | btree         | 2208 kB | 
 public | t_c53_idx6  | index | tomas | t     | permanent   | btree         | 2208 kB | 
 public | t_c53_idx7  | index | tomas | t     | permanent   | btree         | 2208 kB | 
 public | t_c53_idx8  | index | tomas | t     | permanent   | btree         | 2208 kB | 
 public | t_c53_idx9  | index | tomas | t     | permanent   | btree         | 2208 kB | 
 public | t_c54_idx   | index | tomas | t     | permanent   | btree         | 2208 kB | 
 public | t_c54_idx1  | index | tomas | t     | permanent   | btree         | 2208 kB | 
 public | t_c54_idx2  | index | tomas | t     | permanent   | btree         | 2208 kB | 
 public | t_c54_idx3  | index | tomas | t     | permanent   | btree         | 2208 kB | 
 public | t_c54_idx4  | index | tomas | t     | permanent   | btree         | 2208 kB | 
 public | t_c54_idx5  | index | tomas | t     | permanent   | btree         | 2208 kB | 
 public | t_c54_idx6  | index | tomas | t     | permanent   | btree         | 2208 kB | 
 public | t_c54_idx7  | index | tomas | t     | permanent   | btree         | 2208 kB | 
 public | t_c54_idx8  | index | tomas | t     | permanent   | btree         | 2208 kB | 
 public | t_c54_idx9  | index | tomas | t     | permanent   | btree         | 2208 kB | 
 public | t_c55_idx   | index | tomas | t     | permanent   | btree         | 2208 kB | 
 public | t_c55_idx1  | index | tomas | t     | permanent   | btree         | 2208 kB | 
 public | t_c55_idx2  | index | tomas | t     | permanent   | btree         | 2208 kB | 
 public | t_c55_idx3  | index | tomas | t     | permanent   | btree         | 2208 kB | 
 public | t_c55_idx4  | index | tomas | t     | permanent   | btree         | 2208 kB | 
 public | t_c55_idx5  | index | tomas | t     | permanent   | btree         | 2208 kB | 
 public | t_c55_idx6  | index | tomas | t     | permanent   | btree         | 2208 kB | 
 public | t_c55_idx7  | index | tomas | t     | permanent   | btree         | 2208 kB | 
 public | t_c55_idx8  | index | tomas | t     | permanent   | btree         | 2208 kB | 
 public | t_c55_idx9  | index | tomas | t     | permanent   | btree         | 2208 kB | 
 public | t_c56_idx   | index | tomas | t     | permanent   | btree         | 2208 kB | 
 public | t_c56_idx1  | index | tomas | t     | permanent   | btree         | 2208 kB | 
 public | t_c56_idx2  | index | tomas | t     | permanent   | btree         | 2208 kB | 
 public | t_c56_idx3  | index | tomas | t     | permanent   | btree         | 2208 kB | 
 public | t_c56_idx4  | index | tomas | t     | permanent   | btree         | 2208 kB | 
 public | t_c56_idx5  | index | tomas | t     | permanent   | btree         | 2208 kB | 
 public | t_c56_idx6  | index | tomas | t     | permanent   | btree         | 2208 kB | 
 public | t_c56_idx7  | index | tomas | t     | permanent   | btree         | 2208 kB | 
 public | t_c56_idx8  | index | tomas | t     | permanent   | btree         | 2208 kB | 
 public | t_c56_idx9  | index | tomas | t     | permanent   | btree         | 2208 kB | 
 public | t_c57_idx   | index | tomas | t     | permanent   | btree         | 2208 kB | 
 public | t_c57_idx1  | index | tomas | t     | permanent   | btree         | 2208 kB | 
 public | t_c57_idx2  | index | tomas | t     | permanent   | btree         | 2208 kB | 
 public | t_c57_idx3  | index | tomas | t     | permanent   | btree         | 2208 kB | 
 public | t_c57_idx4  | index | tomas | t     | permanent   | btree         | 2208 kB | 
 public | t_c57_idx5  | index | tomas | t     | permanent   | btree         | 2208 kB | 
 public | t_c57_idx6  | index | tomas | t     | permanent   | btree         | 2208 kB | 
 public | t_c57_idx7  | index | tomas | t     | permanent   | btree         | 2208 kB | 
 public | t_c57_idx8  | index | tomas | t     | permanent   | btree         | 2208 kB | 
 public | t_c57_idx9  | index | tomas | t     | permanent   | btree         | 2208 kB | 
 public | t_c58_idx   | index | tomas | t     | permanent   | btree         | 2208 kB | 
 public | t_c58_idx1  | index | tomas | t     | permanent   | btree         | 2208 kB | 
 public | t_c58_idx2  | index | tomas | t     | permanent   | btree         | 2208 kB | 
 public | t_c58_idx3  | index | tomas | t     | permanent   | btree         | 2208 kB | 
 public | t_c58_idx4  | index | tomas | t     | permanent   | btree         | 2208 kB | 
 public | t_c58_idx5  | index | tomas | t     | permanent   | btree         | 2208 kB | 
 public | t_c58_idx6  | index | tomas | t     | permanent   | btree         | 2208 kB | 
 public | t_c58_idx7  | index | tomas | t     | permanent   | btree         | 2208 kB | 
 public | t_c58_idx8  | index | tomas | t     | permanent   | btree         | 2208 kB | 
 public | t_c58_idx9  | index | tomas | t     | permanent   | btree         | 2208 kB | 
 public | t_c59_idx   | index | tomas | t     | permanent   | btree         | 2208 kB | 
 public | t_c59_idx1  | index | tomas | t     | permanent   | btree         | 2208 kB | 
 public | t_c59_idx2  | index | tomas | t     | permanent   | btree         | 2208 kB | 
 public | t_c59_idx3  | index | tomas | t     | permanent   | btree         | 2208 kB | 
 public | t_c59_idx4  | index | tomas | t     | permanent   | btree         | 2208 kB | 
 public | t_c59_idx5  | index | tomas | t     | permanent   | btree         | 2208 kB | 
 public | t_c59_idx6  | index | tomas | t     | permanent   | btree         | 2208 kB | 
 public | t_c59_idx7  | index | tomas | t     | permanent   | btree         | 2208 kB | 
 public | t_c59_idx8  | index | tomas | t     | permanent   | btree         | 2208 kB | 
 public | t_c59_idx9  | index | tomas | t     | permanent   | btree         | 2208 kB | 
 public | t_c5_idx    | index | tomas | t     | permanent   | btree         | 2208 kB | 
 public | t_c5_idx1   | index | tomas | t     | permanent   | btree         | 2208 kB | 
 public | t_c5_idx2   | index | tomas | t     | permanent   | btree         | 2208 kB | 
 public | t_c5_idx3   | index | tomas | t     | permanent   | btree         | 2208 kB | 
 public | t_c5_idx4   | index | tomas | t     | permanent   | btree         | 2208 kB | 
 public | t_c5_idx5   | index | tomas | t     | permanent   | btree         | 2208 kB | 
 public | t_c5_idx6   | index | tomas | t     | permanent   | btree         | 2208 kB | 
 public | t_c5_idx7   | index | tomas | t     | permanent   | btree         | 2208 kB | 
 public | t_c5_idx8   | index | tomas | t     | permanent   | btree         | 2208 kB | 
 public | t_c5_idx9   | index | tomas | t     | permanent   | btree         | 2208 kB | 
 public | t_c60_idx   | index | tomas | t     | permanent   | btree         | 2208 kB | 
 public | t_c60_idx1  | index | tomas | t     | permanent   | btree         | 2208 kB | 
 public | t_c60_idx2  | index | tomas | t     | permanent   | btree         | 2208 kB | 
 public | t_c60_idx3  | index | tomas | t     | permanent   | btree         | 2208 kB | 
 public | t_c60_idx4  | index | tomas | t     | permanent   | btree         | 2208 kB | 
 public | t_c60_idx5  | index | tomas | t     | permanent   | btree         | 2208 kB | 
 public | t_c60_idx6  | index | tomas | t     | permanent   | btree         | 2208 kB | 
 public | t_c60_idx7  | index | tomas | t     | permanent   | btree         | 2208 kB | 
 public | t_c60_idx8  | index | tomas | t     | permanent   | btree         | 2208 kB | 
 public | t_c60_idx9  | index | tomas | t     | permanent   | btree         | 2208 kB | 
 public | t_c61_idx   | index | tomas | t     | permanent   | btree         | 2208 kB | 
 public | t_c61_idx1  | index | tomas | t     | permanent   | btree         | 2208 kB | 
 public | t_c61_idx2  | index | tomas | t     | permanent   | btree         | 2208 kB | 
 public | t_c61_idx3  | index | tomas | t     | permanent   | btree         | 2208 kB | 
 public | t_c61_idx4  | index | tomas | t     | permanent   | btree         | 2208 kB | 
 public | t_c61_idx5  | index | tomas | t     | permanent   | btree         | 2208 kB | 
 public | t_c61_idx6  | index | tomas | t     | permanent   | btree         | 2208 kB | 
 public | t_c61_idx7  | index | tomas | t     | permanent   | btree         | 2208 kB | 
 public | t_c61_idx8  | index | tomas | t     | permanent   | btree         | 2208 kB | 
 public | t_c61_idx9  | index | tomas | t     | permanent   | btree         | 2208 kB | 
 public | t_c62_idx   | index | tomas | t     | permanent   | btree         | 2208 kB | 
 public | t_c62_idx1  | index | tomas | t     | permanent   | btree         | 2208 kB | 
 public | t_c62_idx2  | index | tomas | t     | permanent   | btree         | 2208 kB | 
 public | t_c62_idx3  | index | tomas | t     | permanent   | btree         | 2208 kB | 
 public | t_c62_idx4  | index | tomas | t     | permanent   | btree         | 2208 kB | 
 public | t_c62_idx5  | index | tomas | t     | permanent   | btree         | 2208 kB | 
 public | t_c62_idx6  | index | tomas | t     | permanent   | btree         | 2208 kB | 
 public | t_c62_idx7  | index | tomas | t     | permanent   | btree         | 2208 kB | 
 public | t_c62_idx8  | index | tomas | t     | permanent   | btree         | 2208 kB | 
 public | t_c62_idx9  | index | tomas | t     | permanent   | btree         | 2208 kB | 
 public | t_c63_idx   | index | tomas | t     | permanent   | btree         | 2208 kB | 
 public | t_c63_idx1  | index | tomas | t     | permanent   | btree         | 2208 kB | 
 public | t_c63_idx2  | index | tomas | t     | permanent   | btree         | 2208 kB | 
 public | t_c63_idx3  | index | tomas | t     | permanent   | btree         | 2208 kB | 
 public | t_c63_idx4  | index | tomas | t     | permanent   | btree         | 2208 kB | 
 public | t_c63_idx5  | index | tomas | t     | permanent   | btree         | 2208 kB | 
 public | t_c63_idx6  | index | tomas | t     | permanent   | btree         | 2208 kB | 
 public | t_c63_idx7  | index | tomas | t     | permanent   | btree         | 2208 kB | 
 public | t_c63_idx8  | index | tomas | t     | permanent   | btree         | 2208 kB | 
 public | t_c63_idx9  | index | tomas | t     | permanent   | btree         | 2208 kB | 
 public | t_c64_idx   | index | tomas | t     | permanent   | btree         | 2208 kB | 
 public | t_c64_idx1  | index | tomas | t     | permanent   | btree         | 2208 kB | 
 public | t_c64_idx2  | index | tomas | t     | permanent   | btree         | 2208 kB | 
 public | t_c64_idx3  | index | tomas | t     | permanent   | btree         | 2208 kB | 
 public | t_c64_idx4  | index | tomas | t     | permanent   | btree         | 2208 kB | 
 public | t_c64_idx5  | index | tomas | t     | permanent   | btree         | 2208 kB | 
 public | t_c64_idx6  | index | tomas | t     | permanent   | btree         | 2208 kB | 
 public | t_c64_idx7  | index | tomas | t     | permanent   | btree         | 2208 kB | 
 public | t_c64_idx8  | index | tomas | t     | permanent   | btree         | 2208 kB | 
 public | t_c64_idx9  | index | tomas | t     | permanent   | btree         | 2208 kB | 
 public | t_c65_idx   | index | tomas | t     | permanent   | btree         | 2208 kB | 
 public | t_c65_idx1  | index | tomas | t     | permanent   | btree         | 2208 kB | 
 public | t_c65_idx2  | index | tomas | t     | permanent   | btree         | 2208 kB | 
 public | t_c65_idx3  | index | tomas | t     | permanent   | btree         | 2208 kB | 
 public | t_c65_idx4  | index | tomas | t     | permanent   | btree         | 2208 kB | 
 public | t_c65_idx5  | index | tomas | t     | permanent   | btree         | 2208 kB | 
 public | t_c65_idx6  | index | tomas | t     | permanent   | btree         | 2208 kB | 
 public | t_c65_idx7  | index | tomas | t     | permanent   | btree         | 2208 kB | 
 public | t_c65_idx8  | index | tomas | t     | permanent   | btree         | 2208 kB | 
 public | t_c65_idx9  | index | tomas | t     | permanent   | btree         | 2208 kB | 
 public | t_c66_idx   | index | tomas | t     | permanent   | btree         | 2208 kB | 
 public | t_c66_idx1  | index | tomas | t     | permanent   | btree         | 2208 kB | 
 public | t_c66_idx2  | index | tomas | t     | permanent   | btree         | 2208 kB | 
 public | t_c66_idx3  | index | tomas | t     | permanent   | btree         | 2208 kB | 
 public | t_c66_idx4  | index | tomas | t     | permanent   | btree         | 2208 kB | 
 public | t_c66_idx5  | index | tomas | t     | permanent   | btree         | 2208 kB | 
 public | t_c66_idx6  | index | tomas | t     | permanent   | btree         | 2208 kB | 
 public | t_c66_idx7  | index | tomas | t     | permanent   | btree         | 2208 kB | 
 public | t_c66_idx8  | index | tomas | t     | permanent   | btree         | 2208 kB | 
 public | t_c66_idx9  | index | tomas | t     | permanent   | btree         | 2208 kB | 
 public | t_c67_idx   | index | tomas | t     | permanent   | btree         | 2208 kB | 
 public | t_c67_idx1  | index | tomas | t     | permanent   | btree         | 2208 kB | 
 public | t_c67_idx2  | index | tomas | t     | permanent   | btree         | 2208 kB | 
 public | t_c67_idx3  | index | tomas | t     | permanent   | btree         | 2208 kB | 
 public | t_c67_idx4  | index | tomas | t     | permanent   | btree         | 2208 kB | 
 public | t_c67_idx5  | index | tomas | t     | permanent   | btree         | 2208 kB | 
 public | t_c67_idx6  | index | tomas | t     | permanent   | btree         | 2208 kB | 
 public | t_c67_idx7  | index | tomas | t     | permanent   | btree         | 2208 kB | 
 public | t_c67_idx8  | index | tomas | t     | permanent   | btree         | 2208 kB | 
 public | t_c67_idx9  | index | tomas | t     | permanent   | btree         | 2208 kB | 
 public | t_c68_idx   | index | tomas | t     | permanent   | btree         | 2208 kB | 
 public | t_c68_idx1  | index | tomas | t     | permanent   | btree         | 2208 kB | 
 public | t_c68_idx2  | index | tomas | t     | permanent   | btree         | 2208 kB | 
 public | t_c68_idx3  | index | tomas | t     | permanent   | btree         | 2208 kB | 
 public | t_c68_idx4  | index | tomas | t     | permanent   | btree         | 2208 kB | 
 public | t_c68_idx5  | index | tomas | t     | permanent   | btree         | 2208 kB | 
 public | t_c68_idx6  | index | tomas | t     | permanent   | btree         | 2208 kB | 
 public | t_c68_idx7  | index | tomas | t     | permanent   | btree         | 2208 kB | 
 public | t_c68_idx8  | index | tomas | t     | permanent   | btree         | 2208 kB | 
 public | t_c68_idx9  | index | tomas | t     | permanent   | btree         | 2208 kB | 
 public | t_c69_idx   | index | tomas | t     | permanent   | btree         | 2208 kB | 
 public | t_c69_idx1  | index | tomas | t     | permanent   | btree         | 2208 kB | 
 public | t_c69_idx2  | index | tomas | t     | permanent   | btree         | 2208 kB | 
 public | t_c69_idx3  | index | tomas | t     | permanent   | btree         | 2208 kB | 
 public | t_c69_idx4  | index | tomas | t     | permanent   | btree         | 2208 kB | 
 public | t_c69_idx5  | index | tomas | t     | permanent   | btree         | 2208 kB | 
 public | t_c69_idx6  | index | tomas | t     | permanent   | btree         | 2208 kB | 
 public | t_c69_idx7  | index | tomas | t     | permanent   | btree         | 2208 kB | 
 public | t_c69_idx8  | index | tomas | t     | permanent   | btree         | 2208 kB | 
 public | t_c69_idx9  | index | tomas | t     | permanent   | btree         | 2208 kB | 
 public | t_c6_idx    | index | tomas | t     | permanent   | btree         | 2208 kB | 
 public | t_c6_idx1   | index | tomas | t     | permanent   | btree         | 2208 kB | 
 public | t_c6_idx2   | index | tomas | t     | permanent   | btree         | 2208 kB | 
 public | t_c6_idx3   | index | tomas | t     | permanent   | btree         | 2208 kB | 
 public | t_c6_idx4   | index | tomas | t     | permanent   | btree         | 2208 kB | 
 public | t_c6_idx5   | index | tomas | t     | permanent   | btree         | 2208 kB | 
 public | t_c6_idx6   | index | tomas | t     | permanent   | btree         | 2208 kB | 
 public | t_c6_idx7   | index | tomas | t     | permanent   | btree         | 2208 kB | 
 public | t_c6_idx8   | index | tomas | t     | permanent   | btree         | 2208 kB | 
 public | t_c6_idx9   | index | tomas | t     | permanent   | btree         | 2208 kB | 
 public | t_c70_idx   | index | tomas | t     | permanent   | btree         | 2208 kB | 
 public | t_c70_idx1  | index | tomas | t     | permanent   | btree         | 2208 kB | 
 public | t_c70_idx2  | index | tomas | t     | permanent   | btree         | 2208 kB | 
 public | t_c70_idx3  | index | tomas | t     | permanent   | btree         | 2208 kB | 
 public | t_c70_idx4  | index | tomas | t     | permanent   | btree         | 2208 kB | 
 public | t_c70_idx5  | index | tomas | t     | permanent   | btree         | 2208 kB | 
 public | t_c70_idx6  | index | tomas | t     | permanent   | btree         | 2208 kB | 
 public | t_c70_idx7  | index | tomas | t     | permanent   | btree         | 2208 kB | 
 public | t_c70_idx8  | index | tomas | t     | permanent   | btree         | 2208 kB | 
 public | t_c70_idx9  | index | tomas | t     | permanent   | btree         | 2208 kB | 
 public | t_c71_idx   | index | tomas | t     | permanent   | btree         | 2208 kB | 
 public | t_c71_idx1  | index | tomas | t     | permanent   | btree         | 2208 kB | 
 public | t_c71_idx2  | index | tomas | t     | permanent   | btree         | 2208 kB | 
 public | t_c71_idx3  | index | tomas | t     | permanent   | btree         | 2208 kB | 
 public | t_c71_idx4  | index | tomas | t     | permanent   | btree         | 2208 kB | 
 public | t_c71_idx5  | index | tomas | t     | permanent   | btree         | 2208 kB | 
 public | t_c71_idx6  | index | tomas | t     | permanent   | btree         | 2208 kB | 
 public | t_c71_idx7  | index | tomas | t     | permanent   | btree         | 2208 kB | 
 public | t_c71_idx8  | index | tomas | t     | permanent   | btree         | 2208 kB | 
 public | t_c71_idx9  | index | tomas | t     | permanent   | btree         | 2208 kB | 
 public | t_c72_idx   | index | tomas | t     | permanent   | btree         | 2208 kB | 
 public | t_c72_idx1  | index | tomas | t     | permanent   | btree         | 2208 kB | 
 public | t_c72_idx2  | index | tomas | t     | permanent   | btree         | 2208 kB | 
 public | t_c72_idx3  | index | tomas | t     | permanent   | btree         | 2208 kB | 
 public | t_c72_idx4  | index | tomas | t     | permanent   | btree         | 2208 kB | 
 public | t_c72_idx5  | index | tomas | t     | permanent   | btree         | 2208 kB | 
 public | t_c72_idx6  | index | tomas | t     | permanent   | btree         | 2208 kB | 
 public | t_c72_idx7  | index | tomas | t     | permanent   | btree         | 2208 kB | 
 public | t_c72_idx8  | index | tomas | t     | permanent   | btree         | 2208 kB | 
 public | t_c72_idx9  | index | tomas | t     | permanent   | btree         | 2208 kB | 
 public | t_c73_idx   | index | tomas | t     | permanent   | btree         | 2208 kB | 
 public | t_c73_idx1  | index | tomas | t     | permanent   | btree         | 2208 kB | 
 public | t_c73_idx2  | index | tomas | t     | permanent   | btree         | 2208 kB | 
 public | t_c73_idx3  | index | tomas | t     | permanent   | btree         | 2208 kB | 
 public | t_c73_idx4  | index | tomas | t     | permanent   | btree         | 2208 kB | 
 public | t_c73_idx5  | index | tomas | t     | permanent   | btree         | 2208 kB | 
 public | t_c73_idx6  | index | tomas | t     | permanent   | btree         | 2208 kB | 
 public | t_c73_idx7  | index | tomas | t     | permanent   | btree         | 2208 kB | 
 public | t_c73_idx8  | index | tomas | t     | permanent   | btree         | 2208 kB | 
 public | t_c73_idx9  | index | tomas | t     | permanent   | btree         | 2208 kB | 
 public | t_c74_idx   | index | tomas | t     | permanent   | btree         | 2208 kB | 
 public | t_c74_idx1  | index | tomas | t     | permanent   | btree         | 2208 kB | 
 public | t_c74_idx2  | index | tomas | t     | permanent   | btree         | 2208 kB | 
 public | t_c74_idx3  | index | tomas | t     | permanent   | btree         | 2208 kB | 
 public | t_c74_idx4  | index | tomas | t     | permanent   | btree         | 2208 kB | 
 public | t_c74_idx5  | index | tomas | t     | permanent   | btree         | 2208 kB | 
 public | t_c74_idx6  | index | tomas | t     | permanent   | btree         | 2208 kB | 
 public | t_c74_idx7  | index | tomas | t     | permanent   | btree         | 2208 kB | 
 public | t_c74_idx8  | index | tomas | t     | permanent   | btree         | 2208 kB | 
 public | t_c74_idx9  | index | tomas | t     | permanent   | btree         | 2208 kB | 
 public | t_c75_idx   | index | tomas | t     | permanent   | btree         | 2208 kB | 
 public | t_c75_idx1  | index | tomas | t     | permanent   | btree         | 2208 kB | 
 public | t_c75_idx2  | index | tomas | t     | permanent   | btree         | 2208 kB | 
 public | t_c75_idx3  | index | tomas | t     | permanent   | btree         | 2208 kB | 
 public | t_c75_idx4  | index | tomas | t     | permanent   | btree         | 2208 kB | 
 public | t_c75_idx5  | index | tomas | t     | permanent   | btree         | 2208 kB | 
 public | t_c75_idx6  | index | tomas | t     | permanent   | btree         | 2208 kB | 
 public | t_c75_idx7  | index | tomas | t     | permanent   | btree         | 2208 kB | 
 public | t_c75_idx8  | index | tomas | t     | permanent   | btree         | 2208 kB | 
 public | t_c75_idx9  | index | tomas | t     | permanent   | btree         | 2208 kB | 
 public | t_c76_idx   | index | tomas | t     | permanent   | btree         | 2208 kB | 
 public | t_c76_idx1  | index | tomas | t     | permanent   | btree         | 2208 kB | 
 public | t_c76_idx2  | index | tomas | t     | permanent   | btree         | 2208 kB | 
 public | t_c76_idx3  | index | tomas | t     | permanent   | btree         | 2208 kB | 
 public | t_c76_idx4  | index | tomas | t     | permanent   | btree         | 2208 kB | 
 public | t_c76_idx5  | index | tomas | t     | permanent   | btree         | 2208 kB | 
 public | t_c76_idx6  | index | tomas | t     | permanent   | btree         | 2208 kB | 
 public | t_c76_idx7  | index | tomas | t     | permanent   | btree         | 2208 kB | 
 public | t_c76_idx8  | index | tomas | t     | permanent   | btree         | 2208 kB | 
 public | t_c76_idx9  | index | tomas | t     | permanent   | btree         | 2208 kB | 
 public | t_c77_idx   | index | tomas | t     | permanent   | btree         | 2208 kB | 
 public | t_c77_idx1  | index | tomas | t     | permanent   | btree         | 2208 kB | 
 public | t_c77_idx2  | index | tomas | t     | permanent   | btree         | 2208 kB | 
 public | t_c77_idx3  | index | tomas | t     | permanent   | btree         | 2208 kB | 
 public | t_c77_idx4  | index | tomas | t     | permanent   | btree         | 2208 kB | 
 public | t_c77_idx5  | index | tomas | t     | permanent   | btree         | 2208 kB | 
 public | t_c77_idx6  | index | tomas | t     | permanent   | btree         | 2208 kB | 
 public | t_c77_idx7  | index | tomas | t     | permanent   | btree         | 2208 kB | 
 public | t_c77_idx8  | index | tomas | t     | permanent   | btree         | 2208 kB | 
 public | t_c77_idx9  | index | tomas | t     | permanent   | btree         | 2208 kB | 
 public | t_c78_idx   | index | tomas | t     | permanent   | btree         | 2208 kB | 
 public | t_c78_idx1  | index | tomas | t     | permanent   | btree         | 2208 kB | 
 public | t_c78_idx2  | index | tomas | t     | permanent   | btree         | 2208 kB | 
 public | t_c78_idx3  | index | tomas | t     | permanent   | btree         | 2208 kB | 
 public | t_c78_idx4  | index | tomas | t     | permanent   | btree         | 2208 kB | 
 public | t_c78_idx5  | index | tomas | t     | permanent   | btree         | 2208 kB | 
 public | t_c78_idx6  | index | tomas | t     | permanent   | btree         | 2208 kB | 
 public | t_c78_idx7  | index | tomas | t     | permanent   | btree         | 2208 kB | 
 public | t_c78_idx8  | index | tomas | t     | permanent   | btree         | 2208 kB | 
 public | t_c78_idx9  | index | tomas | t     | permanent   | btree         | 2208 kB | 
 public | t_c79_idx   | index | tomas | t     | permanent   | btree         | 2208 kB | 
 public | t_c79_idx1  | index | tomas | t     | permanent   | btree         | 2208 kB | 
 public | t_c79_idx2  | index | tomas | t     | permanent   | btree         | 2208 kB | 
 public | t_c79_idx3  | index | tomas | t     | permanent   | btree         | 2208 kB | 
 public | t_c79_idx4  | index | tomas | t     | permanent   | btree         | 2208 kB | 
 public | t_c79_idx5  | index | tomas | t     | permanent   | btree         | 2208 kB | 
 public | t_c79_idx6  | index | tomas | t     | permanent   | btree         | 2208 kB | 
 public | t_c79_idx7  | index | tomas | t     | permanent   | btree         | 2208 kB | 
 public | t_c79_idx8  | index | tomas | t     | permanent   | btree         | 2208 kB | 
 public | t_c79_idx9  | index | tomas | t     | permanent   | btree         | 2208 kB | 
 public | t_c7_idx    | index | tomas | t     | permanent   | btree         | 2208 kB | 
 public | t_c7_idx1   | index | tomas | t     | permanent   | btree         | 2208 kB | 
 public | t_c7_idx2   | index | tomas | t     | permanent   | btree         | 2208 kB | 
 public | t_c7_idx3   | index | tomas | t     | permanent   | btree         | 2208 kB | 
 public | t_c7_idx4   | index | tomas | t     | permanent   | btree         | 2208 kB | 
 public | t_c7_idx5   | index | tomas | t     | permanent   | btree         | 2208 kB | 
 public | t_c7_idx6   | index | tomas | t     | permanent   | btree         | 2208 kB | 
 public | t_c7_idx7   | index | tomas | t     | permanent   | btree         | 2208 kB | 
 public | t_c7_idx8   | index | tomas | t     | permanent   | btree         | 2208 kB | 
 public | t_c7_idx9   | index | tomas | t     | permanent   | btree         | 2208 kB | 
 public | t_c80_idx   | index | tomas | t     | permanent   | btree         | 2208 kB | 
 public | t_c80_idx1  | index | tomas | t     | permanent   | btree         | 2208 kB | 
 public | t_c80_idx2  | index | tomas | t     | permanent   | btree         | 2208 kB | 
 public | t_c80_idx3  | index | tomas | t     | permanent   | btree         | 2208 kB | 
 public | t_c80_idx4  | index | tomas | t     | permanent   | btree         | 2208 kB | 
 public | t_c80_idx5  | index | tomas | t     | permanent   | btree         | 2208 kB | 
 public | t_c80_idx6  | index | tomas | t     | permanent   | btree         | 2208 kB | 
 public | t_c80_idx7  | index | tomas | t     | permanent   | btree         | 2208 kB | 
 public | t_c80_idx8  | index | tomas | t     | permanent   | btree         | 2208 kB | 
 public | t_c80_idx9  | index | tomas | t     | permanent   | btree         | 2208 kB | 
 public | t_c81_idx   | index | tomas | t     | permanent   | btree         | 2208 kB | 
 public | t_c81_idx1  | index | tomas | t     | permanent   | btree         | 2208 kB | 
 public | t_c81_idx2  | index | tomas | t     | permanent   | btree         | 2208 kB | 
 public | t_c81_idx3  | index | tomas | t     | permanent   | btree         | 2208 kB | 
 public | t_c81_idx4  | index | tomas | t     | permanent   | btree         | 2208 kB | 
 public | t_c81_idx5  | index | tomas | t     | permanent   | btree         | 2208 kB | 
 public | t_c81_idx6  | index | tomas | t     | permanent   | btree         | 2208 kB | 
 public | t_c81_idx7  | index | tomas | t     | permanent   | btree         | 2208 kB | 
 public | t_c81_idx8  | index | tomas | t     | permanent   | btree         | 2208 kB | 
 public | t_c81_idx9  | index | tomas | t     | permanent   | btree         | 2208 kB | 
 public | t_c82_idx   | index | tomas | t     | permanent   | btree         | 2208 kB | 
 public | t_c82_idx1  | index | tomas | t     | permanent   | btree         | 2208 kB | 
 public | t_c82_idx2  | index | tomas | t     | permanent   | btree         | 2208 kB | 
 public | t_c82_idx3  | index | tomas | t     | permanent   | btree         | 2208 kB | 
 public | t_c82_idx4  | index | tomas | t     | permanent   | btree         | 2208 kB | 
 public | t_c82_idx5  | index | tomas | t     | permanent   | btree         | 2208 kB | 
 public | t_c82_idx6  | index | tomas | t     | permanent   | btree         | 2208 kB | 
 public | t_c82_idx7  | index | tomas | t     | permanent   | btree         | 2208 kB | 
 public | t_c82_idx8  | index | tomas | t     | permanent   | btree         | 2208 kB | 
 public | t_c82_idx9  | index | tomas | t     | permanent   | btree         | 2208 kB | 
 public | t_c83_idx   | index | tomas | t     | permanent   | btree         | 2208 kB | 
 public | t_c83_idx1  | index | tomas | t     | permanent   | btree         | 2208 kB | 
 public | t_c83_idx2  | index | tomas | t     | permanent   | btree         | 2208 kB | 
 public | t_c83_idx3  | index | tomas | t     | permanent   | btree         | 2208 kB | 
 public | t_c83_idx4  | index | tomas | t     | permanent   | btree         | 2208 kB | 
 public | t_c83_idx5  | index | tomas | t     | permanent   | btree         | 2208 kB | 
 public | t_c83_idx6  | index | tomas | t     | permanent   | btree         | 2208 kB | 
 public | t_c83_idx7  | index | tomas | t     | permanent   | btree         | 2208 kB | 
 public | t_c83_idx8  | index | tomas | t     | permanent   | btree         | 2208 kB | 
 public | t_c83_idx9  | index | tomas | t     | permanent   | btree         | 2208 kB | 
 public | t_c84_idx   | index | tomas | t     | permanent   | btree         | 2208 kB | 
 public | t_c84_idx1  | index | tomas | t     | permanent   | btree         | 2208 kB | 
 public | t_c84_idx2  | index | tomas | t     | permanent   | btree         | 2208 kB | 
 public | t_c84_idx3  | index | tomas | t     | permanent   | btree         | 2208 kB | 
 public | t_c84_idx4  | index | tomas | t     | permanent   | btree         | 2208 kB | 
 public | t_c84_idx5  | index | tomas | t     | permanent   | btree         | 2208 kB | 
 public | t_c84_idx6  | index | tomas | t     | permanent   | btree         | 2208 kB | 
 public | t_c84_idx7  | index | tomas | t     | permanent   | btree         | 2208 kB | 
 public | t_c84_idx8  | index | tomas | t     | permanent   | btree         | 2208 kB | 
 public | t_c84_idx9  | index | tomas | t     | permanent   | btree         | 2208 kB | 
 public | t_c85_idx   | index | tomas | t     | permanent   | btree         | 2208 kB | 
 public | t_c85_idx1  | index | tomas | t     | permanent   | btree         | 2208 kB | 
 public | t_c85_idx2  | index | tomas | t     | permanent   | btree         | 2208 kB | 
 public | t_c85_idx3  | index | tomas | t     | permanent   | btree         | 2208 kB | 
 public | t_c85_idx4  | index | tomas | t     | permanent   | btree         | 2208 kB | 
 public | t_c85_idx5  | index | tomas | t     | permanent   | btree         | 2208 kB | 
 public | t_c85_idx6  | index | tomas | t     | permanent   | btree         | 2208 kB | 
 public | t_c85_idx7  | index | tomas | t     | permanent   | btree         | 2208 kB | 
 public | t_c85_idx8  | index | tomas | t     | permanent   | btree         | 2208 kB | 
 public | t_c85_idx9  | index | tomas | t     | permanent   | btree         | 2208 kB | 
 public | t_c86_idx   | index | tomas | t     | permanent   | btree         | 2208 kB | 
 public | t_c86_idx1  | index | tomas | t     | permanent   | btree         | 2208 kB | 
 public | t_c86_idx2  | index | tomas | t     | permanent   | btree         | 2208 kB | 
 public | t_c86_idx3  | index | tomas | t     | permanent   | btree         | 2208 kB | 
 public | t_c86_idx4  | index | tomas | t     | permanent   | btree         | 2208 kB | 
 public | t_c86_idx5  | index | tomas | t     | permanent   | btree         | 2208 kB | 
 public | t_c86_idx6  | index | tomas | t     | permanent   | btree         | 2208 kB | 
 public | t_c86_idx7  | index | tomas | t     | permanent   | btree         | 2208 kB | 
 public | t_c86_idx8  | index | tomas | t     | permanent   | btree         | 2208 kB | 
 public | t_c86_idx9  | index | tomas | t     | permanent   | btree         | 2208 kB | 
 public | t_c87_idx   | index | tomas | t     | permanent   | btree         | 2208 kB | 
 public | t_c87_idx1  | index | tomas | t     | permanent   | btree         | 2208 kB | 
 public | t_c87_idx2  | index | tomas | t     | permanent   | btree         | 2208 kB | 
 public | t_c87_idx3  | index | tomas | t     | permanent   | btree         | 2208 kB | 
 public | t_c87_idx4  | index | tomas | t     | permanent   | btree         | 2208 kB | 
 public | t_c87_idx5  | index | tomas | t     | permanent   | btree         | 2208 kB | 
 public | t_c87_idx6  | index | tomas | t     | permanent   | btree         | 2208 kB | 
 public | t_c87_idx7  | index | tomas | t     | permanent   | btree         | 2208 kB | 
 public | t_c87_idx8  | index | tomas | t     | permanent   | btree         | 2208 kB | 
 public | t_c87_idx9  | index | tomas | t     | permanent   | btree         | 2208 kB | 
 public | t_c88_idx   | index | tomas | t     | permanent   | btree         | 2208 kB | 
 public | t_c88_idx1  | index | tomas | t     | permanent   | btree         | 2208 kB | 
 public | t_c88_idx2  | index | tomas | t     | permanent   | btree         | 2208 kB | 
 public | t_c88_idx3  | index | tomas | t     | permanent   | btree         | 2208 kB | 
 public | t_c88_idx4  | index | tomas | t     | permanent   | btree         | 2208 kB | 
 public | t_c88_idx5  | index | tomas | t     | permanent   | btree         | 2208 kB | 
 public | t_c88_idx6  | index | tomas | t     | permanent   | btree         | 2208 kB | 
 public | t_c88_idx7  | index | tomas | t     | permanent   | btree         | 2208 kB | 
 public | t_c88_idx8  | index | tomas | t     | permanent   | btree         | 2208 kB | 
 public | t_c88_idx9  | index | tomas | t     | permanent   | btree         | 2208 kB | 
 public | t_c89_idx   | index | tomas | t     | permanent   | btree         | 2208 kB | 
 public | t_c89_idx1  | index | tomas | t     | permanent   | btree         | 2208 kB | 
 public | t_c89_idx2  | index | tomas | t     | permanent   | btree         | 2208 kB | 
 public | t_c89_idx3  | index | tomas | t     | permanent   | btree         | 2208 kB | 
 public | t_c89_idx4  | index | tomas | t     | permanent   | btree         | 2208 kB | 
 public | t_c89_idx5  | index | tomas | t     | permanent   | btree         | 2208 kB | 
 public | t_c89_idx6  | index | tomas | t     | permanent   | btree         | 2208 kB | 
 public | t_c89_idx7  | index | tomas | t     | permanent   | btree         | 2208 kB | 
 public | t_c89_idx8  | index | tomas | t     | permanent   | btree         | 2208 kB | 
 public | t_c89_idx9  | index | tomas | t     | permanent   | btree         | 2208 kB | 
 public | t_c8_idx    | index | tomas | t     | permanent   | btree         | 2208 kB | 
 public | t_c8_idx1   | index | tomas | t     | permanent   | btree         | 2208 kB | 
 public | t_c8_idx2   | index | tomas | t     | permanent   | btree         | 2208 kB | 
 public | t_c8_idx3   | index | tomas | t     | permanent   | btree         | 2208 kB | 
 public | t_c8_idx4   | index | tomas | t     | permanent   | btree         | 2208 kB | 
 public | t_c8_idx5   | index | tomas | t     | permanent   | btree         | 2208 kB | 
 public | t_c8_idx6   | index | tomas | t     | permanent   | btree         | 2208 kB | 
 public | t_c8_idx7   | index | tomas | t     | permanent   | btree         | 2208 kB | 
 public | t_c8_idx8   | index | tomas | t     | permanent   | btree         | 2208 kB | 
 public | t_c8_idx9   | index | tomas | t     | permanent   | btree         | 2208 kB | 
 public | t_c90_idx   | index | tomas | t     | permanent   | btree         | 2208 kB | 
 public | t_c90_idx1  | index | tomas | t     | permanent   | btree         | 2208 kB | 
 public | t_c90_idx2  | index | tomas | t     | permanent   | btree         | 2208 kB | 
 public | t_c90_idx3  | index | tomas | t     | permanent   | btree         | 2208 kB | 
 public | t_c90_idx4  | index | tomas | t     | permanent   | btree         | 2208 kB | 
 public | t_c90_idx5  | index | tomas | t     | permanent   | btree         | 2208 kB | 
 public | t_c90_idx6  | index | tomas | t     | permanent   | btree         | 2208 kB | 
 public | t_c90_idx7  | index | tomas | t     | permanent   | btree         | 2208 kB | 
 public | t_c90_idx8  | index | tomas | t     | permanent   | btree         | 2208 kB | 
 public | t_c90_idx9  | index | tomas | t     | permanent   | btree         | 2208 kB | 
 public | t_c91_idx   | index | tomas | t     | permanent   | btree         | 2208 kB | 
 public | t_c91_idx1  | index | tomas | t     | permanent   | btree         | 2208 kB | 
 public | t_c91_idx2  | index | tomas | t     | permanent   | btree         | 2208 kB | 
 public | t_c91_idx3  | index | tomas | t     | permanent   | btree         | 2208 kB | 
 public | t_c91_idx4  | index | tomas | t     | permanent   | btree         | 2208 kB | 
 public | t_c91_idx5  | index | tomas | t     | permanent   | btree         | 2208 kB | 
 public | t_c91_idx6  | index | tomas | t     | permanent   | btree         | 2208 kB | 
 public | t_c91_idx7  | index | tomas | t     | permanent   | btree         | 2208 kB | 
 public | t_c91_idx8  | index | tomas | t     | permanent   | btree         | 2208 kB | 
 public | t_c91_idx9  | index | tomas | t     | permanent   | btree         | 2208 kB | 
 public | t_c92_idx   | index | tomas | t     | permanent   | btree         | 2208 kB | 
 public | t_c92_idx1  | index | tomas | t     | permanent   | btree         | 2208 kB | 
 public | t_c92_idx2  | index | tomas | t     | permanent   | btree         | 2208 kB | 
 public | t_c92_idx3  | index | tomas | t     | permanent   | btree         | 2208 kB | 
 public | t_c92_idx4  | index | tomas | t     | permanent   | btree         | 2208 kB | 
 public | t_c92_idx5  | index | tomas | t     | permanent   | btree         | 2208 kB | 
 public | t_c92_idx6  | index | tomas | t     | permanent   | btree         | 2208 kB | 
 public | t_c92_idx7  | index | tomas | t     | permanent   | btree         | 2208 kB | 
 public | t_c92_idx8  | index | tomas | t     | permanent   | btree         | 2208 kB | 
 public | t_c92_idx9  | index | tomas | t     | permanent   | btree         | 2208 kB | 
 public | t_c93_idx   | index | tomas | t     | permanent   | btree         | 2208 kB | 
 public | t_c93_idx1  | index | tomas | t     | permanent   | btree         | 2208 kB | 
 public | t_c93_idx2  | index | tomas | t     | permanent   | btree         | 2208 kB | 
 public | t_c93_idx3  | index | tomas | t     | permanent   | btree         | 2208 kB | 
 public | t_c93_idx4  | index | tomas | t     | permanent   | btree         | 2208 kB | 
 public | t_c93_idx5  | index | tomas | t     | permanent   | btree         | 2208 kB | 
 public | t_c93_idx6  | index | tomas | t     | permanent   | btree         | 2208 kB | 
 public | t_c93_idx7  | index | tomas | t     | permanent   | btree         | 2208 kB | 
 public | t_c93_idx8  | index | tomas | t     | permanent   | btree         | 2208 kB | 
 public | t_c93_idx9  | index | tomas | t     | permanent   | btree         | 2208 kB | 
 public | t_c94_idx   | index | tomas | t     | permanent   | btree         | 2208 kB | 
 public | t_c94_idx1  | index | tomas | t     | permanent   | btree         | 2208 kB | 
 public | t_c94_idx2  | index | tomas | t     | permanent   | btree         | 2208 kB | 
 public | t_c94_idx3  | index | tomas | t     | permanent   | btree         | 2208 kB | 
 public | t_c94_idx4  | index | tomas | t     | permanent   | btree         | 2208 kB | 
 public | t_c94_idx5  | index | tomas | t     | permanent   | btree         | 2208 kB | 
 public | t_c94_idx6  | index | tomas | t     | permanent   | btree         | 2208 kB | 
 public | t_c94_idx7  | index | tomas | t     | permanent   | btree         | 2208 kB | 
 public | t_c94_idx8  | index | tomas | t     | permanent   | btree         | 2208 kB | 
 public | t_c94_idx9  | index | tomas | t     | permanent   | btree         | 2208 kB | 
 public | t_c95_idx   | index | tomas | t     | permanent   | btree         | 2208 kB | 
 public | t_c95_idx1  | index | tomas | t     | permanent   | btree         | 2208 kB | 
 public | t_c95_idx2  | index | tomas | t     | permanent   | btree         | 2208 kB | 
 public | t_c95_idx3  | index | tomas | t     | permanent   | btree         | 2208 kB | 
 public | t_c95_idx4  | index | tomas | t     | permanent   | btree         | 2208 kB | 
 public | t_c95_idx5  | index | tomas | t     | permanent   | btree         | 2208 kB | 
 public | t_c95_idx6  | index | tomas | t     | permanent   | btree         | 2208 kB | 
 public | t_c95_idx7  | index | tomas | t     | permanent   | btree         | 2208 kB | 
 public | t_c95_idx8  | index | tomas | t     | permanent   | btree         | 2208 kB | 
 public | t_c95_idx9  | index | tomas | t     | permanent   | btree         | 2208 kB | 
 public | t_c96_idx   | index | tomas | t     | permanent   | btree         | 2208 kB | 
 public | t_c96_idx1  | index | tomas | t     | permanent   | btree         | 2208 kB | 
 public | t_c96_idx2  | index | tomas | t     | permanent   | btree         | 2208 kB | 
 public | t_c96_idx3  | index | tomas | t     | permanent   | btree         | 2208 kB | 
 public | t_c96_idx4  | index | tomas | t     | permanent   | btree         | 2208 kB | 
 public | t_c96_idx5  | index | tomas | t     | permanent   | btree         | 2208 kB | 
 public | t_c96_idx6  | index | tomas | t     | permanent   | btree         | 2208 kB | 
 public | t_c96_idx7  | index | tomas | t     | permanent   | btree         | 2208 kB | 
 public | t_c96_idx8  | index | tomas | t     | permanent   | btree         | 2208 kB | 
 public | t_c96_idx9  | index | tomas | t     | permanent   | btree         | 2208 kB | 
 public | t_c97_idx   | index | tomas | t     | permanent   | btree         | 2208 kB | 
 public | t_c97_idx1  | index | tomas | t     | permanent   | btree         | 2208 kB | 
 public | t_c97_idx2  | index | tomas | t     | permanent   | btree         | 2208 kB | 
 public | t_c97_idx3  | index | tomas | t     | permanent   | btree         | 2208 kB | 
 public | t_c97_idx4  | index | tomas | t     | permanent   | btree         | 2208 kB | 
 public | t_c97_idx5  | index | tomas | t     | permanent   | btree         | 2208 kB | 
 public | t_c97_idx6  | index | tomas | t     | permanent   | btree         | 2208 kB | 
 public | t_c97_idx7  | index | tomas | t     | permanent   | btree         | 2208 kB | 
 public | t_c97_idx8  | index | tomas | t     | permanent   | btree         | 2208 kB | 
 public | t_c97_idx9  | index | tomas | t     | permanent   | btree         | 2208 kB | 
 public | t_c98_idx   | index | tomas | t     | permanent   | btree         | 2208 kB | 
 public | t_c98_idx1  | index | tomas | t     | permanent   | btree         | 2208 kB | 
 public | t_c98_idx2  | index | tomas | t     | permanent   | btree         | 2208 kB | 
 public | t_c98_idx3  | index | tomas | t     | permanent   | btree         | 2208 kB | 
 public | t_c98_idx4  | index | tomas | t     | permanent   | btree         | 2208 kB | 
 public | t_c98_idx5  | index | tomas | t     | permanent   | btree         | 2208 kB | 
 public | t_c98_idx6  | index | tomas | t     | permanent   | btree         | 2208 kB | 
 public | t_c98_idx7  | index | tomas | t     | permanent   | btree         | 2208 kB | 
 public | t_c98_idx8  | index | tomas | t     | permanent   | btree         | 2208 kB | 
 public | t_c98_idx9  | index | tomas | t     | permanent   | btree         | 2208 kB | 
 public | t_c99_idx   | index | tomas | t     | permanent   | btree         | 2208 kB | 
 public | t_c99_idx1  | index | tomas | t     | permanent   | btree         | 2208 kB | 
 public | t_c99_idx2  | index | tomas | t     | permanent   | btree         | 2208 kB | 
 public | t_c99_idx3  | index | tomas | t     | permanent   | btree         | 2208 kB | 
 public | t_c99_idx4  | index | tomas | t     | permanent   | btree         | 2208 kB | 
 public | t_c99_idx5  | index | tomas | t     | permanent   | btree         | 2208 kB | 
 public | t_c99_idx6  | index | tomas | t     | permanent   | btree         | 2208 kB | 
 public | t_c99_idx7  | index | tomas | t     | permanent   | btree         | 2208 kB | 
 public | t_c99_idx8  | index | tomas | t     | permanent   | btree         | 2208 kB | 
 public | t_c99_idx9  | index | tomas | t     | permanent   | btree         | 2208 kB | 
 public | t_c9_idx    | index | tomas | t     | permanent   | btree         | 2208 kB | 
 public | t_c9_idx1   | index | tomas | t     | permanent   | btree         | 2208 kB | 
 public | t_c9_idx2   | index | tomas | t     | permanent   | btree         | 2208 kB | 
 public | t_c9_idx3   | index | tomas | t     | permanent   | btree         | 2208 kB | 
 public | t_c9_idx4   | index | tomas | t     | permanent   | btree         | 2208 kB | 
 public | t_c9_idx5   | index | tomas | t     | permanent   | btree         | 2208 kB | 
 public | t_c9_idx6   | index | tomas | t     | permanent   | btree         | 2208 kB | 
 public | t_c9_idx7   | index | tomas | t     | permanent   | btree         | 2208 kB | 
 public | t_c9_idx8   | index | tomas | t     | permanent   | btree         | 2208 kB | 
 public | t_c9_idx9   | index | tomas | t     | permanent   | btree         | 2208 kB | 
 public | t_pkey      | index | tomas | t     | permanent   | btree         | 2208 kB | 
(1001 rows)

