BINDIR = /mnt/data/builds/yes-32-32768-1000/bin
DOCDIR = /mnt/data/builds/yes-32-32768-1000/share/doc/postgresql
HTMLDIR = /mnt/data/builds/yes-32-32768-1000/share/doc/postgresql
INCLUDEDIR = /mnt/data/builds/yes-32-32768-1000/include
PKGINCLUDEDIR = /mnt/data/builds/yes-32-32768-1000/include/postgresql
INCLUDEDIR-SERVER = /mnt/data/builds/yes-32-32768-1000/include/postgresql/server
LIBDIR = /mnt/data/builds/yes-32-32768-1000/lib
PKGLIBDIR = /mnt/data/builds/yes-32-32768-1000/lib/postgresql
LOCALEDIR = /mnt/data/builds/yes-32-32768-1000/share/locale
MANDIR = /mnt/data/builds/yes-32-32768-1000/share/man
SHAREDIR = /mnt/data/builds/yes-32-32768-1000/share/postgresql
SYSCONFDIR = /mnt/data/builds/yes-32-32768-1000/etc/postgresql
PGXS = /mnt/data/builds/yes-32-32768-1000/lib/postgresql/pgxs/src/makefiles/pgxs.mk
CONFIGURE =  '--prefix=/mnt/data/builds/yes-32-32768-1000' '--enable-debug' '--enable-depend' 'CC=ccache gcc'
CC = ccache gcc
CPPFLAGS = -D_GNU_SOURCE
CFLAGS = -Wall -Wmissing-prototypes -Wpointer-arith -Wdeclaration-after-statement -Werror=vla -Wendif-labels -Wmissing-format-attribute -Wimplicit-fallthrough=3 -Wcast-function-type -Wshadow=compatible-local -Wformat-security -fno-strict-aliasing -fwrapv -fexcess-precision=standard -Wno-format-truncation -Wno-stringop-truncation -g -O2
CFLAGS_SL = -fPIC
LDFLAGS = -Wl,--as-needed -Wl,-rpath,'/mnt/data/builds/yes-32-32768-1000/lib',--enable-new-dtags
LDFLAGS_EX = 
LDFLAGS_SL = 
LIBS = -lpgcommon -lpgport -lz -lreadline -lm 
VERSION = PostgreSQL 18devel
dropping old tables...
NOTICE:  table "pgbench_accounts" does not exist, skipping
NOTICE:  table "pgbench_branches" does not exist, skipping
NOTICE:  table "pgbench_history" does not exist, skipping
NOTICE:  table "pgbench_tellers" does not exist, skipping
creating tables...
creating 1000 partitions...
generating data (client-side)...
100000 of 500000 tuples (20%) of pgbench_accounts done (elapsed 0.28 s, remaining 1.14 s)
200000 of 500000 tuples (40%) of pgbench_accounts done (elapsed 0.58 s, remaining 0.87 s)
300000 of 500000 tuples (60%) of pgbench_accounts done (elapsed 0.88 s, remaining 0.59 s)
400000 of 500000 tuples (80%) of pgbench_accounts done (elapsed 1.16 s, remaining 0.29 s)
500000 of 500000 tuples (100%) of pgbench_accounts done (elapsed 1.43 s, remaining 0.00 s)
vacuuming...
creating primary keys...
done in 5.17 s (drop tables 0.00 s, create tables 2.28 s, client-side generate 1.64 s, vacuum 0.73 s, primary keys 0.52 s).
ALTER TABLE
UPDATE 500000
CREATE INDEX
VACUUM
VACUUM
CHECKPOINT
