2024-08-01 11:33:08.555 CEST [1588026] LOG:  starting PostgreSQL 18devel on x86_64-pc-linux-gnu, compiled by gcc (Debian 12.2.0-14) 12.2.0, 64-bit
2024-08-01 11:33:08.555 CEST [1588026] LOG:  listening on IPv6 address "::1", port 5432
2024-08-01 11:33:08.555 CEST [1588026] LOG:  listening on IPv4 address "127.0.0.1", port 5432
2024-08-01 11:33:08.577 CEST [1588026] LOG:  listening on Unix socket "/tmp/.s.PGSQL.5432"
2024-08-01 11:33:08.579 CEST [1588029] LOG:  database system was shut down at 2024-08-01 11:33:07 CEST
2024-08-01 11:33:08.583 CEST [1588026] LOG:  database system is ready to accept connections
2024-08-01 11:33:19.969 CEST [1588027] LOG:  checkpoints are occurring too frequently (11 seconds apart)
2024-08-01 11:33:19.969 CEST [1588027] HINT:  Consider increasing the configuration parameter "max_wal_size".
2024-08-01 11:33:19.969 CEST [1588027] LOG:  checkpoint starting: wal
2024-08-01 11:33:32.520 CEST [1588027] LOG:  checkpoint complete: wrote 6830 buffers (2.6%); 0 WAL file(s) added, 3 removed, 30 recycled; write=11.008 s, sync=1.483 s, total=12.551 s; sync files=803, longest=0.074 s, average=0.002 s; distance=537539 kB, estimate=537539 kB; lsn=0/43946FC8, redo lsn=0/221DC058
2024-08-01 11:33:32.520 CEST [1588027] LOG:  checkpoints are occurring too frequently (13 seconds apart)
2024-08-01 11:33:32.520 CEST [1588027] HINT:  Consider increasing the configuration parameter "max_wal_size".
2024-08-01 11:33:32.520 CEST [1588027] LOG:  checkpoint starting: wal
2024-08-01 11:33:37.830 CEST [1588027] LOG:  checkpoint complete: wrote 50 buffers (0.0%); 0 WAL file(s) added, 0 removed, 33 recycled; write=4.923 s, sync=0.356 s, total=5.310 s; sync files=167, longest=0.007 s, average=0.003 s; distance=548269 kB, estimate=548269 kB; lsn=0/53061290, redo lsn=0/439475C8
2024-08-01 11:33:43.688 CEST [1588027] LOG:  checkpoints are occurring too frequently (11 seconds apart)
2024-08-01 11:33:43.688 CEST [1588027] HINT:  Consider increasing the configuration parameter "max_wal_size".
2024-08-01 11:33:43.688 CEST [1588027] LOG:  checkpoint starting: wal
2024-08-01 11:33:49.351 CEST [1588027] LOG:  checkpoint complete: wrote 50 buffers (0.0%); 0 WAL file(s) added, 0 removed, 33 recycled; write=4.923 s, sync=0.701 s, total=5.663 s; sync files=286, longest=0.014 s, average=0.003 s; distance=532386 kB, estimate=546681 kB; lsn=0/74B05408, redo lsn=0/6412FFC8
2024-08-01 11:33:52.813 CEST [1588027] LOG:  checkpoint starting: immediate force wait
2024-08-01 11:33:53.074 CEST [1588027] LOG:  checkpoint complete: wrote 188 buffers (0.1%); 0 WAL file(s) added, 0 removed, 26 recycled; write=0.009 s, sync=0.229 s, total=0.262 s; sync files=123, longest=0.009 s, average=0.002 s; distance=425836 kB, estimate=534596 kB; lsn=0/7E10B270, redo lsn=0/7E10B218
2024-08-01 11:35:03.309 CEST [1588026] LOG:  received fast shutdown request
2024-08-01 11:35:03.309 CEST [1588026] LOG:  aborting any active transactions
2024-08-01 11:35:03.310 CEST [1588026] LOG:  background worker "logical replication launcher" (PID 1588032) exited with exit code 1
2024-08-01 11:35:03.312 CEST [1588027] LOG:  shutting down
2024-08-01 11:35:03.312 CEST [1588027] LOG:  checkpoint starting: shutdown immediate
2024-08-01 11:35:03.319 CEST [1588027] LOG:  checkpoint complete: wrote 53 buffers (0.0%); 0 WAL file(s) added, 0 removed, 0 recycled; write=0.005 s, sync=0.002 s, total=0.008 s; sync files=12, longest=0.001 s, average=0.001 s; distance=294 kB, estimate=481166 kB; lsn=0/7E154B08, redo lsn=0/7E154B08
2024-08-01 11:35:03.549 CEST [1588026] LOG:  database system is shut down
