2024-07-31 12:09:54.770 CEST [3835324] LOG:  starting PostgreSQL 18devel on x86_64-pc-linux-gnu, compiled by gcc (Debian 12.2.0-14) 12.2.0, 64-bit
2024-07-31 12:09:54.770 CEST [3835324] LOG:  listening on IPv6 address "::1", port 5432
2024-07-31 12:09:54.770 CEST [3835324] LOG:  listening on IPv4 address "127.0.0.1", port 5432
2024-07-31 12:09:54.771 CEST [3835324] LOG:  listening on Unix socket "/tmp/.s.PGSQL.5432"
2024-07-31 12:09:54.773 CEST [3835327] LOG:  database system was shut down at 2024-07-31 12:09:53 CEST
2024-07-31 12:09:54.777 CEST [3835324] LOG:  database system is ready to accept connections
2024-07-31 12:10:04.003 CEST [3835325] LOG:  checkpoints are occurring too frequently (9 seconds apart)
2024-07-31 12:10:04.003 CEST [3835325] HINT:  Consider increasing the configuration parameter "max_wal_size".
2024-07-31 12:10:04.004 CEST [3835325] LOG:  checkpoint starting: wal
2024-07-31 12:10:12.350 CEST [3835325] LOG:  checkpoint complete: wrote 30893 buffers (11.8%); 0 WAL file(s) added, 0 removed, 33 recycled; write=8.087 s, sync=0.188 s, total=8.348 s; sync files=309, longest=0.056 s, average=0.001 s; distance=536635 kB, estimate=536635 kB; lsn=0/408C1F00, redo lsn=0/220FA060
2024-07-31 12:10:12.981 CEST [3835325] LOG:  checkpoints are occurring too frequently (9 seconds apart)
2024-07-31 12:10:12.981 CEST [3835325] HINT:  Consider increasing the configuration parameter "max_wal_size".
2024-07-31 12:10:12.982 CEST [3835325] LOG:  checkpoint starting: wal
2024-07-31 12:10:21.998 CEST [3835325] LOG:  checkpoint complete: wrote 30850 buffers (11.8%); 0 WAL file(s) added, 1 removed, 32 recycled; write=8.570 s, sync=0.376 s, total=9.018 s; sync files=5, longest=0.274 s, average=0.076 s; distance=548560 kB, estimate=548560 kB; lsn=0/62AD8E28, redo lsn=0/438AE0D8
2024-07-31 12:10:22.197 CEST [3835325] LOG:  checkpoints are occurring too frequently (10 seconds apart)
2024-07-31 12:10:22.197 CEST [3835325] HINT:  Consider increasing the configuration parameter "max_wal_size".
2024-07-31 12:10:22.200 CEST [3835325] LOG:  checkpoint starting: wal
2024-07-31 12:10:31.281 CEST [3835325] LOG:  checkpoint complete: wrote 28223 buffers (10.8%); 0 WAL file(s) added, 0 removed, 33 recycled; write=8.671 s, sync=0.387 s, total=9.085 s; sync files=386, longest=0.204 s, average=0.001 s; distance=538305 kB, estimate=547534 kB; lsn=0/7937A9D0, redo lsn=0/6465E4F8
2024-07-31 12:10:31.282 CEST [3835325] LOG:  checkpoint starting: immediate force wait
2024-07-31 12:10:31.706 CEST [3835325] LOG:  checkpoint complete: wrote 44982 buffers (17.2%); 0 WAL file(s) added, 0 removed, 21 recycled; write=0.362 s, sync=0.039 s, total=0.425 s; sync files=154, longest=0.007 s, average=0.001 s; distance=341105 kB, estimate=526891 kB; lsn=0/7937AAA0, redo lsn=0/7937AA48
2024-07-31 12:11:41.871 CEST [3835324] LOG:  received fast shutdown request
2024-07-31 12:11:41.872 CEST [3835324] LOG:  aborting any active transactions
2024-07-31 12:11:41.873 CEST [3835324] LOG:  background worker "logical replication launcher" (PID 3835330) exited with exit code 1
2024-07-31 12:11:41.890 CEST [3835325] LOG:  shutting down
2024-07-31 12:11:41.890 CEST [3835325] LOG:  checkpoint starting: shutdown immediate
2024-07-31 12:11:41.898 CEST [3835325] LOG:  checkpoint complete: wrote 53 buffers (0.0%); 0 WAL file(s) added, 0 removed, 0 recycled; write=0.005 s, sync=0.002 s, total=0.008 s; sync files=12, longest=0.001 s, average=0.001 s; distance=260 kB, estimate=474228 kB; lsn=0/793BBC50, redo lsn=0/793BBC50
2024-07-31 12:11:42.220 CEST [3835324] LOG:  database system is shut down
