2024-07-31 04:58:24.231 CEST [2085697] LOG:  starting PostgreSQL 18devel on x86_64-pc-linux-gnu, compiled by gcc (Debian 12.2.0-14) 12.2.0, 64-bit
2024-07-31 04:58:24.232 CEST [2085697] LOG:  listening on IPv6 address "::1", port 5432
2024-07-31 04:58:24.232 CEST [2085697] LOG:  listening on IPv4 address "127.0.0.1", port 5432
2024-07-31 04:58:24.248 CEST [2085697] LOG:  listening on Unix socket "/tmp/.s.PGSQL.5432"
2024-07-31 04:58:24.251 CEST [2085700] LOG:  database system was shut down at 2024-07-31 04:58:23 CEST
2024-07-31 04:58:24.255 CEST [2085697] LOG:  database system is ready to accept connections
2024-07-31 04:58:33.951 CEST [2085698] LOG:  checkpoints are occurring too frequently (9 seconds apart)
2024-07-31 04:58:33.951 CEST [2085698] HINT:  Consider increasing the configuration parameter "max_wal_size".
2024-07-31 04:58:33.974 CEST [2085698] LOG:  checkpoint starting: wal
2024-07-31 04:58:41.731 CEST [2085698] LOG:  checkpoint complete: wrote 55684 buffers (21.2%); 0 WAL file(s) added, 2 removed, 32 recycled; write=7.097 s, sync=0.575 s, total=7.781 s; sync files=707, longest=0.372 s, average=0.001 s; distance=552020 kB, estimate=552020 kB; lsn=0/4269B188, redo lsn=0/230006B0
2024-07-31 04:58:42.126 CEST [2085698] LOG:  checkpoints are occurring too frequently (9 seconds apart)
2024-07-31 04:58:42.126 CEST [2085698] HINT:  Consider increasing the configuration parameter "max_wal_size".
2024-07-31 04:58:42.126 CEST [2085698] LOG:  checkpoint starting: wal
2024-07-31 04:58:48.842 CEST [2085698] LOG:  checkpoint complete: wrote 62103 buffers (23.7%); 0 WAL file(s) added, 1 removed, 32 recycled; write=6.207 s, sync=0.406 s, total=6.716 s; sync files=4, longest=0.193 s, average=0.102 s; distance=552559 kB, estimate=552559 kB; lsn=0/63EAEB08, redo lsn=0/44B9C480
2024-07-31 04:58:49.028 CEST [2085698] LOG:  checkpoints are occurring too frequently (7 seconds apart)
2024-07-31 04:58:49.028 CEST [2085698] HINT:  Consider increasing the configuration parameter "max_wal_size".
2024-07-31 04:58:49.029 CEST [2085698] LOG:  checkpoint starting: wal
2024-07-31 04:58:55.810 CEST [2085698] LOG:  checkpoint complete: wrote 59434 buffers (22.7%); 0 WAL file(s) added, 1 removed, 32 recycled; write=6.258 s, sync=0.416 s, total=6.782 s; sync files=4, longest=0.395 s, average=0.104 s; distance=529151 kB, estimate=550218 kB; lsn=0/84C4E5E8, redo lsn=0/6505C0C0
2024-07-31 04:58:56.199 CEST [2085698] LOG:  checkpoints are occurring too frequently (7 seconds apart)
2024-07-31 04:58:56.199 CEST [2085698] HINT:  Consider increasing the configuration parameter "max_wal_size".
2024-07-31 04:58:56.199 CEST [2085698] LOG:  checkpoint starting: wal
2024-07-31 04:59:02.783 CEST [2085698] LOG:  checkpoint complete: wrote 62372 buffers (23.8%); 0 WAL file(s) added, 2 removed, 31 recycled; write=6.061 s, sync=0.408 s, total=6.585 s; sync files=4, longest=0.324 s, average=0.102 s; distance=554971 kB, estimate=554971 kB; lsn=0/A6002480, redo lsn=0/86E52CF8
2024-07-31 04:59:03.090 CEST [2085698] LOG:  checkpoints are occurring too frequently (7 seconds apart)
2024-07-31 04:59:03.090 CEST [2085698] HINT:  Consider increasing the configuration parameter "max_wal_size".
2024-07-31 04:59:03.090 CEST [2085698] LOG:  checkpoint starting: wal
2024-07-31 04:59:09.616 CEST [2085698] LOG:  checkpoint complete: wrote 60859 buffers (23.2%); 0 WAL file(s) added, 2 removed, 32 recycled; write=5.990 s, sync=0.434 s, total=6.526 s; sync files=4, longest=0.413 s, average=0.109 s; distance=542401 kB, estimate=553714 kB; lsn=0/C7000798, redo lsn=0/A8003488
2024-07-31 04:59:10.012 CEST [2085698] LOG:  checkpoints are occurring too frequently (7 seconds apart)
2024-07-31 04:59:10.012 CEST [2085698] HINT:  Consider increasing the configuration parameter "max_wal_size".
2024-07-31 04:59:10.013 CEST [2085698] LOG:  checkpoint starting: wal
2024-07-31 04:59:16.184 CEST [2085698] LOG:  checkpoint complete: wrote 61119 buffers (23.3%); 0 WAL file(s) added, 0 removed, 33 recycled; write=5.944 s, sync=0.163 s, total=6.172 s; sync files=3, longest=0.152 s, average=0.055 s; distance=544091 kB, estimate=552751 kB; lsn=0/E7A12B40, redo lsn=0/C935A118
2024-07-31 04:59:16.786 CEST [2085698] LOG:  checkpoints are occurring too frequently (6 seconds apart)
2024-07-31 04:59:16.786 CEST [2085698] HINT:  Consider increasing the configuration parameter "max_wal_size".
2024-07-31 04:59:16.811 CEST [2085698] LOG:  checkpoint starting: wal
2024-07-31 04:59:23.374 CEST [2085698] LOG:  checkpoint complete: wrote 62186 buffers (23.7%); 0 WAL file(s) added, 2 removed, 32 recycled; write=5.984 s, sync=0.461 s, total=6.589 s; sync files=4, longest=0.432 s, average=0.116 s; distance=553624 kB, estimate=553624 kB; lsn=1/A0021E8, redo lsn=0/EB000258
2024-07-31 04:59:23.720 CEST [2085698] LOG:  checkpoints are occurring too frequently (7 seconds apart)
2024-07-31 04:59:23.720 CEST [2085698] HINT:  Consider increasing the configuration parameter "max_wal_size".
2024-07-31 04:59:23.721 CEST [2085698] LOG:  checkpoint starting: wal
2024-07-31 04:59:30.177 CEST [2085698] LOG:  checkpoint complete: wrote 61021 buffers (23.3%); 0 WAL file(s) added, 1 removed, 32 recycled; write=5.935 s, sync=0.434 s, total=6.457 s; sync files=3, longest=0.396 s, average=0.145 s; distance=543255 kB, estimate=552587 kB; lsn=1/2BCE6130, redo lsn=1/C2861B0
2024-07-31 04:59:30.365 CEST [2085698] LOG:  checkpoints are occurring too frequently (7 seconds apart)
2024-07-31 04:59:30.365 CEST [2085698] HINT:  Consider increasing the configuration parameter "max_wal_size".
2024-07-31 04:59:30.366 CEST [2085698] LOG:  checkpoint starting: wal
2024-07-31 04:59:42.671 CEST [2085698] LOG:  checkpoint complete: wrote 60161 buffers (22.9%); 0 WAL file(s) added, 0 removed, 33 recycled; write=11.955 s, sync=0.301 s, total=12.306 s; sync files=9, longest=0.072 s, average=0.034 s; distance=539903 kB, estimate=551319 kB; lsn=1/4BCC41D8, redo lsn=1/2D1C6100
2024-07-31 04:59:45.877 CEST [2085698] LOG:  checkpoints are occurring too frequently (15 seconds apart)
2024-07-31 04:59:45.877 CEST [2085698] HINT:  Consider increasing the configuration parameter "max_wal_size".
2024-07-31 04:59:45.877 CEST [2085698] LOG:  checkpoint starting: wal
2024-07-31 05:00:15.039 CEST [2085698] LOG:  checkpoint complete: wrote 244232 buffers (93.2%); 0 WAL file(s) added, 1 removed, 32 recycled; write=28.912 s, sync=0.153 s, total=29.162 s; sync files=32, longest=0.064 s, average=0.005 s; distance=549127 kB, estimate=551099 kB; lsn=1/6D69CD48, redo lsn=1/4EA07E30
2024-07-31 05:00:15.446 CEST [2085698] LOG:  checkpoint starting: wal
2024-07-31 05:00:21.512 CEST [2085698] LOG:  checkpoint complete: wrote 60 buffers (0.0%); 0 WAL file(s) added, 0 removed, 33 recycled; write=5.916 s, sync=0.114 s, total=6.066 s; sync files=28, longest=0.066 s, average=0.005 s; distance=538456 kB, estimate=549835 kB; lsn=1/733C47C0, redo lsn=1/6F7DE130
2024-07-31 05:00:24.334 CEST [2085788] LOG:  skipping vacuum of "t" --- lock not available
2024-07-31 05:00:48.432 CEST [2085698] LOG:  checkpoint starting: wal
2024-07-31 05:01:19.342 CEST [2085698] LOG:  checkpoint complete: wrote 755 buffers (0.3%); 0 WAL file(s) added, 1 removed, 32 recycled; write=30.285 s, sync=0.592 s, total=30.910 s; sync files=342, longest=0.074 s, average=0.002 s; distance=547135 kB, estimate=549565 kB; lsn=1/AF336A30, redo lsn=1/90E2DDD8
2024-07-31 05:01:22.402 CEST [2085698] LOG:  checkpoint starting: wal
2024-07-31 05:01:24.354 CEST [2085808] LOG:  skipping vacuum of "t" --- lock not available
2024-07-31 05:01:28.116 CEST [2085698] LOG:  checkpoint complete: wrote 57 buffers (0.0%); 0 WAL file(s) added, 0 removed, 33 recycled; write=5.615 s, sync=0.067 s, total=5.715 s; sync files=26, longest=0.061 s, average=0.003 s; distance=531586 kB, estimate=547767 kB; lsn=1/B6B06590, redo lsn=1/B154E890
2024-07-31 05:01:57.192 CEST [2085698] LOG:  checkpoint starting: wal
2024-07-31 05:02:03.719 CEST [2085698] LOG:  checkpoint complete: wrote 62 buffers (0.0%); 0 WAL file(s) added, 0 removed, 33 recycled; write=6.115 s, sync=0.381 s, total=6.528 s; sync files=30, longest=0.069 s, average=0.013 s; distance=542905 kB, estimate=547281 kB; lsn=1/D85B9180, redo lsn=1/D277CEA8
2024-07-31 05:02:24.373 CEST [2085826] LOG:  skipping vacuum of "t" --- lock not available
2024-07-31 05:02:32.746 CEST [2085698] LOG:  checkpoint starting: wal
2024-07-31 05:02:35.142 CEST [2085698] LOG:  checkpoint complete: wrote 20 buffers (0.0%); 0 WAL file(s) added, 0 removed, 33 recycled; write=1.909 s, sync=0.455 s, total=2.397 s; sync files=25, longest=0.071 s, average=0.019 s; distance=539990 kB, estimate=546552 kB; lsn=1/F6494E68, redo lsn=1/F36D2748
2024-07-31 05:03:05.909 CEST [2085698] LOG:  checkpoint starting: wal
2024-07-31 05:03:08.319 CEST [2085698] LOG:  checkpoint complete: wrote 20 buffers (0.0%); 0 WAL file(s) added, 0 removed, 33 recycled; write=1.908 s, sync=0.460 s, total=2.411 s; sync files=25, longest=0.070 s, average=0.019 s; distance=537130 kB, estimate=545610 kB; lsn=2/1436FF28, redo lsn=2/1435D208
2024-07-31 05:03:24.375 CEST [2085844] LOG:  skipping vacuum of "t" --- lock not available
2024-07-31 05:03:43.243 CEST [2085698] LOG:  checkpoint starting: wal
2024-07-31 05:03:45.509 CEST [2085698] LOG:  checkpoint complete: wrote 18 buffers (0.0%); 0 WAL file(s) added, 0 removed, 33 recycled; write=1.708 s, sync=0.525 s, total=2.267 s; sync files=27, longest=0.077 s, average=0.020 s; distance=551614 kB, estimate=551614 kB; lsn=2/35E1D608, redo lsn=2/35E0CC08
2024-07-31 05:04:21.381 CEST [2085698] LOG:  checkpoint starting: wal
2024-07-31 05:04:23.396 CEST [2085698] LOG:  checkpoint complete: wrote 16 buffers (0.0%); 0 WAL file(s) added, 0 removed, 33 recycled; write=1.508 s, sync=0.476 s, total=2.016 s; sync files=25, longest=0.070 s, average=0.020 s; distance=537084 kB, estimate=550161 kB; lsn=2/578C8640, redo lsn=2/56A8BE88
2024-07-31 05:04:24.394 CEST [2085863] LOG:  skipping vacuum of "t" --- lock not available
2024-07-31 05:05:00.516 CEST [2085698] LOG:  checkpoint starting: wal
2024-07-31 05:05:02.702 CEST [2085698] LOG:  checkpoint complete: wrote 18 buffers (0.0%); 0 WAL file(s) added, 0 removed, 33 recycled; write=1.709 s, sync=0.445 s, total=2.186 s; sync files=24, longest=0.069 s, average=0.019 s; distance=545018 kB, estimate=549647 kB; lsn=2/793762B8, redo lsn=2/77ECA828
2024-07-31 05:05:24.411 CEST [2085883] LOG:  skipping vacuum of "t" --- lock not available
2024-07-31 05:05:40.515 CEST [2085698] LOG:  checkpoint starting: wal
2024-07-31 05:05:42.246 CEST [2085698] LOG:  checkpoint complete: wrote 14 buffers (0.0%); 0 WAL file(s) added, 0 removed, 33 recycled; write=1.308 s, sync=0.384 s, total=1.731 s; sync files=24, longest=0.069 s, average=0.016 s; distance=539742 kB, estimate=548656 kB; lsn=2/9AE23810, redo lsn=2/98DE20A0
2024-07-31 05:06:21.324 CEST [2085698] LOG:  checkpoint starting: wal
2024-07-31 05:06:23.224 CEST [2085698] LOG:  checkpoint complete: wrote 14 buffers (0.0%); 0 WAL file(s) added, 0 removed, 33 recycled; write=1.319 s, sync=0.506 s, total=1.900 s; sync files=24, longest=0.093 s, average=0.022 s; distance=535577 kB, estimate=547348 kB; lsn=2/C53E4038, redo lsn=2/B98E8558
2024-07-31 05:06:24.430 CEST [2085901] LOG:  skipping vacuum of "t" --- lock not available
2024-07-31 05:06:25.394 CEST [2085698] LOG:  checkpoints are occurring too frequently (4 seconds apart)
2024-07-31 05:06:25.394 CEST [2085698] HINT:  Consider increasing the configuration parameter "max_wal_size".
2024-07-31 05:06:25.394 CEST [2085698] LOG:  checkpoint starting: wal
2024-07-31 05:06:28.561 CEST [2085698] LOG:  checkpoint complete: wrote 34 buffers (0.0%); 0 WAL file(s) added, 0 removed, 33 recycled; write=3.111 s, sync=0.004 s, total=3.168 s; sync files=18, longest=0.002 s, average=0.001 s; distance=539043 kB, estimate=546518 kB; lsn=2/F8996920, redo lsn=2/DA751478
2024-07-31 05:06:28.856 CEST [2085698] LOG:  checkpoints are occurring too frequently (3 seconds apart)
2024-07-31 05:06:28.856 CEST [2085698] HINT:  Consider increasing the configuration parameter "max_wal_size".
2024-07-31 05:06:28.856 CEST [2085698] LOG:  checkpoint starting: wal
2024-07-31 05:06:28.923 CEST [2085698] LOG:  checkpoint complete: wrote 0 buffers (0.0%); 0 WAL file(s) added, 0 removed, 34 recycled; write=0.004 s, sync=0.001 s, total=0.068 s; sync files=0, longest=0.000 s, average=0.000 s; distance=549705 kB, estimate=549705 kB; lsn=2/FC24FDA0, redo lsn=2/FC023AF8
2024-07-31 05:06:32.777 CEST [2085698] LOG:  checkpoints are occurring too frequently (4 seconds apart)
2024-07-31 05:06:32.777 CEST [2085698] HINT:  Consider increasing the configuration parameter "max_wal_size".
2024-07-31 05:06:32.778 CEST [2085698] LOG:  checkpoint starting: wal
2024-07-31 05:06:33.305 CEST [2085698] LOG:  checkpoint complete: wrote 0 buffers (0.0%); 0 WAL file(s) added, 0 removed, 33 recycled; write=0.070 s, sync=0.001 s, total=0.528 s; sync files=0, longest=0.000 s, average=0.000 s; distance=549952 kB, estimate=549952 kB; lsn=3/1E5FEEB0, redo lsn=3/1D933E18
2024-07-31 05:06:36.504 CEST [2085698] LOG:  checkpoints are occurring too frequently (4 seconds apart)
2024-07-31 05:06:36.504 CEST [2085698] HINT:  Consider increasing the configuration parameter "max_wal_size".
2024-07-31 05:06:36.504 CEST [2085698] LOG:  checkpoint starting: wal
2024-07-31 05:06:36.573 CEST [2085698] LOG:  checkpoint complete: wrote 0 buffers (0.0%); 0 WAL file(s) added, 0 removed, 34 recycled; write=0.004 s, sync=0.001 s, total=0.069 s; sync files=0, longest=0.000 s, average=0.000 s; distance=547728 kB, estimate=549730 kB; lsn=3/3F244260, redo lsn=3/3F017FA0
2024-07-31 05:06:40.068 CEST [2085698] LOG:  checkpoints are occurring too frequently (4 seconds apart)
2024-07-31 05:06:40.068 CEST [2085698] HINT:  Consider increasing the configuration parameter "max_wal_size".
2024-07-31 05:06:40.068 CEST [2085698] LOG:  checkpoint starting: wal
2024-07-31 05:06:40.127 CEST [2085698] LOG:  checkpoint complete: wrote 0 buffers (0.0%); 0 WAL file(s) added, 0 removed, 34 recycled; write=0.005 s, sync=0.001 s, total=0.060 s; sync files=0, longest=0.000 s, average=0.000 s; distance=557120 kB, estimate=557120 kB; lsn=3/61065FB8, redo lsn=3/61028290
2024-07-31 05:06:44.101 CEST [2085698] LOG:  checkpoints are occurring too frequently (4 seconds apart)
2024-07-31 05:06:44.101 CEST [2085698] HINT:  Consider increasing the configuration parameter "max_wal_size".
2024-07-31 05:06:44.101 CEST [2085698] LOG:  checkpoint starting: wal
2024-07-31 05:06:44.169 CEST [2085698] LOG:  checkpoint complete: wrote 0 buffers (0.0%); 0 WAL file(s) added, 0 removed, 34 recycled; write=0.004 s, sync=0.001 s, total=0.069 s; sync files=0, longest=0.000 s, average=0.000 s; distance=557120 kB, estimate=557120 kB; lsn=3/832A24C0, redo lsn=3/83038568
2024-07-31 05:06:47.639 CEST [2085698] LOG:  checkpoints are occurring too frequently (3 seconds apart)
2024-07-31 05:06:47.639 CEST [2085698] HINT:  Consider increasing the configuration parameter "max_wal_size".
2024-07-31 05:06:47.639 CEST [2085698] LOG:  checkpoint starting: wal
2024-07-31 05:06:47.706 CEST [2085698] LOG:  checkpoint complete: wrote 0 buffers (0.0%); 0 WAL file(s) added, 0 removed, 34 recycled; write=0.004 s, sync=0.001 s, total=0.068 s; sync files=0, longest=0.000 s, average=0.000 s; distance=556873 kB, estimate=557096 kB; lsn=3/A5236E38, redo lsn=3/A500AB90
2024-07-31 05:06:54.128 CEST [2085698] LOG:  checkpoints are occurring too frequently (7 seconds apart)
2024-07-31 05:06:54.128 CEST [2085698] HINT:  Consider increasing the configuration parameter "max_wal_size".
2024-07-31 05:06:54.128 CEST [2085698] LOG:  checkpoint starting: wal
2024-07-31 05:06:55.201 CEST [2085698] LOG:  checkpoint complete: wrote 8 buffers (0.0%); 0 WAL file(s) added, 0 removed, 34 recycled; write=0.806 s, sync=0.222 s, total=1.074 s; sync files=5, longest=0.221 s, average=0.045 s; distance=557136 kB, estimate=557136 kB; lsn=3/CE16ACE8, redo lsn=3/C701EBE0
2024-07-31 05:07:20.322 CEST [2085698] LOG:  checkpoints are occurring too frequently (26 seconds apart)
2024-07-31 05:07:20.322 CEST [2085698] HINT:  Consider increasing the configuration parameter "max_wal_size".
2024-07-31 05:07:20.322 CEST [2085698] LOG:  checkpoint starting: wal
2024-07-31 05:07:21.281 CEST [2085698] LOG:  checkpoint complete: wrote 5 buffers (0.0%); 0 WAL file(s) added, 0 removed, 33 recycled; write=0.521 s, sync=0.397 s, total=0.960 s; sync files=12, longest=0.070 s, average=0.034 s; distance=552177 kB, estimate=556640 kB; lsn=3/E8C446A0, redo lsn=3/E8B5B370
2024-07-31 05:07:24.447 CEST [2085918] LOG:  skipping vacuum of "t" --- lock not available
2024-07-31 05:07:53.506 CEST [2085698] LOG:  checkpoint starting: wal
2024-07-31 05:07:54.984 CEST [2085698] LOG:  checkpoint complete: wrote 9 buffers (0.0%); 0 WAL file(s) added, 0 removed, 33 recycled; write=0.928 s, sync=0.510 s, total=1.479 s; sync files=16, longest=0.070 s, average=0.032 s; distance=543433 kB, estimate=555319 kB; lsn=4/A6E4330, redo lsn=4/9E0D7F0
2024-07-31 05:08:24.463 CEST [2085937] LOG:  skipping vacuum of "t" --- lock not available
2024-07-31 05:08:27.531 CEST [2085698] LOG:  checkpoint starting: wal
2024-07-31 05:08:28.945 CEST [2085698] LOG:  checkpoint complete: wrote 9 buffers (0.0%); 0 WAL file(s) added, 0 removed, 33 recycled; write=0.910 s, sync=0.445 s, total=1.416 s; sync files=15, longest=0.068 s, average=0.030 s; distance=527838 kB, estimate=552571 kB; lsn=4/2C184850, redo lsn=4/2A185278
2024-07-31 05:09:02.537 CEST [2085698] LOG:  checkpoint starting: wal
2024-07-31 05:09:03.931 CEST [2085698] LOG:  checkpoint complete: wrote 9 buffers (0.0%); 0 WAL file(s) added, 0 removed, 33 recycled; write=0.906 s, sync=0.452 s, total=1.396 s; sync files=15, longest=0.069 s, average=0.031 s; distance=539696 kB, estimate=551283 kB; lsn=4/4DC25668, redo lsn=4/4B091608
2024-07-31 05:09:24.479 CEST [2085956] LOG:  skipping vacuum of "t" --- lock not available
2024-07-31 05:09:38.517 CEST [2085698] LOG:  checkpoint starting: wal
2024-07-31 05:09:40.228 CEST [2085698] LOG:  checkpoint complete: wrote 12 buffers (0.0%); 0 WAL file(s) added, 0 removed, 33 recycled; write=1.215 s, sync=0.452 s, total=1.711 s; sync files=15, longest=0.071 s, average=0.031 s; distance=549142 kB, estimate=551069 kB; lsn=4/6F6C71F8, redo lsn=4/6C8D6EB8
2024-07-31 05:10:11.862 CEST [2085698] LOG:  checkpoint starting: wal
2024-07-31 05:10:13.360 CEST [2085698] LOG:  checkpoint complete: wrote 10 buffers (0.0%); 0 WAL file(s) added, 0 removed, 33 recycled; write=1.006 s, sync=0.458 s, total=1.500 s; sync files=14, longest=0.073 s, average=0.033 s; distance=536384 kB, estimate=549601 kB; lsn=4/8D590E00, redo lsn=4/8D4A7008
2024-07-31 05:10:24.495 CEST [2085975] LOG:  skipping vacuum of "t" --- lock not available
2024-07-31 05:10:49.463 CEST [2085698] LOG:  checkpoint starting: wal
2024-07-31 05:10:50.704 CEST [2085698] LOG:  checkpoint complete: wrote 12 buffers (0.0%); 0 WAL file(s) added, 0 removed, 33 recycled; write=1.207 s, sync=0.003 s, total=1.242 s; sync files=16, longest=0.001 s, average=0.001 s; distance=543655 kB, estimate=549006 kB; lsn=4/AF0315A0, redo lsn=4/AE790DC0
2024-07-31 05:11:24.511 CEST [2085993] LOG:  skipping vacuum of "t" --- lock not available
2024-07-31 05:11:27.967 CEST [2085698] LOG:  checkpoint starting: wal
2024-07-31 05:11:28.804 CEST [2085698] LOG:  checkpoint complete: wrote 6 buffers (0.0%); 0 WAL file(s) added, 0 removed, 33 recycled; write=0.623 s, sync=0.183 s, total=0.839 s; sync files=15, longest=0.062 s, average=0.013 s; distance=538161 kB, estimate=547922 kB; lsn=4/D0AD2728, redo lsn=4/CF51D570
2024-07-31 05:12:07.318 CEST [2085698] LOG:  checkpoint starting: wal
2024-07-31 05:12:08.526 CEST [2085698] LOG:  checkpoint complete: wrote 7 buffers (0.0%); 0 WAL file(s) added, 0 removed, 33 recycled; write=0.713 s, sync=0.464 s, total=1.209 s; sync files=15, longest=0.074 s, average=0.031 s; distance=545416 kB, estimate=547671 kB; lsn=4/F25761C0, redo lsn=4/F09BF790
2024-07-31 05:12:24.531 CEST [2086009] LOG:  skipping vacuum of "t" --- lock not available
2024-07-31 05:12:47.528 CEST [2085698] LOG:  checkpoint starting: wal
2024-07-31 05:12:48.555 CEST [2085698] LOG:  checkpoint complete: wrote 6 buffers (0.0%); 0 WAL file(s) added, 0 removed, 34 recycled; write=0.609 s, sync=0.383 s, total=1.028 s; sync files=15, longest=0.071 s, average=0.026 s; distance=547167 kB, estimate=547621 kB; lsn=5/14018A28, redo lsn=5/12017658
2024-07-31 05:13:24.549 CEST [2086025] LOG:  skipping vacuum of "t" --- lock not available
2024-07-31 05:13:29.059 CEST [2085698] LOG:  checkpoint starting: wal
2024-07-31 05:13:30.191 CEST [2085698] LOG:  checkpoint complete: wrote 7 buffers (0.0%); 0 WAL file(s) added, 0 removed, 33 recycled; write=0.718 s, sync=0.380 s, total=1.133 s; sync files=15, longest=0.070 s, average=0.026 s; distance=555954 kB, estimate=555954 kB; lsn=5/35AB9ED0, redo lsn=5/33F03FC0
2024-07-31 05:13:55.265 CEST [2085698] LOG:  checkpoint starting: immediate force wait
2024-07-31 05:13:56.556 CEST [2085698] LOG:  checkpoint complete: wrote 12306 buffers (4.7%); 0 WAL file(s) added, 0 removed, 23 recycled; write=0.121 s, sync=1.135 s, total=1.292 s; sync files=780, longest=0.602 s, average=0.002 s; distance=372898 kB, estimate=537648 kB; lsn=5/4AB2C928, redo lsn=5/4AB2C8D0
2024-07-31 05:15:10.847 CEST [2085697] LOG:  received fast shutdown request
2024-07-31 05:15:10.847 CEST [2085697] LOG:  aborting any active transactions
2024-07-31 05:15:10.848 CEST [2085697] LOG:  background worker "logical replication launcher" (PID 2085703) exited with exit code 1
2024-07-31 05:15:10.850 CEST [2085698] LOG:  shutting down
2024-07-31 05:15:10.851 CEST [2085698] LOG:  checkpoint starting: shutdown immediate
2024-07-31 05:15:10.861 CEST [2085698] LOG:  checkpoint complete: wrote 66 buffers (0.0%); 0 WAL file(s) added, 0 removed, 0 recycled; write=0.005 s, sync=0.003 s, total=0.011 s; sync files=5, longest=0.002 s, average=0.001 s; distance=202 kB, estimate=483904 kB; lsn=5/4AB5F180, redo lsn=5/4AB5F180
2024-07-31 05:15:11.227 CEST [2085697] LOG:  database system is shut down
