2024-07-30 17:07:03.361 BST [3252] LOG:  starting PostgreSQL 18devel on armv8l-unknown-linux-gnueabihf, compiled by gcc (Raspbian 12.2.0-14+rpi1) 12.2.0, 32-bit
2024-07-30 17:07:03.362 BST [3252] LOG:  listening on IPv6 address "::1", port 5432
2024-07-30 17:07:03.362 BST [3252] LOG:  listening on IPv4 address "127.0.0.1", port 5432
2024-07-30 17:07:03.378 BST [3252] LOG:  listening on Unix socket "/tmp/.s.PGSQL.5432"
2024-07-30 17:07:03.382 BST [3256] LOG:  database system was shut down at 2024-07-30 17:07:00 BST
2024-07-30 17:07:03.389 BST [3252] LOG:  database system is ready to accept connections
2024-07-30 17:07:17.122 BST [3254] LOG:  checkpoints are occurring too frequently (14 seconds apart)
2024-07-30 17:07:17.122 BST [3254] HINT:  Consider increasing the configuration parameter "max_wal_size".
2024-07-30 17:07:17.122 BST [3254] LOG:  checkpoint starting: wal
2024-07-30 17:08:13.431 BST [3254] LOG:  checkpoint complete: wrote 60435 buffers (46.1%); 0 WAL file(s) added, 0 removed, 33 recycled; write=54.318 s, sync=1.750 s, total=56.309 s; sync files=787, longest=0.067 s, average=0.003 s; distance=537502 kB, estimate=537502 kB; lsn=0/406C5198, redo lsn=0/221CD788
2024-07-30 17:08:17.553 BST [3254] LOG:  checkpoint starting: wal
2024-07-30 17:08:20.864 BST [3254] LOG:  checkpoint complete: wrote 29 buffers (0.0%); 0 WAL file(s) added, 0 removed, 33 recycled; write=2.829 s, sync=0.336 s, total=3.311 s; sync files=29, longest=0.031 s, average=0.012 s; distance=539514 kB, estimate=539514 kB; lsn=0/448AF998, redo lsn=0/430AC280
2024-07-30 17:08:33.263 BST [3254] LOG:  checkpoints are occurring too frequently (16 seconds apart)
2024-07-30 17:08:33.263 BST [3254] HINT:  Consider increasing the configuration parameter "max_wal_size".
2024-07-30 17:08:33.263 BST [3254] LOG:  checkpoint starting: wal
2024-07-30 17:08:39.229 BST [3254] LOG:  checkpoint complete: wrote 45 buffers (0.0%); 0 WAL file(s) added, 0 removed, 33 recycled; write=4.630 s, sync=1.125 s, total=5.967 s; sync files=39, longest=1.066 s, average=0.029 s; distance=541076 kB, estimate=541076 kB; lsn=0/676F75C8, redo lsn=0/64111488
2024-07-30 17:09:03.472 BST [3444] LOG:  skipping vacuum of "t" --- lock not available
2024-07-30 17:09:33.040 BST [3254] LOG:  checkpoint starting: wal
2024-07-30 17:09:46.712 BST [3254] LOG:  checkpoint complete: wrote 125 buffers (0.1%); 0 WAL file(s) added, 0 removed, 33 recycled; write=10.987 s, sync=2.555 s, total=13.672 s; sync files=877, longest=0.999 s, average=0.003 s; distance=540264 kB, estimate=540995 kB; lsn=0/89862E50, redo lsn=0/850AB808
2024-07-30 17:09:46.712 BST [3254] LOG:  checkpoint starting: immediate force wait
2024-07-30 17:09:47.552 BST [3254] LOG:  checkpoint complete: wrote 8185 buffers (6.2%); 0 WAL file(s) added, 0 removed, 4 recycled; write=0.131 s, sync=0.657 s, total=0.840 s; sync files=451, longest=0.050 s, average=0.002 s; distance=73437 kB, estimate=494239 kB; lsn=0/89862F20, redo lsn=0/89862EC8
2024-07-30 17:11:07.484 BST [3252] LOG:  received fast shutdown request
2024-07-30 17:11:07.486 BST [3252] LOG:  aborting any active transactions
2024-07-30 17:11:07.487 BST [3252] LOG:  background worker "logical replication launcher" (PID 3259) exited with exit code 1
2024-07-30 17:11:07.488 BST [3254] LOG:  shutting down
2024-07-30 17:11:07.489 BST [3254] LOG:  checkpoint starting: shutdown immediate
2024-07-30 17:11:07.511 BST [3254] LOG:  checkpoint complete: wrote 63 buffers (0.0%); 0 WAL file(s) added, 0 removed, 0 recycled; write=0.009 s, sync=0.007 s, total=0.024 s; sync files=5, longest=0.002 s, average=0.002 s; distance=208 kB, estimate=444836 kB; lsn=0/898970B0, redo lsn=0/898970B0
2024-07-30 17:11:07.717 BST [3252] LOG:  database system is shut down
