  PID TTY      STAT   TIME COMMAND
    1 ?        Ss     0:05 /sbin/init
    2 ?        S      0:00 [kthreadd]
    3 ?        S      0:00 [pool_workqueue_release]
    4 ?        I<     0:00 [kworker/R-rcu_g]
    5 ?        I<     0:00 [kworker/R-rcu_p]
    6 ?        I<     0:00 [kworker/R-slub_]
    7 ?        I<     0:00 [kworker/R-netns]
   12 ?        I<     0:00 [kworker/R-mm_pe]
   13 ?        I      0:00 [rcu_tasks_kthread]
   14 ?        I      0:00 [rcu_tasks_rude_kthread]
   15 ?        I      0:00 [rcu_tasks_trace_kthread]
   16 ?        S      1:11 [ksoftirqd/0]
   17 ?        I      0:51 [rcu_preempt]
   18 ?        S      0:00 [migration/0]
   19 ?        S      0:00 [cpuhp/0]
   20 ?        S      0:00 [cpuhp/1]
   21 ?        S      0:00 [migration/1]
   22 ?        S      1:09 [ksoftirqd/1]
   25 ?        S      0:00 [cpuhp/2]
   26 ?        S      0:00 [migration/2]
   27 ?        S      1:08 [ksoftirqd/2]
   30 ?        S      0:00 [cpuhp/3]
   31 ?        S      0:00 [migration/3]
   32 ?        S      1:10 [ksoftirqd/3]
   39 ?        S      0:00 [kdevtmpfs]
   40 ?        I<     0:00 [kworker/R-inet_]
   42 ?        S      0:00 [kauditd]
   44 ?        S      0:00 [khungtaskd]
   45 ?        S      0:00 [oom_reaper]
   46 ?        I<     0:00 [kworker/R-write]
   47 ?        S      0:19 [kcompactd0]
   48 ?        I<     0:00 [kworker/R-kinte]
   49 ?        I<     0:00 [kworker/R-kbloc]
   50 ?        I<     0:00 [kworker/R-blkcg]
   53 ?        S      0:00 [watchdogd]
   56 ?        I<     0:00 [kworker/R-rpcio]
   57 ?        I<     0:00 [kworker/R-xprti]
   59 ?        S      0:05 [kswapd0]
   60 ?        I<     0:00 [kworker/R-nfsio]
   61 ?        I<     0:00 [kworker/R-kthro]
   63 ?        S      0:00 [hwrng]
   64 ?        I<     0:00 [kworker/R-iscsi]
   65 ?        I<     0:00 [kworker/R-nvme-]
   66 ?        I<     0:00 [kworker/R-nvme-]
   67 ?        I<     0:00 [kworker/R-nvme-]
   68 ?        I<     0:00 [kworker/R-DWC N]
   69 ?        I<     0:00 [kworker/R-uas]
   70 ?        I<     0:06 [kworker/u13:0-brcmf_wq/mmc1:0001:1]
   71 ?        I<     0:00 [kworker/u14:0]
   72 ?        I<     0:00 [kworker/u15:0]
   73 ?        I<     0:00 [kworker/u16:0]
   74 ?        I<     0:00 [kworker/u17:0]
   75 ?        S      0:00 [irq/38-aerdrv]
   76 ?        S      0:00 [irq/44-aerdrv]
   85 ?        I<     0:00 [kworker/R-sdhci]
   86 ?        S      0:00 [irq/167-mmc0]
   88 ?        I<     0:00 [kworker/R-sdhci]
   89 ?        S      0:00 [irq/168-mmc1]
   91 ?        I<     0:00 [kworker/R-mmc_c]
  146 ?        S      0:00 [spi10]
  223 ?        S      0:19 [jbd2/mmcblk0p2-8]
  224 ?        I<     0:00 [kworker/R-ext4-]
  238 ?        I<     0:00 [kworker/R-mld]
  239 ?        I<     0:00 [kworker/R-ipv6_]
  288 ?        Ss     0:01 /lib/systemd/systemd-journald
  319 ?        Ss     0:03 /lib/systemd/systemd-udevd
  398 ?        S      0:00 [irq/174-1000800000.codec]
  400 ?        S      0:00 [v3d_bin]
  401 ?        S      0:00 [v3d_render]
  402 ?        S      0:00 [v3d_tfu]
  403 ?        S      0:00 [v3d_csd]
  404 ?        S      0:00 [v3d_cache_clean]
  521 ?        I<     0:00 [kworker/R-cfg80]
  535 ?        I<     0:00 [kworker/R-btrfs]
  536 ?        I<     0:00 [kworker/R-btrfs]
  537 ?        I<     0:00 [kworker/R-btrfs]
  539 ?        I<     0:00 [kworker/R-btrfs]
  540 ?        I<     0:00 [kworker/R-btrfs]
  541 ?        I<     0:00 [kworker/R-btrfs]
  542 ?        I<     0:00 [kworker/R-btrfs]
  543 ?        I<     0:00 [kworker/R-btrfs]
  544 ?        I<     0:00 [kworker/R-btrfs]
  545 ?        I<     0:00 [kworker/R-btrfs]
  546 ?        I<     0:00 [kworker/R-btrfs]
  547 ?        I<     0:00 [kworker/R-btrfs]
  548 ?        I<     0:00 [kworker/R-btrfs]
  559 ?        S      0:00 [btrfs-cleaner]
  560 ?        S      1:57 [btrfs-transaction]
  565 ?        I<     0:00 [kworker/R-brcmf]
  566 ?        S      0:00 [brcmf_wdog/mmc1:0001:1]
  583 ?        S      0:00 [irq/180-vc4 hdmi hpd connected]
  587 ?        S      0:01 [irq/181-vc4 hdmi hpd disconnected]
  588 ?        S      0:00 [cec-vc4-hdmi-0]
  589 ?        S      0:00 [irq/182-vc4 hdmi cec rx]
  622 ?        S      0:00 [irq/183-vc4 hdmi cec tx]
  628 ?        S      0:00 [irq/184-vc4 hdmi hpd connected]
  629 ?        S      0:00 [irq/185-vc4 hdmi hpd disconnected]
  630 ?        S      0:00 [cec-vc4-hdmi-1]
  631 ?        S      0:00 [irq/186-vc4 hdmi cec rx]
  632 ?        S      0:00 [irq/187-vc4 hdmi cec tx]
  635 ?        S      0:00 [card1-crtc0]
  636 ?        S      0:00 [card1-crtc1]
  637 ?        S      0:00 [card1-crtc2]
  638 ?        S      0:00 [card1-crtc3]
  661 ?        Ssl    0:00 /lib/systemd/systemd-timesyncd
  665 ?        I<     0:00 [kworker/u13:3-hci0]
  704 ?        Ss     0:01 avahi-daemon: running [raspberry-32.local]
  705 ?        Ss     0:00 /usr/libexec/bluetooth/bluetoothd
  706 ?        Ss     0:00 /usr/sbin/cron -f
  707 ?        Ss     0:04 /usr/bin/dbus-daemon --system --address=systemd: --nofork --nopidfile --systemd-activation --syslog-only
  710 ?        Ssl    0:00 /usr/lib/polkit-1/polkitd --no-debug
  720 ?        Ss     0:00 /usr/sbin/smartd -n
  722 ?        Ss     0:00 /lib/systemd/systemd-logind
  724 ?        Ss     0:00 /usr/sbin/thd --triggers /etc/triggerhappy/triggers.d/ --socket /run/thd.socket --user nobody --deviceglob /dev/input/event*
  739 ?        S      0:00 avahi-daemon: chroot helper
  790 ?        Ssl    0:10 /usr/sbin/NetworkManager --no-daemon
  815 ?        Ss     0:04 /sbin/wpa_supplicant -u -s -O DIR=/run/wpa_supplicant GROUP=netdev
  818 ?        Ssl    0:00 /usr/sbin/ModemManager
  835 ?        Ss     0:00 sshd: /usr/sbin/sshd -D [listener] 0 of 10-100 startups
  870 ?        I      0:00 [kworker/u12:4-btrfs-endio-write]
  897 tty1     Ss+    0:00 /sbin/agetty -o -p -- \u --noclear - linux
  898 ?        Ss+    0:00 /sbin/agetty -o -p -- \u --keep-baud 115200,57600,38400,9600 - vt220
  958 ?        Ss     0:00 /lib/systemd/systemd --user
  959 ?        S      0:00 (sd-pam)
  993 ?        Ss     0:00 SCREEN
  994 pts/1    Ss     0:00 /bin/bash
  998 pts/1    S+     0:04 /usr/bin/bash -x ./run.sh glibc-default
 1469 ?        I<     0:00 [kworker/1:0H]
 1583 ?        Ss     0:01 /mnt/data/builds/yes-512-32768-1/bin/postgres -D /mnt/data/data-test
 1584 ?        S      0:00 /usr/sbin/CRON -f
 1585 ?        Ss     0:00 /bin/sh -c /root/restart-wireguard.sh
 1586 ?        S      0:00 /usr/bin/bash /root/restart-wireguard.sh
 1587 ?        S      0:00 /usr/bin/systemctl restart wg-quick@wg0
 1596 ?        Ssl    0:00 /usr/lib/NetworkManager/nm-dispatcher
 1597 ?        S      0:00 (udev-worker)
 1598 ?        S      0:00 (udev-worker)
 1614 ?        Ss     0:00 postgres: checkpointer 
 1615 ?        Ss     0:00 postgres: background writer 
 1617 ?        Ss     0:00 postgres: walwriter 
 1618 ?        Ss     0:00 postgres: autovacuum launcher 
 1619 ?        Ss     0:00 postgres: logical replication launcher 
 1621 ?        Rs     0:00 /bin/bash /usr/bin/wg-quick up wg0
 1628 pts/1    S+     0:00 /bin/bash ./run-join.sh rpi5-32 scalability-yes-512-32768-1-1722482965 32768 yes 512 /mnt/data/lock-scalability-test/20240731-0853-glibc-default/logs/join-yes-512-32768-1 1 10 1 4 8 1
 1631 pts/1    R+     0:00 ps ax
 2558 ?        I      0:00 [kworker/u11:2-events_unbound]
 3106 ?        I      0:00 [kworker/u12:3-btrfs-endio-write]
 3820 ?        I      0:00 [kworker/u12:0-btrfs-endio-write]
 3821 ?        I      0:00 [kworker/u12:2-events_unbound]
 3822 ?        I      0:00 [kworker/u12:6-btrfs-endio-write]
 3827 ?        I      0:00 [kworker/0:1-events]
 3861 ?        I      0:00 [kworker/u9:1-btrfs-worker]
 3931 ?        I      0:00 [kworker/u11:6-btrfs-worker]
 4694 ?        I<     0:00 [kworker/3:1H-kblockd]
 5957 ?        I      0:00 [kworker/1:0-cgroup_destroy]
 6110 ?        I      0:00 [kworker/u8:4-btrfs-delayed-meta]
 6111 ?        I      0:00 [kworker/u8:5-btrfs-delayed-meta]
 6112 ?        I      0:00 [kworker/u8:6-btrfs-delayed-meta]
 6766 ?        I      0:01 [kworker/u8:2-btrfs-delayed-meta]
 8790 ?        I      0:00 [kworker/u10:7-btrfs-endio]
 9132 ?        I      0:00 [kworker/u9:3-btrfs-worker]
 9663 ?        I      0:00 [kworker/u8:0-btrfs-delayed-meta]
11053 ?        I      0:00 [kworker/3:0-wg-crypt-wg0]
12609 ?        I      0:00 [kworker/u11:4-btrfs-endio-write]
13983 ?        I      0:00 [kworker/u9:4-flush-btrfs-1]
13984 ?        I      0:00 [kworker/u9:6-btrfs-endio-write]
13985 ?        I      0:00 [kworker/u9:7-btrfs-endio-write]
13986 ?        I      0:00 [kworker/u9:8-btrfs-endio-write]
13991 ?        I      0:00 [kworker/3:1-events_power_efficient]
14540 ?        I      0:00 [kworker/u11:8-btrfs-endio-write]
16265 ?        I      0:00 [kworker/3:2-wg-crypt-wg0]
17082 ?        I<     0:00 [kworker/0:1H]
17546 ?        I      0:00 [kworker/u9:2-btrfs-worker]
18186 ?        I      0:00 [kworker/1:2-events]
18299 ?        I<     0:00 [kworker/1:1H-kblockd]
18716 ?        I      0:00 [kworker/u10:2-btrfs-worker]
18717 ?        I      0:00 [kworker/u10:5-btrfs-worker]
18923 ?        I<     0:00 [kworker/0:3H-kblockd]
19107 ?        I<     0:00 [kworker/3:0H]
19156 ?        I      0:00 [kworker/0:2-events]
21106 ?        I<     0:00 [kworker/2:2H-kblockd]
21140 ?        I<     0:00 [kworker/0:0H-mmc_complete]
21286 ?        I<     0:00 [kworker/3:2H-kblockd]
22031 ?        I<     0:00 [kworker/2:1H]
23098 ?        I      0:00 [kworker/u9:0-btrfs-endio-write]
24059 ?        I<     0:01 [kworker/2:0H-kblockd]
24084 ?        I      0:00 [kworker/2:1-events]
24838 ?        I      0:00 [kworker/u8:3-btrfs-delayed-meta]
25361 ?        I      0:00 [kworker/u10:8-btrfs-endio-write]
25984 ?        I      0:00 [kworker/0:0-rcu_gp]
26278 ?        I      0:00 [kworker/u11:0-btrfs-endio-write]
26279 ?        I      0:00 [kworker/u11:1-btrfs-worker]
26280 ?        I      0:00 [kworker/u10:3-btrfs-endio-write]
26300 ?        I      0:00 [kworker/u11:3-btrfs-worker]
26301 ?        I      0:00 [kworker/u11:5-btrfs-endio-write]
26340 ?        I      0:00 [kworker/2:2-events_power_efficient]
26884 ?        I      0:00 [kworker/2:0-events_power_efficient]
29303 ?        I<     0:00 [kworker/1:2H]
31274 ?        I      0:00 [kworker/u8:1-btrfs-delayed-meta]
31955 ?        I      0:00 [kworker/u9:5-btrfs-endio-write]
32053 ?        I      0:00 [kworker/u12:5-btrfs-endio-write]
32069 ?        I      0:00 [kworker/2:3-events]
