2024-08-01 17:11:05.776 CEST [3029264] LOG:  starting PostgreSQL 18devel on x86_64-pc-linux-gnu, compiled by gcc (Debian 12.2.0-14) 12.2.0, 64-bit
2024-08-01 17:11:05.776 CEST [3029264] LOG:  listening on IPv6 address "::1", port 5432
2024-08-01 17:11:05.776 CEST [3029264] LOG:  listening on IPv4 address "127.0.0.1", port 5432
2024-08-01 17:11:05.777 CEST [3029264] LOG:  listening on Unix socket "/tmp/.s.PGSQL.5432"
2024-08-01 17:11:05.779 CEST [3029267] LOG:  database system was shut down at 2024-08-01 17:11:04 CEST
2024-08-01 17:11:05.784 CEST [3029264] LOG:  database system is ready to accept connections
2024-08-01 17:11:14.186 CEST [3029265] LOG:  checkpoints are occurring too frequently (9 seconds apart)
2024-08-01 17:11:14.186 CEST [3029265] HINT:  Consider increasing the configuration parameter "max_wal_size".
2024-08-01 17:11:14.186 CEST [3029265] LOG:  checkpoint starting: wal
2024-08-01 17:11:21.947 CEST [3029265] LOG:  checkpoint complete: wrote 55609 buffers (21.2%); 0 WAL file(s) added, 2 removed, 31 recycled; write=6.930 s, sync=0.757 s, total=7.761 s; sync files=707, longest=0.542 s, average=0.002 s; distance=550928 kB, estimate=550928 kB; lsn=0/4283C2D0, redo lsn=0/22EEF770
2024-08-01 17:11:22.132 CEST [3029265] LOG:  checkpoints are occurring too frequently (8 seconds apart)
2024-08-01 17:11:22.132 CEST [3029265] HINT:  Consider increasing the configuration parameter "max_wal_size".
2024-08-01 17:11:22.132 CEST [3029265] LOG:  checkpoint starting: wal
2024-08-01 17:11:28.278 CEST [3029265] LOG:  checkpoint complete: wrote 60704 buffers (23.2%); 0 WAL file(s) added, 1 removed, 32 recycled; write=5.723 s, sync=0.354 s, total=6.146 s; sync files=4, longest=0.215 s, average=0.089 s; distance=540621 kB, estimate=549898 kB; lsn=0/62766E80, redo lsn=0/43EE2D60
2024-08-01 17:11:28.675 CEST [3029265] LOG:  checkpoints are occurring too frequently (6 seconds apart)
2024-08-01 17:11:28.675 CEST [3029265] HINT:  Consider increasing the configuration parameter "max_wal_size".
2024-08-01 17:11:28.701 CEST [3029265] LOG:  checkpoint starting: wal
2024-08-01 17:11:35.008 CEST [3029265] LOG:  checkpoint complete: wrote 60878 buffers (23.2%); 0 WAL file(s) added, 1 removed, 33 recycled; write=5.844 s, sync=0.394 s, total=6.333 s; sync files=4, longest=0.379 s, average=0.099 s; distance=541812 kB, estimate=549089 kB; lsn=0/830116E8, redo lsn=0/650000F8
2024-08-01 17:11:35.604 CEST [3029265] LOG:  checkpoints are occurring too frequently (7 seconds apart)
2024-08-01 17:11:35.604 CEST [3029265] HINT:  Consider increasing the configuration parameter "max_wal_size".
2024-08-01 17:11:35.606 CEST [3029265] LOG:  checkpoint starting: wal
2024-08-01 17:11:42.026 CEST [3029265] LOG:  checkpoint complete: wrote 61510 buffers (23.5%); 0 WAL file(s) added, 2 removed, 31 recycled; write=5.756 s, sync=0.573 s, total=6.422 s; sync files=4, longest=0.446 s, average=0.144 s; distance=547529 kB, estimate=548933 kB; lsn=0/A6000438, redo lsn=0/866B27D8
2024-08-01 17:11:42.238 CEST [3029265] LOG:  checkpoints are occurring too frequently (7 seconds apart)
2024-08-01 17:11:42.238 CEST [3029265] HINT:  Consider increasing the configuration parameter "max_wal_size".
2024-08-01 17:11:42.242 CEST [3029265] LOG:  checkpoint starting: wal
2024-08-01 17:11:48.502 CEST [3029265] LOG:  checkpoint complete: wrote 60001 buffers (22.9%); 0 WAL file(s) added, 0 removed, 33 recycled; write=5.737 s, sync=0.462 s, total=6.264 s; sync files=4, longest=0.451 s, average=0.116 s; distance=534712 kB, estimate=547511 kB; lsn=0/C5EA2D78, redo lsn=0/A70E0998
2024-08-01 17:11:48.925 CEST [3029265] LOG:  checkpoints are occurring too frequently (6 seconds apart)
2024-08-01 17:11:48.925 CEST [3029265] HINT:  Consider increasing the configuration parameter "max_wal_size".
2024-08-01 17:11:48.927 CEST [3029265] LOG:  checkpoint starting: wal
2024-08-01 17:11:55.131 CEST [3029265] LOG:  checkpoint complete: wrote 61554 buffers (23.5%); 0 WAL file(s) added, 1 removed, 32 recycled; write=5.729 s, sync=0.392 s, total=6.206 s; sync files=3, longest=0.389 s, average=0.131 s; distance=547871 kB, estimate=547871 kB; lsn=0/E77025E8, redo lsn=0/C87E85F8
2024-08-01 17:11:55.508 CEST [3029265] LOG:  checkpoints are occurring too frequently (7 seconds apart)
2024-08-01 17:11:55.508 CEST [3029265] HINT:  Consider increasing the configuration parameter "max_wal_size".
2024-08-01 17:11:55.508 CEST [3029265] LOG:  checkpoint starting: wal
2024-08-01 17:12:01.714 CEST [3029265] LOG:  checkpoint complete: wrote 61667 buffers (23.5%); 0 WAL file(s) added, 1 removed, 33 recycled; write=5.759 s, sync=0.363 s, total=6.207 s; sync files=4, longest=0.345 s, average=0.091 s; distance=549001 kB, estimate=549001 kB; lsn=1/8A63E40, redo lsn=0/EA00AD18
2024-08-01 17:12:02.134 CEST [3029265] LOG:  checkpoints are occurring too frequently (7 seconds apart)
2024-08-01 17:12:02.134 CEST [3029265] HINT:  Consider increasing the configuration parameter "max_wal_size".
2024-08-01 17:12:02.136 CEST [3029265] LOG:  checkpoint starting: wal
2024-08-01 17:12:08.384 CEST [3029265] LOG:  checkpoint complete: wrote 61435 buffers (23.4%); 0 WAL file(s) added, 1 removed, 32 recycled; write=5.723 s, sync=0.462 s, total=6.251 s; sync files=3, longest=0.457 s, average=0.154 s; distance=546822 kB, estimate=548783 kB; lsn=1/2A484AD0, redo lsn=1/B60C720
2024-08-01 17:12:08.800 CEST [3029265] LOG:  checkpoints are occurring too frequently (6 seconds apart)
2024-08-01 17:12:08.800 CEST [3029265] HINT:  Consider increasing the configuration parameter "max_wal_size".
2024-08-01 17:12:08.800 CEST [3029265] LOG:  checkpoint starting: wal
2024-08-01 17:12:25.532 CEST [3029265] LOG:  checkpoint complete: wrote 61559 buffers (23.5%); 0 WAL file(s) added, 3 removed, 30 recycled; write=12.808 s, sync=3.882 s, total=16.732 s; sync files=9, longest=1.585 s, average=0.432 s; distance=550307 kB, estimate=550307 kB; lsn=1/4DCEE5D8, redo lsn=1/2CF75438
2024-08-01 17:12:25.532 CEST [3029265] LOG:  checkpoints are occurring too frequently (17 seconds apart)
2024-08-01 17:12:25.532 CEST [3029265] HINT:  Consider increasing the configuration parameter "max_wal_size".
2024-08-01 17:12:28.164 CEST [3029265] LOG:  checkpoints are occurring too frequently (3 seconds apart)
2024-08-01 17:12:28.164 CEST [3029265] HINT:  Consider increasing the configuration parameter "max_wal_size".
2024-08-01 17:12:28.164 CEST [3029265] LOG:  checkpoint starting: wal
2024-08-01 17:13:00.900 CEST [3029265] LOG:  checkpoint complete: wrote 245060 buffers (93.5%); 0 WAL file(s) added, 4 removed, 30 recycled; write=31.672 s, sync=0.958 s, total=32.737 s; sync files=32, longest=0.147 s, average=0.030 s; distance=551039 kB, estimate=551039 kB; lsn=1/6F01C038, redo lsn=1/4E995320
2024-08-01 17:13:00.900 CEST [3029265] LOG:  checkpoint starting: wal
2024-08-01 17:13:05.866 CEST [3029305] LOG:  skipping vacuum of "t" --- lock not available
2024-08-01 17:13:07.031 CEST [3029265] LOG:  checkpoint complete: wrote 60 buffers (0.0%); 0 WAL file(s) added, 0 removed, 33 recycled; write=5.921 s, sync=0.180 s, total=6.131 s; sync files=149, longest=0.111 s, average=0.002 s; distance=533386 kB, estimate=549274 kB; lsn=1/73500C18, redo lsn=1/6F277B48
2024-08-01 17:13:38.847 CEST [3029265] LOG:  checkpoint starting: wal
2024-08-01 17:14:05.886 CEST [3029324] LOG:  skipping vacuum of "t" --- lock not available
2024-08-01 17:14:13.670 CEST [3029265] LOG:  checkpoint complete: wrote 755 buffers (0.3%); 0 WAL file(s) added, 1 removed, 32 recycled; write=33.897 s, sync=0.896 s, total=34.827 s; sync files=283, longest=0.136 s, average=0.004 s; distance=543863 kB, estimate=548733 kB; lsn=1/AF3407E8, redo lsn=1/90595818
2024-08-01 17:14:16.871 CEST [3029265] LOG:  checkpoint starting: wal
2024-08-01 17:14:26.570 CEST [3029265] LOG:  checkpoint complete: wrote 97 buffers (0.0%); 0 WAL file(s) added, 0 removed, 33 recycled; write=9.429 s, sync=0.238 s, total=9.705 s; sync files=31, longest=0.117 s, average=0.008 s; distance=535596 kB, estimate=547419 kB; lsn=1/BA6D9F68, redo lsn=1/B10A0BD8
2024-08-01 17:14:55.294 CEST [3029265] LOG:  checkpoint starting: wal
2024-08-01 17:14:57.944 CEST [3029265] LOG:  checkpoint complete: wrote 21 buffers (0.0%); 0 WAL file(s) added, 0 removed, 33 recycled; write=2.011 s, sync=0.606 s, total=2.655 s; sync files=24, longest=0.115 s, average=0.026 s; distance=543286 kB, estimate=547006 kB; lsn=1/D49DC098, redo lsn=1/D232E4E0
2024-08-01 17:15:05.906 CEST [3029398] LOG:  skipping vacuum of "t" --- lock not available
2024-08-01 17:15:34.507 CEST [3029265] LOG:  checkpoint starting: wal
2024-08-01 17:15:37.135 CEST [3029265] LOG:  checkpoint complete: wrote 20 buffers (0.0%); 0 WAL file(s) added, 0 removed, 33 recycled; write=1.912 s, sync=0.684 s, total=2.629 s; sync files=26, longest=0.101 s, average=0.027 s; distance=552065 kB, estimate=552065 kB; lsn=1/F64901E8, redo lsn=1/F3E4EA40
2024-08-01 17:16:05.925 CEST [3029414] LOG:  skipping vacuum of "t" --- lock not available
2024-08-01 17:16:10.518 CEST [3029265] LOG:  checkpoint starting: wal
2024-08-01 17:16:13.179 CEST [3029265] LOG:  checkpoint complete: wrote 20 buffers (0.0%); 0 WAL file(s) added, 0 removed, 33 recycled; write=1.912 s, sync=0.712 s, total=2.661 s; sync files=25, longest=0.117 s, average=0.029 s; distance=529447 kB, estimate=549803 kB; lsn=2/1436B338, redo lsn=2/14358708
2024-08-01 17:16:51.221 CEST [3029265] LOG:  checkpoint starting: wal
2024-08-01 17:16:53.448 CEST [3029265] LOG:  checkpoint complete: wrote 17 buffers (0.0%); 0 WAL file(s) added, 0 removed, 33 recycled; write=1.611 s, sync=0.588 s, total=2.231 s; sync files=26, longest=0.103 s, average=0.023 s; distance=541704 kB, estimate=548993 kB; lsn=2/35E16A98, redo lsn=2/3545A9F0
2024-08-01 17:17:05.945 CEST [3029434] LOG:  skipping vacuum of "t" --- lock not available
2024-08-01 17:17:32.968 CEST [3029265] LOG:  checkpoint starting: wal
2024-08-01 17:17:35.092 CEST [3029265] LOG:  checkpoint complete: wrote 16 buffers (0.0%); 0 WAL file(s) added, 0 removed, 33 recycled; write=1.510 s, sync=0.584 s, total=2.126 s; sync files=25, longest=0.109 s, average=0.024 s; distance=545888 kB, estimate=548683 kB; lsn=2/578C1B20, redo lsn=2/56972D48
2024-08-01 17:18:05.964 CEST [3029450] LOG:  skipping vacuum of "t" --- lock not available
2024-08-01 17:18:15.201 CEST [3029265] LOG:  checkpoint starting: wal
2024-08-01 17:18:17.526 CEST [3029265] LOG:  checkpoint complete: wrote 18 buffers (0.0%); 0 WAL file(s) added, 0 removed, 33 recycled; write=1.711 s, sync=0.585 s, total=2.326 s; sync files=24, longest=0.102 s, average=0.025 s; distance=544578 kB, estimate=548272 kB; lsn=2/7936F798, redo lsn=2/77D43940
2024-08-01 17:18:58.217 CEST [3029265] LOG:  checkpoint starting: wal
2024-08-01 17:19:00.268 CEST [3029265] LOG:  checkpoint complete: wrote 14 buffers (0.0%); 0 WAL file(s) added, 0 removed, 33 recycled; write=1.310 s, sync=0.714 s, total=2.055 s; sync files=24, longest=0.124 s, average=0.030 s; distance=531399 kB, estimate=546585 kB; lsn=2/9AE1CD08, redo lsn=2/984355D0
2024-08-01 17:19:05.983 CEST [3029467] LOG:  skipping vacuum of "t" --- lock not available
2024-08-01 17:19:42.750 CEST [3029265] LOG:  checkpoint starting: wal
2024-08-01 17:19:45.936 CEST [3029265] LOG:  checkpoint complete: wrote 23 buffers (0.0%); 0 WAL file(s) added, 0 removed, 33 recycled; write=2.211 s, sync=0.938 s, total=3.186 s; sync files=27, longest=0.332 s, average=0.035 s; distance=552535 kB, estimate=552535 kB; lsn=2/CF3B5050, redo lsn=2/B9FCB3A0
2024-08-01 17:19:47.054 CEST [3029265] LOG:  checkpoints are occurring too frequently (5 seconds apart)
2024-08-01 17:19:47.054 CEST [3029265] HINT:  Consider increasing the configuration parameter "max_wal_size".
2024-08-01 17:19:47.056 CEST [3029265] LOG:  checkpoint starting: wal
2024-08-01 17:19:49.115 CEST [3029265] LOG:  checkpoint complete: wrote 21 buffers (0.0%); 0 WAL file(s) added, 0 removed, 33 recycled; write=2.010 s, sync=0.004 s, total=2.061 s; sync files=12, longest=0.001 s, average=0.001 s; distance=533201 kB, estimate=550602 kB; lsn=2/EE4B3AC8, redo lsn=2/DA87F918
2024-08-01 17:19:50.448 CEST [3029265] LOG:  checkpoints are occurring too frequently (3 seconds apart)
2024-08-01 17:19:50.448 CEST [3029265] HINT:  Consider increasing the configuration parameter "max_wal_size".
2024-08-01 17:19:50.450 CEST [3029265] LOG:  checkpoint starting: wal
2024-08-01 17:19:50.505 CEST [3029265] LOG:  checkpoint complete: wrote 0 buffers (0.0%); 0 WAL file(s) added, 0 removed, 33 recycled; write=0.005 s, sync=0.001 s, total=0.057 s; sync files=0, longest=0.000 s, average=0.000 s; distance=544020 kB, estimate=549943 kB; lsn=2/FBEE8168, redo lsn=2/FBBC4C00
2024-08-01 17:19:53.838 CEST [3029265] LOG:  checkpoints are occurring too frequently (3 seconds apart)
2024-08-01 17:19:53.838 CEST [3029265] HINT:  Consider increasing the configuration parameter "max_wal_size".
2024-08-01 17:19:53.838 CEST [3029265] LOG:  checkpoint starting: wal
2024-08-01 17:19:53.894 CEST [3029265] LOG:  checkpoint complete: wrote 0 buffers (0.0%); 0 WAL file(s) added, 0 removed, 34 recycled; write=0.005 s, sync=0.001 s, total=0.056 s; sync files=0, longest=0.000 s, average=0.000 s; distance=545009 kB, estimate=549450 kB; lsn=3/1D2E6A58, redo lsn=3/1D0011A0
2024-08-01 17:19:57.269 CEST [3029265] LOG:  checkpoints are occurring too frequently (4 seconds apart)
2024-08-01 17:19:57.269 CEST [3029265] HINT:  Consider increasing the configuration parameter "max_wal_size".
2024-08-01 17:19:57.307 CEST [3029265] LOG:  checkpoint starting: wal
2024-08-01 17:19:57.352 CEST [3029265] LOG:  checkpoint complete: wrote 0 buffers (0.0%); 0 WAL file(s) added, 0 removed, 34 recycled; write=0.006 s, sync=0.001 s, total=0.083 s; sync files=0, longest=0.000 s, average=0.000 s; distance=557120 kB, estimate=557120 kB; lsn=3/3F372690, redo lsn=3/3F011478
2024-08-01 17:20:00.755 CEST [3029265] LOG:  checkpoints are occurring too frequently (3 seconds apart)
2024-08-01 17:20:00.755 CEST [3029265] HINT:  Consider increasing the configuration parameter "max_wal_size".
2024-08-01 17:20:00.787 CEST [3029265] LOG:  checkpoint starting: wal
2024-08-01 17:20:00.832 CEST [3029265] LOG:  checkpoint complete: wrote 0 buffers (0.0%); 0 WAL file(s) added, 0 removed, 34 recycled; write=0.006 s, sync=0.001 s, total=0.077 s; sync files=0, longest=0.000 s, average=0.000 s; distance=557120 kB, estimate=557120 kB; lsn=3/6128B6A8, redo lsn=3/61021750
2024-08-01 17:20:04.192 CEST [3029265] LOG:  checkpoints are occurring too frequently (4 seconds apart)
2024-08-01 17:20:04.192 CEST [3029265] HINT:  Consider increasing the configuration parameter "max_wal_size".
2024-08-01 17:20:04.192 CEST [3029265] LOG:  checkpoint starting: wal
2024-08-01 17:20:04.250 CEST [3029265] LOG:  checkpoint complete: wrote 0 buffers (0.0%); 0 WAL file(s) added, 0 removed, 33 recycled; write=0.006 s, sync=0.001 s, total=0.059 s; sync files=0, longest=0.000 s, average=0.000 s; distance=554896 kB, estimate=556898 kB; lsn=3/83031B28, redo lsn=3/82E05870
2024-08-01 17:20:06.002 CEST [3029479] LOG:  skipping vacuum of "t" --- lock not available
2024-08-01 17:20:07.509 CEST [3029265] LOG:  checkpoints are occurring too frequently (3 seconds apart)
2024-08-01 17:20:07.509 CEST [3029265] HINT:  Consider increasing the configuration parameter "max_wal_size".
2024-08-01 17:20:07.509 CEST [3029265] LOG:  checkpoint starting: wal
2024-08-01 17:20:07.575 CEST [3029265] LOG:  checkpoint complete: wrote 0 buffers (0.0%); 0 WAL file(s) added, 0 removed, 34 recycled; write=0.006 s, sync=0.001 s, total=0.066 s; sync files=0, longest=0.000 s, average=0.000 s; distance=542784 kB, estimate=555486 kB; lsn=3/A42FB4B0, redo lsn=3/A4015BF8
2024-08-01 17:20:19.433 CEST [3029265] LOG:  checkpoints are occurring too frequently (12 seconds apart)
2024-08-01 17:20:19.433 CEST [3029265] HINT:  Consider increasing the configuration parameter "max_wal_size".
2024-08-01 17:20:19.433 CEST [3029265] LOG:  checkpoint starting: wal
2024-08-01 17:20:20.736 CEST [3029265] LOG:  checkpoint complete: wrote 9 buffers (0.0%); 0 WAL file(s) added, 0 removed, 34 recycled; write=0.908 s, sync=0.320 s, total=1.303 s; sync files=6, longest=0.318 s, average=0.054 s; distance=557007 kB, estimate=557007 kB; lsn=3/CD06E700, redo lsn=3/C6009B70
2024-08-01 17:20:48.451 CEST [3029265] LOG:  checkpoints are occurring too frequently (29 seconds apart)
2024-08-01 17:20:48.451 CEST [3029265] HINT:  Consider increasing the configuration parameter "max_wal_size".
2024-08-01 17:20:48.452 CEST [3029265] LOG:  checkpoint starting: wal
2024-08-01 17:20:49.600 CEST [3029265] LOG:  checkpoint complete: wrote 5 buffers (0.0%); 0 WAL file(s) added, 0 removed, 33 recycled; write=0.526 s, sync=0.594 s, total=1.150 s; sync files=12, longest=0.109 s, average=0.050 s; distance=554567 kB, estimate=556763 kB; lsn=3/E8C3DBF0, redo lsn=3/E7D9B9D0
2024-08-01 17:21:06.022 CEST [3029508] LOG:  skipping vacuum of "t" --- lock not available
2024-08-01 17:21:25.158 CEST [3029265] LOG:  checkpoint starting: wal
2024-08-01 17:21:26.850 CEST [3029265] LOG:  checkpoint complete: wrote 9 buffers (0.0%); 0 WAL file(s) added, 0 removed, 33 recycled; write=0.908 s, sync=0.758 s, total=1.694 s; sync files=16, longest=0.121 s, average=0.048 s; distance=536626 kB, estimate=554750 kB; lsn=4/A6DD880, redo lsn=4/89A8238
2024-08-01 17:22:03.307 CEST [3029265] LOG:  checkpoint starting: wal
2024-08-01 17:22:05.071 CEST [3029265] LOG:  checkpoint complete: wrote 10 buffers (0.0%); 0 WAL file(s) added, 0 removed, 33 recycled; write=1.011 s, sync=0.732 s, total=1.765 s; sync files=15, longest=0.114 s, average=0.049 s; distance=535743 kB, estimate=552849 kB; lsn=4/2C17DD90, redo lsn=4/294D7FF8
2024-08-01 17:22:06.042 CEST [3029525] LOG:  skipping vacuum of "t" --- lock not available
2024-08-01 17:22:38.656 CEST [3029265] LOG:  checkpoint starting: wal
2024-08-01 17:22:40.460 CEST [3029265] LOG:  checkpoint complete: wrote 9 buffers (0.0%); 0 WAL file(s) added, 0 removed, 33 recycled; write=0.908 s, sync=0.874 s, total=1.805 s; sync files=14, longest=0.167 s, average=0.063 s; distance=535963 kB, estimate=551160 kB; lsn=4/4A03EFD8, redo lsn=4/4A03EDA0
2024-08-01 17:23:06.062 CEST [3029543] LOG:  skipping vacuum of "t" --- lock not available
2024-08-01 17:23:18.083 CEST [3029265] LOG:  checkpoint starting: wal
2024-08-01 17:23:19.920 CEST [3029265] LOG:  checkpoint complete: wrote 11 buffers (0.0%); 0 WAL file(s) added, 0 removed, 33 recycled; write=1.109 s, sync=0.700 s, total=1.841 s; sync files=15, longest=0.163 s, average=0.047 s; distance=543191 kB, estimate=550363 kB; lsn=4/6BAE8478, redo lsn=4/6B2B4D30
2024-08-01 17:23:58.509 CEST [3029265] LOG:  checkpoint starting: wal
2024-08-01 17:24:00.386 CEST [3029265] LOG:  checkpoint complete: wrote 10 buffers (0.0%); 0 WAL file(s) added, 0 removed, 33 recycled; write=1.008 s, sync=0.843 s, total=1.877 s; sync files=15, longest=0.128 s, average=0.057 s; distance=553753 kB, estimate=553753 kB; lsn=4/8D58A1C0, redo lsn=4/8CF7B1F8
2024-08-01 17:24:06.081 CEST [3029559] LOG:  skipping vacuum of "t" --- lock not available
2024-08-01 17:24:39.759 CEST [3029265] LOG:  checkpoint starting: wal
2024-08-01 17:24:41.706 CEST [3029265] LOG:  checkpoint complete: wrote 12 buffers (0.0%); 0 WAL file(s) added, 0 removed, 33 recycled; write=1.209 s, sync=0.711 s, total=1.949 s; sync files=16, longest=0.133 s, average=0.045 s; distance=536189 kB, estimate=551996 kB; lsn=4/AF02A930, redo lsn=4/ADB1A878
2024-08-01 17:25:06.100 CEST [3029578] LOG:  skipping vacuum of "t" --- lock not available
2024-08-01 17:25:21.564 CEST [3029265] LOG:  checkpoint starting: wal
2024-08-01 17:25:22.921 CEST [3029265] LOG:  checkpoint complete: wrote 6 buffers (0.0%); 0 WAL file(s) added, 0 removed, 33 recycled; write=0.607 s, sync=0.721 s, total=1.360 s; sync files=14, longest=0.173 s, average=0.052 s; distance=537722 kB, estimate=550569 kB; lsn=4/D0ACBE38, redo lsn=4/CE839200
2024-08-01 17:26:04.278 CEST [3029265] LOG:  checkpoint starting: wal
2024-08-01 17:26:05.720 CEST [3029265] LOG:  checkpoint complete: wrote 7 buffers (0.0%); 0 WAL file(s) added, 0 removed, 33 recycled; write=0.707 s, sync=0.708 s, total=1.443 s; sync files=14, longest=0.167 s, average=0.051 s; distance=535098 kB, estimate=549022 kB; lsn=4/F256F900, redo lsn=4/EF2C7A08
2024-08-01 17:26:06.120 CEST [3029594] LOG:  skipping vacuum of "t" --- lock not available
2024-08-01 17:26:44.083 CEST [3029265] LOG:  checkpoint starting: wal
2024-08-01 17:26:45.434 CEST [3029265] LOG:  checkpoint complete: wrote 6 buffers (0.0%); 0 WAL file(s) added, 0 removed, 33 recycled; write=0.614 s, sync=0.716 s, total=1.352 s; sync files=14, longest=0.125 s, average=0.052 s; distance=542117 kB, estimate=548331 kB; lsn=5/104312E0, redo lsn=5/10430E28
2024-08-01 17:27:06.140 CEST [3029609] LOG:  skipping vacuum of "t" --- lock not available
2024-08-01 17:27:28.060 CEST [3029265] LOG:  checkpoint starting: wal
2024-08-01 17:27:29.632 CEST [3029265] LOG:  checkpoint complete: wrote 7 buffers (0.0%); 0 WAL file(s) added, 0 removed, 33 recycled; write=0.708 s, sync=0.839 s, total=1.574 s; sync files=15, longest=0.159 s, average=0.056 s; distance=545393 kB, estimate=548037 kB; lsn=5/31EDB3C8, redo lsn=5/318CD5D0
2024-08-01 17:28:01.667 CEST [3029265] LOG:  checkpoint starting: immediate force wait
2024-08-01 17:28:08.574 CEST [3029265] LOG:  checkpoint complete: wrote 12306 buffers (4.7%); 0 WAL file(s) added, 0 removed, 25 recycled; write=0.200 s, sync=6.675 s, total=6.907 s; sync files=781, longest=1.573 s, average=0.009 s; distance=412001 kB, estimate=534434 kB; lsn=5/4AB584B0, redo lsn=5/4AB25CD0
2024-08-01 17:29:20.131 CEST [3029264] LOG:  received fast shutdown request
2024-08-01 17:29:20.131 CEST [3029264] LOG:  aborting any active transactions
2024-08-01 17:29:20.132 CEST [3029264] LOG:  background worker "logical replication launcher" (PID 3029270) exited with exit code 1
2024-08-01 17:29:20.135 CEST [3029265] LOG:  shutting down
2024-08-01 17:29:20.135 CEST [3029265] LOG:  checkpoint starting: shutdown immediate
2024-08-01 17:29:20.141 CEST [3029265] LOG:  checkpoint complete: wrote 66 buffers (0.0%); 0 WAL file(s) added, 0 removed, 0 recycled; write=0.005 s, sync=0.001 s, total=0.007 s; sync files=5, longest=0.001 s, average=0.001 s; distance=202 kB, estimate=481011 kB; lsn=5/4AB58560, redo lsn=5/4AB58560
2024-08-01 17:29:20.653 CEST [3029264] LOG:  database system is shut down
