2024-07-31 13:04:59.124 BST [28415] LOG:  starting PostgreSQL 18devel on armv8l-unknown-linux-gnueabihf, compiled by gcc (Raspbian 12.2.0-14+rpi1) 12.2.0, 32-bit
2024-07-31 13:04:59.125 BST [28415] LOG:  listening on IPv6 address "::1", port 5432
2024-07-31 13:04:59.125 BST [28415] LOG:  listening on IPv4 address "127.0.0.1", port 5432
2024-07-31 13:04:59.139 BST [28415] LOG:  listening on Unix socket "/tmp/.s.PGSQL.5432"
2024-07-31 13:04:59.143 BST [28418] LOG:  database system was shut down at 2024-07-31 13:04:56 BST
2024-07-31 13:04:59.149 BST [28415] LOG:  database system is ready to accept connections
2024-07-31 13:05:12.653 BST [28416] LOG:  checkpoints are occurring too frequently (13 seconds apart)
2024-07-31 13:05:12.653 BST [28416] HINT:  Consider increasing the configuration parameter "max_wal_size".
2024-07-31 13:05:12.653 BST [28416] LOG:  checkpoint starting: wal
2024-07-31 13:06:04.524 BST [28416] LOG:  checkpoint complete: wrote 60435 buffers (46.1%); 0 WAL file(s) added, 0 removed, 33 recycled; write=49.874 s, sync=1.792 s, total=51.872 s; sync files=787, longest=0.146 s, average=0.003 s; distance=537502 kB, estimate=537502 kB; lsn=0/40CC1940, redo lsn=0/221CD788
2024-07-31 13:06:08.080 BST [28416] LOG:  checkpoint starting: wal
2024-07-31 13:06:11.351 BST [28416] LOG:  checkpoint complete: wrote 29 buffers (0.0%); 0 WAL file(s) added, 0 removed, 33 recycled; write=2.836 s, sync=0.295 s, total=3.272 s; sync files=30, longest=0.024 s, average=0.010 s; distance=539514 kB, estimate=539514 kB; lsn=0/448AF930, redo lsn=0/430AC280
2024-07-31 13:06:22.714 BST [28416] LOG:  checkpoints are occurring too frequently (14 seconds apart)
2024-07-31 13:06:22.714 BST [28416] HINT:  Consider increasing the configuration parameter "max_wal_size".
2024-07-31 13:06:22.715 BST [28416] LOG:  checkpoint starting: wal
2024-07-31 13:06:28.519 BST [28416] LOG:  checkpoint complete: wrote 45 buffers (0.0%); 0 WAL file(s) added, 0 removed, 33 recycled; write=4.468 s, sync=1.167 s, total=5.805 s; sync files=40, longest=1.085 s, average=0.030 s; distance=541076 kB, estimate=541076 kB; lsn=0/67CF38A8, redo lsn=0/64111488
2024-07-31 13:06:59.220 BST [28617] LOG:  skipping vacuum of "t" --- lock not available
2024-07-31 13:07:16.193 BST [28416] LOG:  checkpoint starting: wal
2024-07-31 13:07:28.576 BST [28416] LOG:  checkpoint complete: wrote 125 buffers (0.1%); 0 WAL file(s) added, 0 removed, 33 recycled; write=9.759 s, sync=2.511 s, total=12.384 s; sync files=876, longest=1.077 s, average=0.003 s; distance=540265 kB, estimate=540995 kB; lsn=0/8983F350, redo lsn=0/850ABA78
2024-07-31 13:07:28.577 BST [28416] LOG:  checkpoint starting: immediate force wait
2024-07-31 13:07:29.423 BST [28416] LOG:  checkpoint complete: wrote 8166 buffers (6.2%); 0 WAL file(s) added, 0 removed, 4 recycled; write=0.085 s, sync=0.711 s, total=0.847 s; sync files=449, longest=0.100 s, average=0.002 s; distance=73294 kB, estimate=494225 kB; lsn=0/8983F420, redo lsn=0/8983F3C8
2024-07-31 13:08:42.124 BST [28415] LOG:  received fast shutdown request
2024-07-31 13:08:42.134 BST [28415] LOG:  aborting any active transactions
2024-07-31 13:08:42.135 BST [28415] LOG:  background worker "logical replication launcher" (PID 28421) exited with exit code 1
2024-07-31 13:08:42.136 BST [28416] LOG:  shutting down
2024-07-31 13:08:42.138 BST [28416] LOG:  checkpoint starting: shutdown immediate
2024-07-31 13:08:42.166 BST [28416] LOG:  checkpoint complete: wrote 96 buffers (0.1%); 0 WAL file(s) added, 0 removed, 0 recycled; write=0.011 s, sync=0.012 s, total=0.030 s; sync files=10, longest=0.002 s, average=0.002 s; distance=354 kB, estimate=444838 kB; lsn=0/89897E40, redo lsn=0/89897E40
2024-07-31 13:08:42.374 BST [28415] LOG:  database system is shut down
