2024-08-01 20:29:15.939 CEST [2826786] LOG:  starting PostgreSQL 18devel on x86_64-pc-linux-gnu, compiled by gcc (Debian 12.2.0-14) 12.2.0, 64-bit
2024-08-01 20:29:15.940 CEST [2826786] LOG:  listening on IPv6 address "::1", port 5432
2024-08-01 20:29:15.940 CEST [2826786] LOG:  listening on IPv4 address "127.0.0.1", port 5432
2024-08-01 20:29:15.958 CEST [2826786] LOG:  listening on Unix socket "/tmp/.s.PGSQL.5432"
2024-08-01 20:29:15.962 CEST [2826789] LOG:  database system was shut down at 2024-08-01 20:29:15 CEST
2024-08-01 20:29:15.965 CEST [2826786] LOG:  database system is ready to accept connections
2024-08-01 20:29:25.604 CEST [2826787] LOG:  checkpoints are occurring too frequently (10 seconds apart)
2024-08-01 20:29:25.604 CEST [2826787] HINT:  Consider increasing the configuration parameter "max_wal_size".
2024-08-01 20:29:25.604 CEST [2826787] LOG:  checkpoint starting: wal
2024-08-01 20:29:33.924 CEST [2826787] LOG:  checkpoint complete: wrote 39401 buffers (15.0%); 0 WAL file(s) added, 0 removed, 33 recycled; write=7.902 s, sync=0.327 s, total=8.320 s; sync files=345, longest=0.200 s, average=0.001 s; distance=535728 kB, estimate=535728 kB; lsn=0/40785C90, redo lsn=0/22017830
2024-08-01 20:29:34.547 CEST [2826787] LOG:  checkpoints are occurring too frequently (9 seconds apart)
2024-08-01 20:29:34.547 CEST [2826787] HINT:  Consider increasing the configuration parameter "max_wal_size".
2024-08-01 20:29:34.547 CEST [2826787] LOG:  checkpoint starting: wal
2024-08-01 20:29:42.036 CEST [2826787] LOG:  checkpoint complete: wrote 39637 buffers (15.1%); 0 WAL file(s) added, 1 removed, 32 recycled; write=7.137 s, sync=0.243 s, total=7.490 s; sync files=3, longest=0.187 s, average=0.081 s; distance=546837 kB, estimate=546837 kB; lsn=0/62554DE0, redo lsn=0/4361CF40
2024-08-01 20:29:42.437 CEST [2826787] LOG:  checkpoints are occurring too frequently (8 seconds apart)
2024-08-01 20:29:42.437 CEST [2826787] HINT:  Consider increasing the configuration parameter "max_wal_size".
2024-08-01 20:29:42.438 CEST [2826787] LOG:  checkpoint starting: wal
2024-08-01 20:30:05.980 CEST [2826787] LOG:  checkpoint complete: wrote 39061 buffers (14.9%); 0 WAL file(s) added, 0 removed, 33 recycled; write=23.023 s, sync=0.478 s, total=23.543 s; sync files=12, longest=0.082 s, average=0.040 s; distance=538183 kB, estimate=545972 kB; lsn=0/8239AA00, redo lsn=0/643AED70
2024-08-01 20:30:08.609 CEST [2826787] LOG:  checkpoints are occurring too frequently (26 seconds apart)
2024-08-01 20:30:08.609 CEST [2826787] HINT:  Consider increasing the configuration parameter "max_wal_size".
2024-08-01 20:30:08.611 CEST [2826787] LOG:  checkpoint starting: wal
2024-08-01 20:30:18.601 CEST [2826787] LOG:  checkpoint complete: wrote 69333 buffers (26.4%); 0 WAL file(s) added, 2 removed, 31 recycled; write=9.373 s, sync=0.490 s, total=9.992 s; sync files=21, longest=0.360 s, average=0.024 s; distance=538425 kB, estimate=545217 kB; lsn=0/A501C328, redo lsn=0/8517D430
2024-08-01 20:30:18.785 CEST [2826787] LOG:  checkpoints are occurring too frequently (10 seconds apart)
2024-08-01 20:30:18.785 CEST [2826787] HINT:  Consider increasing the configuration parameter "max_wal_size".
2024-08-01 20:30:18.785 CEST [2826787] LOG:  checkpoint starting: wal
2024-08-01 20:30:21.443 CEST [2826787] LOG:  checkpoint complete: wrote 27 buffers (0.0%); 0 WAL file(s) added, 0 removed, 33 recycled; write=2.609 s, sync=0.015 s, total=2.658 s; sync files=20, longest=0.012 s, average=0.001 s; distance=554116 kB, estimate=554116 kB; lsn=0/BB1A2BA0, redo lsn=0/A6E9E618
2024-08-01 20:30:24.406 CEST [2826787] LOG:  checkpoints are occurring too frequently (6 seconds apart)
2024-08-01 20:30:24.406 CEST [2826787] HINT:  Consider increasing the configuration parameter "max_wal_size".
2024-08-01 20:30:24.406 CEST [2826787] LOG:  checkpoint starting: wal
2024-08-01 20:30:25.445 CEST [2826787] LOG:  checkpoint complete: wrote 8 buffers (0.0%); 0 WAL file(s) added, 0 removed, 33 recycled; write=0.811 s, sync=0.196 s, total=1.040 s; sync files=7, longest=0.194 s, average=0.028 s; distance=529187 kB, estimate=551623 kB; lsn=0/C7367458, redo lsn=0/C73673B0
2024-08-01 20:30:52.512 CEST [2826787] LOG:  checkpoints are occurring too frequently (28 seconds apart)
2024-08-01 20:30:52.512 CEST [2826787] HINT:  Consider increasing the configuration parameter "max_wal_size".
2024-08-01 20:30:52.514 CEST [2826787] LOG:  checkpoint starting: wal
2024-08-01 20:30:53.911 CEST [2826787] LOG:  checkpoint complete: wrote 8 buffers (0.0%); 0 WAL file(s) added, 0 removed, 33 recycled; write=0.818 s, sync=0.546 s, total=1.399 s; sync files=16, longest=0.071 s, average=0.035 s; distance=541874 kB, estimate=550648 kB; lsn=0/E8E0EDA8, redo lsn=0/E8493EB8
2024-08-01 20:30:57.811 CEST [2826787] LOG:  checkpoint starting: immediate force wait
2024-08-01 20:30:58.785 CEST [2826787] LOG:  checkpoint complete: wrote 1951 buffers (0.7%); 0 WAL file(s) added, 0 removed, 5 recycled; write=0.026 s, sync=0.929 s, total=0.974 s; sync files=418, longest=0.689 s, average=0.003 s; distance=89028 kB, estimate=504486 kB; lsn=0/EDB852A8, redo lsn=0/EDB85250
2024-08-01 20:32:09.086 CEST [2826786] LOG:  received fast shutdown request
2024-08-01 20:32:09.087 CEST [2826786] LOG:  aborting any active transactions
2024-08-01 20:32:09.087 CEST [2826786] LOG:  background worker "logical replication launcher" (PID 2826792) exited with exit code 1
2024-08-01 20:32:09.089 CEST [2826787] LOG:  shutting down
2024-08-01 20:32:09.090 CEST [2826787] LOG:  checkpoint starting: shutdown immediate
2024-08-01 20:32:09.100 CEST [2826787] LOG:  checkpoint complete: wrote 72 buffers (0.0%); 0 WAL file(s) added, 0 removed, 0 recycled; write=0.005 s, sync=0.003 s, total=0.011 s; sync files=10, longest=0.002 s, average=0.001 s; distance=247 kB, estimate=454062 kB; lsn=0/EDBC2FB8, redo lsn=0/EDBC2FB8
2024-08-01 20:32:09.375 CEST [2826786] LOG:  database system is shut down
