2024-07-31 18:35:09.339 BST [2111468] LOG:  starting PostgreSQL 18devel on aarch64-unknown-linux-gnu, compiled by gcc (Debian 12.2.0-14) 12.2.0, 64-bit
2024-07-31 18:35:09.340 BST [2111468] LOG:  listening on IPv6 address "::1", port 5432
2024-07-31 18:35:09.340 BST [2111468] LOG:  listening on IPv4 address "127.0.0.1", port 5432
2024-07-31 18:35:09.361 BST [2111468] LOG:  listening on Unix socket "/tmp/.s.PGSQL.5432"
2024-07-31 18:35:09.367 BST [2111471] LOG:  database system was shut down at 2024-07-31 18:35:08 BST
2024-07-31 18:35:09.377 BST [2111468] LOG:  database system is ready to accept connections
2024-07-31 18:35:21.896 BST [2111469] LOG:  checkpoints are occurring too frequently (12 seconds apart)
2024-07-31 18:35:21.896 BST [2111469] HINT:  Consider increasing the configuration parameter "max_wal_size".
2024-07-31 18:35:21.896 BST [2111469] LOG:  checkpoint starting: wal
2024-07-31 18:36:11.669 BST [2111469] LOG:  checkpoint complete: wrote 60435 buffers (46.1%); 0 WAL file(s) added, 0 removed, 33 recycled; write=48.062 s, sync=1.425 s, total=49.773 s; sync files=787, longest=0.065 s, average=0.002 s; distance=537505 kB, estimate=537505 kB; lsn=0/40CC2AE0, redo lsn=0/221CE928
2024-07-31 18:36:15.122 BST [2111469] LOG:  checkpoint starting: wal
2024-07-31 18:36:19.110 BST [2111469] LOG:  checkpoint complete: wrote 29 buffers (0.0%); 0 WAL file(s) added, 0 removed, 33 recycled; write=2.829 s, sync=0.827 s, total=3.989 s; sync files=30, longest=0.116 s, average=0.028 s; distance=539514 kB, estimate=539514 kB; lsn=0/44EAD278, redo lsn=0/430AD408
2024-07-31 18:36:31.217 BST [2111469] LOG:  checkpoints are occurring too frequently (16 seconds apart)
2024-07-31 18:36:31.217 BST [2111469] HINT:  Consider increasing the configuration parameter "max_wal_size".
2024-07-31 18:36:31.217 BST [2111469] LOG:  checkpoint starting: wal
2024-07-31 18:36:38.170 BST [2111469] LOG:  checkpoint complete: wrote 45 buffers (0.0%); 0 WAL file(s) added, 0 removed, 33 recycled; write=4.493 s, sync=2.202 s, total=6.954 s; sync files=41, longest=1.965 s, average=0.054 s; distance=541076 kB, estimate=541076 kB; lsn=0/6917C578, redo lsn=0/64112600
2024-07-31 18:37:09.451 BST [2111673] LOG:  skipping vacuum of "t" --- lock not available
2024-07-31 18:37:18.776 BST [2111469] LOG:  checkpoint starting: wal
2024-07-31 18:37:31.178 BST [2111469] LOG:  checkpoint complete: wrote 125 buffers (0.1%); 0 WAL file(s) added, 0 removed, 33 recycled; write=8.520 s, sync=3.734 s, total=12.402 s; sync files=875, longest=0.999 s, average=0.005 s; distance=540264 kB, estimate=540995 kB; lsn=0/89841508, redo lsn=0/850AC910
2024-07-31 18:37:31.178 BST [2111469] LOG:  checkpoint starting: immediate force wait
2024-07-31 18:37:31.455 BST [2111469] LOG:  checkpoint complete: wrote 8166 buffers (6.2%); 0 WAL file(s) added, 0 removed, 4 recycled; write=0.057 s, sync=0.172 s, total=0.277 s; sync files=449, longest=0.121 s, average=0.001 s; distance=73299 kB, estimate=494225 kB; lsn=0/898415D8, redo lsn=0/89841580
2024-07-31 18:38:46.961 BST [2111468] LOG:  received fast shutdown request
2024-07-31 18:38:46.966 BST [2111468] LOG:  aborting any active transactions
2024-07-31 18:38:46.966 BST [2111468] LOG:  background worker "logical replication launcher" (PID 2111474) exited with exit code 1
2024-07-31 18:38:46.967 BST [2111469] LOG:  shutting down
2024-07-31 18:38:46.971 BST [2111469] LOG:  checkpoint starting: shutdown immediate
2024-07-31 18:38:47.002 BST [2111469] LOG:  checkpoint complete: wrote 97 buffers (0.1%); 0 WAL file(s) added, 0 removed, 0 recycled; write=0.009 s, sync=0.005 s, total=0.035 s; sync files=10, longest=0.005 s, average=0.001 s; distance=356 kB, estimate=444838 kB; lsn=0/8989A7A0, redo lsn=0/8989A7A0
2024-07-31 18:38:47.068 BST [2111468] LOG:  database system is shut down
