    PID TTY      STAT   TIME COMMAND
      1 ?        Ss     0:14 /sbin/init
      2 ?        S      0:00 [kthreadd]
      3 ?        I<     0:00 [rcu_gp]
      4 ?        I<     0:00 [rcu_par_gp]
      5 ?        I<     0:00 [slub_flushwq]
      6 ?        I<     0:00 [netns]
      8 ?        I<     0:00 [kworker/0:0H-events_highpri]
     11 ?        I<     0:00 [mm_percpu_wq]
     12 ?        I      0:00 [rcu_tasks_kthread]
     13 ?        I      0:00 [rcu_tasks_rude_kthread]
     14 ?        I      0:00 [rcu_tasks_trace_kthread]
     15 ?        S      9:02 [ksoftirqd/0]
     16 ?        I     11:28 [rcu_preempt]
     17 ?        S      0:03 [migration/0]
     19 ?        S      0:00 [cpuhp/0]
     20 ?        S      0:00 [cpuhp/1]
     21 ?        S      0:03 [migration/1]
     22 ?        S      8:23 [ksoftirqd/1]
     24 ?        I<     0:00 [kworker/1:0H-events_highpri]
     25 ?        S      0:00 [cpuhp/2]
     26 ?        S      0:03 [migration/2]
     27 ?        S      8:05 [ksoftirqd/2]
     29 ?        I<     0:00 [kworker/2:0H-events_highpri]
     30 ?        S      0:00 [cpuhp/3]
     31 ?        S      0:03 [migration/3]
     32 ?        S      7:55 [ksoftirqd/3]
     34 ?        I<     0:00 [kworker/3:0H-events_highpri]
     35 ?        S      0:00 [cpuhp/4]
     36 ?        S      0:03 [migration/4]
     37 ?        S      7:49 [ksoftirqd/4]
     39 ?        I<     0:00 [kworker/4:0H-events_highpri]
     40 ?        S      0:00 [cpuhp/5]
     41 ?        S      0:03 [migration/5]
     42 ?        S      7:42 [ksoftirqd/5]
     44 ?        I<     0:00 [kworker/5:0H-events_highpri]
     45 ?        S      0:00 [cpuhp/6]
     46 ?        S      0:03 [migration/6]
     47 ?        S      7:36 [ksoftirqd/6]
     49 ?        I<     0:00 [kworker/6:0H-events_highpri]
     50 ?        S      0:00 [cpuhp/7]
     51 ?        S      0:03 [migration/7]
     52 ?        S      7:35 [ksoftirqd/7]
     54 ?        I<     0:00 [kworker/7:0H-events_highpri]
     55 ?        S      0:00 [cpuhp/8]
     56 ?        S      0:03 [migration/8]
     57 ?        S      8:06 [ksoftirqd/8]
     59 ?        I<     0:00 [kworker/8:0H-events_highpri]
     61 ?        S      0:00 [cpuhp/9]
     62 ?        S      0:03 [migration/9]
     63 ?        S      7:57 [ksoftirqd/9]
     65 ?        I<     0:00 [kworker/9:0H-events_highpri]
     66 ?        S      0:00 [cpuhp/10]
     67 ?        S      0:03 [migration/10]
     68 ?        S      7:45 [ksoftirqd/10]
     70 ?        I<     0:00 [kworker/10:0H-events_highpri]
     71 ?        S      0:00 [cpuhp/11]
     72 ?        S      0:03 [migration/11]
     73 ?        S      7:41 [ksoftirqd/11]
     75 ?        I<     0:00 [kworker/11:0H-events_highpri]
     76 ?        S      0:00 [cpuhp/12]
     77 ?        S      0:03 [migration/12]
     78 ?        S      7:39 [ksoftirqd/12]
     80 ?        I<     0:00 [kworker/12:0H-events_highpri]
     81 ?        S      0:00 [cpuhp/13]
     82 ?        S      0:03 [migration/13]
     83 ?        S      7:45 [ksoftirqd/13]
     85 ?        I<     0:00 [kworker/13:0H-events_highpri]
     86 ?        S      0:00 [cpuhp/14]
     87 ?        S      0:03 [migration/14]
     88 ?        S      7:39 [ksoftirqd/14]
     90 ?        I<     0:00 [kworker/14:0H-events_highpri]
     91 ?        S      0:00 [cpuhp/15]
     92 ?        S      0:03 [migration/15]
     93 ?        S      7:36 [ksoftirqd/15]
     95 ?        I<     0:00 [kworker/15:0H-events_highpri]
     96 ?        S      0:00 [cpuhp/16]
     97 ?        S      0:03 [migration/16]
     98 ?        S      8:01 [ksoftirqd/16]
    100 ?        I<     0:00 [kworker/16:0H-events_highpri]
    101 ?        S      0:00 [cpuhp/17]
    102 ?        S      0:03 [migration/17]
    103 ?        S      8:04 [ksoftirqd/17]
    105 ?        I<     0:00 [kworker/17:0H-events_highpri]
    106 ?        S      0:00 [cpuhp/18]
    107 ?        S      0:03 [migration/18]
    108 ?        S      8:00 [ksoftirqd/18]
    110 ?        I<     0:00 [kworker/18:0H-events_highpri]
    111 ?        S      0:00 [cpuhp/19]
    112 ?        S      0:03 [migration/19]
    113 ?        S      7:59 [ksoftirqd/19]
    115 ?        I<     0:00 [kworker/19:0H-events_highpri]
    116 ?        S      0:00 [cpuhp/20]
    117 ?        S      0:02 [migration/20]
    118 ?        S      8:02 [ksoftirqd/20]
    120 ?        I<     0:00 [kworker/20:0H-events_highpri]
    121 ?        S      0:00 [cpuhp/21]
    122 ?        S      0:02 [migration/21]
    123 ?        S      8:03 [ksoftirqd/21]
    125 ?        I<     0:00 [kworker/21:0H-events_highpri]
    126 ?        S      0:00 [cpuhp/22]
    127 ?        S      0:03 [migration/22]
    128 ?        S      8:12 [ksoftirqd/22]
    130 ?        I<     0:00 [kworker/22:0H-events_highpri]
    131 ?        S      0:00 [cpuhp/23]
    132 ?        S      0:03 [migration/23]
    133 ?        S      8:07 [ksoftirqd/23]
    135 ?        I<     0:00 [kworker/23:0H-events_highpri]
    136 ?        S      0:00 [cpuhp/24]
    137 ?        S      0:02 [migration/24]
    138 ?        S      8:11 [ksoftirqd/24]
    140 ?        I<     0:00 [kworker/24:0H-events_highpri]
    141 ?        S      0:00 [cpuhp/25]
    142 ?        S      0:02 [migration/25]
    143 ?        S      8:12 [ksoftirqd/25]
    145 ?        I<     0:00 [kworker/25:0H-events_highpri]
    146 ?        S      0:00 [cpuhp/26]
    147 ?        S      0:02 [migration/26]
    148 ?        S      8:11 [ksoftirqd/26]
    150 ?        I<     0:00 [kworker/26:0H-events_highpri]
    151 ?        S      0:00 [cpuhp/27]
    152 ?        S      0:02 [migration/27]
    153 ?        S      8:12 [ksoftirqd/27]
    155 ?        I<     0:00 [kworker/27:0H-events_highpri]
    156 ?        S      0:00 [cpuhp/28]
    157 ?        S      0:02 [migration/28]
    158 ?        S      8:14 [ksoftirqd/28]
    160 ?        I<     0:00 [kworker/28:0H-events_highpri]
    161 ?        S      0:00 [cpuhp/29]
    162 ?        S      0:02 [migration/29]
    163 ?        S      8:14 [ksoftirqd/29]
    165 ?        I<     0:00 [kworker/29:0H-events_highpri]
    166 ?        S      0:00 [cpuhp/30]
    167 ?        S      0:02 [migration/30]
    168 ?        S      8:18 [ksoftirqd/30]
    170 ?        I<     0:00 [kworker/30:0H-events_highpri]
    171 ?        S      0:00 [cpuhp/31]
    172 ?        S      0:02 [migration/31]
    173 ?        S      8:10 [ksoftirqd/31]
    175 ?        I<     0:00 [kworker/31:0H-events_highpri]
    208 ?        S      0:00 [kdevtmpfs]
    209 ?        I<     0:00 [inet_frag_wq]
    210 ?        S      0:00 [kauditd]
    214 ?        S      0:00 [khungtaskd]
    215 ?        S      0:00 [oom_reaper]
    216 ?        I<     0:00 [writeback]
    217 ?        S      1:16 [kcompactd0]
    218 ?        S      1:10 [kcompactd1]
    219 ?        SN     0:00 [ksmd]
    220 ?        SN     1:15 [khugepaged]
    221 ?        I<     0:00 [kintegrityd]
    222 ?        I<     0:00 [kblockd]
    223 ?        I<     0:00 [blkcg_punt_bio]
    224 ?        I<     0:00 [tpm_dev_wq]
    225 ?        I<     0:00 [edac-poller]
    226 ?        I<     0:00 [devfreq_wq]
    228 ?        I<     0:04 [kworker/0:1H-kblockd]
    230 ?        S      2:39 [kswapd0]
    231 ?        S      3:29 [kswapd1]
    265 ?        I<     0:00 [kthrotld]
    267 ?        I<     0:00 [acpi_thermal_pm]
    268 ?        I<     0:00 [mld]
    269 ?        I<     0:00 [ipv6_addrconf]
    274 ?        I<     0:00 [kstrp]
    279 ?        I<     0:00 [zswap-shrink]
    280 ?        I<     0:00 [kworker/u67:0]
    326 ?        I<     0:02 [kworker/31:1H-kblockd]
    337 ?        I<     0:03 [kworker/23:1H-kblockd]
    338 ?        I<     0:01 [kworker/19:1H-kblockd]
    340 ?        I<     0:04 [kworker/1:1H-kblockd]
    341 ?        I<     0:01 [kworker/30:1H-kblockd]
    342 ?        I<     0:03 [kworker/2:1H-kblockd]
    343 ?        I<     0:02 [kworker/4:1H-kblockd]
    344 ?        I<     0:32 [kworker/22:1H-kblockd]
    345 ?        I<     0:03 [kworker/8:1H-kblockd]
    347 ?        I<     0:01 [kworker/21:1H-kblockd]
    350 ?        I<     0:03 [kworker/9:1H-kblockd]
    358 ?        I<     0:02 [kworker/3:1H-kblockd]
    363 ?        I<     0:01 [kworker/17:1H-kblockd]
    375 ?        I<     0:01 [kworker/5:1H-kblockd]
    377 ?        I<     0:01 [kworker/18:1H-kblockd]
    378 ?        I<     0:01 [kworker/7:1H-kblockd]
    379 ?        I<     0:01 [kworker/6:1H-kblockd]
    381 ?        I<     0:01 [kworker/16:1H-kblockd]
    384 ?        I<     0:02 [kworker/27:1H-kblockd]
    385 ?        I<     0:01 [kworker/20:1H-kblockd]
    390 ?        I<     0:02 [kworker/10:1H-kblockd]
    391 ?        I<     0:02 [kworker/11:1H-kblockd]
    392 ?        I<     0:02 [kworker/12:1H-kblockd]
    393 ?        I<     0:02 [kworker/26:1H-kblockd]
    394 ?        I<     0:02 [kworker/25:1H-kblockd]
    395 ?        I<     0:02 [kworker/13:1H-kblockd]
    396 ?        I<     0:01 [kworker/15:1H-kblockd]
    397 ?        I<     0:01 [kworker/29:1H-kblockd]
    398 ?        I<     0:02 [kworker/14:1H-kblockd]
    406 ?        I<     0:02 [kworker/24:1H-kblockd]
    416 ?        I<     0:01 [kworker/28:1H-kblockd]
    417 ?        I<     0:00 [nvme-wq]
    418 ?        I<     0:00 [nvme-reset-wq]
    419 ?        I<     0:00 [nvme-delete-wq]
    420 ?        I<     0:00 [ata_sff]
    422 ?        S      0:00 [scsi_eh_0]
    423 ?        I<     0:00 [scsi_tmf_0]
    424 ?        S      0:00 [scsi_eh_1]
    425 ?        I<     0:00 [scsi_tmf_1]
    426 ?        S      0:00 [scsi_eh_2]
    427 ?        I<     0:00 [scsi_tmf_2]
    428 ?        S      0:00 [scsi_eh_3]
    429 ?        I<     0:00 [scsi_tmf_3]
    430 ?        S      0:00 [scsi_eh_4]
    431 ?        I<     0:00 [scsi_tmf_4]
    432 ?        S      0:00 [scsi_eh_5]
    433 ?        I<     0:00 [scsi_tmf_5]
    434 ?        S      0:00 [scsi_eh_6]
    435 ?        I<     0:00 [scsi_tmf_6]
    436 ?        S      0:00 [scsi_eh_7]
    437 ?        I<     0:00 [scsi_tmf_7]
    438 ?        S      0:00 [scsi_eh_8]
    439 ?        I<     0:00 [scsi_tmf_8]
    440 ?        S      0:00 [scsi_eh_9]
    441 ?        I<     0:00 [scsi_tmf_9]
    484 ?        S      1:50 [jbd2/sda1-8]
    485 ?        I<     0:00 [ext4-rsv-conver]
    532 ?        Ss     0:10 /lib/systemd/systemd-journald
    564 ?        Ss     0:03 /lib/systemd/systemd-udevd
    682 ?        S      0:00 [watchdogd]
    684 ?        S      0:00 [nv_queue]
    685 ?        S      0:00 [nv_queue]
    686 ?        I<     0:00 [ipmi-msghandler]
    689 ?        S      0:00 [nv_open_q]
    713 ?        SN     0:00 [kipmi0]
    715 ?        I<     0:00 [cryptd]
    716 ?        S      0:00 [nvidia-modeset/kthread_q]
    717 ?        S      0:00 [nvidia-modeset/deferred_close_kthread_q]
    750 ?        Ssl    0:02 /lib/systemd/systemd-timesyncd
    840 ?        Ss     0:00 dhclient -4 -v -i -pf /run/dhclient.eno2.pid -lf /var/lib/dhcp/dhclient.eno2.leases -I -df /var/lib/dhcp/dhclient6.eno2.leases eno2
    858 ?        Ss     0:01 /usr/sbin/cron -f
    860 ?        Ss     0:02 /usr/bin/dbus-daemon --system --address=systemd: --nofork --nopidfile --systemd-activation --syslog-only
    865 ?        Ss     0:01 /lib/systemd/systemd-logind
    869 tty1     Ss+    0:00 /sbin/agetty -o -p -- \u --noclear - linux
    872 ?        S<     3:43 /usr/sbin/atopacctd
    874 ?        Ss     0:01 /usr/bin/nvidia-persistenced --user nvpd
    890 ?        S      0:00 [irq/118-nvidia]
    891 ?        S      0:00 [nvidia]
    892 ?        S      0:00 [nv_queue]
    986 ?        Ss     0:01 /lib/systemd/systemd --user
    987 ?        S      0:00 (sd-pam)
   1144 ?        S      0:26 [jbd2/nvme0n1p1-8]
   1145 ?        I<     0:00 [ext4-rsv-conver]
   1149 ?        I<     0:00 [btrfs-worker]
   1150 ?        I<     0:00 [btrfs-worker-hi]
   1151 ?        I<     0:00 [btrfs-delalloc]
   1152 ?        I<     0:00 [btrfs-flush_del]
   1153 ?        I<     0:00 [btrfs-cache]
   1154 ?        I<     0:00 [btrfs-fixup]
   1155 ?        I<     0:00 [btrfs-endio]
   1156 ?        I<     0:00 [btrfs-endio-met]
   1157 ?        I<     0:00 [btrfs-endio-rai]
   1158 ?        I<     0:00 [btrfs-rmw]
   1159 ?        I<     0:00 [btrfs-endio-wri]
   1160 ?        I<     0:00 [btrfs-compresse]
   1161 ?        I<     0:00 [btrfs-freespace]
   1162 ?        I<     0:00 [btrfs-delayed-m]
   1163 ?        I<     0:00 [btrfs-qgroup-re]
   1165 ?        S      0:03 [btrfs-cleaner]
   1166 ?        S     21:58 [btrfs-transaction]
   1260 ?        Ss     0:01 SCREEN
   1261 pts/2    Ss     0:00 /bin/bash
   1263 pts/2    S      0:00 su - tomas
   1264 pts/2    S      0:00 -bash
   1539 pts/2    S      0:00 bash
  33072 ?        I      0:00 [kworker/25:1-wg-crypt-wg0]
 522376 ?        Ss     0:00 sshd: /usr/sbin/sshd -D [listener] 0 of 10-100 startups
1294832 ?        I      0:00 [kworker/30:0-mm_percpu_wq]
1294833 ?        I      0:00 [kworker/13:1-rcu_gp]
1570043 ?        I      0:00 [kworker/15:2-rcu_gp]
1865860 ?        I      0:00 [kworker/26:0-mm_percpu_wq]
2002969 pts/2    S+     0:05 /usr/bin/bash -x ./run.sh glibc-tuned
2138136 ?        I      0:00 [kworker/24:0-wg-crypt-wg0]
2249424 ?        I      0:00 [kworker/12:0-mm_percpu_wq]
2410570 ?        I      0:00 [kworker/5:1-events]
2410597 ?        I      0:00 [kworker/24:1-mm_percpu_wq]
2586915 ?        I      0:00 [kworker/17:0-mm_percpu_wq]
2668338 ?        I      0:00 [kworker/22:2-mm_percpu_wq]
2935705 ?        I      0:00 [kworker/25:2-events]
2966110 ?        I      0:00 [kworker/3:0-wg-crypt-wg0]
2966118 ?        I      0:00 [kworker/20:2-mm_percpu_wq]
2976729 ?        I      0:01 [kworker/0:2-events]
2976739 ?        S      0:00 [jbd2/sdb1-8]
2976740 ?        I<     0:00 [ext4-rsv-conver]
2987154 ?        I      0:00 [kworker/16:2-rcu_par_gp]
2987162 ?        I      0:00 [kworker/23:1-inode_switch_wbs]
2997641 ?        I      0:00 [kworker/22:1-wg-crypt-wg0]
2997665 ?        I      0:00 [kworker/9:1-events]
2997946 ?        I      0:00 [kworker/23:2-wg-crypt-wg0]
2997995 ?        I      0:00 [kworker/27:1-mm_percpu_wq]
3018897 ?        I      0:00 [kworker/28:1-mm_percpu_wq]
3018922 ?        I      0:00 [kworker/19:1-rcu_par_gp]
3018930 ?        I      0:00 [kworker/31:0-rcu_gp]
3019062 ?        I      0:00 [kworker/3:2-mm_percpu_wq]
3029382 ?        I      0:00 [kworker/14:1-rcu_gp]
3039788 ?        I<     0:00 [kworker/u69:1-btrfs-worker-high]
3039802 ?        I      0:00 [kworker/4:0-rcu_gp]
3039830 ?        I      0:00 [kworker/14:2-mm_percpu_wq]
3039837 ?        I      0:00 [kworker/15:0-mm_percpu_wq]
3040113 ?        I      0:00 [kworker/12:2-mm_percpu_wq]
3040122 ?        I      0:00 [kworker/10:0-wg-crypt-wg0]
3040148 ?        I      0:00 [kworker/30:1-wg-crypt-wg0]
3050293 ?        I      0:03 [kworker/u65:3-writeback]
3050491 ?        I      0:00 [kworker/2:1-mm_percpu_wq]
3050499 ?        I      0:00 [kworker/11:1-rcu_gp]
3050518 ?        I      0:00 [kworker/10:1-mm_percpu_wq]
3060850 ?        I<     0:00 [kworker/u69:2-btrfs-worker-high]
3060932 ?        I      0:00 [kworker/20:1-wg-crypt-wg0]
3060933 ?        I      0:00 [kworker/21:1-mm_percpu_wq]
3060941 ?        I      0:00 [kworker/5:0-wg-crypt-wg0]
3060960 ?        I      0:00 [kworker/13:0-events]
3071267 ?        I      0:02 [kworker/u65:8-btrfs-endio-write]
3071362 ?        I      0:00 [kworker/21:0-mm_percpu_wq]
3071363 ?        I      0:00 [kworker/4:2-events]
3071371 ?        I      0:00 [kworker/27:0-mm_percpu_wq]
3071398 ?        I      0:00 [kworker/8:2-rcu_gp]
3081811 ?        I      0:00 [kworker/16:1-events]
3081812 ?        I      0:00 [kworker/17:2-mm_percpu_wq]
3081820 ?        I      0:00 [kworker/29:2-mm_percpu_wq]
3081843 ?        I      0:00 [kworker/28:2]
3081847 ?        I      0:00 [kworker/26:2-wg-crypt-wg0]
3082098 ?        I      0:01 [kworker/u65:4-btrfs-endio-write]
3082112 ?        I      0:00 [kworker/6:0-mm_percpu_wq]
3082139 ?        I      0:00 [kworker/8:1-events]
3085572 ?        I      0:00 [kworker/18:0-cgroup_destroy]
3092299 ?        I      0:00 [kworker/u65:5-btrfs-endio-write]
3092300 ?        I      0:00 [kworker/u65:6-btrfs-worker]
3092303 ?        I      0:00 [kworker/u65:11-btrfs-worker]
3092543 ?        I      0:00 [kworker/19:2-mm_percpu_wq]
3092544 ?        I      0:00 [kworker/18:2-mm_percpu_wq]
3092570 ?        I      0:00 [kworker/7:0-rcu_gp]
3092577 ?        I      0:00 [kworker/1:1-cgroup_destroy]
3092585 ?        I      0:00 [kworker/0:1-wg-crypt-wg0]
3092625 ?        I      0:00 [kworker/u66:2-btrfs-endio-write]
3092673 ?        I      0:01 [kworker/u65:0-btrfs-endio-write]
3102826 ?        I<     0:00 [kworker/u68:0-btrfs-worker-high]
3102827 ?        I<     0:00 [kworker/u68:2-btrfs-worker-high]
3102968 ?        I      0:00 [kworker/1:0-mm_percpu_wq]
3102969 ?        I      0:00 [kworker/2:2-mm_percpu_wq]
3102995 ?        I      0:00 [kworker/11:2-mm_percpu_wq]
3103009 ?        I      0:00 [kworker/29:0]
3103167 ?        I      0:00 [kworker/u65:1-btrfs-endio-write]
3103168 ?        I      0:00 [kworker/u64:0-ext4-rsv-conversion]
3103169 ?        I      0:00 [kworker/u64:1-btrfs-delayed-meta]
3103170 ?        I      0:00 [kworker/u64:2-ext4-rsv-conversion]
3115854 ?        I      0:00 [kworker/u66:0-btrfs-endio-write]
3115902 ?        I      0:00 [kworker/u65:2-btrfs-endio-write]
3115903 ?        I      0:00 [kworker/u65:7-flush-btrfs-3]
3128595 ?        I<     0:00 [kworker/u68:3-btrfs-worker-high]
3141296 ?        I      0:00 [kworker/u65:9-btrfs-worker]
3141316 ?        I      0:00 [kworker/6:2-mm_percpu_wq]
3141317 ?        I      0:00 [kworker/7:1-events]
3141344 ?        I      0:00 [kworker/9:0-mm_percpu_wq]
3141354 ?        I<     0:00 [wg-crypt-wg0]
3141369 ?        I      0:00 [kworker/31:2-mm_percpu_wq]
3154074 ?        I      0:00 [kworker/u66:1-btrfs-worker]
3154075 ?        I      0:00 [kworker/u66:3-btrfs-endio-write]
3154076 ?        I      0:00 [kworker/u66:4-btrfs-endio-write]
3154077 ?        I      0:00 [kworker/u66:5-btrfs-endio-write]
3154078 ?        I      0:00 [kworker/u66:6-btrfs-worker]
3154079 ?        I      0:00 [kworker/u66:7-btrfs-endio-write]
3154080 ?        I      0:00 [kworker/u66:8-btrfs-endio-write]
3154081 ?        I      0:00 [kworker/u66:9-btrfs-endio-write]
3154082 ?        I      0:00 [kworker/u66:10-btrfs-endio-write]
3166815 ?        I      0:00 [kworker/u65:10]
3166855 ?        I<     0:00 [kworker/u68:1-btrfs-worker-high]
3171568 ?        S<Ls   0:46 /usr/bin/atop -w /var/log/atop/atop_20240801 600
3179553 ?        I      0:00 [kworker/u66:11-btrfs-endio-write]
3192295 ?        Ss     0:00 /mnt/data/builds/yes-128-32768-10/bin/postgres -D /mnt/pgdata/data-test
3192296 ?        Ss     0:00 postgres: checkpointer 
3192297 ?        Ss     0:00 postgres: background writer 
3192299 ?        Ss     0:00 postgres: walwriter 
3192300 ?        Ss     0:00 postgres: autovacuum launcher 
3192301 ?        Ss     0:00 postgres: logical replication launcher 
3192304 pts/2    S+     0:00 /usr/bin/bash ./run-index.sh xeon scalability-yes-128-32768-10-1722534745 32768 yes 128 /home/tomas/lock-scalability-test/20240731-2049-glibc-tuned/logs/index-yes-128-32768-10 1 10 1 16 32 10
3192305 pts/2    R+     0:00 ps ax
