2024-07-30 14:14:11.601 CEST [2929800] LOG:  starting PostgreSQL 18devel on x86_64-pc-linux-gnu, compiled by gcc (Debian 12.2.0-14) 12.2.0, 64-bit
2024-07-30 14:14:11.601 CEST [2929800] LOG:  listening on IPv6 address "::1", port 5432
2024-07-30 14:14:11.601 CEST [2929800] LOG:  listening on IPv4 address "127.0.0.1", port 5432
2024-07-30 14:14:11.602 CEST [2929800] LOG:  listening on Unix socket "/tmp/.s.PGSQL.5432"
2024-07-30 14:14:11.605 CEST [2929803] LOG:  database system was shut down at 2024-07-30 14:14:10 CEST
2024-07-30 14:14:11.608 CEST [2929800] LOG:  database system is ready to accept connections
2024-07-30 14:14:23.461 CEST [2929801] LOG:  checkpoints are occurring too frequently (12 seconds apart)
2024-07-30 14:14:23.461 CEST [2929801] HINT:  Consider increasing the configuration parameter "max_wal_size".
2024-07-30 14:14:23.461 CEST [2929801] LOG:  checkpoint starting: wal
2024-07-30 14:14:36.152 CEST [2929801] LOG:  checkpoint complete: wrote 6830 buffers (2.6%); 0 WAL file(s) added, 3 removed, 30 recycled; write=11.298 s, sync=1.310 s, total=12.691 s; sync files=802, longest=0.014 s, average=0.002 s; distance=537539 kB, estimate=537539 kB; lsn=0/43008908, redo lsn=0/221DC058
2024-07-30 14:14:36.152 CEST [2929801] LOG:  checkpoints are occurring too frequently (13 seconds apart)
2024-07-30 14:14:36.152 CEST [2929801] HINT:  Consider increasing the configuration parameter "max_wal_size".
2024-07-30 14:14:36.152 CEST [2929801] LOG:  checkpoint starting: wal
2024-07-30 14:14:41.443 CEST [2929801] LOG:  checkpoint complete: wrote 50 buffers (0.0%); 0 WAL file(s) added, 0 removed, 33 recycled; write=4.921 s, sync=0.344 s, total=5.292 s; sync files=158, longest=0.008 s, average=0.003 s; distance=540324 kB, estimate=540324 kB; lsn=0/51CC12F8, redo lsn=0/431853F0
2024-07-30 14:14:48.058 CEST [2929801] LOG:  checkpoints are occurring too frequently (12 seconds apart)
2024-07-30 14:14:48.058 CEST [2929801] HINT:  Consider increasing the configuration parameter "max_wal_size".
2024-07-30 14:14:48.058 CEST [2929801] LOG:  checkpoint starting: wal
2024-07-30 14:14:53.698 CEST [2929801] LOG:  checkpoint complete: wrote 50 buffers (0.0%); 0 WAL file(s) added, 0 removed, 33 recycled; write=4.923 s, sync=0.675 s, total=5.640 s; sync files=287, longest=0.009 s, average=0.003 s; distance=540328 kB, estimate=540328 kB; lsn=0/7398F638, redo lsn=0/6412F3F8
2024-07-30 14:14:57.888 CEST [2929801] LOG:  checkpoint starting: immediate force wait
2024-07-30 14:14:58.169 CEST [2929801] LOG:  checkpoint complete: wrote 188 buffers (0.1%); 0 WAL file(s) added, 0 removed, 26 recycled; write=0.008 s, sync=0.248 s, total=0.282 s; sync files=132, longest=0.010 s, average=0.002 s; distance=425836 kB, estimate=528878 kB; lsn=0/7E10A6D8, redo lsn=0/7E10A680
2024-07-30 14:16:08.403 CEST [2929800] LOG:  received fast shutdown request
2024-07-30 14:16:08.403 CEST [2929800] LOG:  aborting any active transactions
2024-07-30 14:16:08.404 CEST [2929800] LOG:  background worker "logical replication launcher" (PID 2929806) exited with exit code 1
2024-07-30 14:16:08.406 CEST [2929801] LOG:  shutting down
2024-07-30 14:16:08.406 CEST [2929801] LOG:  checkpoint starting: shutdown immediate
2024-07-30 14:16:08.414 CEST [2929801] LOG:  checkpoint complete: wrote 53 buffers (0.0%); 0 WAL file(s) added, 0 removed, 0 recycled; write=0.005 s, sync=0.002 s, total=0.008 s; sync files=12, longest=0.001 s, average=0.001 s; distance=294 kB, estimate=476020 kB; lsn=0/7E153F58, redo lsn=0/7E153F58
2024-07-30 14:16:08.631 CEST [2929800] LOG:  database system is shut down
