2024-07-31 02:01:01.718 CEST [922086] LOG:  starting PostgreSQL 18devel on x86_64-pc-linux-gnu, compiled by gcc (Debian 12.2.0-14) 12.2.0, 64-bit
2024-07-31 02:01:01.718 CEST [922086] LOG:  listening on IPv6 address "::1", port 5432
2024-07-31 02:01:01.718 CEST [922086] LOG:  listening on IPv4 address "127.0.0.1", port 5432
2024-07-31 02:01:01.720 CEST [922086] LOG:  listening on Unix socket "/tmp/.s.PGSQL.5432"
2024-07-31 02:01:01.723 CEST [922089] LOG:  database system was shut down at 2024-07-31 02:01:00 CEST
2024-07-31 02:01:01.727 CEST [922086] LOG:  database system is ready to accept connections
2024-07-31 02:01:12.885 CEST [922087] LOG:  checkpoints are occurring too frequently (11 seconds apart)
2024-07-31 02:01:12.885 CEST [922087] HINT:  Consider increasing the configuration parameter "max_wal_size".
2024-07-31 02:01:12.886 CEST [922087] LOG:  checkpoint starting: wal
2024-07-31 02:01:25.229 CEST [922087] LOG:  checkpoint complete: wrote 6830 buffers (2.6%); 0 WAL file(s) added, 5 removed, 28 recycled; write=10.402 s, sync=1.844 s, total=12.344 s; sync files=804, longest=0.017 s, average=0.003 s; distance=537539 kB, estimate=537539 kB; lsn=0/4508D570, redo lsn=0/221DC058
2024-07-31 02:01:25.230 CEST [922087] LOG:  checkpoints are occurring too frequently (13 seconds apart)
2024-07-31 02:01:25.230 CEST [922087] HINT:  Consider increasing the configuration parameter "max_wal_size".
2024-07-31 02:01:25.230 CEST [922087] LOG:  checkpoint starting: wal
2024-07-31 02:01:30.883 CEST [922087] LOG:  checkpoint complete: wrote 51 buffers (0.0%); 0 WAL file(s) added, 0 removed, 35 recycled; write=5.026 s, sync=0.594 s, total=5.654 s; sync files=189, longest=0.015 s, average=0.004 s; distance=573493 kB, estimate=573493 kB; lsn=0/567F4160, redo lsn=0/451E9570
2024-07-31 02:01:35.897 CEST [922087] LOG:  checkpoints are occurring too frequently (10 seconds apart)
2024-07-31 02:01:35.897 CEST [922087] HINT:  Consider increasing the configuration parameter "max_wal_size".
2024-07-31 02:01:35.898 CEST [922087] LOG:  checkpoint starting: wal
2024-07-31 02:01:41.721 CEST [922087] LOG:  checkpoint complete: wrote 49 buffers (0.0%); 0 WAL file(s) added, 0 removed, 33 recycled; write=4.816 s, sync=0.960 s, total=5.824 s; sync files=286, longest=0.015 s, average=0.004 s; distance=538941 kB, estimate=570038 kB; lsn=0/78381A80, redo lsn=0/66038B80
2024-07-31 02:01:43.984 CEST [922087] LOG:  checkpoint starting: immediate force wait
2024-07-31 02:01:44.274 CEST [922087] LOG:  checkpoint complete: wrote 188 buffers (0.1%); 0 WAL file(s) added, 0 removed, 24 recycled; write=0.009 s, sync=0.250 s, total=0.290 s; sync files=100, longest=0.014 s, average=0.003 s; distance=394070 kB, estimate=552441 kB; lsn=0/7E10E450, redo lsn=0/7E10E3F8
2024-07-31 02:02:54.499 CEST [922086] LOG:  received fast shutdown request
2024-07-31 02:02:54.500 CEST [922086] LOG:  aborting any active transactions
2024-07-31 02:02:54.501 CEST [922086] LOG:  background worker "logical replication launcher" (PID 922092) exited with exit code 1
2024-07-31 02:02:54.502 CEST [922087] LOG:  shutting down
2024-07-31 02:02:54.503 CEST [922087] LOG:  checkpoint starting: shutdown immediate
2024-07-31 02:02:54.517 CEST [922087] LOG:  checkpoint complete: wrote 53 buffers (0.0%); 0 WAL file(s) added, 0 removed, 0 recycled; write=0.006 s, sync=0.005 s, total=0.015 s; sync files=12, longest=0.001 s, average=0.001 s; distance=294 kB, estimate=497226 kB; lsn=0/7E157CD0, redo lsn=0/7E157CD0
2024-07-31 02:02:54.690 CEST [922086] LOG:  database system is shut down
