2024-07-30 20:13:24.281 CEST [3318799] LOG:  starting PostgreSQL 18devel on x86_64-pc-linux-gnu, compiled by gcc (Debian 12.2.0-14) 12.2.0, 64-bit
2024-07-30 20:13:24.281 CEST [3318799] LOG:  listening on IPv6 address "::1", port 5432
2024-07-30 20:13:24.281 CEST [3318799] LOG:  listening on IPv4 address "127.0.0.1", port 5432
2024-07-30 20:13:24.283 CEST [3318799] LOG:  listening on Unix socket "/tmp/.s.PGSQL.5432"
2024-07-30 20:13:24.286 CEST [3318802] LOG:  database system was shut down at 2024-07-30 20:13:23 CEST
2024-07-30 20:13:24.290 CEST [3318799] LOG:  database system is ready to accept connections
2024-07-30 20:13:33.843 CEST [3318800] LOG:  checkpoints are occurring too frequently (9 seconds apart)
2024-07-30 20:13:33.843 CEST [3318800] HINT:  Consider increasing the configuration parameter "max_wal_size".
2024-07-30 20:13:33.867 CEST [3318800] LOG:  checkpoint starting: wal
2024-07-30 20:13:41.449 CEST [3318800] LOG:  checkpoint complete: wrote 55684 buffers (21.2%); 0 WAL file(s) added, 1 removed, 33 recycled; write=6.908 s, sync=0.583 s, total=7.606 s; sync files=707, longest=0.418 s, average=0.001 s; distance=552020 kB, estimate=552020 kB; lsn=0/41C8A1B8, redo lsn=0/230004A0
2024-07-30 20:13:41.860 CEST [3318800] LOG:  checkpoints are occurring too frequently (8 seconds apart)
2024-07-30 20:13:41.860 CEST [3318800] HINT:  Consider increasing the configuration parameter "max_wal_size".
2024-07-30 20:13:41.860 CEST [3318800] LOG:  checkpoint starting: wal
2024-07-30 20:13:48.397 CEST [3318800] LOG:  checkpoint complete: wrote 61163 buffers (23.3%); 0 WAL file(s) added, 1 removed, 32 recycled; write=6.005 s, sync=0.428 s, total=6.538 s; sync files=4, longest=0.216 s, average=0.107 s; distance=544158 kB, estimate=551233 kB; lsn=0/63E268F8, redo lsn=0/44368050
2024-07-30 20:13:48.769 CEST [3318800] LOG:  checkpoints are occurring too frequently (7 seconds apart)
2024-07-30 20:13:48.769 CEST [3318800] HINT:  Consider increasing the configuration parameter "max_wal_size".
2024-07-30 20:13:48.793 CEST [3318800] LOG:  checkpoint starting: wal
2024-07-30 20:13:55.331 CEST [3318800] LOG:  checkpoint complete: wrote 62180 buffers (23.7%); 0 WAL file(s) added, 2 removed, 32 recycled; write=6.011 s, sync=0.414 s, total=6.563 s; sync files=4, longest=0.388 s, average=0.104 s; distance=553568 kB, estimate=553568 kB; lsn=0/85001258, redo lsn=0/660000B8
2024-07-30 20:13:55.738 CEST [3318800] LOG:  checkpoints are occurring too frequently (7 seconds apart)
2024-07-30 20:13:55.738 CEST [3318800] HINT:  Consider increasing the configuration parameter "max_wal_size".
2024-07-30 20:13:55.738 CEST [3318800] LOG:  checkpoint starting: wal
2024-07-30 20:14:02.146 CEST [3318800] LOG:  checkpoint complete: wrote 61069 buffers (23.3%); 0 WAL file(s) added, 1 removed, 32 recycled; write=5.896 s, sync=0.415 s, total=6.408 s; sync files=4, longest=0.312 s, average=0.104 s; distance=543656 kB, estimate=552576 kB; lsn=0/A67BB210, redo lsn=0/872EA148
2024-07-30 20:14:02.535 CEST [3318800] LOG:  checkpoints are occurring too frequently (7 seconds apart)
2024-07-30 20:14:02.535 CEST [3318800] HINT:  Consider increasing the configuration parameter "max_wal_size".
2024-07-30 20:14:02.535 CEST [3318800] LOG:  checkpoint starting: wal
2024-07-30 20:14:08.853 CEST [3318800] LOG:  checkpoint complete: wrote 62196 buffers (23.7%); 0 WAL file(s) added, 2 removed, 31 recycled; write=5.801 s, sync=0.409 s, total=6.318 s; sync files=4, longest=0.388 s, average=0.103 s; distance=554063 kB, estimate=554063 kB; lsn=0/C8003EB8, redo lsn=0/A8FFE130
2024-07-30 20:14:09.033 CEST [3318800] LOG:  checkpoints are occurring too frequently (7 seconds apart)
2024-07-30 20:14:09.033 CEST [3318800] HINT:  Consider increasing the configuration parameter "max_wal_size".
2024-07-30 20:14:09.034 CEST [3318800] LOG:  checkpoint starting: wal
2024-07-30 20:14:15.372 CEST [3318800] LOG:  checkpoint complete: wrote 58954 buffers (22.5%); 0 WAL file(s) added, 1 removed, 32 recycled; write=5.825 s, sync=0.412 s, total=6.340 s; sync files=3, longest=0.393 s, average=0.138 s; distance=524824 kB, estimate=551139 kB; lsn=0/E8C2E3C8, redo lsn=0/C90841A0
2024-07-30 20:14:15.750 CEST [3318800] LOG:  checkpoints are occurring too frequently (6 seconds apart)
2024-07-30 20:14:15.750 CEST [3318800] HINT:  Consider increasing the configuration parameter "max_wal_size".
2024-07-30 20:14:15.773 CEST [3318800] LOG:  checkpoint starting: wal
2024-07-30 20:14:22.093 CEST [3318800] LOG:  checkpoint complete: wrote 62510 buffers (23.8%); 0 WAL file(s) added, 2 removed, 32 recycled; write=5.776 s, sync=0.422 s, total=6.343 s; sync files=4, longest=0.402 s, average=0.106 s; distance=556527 kB, estimate=556527 kB; lsn=1/A006C68, redo lsn=0/EB0000D0
2024-07-30 20:14:22.485 CEST [3318800] LOG:  checkpoints are occurring too frequently (7 seconds apart)
2024-07-30 20:14:22.485 CEST [3318800] HINT:  Consider increasing the configuration parameter "max_wal_size".
2024-07-30 20:14:22.486 CEST [3318800] LOG:  checkpoint starting: wal
2024-07-30 20:14:28.781 CEST [3318800] LOG:  checkpoint complete: wrote 61223 buffers (23.4%); 0 WAL file(s) added, 1 removed, 32 recycled; write=5.776 s, sync=0.405 s, total=6.296 s; sync files=3, longest=0.383 s, average=0.135 s; distance=545040 kB, estimate=555379 kB; lsn=1/2BE99658, redo lsn=1/C4441F0
2024-07-30 20:14:28.963 CEST [3318800] LOG:  checkpoints are occurring too frequently (6 seconds apart)
2024-07-30 20:14:28.963 CEST [3318800] HINT:  Consider increasing the configuration parameter "max_wal_size".
2024-07-30 20:14:28.965 CEST [3318800] LOG:  checkpoint starting: wal
2024-07-30 20:14:41.891 CEST [3318800] LOG:  checkpoint complete: wrote 59983 buffers (22.9%); 0 WAL file(s) added, 2 removed, 31 recycled; write=11.982 s, sync=0.874 s, total=12.928 s; sync files=9, longest=0.373 s, average=0.098 s; distance=536898 kB, estimate=553531 kB; lsn=1/4D347738, redo lsn=1/2D094D68
2024-07-30 20:14:44.873 CEST [3318800] LOG:  checkpoints are occurring too frequently (16 seconds apart)
2024-07-30 20:14:44.873 CEST [3318800] HINT:  Consider increasing the configuration parameter "max_wal_size".
2024-07-30 20:14:44.873 CEST [3318800] LOG:  checkpoint starting: wal
2024-07-30 20:15:14.382 CEST [3318800] LOG:  checkpoint complete: wrote 244875 buffers (93.4%); 0 WAL file(s) added, 2 removed, 32 recycled; write=28.908 s, sync=0.521 s, total=29.509 s; sync files=32, longest=0.084 s, average=0.017 s; distance=556495 kB, estimate=556495 kB; lsn=1/6E90D8F8, redo lsn=1/4F008C10
2024-07-30 20:15:17.570 CEST [3318800] LOG:  checkpoint starting: wal
2024-07-30 20:15:23.637 CEST [3318800] LOG:  checkpoint complete: wrote 60 buffers (0.0%); 0 WAL file(s) added, 0 removed, 33 recycled; write=5.916 s, sync=0.118 s, total=6.068 s; sync files=29, longest=0.061 s, average=0.005 s; distance=548779 kB, estimate=555724 kB; lsn=1/76F9D3C0, redo lsn=1/707F3AC8
2024-07-30 20:15:24.363 CEST [3318893] LOG:  skipping vacuum of "t" --- lock not available
2024-07-30 20:15:47.957 CEST [3318800] LOG:  checkpoint starting: wal
2024-07-30 20:16:19.060 CEST [3318800] LOG:  checkpoint complete: wrote 755 buffers (0.3%); 0 WAL file(s) added, 0 removed, 33 recycled; write=30.463 s, sync=0.608 s, total=31.104 s; sync files=341, longest=0.098 s, average=0.002 s; distance=533520 kB, estimate=553503 kB; lsn=1/AF3370D0, redo lsn=1/910F7D20
2024-07-30 20:16:22.462 CEST [3318800] LOG:  checkpoint starting: wal
2024-07-30 20:16:24.382 CEST [3318912] LOG:  skipping vacuum of "t" --- lock not available
2024-07-30 20:16:28.167 CEST [3318800] LOG:  checkpoint complete: wrote 56 buffers (0.0%); 0 WAL file(s) added, 0 removed, 33 recycled; write=5.514 s, sync=0.130 s, total=5.706 s; sync files=26, longest=0.064 s, average=0.005 s; distance=555101 kB, estimate=555101 kB; lsn=1/B6B06D40, redo lsn=1/B2F0F130
2024-07-30 20:16:57.287 CEST [3318800] LOG:  checkpoint starting: wal
2024-07-30 20:17:03.901 CEST [3318800] LOG:  checkpoint complete: wrote 62 buffers (0.0%); 0 WAL file(s) added, 0 removed, 33 recycled; write=6.115 s, sync=0.467 s, total=6.615 s; sync files=30, longest=0.073 s, average=0.016 s; distance=531028 kB, estimate=552693 kB; lsn=1/D85B98C8, redo lsn=1/D35A4198
2024-07-30 20:17:24.387 CEST [3318933] LOG:  skipping vacuum of "t" --- lock not available
2024-07-30 20:17:33.179 CEST [3318800] LOG:  checkpoint starting: wal
2024-07-30 20:17:35.594 CEST [3318800] LOG:  checkpoint complete: wrote 20 buffers (0.0%); 0 WAL file(s) added, 0 removed, 33 recycled; write=1.909 s, sync=0.474 s, total=2.416 s; sync files=25, longest=0.078 s, average=0.019 s; distance=544381 kB, estimate=551862 kB; lsn=1/F64955B0, redo lsn=1/F4943700
2024-07-30 20:18:09.969 CEST [3318800] LOG:  checkpoint starting: wal
2024-07-30 20:18:12.353 CEST [3318800] LOG:  checkpoint complete: wrote 20 buffers (0.0%); 0 WAL file(s) added, 0 removed, 33 recycled; write=1.909 s, sync=0.446 s, total=2.385 s; sync files=26, longest=0.070 s, average=0.018 s; distance=543508 kB, estimate=551027 kB; lsn=2/17F48CC8, redo lsn=2/15C087D0
2024-07-30 20:18:24.406 CEST [3318952] LOG:  skipping vacuum of "t" --- lock not available
2024-07-30 20:18:47.540 CEST [3318800] LOG:  checkpoint starting: wal
2024-07-30 20:18:49.613 CEST [3318800] LOG:  checkpoint complete: wrote 17 buffers (0.0%); 0 WAL file(s) added, 0 removed, 33 recycled; write=1.649 s, sync=0.392 s, total=2.073 s; sync files=26, longest=0.074 s, average=0.016 s; distance=530960 kB, estimate=549020 kB; lsn=2/399F47B8, redo lsn=2/3628C950
2024-07-30 20:19:22.709 CEST [3318800] LOG:  checkpoint starting: wal
2024-07-30 20:19:24.423 CEST [3318969] LOG:  skipping vacuum of "t" --- lock not available
2024-07-30 20:19:24.792 CEST [3318800] LOG:  checkpoint complete: wrote 16 buffers (0.0%); 0 WAL file(s) added, 0 removed, 33 recycled; write=1.508 s, sync=0.514 s, total=2.083 s; sync files=24, longest=0.072 s, average=0.022 s; distance=546985 kB, estimate=548816 kB; lsn=2/578C72F8, redo lsn=2/578B6FE8
2024-07-30 20:20:02.134 CEST [3318800] LOG:  checkpoint starting: wal
2024-07-30 20:20:04.319 CEST [3318800] LOG:  checkpoint complete: wrote 18 buffers (0.0%); 0 WAL file(s) added, 0 removed, 33 recycled; write=1.708 s, sync=0.446 s, total=2.187 s; sync files=24, longest=0.070 s, average=0.019 s; distance=538408 kB, estimate=547776 kB; lsn=2/79374FD8, redo lsn=2/78681348
2024-07-30 20:20:24.442 CEST [3318987] LOG:  skipping vacuum of "t" --- lock not available
2024-07-30 20:20:42.592 CEST [3318800] LOG:  checkpoint starting: wal
2024-07-30 20:20:44.386 CEST [3318800] LOG:  checkpoint complete: wrote 14 buffers (0.0%); 0 WAL file(s) added, 0 removed, 33 recycled; write=1.308 s, sync=0.454 s, total=1.795 s; sync files=24, longest=0.095 s, average=0.019 s; distance=543914 kB, estimate=547389 kB; lsn=2/9AE224E0, redo lsn=2/999ABEA0
2024-07-30 20:21:23.733 CEST [3318800] LOG:  checkpoint starting: wal
2024-07-30 20:21:24.461 CEST [3319005] LOG:  skipping vacuum of "t" --- lock not available
2024-07-30 20:21:25.738 CEST [3318800] LOG:  checkpoint complete: wrote 14 buffers (0.0%); 0 WAL file(s) added, 0 removed, 33 recycled; write=1.330 s, sync=0.604 s, total=2.006 s; sync files=24, longest=0.133 s, average=0.026 s; distance=543480 kB, estimate=546999 kB; lsn=2/C8948088, redo lsn=2/BAC6A160
2024-07-30 20:21:27.710 CEST [3318800] LOG:  checkpoints are occurring too frequently (4 seconds apart)
2024-07-30 20:21:27.710 CEST [3318800] HINT:  Consider increasing the configuration parameter "max_wal_size".
2024-07-30 20:21:27.710 CEST [3318800] LOG:  checkpoint starting: wal
2024-07-30 20:21:30.889 CEST [3318800] LOG:  checkpoint complete: wrote 33 buffers (0.0%); 0 WAL file(s) added, 0 removed, 33 recycled; write=3.111 s, sync=0.004 s, total=3.180 s; sync files=17, longest=0.001 s, average=0.001 s; distance=542545 kB, estimate=546553 kB; lsn=2/F9FCA450, redo lsn=2/DBE3E5B8
2024-07-30 20:21:31.078 CEST [3318800] LOG:  checkpoints are occurring too frequently (4 seconds apart)
2024-07-30 20:21:31.078 CEST [3318800] HINT:  Consider increasing the configuration parameter "max_wal_size".
2024-07-30 20:21:31.079 CEST [3318800] LOG:  checkpoint starting: wal
2024-07-30 20:21:31.127 CEST [3318800] LOG:  checkpoint complete: wrote 0 buffers (0.0%); 0 WAL file(s) added, 0 removed, 33 recycled; write=0.004 s, sync=0.001 s, total=0.049 s; sync files=0, longest=0.000 s, average=0.000 s; distance=528201 kB, estimate=544718 kB; lsn=2/FC47AC88, redo lsn=2/FC210D30
2024-07-30 20:21:35.130 CEST [3318800] LOG:  checkpoints are occurring too frequently (4 seconds apart)
2024-07-30 20:21:35.130 CEST [3318800] HINT:  Consider increasing the configuration parameter "max_wal_size".
2024-07-30 20:21:35.154 CEST [3318800] LOG:  checkpoint starting: wal
2024-07-30 20:21:35.202 CEST [3318800] LOG:  checkpoint complete: wrote 0 buffers (0.0%); 0 WAL file(s) added, 0 removed, 34 recycled; write=0.004 s, sync=0.001 s, total=0.073 s; sync files=0, longest=0.000 s, average=0.000 s; distance=555143 kB, estimate=555143 kB; lsn=3/1E29C9F8, redo lsn=3/1E032AA0
2024-07-30 20:21:38.647 CEST [3318800] LOG:  checkpoints are occurring too frequently (3 seconds apart)
2024-07-30 20:21:38.647 CEST [3318800] HINT:  Consider increasing the configuration parameter "max_wal_size".
2024-07-30 20:21:38.647 CEST [3318800] LOG:  checkpoint starting: wal
2024-07-30 20:21:38.708 CEST [3318800] LOG:  checkpoint complete: wrote 0 buffers (0.0%); 0 WAL file(s) added, 0 removed, 33 recycled; write=0.004 s, sync=0.001 s, total=0.062 s; sync files=0, longest=0.000 s, average=0.000 s; distance=553660 kB, estimate=554995 kB; lsn=3/3FF0DEF8, redo lsn=3/3FCE1C50
2024-07-30 20:21:42.133 CEST [3318800] LOG:  checkpoints are occurring too frequently (4 seconds apart)
2024-07-30 20:21:42.133 CEST [3318800] HINT:  Consider increasing the configuration parameter "max_wal_size".
2024-07-30 20:21:42.133 CEST [3318800] LOG:  checkpoint starting: wal
2024-07-30 20:21:42.200 CEST [3318800] LOG:  checkpoint complete: wrote 0 buffers (0.0%); 0 WAL file(s) added, 0 removed, 34 recycled; write=0.004 s, sync=0.001 s, total=0.067 s; sync files=0, longest=0.000 s, average=0.000 s; distance=544020 kB, estimate=553897 kB; lsn=3/612531F0, redo lsn=3/61026F48
2024-07-30 20:21:45.739 CEST [3318800] LOG:  checkpoints are occurring too frequently (3 seconds apart)
2024-07-30 20:21:45.739 CEST [3318800] HINT:  Consider increasing the configuration parameter "max_wal_size".
2024-07-30 20:21:45.739 CEST [3318800] LOG:  checkpoint starting: wal
2024-07-30 20:21:45.809 CEST [3318800] LOG:  checkpoint complete: wrote 0 buffers (0.0%); 0 WAL file(s) added, 0 removed, 34 recycled; write=0.004 s, sync=0.001 s, total=0.071 s; sync files=0, longest=0.000 s, average=0.000 s; distance=557120 kB, estimate=557120 kB; lsn=3/832A1178, redo lsn=3/83037220
2024-07-30 20:21:49.491 CEST [3318800] LOG:  checkpoints are occurring too frequently (4 seconds apart)
2024-07-30 20:21:49.491 CEST [3318800] HINT:  Consider increasing the configuration parameter "max_wal_size".
2024-07-30 20:21:49.492 CEST [3318800] LOG:  checkpoint starting: wal
2024-07-30 20:21:49.546 CEST [3318800] LOG:  checkpoint complete: wrote 0 buffers (0.0%); 0 WAL file(s) added, 0 removed, 33 recycled; write=0.004 s, sync=0.001 s, total=0.055 s; sync files=0, longest=0.000 s, average=0.000 s; distance=547728 kB, estimate=556181 kB; lsn=3/A4985280, redo lsn=3/A471B328
2024-07-30 20:21:55.762 CEST [3318800] LOG:  checkpoints are occurring too frequently (6 seconds apart)
2024-07-30 20:21:55.762 CEST [3318800] HINT:  Consider increasing the configuration parameter "max_wal_size".
2024-07-30 20:21:55.762 CEST [3318800] LOG:  checkpoint starting: wal
2024-07-30 20:21:56.793 CEST [3318800] LOG:  checkpoint complete: wrote 8 buffers (0.0%); 0 WAL file(s) added, 0 removed, 34 recycled; write=0.809 s, sync=0.179 s, total=1.032 s; sync files=5, longest=0.178 s, average=0.036 s; distance=549840 kB, estimate=555547 kB; lsn=3/CD15B470, redo lsn=3/C600F368
2024-07-30 20:22:21.729 CEST [3318800] LOG:  checkpoints are occurring too frequently (26 seconds apart)
2024-07-30 20:22:21.729 CEST [3318800] HINT:  Consider increasing the configuration parameter "max_wal_size".
2024-07-30 20:22:21.730 CEST [3318800] LOG:  checkpoint starting: wal
2024-07-30 20:22:22.682 CEST [3318800] LOG:  checkpoint complete: wrote 5 buffers (0.0%); 0 WAL file(s) added, 0 removed, 33 recycled; write=0.521 s, sync=0.395 s, total=0.953 s; sync files=12, longest=0.080 s, average=0.033 s; distance=552591 kB, estimate=555251 kB; lsn=3/E8C43358, redo lsn=3/E7BB2F70
2024-07-30 20:22:24.479 CEST [3319018] LOG:  skipping vacuum of "t" --- lock not available
2024-07-30 20:22:54.939 CEST [3318800] LOG:  checkpoint starting: wal
2024-07-30 20:22:56.399 CEST [3318800] LOG:  checkpoint complete: wrote 9 buffers (0.0%); 0 WAL file(s) added, 0 removed, 33 recycled; write=0.917 s, sync=0.510 s, total=1.461 s; sync files=16, longest=0.071 s, average=0.032 s; distance=541017 kB, estimate=553828 kB; lsn=4/A6E2FE8, redo lsn=4/8C09438
2024-07-30 20:23:24.479 CEST [3319037] LOG:  skipping vacuum of "t" --- lock not available
2024-07-30 20:23:28.899 CEST [3318800] LOG:  checkpoint starting: wal
2024-07-30 20:23:30.320 CEST [3318800] LOG:  checkpoint complete: wrote 9 buffers (0.0%); 0 WAL file(s) added, 0 removed, 33 recycled; write=0.909 s, sync=0.480 s, total=1.422 s; sync files=15, longest=0.073 s, average=0.032 s; distance=531132 kB, estimate=551558 kB; lsn=4/2C183508, redo lsn=4/292B86B8
2024-07-30 20:24:00.754 CEST [3318800] LOG:  checkpoint starting: wal
2024-07-30 20:24:02.203 CEST [3318800] LOG:  checkpoint complete: wrote 9 buffers (0.0%); 0 WAL file(s) added, 0 removed, 33 recycled; write=0.906 s, sync=0.514 s, total=1.450 s; sync files=14, longest=0.072 s, average=0.037 s; distance=538159 kB, estimate=550218 kB; lsn=4/4A044758, redo lsn=4/4A044520
2024-07-30 20:24:24.495 CEST [3319057] LOG:  skipping vacuum of "t" --- lock not available
2024-07-30 20:24:36.493 CEST [3318800] LOG:  checkpoint starting: wal
2024-07-30 20:24:38.187 CEST [3318800] LOG:  checkpoint complete: wrote 12 buffers (0.0%); 0 WAL file(s) added, 0 removed, 33 recycled; write=1.206 s, sync=0.454 s, total=1.695 s; sync files=15, longest=0.073 s, average=0.031 s; distance=550876 kB, estimate=550876 kB; lsn=4/6BAED998, redo lsn=4/6BA3B6C0
2024-07-30 20:25:13.052 CEST [3318800] LOG:  checkpoint starting: wal
2024-07-30 20:25:14.093 CEST [3318800] LOG:  checkpoint complete: wrote 10 buffers (0.0%); 0 WAL file(s) added, 0 removed, 33 recycled; write=1.006 s, sync=0.003 s, total=1.042 s; sync files=15, longest=0.001 s, average=0.001 s; distance=537505 kB, estimate=549539 kB; lsn=4/8D58F9A0, redo lsn=4/8C723BA8
2024-07-30 20:25:24.509 CEST [3319078] LOG:  skipping vacuum of "t" --- lock not available
2024-07-30 20:25:50.568 CEST [3318800] LOG:  checkpoint starting: wal
2024-07-30 20:25:52.258 CEST [3318800] LOG:  checkpoint complete: wrote 12 buffers (0.0%); 0 WAL file(s) added, 0 removed, 33 recycled; write=1.207 s, sync=0.451 s, total=1.691 s; sync files=16, longest=0.072 s, average=0.029 s; distance=539484 kB, estimate=548533 kB; lsn=4/AF030158, redo lsn=4/AD5FABF0
2024-07-30 20:26:24.528 CEST [3319095] LOG:  skipping vacuum of "t" --- lock not available
2024-07-30 20:26:29.011 CEST [3318800] LOG:  checkpoint starting: wal
2024-07-30 20:26:30.142 CEST [3318800] LOG:  checkpoint complete: wrote 6 buffers (0.0%); 0 WAL file(s) added, 0 removed, 33 recycled; write=0.605 s, sync=0.482 s, total=1.131 s; sync files=15, longest=0.085 s, average=0.033 s; distance=544089 kB, estimate=548089 kB; lsn=4/D0AD12C8, redo lsn=4/CE951030
2024-07-30 20:27:08.442 CEST [3318800] LOG:  checkpoint starting: wal
2024-07-30 20:27:09.388 CEST [3318800] LOG:  checkpoint complete: wrote 7 buffers (0.0%); 0 WAL file(s) added, 0 removed, 33 recycled; write=0.705 s, sync=0.210 s, total=0.947 s; sync files=15, longest=0.074 s, average=0.014 s; distance=541245 kB, estimate=547404 kB; lsn=4/F2574D60, redo lsn=4/EF9E04E0
2024-07-30 20:27:24.546 CEST [3319112] LOG:  skipping vacuum of "t" --- lock not available
2024-07-30 20:27:44.883 CEST [3318800] LOG:  checkpoint starting: wal
2024-07-30 20:27:46.056 CEST [3318800] LOG:  checkpoint complete: wrote 6 buffers (0.0%); 0 WAL file(s) added, 0 removed, 33 recycled; write=0.612 s, sync=0.530 s, total=1.175 s; sync files=14, longest=0.073 s, average=0.038 s; distance=534870 kB, estimate=546151 kB; lsn=5/1043EF58, redo lsn=5/10436028
2024-07-30 20:28:24.563 CEST [3319128] LOG:  skipping vacuum of "t" --- lock not available
2024-07-30 20:28:25.885 CEST [3318800] LOG:  checkpoint starting: wal
2024-07-30 20:28:27.075 CEST [3318800] LOG:  checkpoint complete: wrote 7 buffers (0.0%); 0 WAL file(s) added, 0 removed, 33 recycled; write=0.705 s, sync=0.455 s, total=1.191 s; sync files=15, longest=0.074 s, average=0.031 s; distance=551561 kB, estimate=551561 kB; lsn=5/31EE07B8, redo lsn=5/31ED86C8
2024-07-30 20:28:55.988 CEST [3318800] LOG:  checkpoint starting: immediate force wait
2024-07-30 20:28:57.157 CEST [3318800] LOG:  checkpoint complete: wrote 12306 buffers (4.7%); 0 WAL file(s) added, 0 removed, 25 recycled; write=0.113 s, sync=1.015 s, total=1.169 s; sync files=781, longest=0.608 s, average=0.002 s; distance=405836 kB, estimate=536989 kB; lsn=5/4AB2B9A8, redo lsn=5/4AB2B950
2024-07-30 20:30:12.016 CEST [3318799] LOG:  received fast shutdown request
2024-07-30 20:30:12.016 CEST [3318799] LOG:  aborting any active transactions
2024-07-30 20:30:12.018 CEST [3318799] LOG:  background worker "logical replication launcher" (PID 3318805) exited with exit code 1
2024-07-30 20:30:12.020 CEST [3318800] LOG:  shutting down
2024-07-30 20:30:12.020 CEST [3318800] LOG:  checkpoint starting: shutdown immediate
2024-07-30 20:30:12.029 CEST [3318800] LOG:  checkpoint complete: wrote 66 buffers (0.0%); 0 WAL file(s) added, 0 removed, 0 recycled; write=0.004 s, sync=0.003 s, total=0.009 s; sync files=5, longest=0.002 s, average=0.001 s; distance=202 kB, estimate=483310 kB; lsn=5/4AB5E218, redo lsn=5/4AB5E218
2024-07-30 20:30:12.430 CEST [3318799] LOG:  database system is shut down
