2024-07-31 02:06:43.472 CEST [1636981] LOG:  starting PostgreSQL 18devel on x86_64-pc-linux-gnu, compiled by gcc (Debian 12.2.0-14) 12.2.0, 64-bit
2024-07-31 02:06:43.472 CEST [1636981] LOG:  listening on IPv6 address "::1", port 5432
2024-07-31 02:06:43.472 CEST [1636981] LOG:  listening on IPv4 address "127.0.0.1", port 5432
2024-07-31 02:06:43.473 CEST [1636981] LOG:  listening on Unix socket "/tmp/.s.PGSQL.5432"
2024-07-31 02:06:43.476 CEST [1636984] LOG:  database system was shut down at 2024-07-31 02:06:42 CEST
2024-07-31 02:06:43.479 CEST [1636981] LOG:  database system is ready to accept connections
2024-07-31 02:06:55.203 CEST [1636982] LOG:  checkpoints are occurring too frequently (12 seconds apart)
2024-07-31 02:06:55.203 CEST [1636982] HINT:  Consider increasing the configuration parameter "max_wal_size".
2024-07-31 02:06:55.203 CEST [1636982] LOG:  checkpoint starting: wal
2024-07-31 02:07:07.779 CEST [1636982] LOG:  checkpoint complete: wrote 6830 buffers (2.6%); 0 WAL file(s) added, 3 removed, 30 recycled; write=11.190 s, sync=1.324 s, total=12.576 s; sync files=803, longest=0.020 s, average=0.002 s; distance=537539 kB, estimate=537539 kB; lsn=0/431F9148, redo lsn=0/221DC058
2024-07-31 02:07:07.779 CEST [1636982] LOG:  checkpoints are occurring too frequently (12 seconds apart)
2024-07-31 02:07:07.779 CEST [1636982] HINT:  Consider increasing the configuration parameter "max_wal_size".
2024-07-31 02:07:07.779 CEST [1636982] LOG:  checkpoint starting: wal
2024-07-31 02:07:13.204 CEST [1636982] LOG:  checkpoint complete: wrote 50 buffers (0.0%); 0 WAL file(s) added, 0 removed, 33 recycled; write=4.923 s, sync=0.472 s, total=5.426 s; sync files=160, longest=0.014 s, average=0.003 s; distance=542310 kB, estimate=542310 kB; lsn=0/527F0A68, redo lsn=0/43375C30
2024-07-31 02:07:19.568 CEST [1636982] LOG:  checkpoints are occurring too frequently (12 seconds apart)
2024-07-31 02:07:19.568 CEST [1636982] HINT:  Consider increasing the configuration parameter "max_wal_size".
2024-07-31 02:07:19.568 CEST [1636982] LOG:  checkpoint starting: wal
2024-07-31 02:07:25.426 CEST [1636982] LOG:  checkpoint complete: wrote 50 buffers (0.0%); 0 WAL file(s) added, 0 removed, 33 recycled; write=4.921 s, sync=0.894 s, total=5.858 s; sync files=284, longest=0.012 s, average=0.004 s; distance=538342 kB, estimate=541914 kB; lsn=0/74342398, redo lsn=0/6412F6B8
2024-07-31 02:07:29.587 CEST [1636982] LOG:  checkpoint starting: immediate force wait
2024-07-31 02:07:29.941 CEST [1636982] LOG:  checkpoint complete: wrote 188 buffers (0.1%); 0 WAL file(s) added, 0 removed, 26 recycled; write=0.008 s, sync=0.316 s, total=0.355 s; sync files=132, longest=0.009 s, average=0.003 s; distance=425836 kB, estimate=530306 kB; lsn=0/7E10A9C8, redo lsn=0/7E10A970
2024-07-31 02:08:40.158 CEST [1636981] LOG:  received fast shutdown request
2024-07-31 02:08:40.159 CEST [1636981] LOG:  aborting any active transactions
2024-07-31 02:08:40.159 CEST [1636981] LOG:  background worker "logical replication launcher" (PID 1636987) exited with exit code 1
2024-07-31 02:08:40.161 CEST [1636982] LOG:  shutting down
2024-07-31 02:08:40.161 CEST [1636982] LOG:  checkpoint starting: shutdown immediate
2024-07-31 02:08:40.169 CEST [1636982] LOG:  checkpoint complete: wrote 53 buffers (0.0%); 0 WAL file(s) added, 0 removed, 0 recycled; write=0.005 s, sync=0.002 s, total=0.008 s; sync files=12, longest=0.001 s, average=0.001 s; distance=294 kB, estimate=477305 kB; lsn=0/7E154260, redo lsn=0/7E154260
2024-07-31 02:08:40.385 CEST [1636981] LOG:  database system is shut down
