2024-08-01 11:11:49.164 CEST [780712] LOG:  starting PostgreSQL 18devel on x86_64-pc-linux-gnu, compiled by gcc (Debian 12.2.0-14) 12.2.0, 64-bit
2024-08-01 11:11:49.165 CEST [780712] LOG:  listening on IPv6 address "::1", port 5432
2024-08-01 11:11:49.165 CEST [780712] LOG:  listening on IPv4 address "127.0.0.1", port 5432
2024-08-01 11:11:49.184 CEST [780712] LOG:  listening on Unix socket "/tmp/.s.PGSQL.5432"
2024-08-01 11:11:49.187 CEST [780715] LOG:  database system was shut down at 2024-08-01 11:11:48 CEST
2024-08-01 11:11:49.191 CEST [780712] LOG:  database system is ready to accept connections
2024-08-01 11:12:00.599 CEST [780713] LOG:  checkpoints are occurring too frequently (11 seconds apart)
2024-08-01 11:12:00.599 CEST [780713] HINT:  Consider increasing the configuration parameter "max_wal_size".
2024-08-01 11:12:00.599 CEST [780713] LOG:  checkpoint starting: wal
2024-08-01 11:12:13.179 CEST [780713] LOG:  checkpoint complete: wrote 6830 buffers (2.6%); 0 WAL file(s) added, 4 removed, 29 recycled; write=10.712 s, sync=1.791 s, total=12.581 s; sync files=804, longest=0.024 s, average=0.003 s; distance=537539 kB, estimate=537539 kB; lsn=0/44D20808, redo lsn=0/221DC058
2024-08-01 11:12:13.180 CEST [780713] LOG:  checkpoints are occurring too frequently (13 seconds apart)
2024-08-01 11:12:13.180 CEST [780713] HINT:  Consider increasing the configuration parameter "max_wal_size".
2024-08-01 11:12:13.180 CEST [780713] LOG:  checkpoint starting: wal
2024-08-01 11:12:18.810 CEST [780713] LOG:  checkpoint complete: wrote 51 buffers (0.0%); 0 WAL file(s) added, 0 removed, 34 recycled; write=5.022 s, sync=0.562 s, total=5.631 s; sync files=185, longest=0.013 s, average=0.004 s; distance=570116 kB, estimate=570116 kB; lsn=0/55E41428, redo lsn=0/44E9D2F0
2024-08-01 11:12:23.836 CEST [780713] LOG:  checkpoints are occurring too frequently (10 seconds apart)
2024-08-01 11:12:23.836 CEST [780713] HINT:  Consider increasing the configuration parameter "max_wal_size".
2024-08-01 11:12:23.836 CEST [780713] LOG:  checkpoint starting: wal
2024-08-01 11:12:29.597 CEST [780713] LOG:  checkpoint complete: wrote 49 buffers (0.0%); 0 WAL file(s) added, 0 removed, 33 recycled; write=4.820 s, sync=0.898 s, total=5.761 s; sync files=279, longest=0.016 s, average=0.004 s; distance=526428 kB, estimate=565747 kB; lsn=0/76A0ECC0, redo lsn=0/650B4430
2024-08-01 11:12:32.436 CEST [780713] LOG:  checkpoint starting: immediate force wait
2024-08-01 11:12:32.767 CEST [780713] LOG:  checkpoint complete: wrote 188 buffers (0.1%); 0 WAL file(s) added, 0 removed, 25 recycled; write=0.007 s, sync=0.290 s, total=0.331 s; sync files=112, longest=0.009 s, average=0.003 s; distance=409953 kB, estimate=550168 kB; lsn=0/7E10C930, redo lsn=0/7E10C8D8
2024-08-01 11:13:42.972 CEST [780712] LOG:  received fast shutdown request
2024-08-01 11:13:42.973 CEST [780712] LOG:  aborting any active transactions
2024-08-01 11:13:42.974 CEST [780712] LOG:  background worker "logical replication launcher" (PID 780718) exited with exit code 1
2024-08-01 11:13:42.975 CEST [780713] LOG:  shutting down
2024-08-01 11:13:42.976 CEST [780713] LOG:  checkpoint starting: shutdown immediate
2024-08-01 11:13:42.987 CEST [780713] LOG:  checkpoint complete: wrote 53 buffers (0.0%); 0 WAL file(s) added, 0 removed, 0 recycled; write=0.006 s, sync=0.004 s, total=0.012 s; sync files=12, longest=0.001 s, average=0.001 s; distance=294 kB, estimate=495180 kB; lsn=0/7E1561C8, redo lsn=0/7E1561C8
2024-08-01 11:13:43.156 CEST [780712] LOG:  database system is shut down
