2024-08-01 22:12:19.269 CEST [3448281] LOG:  starting PostgreSQL 18devel on x86_64-pc-linux-gnu, compiled by gcc (Debian 12.2.0-14) 12.2.0, 64-bit
2024-08-01 22:12:19.269 CEST [3448281] LOG:  listening on IPv6 address "::1", port 5432
2024-08-01 22:12:19.269 CEST [3448281] LOG:  listening on IPv4 address "127.0.0.1", port 5432
2024-08-01 22:12:19.288 CEST [3448281] LOG:  listening on Unix socket "/tmp/.s.PGSQL.5432"
2024-08-01 22:12:19.291 CEST [3448284] LOG:  database system was shut down at 2024-08-01 22:12:18 CEST
2024-08-01 22:12:19.294 CEST [3448281] LOG:  database system is ready to accept connections
2024-08-01 22:12:29.984 CEST [3448282] LOG:  checkpoints are occurring too frequently (10 seconds apart)
2024-08-01 22:12:29.984 CEST [3448282] HINT:  Consider increasing the configuration parameter "max_wal_size".
2024-08-01 22:12:29.984 CEST [3448282] LOG:  checkpoint starting: wal
2024-08-01 22:12:39.001 CEST [3448282] LOG:  checkpoint complete: wrote 31616 buffers (12.1%); 0 WAL file(s) added, 1 removed, 32 recycled; write=8.663 s, sync=0.273 s, total=9.018 s; sync files=309, longest=0.114 s, average=0.001 s; distance=549476 kB, estimate=549476 kB; lsn=0/416BA8C0, redo lsn=0/22D84588
2024-08-01 22:12:39.399 CEST [3448282] LOG:  checkpoints are occurring too frequently (10 seconds apart)
2024-08-01 22:12:39.399 CEST [3448282] HINT:  Consider increasing the configuration parameter "max_wal_size".
2024-08-01 22:12:39.400 CEST [3448282] LOG:  checkpoint starting: wal
2024-08-01 22:12:48.063 CEST [3448282] LOG:  checkpoint complete: wrote 29848 buffers (11.4%); 0 WAL file(s) added, 2 removed, 31 recycled; write=8.153 s, sync=0.384 s, total=8.664 s; sync files=5, longest=0.225 s, average=0.077 s; distance=530743 kB, estimate=547602 kB; lsn=0/63019840, redo lsn=0/433D21E0
2024-08-01 22:12:48.245 CEST [3448282] LOG:  checkpoints are occurring too frequently (9 seconds apart)
2024-08-01 22:12:48.245 CEST [3448282] HINT:  Consider increasing the configuration parameter "max_wal_size".
2024-08-01 22:12:48.246 CEST [3448282] LOG:  checkpoint starting: wal
2024-08-01 22:12:56.386 CEST [3448282] LOG:  checkpoint complete: wrote 28604 buffers (10.9%); 0 WAL file(s) added, 0 removed, 33 recycled; write=7.622 s, sync=0.482 s, total=8.142 s; sync files=386, longest=0.192 s, average=0.002 s; distance=546865 kB, estimate=547529 kB; lsn=0/7937A378, redo lsn=0/649DE988
2024-08-01 22:12:56.386 CEST [3448282] LOG:  checkpoint starting: immediate force wait
2024-08-01 22:12:56.785 CEST [3448282] LOG:  checkpoint complete: wrote 44982 buffers (17.2%); 0 WAL file(s) added, 0 removed, 21 recycled; write=0.347 s, sync=0.024 s, total=0.399 s; sync files=154, longest=0.002 s, average=0.001 s; distance=337518 kB, estimate=526528 kB; lsn=0/7937A448, redo lsn=0/7937A3F0
2024-08-01 22:14:07.020 CEST [3448281] LOG:  received fast shutdown request
2024-08-01 22:14:07.021 CEST [3448281] LOG:  aborting any active transactions
2024-08-01 22:14:07.021 CEST [3448281] LOG:  background worker "logical replication launcher" (PID 3448287) exited with exit code 1
2024-08-01 22:14:07.023 CEST [3448282] LOG:  shutting down
2024-08-01 22:14:07.024 CEST [3448282] LOG:  checkpoint starting: shutdown immediate
2024-08-01 22:14:07.034 CEST [3448282] LOG:  checkpoint complete: wrote 53 buffers (0.0%); 0 WAL file(s) added, 0 removed, 0 recycled; write=0.005 s, sync=0.003 s, total=0.011 s; sync files=12, longest=0.002 s, average=0.001 s; distance=260 kB, estimate=473901 kB; lsn=0/793BB600, redo lsn=0/793BB600
2024-08-01 22:14:07.284 CEST [3448281] LOG:  database system is shut down
