2024-08-01 14:30:32.134 CEST [1967681] LOG:  starting PostgreSQL 18devel on x86_64-pc-linux-gnu, compiled by gcc (Debian 12.2.0-14) 12.2.0, 64-bit
2024-08-01 14:30:32.134 CEST [1967681] LOG:  listening on IPv6 address "::1", port 5432
2024-08-01 14:30:32.134 CEST [1967681] LOG:  listening on IPv4 address "127.0.0.1", port 5432
2024-08-01 14:30:32.136 CEST [1967681] LOG:  listening on Unix socket "/tmp/.s.PGSQL.5432"
2024-08-01 14:30:32.139 CEST [1967684] LOG:  database system was shut down at 2024-08-01 14:30:31 CEST
2024-08-01 14:30:32.143 CEST [1967681] LOG:  database system is ready to accept connections
2024-08-01 14:30:41.600 CEST [1967682] LOG:  checkpoints are occurring too frequently (9 seconds apart)
2024-08-01 14:30:41.600 CEST [1967682] HINT:  Consider increasing the configuration parameter "max_wal_size".
2024-08-01 14:30:41.623 CEST [1967682] LOG:  checkpoint starting: wal
2024-08-01 14:30:49.220 CEST [1967682] LOG:  checkpoint complete: wrote 55684 buffers (21.2%); 0 WAL file(s) added, 2 removed, 32 recycled; write=6.917 s, sync=0.592 s, total=7.620 s; sync files=707, longest=0.375 s, average=0.001 s; distance=552022 kB, estimate=552022 kB; lsn=0/426FFDD8, redo lsn=0/23000CE0
2024-08-01 14:30:49.613 CEST [1967682] LOG:  checkpoints are occurring too frequently (8 seconds apart)
2024-08-01 14:30:49.613 CEST [1967682] HINT:  Consider increasing the configuration parameter "max_wal_size".
2024-08-01 14:30:49.613 CEST [1967682] LOG:  checkpoint starting: wal
2024-08-01 14:30:56.204 CEST [1967682] LOG:  checkpoint complete: wrote 62240 buffers (23.7%); 0 WAL file(s) added, 2 removed, 31 recycled; write=6.080 s, sync=0.421 s, total=6.591 s; sync files=4, longest=0.202 s, average=0.106 s; distance=553743 kB, estimate=553743 kB; lsn=0/64001C88, redo lsn=0/44CC4C20
2024-08-01 14:30:56.387 CEST [1967682] LOG:  checkpoints are occurring too frequently (7 seconds apart)
2024-08-01 14:30:56.387 CEST [1967682] HINT:  Consider increasing the configuration parameter "max_wal_size".
2024-08-01 14:30:56.388 CEST [1967682] LOG:  checkpoint starting: wal
2024-08-01 14:31:02.979 CEST [1967682] LOG:  checkpoint complete: wrote 59606 buffers (22.7%); 0 WAL file(s) added, 1 removed, 32 recycled; write=6.097 s, sync=0.400 s, total=6.592 s; sync files=4, longest=0.379 s, average=0.100 s; distance=530637 kB, estimate=551433 kB; lsn=0/84B98348, redo lsn=0/652F80D0
2024-08-01 14:31:03.168 CEST [1967682] LOG:  checkpoints are occurring too frequently (7 seconds apart)
2024-08-01 14:31:03.168 CEST [1967682] HINT:  Consider increasing the configuration parameter "max_wal_size".
2024-08-01 14:31:03.169 CEST [1967682] LOG:  checkpoint starting: wal
2024-08-01 14:31:09.572 CEST [1967682] LOG:  checkpoint complete: wrote 60402 buffers (23.0%); 0 WAL file(s) added, 1 removed, 32 recycled; write=5.910 s, sync=0.391 s, total=6.405 s; sync files=4, longest=0.313 s, average=0.098 s; distance=537768 kB, estimate=550066 kB; lsn=0/A540CD08, redo lsn=0/86022390
2024-08-01 14:31:09.976 CEST [1967682] LOG:  checkpoints are occurring too frequently (6 seconds apart)
2024-08-01 14:31:09.976 CEST [1967682] HINT:  Consider increasing the configuration parameter "max_wal_size".
2024-08-01 14:31:09.976 CEST [1967682] LOG:  checkpoint starting: wal
2024-08-01 14:31:16.276 CEST [1967682] LOG:  checkpoint complete: wrote 61756 buffers (23.6%); 0 WAL file(s) added, 2 removed, 31 recycled; write=5.766 s, sync=0.407 s, total=6.301 s; sync files=4, longest=0.378 s, average=0.102 s; distance=550047 kB, estimate=550064 kB; lsn=0/C7000678, redo lsn=0/A794A078
2024-08-01 14:31:16.460 CEST [1967682] LOG:  checkpoints are occurring too frequently (7 seconds apart)
2024-08-01 14:31:16.460 CEST [1967682] HINT:  Consider increasing the configuration parameter "max_wal_size".
2024-08-01 14:31:16.462 CEST [1967682] LOG:  checkpoint starting: wal
2024-08-01 14:31:22.809 CEST [1967682] LOG:  checkpoint complete: wrote 59924 buffers (22.9%); 0 WAL file(s) added, 1 removed, 32 recycled; write=5.829 s, sync=0.400 s, total=6.349 s; sync files=3, longest=0.379 s, average=0.134 s; distance=533468 kB, estimate=548405 kB; lsn=0/E78FD478, redo lsn=0/C8241178
2024-08-01 14:31:23.205 CEST [1967682] LOG:  checkpoints are occurring too frequently (7 seconds apart)
2024-08-01 14:31:23.205 CEST [1967682] HINT:  Consider increasing the configuration parameter "max_wal_size".
2024-08-01 14:31:23.205 CEST [1967682] LOG:  checkpoint starting: wal
2024-08-01 14:31:29.614 CEST [1967682] LOG:  checkpoint complete: wrote 62076 buffers (23.7%); 0 WAL file(s) added, 2 removed, 31 recycled; write=5.872 s, sync=0.423 s, total=6.409 s; sync files=4, longest=0.395 s, average=0.106 s; distance=552697 kB, estimate=552697 kB; lsn=1/900C320, redo lsn=0/E9DFF5E0
2024-08-01 14:31:29.955 CEST [1967682] LOG:  checkpoints are occurring too frequently (6 seconds apart)
2024-08-01 14:31:29.955 CEST [1967682] HINT:  Consider increasing the configuration parameter "max_wal_size".
2024-08-01 14:31:29.955 CEST [1967682] LOG:  checkpoint starting: wal
2024-08-01 14:31:36.325 CEST [1967682] LOG:  checkpoint complete: wrote 60957 buffers (23.3%); 0 WAL file(s) added, 2 removed, 32 recycled; write=5.836 s, sync=0.423 s, total=6.370 s; sync files=3, longest=0.400 s, average=0.141 s; distance=542738 kB, estimate=551701 kB; lsn=1/2A002648, redo lsn=1/B004098
2024-08-01 14:31:36.678 CEST [1967682] LOG:  checkpoints are occurring too frequently (7 seconds apart)
2024-08-01 14:31:36.678 CEST [1967682] HINT:  Consider increasing the configuration parameter "max_wal_size".
2024-08-01 14:31:36.679 CEST [1967682] LOG:  checkpoint starting: wal
2024-08-01 14:31:46.628 CEST [1967682] LOG:  checkpoint complete: wrote 60883 buffers (23.2%); 0 WAL file(s) added, 0 removed, 33 recycled; write=9.075 s, sync=0.841 s, total=9.951 s; sync files=8, longest=0.377 s, average=0.106 s; distance=542330 kB, estimate=550764 kB; lsn=1/4A1179A0, redo lsn=1/2C1A28A8
2024-08-01 14:31:49.393 CEST [1967682] LOG:  checkpoints are occurring too frequently (13 seconds apart)
2024-08-01 14:31:49.393 CEST [1967682] HINT:  Consider increasing the configuration parameter "max_wal_size".
2024-08-01 14:31:49.394 CEST [1967682] LOG:  checkpoint starting: wal
2024-08-01 14:32:18.363 CEST [1967682] LOG:  checkpoint complete: wrote 247356 buffers (94.4%); 0 WAL file(s) added, 0 removed, 33 recycled; write=28.377 s, sync=0.563 s, total=28.971 s; sync files=32, longest=0.081 s, average=0.018 s; distance=548050 kB, estimate=550492 kB; lsn=1/6BC02D20, redo lsn=1/4D8D7360
2024-08-01 14:32:21.442 CEST [1967682] LOG:  checkpoint starting: wal
2024-08-01 14:32:27.453 CEST [1967682] LOG:  checkpoint complete: wrote 60 buffers (0.0%); 0 WAL file(s) added, 0 removed, 33 recycled; write=5.915 s, sync=0.067 s, total=6.012 s; sync files=28, longest=0.063 s, average=0.003 s; distance=543729 kB, estimate=549816 kB; lsn=1/733C12D0, redo lsn=1/6EBD3AD8
2024-08-01 14:32:32.179 CEST [1967722] LOG:  skipping vacuum of "t" --- lock not available
2024-08-01 14:32:54.327 CEST [1967682] LOG:  checkpoint starting: wal
2024-08-01 14:33:25.231 CEST [1967682] LOG:  checkpoint complete: wrote 756 buffers (0.3%); 0 WAL file(s) added, 2 removed, 31 recycled; write=30.269 s, sync=0.599 s, total=30.905 s; sync files=342, longest=0.080 s, average=0.002 s; distance=532013 kB, estimate=548036 kB; lsn=1/AF333520, redo lsn=1/8F35EF80
2024-08-01 14:33:28.414 CEST [1967682] LOG:  checkpoint starting: wal
2024-08-01 14:33:32.198 CEST [1967741] LOG:  skipping vacuum of "t" --- lock not available
2024-08-01 14:33:34.051 CEST [1967682] LOG:  checkpoint complete: wrote 56 buffers (0.0%); 0 WAL file(s) added, 0 removed, 33 recycled; write=5.515 s, sync=0.090 s, total=5.637 s; sync files=26, longest=0.060 s, average=0.004 s; distance=540141 kB, estimate=547246 kB; lsn=1/B6B035E8, redo lsn=1/B02DA698
2024-08-01 14:34:03.321 CEST [1967682] LOG:  checkpoint starting: wal
2024-08-01 14:34:10.010 CEST [1967682] LOG:  checkpoint complete: wrote 63 buffers (0.0%); 0 WAL file(s) added, 0 removed, 33 recycled; write=6.215 s, sync=0.443 s, total=6.689 s; sync files=30, longest=0.068 s, average=0.015 s; distance=552568 kB, estimate=552568 kB; lsn=1/D85B8170, redo lsn=1/D1E786C8
2024-08-01 14:34:32.218 CEST [1967760] LOG:  skipping vacuum of "t" --- lock not available
2024-08-01 14:34:35.677 CEST [1967682] LOG:  checkpoint starting: wal
2024-08-01 14:34:37.897 CEST [1967682] LOG:  checkpoint complete: wrote 19 buffers (0.0%); 0 WAL file(s) added, 0 removed, 33 recycled; write=1.809 s, sync=0.382 s, total=2.222 s; sync files=24, longest=0.070 s, average=0.016 s; distance=532493 kB, estimate=550560 kB; lsn=1/F28B7770, redo lsn=1/F267BBC8
2024-08-01 14:35:12.199 CEST [1967682] LOG:  checkpoint starting: wal
2024-08-01 14:35:14.513 CEST [1967682] LOG:  checkpoint complete: wrote 19 buffers (0.0%); 0 WAL file(s) added, 0 removed, 34 recycled; write=1.808 s, sync=0.473 s, total=2.314 s; sync files=26, longest=0.078 s, average=0.019 s; distance=550526 kB, estimate=550557 kB; lsn=2/1436AD00, redo lsn=2/1401B558
2024-08-01 14:35:32.235 CEST [1967781] LOG:  skipping vacuum of "t" --- lock not available
2024-08-01 14:35:49.806 CEST [1967682] LOG:  checkpoint starting: wal
2024-08-01 14:35:52.226 CEST [1967682] LOG:  checkpoint complete: wrote 20 buffers (0.0%); 0 WAL file(s) added, 0 removed, 33 recycled; write=1.909 s, sync=0.460 s, total=2.420 s; sync files=27, longest=0.069 s, average=0.018 s; distance=554937 kB, estimate=554937 kB; lsn=2/35E1A490, redo lsn=2/35E09B90
2024-08-01 14:36:27.980 CEST [1967682] LOG:  checkpoint starting: wal
2024-08-01 14:36:29.981 CEST [1967682] LOG:  checkpoint complete: wrote 16 buffers (0.0%); 0 WAL file(s) added, 0 removed, 33 recycled; write=1.509 s, sync=0.462 s, total=2.003 s; sync files=25, longest=0.078 s, average=0.019 s; distance=533132 kB, estimate=552757 kB; lsn=2/578C54B0, redo lsn=2/566ACE98
2024-08-01 14:36:32.254 CEST [1967800] LOG:  skipping vacuum of "t" --- lock not available
2024-08-01 14:37:07.183 CEST [1967682] LOG:  checkpoint starting: wal
2024-08-01 14:37:09.319 CEST [1967682] LOG:  checkpoint complete: wrote 18 buffers (0.0%); 0 WAL file(s) added, 0 removed, 33 recycled; write=1.709 s, sync=0.397 s, total=2.137 s; sync files=24, longest=0.071 s, average=0.017 s; distance=548530 kB, estimate=552334 kB; lsn=2/79373128, redo lsn=2/77E598A0
2024-08-01 14:37:32.274 CEST [1967820] LOG:  skipping vacuum of "t" --- lock not available
2024-08-01 14:37:47.192 CEST [1967682] LOG:  checkpoint starting: wal
2024-08-01 14:37:49.007 CEST [1967682] LOG:  checkpoint complete: wrote 14 buffers (0.0%); 0 WAL file(s) added, 0 removed, 33 recycled; write=1.323 s, sync=0.461 s, total=1.816 s; sync files=24, longest=0.070 s, average=0.020 s; distance=536229 kB, estimate=550723 kB; lsn=2/9AE20698, redo lsn=2/98A02F38
2024-08-01 14:38:28.168 CEST [1967682] LOG:  checkpoint starting: wal
2024-08-01 14:38:30.167 CEST [1967682] LOG:  checkpoint complete: wrote 14 buffers (0.0%); 0 WAL file(s) added, 0 removed, 33 recycled; write=1.308 s, sync=0.626 s, total=2.000 s; sync files=24, longest=0.096 s, average=0.027 s; distance=543920 kB, estimate=550043 kB; lsn=2/C817FAE8, redo lsn=2/B9D2F198
2024-08-01 14:38:31.985 CEST [1967682] LOG:  checkpoints are occurring too frequently (3 seconds apart)
2024-08-01 14:38:31.985 CEST [1967682] HINT:  Consider increasing the configuration parameter "max_wal_size".
2024-08-01 14:38:31.985 CEST [1967682] LOG:  checkpoint starting: wal
2024-08-01 14:38:32.291 CEST [1967849] LOG:  skipping vacuum of "t" --- lock not available
2024-08-01 14:38:34.361 CEST [1967682] LOG:  checkpoint complete: wrote 24 buffers (0.0%); 0 WAL file(s) added, 0 removed, 34 recycled; write=2.309 s, sync=0.014 s, total=2.376 s; sync files=14, longest=0.012 s, average=0.001 s; distance=543745 kB, estimate=549413 kB; lsn=2/F2BF5D40, redo lsn=2/DB02F680
2024-08-01 14:38:35.308 CEST [1967682] LOG:  checkpoints are occurring too frequently (4 seconds apart)
2024-08-01 14:38:35.308 CEST [1967682] HINT:  Consider increasing the configuration parameter "max_wal_size".
2024-08-01 14:38:35.308 CEST [1967682] LOG:  checkpoint starting: wal
2024-08-01 14:38:36.876 CEST [1967682] LOG:  checkpoint complete: wrote 16 buffers (0.0%); 0 WAL file(s) added, 0 removed, 34 recycled; write=1.508 s, sync=0.002 s, total=1.569 s; sync files=6, longest=0.002 s, average=0.001 s; distance=556965 kB, estimate=556965 kB; lsn=3/B5678A0, redo lsn=2/FD018B58
2024-08-01 14:38:38.978 CEST [1967682] LOG:  checkpoints are occurring too frequently (3 seconds apart)
2024-08-01 14:38:38.978 CEST [1967682] HINT:  Consider increasing the configuration parameter "max_wal_size".
2024-08-01 14:38:38.978 CEST [1967682] LOG:  checkpoint starting: wal
2024-08-01 14:38:39.044 CEST [1967682] LOG:  checkpoint complete: wrote 0 buffers (0.0%); 0 WAL file(s) added, 0 removed, 33 recycled; write=0.004 s, sync=0.001 s, total=0.066 s; sync files=0, longest=0.000 s, average=0.000 s; distance=554649 kB, estimate=556733 kB; lsn=3/1F028EC0, redo lsn=3/1EDBEF58
2024-08-01 14:38:42.686 CEST [1967682] LOG:  checkpoints are occurring too frequently (4 seconds apart)
2024-08-01 14:38:42.686 CEST [1967682] HINT:  Consider increasing the configuration parameter "max_wal_size".
2024-08-01 14:38:42.686 CEST [1967682] LOG:  checkpoint starting: wal
2024-08-01 14:38:42.741 CEST [1967682] LOG:  checkpoint complete: wrote 0 buffers (0.0%); 0 WAL file(s) added, 0 removed, 34 recycled; write=0.008 s, sync=0.001 s, total=0.055 s; sync files=0, longest=0.000 s, average=0.000 s; distance=543032 kB, estimate=555363 kB; lsn=3/400C66A0, redo lsn=3/4000D000
2024-08-01 14:38:46.010 CEST [1967682] LOG:  checkpoints are occurring too frequently (4 seconds apart)
2024-08-01 14:38:46.010 CEST [1967682] HINT:  Consider increasing the configuration parameter "max_wal_size".
2024-08-01 14:38:46.010 CEST [1967682] LOG:  checkpoint starting: wal
2024-08-01 14:38:46.071 CEST [1967682] LOG:  checkpoint complete: wrote 0 buffers (0.0%); 0 WAL file(s) added, 0 removed, 34 recycled; write=0.004 s, sync=0.001 s, total=0.062 s; sync files=0, longest=0.000 s, average=0.000 s; distance=557120 kB, estimate=557120 kB; lsn=3/6218FF70, redo lsn=3/6201D2D8
2024-08-01 14:38:49.401 CEST [1967682] LOG:  checkpoints are occurring too frequently (3 seconds apart)
2024-08-01 14:38:49.401 CEST [1967682] HINT:  Consider increasing the configuration parameter "max_wal_size".
2024-08-01 14:38:49.401 CEST [1967682] LOG:  checkpoint starting: wal
2024-08-01 14:38:49.562 CEST [1967682] LOG:  checkpoint complete: wrote 0 buffers (0.0%); 0 WAL file(s) added, 0 removed, 33 recycled; write=0.004 s, sync=0.001 s, total=0.161 s; sync files=0, longest=0.000 s, average=0.000 s; distance=556132 kB, estimate=557021 kB; lsn=3/84B47D68, redo lsn=3/83F362F8
2024-08-01 14:38:53.186 CEST [1967682] LOG:  checkpoints are occurring too frequently (4 seconds apart)
2024-08-01 14:38:53.186 CEST [1967682] HINT:  Consider increasing the configuration parameter "max_wal_size".
2024-08-01 14:38:53.186 CEST [1967682] LOG:  checkpoint starting: wal
2024-08-01 14:38:53.259 CEST [1967682] LOG:  checkpoint complete: wrote 0 buffers (0.0%); 0 WAL file(s) added, 0 removed, 34 recycled; write=0.004 s, sync=0.001 s, total=0.074 s; sync files=0, longest=0.000 s, average=0.000 s; distance=541549 kB, estimate=555474 kB; lsn=3/A52B9318, redo lsn=3/A5011710
2024-08-01 14:38:59.028 CEST [1967682] LOG:  checkpoints are occurring too frequently (6 seconds apart)
2024-08-01 14:38:59.028 CEST [1967682] HINT:  Consider increasing the configuration parameter "max_wal_size".
2024-08-01 14:38:59.028 CEST [1967682] LOG:  checkpoint starting: wal
2024-08-01 14:39:00.188 CEST [1967682] LOG:  checkpoint complete: wrote 8 buffers (0.0%); 0 WAL file(s) added, 0 removed, 33 recycled; write=0.885 s, sync=0.061 s, total=1.161 s; sync files=5, longest=0.047 s, average=0.013 s; distance=555978 kB, estimate=555978 kB; lsn=3/CE952688, redo lsn=3/C6F042D8
2024-08-01 14:39:24.523 CEST [1967682] LOG:  checkpoints are occurring too frequently (25 seconds apart)
2024-08-01 14:39:24.523 CEST [1967682] HINT:  Consider increasing the configuration parameter "max_wal_size".
2024-08-01 14:39:24.523 CEST [1967682] LOG:  checkpoint starting: wal
2024-08-01 14:39:25.471 CEST [1967682] LOG:  checkpoint complete: wrote 5 buffers (0.0%); 0 WAL file(s) added, 0 removed, 33 recycled; write=0.523 s, sync=0.393 s, total=0.948 s; sync files=12, longest=0.071 s, average=0.033 s; distance=541258 kB, estimate=554506 kB; lsn=3/E8C4B220, redo lsn=3/E7F96E10
2024-08-01 14:39:32.311 CEST [1967863] LOG:  skipping vacuum of "t" --- lock not available
2024-08-01 14:39:56.994 CEST [1967682] LOG:  checkpoint starting: wal
2024-08-01 14:39:58.366 CEST [1967682] LOG:  checkpoint complete: wrote 8 buffers (0.0%); 0 WAL file(s) added, 0 removed, 33 recycled; write=0.826 s, sync=0.516 s, total=1.373 s; sync files=16, longest=0.076 s, average=0.033 s; distance=524990 kB, estimate=551555 kB; lsn=4/A6EAD68, redo lsn=4/8046738
2024-08-01 14:40:30.630 CEST [1967682] LOG:  checkpoint starting: wal
2024-08-01 14:40:31.671 CEST [1967682] LOG:  checkpoint complete: wrote 8 buffers (0.0%); 0 WAL file(s) added, 0 removed, 33 recycled; write=0.809 s, sync=0.189 s, total=1.042 s; sync files=15, longest=0.065 s, average=0.013 s; distance=555942 kB, estimate=555942 kB; lsn=4/2C18B3D8, redo lsn=4/29F301A8
2024-08-01 14:40:32.327 CEST [1967883] LOG:  skipping vacuum of "t" --- lock not available
2024-08-01 14:41:01.877 CEST [1967682] LOG:  checkpoint starting: wal
2024-08-01 14:41:03.451 CEST [1967682] LOG:  checkpoint complete: wrote 10 buffers (0.0%); 0 WAL file(s) added, 0 removed, 33 recycled; write=1.007 s, sync=0.538 s, total=1.575 s; sync files=14, longest=0.074 s, average=0.039 s; distance=525424 kB, estimate=552890 kB; lsn=4/4A04C648, redo lsn=4/4A04C410
2024-08-01 14:41:32.343 CEST [1967902] LOG:  skipping vacuum of "t" --- lock not available
2024-08-01 14:41:37.020 CEST [1967682] LOG:  checkpoint starting: wal
2024-08-01 14:41:38.905 CEST [1967682] LOG:  checkpoint complete: wrote 13 buffers (0.0%); 0 WAL file(s) added, 0 removed, 33 recycled; write=1.307 s, sync=0.545 s, total=1.886 s; sync files=15, longest=0.073 s, average=0.037 s; distance=551556 kB, estimate=552757 kB; lsn=4/6BAEDA10, redo lsn=4/6BAED738
2024-08-01 14:42:13.010 CEST [1967682] LOG:  checkpoint starting: wal
2024-08-01 14:42:14.483 CEST [1967682] LOG:  checkpoint complete: wrote 10 buffers (0.0%); 0 WAL file(s) added, 0 removed, 33 recycled; write=1.007 s, sync=0.436 s, total=1.473 s; sync files=15, longest=0.068 s, average=0.030 s; distance=541874 kB, estimate=551669 kB; lsn=4/8D5976F0, redo lsn=4/8CC1A1A8
2024-08-01 14:42:32.359 CEST [1967921] LOG:  skipping vacuum of "t" --- lock not available
2024-08-01 14:42:49.884 CEST [1967682] LOG:  checkpoint starting: wal
2024-08-01 14:42:51.575 CEST [1967682] LOG:  checkpoint complete: wrote 12 buffers (0.0%); 0 WAL file(s) added, 0 removed, 33 recycled; write=1.208 s, sync=0.452 s, total=1.693 s; sync files=16, longest=0.073 s, average=0.029 s; distance=528945 kB, estimate=549396 kB; lsn=4/AF037E60, redo lsn=4/AD0A66C0
2024-08-01 14:43:27.802 CEST [1967682] LOG:  checkpoint starting: wal
2024-08-01 14:43:28.904 CEST [1967682] LOG:  checkpoint complete: wrote 6 buffers (0.0%); 0 WAL file(s) added, 0 removed, 33 recycled; write=0.606 s, sync=0.457 s, total=1.103 s; sync files=15, longest=0.072 s, average=0.031 s; distance=548918 kB, estimate=549348 kB; lsn=4/D0AD9380, redo lsn=4/CE8B4038
2024-08-01 14:43:32.379 CEST [1967938] LOG:  skipping vacuum of "t" --- lock not available
2024-08-01 14:44:06.631 CEST [1967682] LOG:  checkpoint starting: wal
2024-08-01 14:44:07.756 CEST [1967682] LOG:  checkpoint complete: wrote 7 buffers (0.0%); 0 WAL file(s) added, 0 removed, 33 recycled; write=0.713 s, sync=0.378 s, total=1.126 s; sync files=15, longest=0.069 s, average=0.026 s; distance=547393 kB, estimate=549153 kB; lsn=4/F257CE48, redo lsn=4/EFF44818
2024-08-01 14:44:32.399 CEST [1967955] LOG:  skipping vacuum of "t" --- lock not available
2024-08-01 14:44:42.496 CEST [1967682] LOG:  checkpoint starting: wal
2024-08-01 14:44:43.571 CEST [1967682] LOG:  checkpoint complete: wrote 6 buffers (0.0%); 0 WAL file(s) added, 0 removed, 33 recycled; write=0.612 s, sync=0.432 s, total=1.076 s; sync files=14, longest=0.069 s, average=0.031 s; distance=529382 kB, estimate=547176 kB; lsn=5/1043E838, redo lsn=5/1043E380
2024-08-01 14:45:22.838 CEST [1967682] LOG:  checkpoint starting: wal
2024-08-01 14:45:23.960 CEST [1967682] LOG:  checkpoint complete: wrote 7 buffers (0.0%); 0 WAL file(s) added, 0 removed, 33 recycled; write=0.722 s, sync=0.370 s, total=1.125 s; sync files=15, longest=0.068 s, average=0.025 s; distance=541879 kB, estimate=546646 kB; lsn=5/31EE8458, redo lsn=5/3156C0C8
2024-08-01 14:45:32.415 CEST [1968027] LOG:  skipping vacuum of "t" --- lock not available
2024-08-01 14:45:53.072 CEST [1967682] LOG:  checkpoint starting: immediate force wait
2024-08-01 14:45:54.176 CEST [1967682] LOG:  checkpoint complete: wrote 12306 buffers (4.7%); 0 WAL file(s) added, 0 removed, 25 recycled; write=0.130 s, sync=0.933 s, total=1.105 s; sync files=781, longest=0.557 s, average=0.002 s; distance=415513 kB, estimate=533533 kB; lsn=5/4AB32908, redo lsn=5/4AB328B0
2024-08-01 14:47:08.156 CEST [1967681] LOG:  received fast shutdown request
2024-08-01 14:47:08.156 CEST [1967681] LOG:  aborting any active transactions
2024-08-01 14:47:08.157 CEST [1967681] LOG:  background worker "logical replication launcher" (PID 1967687) exited with exit code 1
2024-08-01 14:47:08.159 CEST [1967682] LOG:  shutting down
2024-08-01 14:47:08.160 CEST [1967682] LOG:  checkpoint starting: shutdown immediate
2024-08-01 14:47:08.171 CEST [1967682] LOG:  checkpoint complete: wrote 66 buffers (0.0%); 0 WAL file(s) added, 0 removed, 0 recycled; write=0.005 s, sync=0.004 s, total=0.012 s; sync files=5, longest=0.003 s, average=0.001 s; distance=196 kB, estimate=480199 kB; lsn=5/4AB63C70, redo lsn=5/4AB63C70
2024-08-01 14:47:08.592 CEST [1967681] LOG:  database system is shut down
