    PID TTY      STAT   TIME COMMAND
      1 ?        Ss     0:13 /sbin/init
      2 ?        S      0:00 [kthreadd]
      3 ?        S      0:00 [pool_workqueue_release]
      4 ?        I<     0:00 [kworker/R-rcu_g]
      5 ?        I<     0:00 [kworker/R-rcu_p]
      6 ?        I<     0:00 [kworker/R-slub_]
      7 ?        I<     0:00 [kworker/R-netns]
     11 ?        I      0:00 [kworker/u8:0-netns]
     12 ?        I<     0:00 [kworker/R-mm_pe]
     13 ?        I      0:00 [rcu_tasks_kthread]
     14 ?        I      0:00 [rcu_tasks_rude_kthread]
     15 ?        I      0:00 [rcu_tasks_trace_kthread]
     16 ?        S      6:52 [ksoftirqd/0]
     17 ?        I      5:38 [rcu_preempt]
     18 ?        S      0:00 [migration/0]
     19 ?        S      0:00 [cpuhp/0]
     20 ?        S      0:00 [cpuhp/1]
     21 ?        S      0:00 [migration/1]
     22 ?        S      6:25 [ksoftirqd/1]
     25 ?        S      0:00 [cpuhp/2]
     26 ?        S      0:00 [migration/2]
     27 ?        S      6:41 [ksoftirqd/2]
     30 ?        S      0:00 [cpuhp/3]
     31 ?        S      0:00 [migration/3]
     32 ?        S      6:50 [ksoftirqd/3]
     39 ?        S      0:00 [kdevtmpfs]
     40 ?        I<     0:00 [kworker/R-inet_]
     42 ?        S      0:00 [kauditd]
     44 ?        S      0:00 [khungtaskd]
     45 ?        S      0:00 [oom_reaper]
     46 ?        I<     0:00 [kworker/R-write]
     47 ?        S     22:02 [kcompactd0]
     48 ?        I<     0:00 [kworker/R-kinte]
     49 ?        I<     0:00 [kworker/R-kbloc]
     50 ?        I<     0:00 [kworker/R-blkcg]
     53 ?        S      0:00 [watchdogd]
     57 ?        I<     0:00 [kworker/R-rpcio]
     58 ?        I<     0:00 [kworker/R-xprti]
     59 ?        S     28:30 [kswapd0]
     60 ?        I<     0:00 [kworker/R-nfsio]
     61 ?        I<     0:00 [kworker/R-kthro]
     62 ?        S      0:00 [hwrng]
     63 ?        I<     0:00 [kworker/R-iscsi]
     64 ?        I<     0:00 [kworker/R-nvme-]
     65 ?        I<     0:00 [kworker/R-nvme-]
     66 ?        I<     0:00 [kworker/R-nvme-]
     67 ?        I<     0:00 [kworker/R-DWC N]
     68 ?        I<     0:00 [kworker/R-uas]
     69 ?        I<     1:01 [kworker/u13:0-brcmf_wq/mmc1:0001:1]
     70 ?        I<     0:00 [kworker/u14:0]
     71 ?        I<     0:00 [kworker/u15:0]
     72 ?        I<     0:00 [kworker/u16:0]
     73 ?        I<     0:00 [kworker/u17:0]
     74 ?        S      0:00 [irq/38-aerdrv]
     76 ?        S      0:00 [irq/44-aerdrv]
     85 ?        I<     0:00 [kworker/R-sdhci]
     87 ?        S      0:00 [irq/167-mmc1]
     88 ?        I<     0:00 [kworker/R-sdhci]
     89 ?        S      0:00 [irq/168-mmc0]
     91 ?        I<     0:00 [kworker/R-mmc_c]
    198 ?        S      0:00 [spi10]
    220 ?        S      0:52 [jbd2/mmcblk0p2-8]
    221 ?        I<     0:00 [kworker/R-ext4-]
    236 ?        I<     0:00 [kworker/R-mld]
    237 ?        I<     0:00 [kworker/R-ipv6_]
    285 ?        Ss     0:06 /lib/systemd/systemd-journald
    315 ?        Ss     0:06 /lib/systemd/systemd-udevd
    388 ?        S      2:08 [jbd2/nvme0n1p1-8]
    396 ?        I<     0:00 [kworker/R-ext4-]
    449 ?        S      0:00 [v3d_bin]
    451 ?        S      0:00 [v3d_render]
    452 ?        S      0:00 [v3d_tfu]
    453 ?        S      0:00 [v3d_csd]
    456 ?        S      0:00 [v3d_cache_clean]
    469 ?        I<     0:00 [kworker/R-cfg80]
    505 ?        I<     0:00 [kworker/R-brcmf]
    507 ?        S      0:06 [brcmf_wdog/mmc1:0001:1]
    535 ?        S      0:00 [irq/176-1000800000.codec]
    598 ?        I<     0:00 [kworker/u13:2-hci0]
    605 ?        Ssl    0:02 /lib/systemd/systemd-timesyncd
    610 ?        S      0:00 [irq/180-vc4 hdmi hpd connected]
    613 ?        S      0:00 [irq/181-vc4 hdmi hpd disconnected]
    614 ?        S      0:00 [cec-vc4-hdmi-0]
    615 ?        S      0:00 [irq/182-vc4 hdmi cec rx]
    616 ?        S      0:00 [irq/183-vc4 hdmi cec tx]
    620 ?        S      0:00 [irq/184-vc4 hdmi hpd connected]
    623 ?        S      0:00 [irq/185-vc4 hdmi hpd disconnected]
    625 ?        S      0:00 [cec-vc4-hdmi-1]
    626 ?        S      0:00 [irq/186-vc4 hdmi cec rx]
    627 ?        S      0:00 [irq/187-vc4 hdmi cec tx]
    636 ?        S      0:00 [card1-crtc0]
    637 ?        S      0:00 [card1-crtc1]
    639 ?        S      0:00 [card1-crtc2]
    640 ?        S      0:00 [card1-crtc3]
    663 ?        Ss     0:09 avahi-daemon: running [raspberry-64.local]
    664 ?        Ss     0:00 /usr/libexec/bluetooth/bluetoothd
    665 ?        Ss     0:01 /usr/sbin/cron -f
    666 ?        Ss     0:16 /usr/bin/dbus-daemon --system --address=systemd: --nofork --nopidfile --systemd-activation --syslog-only
    669 ?        Ssl    0:00 /usr/lib/polkit-1/polkitd --no-debug
    678 ?        Ss     0:00 /usr/sbin/smartd -n
    680 ?        Ss     0:01 /lib/systemd/systemd-logind
    683 ?        Ss     0:03 /usr/sbin/thd --triggers /etc/triggerhappy/triggers.d/ --socket /run/thd.socket --user nobody --deviceglob /dev/input/event*
    694 ?        S      0:00 avahi-daemon: chroot helper
    749 ?        Ssl    0:50 /usr/sbin/NetworkManager --no-daemon
    756 ?        Ss     0:32 /sbin/wpa_supplicant -u -s -O DIR=/run/wpa_supplicant GROUP=netdev
    757 ?        Ssl    0:00 /usr/sbin/ModemManager
    792 ?        I      0:00 [kworker/u8:1]
    794 ?        Ss     0:00 sshd: /usr/sbin/sshd -D [listener] 0 of 10-100 startups
    816 tty1     Ss+    0:00 /sbin/agetty -o -p -- \u --noclear - linux
    817 ?        Ss+    0:00 /sbin/agetty -o -p -- \u --keep-baud 115200,57600,38400,9600 - vt220
   3326 ?        Ss     0:00 /lib/systemd/systemd --user
   3327 ?        S      0:00 (sd-pam)
   3382 ?        Ss     0:00 SCREEN
   3383 pts/1    Ss     0:00 /bin/bash
  11820 ?        I<     0:00 [kworker/3:1H-kblockd]
 248605 ?        I      0:00 [kworker/u12:0-flush-259:0]
 340488 ?        I      0:00 [kworker/u10:0-writeback]
 619367 ?        I      0:00 [kworker/2:0-wg-crypt-wg0]
 619558 ?        I      0:00 [kworker/2:3-mm_percpu_wq]
 619567 ?        I      0:00 [kworker/3:2-events]
 619580 pts/1    S+     0:00 /usr/bin/bash -x ./run.sh glibc-tuned
 669641 ?        I      0:00 [kworker/1:3-mm_percpu_wq]
 671742 ?        I      0:00 [kworker/0:0-events]
 673037 ?        I      0:00 [kworker/3:1]
 684426 ?        I<     0:00 [kworker/0:0H-kblockd]
 691159 ?        I      0:00 [kworker/u12:1-writeback]
 696389 ?        I      0:00 [kworker/2:2-events]
 697664 ?        I      0:00 [kworker/1:1-events]
 707263 ?        I      0:00 [kworker/0:2-events]
 707273 ?        I<     0:00 [kworker/R-wg-cr]
 717313 ?        I<     0:00 [kworker/3:2H-kblockd]
 717738 ?        I<     0:00 [kworker/1:0H-kblockd]
 717974 ?        I<     0:00 [kworker/0:2H-kblockd]
 724812 ?        I<     0:00 [kworker/2:2H-kblockd]
 728706 ?        I      0:00 [kworker/1:0-mm_percpu_wq]
 736587 ?        I      0:00 [kworker/0:1-events]
 749696 ?        I<     0:00 [kworker/0:1H-kblockd]
 749736 ?        I<     0:00 [kworker/1:2H-kblockd]
 751683 ?        I<     0:00 [kworker/3:0H-kblockd]
 757144 ?        Ss     0:01 /mnt/data/builds/no-1024-1000-1000/bin/postgres -D /mnt/data/data-test
 757145 ?        Ss     0:00 postgres: checkpointer 
 757146 ?        Ss     0:00 postgres: background writer 
 757148 ?        Ss     0:00 postgres: walwriter 
 757149 ?        Ss     0:00 postgres: autovacuum launcher 
 757150 ?        Ss     0:00 postgres: logical replication launcher 
 757153 pts/1    S+     0:00 /usr/bin/bash ./run-index.sh rpi5-64 scalability-no-1024-1000-1000-1722432185 1000 no 1024 /mnt/data/lock-scalability-test/20240731-1359-glibc-tuned/logs/index-no-1024-1000-1000 1 10 1 4 8 1000
 757154 pts/1    R+     0:00 ps ax
2178910 ?        I      0:04 [kworker/u11:2-writeback]
2623602 ?        I<     0:01 [kworker/1:1H-kblockd]
3318845 ?        I      0:02 [kworker/u11:1-writeback]
3445482 ?        I      0:02 [kworker/u10:2-events_unbound]
3463879 ?        I<     0:00 [kworker/2:1H-kblockd]
3750461 ?        I      0:01 [kworker/u10:1-events_unbound]
3760336 ?        I      0:02 [kworker/u9:0-events_unbound]
3860552 ?        I      0:01 [kworker/u11:0-writeback]
4092504 ?        I      0:00 [kworker/u9:1-events_unbound]
4122826 ?        I      0:01 [kworker/u9:2-events_unbound]
