2024-07-31 21:02:02.413 CEST [2070301] LOG:  starting PostgreSQL 18devel on x86_64-pc-linux-gnu, compiled by gcc (Debian 12.2.0-14) 12.2.0, 64-bit
2024-07-31 21:02:02.414 CEST [2070301] LOG:  listening on IPv6 address "::1", port 5432
2024-07-31 21:02:02.414 CEST [2070301] LOG:  listening on IPv4 address "127.0.0.1", port 5432
2024-07-31 21:02:02.431 CEST [2070301] LOG:  listening on Unix socket "/tmp/.s.PGSQL.5432"
2024-07-31 21:02:02.434 CEST [2070304] LOG:  database system was shut down at 2024-07-31 21:02:01 CEST
2024-07-31 21:02:02.438 CEST [2070301] LOG:  database system is ready to accept connections
2024-07-31 21:02:13.976 CEST [2070302] LOG:  checkpoints are occurring too frequently (11 seconds apart)
2024-07-31 21:02:13.976 CEST [2070302] HINT:  Consider increasing the configuration parameter "max_wal_size".
2024-07-31 21:02:13.977 CEST [2070302] LOG:  checkpoint starting: wal
2024-07-31 21:02:26.381 CEST [2070302] LOG:  checkpoint complete: wrote 6830 buffers (2.6%); 0 WAL file(s) added, 3 removed, 30 recycled; write=10.936 s, sync=1.407 s, total=12.405 s; sync files=804, longest=0.084 s, average=0.002 s; distance=537539 kB, estimate=537539 kB; lsn=0/434976B8, redo lsn=0/221DC058
2024-07-31 21:02:26.381 CEST [2070302] LOG:  checkpoints are occurring too frequently (13 seconds apart)
2024-07-31 21:02:26.381 CEST [2070302] HINT:  Consider increasing the configuration parameter "max_wal_size".
2024-07-31 21:02:26.381 CEST [2070302] LOG:  checkpoint starting: wal
2024-07-31 21:02:31.799 CEST [2070302] LOG:  checkpoint complete: wrote 50 buffers (0.0%); 0 WAL file(s) added, 0 removed, 33 recycled; write=4.922 s, sync=0.462 s, total=5.419 s; sync files=157, longest=0.054 s, average=0.003 s; distance=544297 kB, estimate=544297 kB; lsn=0/5202EBB8, redo lsn=0/435664B8
2024-07-31 21:02:38.376 CEST [2070302] LOG:  checkpoints are occurring too frequently (12 seconds apart)
2024-07-31 21:02:38.376 CEST [2070302] HINT:  Consider increasing the configuration parameter "max_wal_size".
2024-07-31 21:02:38.376 CEST [2070302] LOG:  checkpoint starting: wal
2024-07-31 21:02:44.063 CEST [2070302] LOG:  checkpoint complete: wrote 50 buffers (0.0%); 0 WAL file(s) added, 0 removed, 33 recycled; write=4.922 s, sync=0.723 s, total=5.687 s; sync files=286, longest=0.009 s, average=0.003 s; distance=536357 kB, estimate=543503 kB; lsn=0/73B80478, redo lsn=0/6412F980
2024-07-31 21:02:48.169 CEST [2070302] LOG:  checkpoint starting: immediate force wait
2024-07-31 21:02:48.449 CEST [2070302] LOG:  checkpoint complete: wrote 188 buffers (0.1%); 0 WAL file(s) added, 0 removed, 26 recycled; write=0.008 s, sync=0.241 s, total=0.280 s; sync files=132, longest=0.004 s, average=0.002 s; distance=425836 kB, estimate=531736 kB; lsn=0/7E10AC90, redo lsn=0/7E10AC38
2024-07-31 21:03:58.678 CEST [2070301] LOG:  received fast shutdown request
2024-07-31 21:03:58.678 CEST [2070301] LOG:  aborting any active transactions
2024-07-31 21:03:58.679 CEST [2070301] LOG:  background worker "logical replication launcher" (PID 2070307) exited with exit code 1
2024-07-31 21:03:58.681 CEST [2070302] LOG:  shutting down
2024-07-31 21:03:58.681 CEST [2070302] LOG:  checkpoint starting: shutdown immediate
2024-07-31 21:03:58.688 CEST [2070302] LOG:  checkpoint complete: wrote 53 buffers (0.0%); 0 WAL file(s) added, 0 removed, 0 recycled; write=0.005 s, sync=0.002 s, total=0.008 s; sync files=12, longest=0.001 s, average=0.001 s; distance=294 kB, estimate=478592 kB; lsn=0/7E154528, redo lsn=0/7E154528
2024-07-31 21:03:58.882 CEST [2070301] LOG:  database system is shut down
