2024-08-01 07:09:28.159 CEST [22711] LOG:  starting PostgreSQL 18devel on x86_64-pc-linux-gnu, compiled by gcc (Debian 12.2.0-14) 12.2.0, 64-bit
2024-08-01 07:09:28.159 CEST [22711] LOG:  listening on IPv6 address "::1", port 5432
2024-08-01 07:09:28.159 CEST [22711] LOG:  listening on IPv4 address "127.0.0.1", port 5432
2024-08-01 07:09:28.160 CEST [22711] LOG:  listening on Unix socket "/tmp/.s.PGSQL.5432"
2024-08-01 07:09:28.162 CEST [22714] LOG:  database system was shut down at 2024-08-01 07:09:26 CEST
2024-08-01 07:09:28.167 CEST [22711] LOG:  database system is ready to accept connections
2024-08-01 07:09:36.618 CEST [22712] LOG:  checkpoints are occurring too frequently (8 seconds apart)
2024-08-01 07:09:36.618 CEST [22712] HINT:  Consider increasing the configuration parameter "max_wal_size".
2024-08-01 07:09:36.619 CEST [22712] LOG:  checkpoint starting: wal
2024-08-01 07:09:44.343 CEST [22712] LOG:  checkpoint complete: wrote 39347 buffers (15.0%); 0 WAL file(s) added, 0 removed, 33 recycled; write=7.315 s, sync=0.342 s, total=7.725 s; sync files=345, longest=0.229 s, average=0.001 s; distance=535643 kB, estimate=535643 kB; lsn=0/40AEC388, redo lsn=0/220021F8
2024-08-01 07:09:44.957 CEST [22712] LOG:  checkpoints are occurring too frequently (8 seconds apart)
2024-08-01 07:09:44.957 CEST [22712] HINT:  Consider increasing the configuration parameter "max_wal_size".
2024-08-01 07:09:44.982 CEST [22712] LOG:  checkpoint starting: wal
2024-08-01 07:09:51.734 CEST [22712] LOG:  checkpoint complete: wrote 40423 buffers (15.4%); 0 WAL file(s) added, 1 removed, 33 recycled; write=6.542 s, sync=0.145 s, total=6.777 s; sync files=3, longest=0.139 s, average=0.049 s; distance=557047 kB, estimate=557047 kB; lsn=0/622F83B0, redo lsn=0/44000080
2024-08-01 07:09:52.375 CEST [22712] LOG:  checkpoints are occurring too frequently (8 seconds apart)
2024-08-01 07:09:52.375 CEST [22712] HINT:  Consider increasing the configuration parameter "max_wal_size".
2024-08-01 07:09:52.376 CEST [22712] LOG:  checkpoint starting: wal
2024-08-01 07:10:20.122 CEST [22712] LOG:  checkpoint complete: wrote 39766 buffers (15.2%); 0 WAL file(s) added, 2 removed, 31 recycled; write=26.922 s, sync=0.755 s, total=27.747 s; sync files=13, longest=0.114 s, average=0.059 s; distance=547896 kB, estimate=556132 kB; lsn=0/857ED758, redo lsn=0/6570E178
2024-08-01 07:10:22.908 CEST [22712] LOG:  checkpoint starting: wal
2024-08-01 07:10:30.713 CEST [22712] LOG:  checkpoint complete: wrote 66932 buffers (25.5%); 0 WAL file(s) added, 2 removed, 31 recycled; write=7.060 s, sync=0.676 s, total=7.805 s; sync files=21, longest=0.487 s, average=0.033 s; distance=547161 kB, estimate=555235 kB; lsn=0/A6ADF960, redo lsn=0/86D64808
2024-08-01 07:10:30.799 CEST [22712] LOG:  checkpoints are occurring too frequently (8 seconds apart)
2024-08-01 07:10:30.799 CEST [22712] HINT:  Consider increasing the configuration parameter "max_wal_size".
2024-08-01 07:10:30.799 CEST [22712] LOG:  checkpoint starting: wal
2024-08-01 07:10:33.737 CEST [22712] LOG:  checkpoint complete: wrote 27 buffers (0.0%); 0 WAL file(s) added, 0 removed, 34 recycled; write=2.613 s, sync=0.288 s, total=2.939 s; sync files=20, longest=0.274 s, average=0.015 s; distance=543474 kB, estimate=554059 kB; lsn=0/BB1A43B0, redo lsn=0/A80211F8
2024-08-01 07:10:39.984 CEST [22712] LOG:  checkpoints are occurring too frequently (9 seconds apart)
2024-08-01 07:10:39.984 CEST [22712] HINT:  Consider increasing the configuration parameter "max_wal_size".
2024-08-01 07:10:39.985 CEST [22712] LOG:  checkpoint starting: wal
2024-08-01 07:10:41.151 CEST [22712] LOG:  checkpoint complete: wrote 8 buffers (0.0%); 0 WAL file(s) added, 0 removed, 33 recycled; write=0.808 s, sync=0.323 s, total=1.167 s; sync files=8, longest=0.320 s, average=0.041 s; distance=551443 kB, estimate=553797 kB; lsn=0/CAF49460, redo lsn=0/C9AA5E40
2024-08-01 07:11:10.422 CEST [22712] LOG:  checkpoint starting: wal
2024-08-01 07:11:14.760 CEST [22712] LOG:  checkpoint complete: wrote 49 buffers (0.0%); 0 WAL file(s) added, 0 removed, 33 recycled; write=2.781 s, sync=1.534 s, total=4.342 s; sync files=427, longest=0.811 s, average=0.004 s; distance=532057 kB, estimate=551623 kB; lsn=0/EDB89BD8, redo lsn=0/EA23C558
2024-08-01 07:11:14.760 CEST [22712] LOG:  checkpoint starting: immediate force wait
2024-08-01 07:11:14.835 CEST [22712] LOG:  checkpoint complete: wrote 1910 buffers (0.7%); 0 WAL file(s) added, 0 removed, 3 recycled; write=0.023 s, sync=0.037 s, total=0.075 s; sync files=181, longest=0.001 s, average=0.001 s; distance=58677 kB, estimate=502329 kB; lsn=0/EDB89CA8, redo lsn=0/EDB89C50
2024-08-01 07:12:25.050 CEST [22711] LOG:  received fast shutdown request
2024-08-01 07:12:25.050 CEST [22711] LOG:  aborting any active transactions
2024-08-01 07:12:25.051 CEST [22711] LOG:  background worker "logical replication launcher" (PID 22717) exited with exit code 1
2024-08-01 07:12:25.053 CEST [22712] LOG:  shutting down
2024-08-01 07:12:25.054 CEST [22712] LOG:  checkpoint starting: shutdown immediate
2024-08-01 07:12:25.061 CEST [22712] LOG:  checkpoint complete: wrote 73 buffers (0.0%); 0 WAL file(s) added, 0 removed, 0 recycled; write=0.005 s, sync=0.002 s, total=0.008 s; sync files=10, longest=0.001 s, average=0.001 s; distance=247 kB, estimate=452120 kB; lsn=0/EDBC7A48, redo lsn=0/EDBC7A48
2024-08-01 07:12:25.398 CEST [22711] LOG:  database system is shut down
