2024-08-01 00:39:55.672 BST [6789] LOG:  starting PostgreSQL 18devel on armv8l-unknown-linux-gnueabihf, compiled by gcc (Raspbian 12.2.0-14+rpi1) 12.2.0, 32-bit
2024-08-01 00:39:55.672 BST [6789] LOG:  listening on IPv6 address "::1", port 5432
2024-08-01 00:39:55.672 BST [6789] LOG:  listening on IPv4 address "127.0.0.1", port 5432
2024-08-01 00:39:55.710 BST [6789] LOG:  listening on Unix socket "/tmp/.s.PGSQL.5432"
2024-08-01 00:39:55.714 BST [6792] LOG:  database system was shut down at 2024-08-01 00:39:52 BST
2024-08-01 00:39:55.720 BST [6789] LOG:  database system is ready to accept connections
2024-08-01 00:40:09.249 BST [6790] LOG:  checkpoints are occurring too frequently (14 seconds apart)
2024-08-01 00:40:09.249 BST [6790] HINT:  Consider increasing the configuration parameter "max_wal_size".
2024-08-01 00:40:09.249 BST [6790] LOG:  checkpoint starting: wal
2024-08-01 00:41:00.313 BST [6790] LOG:  checkpoint complete: wrote 60435 buffers (46.1%); 0 WAL file(s) added, 0 removed, 33 recycled; write=49.164 s, sync=1.702 s, total=51.065 s; sync files=787, longest=0.065 s, average=0.003 s; distance=537502 kB, estimate=537502 kB; lsn=0/40CC1940, redo lsn=0/221CD788
2024-08-01 00:41:03.933 BST [6790] LOG:  checkpoint starting: wal
2024-08-01 00:41:07.123 BST [6790] LOG:  checkpoint complete: wrote 28 buffers (0.0%); 0 WAL file(s) added, 0 removed, 33 recycled; write=2.745 s, sync=0.301 s, total=3.191 s; sync files=30, longest=0.025 s, average=0.011 s; distance=539514 kB, estimate=539514 kB; lsn=0/448AF930, redo lsn=0/430AC280
2024-08-01 00:41:18.606 BST [6790] LOG:  checkpoints are occurring too frequently (15 seconds apart)
2024-08-01 00:41:18.606 BST [6790] HINT:  Consider increasing the configuration parameter "max_wal_size".
2024-08-01 00:41:18.607 BST [6790] LOG:  checkpoint starting: wal
2024-08-01 00:41:24.497 BST [6790] LOG:  checkpoint complete: wrote 45 buffers (0.0%); 0 WAL file(s) added, 0 removed, 33 recycled; write=4.472 s, sync=1.237 s, total=5.891 s; sync files=40, longest=1.068 s, average=0.031 s; distance=541076 kB, estimate=541076 kB; lsn=0/682EFC58, redo lsn=0/64111488
2024-08-01 00:41:55.801 BST [6988] LOG:  skipping vacuum of "t" --- lock not available
2024-08-01 00:42:11.457 BST [6790] LOG:  checkpoint starting: wal
2024-08-01 00:42:24.511 BST [6790] LOG:  checkpoint complete: wrote 125 buffers (0.1%); 0 WAL file(s) added, 0 removed, 33 recycled; write=10.404 s, sync=2.533 s, total=13.054 s; sync files=875, longest=1.001 s, average=0.003 s; distance=540264 kB, estimate=540995 kB; lsn=0/8983E450, redo lsn=0/850AB638
2024-08-01 00:42:24.511 BST [6790] LOG:  checkpoint starting: immediate force wait
2024-08-01 00:42:25.399 BST [6790] LOG:  checkpoint complete: wrote 8165 buffers (6.2%); 0 WAL file(s) added, 0 removed, 4 recycled; write=0.083 s, sync=0.738 s, total=0.889 s; sync files=449, longest=0.092 s, average=0.002 s; distance=73291 kB, estimate=494224 kB; lsn=0/8983E520, redo lsn=0/8983E4C8
2024-08-01 00:43:37.940 BST [6789] LOG:  received fast shutdown request
2024-08-01 00:43:37.941 BST [6789] LOG:  aborting any active transactions
2024-08-01 00:43:37.943 BST [6789] LOG:  background worker "logical replication launcher" (PID 6795) exited with exit code 1
2024-08-01 00:43:37.944 BST [6790] LOG:  shutting down
2024-08-01 00:43:37.945 BST [6790] LOG:  checkpoint starting: shutdown immediate
2024-08-01 00:43:37.973 BST [6790] LOG:  checkpoint complete: wrote 95 buffers (0.1%); 0 WAL file(s) added, 0 removed, 0 recycled; write=0.011 s, sync=0.012 s, total=0.030 s; sync files=10, longest=0.002 s, average=0.002 s; distance=354 kB, estimate=444837 kB; lsn=0/89896F00, redo lsn=0/89896F00
2024-08-01 00:43:38.213 BST [6789] LOG:  database system is shut down
