2024-07-31 18:05:24.584 BST [2040009] LOG:  starting PostgreSQL 18devel on aarch64-unknown-linux-gnu, compiled by gcc (Debian 12.2.0-14) 12.2.0, 64-bit
2024-07-31 18:05:24.585 BST [2040009] LOG:  listening on IPv6 address "::1", port 5432
2024-07-31 18:05:24.585 BST [2040009] LOG:  listening on IPv4 address "127.0.0.1", port 5432
2024-07-31 18:05:24.600 BST [2040009] LOG:  listening on Unix socket "/tmp/.s.PGSQL.5432"
2024-07-31 18:05:24.607 BST [2040012] LOG:  database system was shut down at 2024-07-31 18:05:23 BST
2024-07-31 18:05:24.615 BST [2040009] LOG:  database system is ready to accept connections
2024-07-31 18:05:35.774 BST [2040010] LOG:  checkpoints are occurring too frequently (11 seconds apart)
2024-07-31 18:05:35.774 BST [2040010] HINT:  Consider increasing the configuration parameter "max_wal_size".
2024-07-31 18:05:35.775 BST [2040010] LOG:  checkpoint starting: wal
2024-07-31 18:06:30.859 BST [2040010] LOG:  checkpoint complete: wrote 60435 buffers (46.1%); 0 WAL file(s) added, 0 removed, 33 recycled; write=53.635 s, sync=1.172 s, total=55.085 s; sync files=787, longest=0.067 s, average=0.002 s; distance=537505 kB, estimate=537505 kB; lsn=0/406C6338, redo lsn=0/221CE928
2024-07-31 18:06:34.401 BST [2040010] LOG:  checkpoint starting: wal
2024-07-31 18:06:38.257 BST [2040010] LOG:  checkpoint complete: wrote 29 buffers (0.0%); 0 WAL file(s) added, 0 removed, 33 recycled; write=2.827 s, sync=0.825 s, total=3.856 s; sync files=30, longest=0.113 s, average=0.028 s; distance=539514 kB, estimate=539514 kB; lsn=0/44EAD278, redo lsn=0/430AD408
2024-07-31 18:06:50.968 BST [2040010] LOG:  checkpoints are occurring too frequently (16 seconds apart)
2024-07-31 18:06:50.968 BST [2040010] HINT:  Consider increasing the configuration parameter "max_wal_size".
2024-07-31 18:06:50.968 BST [2040010] LOG:  checkpoint starting: wal
2024-07-31 18:06:57.002 BST [2040010] LOG:  checkpoint complete: wrote 45 buffers (0.0%); 0 WAL file(s) added, 0 removed, 33 recycled; write=4.443 s, sync=1.344 s, total=6.034 s; sync files=41, longest=1.093 s, average=0.033 s; distance=541076 kB, estimate=541076 kB; lsn=0/688ED2B8, redo lsn=0/64112628
2024-07-31 18:07:24.697 BST [2040207] LOG:  skipping vacuum of "t" --- lock not available
2024-07-31 18:07:38.361 BST [2040010] LOG:  checkpoint starting: wal
2024-07-31 18:07:48.585 BST [2040010] LOG:  checkpoint complete: wrote 125 buffers (0.1%); 0 WAL file(s) added, 0 removed, 33 recycled; write=8.993 s, sync=1.076 s, total=10.225 s; sync files=874, longest=0.972 s, average=0.002 s; distance=540264 kB, estimate=540995 kB; lsn=0/89840EF8, redo lsn=0/850AC7E0
2024-07-31 18:07:48.585 BST [2040010] LOG:  checkpoint starting: immediate force wait
2024-07-31 18:07:48.864 BST [2040010] LOG:  checkpoint complete: wrote 8166 buffers (6.2%); 0 WAL file(s) added, 0 removed, 4 recycled; write=0.052 s, sync=0.179 s, total=0.279 s; sync files=449, longest=0.128 s, average=0.001 s; distance=73297 kB, estimate=494225 kB; lsn=0/89840FC8, redo lsn=0/89840F70
2024-07-31 18:09:02.581 BST [2040009] LOG:  received fast shutdown request
2024-07-31 18:09:02.593 BST [2040009] LOG:  aborting any active transactions
2024-07-31 18:09:02.594 BST [2040009] LOG:  background worker "logical replication launcher" (PID 2040015) exited with exit code 1
2024-07-31 18:09:02.595 BST [2040010] LOG:  shutting down
2024-07-31 18:09:02.598 BST [2040010] LOG:  checkpoint starting: shutdown immediate
2024-07-31 18:09:02.631 BST [2040010] LOG:  checkpoint complete: wrote 97 buffers (0.1%); 0 WAL file(s) added, 0 removed, 0 recycled; write=0.010 s, sync=0.006 s, total=0.037 s; sync files=10, longest=0.005 s, average=0.001 s; distance=356 kB, estimate=444838 kB; lsn=0/8989A120, redo lsn=0/8989A120
2024-07-31 18:09:02.698 BST [2040009] LOG:  database system is shut down
