2024-07-31 01:49:20.677 BST [1837158] LOG:  starting PostgreSQL 18devel on aarch64-unknown-linux-gnu, compiled by gcc (Debian 12.2.0-14) 12.2.0, 64-bit
2024-07-31 01:49:20.678 BST [1837158] LOG:  listening on IPv6 address "::1", port 5432
2024-07-31 01:49:20.678 BST [1837158] LOG:  listening on IPv4 address "127.0.0.1", port 5432
2024-07-31 01:49:20.700 BST [1837158] LOG:  listening on Unix socket "/tmp/.s.PGSQL.5432"
2024-07-31 01:49:20.709 BST [1837161] LOG:  database system was shut down at 2024-07-31 01:49:19 BST
2024-07-31 01:49:20.720 BST [1837158] LOG:  database system is ready to accept connections
2024-07-31 01:49:33.175 BST [1837159] LOG:  checkpoints are occurring too frequently (13 seconds apart)
2024-07-31 01:49:33.175 BST [1837159] HINT:  Consider increasing the configuration parameter "max_wal_size".
2024-07-31 01:49:33.175 BST [1837159] LOG:  checkpoint starting: wal
2024-07-31 01:50:19.690 BST [1837159] LOG:  checkpoint complete: wrote 60435 buffers (46.1%); 0 WAL file(s) added, 0 removed, 33 recycled; write=44.878 s, sync=1.417 s, total=46.515 s; sync files=787, longest=0.067 s, average=0.002 s; distance=537505 kB, estimate=537505 kB; lsn=0/40CC2A78, redo lsn=0/221CE928
2024-07-31 01:50:22.982 BST [1837159] LOG:  checkpoint starting: wal
2024-07-31 01:50:26.480 BST [1837159] LOG:  checkpoint complete: wrote 29 buffers (0.0%); 0 WAL file(s) added, 0 removed, 33 recycled; write=2.836 s, sync=0.443 s, total=3.499 s; sync files=30, longest=0.093 s, average=0.015 s; distance=539514 kB, estimate=539514 kB; lsn=0/44EAD278, redo lsn=0/430AD408
2024-07-31 01:50:36.008 BST [1837159] LOG:  checkpoints are occurring too frequently (14 seconds apart)
2024-07-31 01:50:36.008 BST [1837159] HINT:  Consider increasing the configuration parameter "max_wal_size".
2024-07-31 01:50:36.009 BST [1837159] LOG:  checkpoint starting: wal
2024-07-31 01:50:42.122 BST [1837159] LOG:  checkpoint complete: wrote 45 buffers (0.0%); 0 WAL file(s) added, 0 removed, 33 recycled; write=4.459 s, sync=1.440 s, total=6.114 s; sync files=41, longest=1.060 s, average=0.036 s; distance=541076 kB, estimate=541076 kB; lsn=0/68A36BC0, redo lsn=0/64112660
2024-07-31 01:51:20.803 BST [1837377] LOG:  skipping vacuum of "t" --- lock not available
2024-07-31 01:51:22.016 BST [1837159] LOG:  checkpoint starting: wal
2024-07-31 01:51:31.550 BST [1837159] LOG:  checkpoint complete: wrote 125 buffers (0.1%); 0 WAL file(s) added, 0 removed, 33 recycled; write=8.359 s, sync=1.048 s, total=9.535 s; sync files=874, longest=0.953 s, average=0.002 s; distance=540265 kB, estimate=540995 kB; lsn=0/89841380, redo lsn=0/850ACB28
2024-07-31 01:51:31.550 BST [1837159] LOG:  checkpoint starting: immediate force wait
2024-07-31 01:51:31.808 BST [1837159] LOG:  checkpoint complete: wrote 8166 buffers (6.2%); 0 WAL file(s) added, 0 removed, 4 recycled; write=0.049 s, sync=0.167 s, total=0.259 s; sync files=449, longest=0.127 s, average=0.001 s; distance=73298 kB, estimate=494225 kB; lsn=0/89841450, redo lsn=0/898413F8
2024-07-31 01:52:46.321 BST [1837158] LOG:  received fast shutdown request
2024-07-31 01:52:46.323 BST [1837158] LOG:  aborting any active transactions
2024-07-31 01:52:46.324 BST [1837158] LOG:  background worker "logical replication launcher" (PID 1837164) exited with exit code 1
2024-07-31 01:52:46.325 BST [1837159] LOG:  shutting down
2024-07-31 01:52:46.332 BST [1837159] LOG:  checkpoint starting: shutdown immediate
2024-07-31 01:52:46.362 BST [1837159] LOG:  checkpoint complete: wrote 97 buffers (0.1%); 0 WAL file(s) added, 0 removed, 0 recycled; write=0.010 s, sync=0.006 s, total=0.038 s; sync files=10, longest=0.005 s, average=0.001 s; distance=356 kB, estimate=444838 kB; lsn=0/8989A5F0, redo lsn=0/8989A5F0
2024-07-31 01:52:46.429 BST [1837158] LOG:  database system is shut down
