2024-08-01 11:41:33.483 CEST [1629203] LOG:  starting PostgreSQL 18devel on x86_64-pc-linux-gnu, compiled by gcc (Debian 12.2.0-14) 12.2.0, 64-bit
2024-08-01 11:41:33.483 CEST [1629203] LOG:  listening on IPv6 address "::1", port 5432
2024-08-01 11:41:33.483 CEST [1629203] LOG:  listening on IPv4 address "127.0.0.1", port 5432
2024-08-01 11:41:33.501 CEST [1629203] LOG:  listening on Unix socket "/tmp/.s.PGSQL.5432"
2024-08-01 11:41:33.503 CEST [1629206] LOG:  database system was shut down at 2024-08-01 11:41:32 CEST
2024-08-01 11:41:33.507 CEST [1629203] LOG:  database system is ready to accept connections
2024-08-01 11:41:44.970 CEST [1629204] LOG:  checkpoints are occurring too frequently (11 seconds apart)
2024-08-01 11:41:44.970 CEST [1629204] HINT:  Consider increasing the configuration parameter "max_wal_size".
2024-08-01 11:41:44.970 CEST [1629204] LOG:  checkpoint starting: wal
2024-08-01 11:41:57.308 CEST [1629204] LOG:  checkpoint complete: wrote 6830 buffers (2.6%); 0 WAL file(s) added, 3 removed, 30 recycled; write=10.896 s, sync=1.380 s, total=12.339 s; sync files=804, longest=0.022 s, average=0.002 s; distance=537539 kB, estimate=537539 kB; lsn=0/43756CE0, redo lsn=0/221DC058
2024-08-01 11:41:57.308 CEST [1629204] LOG:  checkpoints are occurring too frequently (13 seconds apart)
2024-08-01 11:41:57.308 CEST [1629204] HINT:  Consider increasing the configuration parameter "max_wal_size".
2024-08-01 11:41:57.308 CEST [1629204] LOG:  checkpoint starting: wal
2024-08-01 11:42:02.652 CEST [1629204] LOG:  checkpoint complete: wrote 50 buffers (0.0%); 0 WAL file(s) added, 0 removed, 33 recycled; write=4.929 s, sync=0.385 s, total=5.344 s; sync files=165, longest=0.009 s, average=0.003 s; distance=548269 kB, estimate=548269 kB; lsn=0/52FB3580, redo lsn=0/439475C8
2024-08-01 11:42:08.572 CEST [1629204] LOG:  checkpoints are occurring too frequently (11 seconds apart)
2024-08-01 11:42:08.572 CEST [1629204] HINT:  Consider increasing the configuration parameter "max_wal_size".
2024-08-01 11:42:08.572 CEST [1629204] LOG:  checkpoint starting: wal
2024-08-01 11:42:14.260 CEST [1629204] LOG:  checkpoint complete: wrote 50 buffers (0.0%); 0 WAL file(s) added, 0 removed, 33 recycled; write=4.925 s, sync=0.724 s, total=5.688 s; sync files=284, longest=0.037 s, average=0.003 s; distance=532386 kB, estimate=546681 kB; lsn=0/7480BF10, redo lsn=0/6412FFC8
2024-08-01 11:42:17.907 CEST [1629204] LOG:  checkpoint starting: immediate force wait
2024-08-01 11:42:18.181 CEST [1629204] LOG:  checkpoint complete: wrote 188 buffers (0.1%); 0 WAL file(s) added, 0 removed, 26 recycled; write=0.008 s, sync=0.240 s, total=0.274 s; sync files=126, longest=0.009 s, average=0.002 s; distance=425836 kB, estimate=534596 kB; lsn=0/7E10B270, redo lsn=0/7E10B218
2024-08-01 11:43:28.373 CEST [1629203] LOG:  received fast shutdown request
2024-08-01 11:43:28.374 CEST [1629203] LOG:  aborting any active transactions
2024-08-01 11:43:28.375 CEST [1629203] LOG:  background worker "logical replication launcher" (PID 1629209) exited with exit code 1
2024-08-01 11:43:28.377 CEST [1629204] LOG:  shutting down
2024-08-01 11:43:28.377 CEST [1629204] LOG:  checkpoint starting: shutdown immediate
2024-08-01 11:43:28.384 CEST [1629204] LOG:  checkpoint complete: wrote 53 buffers (0.0%); 0 WAL file(s) added, 0 removed, 0 recycled; write=0.005 s, sync=0.002 s, total=0.008 s; sync files=12, longest=0.001 s, average=0.001 s; distance=294 kB, estimate=481166 kB; lsn=0/7E154B08, redo lsn=0/7E154B08
2024-08-01 11:43:28.608 CEST [1629203] LOG:  database system is shut down
