2024-08-01 05:02:01.953 BST [1557294] LOG:  starting PostgreSQL 18devel on aarch64-unknown-linux-gnu, compiled by gcc (Debian 12.2.0-14) 12.2.0, 64-bit
2024-08-01 05:02:01.954 BST [1557294] LOG:  listening on IPv6 address "::1", port 5432
2024-08-01 05:02:01.954 BST [1557294] LOG:  listening on IPv4 address "127.0.0.1", port 5432
2024-08-01 05:02:01.961 BST [1557294] LOG:  listening on Unix socket "/tmp/.s.PGSQL.5432"
2024-08-01 05:02:01.971 BST [1557297] LOG:  database system was shut down at 2024-08-01 05:02:00 BST
2024-08-01 05:02:01.982 BST [1557294] LOG:  database system is ready to accept connections
2024-08-01 05:02:18.778 BST [1557295] LOG:  checkpoints are occurring too frequently (17 seconds apart)
2024-08-01 05:02:18.778 BST [1557295] HINT:  Consider increasing the configuration parameter "max_wal_size".
2024-08-01 05:02:18.778 BST [1557295] LOG:  checkpoint starting: wal
2024-08-01 05:03:17.261 BST [1557295] LOG:  checkpoint complete: wrote 60435 buffers (46.1%); 0 WAL file(s) added, 1 removed, 32 recycled; write=54.434 s, sync=3.560 s, total=58.483 s; sync files=787, longest=0.269 s, average=0.005 s; distance=537505 kB, estimate=537505 kB; lsn=0/418BBA10, redo lsn=0/221CE960
2024-08-01 05:03:19.253 BST [1557295] LOG:  checkpoint starting: wal
2024-08-01 05:03:23.830 BST [1557295] LOG:  checkpoint complete: wrote 29 buffers (0.0%); 0 WAL file(s) added, 0 removed, 33 recycled; write=2.826 s, sync=1.436 s, total=4.578 s; sync files=30, longest=0.184 s, average=0.048 s; distance=539514 kB, estimate=539514 kB; lsn=0/454A9A68, redo lsn=0/430AD440
2024-08-01 05:03:38.200 BST [1557295] LOG:  checkpoints are occurring too frequently (19 seconds apart)
2024-08-01 05:03:38.200 BST [1557295] HINT:  Consider increasing the configuration parameter "max_wal_size".
2024-08-01 05:03:38.200 BST [1557295] LOG:  checkpoint starting: wal
2024-08-01 05:03:46.035 BST [1557295] LOG:  checkpoint complete: wrote 45 buffers (0.0%); 0 WAL file(s) added, 0 removed, 33 recycled; write=7.293 s, sync=0.299 s, total=7.835 s; sync files=45, longest=0.026 s, average=0.007 s; distance=541076 kB, estimate=541076 kB; lsn=0/68331120, redo lsn=0/64112678
2024-08-01 05:04:02.065 BST [1557467] LOG:  skipping vacuum of "t" --- lock not available
2024-08-01 05:04:29.099 BST [1557295] LOG:  checkpoint starting: wal
2024-08-01 05:04:39.125 BST [1557295] LOG:  checkpoint complete: wrote 125 buffers (0.1%); 0 WAL file(s) added, 0 removed, 33 recycled; write=8.814 s, sync=1.084 s, total=10.026 s; sync files=874, longest=0.971 s, average=0.002 s; distance=540264 kB, estimate=540995 kB; lsn=0/89840F58, redo lsn=0/850AC970
2024-08-01 05:04:39.125 BST [1557295] LOG:  checkpoint starting: immediate force wait
2024-08-01 05:04:39.393 BST [1557295] LOG:  checkpoint complete: wrote 8166 buffers (6.2%); 0 WAL file(s) added, 0 removed, 4 recycled; write=0.049 s, sync=0.177 s, total=0.269 s; sync files=449, longest=0.129 s, average=0.001 s; distance=73297 kB, estimate=494225 kB; lsn=0/89841028, redo lsn=0/89840FD0
2024-08-01 05:05:54.485 BST [1557294] LOG:  received fast shutdown request
2024-08-01 05:05:54.491 BST [1557294] LOG:  aborting any active transactions
2024-08-01 05:05:54.492 BST [1557294] LOG:  background worker "logical replication launcher" (PID 1557300) exited with exit code 1
2024-08-01 05:05:54.492 BST [1557295] LOG:  shutting down
2024-08-01 05:05:54.495 BST [1557295] LOG:  checkpoint starting: shutdown immediate
2024-08-01 05:05:54.527 BST [1557295] LOG:  checkpoint complete: wrote 97 buffers (0.1%); 0 WAL file(s) added, 0 removed, 0 recycled; write=0.010 s, sync=0.006 s, total=0.035 s; sync files=10, longest=0.005 s, average=0.001 s; distance=356 kB, estimate=444838 kB; lsn=0/8989A198, redo lsn=0/8989A198
2024-08-01 05:05:54.593 BST [1557294] LOG:  database system is shut down
