2024-08-01 00:52:59.589 BST [5257] LOG:  starting PostgreSQL 18devel on armv8l-unknown-linux-gnueabihf, compiled by gcc (Raspbian 12.2.0-14+rpi1) 12.2.0, 32-bit
2024-08-01 00:52:59.589 BST [5257] LOG:  listening on IPv6 address "::1", port 5432
2024-08-01 00:52:59.589 BST [5257] LOG:  listening on IPv4 address "127.0.0.1", port 5432
2024-08-01 00:52:59.619 BST [5257] LOG:  listening on Unix socket "/tmp/.s.PGSQL.5432"
2024-08-01 00:52:59.623 BST [5260] LOG:  database system was shut down at 2024-08-01 00:52:57 BST
2024-08-01 00:52:59.629 BST [5257] LOG:  database system is ready to accept connections
2024-08-01 00:53:13.218 BST [5258] LOG:  checkpoints are occurring too frequently (14 seconds apart)
2024-08-01 00:53:13.218 BST [5258] HINT:  Consider increasing the configuration parameter "max_wal_size".
2024-08-01 00:53:13.218 BST [5258] LOG:  checkpoint starting: wal
2024-08-01 00:54:04.793 BST [5258] LOG:  checkpoint complete: wrote 60435 buffers (46.1%); 0 WAL file(s) added, 0 removed, 33 recycled; write=49.701 s, sync=1.674 s, total=51.576 s; sync files=787, longest=0.065 s, average=0.003 s; distance=537502 kB, estimate=537502 kB; lsn=0/40CC1940, redo lsn=0/221CD788
2024-08-01 00:54:08.462 BST [5258] LOG:  checkpoint starting: wal
2024-08-01 00:54:11.645 BST [5258] LOG:  checkpoint complete: wrote 28 buffers (0.0%); 0 WAL file(s) added, 0 removed, 33 recycled; write=2.751 s, sync=0.293 s, total=3.183 s; sync files=30, longest=0.023 s, average=0.010 s; distance=539514 kB, estimate=539514 kB; lsn=0/448AF930, redo lsn=0/430AC280
2024-08-01 00:54:23.318 BST [5258] LOG:  checkpoints are occurring too frequently (15 seconds apart)
2024-08-01 00:54:23.318 BST [5258] HINT:  Consider increasing the configuration parameter "max_wal_size".
2024-08-01 00:54:23.318 BST [5258] LOG:  checkpoint starting: wal
2024-08-01 00:54:29.144 BST [5258] LOG:  checkpoint complete: wrote 45 buffers (0.0%); 0 WAL file(s) added, 0 removed, 33 recycled; write=4.489 s, sync=1.163 s, total=5.826 s; sync files=40, longest=1.070 s, average=0.030 s; distance=541076 kB, estimate=541076 kB; lsn=0/67CF38A8, redo lsn=0/64111488
2024-08-01 00:54:59.705 BST [5456] LOG:  skipping vacuum of "t" --- lock not available
2024-08-01 00:55:16.631 BST [5258] LOG:  checkpoint starting: wal
2024-08-01 00:55:29.385 BST [5258] LOG:  checkpoint complete: wrote 125 buffers (0.1%); 0 WAL file(s) added, 0 removed, 33 recycled; write=10.169 s, sync=2.451 s, total=12.754 s; sync files=876, longest=0.997 s, average=0.003 s; distance=540265 kB, estimate=540995 kB; lsn=0/8983F080, redo lsn=0/850ABAC8
2024-08-01 00:55:29.385 BST [5258] LOG:  checkpoint starting: immediate force wait
2024-08-01 00:55:30.209 BST [5258] LOG:  checkpoint complete: wrote 8166 buffers (6.2%); 0 WAL file(s) added, 0 removed, 4 recycled; write=0.091 s, sync=0.681 s, total=0.825 s; sync files=449, longest=0.088 s, average=0.002 s; distance=73293 kB, estimate=494225 kB; lsn=0/8983F150, redo lsn=0/8983F0F8
2024-08-01 00:56:42.797 BST [5257] LOG:  received fast shutdown request
2024-08-01 00:56:42.798 BST [5257] LOG:  aborting any active transactions
2024-08-01 00:56:42.799 BST [5257] LOG:  background worker "logical replication launcher" (PID 5263) exited with exit code 1
2024-08-01 00:56:42.801 BST [5258] LOG:  shutting down
2024-08-01 00:56:42.802 BST [5258] LOG:  checkpoint starting: shutdown immediate
2024-08-01 00:56:42.831 BST [5258] LOG:  checkpoint complete: wrote 96 buffers (0.1%); 0 WAL file(s) added, 0 removed, 0 recycled; write=0.010 s, sync=0.014 s, total=0.031 s; sync files=10, longest=0.004 s, average=0.002 s; distance=354 kB, estimate=444838 kB; lsn=0/89897B70, redo lsn=0/89897B70
2024-08-01 00:56:43.058 BST [5257] LOG:  database system is shut down
