2024-07-31 10:41:05.519 CEST [2859607] LOG:  starting PostgreSQL 18devel on x86_64-pc-linux-gnu, compiled by gcc (Debian 12.2.0-14) 12.2.0, 64-bit
2024-07-31 10:41:05.519 CEST [2859607] LOG:  listening on IPv6 address "::1", port 5432
2024-07-31 10:41:05.519 CEST [2859607] LOG:  listening on IPv4 address "127.0.0.1", port 5432
2024-07-31 10:41:05.521 CEST [2859607] LOG:  listening on Unix socket "/tmp/.s.PGSQL.5432"
2024-07-31 10:41:05.524 CEST [2859610] LOG:  database system was shut down at 2024-07-31 10:41:04 CEST
2024-07-31 10:41:05.528 CEST [2859607] LOG:  database system is ready to accept connections
2024-07-31 10:41:16.168 CEST [2859608] LOG:  checkpoints are occurring too frequently (11 seconds apart)
2024-07-31 10:41:16.168 CEST [2859608] HINT:  Consider increasing the configuration parameter "max_wal_size".
2024-07-31 10:41:16.168 CEST [2859608] LOG:  checkpoint starting: wal
2024-07-31 10:41:25.498 CEST [2859608] LOG:  checkpoint complete: wrote 31584 buffers (12.0%); 0 WAL file(s) added, 1 removed, 32 recycled; write=8.957 s, sync=0.297 s, total=9.330 s; sync files=309, longest=0.140 s, average=0.001 s; distance=548910 kB, estimate=548910 kB; lsn=0/410FDF08, redo lsn=0/22CF6C80
2024-07-31 10:41:26.106 CEST [2859608] LOG:  checkpoints are occurring too frequently (10 seconds apart)
2024-07-31 10:41:26.106 CEST [2859608] HINT:  Consider increasing the configuration parameter "max_wal_size".
2024-07-31 10:41:26.107 CEST [2859608] LOG:  checkpoint starting: wal
2024-07-31 10:41:34.864 CEST [2859608] LOG:  checkpoint complete: wrote 30245 buffers (11.5%); 0 WAL file(s) added, 2 removed, 31 recycled; write=8.263 s, sync=0.386 s, total=8.758 s; sync files=5, longest=0.216 s, average=0.078 s; distance=537789 kB, estimate=547797 kB; lsn=0/6301A680, redo lsn=0/43A26088
2024-07-31 10:41:35.009 CEST [2859608] LOG:  checkpoints are occurring too frequently (9 seconds apart)
2024-07-31 10:41:35.009 CEST [2859608] HINT:  Consider increasing the configuration parameter "max_wal_size".
2024-07-31 10:41:35.010 CEST [2859608] LOG:  checkpoint starting: wal
2024-07-31 10:41:43.248 CEST [2859608] LOG:  checkpoint complete: wrote 28169 buffers (10.7%); 0 WAL file(s) added, 0 removed, 33 recycled; write=7.717 s, sync=0.488 s, total=8.239 s; sync files=386, longest=0.185 s, average=0.002 s; distance=536803 kB, estimate=546698 kB; lsn=0/7937B110, redo lsn=0/6465ECC0
2024-07-31 10:41:43.249 CEST [2859608] LOG:  checkpoint starting: immediate force wait
2024-07-31 10:41:43.641 CEST [2859608] LOG:  checkpoint complete: wrote 44982 buffers (17.2%); 0 WAL file(s) added, 0 removed, 21 recycled; write=0.339 s, sync=0.025 s, total=0.392 s; sync files=154, longest=0.002 s, average=0.001 s; distance=341105 kB, estimate=526139 kB; lsn=0/7937B1E0, redo lsn=0/7937B188
2024-07-31 10:42:53.892 CEST [2859607] LOG:  received fast shutdown request
2024-07-31 10:42:53.892 CEST [2859607] LOG:  aborting any active transactions
2024-07-31 10:42:53.893 CEST [2859607] LOG:  background worker "logical replication launcher" (PID 2859613) exited with exit code 1
2024-07-31 10:42:53.895 CEST [2859608] LOG:  shutting down
2024-07-31 10:42:53.896 CEST [2859608] LOG:  checkpoint starting: shutdown immediate
2024-07-31 10:42:53.907 CEST [2859608] LOG:  checkpoint complete: wrote 52 buffers (0.0%); 0 WAL file(s) added, 0 removed, 0 recycled; write=0.006 s, sync=0.003 s, total=0.013 s; sync files=12, longest=0.001 s, average=0.001 s; distance=260 kB, estimate=473551 kB; lsn=0/793BC3E8, redo lsn=0/793BC3E8
2024-07-31 10:42:54.167 CEST [2859607] LOG:  database system is shut down
