  PID TTY      STAT   TIME COMMAND
    1 ?        Ss     0:05 /sbin/init
    2 ?        S      0:00 [kthreadd]
    3 ?        S      0:00 [pool_workqueue_release]
    4 ?        I<     0:00 [kworker/R-rcu_g]
    5 ?        I<     0:00 [kworker/R-rcu_p]
    6 ?        I<     0:00 [kworker/R-slub_]
    7 ?        I<     0:00 [kworker/R-netns]
   12 ?        I<     0:00 [kworker/R-mm_pe]
   13 ?        I      0:00 [rcu_tasks_kthread]
   14 ?        I      0:00 [rcu_tasks_rude_kthread]
   15 ?        I      0:00 [rcu_tasks_trace_kthread]
   16 ?        S      1:07 [ksoftirqd/0]
   17 ?        I      0:47 [rcu_preempt]
   18 ?        S      0:00 [migration/0]
   19 ?        S      0:00 [cpuhp/0]
   20 ?        S      0:00 [cpuhp/1]
   21 ?        S      0:00 [migration/1]
   22 ?        S      1:05 [ksoftirqd/1]
   25 ?        S      0:00 [cpuhp/2]
   26 ?        S      0:00 [migration/2]
   27 ?        S      1:04 [ksoftirqd/2]
   30 ?        S      0:00 [cpuhp/3]
   31 ?        S      0:00 [migration/3]
   32 ?        S      1:05 [ksoftirqd/3]
   39 ?        S      0:00 [kdevtmpfs]
   40 ?        I<     0:00 [kworker/R-inet_]
   42 ?        S      0:00 [kauditd]
   44 ?        S      0:00 [khungtaskd]
   45 ?        S      0:00 [oom_reaper]
   46 ?        I<     0:00 [kworker/R-write]
   47 ?        S      0:19 [kcompactd0]
   48 ?        I<     0:00 [kworker/R-kinte]
   49 ?        I<     0:00 [kworker/R-kbloc]
   50 ?        I<     0:00 [kworker/R-blkcg]
   53 ?        S      0:00 [watchdogd]
   56 ?        I<     0:00 [kworker/R-rpcio]
   57 ?        I<     0:00 [kworker/R-xprti]
   59 ?        S      0:05 [kswapd0]
   60 ?        I<     0:00 [kworker/R-nfsio]
   61 ?        I<     0:00 [kworker/R-kthro]
   63 ?        S      0:00 [hwrng]
   64 ?        I<     0:00 [kworker/R-iscsi]
   65 ?        I<     0:00 [kworker/R-nvme-]
   66 ?        I<     0:00 [kworker/R-nvme-]
   67 ?        I<     0:00 [kworker/R-nvme-]
   68 ?        I<     0:00 [kworker/R-DWC N]
   69 ?        I<     0:00 [kworker/R-uas]
   70 ?        I<     0:06 [kworker/u13:0-brcmf_wq/mmc1:0001:1]
   71 ?        I<     0:00 [kworker/u14:0]
   72 ?        I<     0:00 [kworker/u15:0]
   73 ?        I<     0:00 [kworker/u16:0]
   74 ?        I<     0:00 [kworker/u17:0]
   75 ?        S      0:00 [irq/38-aerdrv]
   76 ?        S      0:00 [irq/44-aerdrv]
   85 ?        I<     0:00 [kworker/R-sdhci]
   86 ?        S      0:00 [irq/167-mmc0]
   88 ?        I<     0:00 [kworker/R-sdhci]
   89 ?        S      0:00 [irq/168-mmc1]
   91 ?        I<     0:00 [kworker/R-mmc_c]
  146 ?        S      0:00 [spi10]
  223 ?        S      0:17 [jbd2/mmcblk0p2-8]
  224 ?        I<     0:00 [kworker/R-ext4-]
  238 ?        I<     0:00 [kworker/R-mld]
  239 ?        I<     0:00 [kworker/R-ipv6_]
  288 ?        Ss     0:01 /lib/systemd/systemd-journald
  319 ?        Ss     0:02 /lib/systemd/systemd-udevd
  398 ?        S      0:00 [irq/174-1000800000.codec]
  400 ?        S      0:00 [v3d_bin]
  401 ?        S      0:00 [v3d_render]
  402 ?        S      0:00 [v3d_tfu]
  403 ?        S      0:00 [v3d_csd]
  404 ?        S      0:00 [v3d_cache_clean]
  521 ?        I<     0:00 [kworker/R-cfg80]
  535 ?        I<     0:00 [kworker/R-btrfs]
  536 ?        I<     0:00 [kworker/R-btrfs]
  537 ?        I<     0:00 [kworker/R-btrfs]
  539 ?        I<     0:00 [kworker/R-btrfs]
  540 ?        I<     0:00 [kworker/R-btrfs]
  541 ?        I<     0:00 [kworker/R-btrfs]
  542 ?        I<     0:00 [kworker/R-btrfs]
  543 ?        I<     0:00 [kworker/R-btrfs]
  544 ?        I<     0:00 [kworker/R-btrfs]
  545 ?        I<     0:00 [kworker/R-btrfs]
  546 ?        I<     0:00 [kworker/R-btrfs]
  547 ?        I<     0:00 [kworker/R-btrfs]
  548 ?        I<     0:00 [kworker/R-btrfs]
  559 ?        S      0:00 [btrfs-cleaner]
  560 ?        S      1:47 [btrfs-transaction]
  565 ?        I<     0:00 [kworker/R-brcmf]
  566 ?        S      0:00 [brcmf_wdog/mmc1:0001:1]
  583 ?        S      0:00 [irq/180-vc4 hdmi hpd connected]
  587 ?        S      0:01 [irq/181-vc4 hdmi hpd disconnected]
  588 ?        S      0:00 [cec-vc4-hdmi-0]
  589 ?        S      0:00 [irq/182-vc4 hdmi cec rx]
  622 ?        S      0:00 [irq/183-vc4 hdmi cec tx]
  628 ?        S      0:00 [irq/184-vc4 hdmi hpd connected]
  629 ?        S      0:00 [irq/185-vc4 hdmi hpd disconnected]
  630 ?        S      0:00 [cec-vc4-hdmi-1]
  631 ?        S      0:00 [irq/186-vc4 hdmi cec rx]
  632 ?        S      0:00 [irq/187-vc4 hdmi cec tx]
  635 ?        S      0:00 [card1-crtc0]
  636 ?        S      0:00 [card1-crtc1]
  637 ?        S      0:00 [card1-crtc2]
  638 ?        S      0:00 [card1-crtc3]
  661 ?        Ssl    0:00 /lib/systemd/systemd-timesyncd
  665 ?        I<     0:00 [kworker/u13:3-hci0]
  704 ?        Ss     0:01 avahi-daemon: running [raspberry-32.local]
  705 ?        Ss     0:00 /usr/libexec/bluetooth/bluetoothd
  706 ?        Ss     0:00 /usr/sbin/cron -f
  707 ?        Ss     0:03 /usr/bin/dbus-daemon --system --address=systemd: --nofork --nopidfile --systemd-activation --syslog-only
  710 ?        Ssl    0:00 /usr/lib/polkit-1/polkitd --no-debug
  720 ?        Ss     0:00 /usr/sbin/smartd -n
  722 ?        Ss     0:00 /lib/systemd/systemd-logind
  724 ?        Ss     0:00 /usr/sbin/thd --triggers /etc/triggerhappy/triggers.d/ --socket /run/thd.socket --user nobody --deviceglob /dev/input/event*
  739 ?        S      0:00 avahi-daemon: chroot helper
  790 ?        Ssl    0:09 /usr/sbin/NetworkManager --no-daemon
  815 ?        Ss     0:04 /sbin/wpa_supplicant -u -s -O DIR=/run/wpa_supplicant GROUP=netdev
  818 ?        Ssl    0:00 /usr/sbin/ModemManager
  835 ?        Ss     0:00 sshd: /usr/sbin/sshd -D [listener] 0 of 10-100 startups
  897 tty1     Ss+    0:00 /sbin/agetty -o -p -- \u --noclear - linux
  898 ?        Ss+    0:00 /sbin/agetty -o -p -- \u --keep-baud 115200,57600,38400,9600 - vt220
  958 ?        Ss     0:00 /lib/systemd/systemd --user
  959 ?        S      0:00 (sd-pam)
  993 ?        Ss     0:00 SCREEN
  994 pts/1    Ss     0:00 /bin/bash
  998 pts/1    S+     0:04 /usr/bin/bash -x ./run.sh glibc-default
 1163 ?        I<     0:00 [kworker/0:1H-kblockd]
 1626 ?        I      0:00 [kworker/0:0-events_freezable]
 1664 ?        I      0:00 [kworker/u12:8-btrfs-endio-write]
 1783 ?        I      0:00 [kworker/2:0-wg-crypt-wg0]
 1921 ?        I      0:00 [kworker/u9:2-btrfs-worker]
 3053 ?        I      0:00 [kworker/u8:1-btrfs-delayed-meta]
 3662 ?        I      0:00 [kworker/u9:8-btrfs-worker]
 4921 ?        I      0:00 [kworker/u12:5-events_unbound]
 4953 ?        I      0:00 [kworker/u11:3-btrfs-worker]
 5416 ?        I      0:00 [kworker/1:0-mm_percpu_wq]
 5667 ?        I      0:00 [kworker/0:1-mm_percpu_wq]
 5822 ?        I<     0:00 [kworker/R-wg-cr]
 6478 ?        I<     0:00 [kworker/2:2H]
 8092 ?        I      0:00 [kworker/u12:2-flush-179:0]
 8093 ?        I      0:00 [kworker/0:2-wg-crypt-wg0]
 8467 ?        I<     0:01 [kworker/3:0H-kblockd]
 8863 ?        I      0:00 [kworker/2:1-events_power_efficient]
 9021 ?        I      0:00 [kworker/u8:0-btrfs-delayed-meta]
 9025 ?        I      0:00 [kworker/u8:5-btrfs-delayed-meta]
10481 ?        I      0:00 [kworker/u11:0-btrfs-worker]
11270 ?        Ss     0:01 /mnt/data/builds/no-0-32768-10/bin/postgres -D /mnt/data/data-test
11271 ?        Ss     0:00 postgres: checkpointer 
11272 ?        Ss     0:00 postgres: background writer 
11274 ?        Ss     0:00 postgres: walwriter 
11275 ?        Ss     0:00 postgres: autovacuum launcher 
11276 ?        Ss     0:00 postgres: logical replication launcher 
11279 pts/1    S+     0:00 /usr/bin/bash ./run-count.sh rpi5-32 scalability-no-0-32768-10-1722476505 32768 no 0 /mnt/data/lock-scalability-test/20240731-0853-glibc-default/logs/count-no-0-32768-10 1 10 1 4 8 10
11280 pts/1    R+     0:00 ps ax
12119 ?        I      0:00 [kworker/u10:7-btrfs-endio-write]
12503 ?        I      0:00 [kworker/u12:0-btrfs-worker]
12816 ?        I      0:00 [kworker/u9:0-btrfs-endio-write]
12966 ?        I      0:00 [kworker/u8:3-ext4-rsv-conversion]
13576 ?        I      0:00 [kworker/u8:2-btrfs-delayed-meta]
13594 ?        I      0:00 [kworker/u8:6-btrfs-delayed-meta]
13728 ?        I      0:00 [kworker/u12:1-btrfs-worker]
15073 ?        I      0:00 [kworker/u11:6-btrfs-endio-write]
15149 ?        I      0:00 [kworker/1:1-events_power_efficient]
15926 ?        I      0:00 [kworker/u12:6-btrfs-endio-write]
18299 ?        I<     0:00 [kworker/1:1H-kblockd]
18556 ?        I      0:00 [kworker/3:0]
19356 ?        I      0:00 [kworker/2:2-events]
20483 ?        I      0:00 [kworker/u10:4-btrfs-endio]
20484 ?        I      0:00 [kworker/u9:5-btrfs-worker]
20485 ?        I      0:00 [kworker/u9:6-btrfs-endio-write]
21933 ?        I      0:00 [kworker/u8:4-btrfs-delayed-meta]
23065 ?        I      0:01 [kworker/u9:3-btrfs-endio-write]
24059 ?        I<     0:00 [kworker/2:0H-kblockd]
25987 ?        I      0:00 [kworker/u11:5-btrfs-endio-write]
25992 ?        I      0:00 [kworker/u9:1-btrfs-endio-write]
25993 ?        I      0:00 [kworker/u9:4-writeback]
25994 ?        I      0:00 [kworker/u9:7-btrfs-endio-write]
27117 ?        I      0:00 [kworker/u11:7-btrfs-endio]
28209 ?        I      0:00 [kworker/3:1-events_power_efficient]
28278 ?        I      0:00 [kworker/3:2-events_power_efficient]
28633 ?        I<     0:00 [kworker/1:2H]
28757 ?        I<     0:00 [kworker/0:0H-kblockd]
29067 ?        I<     0:00 [kworker/3:2H-kblockd]
30489 ?        I      0:00 [kworker/u10:8-btrfs-endio-write]
30925 ?        I<     0:00 [kworker/0:2H-kblockd]
31224 ?        I<     0:00 [kworker/2:1H]
31278 ?        I<     0:00 [kworker/3:1H]
31295 ?        I<     0:00 [kworker/1:0H-kblockd]
