2024-07-31 21:32:26.787 CEST [1277242] LOG:  starting PostgreSQL 18devel on x86_64-pc-linux-gnu, compiled by gcc (Debian 12.2.0-14) 12.2.0, 64-bit
2024-07-31 21:32:26.787 CEST [1277242] LOG:  listening on IPv6 address "::1", port 5432
2024-07-31 21:32:26.787 CEST [1277242] LOG:  listening on IPv4 address "127.0.0.1", port 5432
2024-07-31 21:32:26.805 CEST [1277242] LOG:  listening on Unix socket "/tmp/.s.PGSQL.5432"
2024-07-31 21:32:26.808 CEST [1277245] LOG:  database system was shut down at 2024-07-31 21:32:25 CEST
2024-07-31 21:32:26.812 CEST [1277242] LOG:  database system is ready to accept connections
2024-07-31 21:32:37.899 CEST [1277243] LOG:  checkpoints are occurring too frequently (11 seconds apart)
2024-07-31 21:32:37.899 CEST [1277243] HINT:  Consider increasing the configuration parameter "max_wal_size".
2024-07-31 21:32:37.899 CEST [1277243] LOG:  checkpoint starting: wal
2024-07-31 21:32:50.181 CEST [1277243] LOG:  checkpoint complete: wrote 6828 buffers (2.6%); 0 WAL file(s) added, 4 removed, 29 recycled; write=10.480 s, sync=1.762 s, total=12.282 s; sync files=804, longest=0.020 s, average=0.003 s; distance=536017 kB, estimate=536017 kB; lsn=0/44CAC380, redo lsn=0/2205FB58
2024-07-31 21:32:50.181 CEST [1277243] LOG:  checkpoints are occurring too frequently (13 seconds apart)
2024-07-31 21:32:50.181 CEST [1277243] HINT:  Consider increasing the configuration parameter "max_wal_size".
2024-07-31 21:32:50.181 CEST [1277243] LOG:  checkpoint starting: wal
2024-07-31 21:32:55.898 CEST [1277243] LOG:  checkpoint complete: wrote 52 buffers (0.0%); 0 WAL file(s) added, 0 removed, 34 recycled; write=5.126 s, sync=0.560 s, total=5.717 s; sync files=189, longest=0.012 s, average=0.003 s; distance=570346 kB, estimate=570346 kB; lsn=0/567F3508, redo lsn=0/44D5A680
2024-07-31 21:33:00.617 CEST [1277243] LOG:  checkpoints are occurring too frequently (10 seconds apart)
2024-07-31 21:33:00.617 CEST [1277243] HINT:  Consider increasing the configuration parameter "max_wal_size".
2024-07-31 21:33:00.617 CEST [1277243] LOG:  checkpoint starting: wal
2024-07-31 21:33:06.274 CEST [1277243] LOG:  checkpoint complete: wrote 48 buffers (0.0%); 0 WAL file(s) added, 0 removed, 33 recycled; write=4.717 s, sync=0.893 s, total=5.657 s; sync files=274, longest=0.014 s, average=0.004 s; distance=527718 kB, estimate=566083 kB; lsn=0/76BDE688, redo lsn=0/650B4070
2024-07-31 21:33:09.024 CEST [1277243] LOG:  checkpoint starting: immediate force wait
2024-07-31 21:33:09.343 CEST [1277243] LOG:  checkpoint complete: wrote 188 buffers (0.1%); 0 WAL file(s) added, 0 removed, 25 recycled; write=0.007 s, sync=0.277 s, total=0.320 s; sync files=112, longest=0.010 s, average=0.003 s; distance=409953 kB, estimate=550470 kB; lsn=0/7E10C570, redo lsn=0/7E10C518
2024-07-31 21:34:19.569 CEST [1277242] LOG:  received fast shutdown request
2024-07-31 21:34:19.570 CEST [1277242] LOG:  aborting any active transactions
2024-07-31 21:34:19.571 CEST [1277242] LOG:  background worker "logical replication launcher" (PID 1277248) exited with exit code 1
2024-07-31 21:34:19.573 CEST [1277243] LOG:  shutting down
2024-07-31 21:34:19.574 CEST [1277243] LOG:  checkpoint starting: shutdown immediate
2024-07-31 21:34:19.583 CEST [1277243] LOG:  checkpoint complete: wrote 53 buffers (0.0%); 0 WAL file(s) added, 0 removed, 0 recycled; write=0.005 s, sync=0.003 s, total=0.011 s; sync files=12, longest=0.002 s, average=0.001 s; distance=294 kB, estimate=495453 kB; lsn=0/7E155DF0, redo lsn=0/7E155DF0
2024-07-31 21:34:19.753 CEST [1277242] LOG:  database system is shut down
