2024-07-30 23:57:14.462 CEST [799777] LOG:  starting PostgreSQL 18devel on x86_64-pc-linux-gnu, compiled by gcc (Debian 12.2.0-14) 12.2.0, 64-bit
2024-07-30 23:57:14.463 CEST [799777] LOG:  listening on IPv6 address "::1", port 5432
2024-07-30 23:57:14.463 CEST [799777] LOG:  listening on IPv4 address "127.0.0.1", port 5432
2024-07-30 23:57:14.464 CEST [799777] LOG:  listening on Unix socket "/tmp/.s.PGSQL.5432"
2024-07-30 23:57:14.466 CEST [799780] LOG:  database system was shut down at 2024-07-30 23:57:13 CEST
2024-07-30 23:57:14.469 CEST [799777] LOG:  database system is ready to accept connections
2024-07-30 23:57:23.972 CEST [799778] LOG:  checkpoints are occurring too frequently (9 seconds apart)
2024-07-30 23:57:23.972 CEST [799778] HINT:  Consider increasing the configuration parameter "max_wal_size".
2024-07-30 23:57:23.972 CEST [799778] LOG:  checkpoint starting: wal
2024-07-30 23:57:32.254 CEST [799778] LOG:  checkpoint complete: wrote 31730 buffers (12.1%); 0 WAL file(s) added, 1 removed, 32 recycled; write=7.995 s, sync=0.214 s, total=8.282 s; sync files=309, longest=0.057 s, average=0.001 s; distance=551561 kB, estimate=551561 kB; lsn=0/416FDA20, redo lsn=0/22F8DB08
2024-07-30 23:57:32.664 CEST [799778] LOG:  checkpoints are occurring too frequently (9 seconds apart)
2024-07-30 23:57:32.664 CEST [799778] HINT:  Consider increasing the configuration parameter "max_wal_size".
2024-07-30 23:57:32.666 CEST [799778] LOG:  checkpoint starting: wal
2024-07-30 23:57:41.751 CEST [799778] LOG:  checkpoint complete: wrote 29947 buffers (11.4%); 0 WAL file(s) added, 1 removed, 32 recycled; write=8.651 s, sync=0.356 s, total=9.087 s; sync files=5, longest=0.276 s, average=0.072 s; distance=532473 kB, estimate=549652 kB; lsn=0/62D5B590, redo lsn=0/4378C080
2024-07-30 23:57:41.948 CEST [799778] LOG:  checkpoints are occurring too frequently (9 seconds apart)
2024-07-30 23:57:41.948 CEST [799778] HINT:  Consider increasing the configuration parameter "max_wal_size".
2024-07-30 23:57:41.951 CEST [799778] LOG:  checkpoint starting: wal
2024-07-30 23:57:51.180 CEST [799778] LOG:  checkpoint complete: wrote 28602 buffers (10.9%); 0 WAL file(s) added, 0 removed, 33 recycled; write=8.660 s, sync=0.538 s, total=9.232 s; sync files=386, longest=0.299 s, average=0.002 s; distance=540497 kB, estimate=548737 kB; lsn=0/7937C970, redo lsn=0/647607B0
2024-07-30 23:57:51.180 CEST [799778] LOG:  checkpoint starting: immediate force wait
2024-07-30 23:57:51.764 CEST [799778] LOG:  checkpoint complete: wrote 44982 buffers (17.2%); 0 WAL file(s) added, 0 removed, 21 recycled; write=0.366 s, sync=0.186 s, total=0.584 s; sync files=154, longest=0.130 s, average=0.002 s; distance=340080 kB, estimate=527871 kB; lsn=0/7937CA40, redo lsn=0/7937C9E8
2024-07-30 23:59:01.924 CEST [799777] LOG:  received fast shutdown request
2024-07-30 23:59:01.924 CEST [799777] LOG:  aborting any active transactions
2024-07-30 23:59:01.927 CEST [799777] LOG:  background worker "logical replication launcher" (PID 799783) exited with exit code 1
2024-07-30 23:59:01.946 CEST [799778] LOG:  shutting down
2024-07-30 23:59:01.946 CEST [799778] LOG:  checkpoint starting: shutdown immediate
2024-07-30 23:59:01.953 CEST [799778] LOG:  checkpoint complete: wrote 53 buffers (0.0%); 0 WAL file(s) added, 0 removed, 0 recycled; write=0.005 s, sync=0.002 s, total=0.008 s; sync files=12, longest=0.001 s, average=0.001 s; distance=260 kB, estimate=475110 kB; lsn=0/793BDBF8, redo lsn=0/793BDBF8
2024-07-30 23:59:02.282 CEST [799777] LOG:  database system is shut down
