2024-08-01 01:18:35.924 CEST [2451752] LOG:  starting PostgreSQL 18devel on x86_64-pc-linux-gnu, compiled by gcc (Debian 12.2.0-14) 12.2.0, 64-bit
2024-08-01 01:18:35.925 CEST [2451752] LOG:  listening on IPv6 address "::1", port 5432
2024-08-01 01:18:35.925 CEST [2451752] LOG:  listening on IPv4 address "127.0.0.1", port 5432
2024-08-01 01:18:35.927 CEST [2451752] LOG:  listening on Unix socket "/tmp/.s.PGSQL.5432"
2024-08-01 01:18:35.930 CEST [2451755] LOG:  database system was shut down at 2024-08-01 01:18:34 CEST
2024-08-01 01:18:35.933 CEST [2451752] LOG:  database system is ready to accept connections
2024-08-01 01:18:45.556 CEST [2451753] LOG:  checkpoints are occurring too frequently (10 seconds apart)
2024-08-01 01:18:45.556 CEST [2451753] HINT:  Consider increasing the configuration parameter "max_wal_size".
2024-08-01 01:18:45.580 CEST [2451753] LOG:  checkpoint starting: wal
2024-08-01 01:18:53.363 CEST [2451753] LOG:  checkpoint complete: wrote 55684 buffers (21.2%); 0 WAL file(s) added, 2 removed, 32 recycled; write=7.077 s, sync=0.616 s, total=7.807 s; sync files=707, longest=0.411 s, average=0.001 s; distance=552020 kB, estimate=552020 kB; lsn=0/427B8200, redo lsn=0/230006B0
2024-08-01 01:18:53.756 CEST [2451753] LOG:  checkpoints are occurring too frequently (8 seconds apart)
2024-08-01 01:18:53.756 CEST [2451753] HINT:  Consider increasing the configuration parameter "max_wal_size".
2024-08-01 01:18:53.756 CEST [2451753] LOG:  checkpoint starting: wal
2024-08-01 01:19:00.433 CEST [2451753] LOG:  checkpoint complete: wrote 62335 buffers (23.8%); 0 WAL file(s) added, 1 removed, 32 recycled; write=6.155 s, sync=0.413 s, total=6.678 s; sync files=4, longest=0.203 s, average=0.103 s; distance=554526 kB, estimate=554526 kB; lsn=0/63FC9690, redo lsn=0/44D87ED0
2024-08-01 01:19:00.619 CEST [2451753] LOG:  checkpoints are occurring too frequently (7 seconds apart)
2024-08-01 01:19:00.619 CEST [2451753] HINT:  Consider increasing the configuration parameter "max_wal_size".
2024-08-01 01:19:00.620 CEST [2451753] LOG:  checkpoint starting: wal
2024-08-01 01:19:07.340 CEST [2451753] LOG:  checkpoint complete: wrote 59228 buffers (22.6%); 0 WAL file(s) added, 1 removed, 32 recycled; write=6.205 s, sync=0.419 s, total=6.722 s; sync files=4, longest=0.397 s, average=0.105 s; distance=527392 kB, estimate=551812 kB; lsn=0/84589F58, redo lsn=0/65090198
2024-08-01 01:19:07.739 CEST [2451753] LOG:  checkpoints are occurring too frequently (7 seconds apart)
2024-08-01 01:19:07.739 CEST [2451753] HINT:  Consider increasing the configuration parameter "max_wal_size".
2024-08-01 01:19:07.739 CEST [2451753] LOG:  checkpoint starting: wal
2024-08-01 01:19:14.489 CEST [2451753] LOG:  checkpoint complete: wrote 61882 buffers (23.6%); 0 WAL file(s) added, 2 removed, 31 recycled; write=6.096 s, sync=0.541 s, total=6.751 s; sync files=4, longest=0.393 s, average=0.136 s; distance=550913 kB, estimate=551722 kB; lsn=0/A6002198, redo lsn=0/86A90640
2024-08-01 01:19:14.818 CEST [2451753] LOG:  checkpoints are occurring too frequently (7 seconds apart)
2024-08-01 01:19:14.818 CEST [2451753] HINT:  Consider increasing the configuration parameter "max_wal_size".
2024-08-01 01:19:14.841 CEST [2451753] LOG:  checkpoint starting: wal
2024-08-01 01:19:21.277 CEST [2451753] LOG:  checkpoint complete: wrote 61325 buffers (23.4%); 0 WAL file(s) added, 2 removed, 32 recycled; write=5.927 s, sync=0.423 s, total=6.460 s; sync files=4, longest=0.400 s, average=0.106 s; distance=546238 kB, estimate=551174 kB; lsn=0/C70010A8, redo lsn=0/A8000218
2024-08-01 01:19:21.685 CEST [2451753] LOG:  checkpoints are occurring too frequently (7 seconds apart)
2024-08-01 01:19:21.685 CEST [2451753] HINT:  Consider increasing the configuration parameter "max_wal_size".
2024-08-01 01:19:21.685 CEST [2451753] LOG:  checkpoint starting: wal
2024-08-01 01:19:28.129 CEST [2451753] LOG:  checkpoint complete: wrote 61511 buffers (23.5%); 0 WAL file(s) added, 1 removed, 32 recycled; write=5.924 s, sync=0.420 s, total=6.445 s; sync files=3, longest=0.388 s, average=0.140 s; distance=547607 kB, estimate=550817 kB; lsn=0/E8B61DE8, redo lsn=0/C96C6210
2024-08-01 01:19:28.317 CEST [2451753] LOG:  checkpoints are occurring too frequently (7 seconds apart)
2024-08-01 01:19:28.317 CEST [2451753] HINT:  Consider increasing the configuration parameter "max_wal_size".
2024-08-01 01:19:28.318 CEST [2451753] LOG:  checkpoint starting: wal
2024-08-01 01:19:34.721 CEST [2451753] LOG:  checkpoint complete: wrote 60045 buffers (22.9%); 0 WAL file(s) added, 1 removed, 32 recycled; write=5.891 s, sync=0.403 s, total=6.404 s; sync files=4, longest=0.380 s, average=0.101 s; distance=534551 kB, estimate=549191 kB; lsn=1/97F7210, redo lsn=0/EA0CC0D8
2024-08-01 01:19:35.117 CEST [2451753] LOG:  checkpoints are occurring too frequently (7 seconds apart)
2024-08-01 01:19:35.117 CEST [2451753] HINT:  Consider increasing the configuration parameter "max_wal_size".
2024-08-01 01:19:35.117 CEST [2451753] LOG:  checkpoint starting: wal
2024-08-01 01:19:41.543 CEST [2451753] LOG:  checkpoint complete: wrote 62035 buffers (23.7%); 0 WAL file(s) added, 2 removed, 31 recycled; write=5.914 s, sync=0.407 s, total=6.427 s; sync files=3, longest=0.396 s, average=0.136 s; distance=552311 kB, estimate=552311 kB; lsn=1/2B0007D0, redo lsn=1/BC29D40
2024-08-01 01:19:41.727 CEST [2451753] LOG:  checkpoints are occurring too frequently (6 seconds apart)
2024-08-01 01:19:41.727 CEST [2451753] HINT:  Consider increasing the configuration parameter "max_wal_size".
2024-08-01 01:19:41.728 CEST [2451753] LOG:  checkpoint starting: wal
2024-08-01 01:19:51.811 CEST [2451753] LOG:  checkpoint complete: wrote 59722 buffers (22.8%); 0 WAL file(s) added, 0 removed, 33 recycled; write=9.314 s, sync=0.736 s, total=10.084 s; sync files=8, longest=0.289 s, average=0.092 s; distance=531993 kB, estimate=550279 kB; lsn=1/4A117B60, redo lsn=1/2C3B0208
2024-08-01 01:19:54.601 CEST [2451753] LOG:  checkpoints are occurring too frequently (13 seconds apart)
2024-08-01 01:19:54.601 CEST [2451753] HINT:  Consider increasing the configuration parameter "max_wal_size".
2024-08-01 01:19:54.602 CEST [2451753] LOG:  checkpoint starting: wal
2024-08-01 01:20:23.870 CEST [2451753] LOG:  checkpoint complete: wrote 246759 buffers (94.1%); 0 WAL file(s) added, 0 removed, 33 recycled; write=28.683 s, sync=0.554 s, total=29.269 s; sync files=31, longest=0.074 s, average=0.018 s; distance=549462 kB, estimate=550197 kB; lsn=1/6BC02EE0, redo lsn=1/4DC45BA0
2024-08-01 01:20:26.691 CEST [2451753] LOG:  checkpoint starting: wal
2024-08-01 01:20:32.706 CEST [2451753] LOG:  checkpoint complete: wrote 60 buffers (0.0%); 0 WAL file(s) added, 0 removed, 33 recycled; write=5.915 s, sync=0.064 s, total=6.018 s; sync files=28, longest=0.060 s, average=0.003 s; distance=529896 kB, estimate=548167 kB; lsn=1/733C1428, redo lsn=1/6E1BFE20
2024-08-01 01:20:35.987 CEST [2451792] LOG:  skipping vacuum of "t" --- lock not available
2024-08-01 01:21:00.218 CEST [2451753] LOG:  checkpoint starting: wal
2024-08-01 01:21:31.489 CEST [2451753] LOG:  checkpoint complete: wrote 755 buffers (0.3%); 0 WAL file(s) added, 2 removed, 31 recycled; write=30.595 s, sync=0.640 s, total=31.271 s; sync files=342, longest=0.088 s, average=0.002 s; distance=554840 kB, estimate=554840 kB; lsn=1/AF3336A8, redo lsn=1/8FF960C8
2024-08-01 01:21:34.647 CEST [2451753] LOG:  checkpoint starting: wal
2024-08-01 01:21:35.995 CEST [2451813] LOG:  skipping vacuum of "t" --- lock not available
2024-08-01 01:21:40.393 CEST [2451753] LOG:  checkpoint complete: wrote 57 buffers (0.0%); 0 WAL file(s) added, 0 removed, 33 recycled; write=5.615 s, sync=0.098 s, total=5.747 s; sync files=26, longest=0.073 s, average=0.004 s; distance=528073 kB, estimate=552163 kB; lsn=1/B6B03270, redo lsn=1/B03485E8
2024-08-01 01:22:10.027 CEST [2451753] LOG:  checkpoint starting: wal
2024-08-01 01:22:16.629 CEST [2451753] LOG:  checkpoint complete: wrote 62 buffers (0.0%); 0 WAL file(s) added, 0 removed, 33 recycled; write=6.115 s, sync=0.456 s, total=6.602 s; sync files=30, longest=0.073 s, average=0.016 s; distance=553664 kB, estimate=553664 kB; lsn=1/D85B5DF8, redo lsn=1/D1FF86B8
2024-08-01 01:22:36.014 CEST [2451831] LOG:  skipping vacuum of "t" --- lock not available
2024-08-01 01:22:42.617 CEST [2451753] LOG:  checkpoint starting: wal
2024-08-01 01:22:44.847 CEST [2451753] LOG:  checkpoint complete: wrote 19 buffers (0.0%); 0 WAL file(s) added, 0 removed, 33 recycled; write=1.808 s, sync=0.391 s, total=2.231 s; sync files=24, longest=0.073 s, average=0.017 s; distance=526345 kB, estimate=550932 kB; lsn=1/F28B7370, redo lsn=1/F21FAC88
2024-08-01 01:23:19.424 CEST [2451753] LOG:  checkpoint starting: wal
2024-08-01 01:23:21.710 CEST [2451753] LOG:  checkpoint complete: wrote 19 buffers (0.0%); 0 WAL file(s) added, 0 removed, 33 recycled; write=1.809 s, sync=0.448 s, total=2.288 s; sync files=26, longest=0.074 s, average=0.018 s; distance=545476 kB, estimate=550386 kB; lsn=2/1436A920, redo lsn=2/136ABCF0
2024-08-01 01:23:36.034 CEST [2451848] LOG:  skipping vacuum of "t" --- lock not available
2024-08-01 01:23:57.029 CEST [2451753] LOG:  checkpoint starting: wal
2024-08-01 01:23:59.283 CEST [2451753] LOG:  checkpoint complete: wrote 19 buffers (0.0%); 0 WAL file(s) added, 0 removed, 33 recycled; write=1.810 s, sync=0.412 s, total=2.255 s; sync files=27, longest=0.084 s, average=0.016 s; distance=536685 kB, estimate=549016 kB; lsn=2/35E17FE8, redo lsn=2/342C71D0
2024-08-01 01:24:35.913 CEST [2451753] LOG:  checkpoint starting: wal
2024-08-01 01:24:36.053 CEST [2451865] LOG:  skipping vacuum of "t" --- lock not available
2024-08-01 01:24:37.915 CEST [2451753] LOG:  checkpoint complete: wrote 16 buffers (0.0%); 0 WAL file(s) added, 0 removed, 33 recycled; write=1.508 s, sync=0.452 s, total=2.003 s; sync files=25, longest=0.120 s, average=0.019 s; distance=552914 kB, estimate=552914 kB; lsn=2/578C3020, redo lsn=2/55EBBC98
2024-08-01 01:25:15.574 CEST [2451753] LOG:  checkpoint starting: wal
2024-08-01 01:25:17.761 CEST [2451753] LOG:  checkpoint complete: wrote 18 buffers (0.0%); 0 WAL file(s) added, 0 removed, 33 recycled; write=1.708 s, sync=0.442 s, total=2.188 s; sync files=24, longest=0.070 s, average=0.019 s; distance=540845 kB, estimate=551707 kB; lsn=2/79370D00, redo lsn=2/76EE7248
2024-08-01 01:25:36.073 CEST [2451885] LOG:  skipping vacuum of "t" --- lock not available
2024-08-01 01:25:52.225 CEST [2451753] LOG:  checkpoint starting: wal
2024-08-01 01:25:54.065 CEST [2451753] LOG:  checkpoint complete: wrote 14 buffers (0.0%); 0 WAL file(s) added, 0 removed, 33 recycled; write=1.308 s, sync=0.492 s, total=1.840 s; sync files=23, longest=0.070 s, average=0.022 s; distance=527664 kB, estimate=549303 kB; lsn=2/97245A30, redo lsn=2/97233450
2024-08-01 01:26:33.384 CEST [2451753] LOG:  checkpoint starting: wal
2024-08-01 01:26:35.184 CEST [2451753] LOG:  checkpoint complete: wrote 14 buffers (0.0%); 0 WAL file(s) added, 0 removed, 33 recycled; write=1.308 s, sync=0.460 s, total=1.802 s; sync files=24, longest=0.075 s, average=0.020 s; distance=541263 kB, estimate=548499 kB; lsn=2/B8CF46F8, redo lsn=2/B82C7118
2024-08-01 01:26:36.093 CEST [2451904] LOG:  skipping vacuum of "t" --- lock not available
2024-08-01 01:26:41.125 CEST [2451753] LOG:  checkpoints are occurring too frequently (8 seconds apart)
2024-08-01 01:26:41.125 CEST [2451753] HINT:  Consider increasing the configuration parameter "max_wal_size".
2024-08-01 01:26:41.125 CEST [2451753] LOG:  checkpoint starting: wal
2024-08-01 01:26:45.247 CEST [2451753] LOG:  checkpoint complete: wrote 36 buffers (0.0%); 0 WAL file(s) added, 3 removed, 30 recycled; write=3.011 s, sync=1.015 s, total=4.122 s; sync files=21, longest=0.944 s, average=0.049 s; distance=552325 kB, estimate=552325 kB; lsn=2/FAC1E0C8, redo lsn=2/D9E28548
2024-08-01 01:26:45.247 CEST [2451753] LOG:  checkpoints are occurring too frequently (4 seconds apart)
2024-08-01 01:26:45.247 CEST [2451753] HINT:  Consider increasing the configuration parameter "max_wal_size".
2024-08-01 01:26:45.247 CEST [2451753] LOG:  checkpoint starting: wal
2024-08-01 01:26:45.304 CEST [2451753] LOG:  checkpoint complete: wrote 0 buffers (0.0%); 0 WAL file(s) added, 0 removed, 34 recycled; write=0.004 s, sync=0.001 s, total=0.057 s; sync files=0, longest=0.000 s, average=0.000 s; distance=546986 kB, estimate=551791 kB; lsn=2/FB6BCFA8, redo lsn=2/FB453050
2024-08-01 01:26:48.552 CEST [2451753] LOG:  checkpoints are occurring too frequently (3 seconds apart)
2024-08-01 01:26:48.552 CEST [2451753] HINT:  Consider increasing the configuration parameter "max_wal_size".
2024-08-01 01:26:48.552 CEST [2451753] LOG:  checkpoint starting: wal
2024-08-01 01:26:48.620 CEST [2451753] LOG:  checkpoint complete: wrote 0 buffers (0.0%); 0 WAL file(s) added, 0 removed, 34 recycled; write=0.004 s, sync=0.001 s, total=0.068 s; sync files=0, longest=0.000 s, average=0.000 s; distance=552671 kB, estimate=552671 kB; lsn=3/1D274E50, redo lsn=3/1D00AEF8
2024-08-01 01:26:52.133 CEST [2451753] LOG:  checkpoints are occurring too frequently (4 seconds apart)
2024-08-01 01:26:52.133 CEST [2451753] HINT:  Consider increasing the configuration parameter "max_wal_size".
2024-08-01 01:26:52.133 CEST [2451753] LOG:  checkpoint starting: wal
2024-08-01 01:26:52.206 CEST [2451753] LOG:  checkpoint complete: wrote 0 buffers (0.0%); 0 WAL file(s) added, 0 removed, 34 recycled; write=0.004 s, sync=0.001 s, total=0.074 s; sync files=0, longest=0.000 s, average=0.000 s; distance=557120 kB, estimate=557120 kB; lsn=3/3F285198, redo lsn=3/3F01B240
2024-08-01 01:26:55.480 CEST [2451753] LOG:  checkpoints are occurring too frequently (3 seconds apart)
2024-08-01 01:26:55.480 CEST [2451753] HINT:  Consider increasing the configuration parameter "max_wal_size".
2024-08-01 01:26:55.504 CEST [2451753] LOG:  checkpoint starting: wal
2024-08-01 01:26:55.557 CEST [2451753] LOG:  checkpoint complete: wrote 0 buffers (0.0%); 0 WAL file(s) added, 0 removed, 34 recycled; write=0.004 s, sync=0.001 s, total=0.077 s; sync files=0, longest=0.000 s, average=0.000 s; distance=557120 kB, estimate=557120 kB; lsn=3/612D3120, redo lsn=3/6102B518
2024-08-01 01:26:59.015 CEST [2451753] LOG:  checkpoints are occurring too frequently (4 seconds apart)
2024-08-01 01:26:59.015 CEST [2451753] HINT:  Consider increasing the configuration parameter "max_wal_size".
2024-08-01 01:26:59.015 CEST [2451753] LOG:  checkpoint starting: wal
2024-08-01 01:26:59.074 CEST [2451753] LOG:  checkpoint complete: wrote 0 buffers (0.0%); 0 WAL file(s) added, 0 removed, 33 recycled; write=0.004 s, sync=0.001 s, total=0.060 s; sync files=0, longest=0.000 s, average=0.000 s; distance=551682 kB, estimate=556577 kB; lsn=3/82D93CF8, redo lsn=3/82AEC108
2024-08-01 01:27:02.785 CEST [2451753] LOG:  checkpoints are occurring too frequently (3 seconds apart)
2024-08-01 01:27:02.785 CEST [2451753] HINT:  Consider increasing the configuration parameter "max_wal_size".
2024-08-01 01:27:02.785 CEST [2451753] LOG:  checkpoint starting: wal
2024-08-01 01:27:02.854 CEST [2451753] LOG:  checkpoint complete: wrote 0 buffers (0.0%); 0 WAL file(s) added, 0 removed, 34 recycled; write=0.004 s, sync=0.001 s, total=0.069 s; sync files=0, longest=0.000 s, average=0.000 s; distance=545998 kB, estimate=555519 kB; lsn=3/A42C7558, redo lsn=3/A401F950
2024-08-01 01:27:08.879 CEST [2451753] LOG:  checkpoints are occurring too frequently (6 seconds apart)
2024-08-01 01:27:08.879 CEST [2451753] HINT:  Consider increasing the configuration parameter "max_wal_size".
2024-08-01 01:27:08.879 CEST [2451753] LOG:  checkpoint starting: wal
2024-08-01 01:27:10.052 CEST [2451753] LOG:  checkpoint complete: wrote 9 buffers (0.0%); 0 WAL file(s) added, 0 removed, 34 recycled; write=0.909 s, sync=0.195 s, total=1.173 s; sync files=6, longest=0.193 s, average=0.033 s; distance=557007 kB, estimate=557007 kB; lsn=3/CE94ED90, redo lsn=3/C6013938
2024-08-01 01:27:34.792 CEST [2451753] LOG:  checkpoints are occurring too frequently (26 seconds apart)
2024-08-01 01:27:34.792 CEST [2451753] HINT:  Consider increasing the configuration parameter "max_wal_size".
2024-08-01 01:27:34.792 CEST [2451753] LOG:  checkpoint starting: wal
2024-08-01 01:27:35.739 CEST [2451753] LOG:  checkpoint complete: wrote 5 buffers (0.0%); 0 WAL file(s) added, 0 removed, 33 recycled; write=0.522 s, sync=0.394 s, total=0.948 s; sync files=12, longest=0.072 s, average=0.033 s; distance=549077 kB, estimate=556214 kB; lsn=3/E8C47928, redo lsn=3/E7848FB0
2024-08-01 01:27:36.111 CEST [2451920] LOG:  skipping vacuum of "t" --- lock not available
2024-08-01 01:28:07.904 CEST [2451753] LOG:  checkpoint starting: wal
2024-08-01 01:28:09.385 CEST [2451753] LOG:  checkpoint complete: wrote 9 buffers (0.0%); 0 WAL file(s) added, 0 removed, 33 recycled; write=0.916 s, sync=0.525 s, total=1.481 s; sync files=16, longest=0.072 s, average=0.033 s; distance=533113 kB, estimate=553904 kB; lsn=4/A6E75B8, redo lsn=4/80E7620
2024-08-01 01:28:36.127 CEST [2451939] LOG:  skipping vacuum of "t" --- lock not available
2024-08-01 01:28:42.084 CEST [2451753] LOG:  checkpoint starting: wal
2024-08-01 01:28:43.284 CEST [2451753] LOG:  checkpoint complete: wrote 9 buffers (0.0%); 0 WAL file(s) added, 0 removed, 33 recycled; write=0.909 s, sync=0.259 s, total=1.200 s; sync files=15, longest=0.072 s, average=0.018 s; distance=549794 kB, estimate=553493 kB; lsn=4/2C187AD8, redo lsn=4/299D01A8
2024-08-01 01:29:13.837 CEST [2451753] LOG:  checkpoint starting: wal
2024-08-01 01:29:15.295 CEST [2451753] LOG:  checkpoint complete: wrote 9 buffers (0.0%); 0 WAL file(s) added, 0 removed, 33 recycled; write=0.906 s, sync=0.520 s, total=1.459 s; sync files=14, longest=0.073 s, average=0.038 s; distance=530914 kB, estimate=551235 kB; lsn=4/4A048D28, redo lsn=4/4A048AF0
2024-08-01 01:29:36.146 CEST [2451969] LOG:  skipping vacuum of "t" --- lock not available
2024-08-01 01:29:49.393 CEST [2451753] LOG:  checkpoint starting: wal
2024-08-01 01:29:51.157 CEST [2451753] LOG:  checkpoint complete: wrote 12 buffers (0.0%); 0 WAL file(s) added, 0 removed, 33 recycled; write=1.207 s, sync=0.525 s, total=1.765 s; sync files=15, longest=0.081 s, average=0.035 s; distance=549778 kB, estimate=551090 kB; lsn=4/6BAF1F68, redo lsn=4/6B92D560
2024-08-01 01:30:25.878 CEST [2451753] LOG:  checkpoint starting: wal
2024-08-01 01:30:27.369 CEST [2451753] LOG:  checkpoint complete: wrote 10 buffers (0.0%); 0 WAL file(s) added, 0 removed, 33 recycled; write=1.006 s, sync=0.453 s, total=1.492 s; sync files=15, longest=0.072 s, average=0.031 s; distance=535529 kB, estimate=549534 kB; lsn=4/8D593CA0, redo lsn=4/8C427A00
2024-08-01 01:30:36.166 CEST [2452037] LOG:  skipping vacuum of "t" --- lock not available
2024-08-01 01:31:03.463 CEST [2451753] LOG:  checkpoint starting: wal
2024-08-01 01:31:05.172 CEST [2451753] LOG:  checkpoint complete: wrote 12 buffers (0.0%); 0 WAL file(s) added, 0 removed, 33 recycled; write=1.207 s, sync=0.470 s, total=1.709 s; sync files=16, longest=0.074 s, average=0.030 s; distance=551997 kB, estimate=551997 kB; lsn=4/AF034778, redo lsn=4/ADF370D0
2024-08-01 01:31:36.183 CEST [2452055] LOG:  skipping vacuum of "t" --- lock not available
2024-08-01 01:31:41.755 CEST [2451753] LOG:  checkpoint starting: wal
2024-08-01 01:31:42.857 CEST [2451753] LOG:  checkpoint complete: wrote 6 buffers (0.0%); 0 WAL file(s) added, 0 removed, 33 recycled; write=0.605 s, sync=0.460 s, total=1.103 s; sync files=15, longest=0.077 s, average=0.031 s; distance=535746 kB, estimate=550372 kB; lsn=4/D0AD5908, redo lsn=4/CEA67C40
2024-08-01 01:32:20.895 CEST [2451753] LOG:  checkpoint starting: wal
2024-08-01 01:32:22.121 CEST [2451753] LOG:  checkpoint complete: wrote 7 buffers (0.0%); 0 WAL file(s) added, 0 removed, 33 recycled; write=0.705 s, sync=0.481 s, total=1.226 s; sync files=14, longest=0.079 s, average=0.035 s; distance=535098 kB, estimate=548845 kB; lsn=4/F25793C0, redo lsn=4/EF4F6598
2024-08-01 01:32:36.203 CEST [2452074] LOG:  skipping vacuum of "t" --- lock not available
2024-08-01 01:32:57.346 CEST [2451753] LOG:  checkpoint starting: wal
2024-08-01 01:32:58.509 CEST [2451753] LOG:  checkpoint complete: wrote 6 buffers (0.0%); 0 WAL file(s) added, 0 removed, 33 recycled; write=0.612 s, sync=0.515 s, total=1.163 s; sync files=14, longest=0.075 s, average=0.037 s; distance=539920 kB, estimate=547952 kB; lsn=5/1043ADA0, redo lsn=5/1043A8E8
2024-08-01 01:33:36.222 CEST [2452091] LOG:  skipping vacuum of "t" --- lock not available
2024-08-01 01:33:38.224 CEST [2451753] LOG:  checkpoint starting: wal
2024-08-01 01:33:39.369 CEST [2451753] LOG:  checkpoint complete: wrote 7 buffers (0.0%); 0 WAL file(s) added, 0 removed, 33 recycled; write=0.719 s, sync=0.395 s, total=1.145 s; sync files=15, longest=0.076 s, average=0.027 s; distance=544293 kB, estimate=547586 kB; lsn=5/31EE49B0, redo lsn=5/317C40D8
2024-08-01 01:34:08.385 CEST [2451753] LOG:  checkpoint starting: immediate force wait
2024-08-01 01:34:09.676 CEST [2451753] LOG:  checkpoint complete: wrote 12306 buffers (4.7%); 0 WAL file(s) added, 0 removed, 25 recycled; write=0.107 s, sync=1.145 s, total=1.292 s; sync files=781, longest=0.617 s, average=0.002 s; distance=413100 kB, estimate=534138 kB; lsn=5/4AB2F428, redo lsn=5/4AB2F3D0
2024-08-01 01:35:23.564 CEST [2451752] LOG:  received fast shutdown request
2024-08-01 01:35:23.565 CEST [2451752] LOG:  aborting any active transactions
2024-08-01 01:35:23.565 CEST [2451752] LOG:  background worker "logical replication launcher" (PID 2451758) exited with exit code 1
2024-08-01 01:35:23.568 CEST [2451753] LOG:  shutting down
2024-08-01 01:35:23.568 CEST [2451753] LOG:  checkpoint starting: shutdown immediate
2024-08-01 01:35:23.578 CEST [2451753] LOG:  checkpoint complete: wrote 66 buffers (0.0%); 0 WAL file(s) added, 0 removed, 0 recycled; write=0.004 s, sync=0.003 s, total=0.011 s; sync files=5, longest=0.002 s, average=0.001 s; distance=202 kB, estimate=480744 kB; lsn=5/4AB61C80, redo lsn=5/4AB61C80
2024-08-01 01:35:23.995 CEST [2451752] LOG:  database system is shut down
