2024-08-01 03:09:10.418 CEST [3491191] LOG:  starting PostgreSQL 18devel on x86_64-pc-linux-gnu, compiled by gcc (Debian 12.2.0-14) 12.2.0, 64-bit
2024-08-01 03:09:10.418 CEST [3491191] LOG:  listening on IPv6 address "::1", port 5432
2024-08-01 03:09:10.418 CEST [3491191] LOG:  listening on IPv4 address "127.0.0.1", port 5432
2024-08-01 03:09:10.419 CEST [3491191] LOG:  listening on Unix socket "/tmp/.s.PGSQL.5432"
2024-08-01 03:09:10.421 CEST [3491194] LOG:  database system was shut down at 2024-08-01 03:09:09 CEST
2024-08-01 03:09:10.424 CEST [3491191] LOG:  database system is ready to accept connections
2024-08-01 03:09:18.845 CEST [3491192] LOG:  checkpoints are occurring too frequently (8 seconds apart)
2024-08-01 03:09:18.845 CEST [3491192] HINT:  Consider increasing the configuration parameter "max_wal_size".
2024-08-01 03:09:18.845 CEST [3491192] LOG:  checkpoint starting: wal
2024-08-01 03:09:26.528 CEST [3491192] LOG:  checkpoint complete: wrote 54504 buffers (20.8%); 0 WAL file(s) added, 1 removed, 32 recycled; write=6.988 s, sync=0.628 s, total=7.683 s; sync files=707, longest=0.414 s, average=0.001 s; distance=541274 kB, estimate=541274 kB; lsn=0/419D0AB8, redo lsn=0/22581CA0
2024-08-01 03:09:26.900 CEST [3491192] LOG:  checkpoints are occurring too frequently (8 seconds apart)
2024-08-01 03:09:26.900 CEST [3491192] HINT:  Consider increasing the configuration parameter "max_wal_size".
2024-08-01 03:09:26.900 CEST [3491192] LOG:  checkpoint starting: wal
2024-08-01 03:09:33.317 CEST [3491192] LOG:  checkpoint complete: wrote 61959 buffers (23.6%); 0 WAL file(s) added, 1 removed, 33 recycled; write=5.965 s, sync=0.371 s, total=6.418 s; sync files=4, longest=0.218 s, average=0.093 s; distance=551433 kB, estimate=551433 kB; lsn=0/62C8EEB0, redo lsn=0/44004460
2024-08-01 03:09:33.739 CEST [3491192] LOG:  checkpoints are occurring too frequently (7 seconds apart)
2024-08-01 03:09:33.739 CEST [3491192] HINT:  Consider increasing the configuration parameter "max_wal_size".
2024-08-01 03:09:33.740 CEST [3491192] LOG:  checkpoint starting: wal
2024-08-01 03:09:40.273 CEST [3491192] LOG:  checkpoint complete: wrote 61426 buffers (23.4%); 0 WAL file(s) added, 1 removed, 32 recycled; write=6.037 s, sync=0.422 s, total=6.535 s; sync files=4, longest=0.406 s, average=0.106 s; distance=546959 kB, estimate=550986 kB; lsn=0/84930720, redo lsn=0/65628110
2024-08-01 03:09:40.541 CEST [3491192] LOG:  checkpoints are occurring too frequently (7 seconds apart)
2024-08-01 03:09:40.541 CEST [3491192] HINT:  Consider increasing the configuration parameter "max_wal_size".
2024-08-01 03:09:40.543 CEST [3491192] LOG:  checkpoint starting: wal
2024-08-01 03:09:47.104 CEST [3491192] LOG:  checkpoint complete: wrote 60404 buffers (23.0%); 0 WAL file(s) added, 0 removed, 33 recycled; write=6.016 s, sync=0.492 s, total=6.564 s; sync files=4, longest=0.368 s, average=0.123 s; distance=537735 kB, estimate=549661 kB; lsn=0/A489CDD8, redo lsn=0/8634A0B0
2024-08-01 03:09:47.684 CEST [3491192] LOG:  checkpoints are occurring too frequently (7 seconds apart)
2024-08-01 03:09:47.684 CEST [3491192] HINT:  Consider increasing the configuration parameter "max_wal_size".
2024-08-01 03:09:47.684 CEST [3491192] LOG:  checkpoint starting: wal
2024-08-01 03:09:54.219 CEST [3491192] LOG:  checkpoint complete: wrote 62153 buffers (23.7%); 0 WAL file(s) added, 1 removed, 33 recycled; write=5.932 s, sync=0.520 s, total=6.536 s; sync files=4, longest=0.506 s, average=0.130 s; distance=553731 kB, estimate=553731 kB; lsn=0/C66BEB18, redo lsn=0/A800AE20
2024-08-01 03:09:54.796 CEST [3491192] LOG:  checkpoints are occurring too frequently (7 seconds apart)
2024-08-01 03:09:54.796 CEST [3491192] HINT:  Consider increasing the configuration parameter "max_wal_size".
2024-08-01 03:09:54.796 CEST [3491192] LOG:  checkpoint starting: wal
2024-08-01 03:10:01.365 CEST [3491192] LOG:  checkpoint complete: wrote 62578 buffers (23.9%); 0 WAL file(s) added, 2 removed, 32 recycled; write=5.967 s, sync=0.521 s, total=6.569 s; sync files=3, longest=0.518 s, average=0.174 s; distance=557061 kB, estimate=557061 kB; lsn=0/E9002F58, redo lsn=0/CA00C440
2024-08-01 03:10:01.741 CEST [3491192] LOG:  checkpoints are occurring too frequently (7 seconds apart)
2024-08-01 03:10:01.741 CEST [3491192] HINT:  Consider increasing the configuration parameter "max_wal_size".
2024-08-01 03:10:01.743 CEST [3491192] LOG:  checkpoint starting: wal
2024-08-01 03:10:08.042 CEST [3491192] LOG:  checkpoint complete: wrote 61226 buffers (23.4%); 0 WAL file(s) added, 1 removed, 32 recycled; write=5.719 s, sync=0.494 s, total=6.302 s; sync files=4, longest=0.477 s, average=0.124 s; distance=544968 kB, estimate=555852 kB; lsn=1/A5C91B0, redo lsn=0/EB43E5D8
2024-08-01 03:10:08.428 CEST [3491192] LOG:  checkpoints are occurring too frequently (7 seconds apart)
2024-08-01 03:10:08.428 CEST [3491192] HINT:  Consider increasing the configuration parameter "max_wal_size".
2024-08-01 03:10:08.456 CEST [3491192] LOG:  checkpoint starting: wal
2024-08-01 03:10:14.762 CEST [3491192] LOG:  checkpoint complete: wrote 62093 buffers (23.7%); 0 WAL file(s) added, 1 removed, 33 recycled; write=5.772 s, sync=0.443 s, total=6.334 s; sync files=3, longest=0.440 s, average=0.148 s; distance=552711 kB, estimate=555538 kB; lsn=1/2BFA20B0, redo lsn=1/D0004C0
2024-08-01 03:10:15.184 CEST [3491192] LOG:  checkpoints are occurring too frequently (7 seconds apart)
2024-08-01 03:10:15.184 CEST [3491192] HINT:  Consider increasing the configuration parameter "max_wal_size".
2024-08-01 03:10:15.186 CEST [3491192] LOG:  checkpoint starting: wal
2024-08-01 03:10:32.130 CEST [3491192] LOG:  checkpoint complete: wrote 60020 buffers (22.9%); 0 WAL file(s) added, 1 removed, 32 recycled; write=12.661 s, sync=4.237 s, total=16.946 s; sync files=9, longest=1.560 s, average=0.471 s; distance=546272 kB, estimate=554611 kB; lsn=1/4DCF2B58, redo lsn=1/2E578510
2024-08-01 03:10:32.898 CEST [3491192] LOG:  checkpoints are occurring too frequently (17 seconds apart)
2024-08-01 03:10:32.898 CEST [3491192] HINT:  Consider increasing the configuration parameter "max_wal_size".
2024-08-01 03:10:32.900 CEST [3491192] LOG:  checkpoint starting: wal
2024-08-01 03:11:06.425 CEST [3491192] LOG:  checkpoint complete: wrote 242109 buffers (92.4%); 0 WAL file(s) added, 2 removed, 31 recycled; write=32.498 s, sync=0.972 s, total=33.527 s; sync files=32, longest=0.146 s, average=0.031 s; distance=538177 kB, estimate=552968 kB; lsn=1/6F7DDC38, redo lsn=1/4F3089E0
2024-08-01 03:11:09.822 CEST [3491192] LOG:  checkpoint starting: wal
2024-08-01 03:11:10.507 CEST [3491233] LOG:  skipping vacuum of "t" --- lock not available
2024-08-01 03:11:16.055 CEST [3491192] LOG:  checkpoint complete: wrote 60 buffers (0.0%); 0 WAL file(s) added, 0 removed, 33 recycled; write=5.922 s, sync=0.282 s, total=6.235 s; sync files=229, longest=0.093 s, average=0.002 s; distance=545705 kB, estimate=552241 kB; lsn=1/77145FF8, redo lsn=1/707F3100
2024-08-01 03:11:43.975 CEST [3491192] LOG:  checkpoint starting: wal
2024-08-01 03:12:10.526 CEST [3491251] LOG:  skipping vacuum of "t" --- lock not available
2024-08-01 03:12:18.008 CEST [3491192] LOG:  checkpoint complete: wrote 755 buffers (0.3%); 0 WAL file(s) added, 0 removed, 33 recycled; write=33.195 s, sync=0.803 s, total=34.034 s; sync files=244, longest=0.110 s, average=0.004 s; distance=536835 kB, estimate=550701 kB; lsn=1/AF345160, redo lsn=1/91433E98
2024-08-01 03:12:21.750 CEST [3491192] LOG:  checkpoint starting: wal
2024-08-01 03:12:31.734 CEST [3491192] LOG:  checkpoint complete: wrote 97 buffers (0.0%); 0 WAL file(s) added, 0 removed, 33 recycled; write=9.639 s, sync=0.294 s, total=9.984 s; sync files=30, longest=0.100 s, average=0.010 s; distance=551844 kB, estimate=551844 kB; lsn=1/BA6DE938, redo lsn=1/B2F1D1C0
2024-08-01 03:13:00.441 CEST [3491192] LOG:  checkpoint starting: wal
2024-08-01 03:13:02.984 CEST [3491192] LOG:  checkpoint complete: wrote 20 buffers (0.0%); 0 WAL file(s) added, 0 removed, 33 recycled; write=1.912 s, sync=0.600 s, total=2.546 s; sync files=24, longest=0.108 s, average=0.025 s; distance=529432 kB, estimate=549603 kB; lsn=1/D49E0A50, redo lsn=1/D3423498
2024-08-01 03:13:10.546 CEST [3491268] LOG:  skipping vacuum of "t" --- lock not available
2024-08-01 03:13:39.750 CEST [3491192] LOG:  checkpoint starting: wal
2024-08-01 03:13:42.428 CEST [3491192] LOG:  checkpoint complete: wrote 20 buffers (0.0%); 0 WAL file(s) added, 0 removed, 33 recycled; write=1.912 s, sync=0.732 s, total=2.680 s; sync files=26, longest=0.144 s, average=0.029 s; distance=545259 kB, estimate=549169 kB; lsn=1/F6494BA0, redo lsn=1/F489E120
2024-08-01 03:14:10.565 CEST [3491284] LOG:  skipping vacuum of "t" --- lock not available
2024-08-01 03:14:19.277 CEST [3491192] LOG:  checkpoint starting: wal
2024-08-01 03:14:21.821 CEST [3491192] LOG:  checkpoint complete: wrote 20 buffers (0.0%); 0 WAL file(s) added, 0 removed, 33 recycled; write=1.912 s, sync=0.603 s, total=2.547 s; sync files=26, longest=0.113 s, average=0.024 s; distance=536701 kB, estimate=547922 kB; lsn=2/17F48438, redo lsn=2/154BD8D0
2024-08-01 03:14:59.805 CEST [3491192] LOG:  checkpoint starting: wal
2024-08-01 03:15:02.158 CEST [3491192] LOG:  checkpoint complete: wrote 17 buffers (0.0%); 0 WAL file(s) added, 0 removed, 33 recycled; write=1.611 s, sync=0.713 s, total=2.354 s; sync files=26, longest=0.113 s, average=0.028 s; distance=548087 kB, estimate=548087 kB; lsn=2/399F3E88, redo lsn=2/36BFB658
2024-08-01 03:15:10.585 CEST [3491360] LOG:  skipping vacuum of "t" --- lock not available
2024-08-01 03:15:37.068 CEST [3491192] LOG:  checkpoint starting: wal
2024-08-01 03:15:39.257 CEST [3491192] LOG:  checkpoint complete: wrote 16 buffers (0.0%); 0 WAL file(s) added, 0 removed, 33 recycled; write=1.514 s, sync=0.635 s, total=2.190 s; sync files=24, longest=0.111 s, average=0.027 s; distance=537324 kB, estimate=547011 kB; lsn=2/578C69E0, redo lsn=2/578B66D0
2024-08-01 03:16:10.605 CEST [3491377] LOG:  skipping vacuum of "t" --- lock not available
2024-08-01 03:16:18.728 CEST [3491192] LOG:  checkpoint starting: wal
2024-08-01 03:16:21.021 CEST [3491192] LOG:  checkpoint complete: wrote 18 buffers (0.0%); 0 WAL file(s) added, 0 removed, 34 recycled; write=1.711 s, sync=0.551 s, total=2.294 s; sync files=24, longest=0.103 s, average=0.023 s; distance=548289 kB, estimate=548289 kB; lsn=2/79374658, redo lsn=2/79026E10
2024-08-01 03:17:01.451 CEST [3491192] LOG:  checkpoint starting: wal
2024-08-01 03:17:03.430 CEST [3491192] LOG:  checkpoint complete: wrote 14 buffers (0.0%); 0 WAL file(s) added, 0 removed, 33 recycled; write=1.310 s, sync=0.640 s, total=1.981 s; sync files=24, longest=0.102 s, average=0.027 s; distance=551598 kB, estimate=551598 kB; lsn=2/9AE21BB0, redo lsn=2/9AAD28D0
2024-08-01 03:17:10.624 CEST [3491396] LOG:  skipping vacuum of "t" --- lock not available
2024-08-01 03:17:44.765 CEST [3491192] LOG:  checkpoint starting: wal
2024-08-01 03:17:48.110 CEST [3491192] LOG:  checkpoint complete: wrote 23 buffers (0.0%); 0 WAL file(s) added, 0 removed, 33 recycled; write=2.260 s, sync=1.029 s, total=3.348 s; sync files=27, longest=0.376 s, average=0.039 s; distance=536068 kB, estimate=550045 kB; lsn=2/D6209138, redo lsn=2/BB6538D8
2024-08-01 03:17:48.756 CEST [3491192] LOG:  checkpoints are occurring too frequently (4 seconds apart)
2024-08-01 03:17:48.756 CEST [3491192] HINT:  Consider increasing the configuration parameter "max_wal_size".
2024-08-01 03:17:48.757 CEST [3491192] LOG:  checkpoint starting: wal
2024-08-01 03:17:50.724 CEST [3491192] LOG:  checkpoint complete: wrote 20 buffers (0.0%); 0 WAL file(s) added, 0 removed, 33 recycled; write=1.910 s, sync=0.004 s, total=1.968 s; sync files=12, longest=0.001 s, average=0.001 s; distance=549694 kB, estimate=550010 kB; lsn=2/F003CEF0, redo lsn=2/DCF23468
2024-08-01 03:17:52.047 CEST [3491192] LOG:  checkpoints are occurring too frequently (4 seconds apart)
2024-08-01 03:17:52.047 CEST [3491192] HINT:  Consider increasing the configuration parameter "max_wal_size".
2024-08-01 03:17:52.048 CEST [3491192] LOG:  checkpoint starting: wal
2024-08-01 03:17:52.104 CEST [3491192] LOG:  checkpoint complete: wrote 0 buffers (0.0%); 0 WAL file(s) added, 0 removed, 33 recycled; write=0.006 s, sync=0.001 s, total=0.058 s; sync files=0, longest=0.000 s, average=0.000 s; distance=534628 kB, estimate=548472 kB; lsn=2/FDCDB440, redo lsn=2/FD93C590
2024-08-01 03:17:55.372 CEST [3491192] LOG:  checkpoints are occurring too frequently (3 seconds apart)
2024-08-01 03:17:55.372 CEST [3491192] HINT:  Consider increasing the configuration parameter "max_wal_size".
2024-08-01 03:17:55.372 CEST [3491192] LOG:  checkpoint starting: wal
2024-08-01 03:17:55.439 CEST [3491192] LOG:  checkpoint complete: wrote 0 buffers (0.0%); 0 WAL file(s) added, 0 removed, 34 recycled; write=0.006 s, sync=0.001 s, total=0.068 s; sync files=0, longest=0.000 s, average=0.000 s; distance=547728 kB, estimate=548397 kB; lsn=3/1F3818A8, redo lsn=3/1F0206A8
2024-08-01 03:17:58.784 CEST [3491192] LOG:  checkpoints are occurring too frequently (3 seconds apart)
2024-08-01 03:17:58.784 CEST [3491192] HINT:  Consider increasing the configuration parameter "max_wal_size".
2024-08-01 03:17:58.785 CEST [3491192] LOG:  checkpoint starting: wal
2024-08-01 03:17:58.850 CEST [3491192] LOG:  checkpoint complete: wrote 0 buffers (0.0%); 0 WAL file(s) added, 0 removed, 33 recycled; write=0.006 s, sync=0.001 s, total=0.066 s; sync files=0, longest=0.000 s, average=0.000 s; distance=554154 kB, estimate=554154 kB; lsn=3/410EA020, redo lsn=3/40D4B148
2024-08-01 03:18:02.115 CEST [3491192] LOG:  checkpoints are occurring too frequently (4 seconds apart)
2024-08-01 03:18:02.115 CEST [3491192] HINT:  Consider increasing the configuration parameter "max_wal_size".
2024-08-01 03:18:02.115 CEST [3491192] LOG:  checkpoint starting: wal
2024-08-01 03:18:02.180 CEST [3491192] LOG:  checkpoint complete: wrote 0 buffers (0.0%); 0 WAL file(s) added, 0 removed, 34 recycled; write=0.006 s, sync=0.001 s, total=0.065 s; sync files=0, longest=0.000 s, average=0.000 s; distance=543526 kB, estimate=553091 kB; lsn=3/62338048, redo lsn=3/62014AE0
2024-08-01 03:18:05.518 CEST [3491192] LOG:  checkpoints are occurring too frequently (3 seconds apart)
2024-08-01 03:18:05.518 CEST [3491192] HINT:  Consider increasing the configuration parameter "max_wal_size".
2024-08-01 03:18:05.520 CEST [3491192] LOG:  checkpoint starting: wal
2024-08-01 03:18:05.573 CEST [3491192] LOG:  checkpoint complete: wrote 0 buffers (0.0%); 0 WAL file(s) added, 0 removed, 33 recycled; write=0.006 s, sync=0.001 s, total=0.056 s; sync files=0, longest=0.000 s, average=0.000 s; distance=545503 kB, estimate=552333 kB; lsn=3/838A9530, redo lsn=3/834CC9D0
2024-08-01 03:18:08.837 CEST [3491192] LOG:  checkpoints are occurring too frequently (3 seconds apart)
2024-08-01 03:18:08.837 CEST [3491192] HINT:  Consider increasing the configuration parameter "max_wal_size".
2024-08-01 03:18:08.864 CEST [3491192] LOG:  checkpoint starting: wal
2024-08-01 03:18:08.915 CEST [3491192] LOG:  checkpoint complete: wrote 0 buffers (0.0%); 0 WAL file(s) added, 0 removed, 34 recycled; write=0.006 s, sync=0.001 s, total=0.079 s; sync files=0, longest=0.000 s, average=0.000 s; distance=552177 kB, estimate=552317 kB; lsn=3/A5423798, redo lsn=3/A5008F88
2024-08-01 03:18:10.644 CEST [3491408] LOG:  skipping vacuum of "t" --- lock not available
2024-08-01 03:18:19.151 CEST [3491192] LOG:  checkpoints are occurring too frequently (11 seconds apart)
2024-08-01 03:18:19.151 CEST [3491192] HINT:  Consider increasing the configuration parameter "max_wal_size".
2024-08-01 03:18:19.152 CEST [3491192] LOG:  checkpoint starting: wal
2024-08-01 03:18:20.524 CEST [3491192] LOG:  checkpoint complete: wrote 9 buffers (0.0%); 0 WAL file(s) added, 0 removed, 33 recycled; write=0.908 s, sync=0.395 s, total=1.373 s; sync files=6, longest=0.392 s, average=0.066 s; distance=553199 kB, estimate=553199 kB; lsn=3/CE949E78, redo lsn=3/C6C44D50
2024-08-01 03:18:47.805 CEST [3491192] LOG:  checkpoints are occurring too frequently (28 seconds apart)
2024-08-01 03:18:47.805 CEST [3491192] HINT:  Consider increasing the configuration parameter "max_wal_size".
2024-08-01 03:18:47.809 CEST [3491192] LOG:  checkpoint starting: wal
2024-08-01 03:18:48.961 CEST [3491192] LOG:  checkpoint complete: wrote 5 buffers (0.0%); 0 WAL file(s) added, 0 removed, 33 recycled; write=0.507 s, sync=0.615 s, total=1.157 s; sync files=12, longest=0.120 s, average=0.052 s; distance=528669 kB, estimate=550746 kB; lsn=3/E8C42AD8, redo lsn=3/E708C308
2024-08-01 03:19:10.664 CEST [3491427] LOG:  skipping vacuum of "t" --- lock not available
2024-08-01 03:19:24.435 CEST [3491192] LOG:  checkpoint starting: wal
2024-08-01 03:19:26.149 CEST [3491192] LOG:  checkpoint complete: wrote 9 buffers (0.0%); 0 WAL file(s) added, 0 removed, 33 recycled; write=0.919 s, sync=0.764 s, total=1.717 s; sync files=16, longest=0.105 s, average=0.048 s; distance=548482 kB, estimate=550520 kB; lsn=4/A6E2640, redo lsn=4/882CD58
2024-08-01 03:20:02.285 CEST [3491192] LOG:  checkpoint starting: wal
2024-08-01 03:20:04.038 CEST [3491192] LOG:  checkpoint complete: wrote 10 buffers (0.0%); 0 WAL file(s) added, 0 removed, 33 recycled; write=1.011 s, sync=0.710 s, total=1.753 s; sync files=15, longest=0.116 s, average=0.048 s; distance=534206 kB, estimate=548888 kB; lsn=4/2C182CC0, redo lsn=4/291DC630
2024-08-01 03:20:10.684 CEST [3491453] LOG:  skipping vacuum of "t" --- lock not available
2024-08-01 03:20:37.286 CEST [3491192] LOG:  checkpoint starting: wal
2024-08-01 03:20:39.078 CEST [3491192] LOG:  checkpoint complete: wrote 9 buffers (0.0%); 0 WAL file(s) added, 0 removed, 33 recycled; write=0.909 s, sync=0.847 s, total=1.792 s; sync files=14, longest=0.128 s, average=0.061 s; distance=539037 kB, estimate=547903 kB; lsn=4/4A043F08, redo lsn=4/4A043CD0
2024-08-01 03:21:10.704 CEST [3491470] LOG:  skipping vacuum of "t" --- lock not available
2024-08-01 03:21:16.845 CEST [3491192] LOG:  checkpoint starting: wal
2024-08-01 03:21:18.850 CEST [3491192] LOG:  checkpoint complete: wrote 11 buffers (0.0%); 0 WAL file(s) added, 0 removed, 33 recycled; write=1.109 s, sync=0.867 s, total=2.006 s; sync files=15, longest=0.126 s, average=0.058 s; distance=551556 kB, estimate=551556 kB; lsn=4/6BAE5548, redo lsn=4/6BAE4FE8
2024-08-01 03:21:56.951 CEST [3491192] LOG:  checkpoint starting: wal
2024-08-01 03:21:58.739 CEST [3491192] LOG:  checkpoint complete: wrote 10 buffers (0.0%); 0 WAL file(s) added, 0 removed, 33 recycled; write=1.009 s, sync=0.748 s, total=1.792 s; sync files=15, longest=0.119 s, average=0.050 s; distance=536386 kB, estimate=550039 kB; lsn=4/8D58F248, redo lsn=4/8C6B5948
2024-08-01 03:22:10.723 CEST [3491487] LOG:  skipping vacuum of "t" --- lock not available
2024-08-01 03:22:38.095 CEST [3491192] LOG:  checkpoint starting: wal
2024-08-01 03:22:40.095 CEST [3491192] LOG:  checkpoint complete: wrote 12 buffers (0.0%); 0 WAL file(s) added, 0 removed, 33 recycled; write=1.210 s, sync=0.761 s, total=2.003 s; sync files=16, longest=0.122 s, average=0.048 s; distance=545191 kB, estimate=549554 kB; lsn=4/AF02F9D8, redo lsn=4/ADB1F920
2024-08-01 03:23:10.742 CEST [3491503] LOG:  skipping vacuum of "t" --- lock not available
2024-08-01 03:23:19.750 CEST [3491192] LOG:  checkpoint starting: wal
2024-08-01 03:23:21.115 CEST [3491192] LOG:  checkpoint complete: wrote 6 buffers (0.0%); 0 WAL file(s) added, 0 removed, 33 recycled; write=0.608 s, sync=0.729 s, total=1.370 s; sync files=14, longest=0.159 s, average=0.053 s; distance=530915 kB, estimate=547690 kB; lsn=4/D0AD0B50, redo lsn=4/CE198558
2024-08-01 03:24:02.457 CEST [3491192] LOG:  checkpoint starting: wal
2024-08-01 03:24:03.935 CEST [3491192] LOG:  checkpoint complete: wrote 7 buffers (0.0%); 0 WAL file(s) added, 0 removed, 33 recycled; write=0.706 s, sync=0.741 s, total=1.478 s; sync files=14, longest=0.129 s, average=0.053 s; distance=548490 kB, estimate=548490 kB; lsn=4/F2574A10, redo lsn=4/EF93B058
2024-08-01 03:24:10.762 CEST [3491519] LOG:  skipping vacuum of "t" --- lock not available
2024-08-01 03:24:41.776 CEST [3491192] LOG:  checkpoint starting: wal
2024-08-01 03:24:43.168 CEST [3491192] LOG:  checkpoint complete: wrote 6 buffers (0.0%); 0 WAL file(s) added, 0 removed, 33 recycled; write=0.614 s, sync=0.748 s, total=1.392 s; sync files=14, longest=0.115 s, average=0.054 s; distance=535531 kB, estimate=547194 kB; lsn=5/10436410, redo lsn=5/10435F40
2024-08-01 03:25:10.781 CEST [3491537] LOG:  skipping vacuum of "t" --- lock not available
2024-08-01 03:25:25.773 CEST [3491192] LOG:  checkpoint starting: wal
2024-08-01 03:25:27.269 CEST [3491192] LOG:  checkpoint complete: wrote 7 buffers (0.0%); 0 WAL file(s) added, 0 removed, 33 recycled; write=0.728 s, sync=0.735 s, total=1.496 s; sync files=15, longest=0.120 s, average=0.049 s; distance=551561 kB, estimate=551561 kB; lsn=5/31ED8C88, redo lsn=5/31ED8738
2024-08-01 03:25:59.463 CEST [3491192] LOG:  checkpoint starting: immediate force wait
2024-08-01 03:26:05.976 CEST [3491192] LOG:  checkpoint complete: wrote 12306 buffers (4.7%); 0 WAL file(s) added, 0 removed, 25 recycled; write=0.183 s, sync=6.290 s, total=6.513 s; sync files=781, longest=1.546 s, average=0.009 s; distance=405834 kB, estimate=536989 kB; lsn=5/4AB2B250, redo lsn=5/4AB2B1F8
2024-08-01 03:27:17.220 CEST [3491191] LOG:  received fast shutdown request
2024-08-01 03:27:17.221 CEST [3491191] LOG:  aborting any active transactions
2024-08-01 03:27:17.221 CEST [3491191] LOG:  background worker "logical replication launcher" (PID 3491197) exited with exit code 1
2024-08-01 03:27:17.225 CEST [3491192] LOG:  shutting down
2024-08-01 03:27:17.225 CEST [3491192] LOG:  checkpoint starting: shutdown immediate
2024-08-01 03:27:17.231 CEST [3491192] LOG:  checkpoint complete: wrote 66 buffers (0.0%); 0 WAL file(s) added, 0 removed, 0 recycled; write=0.005 s, sync=0.001 s, total=0.007 s; sync files=5, longest=0.001 s, average=0.001 s; distance=202 kB, estimate=483310 kB; lsn=5/4AB5DAA8, redo lsn=5/4AB5DAA8
2024-08-01 03:27:17.636 CEST [3491191] LOG:  database system is shut down
