2024-07-31 06:58:52.755 CEST [2158860] LOG:  starting PostgreSQL 18devel on x86_64-pc-linux-gnu, compiled by gcc (Debian 12.2.0-14) 12.2.0, 64-bit
2024-07-31 06:58:52.755 CEST [2158860] LOG:  listening on IPv6 address "::1", port 5432
2024-07-31 06:58:52.755 CEST [2158860] LOG:  listening on IPv4 address "127.0.0.1", port 5432
2024-07-31 06:58:52.757 CEST [2158860] LOG:  listening on Unix socket "/tmp/.s.PGSQL.5432"
2024-07-31 06:58:52.760 CEST [2158863] LOG:  database system was shut down at 2024-07-31 06:58:51 CEST
2024-07-31 06:58:52.763 CEST [2158860] LOG:  database system is ready to accept connections
2024-07-31 06:59:02.151 CEST [2158861] LOG:  checkpoints are occurring too frequently (10 seconds apart)
2024-07-31 06:59:02.151 CEST [2158861] HINT:  Consider increasing the configuration parameter "max_wal_size".
2024-07-31 06:59:02.178 CEST [2158861] LOG:  checkpoint starting: wal
2024-07-31 06:59:09.904 CEST [2158861] LOG:  checkpoint complete: wrote 55684 buffers (21.2%); 0 WAL file(s) added, 2 removed, 32 recycled; write=7.002 s, sync=0.628 s, total=7.753 s; sync files=707, longest=0.404 s, average=0.001 s; distance=552021 kB, estimate=552021 kB; lsn=0/4281A588, redo lsn=0/230008C0
2024-07-31 06:59:10.295 CEST [2158861] LOG:  checkpoints are occurring too frequently (8 seconds apart)
2024-07-31 06:59:10.295 CEST [2158861] HINT:  Consider increasing the configuration parameter "max_wal_size".
2024-07-31 06:59:10.295 CEST [2158861] LOG:  checkpoint starting: wal
2024-07-31 06:59:16.792 CEST [2158861] LOG:  checkpoint complete: wrote 62538 buffers (23.9%); 0 WAL file(s) added, 2 removed, 31 recycled; write=5.972 s, sync=0.427 s, total=6.498 s; sync files=4, longest=0.203 s, average=0.107 s; distance=556402 kB, estimate=556402 kB; lsn=0/64002948, redo lsn=0/44F5D350
2024-07-31 06:59:17.112 CEST [2158861] LOG:  checkpoints are occurring too frequently (7 seconds apart)
2024-07-31 06:59:17.112 CEST [2158861] HINT:  Consider increasing the configuration parameter "max_wal_size".
2024-07-31 06:59:17.112 CEST [2158861] LOG:  checkpoint starting: wal
2024-07-31 06:59:23.715 CEST [2158861] LOG:  checkpoint complete: wrote 60800 buffers (23.2%); 0 WAL file(s) added, 2 removed, 32 recycled; write=6.076 s, sync=0.426 s, total=6.603 s; sync files=4, longest=0.404 s, average=0.107 s; distance=541340 kB, estimate=554896 kB; lsn=0/85001450, redo lsn=0/66004608
2024-07-31 06:59:24.118 CEST [2158861] LOG:  checkpoints are occurring too frequently (7 seconds apart)
2024-07-31 06:59:24.118 CEST [2158861] HINT:  Consider increasing the configuration parameter "max_wal_size".
2024-07-31 06:59:24.119 CEST [2158861] LOG:  checkpoint starting: wal
2024-07-31 06:59:30.573 CEST [2158861] LOG:  checkpoint complete: wrote 61319 buffers (23.4%); 0 WAL file(s) added, 1 removed, 32 recycled; write=5.922 s, sync=0.420 s, total=6.455 s; sync files=4, longest=0.298 s, average=0.105 s; distance=545838 kB, estimate=553990 kB; lsn=0/A6D2B8D8, redo lsn=0/87510168
2024-07-31 06:59:30.765 CEST [2158861] LOG:  checkpoints are occurring too frequently (6 seconds apart)
2024-07-31 06:59:30.765 CEST [2158861] HINT:  Consider increasing the configuration parameter "max_wal_size".
2024-07-31 06:59:30.765 CEST [2158861] LOG:  checkpoint starting: wal
2024-07-31 06:59:36.948 CEST [2158861] LOG:  checkpoint complete: wrote 60356 buffers (23.0%); 0 WAL file(s) added, 1 removed, 32 recycled; write=5.688 s, sync=0.415 s, total=6.184 s; sync files=4, longest=0.391 s, average=0.104 s; distance=537664 kB, estimate=552358 kB; lsn=0/C77D82A0, redo lsn=0/A82201A0
2024-07-31 06:59:37.340 CEST [2158861] LOG:  checkpoints are occurring too frequently (7 seconds apart)
2024-07-31 06:59:37.340 CEST [2158861] HINT:  Consider increasing the configuration parameter "max_wal_size".
2024-07-31 06:59:37.340 CEST [2158861] LOG:  checkpoint starting: wal
2024-07-31 06:59:43.653 CEST [2158861] LOG:  checkpoint complete: wrote 62319 buffers (23.8%); 0 WAL file(s) added, 2 removed, 31 recycled; write=5.804 s, sync=0.419 s, total=6.313 s; sync files=3, longest=0.398 s, average=0.140 s; distance=554809 kB, estimate=554809 kB; lsn=0/E9002110, redo lsn=0/C9FEE8F0
2024-07-31 06:59:43.808 CEST [2158861] LOG:  checkpoints are occurring too frequently (6 seconds apart)
2024-07-31 06:59:43.808 CEST [2158861] HINT:  Consider increasing the configuration parameter "max_wal_size".
2024-07-31 06:59:43.809 CEST [2158861] LOG:  checkpoint starting: wal
2024-07-31 06:59:49.995 CEST [2158861] LOG:  checkpoint complete: wrote 59064 buffers (22.5%); 0 WAL file(s) added, 0 removed, 33 recycled; write=5.727 s, sync=0.407 s, total=6.187 s; sync files=4, longest=0.385 s, average=0.102 s; distance=525846 kB, estimate=551913 kB; lsn=1/8877658, redo lsn=0/EA174290
2024-07-31 06:59:50.599 CEST [2158861] LOG:  checkpoints are occurring too frequently (7 seconds apart)
2024-07-31 06:59:50.599 CEST [2158861] HINT:  Consider increasing the configuration parameter "max_wal_size".
2024-07-31 06:59:50.622 CEST [2158861] LOG:  checkpoint starting: wal
2024-07-31 06:59:56.936 CEST [2158861] LOG:  checkpoint complete: wrote 62411 buffers (23.8%); 0 WAL file(s) added, 2 removed, 32 recycled; write=5.797 s, sync=0.399 s, total=6.338 s; sync files=3, longest=0.392 s, average=0.133 s; distance=555567 kB, estimate=555567 kB; lsn=1/2B010720, redo lsn=1/C0000D0
2024-07-31 06:59:57.338 CEST [2158861] LOG:  checkpoints are occurring too frequently (7 seconds apart)
2024-07-31 06:59:57.338 CEST [2158861] HINT:  Consider increasing the configuration parameter "max_wal_size".
2024-07-31 06:59:57.338 CEST [2158861] LOG:  checkpoint starting: wal
2024-07-31 07:00:10.053 CEST [2158861] LOG:  checkpoint complete: wrote 60650 buffers (23.1%); 0 WAL file(s) added, 2 removed, 31 recycled; write=11.675 s, sync=0.965 s, total=12.716 s; sync files=9, longest=0.420 s, average=0.108 s; distance=547387 kB, estimate=554749 kB; lsn=1/4D75AE80, redo lsn=1/2D68F060
2024-07-31 07:00:12.833 CEST [2158861] LOG:  checkpoints are occurring too frequently (15 seconds apart)
2024-07-31 07:00:12.833 CEST [2158861] HINT:  Consider increasing the configuration parameter "max_wal_size".
2024-07-31 07:00:12.833 CEST [2158861] LOG:  checkpoint starting: wal
2024-07-31 07:00:41.589 CEST [2158861] LOG:  checkpoint complete: wrote 244129 buffers (93.1%); 0 WAL file(s) added, 2 removed, 31 recycled; write=28.146 s, sync=0.511 s, total=28.756 s; sync files=32, longest=0.074 s, average=0.016 s; distance=542692 kB, estimate=553543 kB; lsn=1/6E07A9E0, redo lsn=1/4E888160
2024-07-31 07:00:41.885 CEST [2158861] LOG:  checkpoints are occurring too frequently (29 seconds apart)
2024-07-31 07:00:41.885 CEST [2158861] HINT:  Consider increasing the configuration parameter "max_wal_size".
2024-07-31 07:00:41.885 CEST [2158861] LOG:  checkpoint starting: wal
2024-07-31 07:00:47.963 CEST [2158861] LOG:  checkpoint complete: wrote 60 buffers (0.0%); 0 WAL file(s) added, 0 removed, 33 recycled; write=5.916 s, sync=0.120 s, total=6.078 s; sync files=28, longest=0.065 s, average=0.005 s; distance=539995 kB, estimate=552189 kB; lsn=1/733C55C8, redo lsn=1/6F7DF050
2024-07-31 07:00:52.839 CEST [2158950] LOG:  skipping vacuum of "t" --- lock not available
2024-07-31 07:01:14.365 CEST [2158861] LOG:  checkpoint starting: wal
2024-07-31 07:01:44.961 CEST [2158861] LOG:  checkpoint complete: wrote 755 buffers (0.3%); 0 WAL file(s) added, 1 removed, 32 recycled; write=29.974 s, sync=0.576 s, total=30.597 s; sync files=342, longest=0.085 s, average=0.002 s; distance=537912 kB, estimate=550761 kB; lsn=1/AF335928, redo lsn=1/9052D388
2024-07-31 07:01:48.179 CEST [2158861] LOG:  checkpoint starting: wal
2024-07-31 07:01:52.855 CEST [2158969] LOG:  skipping vacuum of "t" --- lock not available
2024-07-31 07:01:53.806 CEST [2158861] LOG:  checkpoint complete: wrote 56 buffers (0.0%); 0 WAL file(s) added, 0 removed, 33 recycled; write=5.515 s, sync=0.072 s, total=5.628 s; sync files=26, longest=0.061 s, average=0.003 s; distance=550021 kB, estimate=550687 kB; lsn=1/B6B053F8, redo lsn=1/B1E4EAB8
2024-07-31 07:02:22.496 CEST [2158861] LOG:  checkpoint starting: wal
2024-07-31 07:02:29.166 CEST [2158861] LOG:  checkpoint complete: wrote 62 buffers (0.0%); 0 WAL file(s) added, 0 removed, 33 recycled; write=6.116 s, sync=0.522 s, total=6.671 s; sync files=30, longest=0.071 s, average=0.018 s; distance=539392 kB, estimate=549558 kB; lsn=1/D85B9F68, redo lsn=1/D2D0EE68
2024-07-31 07:02:52.875 CEST [2158988] LOG:  skipping vacuum of "t" --- lock not available
2024-07-31 07:02:57.686 CEST [2158861] LOG:  checkpoint starting: wal
2024-07-31 07:02:59.993 CEST [2158861] LOG:  checkpoint complete: wrote 19 buffers (0.0%); 0 WAL file(s) added, 0 removed, 33 recycled; write=1.809 s, sync=0.468 s, total=2.307 s; sync files=25, longest=0.073 s, average=0.019 s; distance=535599 kB, estimate=548162 kB; lsn=1/F6493CD0, redo lsn=1/F381AB18
2024-07-31 07:03:30.411 CEST [2158861] LOG:  checkpoint starting: wal
2024-07-31 07:03:32.795 CEST [2158861] LOG:  checkpoint complete: wrote 19 buffers (0.0%); 0 WAL file(s) added, 0 removed, 33 recycled; write=1.808 s, sync=0.533 s, total=2.384 s; sync files=25, longest=0.072 s, average=0.022 s; distance=535805 kB, estimate=546926 kB; lsn=2/1436CE28, redo lsn=2/1435A108
2024-07-31 07:03:52.891 CEST [2159007] LOG:  skipping vacuum of "t" --- lock not available
2024-07-31 07:04:07.205 CEST [2158861] LOG:  checkpoint starting: wal
2024-07-31 07:04:09.495 CEST [2158861] LOG:  checkpoint complete: wrote 19 buffers (0.0%); 0 WAL file(s) added, 0 removed, 33 recycled; write=1.808 s, sync=0.451 s, total=2.291 s; sync files=27, longest=0.070 s, average=0.017 s; distance=541940 kB, estimate=546427 kB; lsn=2/35E1C518, redo lsn=2/35497360
2024-07-31 07:04:45.207 CEST [2158861] LOG:  checkpoint starting: wal
2024-07-31 07:04:47.203 CEST [2158861] LOG:  checkpoint complete: wrote 16 buffers (0.0%); 0 WAL file(s) added, 0 removed, 33 recycled; write=1.508 s, sync=0.456 s, total=1.997 s; sync files=25, longest=0.070 s, average=0.019 s; distance=549402 kB, estimate=549402 kB; lsn=2/578C7538, redo lsn=2/56D1DDA0
2024-07-31 07:04:52.910 CEST [2159024] LOG:  skipping vacuum of "t" --- lock not available
2024-07-31 07:05:24.003 CEST [2158861] LOG:  checkpoint starting: wal
2024-07-31 07:05:26.213 CEST [2158861] LOG:  checkpoint complete: wrote 18 buffers (0.0%); 0 WAL file(s) added, 0 removed, 33 recycled; write=1.708 s, sync=0.470 s, total=2.211 s; sync files=24, longest=0.072 s, average=0.020 s; distance=535356 kB, estimate=547997 kB; lsn=2/793751B0, redo lsn=2/777ECFB0
2024-07-31 07:05:52.927 CEST [2159057] LOG:  skipping vacuum of "t" --- lock not available
2024-07-31 07:06:03.628 CEST [2158861] LOG:  checkpoint starting: wal
2024-07-31 07:06:05.352 CEST [2158861] LOG:  checkpoint complete: wrote 14 buffers (0.0%); 0 WAL file(s) added, 0 removed, 33 recycled; write=1.308 s, sync=0.385 s, total=1.725 s; sync files=24, longest=0.073 s, average=0.016 s; distance=534911 kB, estimate=546689 kB; lsn=2/9AE22720, redo lsn=2/9824CDB8
2024-07-31 07:06:44.247 CEST [2158861] LOG:  checkpoint starting: wal
2024-07-31 07:06:46.142 CEST [2158861] LOG:  checkpoint complete: wrote 14 buffers (0.0%); 0 WAL file(s) added, 0 removed, 33 recycled; write=1.307 s, sync=0.530 s, total=1.895 s; sync files=24, longest=0.099 s, average=0.023 s; distance=554459 kB, estimate=554459 kB; lsn=2/C60325D8, redo lsn=2/B9FC3BC8
2024-07-31 07:06:48.289 CEST [2158861] LOG:  checkpoints are occurring too frequently (4 seconds apart)
2024-07-31 07:06:48.289 CEST [2158861] HINT:  Consider increasing the configuration parameter "max_wal_size".
2024-07-31 07:06:48.289 CEST [2158861] LOG:  checkpoint starting: wal
2024-07-31 07:06:50.665 CEST [2158861] LOG:  checkpoint complete: wrote 24 buffers (0.0%); 0 WAL file(s) added, 0 removed, 34 recycled; write=2.308 s, sync=0.004 s, total=2.376 s; sync files=14, longest=0.002 s, average=0.001 s; distance=541110 kB, estimate=553124 kB; lsn=2/F15AC0D0, redo lsn=2/DB031708
2024-07-31 07:06:51.828 CEST [2158861] LOG:  checkpoints are occurring too frequently (3 seconds apart)
2024-07-31 07:06:51.828 CEST [2158861] HINT:  Consider increasing the configuration parameter "max_wal_size".
2024-07-31 07:06:51.828 CEST [2158861] LOG:  checkpoint starting: wal
2024-07-31 07:06:51.899 CEST [2158861] LOG:  checkpoint complete: wrote 0 buffers (0.0%); 0 WAL file(s) added, 0 removed, 34 recycled; write=0.004 s, sync=0.001 s, total=0.071 s; sync files=0, longest=0.000 s, average=0.000 s; distance=556873 kB, estimate=556873 kB; lsn=2/FD22FFD8, redo lsn=2/FD003D30
2024-07-31 07:06:52.947 CEST [2159075] LOG:  skipping vacuum of "t" --- lock not available
2024-07-31 07:06:55.462 CEST [2158861] LOG:  checkpoints are occurring too frequently (4 seconds apart)
2024-07-31 07:06:55.462 CEST [2158861] HINT:  Consider increasing the configuration parameter "max_wal_size".
2024-07-31 07:06:55.463 CEST [2158861] LOG:  checkpoint starting: wal
2024-07-31 07:06:57.402 CEST [2158861] LOG:  checkpoint complete: wrote 11 buffers (0.0%); 0 WAL file(s) added, 0 removed, 33 recycled; write=1.011 s, sync=0.260 s, total=1.940 s; sync files=6, longest=0.075 s, average=0.044 s; distance=550251 kB, estimate=556211 kB; lsn=3/2803B008, redo lsn=3/1E95EAD0
2024-07-31 07:06:59.506 CEST [2158861] LOG:  checkpoints are occurring too frequently (4 seconds apart)
2024-07-31 07:06:59.506 CEST [2158861] HINT:  Consider increasing the configuration parameter "max_wal_size".
2024-07-31 07:06:59.507 CEST [2158861] LOG:  checkpoint starting: wal
2024-07-31 07:06:59.557 CEST [2158861] LOG:  checkpoint complete: wrote 0 buffers (0.0%); 0 WAL file(s) added, 0 removed, 33 recycled; write=0.004 s, sync=0.001 s, total=0.051 s; sync files=0, longest=0.000 s, average=0.000 s; distance=536605 kB, estimate=554250 kB; lsn=3/3F7D0128, redo lsn=3/3F5661D0
2024-07-31 07:07:02.985 CEST [2158861] LOG:  checkpoints are occurring too frequently (3 seconds apart)
2024-07-31 07:07:02.985 CEST [2158861] HINT:  Consider increasing the configuration parameter "max_wal_size".
2024-07-31 07:07:02.985 CEST [2158861] LOG:  checkpoint starting: wal
2024-07-31 07:07:03.054 CEST [2158861] LOG:  checkpoint complete: wrote 0 buffers (0.0%); 0 WAL file(s) added, 0 removed, 34 recycled; write=0.004 s, sync=0.001 s, total=0.070 s; sync files=0, longest=0.000 s, average=0.000 s; distance=551682 kB, estimate=553993 kB; lsn=3/61290D10, redo lsn=3/61026DB8
2024-07-31 07:07:06.691 CEST [2158861] LOG:  checkpoints are occurring too frequently (4 seconds apart)
2024-07-31 07:07:06.691 CEST [2158861] HINT:  Consider increasing the configuration parameter "max_wal_size".
2024-07-31 07:07:06.691 CEST [2158861] LOG:  checkpoint starting: wal
2024-07-31 07:07:06.753 CEST [2158861] LOG:  checkpoint complete: wrote 0 buffers (0.0%); 0 WAL file(s) added, 0 removed, 33 recycled; write=0.004 s, sync=0.001 s, total=0.062 s; sync files=0, longest=0.000 s, average=0.000 s; distance=548964 kB, estimate=553490 kB; lsn=3/82AE7A20, redo lsn=3/8283FE18
2024-07-31 07:07:10.610 CEST [2158861] LOG:  checkpoints are occurring too frequently (4 seconds apart)
2024-07-31 07:07:10.610 CEST [2158861] HINT:  Consider increasing the configuration parameter "max_wal_size".
2024-07-31 07:07:10.610 CEST [2158861] LOG:  checkpoint starting: wal
2024-07-31 07:07:10.678 CEST [2158861] LOG:  checkpoint complete: wrote 0 buffers (0.0%); 0 WAL file(s) added, 0 removed, 34 recycled; write=0.004 s, sync=0.001 s, total=0.068 s; sync files=0, longest=0.000 s, average=0.000 s; distance=548716 kB, estimate=553013 kB; lsn=3/A4247498, redo lsn=3/A401B1F0
2024-07-31 07:07:16.686 CEST [2158861] LOG:  checkpoints are occurring too frequently (6 seconds apart)
2024-07-31 07:07:16.686 CEST [2158861] HINT:  Consider increasing the configuration parameter "max_wal_size".
2024-07-31 07:07:16.686 CEST [2158861] LOG:  checkpoint starting: wal
2024-07-31 07:07:17.609 CEST [2158861] LOG:  checkpoint complete: wrote 8 buffers (0.0%); 0 WAL file(s) added, 0 removed, 34 recycled; write=0.805 s, sync=0.034 s, total=0.923 s; sync files=5, longest=0.033 s, average=0.007 s; distance=557007 kB, estimate=557007 kB; lsn=3/CC767F30, redo lsn=3/C600F1D8
2024-07-31 07:07:42.109 CEST [2158861] LOG:  checkpoints are occurring too frequently (26 seconds apart)
2024-07-31 07:07:42.109 CEST [2158861] HINT:  Consider increasing the configuration parameter "max_wal_size".
2024-07-31 07:07:42.110 CEST [2158861] LOG:  checkpoint starting: wal
2024-07-31 07:07:43.041 CEST [2158861] LOG:  checkpoint complete: wrote 5 buffers (0.0%); 0 WAL file(s) added, 0 removed, 33 recycled; write=0.505 s, sync=0.393 s, total=0.933 s; sync files=12, longest=0.070 s, average=0.033 s; distance=541174 kB, estimate=555424 kB; lsn=3/E8C431C8, redo lsn=3/E708C9F8
2024-07-31 07:07:52.966 CEST [2159092] LOG:  skipping vacuum of "t" --- lock not available
2024-07-31 07:08:14.914 CEST [2158861] LOG:  checkpoint starting: wal
2024-07-31 07:08:16.267 CEST [2158861] LOG:  checkpoint complete: wrote 8 buffers (0.0%); 0 WAL file(s) added, 0 removed, 33 recycled; write=0.816 s, sync=0.504 s, total=1.353 s; sync files=16, longest=0.069 s, average=0.032 s; distance=551995 kB, estimate=555081 kB; lsn=4/A6E2E50, redo lsn=4/8B9B9B0
2024-07-31 07:08:48.484 CEST [2158861] LOG:  checkpoint starting: wal
2024-07-31 07:08:49.830 CEST [2158861] LOG:  checkpoint complete: wrote 8 buffers (0.0%); 0 WAL file(s) added, 0 removed, 34 recycled; write=0.808 s, sync=0.507 s, total=1.347 s; sync files=15, longest=0.112 s, average=0.034 s; distance=545184 kB, estimate=554091 kB; lsn=4/2C183370, redo lsn=4/2A0039D0
2024-07-31 07:08:52.983 CEST [2159112] LOG:  skipping vacuum of "t" --- lock not available
2024-07-31 07:09:22.857 CEST [2158861] LOG:  checkpoint starting: wal
2024-07-31 07:09:24.406 CEST [2158861] LOG:  checkpoint complete: wrote 10 buffers (0.0%); 0 WAL file(s) added, 0 removed, 33 recycled; write=1.023 s, sync=0.497 s, total=1.550 s; sync files=15, longest=0.071 s, average=0.034 s; distance=551773 kB, estimate=553860 kB; lsn=4/4DC241C0, redo lsn=4/4BADAE68
2024-07-31 07:09:52.987 CEST [2159130] LOG:  skipping vacuum of "t" --- lock not available
2024-07-31 07:09:57.969 CEST [2158861] LOG:  checkpoint starting: wal
2024-07-31 07:09:59.828 CEST [2158861] LOG:  checkpoint complete: wrote 13 buffers (0.0%); 0 WAL file(s) added, 0 removed, 33 recycled; write=1.316 s, sync=0.510 s, total=1.860 s; sync files=15, longest=0.070 s, average=0.034 s; distance=533112 kB, estimate=551785 kB; lsn=4/6F6C5AA8, redo lsn=4/6C379148
2024-07-31 07:10:30.881 CEST [2158861] LOG:  checkpoint starting: wal
2024-07-31 07:10:31.923 CEST [2158861] LOG:  checkpoint complete: wrote 10 buffers (0.0%); 0 WAL file(s) added, 0 removed, 33 recycled; write=1.006 s, sync=0.003 s, total=1.043 s; sync files=14, longest=0.001 s, average=0.001 s; distance=540337 kB, estimate=550640 kB; lsn=4/8D58F670, redo lsn=4/8D325640
2024-07-31 07:10:53.003 CEST [2159148] LOG:  skipping vacuum of "t" --- lock not available
2024-07-31 07:11:07.909 CEST [2158861] LOG:  checkpoint starting: wal
2024-07-31 07:11:09.685 CEST [2158861] LOG:  checkpoint complete: wrote 12 buffers (0.0%); 0 WAL file(s) added, 0 removed, 34 recycled; write=1.281 s, sync=0.451 s, total=1.777 s; sync files=16, longest=0.071 s, average=0.029 s; distance=553974 kB, estimate=553974 kB; lsn=4/AF030148, redo lsn=4/AF023048
2024-07-31 07:11:46.014 CEST [2158861] LOG:  checkpoint starting: wal
2024-07-31 07:11:47.204 CEST [2158861] LOG:  checkpoint complete: wrote 6 buffers (0.0%); 0 WAL file(s) added, 0 removed, 33 recycled; write=0.618 s, sync=0.540 s, total=1.190 s; sync files=15, longest=0.072 s, average=0.036 s; distance=551577 kB, estimate=553734 kB; lsn=4/D0AC99B8, redo lsn=4/D0AC95D0
2024-07-31 07:11:53.023 CEST [2159166] LOG:  skipping vacuum of "t" --- lock not available
2024-07-31 07:12:24.640 CEST [2158861] LOG:  checkpoint starting: wal
2024-07-31 07:12:25.739 CEST [2158861] LOG:  checkpoint complete: wrote 6 buffers (0.0%); 0 WAL file(s) added, 0 removed, 33 recycled; write=0.612 s, sync=0.455 s, total=1.099 s; sync files=15, longest=0.074 s, average=0.031 s; distance=540556 kB, estimate=552416 kB; lsn=4/F2572CC8, redo lsn=4/F1AAC848
2024-07-31 07:12:53.042 CEST [2159184] LOG:  skipping vacuum of "t" --- lock not available
2024-07-31 07:13:04.203 CEST [2158861] LOG:  checkpoint starting: wal
2024-07-31 07:13:05.324 CEST [2158861] LOG:  checkpoint complete: wrote 6 buffers (0.0%); 0 WAL file(s) added, 0 removed, 33 recycled; write=0.625 s, sync=0.465 s, total=1.122 s; sync files=15, longest=0.071 s, average=0.031 s; distance=542336 kB, estimate=551408 kB; lsn=5/140150B0, redo lsn=5/12C4CB58
2024-07-31 07:13:44.725 CEST [2158861] LOG:  checkpoint starting: wal
2024-07-31 07:13:45.918 CEST [2158861] LOG:  checkpoint complete: wrote 7 buffers (0.0%); 0 WAL file(s) added, 0 removed, 33 recycled; write=0.705 s, sync=0.455 s, total=1.194 s; sync files=15, longest=0.069 s, average=0.031 s; distance=535314 kB, estimate=549799 kB; lsn=5/35AB6A40, redo lsn=5/33711510
2024-07-31 07:13:53.062 CEST [2159201] LOG:  skipping vacuum of "t" --- lock not available
2024-07-31 07:14:10.510 CEST [2158861] LOG:  checkpoint starting: immediate force wait
2024-07-31 07:14:11.759 CEST [2158861] LOG:  checkpoint complete: wrote 12304 buffers (4.7%); 0 WAL file(s) added, 0 removed, 23 recycled; write=0.110 s, sync=1.103 s, total=1.250 s; sync files=780, longest=0.650 s, average=0.002 s; distance=381016 kB, estimate=532921 kB; lsn=5/4AB27880, redo lsn=5/4AB27828
2024-07-31 07:15:26.615 CEST [2158860] LOG:  received fast shutdown request
2024-07-31 07:15:26.616 CEST [2158860] LOG:  aborting any active transactions
2024-07-31 07:15:26.617 CEST [2158860] LOG:  background worker "logical replication launcher" (PID 2158866) exited with exit code 1
2024-07-31 07:15:26.620 CEST [2158861] LOG:  shutting down
2024-07-31 07:15:26.621 CEST [2158861] LOG:  checkpoint starting: shutdown immediate
2024-07-31 07:15:26.631 CEST [2158861] LOG:  checkpoint complete: wrote 64 buffers (0.0%); 0 WAL file(s) added, 0 removed, 0 recycled; write=0.004 s, sync=0.003 s, total=0.011 s; sync files=5, longest=0.003 s, average=0.001 s; distance=206 kB, estimate=479649 kB; lsn=5/4AB5B290, redo lsn=5/4AB5B290
2024-07-31 07:15:27.037 CEST [2158860] LOG:  database system is shut down
