2024-07-30 16:57:32.489 BST [15005] LOG:  starting PostgreSQL 18devel on armv8l-unknown-linux-gnueabihf, compiled by gcc (Raspbian 12.2.0-14+rpi1) 12.2.0, 32-bit
2024-07-30 16:57:32.489 BST [15005] LOG:  listening on IPv6 address "::1", port 5432
2024-07-30 16:57:32.489 BST [15005] LOG:  listening on IPv4 address "127.0.0.1", port 5432
2024-07-30 16:57:32.523 BST [15005] LOG:  listening on Unix socket "/tmp/.s.PGSQL.5432"
2024-07-30 16:57:32.526 BST [15009] LOG:  database system was shut down at 2024-07-30 16:57:29 BST
2024-07-30 16:57:32.533 BST [15005] LOG:  database system is ready to accept connections
2024-07-30 16:57:46.315 BST [15007] LOG:  checkpoints are occurring too frequently (14 seconds apart)
2024-07-30 16:57:46.315 BST [15007] HINT:  Consider increasing the configuration parameter "max_wal_size".
2024-07-30 16:57:46.315 BST [15007] LOG:  checkpoint starting: wal
2024-07-30 16:58:42.156 BST [15007] LOG:  checkpoint complete: wrote 60435 buffers (46.1%); 0 WAL file(s) added, 0 removed, 33 recycled; write=53.834 s, sync=1.771 s, total=55.841 s; sync files=787, longest=0.076 s, average=0.003 s; distance=537502 kB, estimate=537502 kB; lsn=0/406C5198, redo lsn=0/221CD788
2024-07-30 16:58:46.545 BST [15007] LOG:  checkpoint starting: wal
2024-07-30 16:58:49.828 BST [15007] LOG:  checkpoint complete: wrote 29 buffers (0.0%); 0 WAL file(s) added, 0 removed, 33 recycled; write=2.838 s, sync=0.310 s, total=3.283 s; sync files=30, longest=0.025 s, average=0.011 s; distance=539514 kB, estimate=539514 kB; lsn=0/448AF998, redo lsn=0/430AC280
2024-07-30 16:59:02.363 BST [15007] LOG:  checkpoints are occurring too frequently (16 seconds apart)
2024-07-30 16:59:02.363 BST [15007] HINT:  Consider increasing the configuration parameter "max_wal_size".
2024-07-30 16:59:02.363 BST [15007] LOG:  checkpoint starting: wal
2024-07-30 16:59:08.152 BST [15007] LOG:  checkpoint complete: wrote 45 buffers (0.0%); 0 WAL file(s) added, 0 removed, 33 recycled; write=4.459 s, sync=1.143 s, total=5.790 s; sync files=39, longest=1.075 s, average=0.030 s; distance=541076 kB, estimate=541076 kB; lsn=0/675E9CD0, redo lsn=0/64111488
2024-07-30 16:59:32.616 BST [15194] LOG:  skipping vacuum of "t" --- lock not available
2024-07-30 17:00:01.937 BST [15007] LOG:  checkpoint starting: wal
2024-07-30 17:00:15.560 BST [15007] LOG:  checkpoint complete: wrote 125 buffers (0.1%); 0 WAL file(s) added, 0 removed, 33 recycled; write=10.796 s, sync=2.705 s, total=13.623 s; sync files=877, longest=0.995 s, average=0.004 s; distance=540264 kB, estimate=540995 kB; lsn=0/89864740, redo lsn=0/850AB7E0
2024-07-30 17:00:15.560 BST [15007] LOG:  checkpoint starting: immediate force wait
2024-07-30 17:00:16.399 BST [15007] LOG:  checkpoint complete: wrote 8188 buffers (6.2%); 0 WAL file(s) added, 0 removed, 4 recycled; write=0.084 s, sync=0.703 s, total=0.840 s; sync files=451, longest=0.098 s, average=0.002 s; distance=73443 kB, estimate=494240 kB; lsn=0/89864810, redo lsn=0/898647B8
2024-07-30 17:01:36.120 BST [15005] LOG:  received fast shutdown request
2024-07-30 17:01:36.122 BST [15005] LOG:  aborting any active transactions
2024-07-30 17:01:36.123 BST [15005] LOG:  background worker "logical replication launcher" (PID 15012) exited with exit code 1
2024-07-30 17:01:36.124 BST [15007] LOG:  shutting down
2024-07-30 17:01:36.125 BST [15007] LOG:  checkpoint starting: shutdown immediate
2024-07-30 17:01:36.147 BST [15007] LOG:  checkpoint complete: wrote 64 buffers (0.0%); 0 WAL file(s) added, 0 removed, 0 recycled; write=0.010 s, sync=0.007 s, total=0.024 s; sync files=5, longest=0.002 s, average=0.002 s; distance=208 kB, estimate=444837 kB; lsn=0/898989E0, redo lsn=0/898989E0
2024-07-30 17:01:36.361 BST [15005] LOG:  database system is shut down
