2024-08-01 22:39:07.263 CEST [3569611] LOG:  starting PostgreSQL 18devel on x86_64-pc-linux-gnu, compiled by gcc (Debian 12.2.0-14) 12.2.0, 64-bit
2024-08-01 22:39:07.263 CEST [3569611] LOG:  listening on IPv6 address "::1", port 5432
2024-08-01 22:39:07.263 CEST [3569611] LOG:  listening on IPv4 address "127.0.0.1", port 5432
2024-08-01 22:39:07.265 CEST [3569611] LOG:  listening on Unix socket "/tmp/.s.PGSQL.5432"
2024-08-01 22:39:07.268 CEST [3569614] LOG:  database system was shut down at 2024-08-01 22:39:06 CEST
2024-08-01 22:39:07.272 CEST [3569611] LOG:  database system is ready to accept connections
2024-08-01 22:39:17.657 CEST [3569612] LOG:  checkpoints are occurring too frequently (10 seconds apart)
2024-08-01 22:39:17.657 CEST [3569612] HINT:  Consider increasing the configuration parameter "max_wal_size".
2024-08-01 22:39:17.657 CEST [3569612] LOG:  checkpoint starting: wal
2024-08-01 22:39:26.472 CEST [3569612] LOG:  checkpoint complete: wrote 31644 buffers (12.1%); 0 WAL file(s) added, 1 removed, 32 recycled; write=8.451 s, sync=0.272 s, total=8.815 s; sync files=309, longest=0.132 s, average=0.001 s; distance=549937 kB, estimate=549937 kB; lsn=0/41EEF750, redo lsn=0/22DF7A10
2024-08-01 22:39:26.861 CEST [3569612] LOG:  checkpoints are occurring too frequently (9 seconds apart)
2024-08-01 22:39:26.861 CEST [3569612] HINT:  Consider increasing the configuration parameter "max_wal_size".
2024-08-01 22:39:26.862 CEST [3569612] LOG:  checkpoint starting: wal
2024-08-01 22:39:35.525 CEST [3569612] LOG:  checkpoint complete: wrote 30219 buffers (11.5%); 0 WAL file(s) added, 2 removed, 31 recycled; write=8.176 s, sync=0.404 s, total=8.664 s; sync files=5, longest=0.233 s, average=0.081 s; distance=537268 kB, estimate=548670 kB; lsn=0/6385ABF8, redo lsn=0/43AA4A88
2024-08-01 22:39:35.625 CEST [3569612] LOG:  checkpoints are occurring too frequently (9 seconds apart)
2024-08-01 22:39:35.625 CEST [3569612] HINT:  Consider increasing the configuration parameter "max_wal_size".
2024-08-01 22:39:35.625 CEST [3569612] LOG:  checkpoint starting: wal
2024-08-01 22:39:43.779 CEST [3569612] LOG:  checkpoint complete: wrote 27588 buffers (10.5%); 0 WAL file(s) added, 0 removed, 34 recycled; write=7.624 s, sync=0.491 s, total=8.154 s; sync files=386, longest=0.193 s, average=0.002 s; distance=546283 kB, estimate=548431 kB; lsn=0/79379DC0, redo lsn=0/6501F6F8
2024-08-01 22:39:43.779 CEST [3569612] LOG:  checkpoint starting: immediate force wait
2024-08-01 22:39:44.180 CEST [3569612] LOG:  checkpoint complete: wrote 44982 buffers (17.2%); 0 WAL file(s) added, 0 removed, 20 recycled; write=0.345 s, sync=0.023 s, total=0.401 s; sync files=154, longest=0.002 s, average=0.001 s; distance=331113 kB, estimate=526699 kB; lsn=0/79379E90, redo lsn=0/79379E38
2024-08-01 22:40:54.408 CEST [3569611] LOG:  received fast shutdown request
2024-08-01 22:40:54.409 CEST [3569611] LOG:  aborting any active transactions
2024-08-01 22:40:54.410 CEST [3569611] LOG:  background worker "logical replication launcher" (PID 3569617) exited with exit code 1
2024-08-01 22:40:54.412 CEST [3569612] LOG:  shutting down
2024-08-01 22:40:54.412 CEST [3569612] LOG:  checkpoint starting: shutdown immediate
2024-08-01 22:40:54.424 CEST [3569612] LOG:  checkpoint complete: wrote 53 buffers (0.0%); 0 WAL file(s) added, 0 removed, 0 recycled; write=0.005 s, sync=0.003 s, total=0.013 s; sync files=12, longest=0.001 s, average=0.001 s; distance=260 kB, estimate=474056 kB; lsn=0/793BB098, redo lsn=0/793BB098
2024-08-01 22:40:54.681 CEST [3569611] LOG:  database system is shut down
