2024-07-30 16:48:07.811 BST [26873] LOG:  starting PostgreSQL 18devel on armv8l-unknown-linux-gnueabihf, compiled by gcc (Raspbian 12.2.0-14+rpi1) 12.2.0, 32-bit
2024-07-30 16:48:07.812 BST [26873] LOG:  listening on IPv6 address "::1", port 5432
2024-07-30 16:48:07.812 BST [26873] LOG:  listening on IPv4 address "127.0.0.1", port 5432
2024-07-30 16:48:07.819 BST [26873] LOG:  listening on Unix socket "/tmp/.s.PGSQL.5432"
2024-07-30 16:48:07.822 BST [26876] LOG:  database system was shut down at 2024-07-30 16:48:05 BST
2024-07-30 16:48:07.828 BST [26873] LOG:  database system is ready to accept connections
2024-07-30 16:48:21.440 BST [26874] LOG:  checkpoints are occurring too frequently (14 seconds apart)
2024-07-30 16:48:21.440 BST [26874] HINT:  Consider increasing the configuration parameter "max_wal_size".
2024-07-30 16:48:21.440 BST [26874] LOG:  checkpoint starting: wal
2024-07-30 16:49:17.479 BST [26874] LOG:  checkpoint complete: wrote 60435 buffers (46.1%); 0 WAL file(s) added, 0 removed, 33 recycled; write=54.121 s, sync=1.676 s, total=56.039 s; sync files=787, longest=0.065 s, average=0.003 s; distance=537502 kB, estimate=537502 kB; lsn=0/406C5198, redo lsn=0/221CD788
2024-07-30 16:49:21.783 BST [26874] LOG:  checkpoint starting: wal
2024-07-30 16:49:25.077 BST [26874] LOG:  checkpoint complete: wrote 29 buffers (0.0%); 0 WAL file(s) added, 0 removed, 33 recycled; write=2.847 s, sync=0.308 s, total=3.294 s; sync files=30, longest=0.025 s, average=0.011 s; distance=539514 kB, estimate=539514 kB; lsn=0/448AF998, redo lsn=0/430AC280
2024-07-30 16:49:37.617 BST [26874] LOG:  checkpoints are occurring too frequently (16 seconds apart)
2024-07-30 16:49:37.617 BST [26874] HINT:  Consider increasing the configuration parameter "max_wal_size".
2024-07-30 16:49:37.617 BST [26874] LOG:  checkpoint starting: wal
2024-07-30 16:49:43.417 BST [26874] LOG:  checkpoint complete: wrote 45 buffers (0.0%); 0 WAL file(s) added, 0 removed, 33 recycled; write=4.475 s, sync=1.150 s, total=5.801 s; sync files=39, longest=1.069 s, average=0.030 s; distance=541076 kB, estimate=541076 kB; lsn=0/6750E608, redo lsn=0/64111488
2024-07-30 16:50:07.876 BST [27071] LOG:  skipping vacuum of "t" --- lock not available
2024-07-30 16:50:35.921 BST [26874] LOG:  checkpoint starting: wal
2024-07-30 16:50:48.883 BST [26874] LOG:  checkpoint complete: wrote 125 buffers (0.1%); 0 WAL file(s) added, 0 removed, 33 recycled; write=10.404 s, sync=2.445 s, total=12.962 s; sync files=877, longest=1.029 s, average=0.003 s; distance=540264 kB, estimate=540995 kB; lsn=0/89863E08, redo lsn=0/850AB808
2024-07-30 16:50:48.883 BST [26874] LOG:  checkpoint starting: immediate force wait
2024-07-30 16:50:49.718 BST [26874] LOG:  checkpoint complete: wrote 8198 buffers (6.3%); 0 WAL file(s) added, 0 removed, 4 recycled; write=0.120 s, sync=0.665 s, total=0.835 s; sync files=454, longest=0.056 s, average=0.002 s; distance=73441 kB, estimate=494239 kB; lsn=0/89863ED8, redo lsn=0/89863E80
2024-07-30 16:52:09.268 BST [26873] LOG:  received fast shutdown request
2024-07-30 16:52:09.269 BST [26873] LOG:  aborting any active transactions
2024-07-30 16:52:09.270 BST [26873] LOG:  background worker "logical replication launcher" (PID 26879) exited with exit code 1
2024-07-30 16:52:09.272 BST [26874] LOG:  shutting down
2024-07-30 16:52:09.274 BST [26874] LOG:  checkpoint starting: shutdown immediate
2024-07-30 16:52:09.295 BST [26874] LOG:  checkpoint complete: wrote 64 buffers (0.0%); 0 WAL file(s) added, 0 removed, 0 recycled; write=0.010 s, sync=0.007 s, total=0.024 s; sync files=5, longest=0.002 s, average=0.002 s; distance=208 kB, estimate=444836 kB; lsn=0/898980C0, redo lsn=0/898980C0
2024-07-30 16:52:09.564 BST [26873] LOG:  database system is shut down
