2024-07-30 14:09:15.692 CEST [2907534] LOG:  starting PostgreSQL 18devel on x86_64-pc-linux-gnu, compiled by gcc (Debian 12.2.0-14) 12.2.0, 64-bit
2024-07-30 14:09:15.693 CEST [2907534] LOG:  listening on IPv6 address "::1", port 5432
2024-07-30 14:09:15.693 CEST [2907534] LOG:  listening on IPv4 address "127.0.0.1", port 5432
2024-07-30 14:09:15.706 CEST [2907534] LOG:  listening on Unix socket "/tmp/.s.PGSQL.5432"
2024-07-30 14:09:15.708 CEST [2907537] LOG:  database system was shut down at 2024-07-30 14:09:14 CEST
2024-07-30 14:09:15.712 CEST [2907534] LOG:  database system is ready to accept connections
2024-07-30 14:09:27.941 CEST [2907535] LOG:  checkpoints are occurring too frequently (12 seconds apart)
2024-07-30 14:09:27.941 CEST [2907535] HINT:  Consider increasing the configuration parameter "max_wal_size".
2024-07-30 14:09:27.941 CEST [2907535] LOG:  checkpoint starting: wal
2024-07-30 14:09:40.774 CEST [2907535] LOG:  checkpoint complete: wrote 6830 buffers (2.6%); 0 WAL file(s) added, 3 removed, 30 recycled; write=11.400 s, sync=1.362 s, total=12.833 s; sync files=803, longest=0.017 s, average=0.002 s; distance=537539 kB, estimate=537539 kB; lsn=0/43375660, redo lsn=0/221DC058
2024-07-30 14:09:40.774 CEST [2907535] LOG:  checkpoints are occurring too frequently (13 seconds apart)
2024-07-30 14:09:40.774 CEST [2907535] HINT:  Consider increasing the configuration parameter "max_wal_size".
2024-07-30 14:09:40.774 CEST [2907535] LOG:  checkpoint starting: wal
2024-07-30 14:09:46.083 CEST [2907535] LOG:  checkpoint complete: wrote 50 buffers (0.0%); 0 WAL file(s) added, 0 removed, 33 recycled; write=4.921 s, sync=0.355 s, total=5.309 s; sync files=158, longest=0.008 s, average=0.003 s; distance=542311 kB, estimate=542311 kB; lsn=0/51E3E0A8, redo lsn=0/43375C60
2024-07-30 14:09:52.708 CEST [2907535] LOG:  checkpoints are occurring too frequently (12 seconds apart)
2024-07-30 14:09:52.708 CEST [2907535] HINT:  Consider increasing the configuration parameter "max_wal_size".
2024-07-30 14:09:52.708 CEST [2907535] LOG:  checkpoint starting: wal
2024-07-30 14:09:58.362 CEST [2907535] LOG:  checkpoint complete: wrote 50 buffers (0.0%); 0 WAL file(s) added, 0 removed, 33 recycled; write=4.920 s, sync=0.696 s, total=5.655 s; sync files=285, longest=0.009 s, average=0.003 s; distance=538342 kB, estimate=541914 kB; lsn=0/7379F670, redo lsn=0/6412F6E8
2024-07-30 14:10:02.584 CEST [2907535] LOG:  checkpoint starting: immediate force wait
2024-07-30 14:10:02.874 CEST [2907535] LOG:  checkpoint complete: wrote 188 buffers (0.1%); 0 WAL file(s) added, 0 removed, 26 recycled; write=0.007 s, sync=0.255 s, total=0.291 s; sync files=133, longest=0.008 s, average=0.002 s; distance=425836 kB, estimate=530306 kB; lsn=0/7E10A9C8, redo lsn=0/7E10A970
2024-07-30 14:11:13.076 CEST [2907534] LOG:  received fast shutdown request
2024-07-30 14:11:13.076 CEST [2907534] LOG:  aborting any active transactions
2024-07-30 14:11:13.077 CEST [2907534] LOG:  background worker "logical replication launcher" (PID 2907540) exited with exit code 1
2024-07-30 14:11:13.080 CEST [2907535] LOG:  shutting down
2024-07-30 14:11:13.081 CEST [2907535] LOG:  checkpoint starting: shutdown immediate
2024-07-30 14:11:13.088 CEST [2907535] LOG:  checkpoint complete: wrote 53 buffers (0.0%); 0 WAL file(s) added, 0 removed, 0 recycled; write=0.005 s, sync=0.002 s, total=0.008 s; sync files=12, longest=0.001 s, average=0.001 s; distance=294 kB, estimate=477305 kB; lsn=0/7E154260, redo lsn=0/7E154260
2024-07-30 14:11:13.307 CEST [2907534] LOG:  database system is shut down
