2024-08-01 16:14:53.172 CEST [2997596] LOG:  starting PostgreSQL 18devel on x86_64-pc-linux-gnu, compiled by gcc (Debian 12.2.0-14) 12.2.0, 64-bit
2024-08-01 16:14:53.172 CEST [2997596] LOG:  listening on IPv6 address "::1", port 5432
2024-08-01 16:14:53.172 CEST [2997596] LOG:  listening on IPv4 address "127.0.0.1", port 5432
2024-08-01 16:14:53.174 CEST [2997596] LOG:  listening on Unix socket "/tmp/.s.PGSQL.5432"
2024-08-01 16:14:53.176 CEST [2997599] LOG:  database system was shut down at 2024-08-01 16:14:51 CEST
2024-08-01 16:14:53.179 CEST [2997596] LOG:  database system is ready to accept connections
2024-08-01 16:15:01.776 CEST [2997597] LOG:  checkpoints are occurring too frequently (8 seconds apart)
2024-08-01 16:15:01.776 CEST [2997597] HINT:  Consider increasing the configuration parameter "max_wal_size".
2024-08-01 16:15:01.777 CEST [2997597] LOG:  checkpoint starting: wal
2024-08-01 16:15:09.409 CEST [2997597] LOG:  checkpoint complete: wrote 54922 buffers (21.0%); 0 WAL file(s) added, 1 removed, 32 recycled; write=6.925 s, sync=0.641 s, total=7.633 s; sync files=707, longest=0.415 s, average=0.001 s; distance=544875 kB, estimate=544875 kB; lsn=0/419DD768, redo lsn=0/229062E0
2024-08-01 16:15:09.785 CEST [2997597] LOG:  checkpoints are occurring too frequently (8 seconds apart)
2024-08-01 16:15:09.785 CEST [2997597] HINT:  Consider increasing the configuration parameter "max_wal_size".
2024-08-01 16:15:09.785 CEST [2997597] LOG:  checkpoint starting: wal
2024-08-01 16:15:16.115 CEST [2997597] LOG:  checkpoint complete: wrote 61517 buffers (23.5%); 0 WAL file(s) added, 1 removed, 33 recycled; write=5.867 s, sync=0.380 s, total=6.330 s; sync files=4, longest=0.226 s, average=0.095 s; distance=547827 kB, estimate=547827 kB; lsn=0/62FC89A8, redo lsn=0/44002F58
2024-08-01 16:15:16.517 CEST [2997597] LOG:  checkpoints are occurring too frequently (7 seconds apart)
2024-08-01 16:15:16.517 CEST [2997597] HINT:  Consider increasing the configuration parameter "max_wal_size".
2024-08-01 16:15:16.521 CEST [2997597] LOG:  checkpoint starting: wal
2024-08-01 16:15:22.851 CEST [2997597] LOG:  checkpoint complete: wrote 60816 buffers (23.2%); 0 WAL file(s) added, 0 removed, 33 recycled; write=5.932 s, sync=0.356 s, total=6.334 s; sync files=4, longest=0.343 s, average=0.089 s; distance=541300 kB, estimate=547174 kB; lsn=0/834D9508, redo lsn=0/650A01F8
2024-08-01 16:15:23.510 CEST [2997597] LOG:  checkpoints are occurring too frequently (7 seconds apart)
2024-08-01 16:15:23.510 CEST [2997597] HINT:  Consider increasing the configuration parameter "max_wal_size".
2024-08-01 16:15:23.510 CEST [2997597] LOG:  checkpoint starting: wal
2024-08-01 16:15:29.870 CEST [2997597] LOG:  checkpoint complete: wrote 62432 buffers (23.8%); 0 WAL file(s) added, 2 removed, 31 recycled; write=5.900 s, sync=0.396 s, total=6.360 s; sync files=4, longest=0.285 s, average=0.099 s; distance=555802 kB, estimate=555802 kB; lsn=0/A6002320, redo lsn=0/86F66D88
2024-08-01 16:15:30.070 CEST [2997597] LOG:  checkpoints are occurring too frequently (7 seconds apart)
2024-08-01 16:15:30.070 CEST [2997597] HINT:  Consider increasing the configuration parameter "max_wal_size".
2024-08-01 16:15:30.073 CEST [2997597] LOG:  checkpoint starting: wal
2024-08-01 16:15:36.229 CEST [2997597] LOG:  checkpoint complete: wrote 59513 buffers (22.7%); 0 WAL file(s) added, 0 removed, 33 recycled; write=5.691 s, sync=0.419 s, total=6.160 s; sync files=4, longest=0.394 s, average=0.105 s; distance=530196 kB, estimate=553242 kB; lsn=0/C5AA4F68, redo lsn=0/A752C0C0
2024-08-01 16:15:36.631 CEST [2997597] LOG:  checkpoints are occurring too frequently (6 seconds apart)
2024-08-01 16:15:36.631 CEST [2997597] HINT:  Consider increasing the configuration parameter "max_wal_size".
2024-08-01 16:15:36.634 CEST [2997597] LOG:  checkpoint starting: wal
2024-08-01 16:15:42.776 CEST [2997597] LOG:  checkpoint complete: wrote 60339 buffers (23.0%); 0 WAL file(s) added, 0 removed, 33 recycled; write=5.706 s, sync=0.376 s, total=6.145 s; sync files=3, longest=0.371 s, average=0.126 s; distance=537160 kB, estimate=551634 kB; lsn=0/E66AECC0, redo lsn=0/C81BE130
2024-08-01 16:15:43.408 CEST [2997597] LOG:  checkpoints are occurring too frequently (7 seconds apart)
2024-08-01 16:15:43.408 CEST [2997597] HINT:  Consider increasing the configuration parameter "max_wal_size".
2024-08-01 16:15:43.409 CEST [2997597] LOG:  checkpoint starting: wal
2024-08-01 16:15:49.696 CEST [2997597] LOG:  checkpoint complete: wrote 62302 buffers (23.8%); 0 WAL file(s) added, 2 removed, 31 recycled; write=5.835 s, sync=0.356 s, total=6.288 s; sync files=4, longest=0.338 s, average=0.089 s; distance=554529 kB, estimate=554529 kB; lsn=1/90000C0, redo lsn=0/E9F467E0
2024-08-01 16:15:49.893 CEST [2997597] LOG:  checkpoints are occurring too frequently (6 seconds apart)
2024-08-01 16:15:49.893 CEST [2997597] HINT:  Consider increasing the configuration parameter "max_wal_size".
2024-08-01 16:15:49.897 CEST [2997597] LOG:  checkpoint starting: wal
2024-08-01 16:15:56.114 CEST [2997597] LOG:  checkpoint complete: wrote 59212 buffers (22.6%); 0 WAL file(s) added, 0 removed, 33 recycled; write=5.798 s, sync=0.366 s, total=6.221 s; sync files=3, longest=0.364 s, average=0.122 s; distance=527150 kB, estimate=551791 kB; lsn=1/28EA43E8, redo lsn=1/A212188
2024-08-01 16:15:56.544 CEST [2997597] LOG:  checkpoints are occurring too frequently (7 seconds apart)
2024-08-01 16:15:56.544 CEST [2997597] HINT:  Consider increasing the configuration parameter "max_wal_size".
2024-08-01 16:15:56.546 CEST [2997597] LOG:  checkpoint starting: wal
2024-08-01 16:16:09.543 CEST [2997597] LOG:  checkpoint complete: wrote 61275 buffers (23.4%); 0 WAL file(s) added, 1 removed, 32 recycled; write=9.727 s, sync=3.238 s, total=12.999 s; sync files=8, longest=1.155 s, average=0.405 s; distance=546048 kB, estimate=551217 kB; lsn=1/4A11A080, redo lsn=1/2B752320
2024-08-01 16:16:11.172 CEST [2997597] LOG:  checkpoints are occurring too frequently (15 seconds apart)
2024-08-01 16:16:11.172 CEST [2997597] HINT:  Consider increasing the configuration parameter "max_wal_size".
2024-08-01 16:16:11.172 CEST [2997597] LOG:  checkpoint starting: wal
2024-08-01 16:16:44.303 CEST [2997597] LOG:  checkpoint complete: wrote 248513 buffers (94.8%); 0 WAL file(s) added, 1 removed, 32 recycled; write=32.066 s, sync=1.031 s, total=33.132 s; sync files=32, longest=0.132 s, average=0.033 s; distance=548961 kB, estimate=550991 kB; lsn=1/6BC053E8, redo lsn=1/4CF6A898
2024-08-01 16:16:47.014 CEST [2997597] LOG:  checkpoint starting: wal
2024-08-01 16:16:53.095 CEST [2997597] LOG:  checkpoint complete: wrote 60 buffers (0.0%); 0 WAL file(s) added, 0 removed, 33 recycled; write=5.920 s, sync=0.128 s, total=6.084 s; sync files=28, longest=0.120 s, average=0.005 s; distance=530116 kB, estimate=548904 kB; lsn=1/733C3930, redo lsn=1/6D51BB60
2024-08-01 16:16:53.261 CEST [2997697] LOG:  skipping vacuum of "t" --- lock not available
2024-08-01 16:17:23.924 CEST [2997597] LOG:  checkpoint starting: wal
2024-08-01 16:17:53.280 CEST [2997718] LOG:  skipping vacuum of "t" --- lock not available
2024-08-01 16:17:57.499 CEST [2997597] LOG:  checkpoint complete: wrote 755 buffers (0.3%); 0 WAL file(s) added, 1 removed, 32 recycled; write=32.793 s, sync=0.726 s, total=33.576 s; sync files=342, longest=0.129 s, average=0.003 s; distance=550888 kB, estimate=550888 kB; lsn=1/AD6835C8, redo lsn=1/8EF15E48
2024-08-01 16:17:57.872 CEST [2997597] LOG:  checkpoint starting: wal
2024-08-01 16:18:07.795 CEST [2997597] LOG:  checkpoint complete: wrote 97 buffers (0.0%); 0 WAL file(s) added, 0 removed, 33 recycled; write=9.628 s, sync=0.270 s, total=9.927 s; sync files=30, longest=0.098 s, average=0.009 s; distance=528568 kB, estimate=548656 kB; lsn=1/B6B054B8, redo lsn=1/AF343FE8
2024-08-01 16:18:36.608 CEST [2997597] LOG:  checkpoint starting: wal
2024-08-01 16:18:39.152 CEST [2997597] LOG:  checkpoint complete: wrote 20 buffers (0.0%); 0 WAL file(s) added, 0 removed, 33 recycled; write=1.910 s, sync=0.602 s, total=2.545 s; sync files=24, longest=0.110 s, average=0.026 s; distance=548964 kB, estimate=548964 kB; lsn=1/D0E05478, redo lsn=1/D0B5D1A8
2024-08-01 16:18:53.300 CEST [2997735] LOG:  skipping vacuum of "t" --- lock not available
2024-08-01 16:19:15.714 CEST [2997597] LOG:  checkpoint starting: wal
2024-08-01 16:19:18.317 CEST [2997597] LOG:  checkpoint complete: wrote 20 buffers (0.0%); 0 WAL file(s) added, 0 removed, 33 recycled; write=1.911 s, sync=0.667 s, total=2.605 s; sync files=26, longest=0.110 s, average=0.026 s; distance=535818 kB, estimate=547649 kB; lsn=1/F28B9470, redo lsn=1/F169FA68
2024-08-01 16:19:53.320 CEST [2997752] LOG:  skipping vacuum of "t" --- lock not available
2024-08-01 16:19:55.466 CEST [2997597] LOG:  checkpoint starting: wal
2024-08-01 16:19:57.999 CEST [2997597] LOG:  checkpoint complete: wrote 19 buffers (0.0%); 0 WAL file(s) added, 0 removed, 33 recycled; write=1.811 s, sync=0.695 s, total=2.537 s; sync files=26, longest=0.111 s, average=0.027 s; distance=535823 kB, estimate=546467 kB; lsn=2/1436E918, redo lsn=2/121E3960
2024-08-01 16:20:35.820 CEST [2997597] LOG:  checkpoint starting: wal
2024-08-01 16:20:38.202 CEST [2997597] LOG:  checkpoint complete: wrote 18 buffers (0.0%); 0 WAL file(s) added, 0 removed, 33 recycled; write=1.711 s, sync=0.643 s, total=2.383 s; sync files=27, longest=0.145 s, average=0.024 s; distance=550947 kB, estimate=550947 kB; lsn=2/35E1A0E0, redo lsn=2/33BEC718
2024-08-01 16:20:53.339 CEST [2997768] LOG:  skipping vacuum of "t" --- lock not available
2024-08-01 16:21:16.894 CEST [2997597] LOG:  checkpoint starting: wal
2024-08-01 16:21:19.145 CEST [2997597] LOG:  checkpoint complete: wrote 16 buffers (0.0%); 0 WAL file(s) added, 0 removed, 33 recycled; write=1.510 s, sync=0.714 s, total=2.251 s; sync files=25, longest=0.112 s, average=0.029 s; distance=539083 kB, estimate=549761 kB; lsn=2/578C5100, redo lsn=2/54A5F3A8
2024-08-01 16:21:53.359 CEST [2997784] LOG:  skipping vacuum of "t" --- lock not available
2024-08-01 16:21:55.023 CEST [2997597] LOG:  checkpoint starting: wal
2024-08-01 16:21:57.410 CEST [2997597] LOG:  checkpoint complete: wrote 18 buffers (0.0%); 0 WAL file(s) added, 0 removed, 33 recycled; write=1.710 s, sync=0.641 s, total=2.387 s; sync files=23, longest=0.153 s, average=0.028 s; distance=537769 kB, estimate=548561 kB; lsn=2/7579A5A8, redo lsn=2/75789AC8
2024-08-01 16:22:37.726 CEST [2997597] LOG:  checkpoint starting: wal
2024-08-01 16:22:39.644 CEST [2997597] LOG:  checkpoint complete: wrote 14 buffers (0.0%); 0 WAL file(s) added, 0 removed, 33 recycled; write=1.309 s, sync=0.587 s, total=1.920 s; sync files=24, longest=0.106 s, average=0.025 s; distance=546306 kB, estimate=548336 kB; lsn=2/97247818, redo lsn=2/96D0A5F0
2024-08-01 16:22:53.379 CEST [2997801] LOG:  skipping vacuum of "t" --- lock not available
2024-08-01 16:23:21.419 CEST [2997597] LOG:  checkpoint starting: wal
2024-08-01 16:23:24.215 CEST [2997597] LOG:  checkpoint complete: wrote 23 buffers (0.0%); 0 WAL file(s) added, 0 removed, 33 recycled; write=2.212 s, sync=0.555 s, total=2.798 s; sync files=27, longest=0.155 s, average=0.021 s; distance=538263 kB, estimate=547329 kB; lsn=2/B8D03650, redo lsn=2/B7AB0430
2024-08-01 16:23:29.608 CEST [2997597] LOG:  checkpoints are occurring too frequently (8 seconds apart)
2024-08-01 16:23:29.608 CEST [2997597] HINT:  Consider increasing the configuration parameter "max_wal_size".
2024-08-01 16:23:29.608 CEST [2997597] LOG:  checkpoint starting: wal
2024-08-01 16:23:33.226 CEST [2997597] LOG:  checkpoint complete: wrote 26 buffers (0.0%); 0 WAL file(s) added, 0 removed, 34 recycled; write=2.512 s, sync=1.062 s, total=3.619 s; sync files=17, longest=0.970 s, average=0.063 s; distance=546279 kB, estimate=547224 kB; lsn=2/F4BD0BF8, redo lsn=2/D902A400
2024-08-01 16:23:33.999 CEST [2997597] LOG:  checkpoints are occurring too frequently (4 seconds apart)
2024-08-01 16:23:33.999 CEST [2997597] HINT:  Consider increasing the configuration parameter "max_wal_size".
2024-08-01 16:23:33.999 CEST [2997597] LOG:  checkpoint starting: wal
2024-08-01 16:23:34.059 CEST [2997597] LOG:  checkpoint complete: wrote 0 buffers (0.0%); 0 WAL file(s) added, 0 removed, 34 recycled; write=0.005 s, sync=0.001 s, total=0.060 s; sync files=0, longest=0.000 s, average=0.000 s; distance=557120 kB, estimate=557120 kB; lsn=2/FB31FF78, redo lsn=2/FB03A6D8
2024-08-01 16:23:37.405 CEST [2997597] LOG:  checkpoints are occurring too frequently (4 seconds apart)
2024-08-01 16:23:37.405 CEST [2997597] HINT:  Consider increasing the configuration parameter "max_wal_size".
2024-08-01 16:23:37.406 CEST [2997597] LOG:  checkpoint starting: wal
2024-08-01 16:23:37.469 CEST [2997597] LOG:  checkpoint complete: wrote 0 buffers (0.0%); 0 WAL file(s) added, 0 removed, 33 recycled; write=0.006 s, sync=0.001 s, total=0.064 s; sync files=0, longest=0.000 s, average=0.000 s; distance=552424 kB, estimate=556651 kB; lsn=3/1CF91420, redo lsn=3/1CBB48C0
2024-08-01 16:23:40.755 CEST [2997597] LOG:  checkpoints are occurring too frequently (3 seconds apart)
2024-08-01 16:23:40.755 CEST [2997597] HINT:  Consider increasing the configuration parameter "max_wal_size".
2024-08-01 16:23:40.755 CEST [2997597] LOG:  checkpoint starting: wal
2024-08-01 16:23:40.810 CEST [2997597] LOG:  checkpoint complete: wrote 0 buffers (0.0%); 0 WAL file(s) added, 0 removed, 34 recycled; write=0.006 s, sync=0.001 s, total=0.056 s; sync files=0, longest=0.000 s, average=0.000 s; distance=545256 kB, estimate=555511 kB; lsn=3/3E352078, redo lsn=3/3E02EB10
2024-08-01 16:23:44.167 CEST [2997597] LOG:  checkpoints are occurring too frequently (4 seconds apart)
2024-08-01 16:23:44.167 CEST [2997597] HINT:  Consider increasing the configuration parameter "max_wal_size".
2024-08-01 16:23:44.167 CEST [2997597] LOG:  checkpoint starting: wal
2024-08-01 16:23:44.223 CEST [2997597] LOG:  checkpoint complete: wrote 0 buffers (0.0%); 0 WAL file(s) added, 0 removed, 34 recycled; write=0.006 s, sync=0.001 s, total=0.056 s; sync files=0, longest=0.000 s, average=0.000 s; distance=556873 kB, estimate=556873 kB; lsn=3/6003EE78, redo lsn=3/60001138
2024-08-01 16:23:47.670 CEST [2997597] LOG:  checkpoints are occurring too frequently (3 seconds apart)
2024-08-01 16:23:47.670 CEST [2997597] HINT:  Consider increasing the configuration parameter "max_wal_size".
2024-08-01 16:23:47.670 CEST [2997597] LOG:  checkpoint starting: wal
2024-08-01 16:23:47.734 CEST [2997597] LOG:  checkpoint complete: wrote 0 buffers (0.0%); 0 WAL file(s) added, 0 removed, 34 recycled; write=0.006 s, sync=0.001 s, total=0.065 s; sync files=0, longest=0.000 s, average=0.000 s; distance=557120 kB, estimate=557120 kB; lsn=3/822F6CC8, redo lsn=3/82011410
2024-08-01 16:23:51.098 CEST [2997597] LOG:  checkpoints are occurring too frequently (4 seconds apart)
2024-08-01 16:23:51.098 CEST [2997597] HINT:  Consider increasing the configuration parameter "max_wal_size".
2024-08-01 16:23:51.126 CEST [2997597] LOG:  checkpoint starting: wal
2024-08-01 16:23:51.168 CEST [2997597] LOG:  checkpoint complete: wrote 0 buffers (0.0%); 0 WAL file(s) added, 0 removed, 34 recycled; write=0.005 s, sync=0.001 s, total=0.071 s; sync files=0, longest=0.000 s, average=0.000 s; distance=557120 kB, estimate=557120 kB; lsn=3/A43C0620, redo lsn=3/A4021758
2024-08-01 16:23:53.398 CEST [2997826] LOG:  skipping vacuum of "t" --- lock not available
2024-08-01 16:24:00.902 CEST [2997597] LOG:  checkpoints are occurring too frequently (9 seconds apart)
2024-08-01 16:24:00.902 CEST [2997597] HINT:  Consider increasing the configuration parameter "max_wal_size".
2024-08-01 16:24:00.945 CEST [2997597] LOG:  checkpoint starting: wal
2024-08-01 16:24:02.264 CEST [2997597] LOG:  checkpoint complete: wrote 9 buffers (0.0%); 0 WAL file(s) added, 0 removed, 34 recycled; write=0.908 s, sync=0.358 s, total=1.363 s; sync files=6, longest=0.352 s, average=0.060 s; distance=557007 kB, estimate=557109 kB; lsn=3/CD5399E0, redo lsn=3/C60156D0
2024-08-01 16:24:30.205 CEST [2997597] LOG:  checkpoint starting: wal
2024-08-01 16:24:31.331 CEST [2997597] LOG:  checkpoint complete: wrote 5 buffers (0.0%); 0 WAL file(s) added, 0 removed, 33 recycled; write=0.505 s, sync=0.592 s, total=1.132 s; sync files=12, longest=0.102 s, average=0.050 s; distance=540954 kB, estimate=555494 kB; lsn=3/E8C49750, redo lsn=3/E705C090
2024-08-01 16:24:53.402 CEST [2997843] LOG:  skipping vacuum of "t" --- lock not available
2024-08-01 16:25:07.341 CEST [2997597] LOG:  checkpoint starting: wal
2024-08-01 16:25:09.024 CEST [2997597] LOG:  checkpoint complete: wrote 9 buffers (0.0%); 0 WAL file(s) added, 0 removed, 33 recycled; write=0.911 s, sync=0.747 s, total=1.687 s; sync files=16, longest=0.113 s, average=0.047 s; distance=545188 kB, estimate=554463 kB; lsn=4/A6E93E0, redo lsn=4/84C5420
2024-08-01 16:25:45.482 CEST [2997597] LOG:  checkpoint starting: wal
2024-08-01 16:25:47.253 CEST [2997597] LOG:  checkpoint complete: wrote 10 buffers (0.0%); 0 WAL file(s) added, 0 removed, 33 recycled; write=1.011 s, sync=0.734 s, total=1.771 s; sync files=15, longest=0.116 s, average=0.049 s; distance=539914 kB, estimate=553008 kB; lsn=4/2C1898F0, redo lsn=4/29407F68
2024-08-01 16:25:53.421 CEST [2997865] LOG:  skipping vacuum of "t" --- lock not available
2024-08-01 16:26:20.993 CEST [2997597] LOG:  checkpoint starting: wal
2024-08-01 16:26:22.755 CEST [2997597] LOG:  checkpoint complete: wrote 9 buffers (0.0%); 0 WAL file(s) added, 0 removed, 33 recycled; write=0.908 s, sync=0.830 s, total=1.762 s; sync files=14, longest=0.118 s, average=0.060 s; distance=536842 kB, estimate=551392 kB; lsn=4/4A04AB38, redo lsn=4/4A04A900
2024-08-01 16:26:53.441 CEST [2997882] LOG:  skipping vacuum of "t" --- lock not available
2024-08-01 16:27:00.723 CEST [2997597] LOG:  checkpoint starting: wal
2024-08-01 16:27:02.548 CEST [2997597] LOG:  checkpoint complete: wrote 11 buffers (0.0%); 0 WAL file(s) added, 0 removed, 33 recycled; write=1.109 s, sync=0.690 s, total=1.830 s; sync files=15, longest=0.106 s, average=0.046 s; distance=544289 kB, estimate=550681 kB; lsn=4/6BAF3FC0, redo lsn=4/6B3D2E68
2024-08-01 16:27:41.333 CEST [2997597] LOG:  checkpoint starting: wal
2024-08-01 16:27:43.097 CEST [2997597] LOG:  checkpoint complete: wrote 10 buffers (0.0%); 0 WAL file(s) added, 0 removed, 33 recycled; write=1.008 s, sync=0.725 s, total=1.768 s; sync files=15, longest=0.187 s, average=0.049 s; distance=544311 kB, estimate=550044 kB; lsn=4/8D595D08, redo lsn=4/8C760BF8
2024-08-01 16:27:53.461 CEST [2997900] LOG:  skipping vacuum of "t" --- lock not available
2024-08-01 16:28:22.812 CEST [2997597] LOG:  checkpoint starting: wal
2024-08-01 16:28:24.687 CEST [2997597] LOG:  checkpoint complete: wrote 12 buffers (0.0%); 0 WAL file(s) added, 0 removed, 33 recycled; write=1.209 s, sync=0.639 s, total=1.877 s; sync files=16, longest=0.126 s, average=0.040 s; distance=543656 kB, estimate=549405 kB; lsn=4/AF036490, redo lsn=4/ADA4ACF8
2024-08-01 16:28:53.480 CEST [2997916] LOG:  skipping vacuum of "t" --- lock not available
2024-08-01 16:29:05.137 CEST [2997597] LOG:  checkpoint starting: wal
2024-08-01 16:29:06.440 CEST [2997597] LOG:  checkpoint complete: wrote 6 buffers (0.0%); 0 WAL file(s) added, 0 removed, 33 recycled; write=0.607 s, sync=0.671 s, total=1.304 s; sync files=15, longest=0.110 s, average=0.045 s; distance=544746 kB, estimate=548939 kB; lsn=4/D0AD7998, redo lsn=4/CEE45788
2024-08-01 16:29:48.067 CEST [2997597] LOG:  checkpoint starting: wal
2024-08-01 16:29:49.547 CEST [2997597] LOG:  checkpoint complete: wrote 7 buffers (0.0%); 0 WAL file(s) added, 0 removed, 33 recycled; write=0.707 s, sync=0.743 s, total=1.480 s; sync files=14, longest=0.197 s, average=0.054 s; distance=528731 kB, estimate=546919 kB; lsn=4/F257B460, redo lsn=4/EF29C678
2024-08-01 16:29:53.499 CEST [2997931] LOG:  skipping vacuum of "t" --- lock not available
2024-08-01 16:30:28.069 CEST [2997597] LOG:  checkpoint starting: wal
2024-08-01 16:30:29.308 CEST [2997597] LOG:  checkpoint complete: wrote 6 buffers (0.0%); 0 WAL file(s) added, 0 removed, 33 recycled; write=0.608 s, sync=0.603 s, total=1.245 s; sync files=14, longest=0.140 s, average=0.044 s; distance=540997 kB, estimate=546326 kB; lsn=5/104455D0, redo lsn=5/102EDAF0
2024-08-01 16:30:53.518 CEST [2998003] LOG:  skipping vacuum of "t" --- lock not available
2024-08-01 16:31:12.855 CEST [2997597] LOG:  checkpoint starting: wal
2024-08-01 16:31:14.095 CEST [2997597] LOG:  checkpoint complete: wrote 7 buffers (0.0%); 0 WAL file(s) added, 0 removed, 33 recycled; write=0.726 s, sync=0.491 s, total=1.242 s; sync files=15, longest=0.107 s, average=0.033 s; distance=550025 kB, estimate=550025 kB; lsn=5/31EE6E10, redo lsn=5/31C101A8
2024-08-01 16:31:46.534 CEST [2997597] LOG:  checkpoint starting: immediate force wait
2024-08-01 16:31:52.221 CEST [2997597] LOG:  checkpoint complete: wrote 12305 buffers (4.7%); 0 WAL file(s) added, 0 removed, 25 recycled; write=0.175 s, sync=5.475 s, total=5.688 s; sync files=781, longest=1.165 s, average=0.008 s; distance=408708 kB, estimate=535894 kB; lsn=5/4AB315E8, redo lsn=5/4AB31590
2024-08-01 16:33:03.829 CEST [2997596] LOG:  received fast shutdown request
2024-08-01 16:33:03.829 CEST [2997596] LOG:  aborting any active transactions
2024-08-01 16:33:03.830 CEST [2997596] LOG:  background worker "logical replication launcher" (PID 2997602) exited with exit code 1
2024-08-01 16:33:03.832 CEST [2997597] LOG:  shutting down
2024-08-01 16:33:03.833 CEST [2997597] LOG:  checkpoint starting: shutdown immediate
2024-08-01 16:33:03.838 CEST [2997597] LOG:  checkpoint complete: wrote 65 buffers (0.0%); 0 WAL file(s) added, 0 removed, 0 recycled; write=0.005 s, sync=0.001 s, total=0.007 s; sync files=5, longest=0.001 s, average=0.001 s; distance=202 kB, estimate=482324 kB; lsn=5/4AB63E00, redo lsn=5/4AB63E00
2024-08-01 16:33:04.258 CEST [2997596] LOG:  database system is shut down
