2024-07-31 01:25:02.115 BST [1775926] LOG:  starting PostgreSQL 18devel on aarch64-unknown-linux-gnu, compiled by gcc (Debian 12.2.0-14) 12.2.0, 64-bit
2024-07-31 01:25:02.115 BST [1775926] LOG:  listening on IPv6 address "::1", port 5432
2024-07-31 01:25:02.115 BST [1775926] LOG:  listening on IPv4 address "127.0.0.1", port 5432
2024-07-31 01:25:02.135 BST [1775926] LOG:  listening on Unix socket "/tmp/.s.PGSQL.5432"
2024-07-31 01:25:02.144 BST [1775932] LOG:  database system was shut down at 2024-07-31 01:25:00 BST
2024-07-31 01:25:02.154 BST [1775926] LOG:  database system is ready to accept connections
2024-07-31 01:25:14.561 BST [1775930] LOG:  checkpoints are occurring too frequently (12 seconds apart)
2024-07-31 01:25:14.561 BST [1775930] HINT:  Consider increasing the configuration parameter "max_wal_size".
2024-07-31 01:25:14.562 BST [1775930] LOG:  checkpoint starting: wal
2024-07-31 01:26:01.331 BST [1775930] LOG:  checkpoint complete: wrote 60435 buffers (46.1%); 0 WAL file(s) added, 0 removed, 33 recycled; write=45.134 s, sync=1.418 s, total=46.770 s; sync files=787, longest=0.066 s, average=0.002 s; distance=537505 kB, estimate=537505 kB; lsn=0/40CC2A78, redo lsn=0/221CE928
2024-07-31 01:26:04.866 BST [1775930] LOG:  checkpoint starting: wal
2024-07-31 01:26:08.481 BST [1775930] LOG:  checkpoint complete: wrote 29 buffers (0.0%); 0 WAL file(s) added, 0 removed, 33 recycled; write=2.830 s, sync=0.598 s, total=3.616 s; sync files=30, longest=0.092 s, average=0.020 s; distance=539514 kB, estimate=539514 kB; lsn=0/44EAD278, redo lsn=0/430AD408
2024-07-31 01:26:17.965 BST [1775930] LOG:  checkpoints are occurring too frequently (13 seconds apart)
2024-07-31 01:26:17.965 BST [1775930] HINT:  Consider increasing the configuration parameter "max_wal_size".
2024-07-31 01:26:17.965 BST [1775930] LOG:  checkpoint starting: wal
2024-07-31 01:26:23.924 BST [1775930] LOG:  checkpoint complete: wrote 45 buffers (0.0%); 0 WAL file(s) added, 0 removed, 33 recycled; write=4.459 s, sync=1.274 s, total=5.960 s; sync files=41, longest=1.067 s, average=0.032 s; distance=541076 kB, estimate=541076 kB; lsn=0/6873ABF8, redo lsn=0/64112658
2024-07-31 01:27:02.238 BST [1776144] LOG:  skipping vacuum of "t" --- lock not available
2024-07-31 01:27:05.117 BST [1775930] LOG:  checkpoint starting: wal
2024-07-31 01:27:18.020 BST [1775930] LOG:  checkpoint complete: wrote 125 buffers (0.1%); 0 WAL file(s) added, 0 removed, 33 recycled; write=8.741 s, sync=4.037 s, total=12.903 s; sync files=875, longest=1.089 s, average=0.005 s; distance=540265 kB, estimate=540995 kB; lsn=0/89840378, redo lsn=0/850ACAC0
2024-07-31 01:27:18.020 BST [1775930] LOG:  checkpoint starting: immediate force wait
2024-07-31 01:27:18.300 BST [1775930] LOG:  checkpoint complete: wrote 8165 buffers (6.2%); 0 WAL file(s) added, 0 removed, 4 recycled; write=0.058 s, sync=0.175 s, total=0.281 s; sync files=449, longest=0.122 s, average=0.001 s; distance=73294 kB, estimate=494225 kB; lsn=0/89840448, redo lsn=0/898403F0
2024-07-31 01:28:33.831 BST [1775926] LOG:  received fast shutdown request
2024-07-31 01:28:33.849 BST [1775926] LOG:  aborting any active transactions
2024-07-31 01:28:33.850 BST [1775926] LOG:  background worker "logical replication launcher" (PID 1775935) exited with exit code 1
2024-07-31 01:28:33.850 BST [1775930] LOG:  shutting down
2024-07-31 01:28:33.857 BST [1775930] LOG:  checkpoint starting: shutdown immediate
2024-07-31 01:28:33.881 BST [1775930] LOG:  checkpoint complete: wrote 96 buffers (0.1%); 0 WAL file(s) added, 0 removed, 0 recycled; write=0.009 s, sync=0.004 s, total=0.031 s; sync files=10, longest=0.004 s, average=0.001 s; distance=356 kB, estimate=444838 kB; lsn=0/89899590, redo lsn=0/89899590
2024-07-31 01:28:33.944 BST [1775926] LOG:  database system is shut down
