2024-08-01 00:35:31.949 BST [28902] LOG:  starting PostgreSQL 18devel on armv8l-unknown-linux-gnueabihf, compiled by gcc (Raspbian 12.2.0-14+rpi1) 12.2.0, 32-bit
2024-08-01 00:35:31.949 BST [28902] LOG:  listening on IPv6 address "::1", port 5432
2024-08-01 00:35:31.949 BST [28902] LOG:  listening on IPv4 address "127.0.0.1", port 5432
2024-08-01 00:35:31.957 BST [28902] LOG:  listening on Unix socket "/tmp/.s.PGSQL.5432"
2024-08-01 00:35:31.961 BST [28905] LOG:  database system was shut down at 2024-08-01 00:35:29 BST
2024-08-01 00:35:31.967 BST [28902] LOG:  database system is ready to accept connections
2024-08-01 00:35:45.423 BST [28903] LOG:  checkpoints are occurring too frequently (14 seconds apart)
2024-08-01 00:35:45.423 BST [28903] HINT:  Consider increasing the configuration parameter "max_wal_size".
2024-08-01 00:35:45.423 BST [28903] LOG:  checkpoint starting: wal
2024-08-01 00:36:37.603 BST [28903] LOG:  checkpoint complete: wrote 60435 buffers (46.1%); 0 WAL file(s) added, 0 removed, 33 recycled; write=50.503 s, sync=1.483 s, total=52.180 s; sync files=787, longest=0.065 s, average=0.002 s; distance=537502 kB, estimate=537502 kB; lsn=0/40CC1940, redo lsn=0/221CD788
2024-08-01 00:36:41.456 BST [28903] LOG:  checkpoint starting: wal
2024-08-01 00:36:44.629 BST [28903] LOG:  checkpoint complete: wrote 28 buffers (0.0%); 0 WAL file(s) added, 0 removed, 33 recycled; write=2.739 s, sync=0.295 s, total=3.173 s; sync files=30, longest=0.024 s, average=0.010 s; distance=539514 kB, estimate=539514 kB; lsn=0/448AF930, redo lsn=0/430AC280
2024-08-01 00:36:56.256 BST [28903] LOG:  checkpoints are occurring too frequently (15 seconds apart)
2024-08-01 00:36:56.256 BST [28903] HINT:  Consider increasing the configuration parameter "max_wal_size".
2024-08-01 00:36:56.256 BST [28903] LOG:  checkpoint starting: wal
2024-08-01 00:37:02.107 BST [28903] LOG:  checkpoint complete: wrote 45 buffers (0.0%); 0 WAL file(s) added, 0 removed, 33 recycled; write=4.471 s, sync=1.203 s, total=5.851 s; sync files=40, longest=1.093 s, average=0.031 s; distance=541076 kB, estimate=541076 kB; lsn=0/67CF38A8, redo lsn=0/64111488
2024-08-01 00:37:32.000 BST [29101] LOG:  skipping vacuum of "t" --- lock not available
2024-08-01 00:37:49.901 BST [28903] LOG:  checkpoint starting: wal
2024-08-01 00:38:02.310 BST [28903] LOG:  checkpoint complete: wrote 125 buffers (0.1%); 0 WAL file(s) added, 0 removed, 33 recycled; write=9.880 s, sync=2.408 s, total=12.410 s; sync files=876, longest=1.011 s, average=0.003 s; distance=540265 kB, estimate=540995 kB; lsn=0/8983ECE8, redo lsn=0/850ABA50
2024-08-01 00:38:02.310 BST [28903] LOG:  checkpoint starting: immediate force wait
2024-08-01 00:38:03.186 BST [28903] LOG:  checkpoint complete: wrote 8166 buffers (6.2%); 0 WAL file(s) added, 0 removed, 4 recycled; write=0.082 s, sync=0.725 s, total=0.876 s; sync files=449, longest=0.097 s, average=0.002 s; distance=73292 kB, estimate=494225 kB; lsn=0/8983EDB8, redo lsn=0/8983ED60
2024-08-01 00:39:16.546 BST [28902] LOG:  received fast shutdown request
2024-08-01 00:39:16.547 BST [28902] LOG:  aborting any active transactions
2024-08-01 00:39:16.550 BST [28902] LOG:  background worker "logical replication launcher" (PID 28908) exited with exit code 1
2024-08-01 00:39:16.550 BST [28903] LOG:  shutting down
2024-08-01 00:39:16.551 BST [28903] LOG:  checkpoint starting: shutdown immediate
2024-08-01 00:39:16.580 BST [28903] LOG:  checkpoint complete: wrote 96 buffers (0.1%); 0 WAL file(s) added, 0 removed, 0 recycled; write=0.010 s, sync=0.014 s, total=0.031 s; sync files=10, longest=0.004 s, average=0.002 s; distance=354 kB, estimate=444838 kB; lsn=0/898977D8, redo lsn=0/898977D8
2024-08-01 00:39:16.812 BST [28902] LOG:  database system is shut down
