2024-08-01 12:16:06.344 BST [24084] LOG:  starting PostgreSQL 18devel on armv8l-unknown-linux-gnueabihf, compiled by gcc (Raspbian 12.2.0-14+rpi1) 12.2.0, 32-bit
2024-08-01 12:16:06.345 BST [24084] LOG:  listening on IPv6 address "::1", port 5432
2024-08-01 12:16:06.345 BST [24084] LOG:  listening on IPv4 address "127.0.0.1", port 5432
2024-08-01 12:16:06.361 BST [24084] LOG:  listening on Unix socket "/tmp/.s.PGSQL.5432"
2024-08-01 12:16:06.365 BST [24087] LOG:  database system was shut down at 2024-08-01 12:16:03 BST
2024-08-01 12:16:06.372 BST [24084] LOG:  database system is ready to accept connections
2024-08-01 12:16:20.729 BST [24085] LOG:  checkpoints are occurring too frequently (14 seconds apart)
2024-08-01 12:16:20.729 BST [24085] HINT:  Consider increasing the configuration parameter "max_wal_size".
2024-08-01 12:16:20.729 BST [24085] LOG:  checkpoint starting: wal
2024-08-01 12:17:13.548 BST [24085] LOG:  checkpoint complete: wrote 60435 buffers (46.1%); 0 WAL file(s) added, 0 removed, 33 recycled; write=50.991 s, sync=1.630 s, total=52.819 s; sync files=787, longest=0.064 s, average=0.003 s; distance=537502 kB, estimate=537502 kB; lsn=0/40CC1940, redo lsn=0/221CD788
2024-08-01 12:17:17.408 BST [24085] LOG:  checkpoint starting: wal
2024-08-01 12:17:20.673 BST [24085] LOG:  checkpoint complete: wrote 29 buffers (0.0%); 0 WAL file(s) added, 0 removed, 33 recycled; write=2.850 s, sync=0.286 s, total=3.265 s; sync files=30, longest=0.032 s, average=0.010 s; distance=539514 kB, estimate=539514 kB; lsn=0/448AF930, redo lsn=0/430AC280
2024-08-01 12:17:32.473 BST [24085] LOG:  checkpoints are occurring too frequently (15 seconds apart)
2024-08-01 12:17:32.473 BST [24085] HINT:  Consider increasing the configuration parameter "max_wal_size".
2024-08-01 12:17:32.473 BST [24085] LOG:  checkpoint starting: wal
2024-08-01 12:17:38.322 BST [24085] LOG:  checkpoint complete: wrote 45 buffers (0.0%); 0 WAL file(s) added, 0 removed, 33 recycled; write=4.488 s, sync=1.197 s, total=5.849 s; sync files=39, longest=1.051 s, average=0.031 s; distance=541076 kB, estimate=541076 kB; lsn=0/676F7610, redo lsn=0/64111488
2024-08-01 12:18:06.432 BST [24278] LOG:  skipping vacuum of "t" --- lock not available
2024-08-01 12:18:29.835 BST [24085] LOG:  checkpoint starting: wal
2024-08-01 12:18:42.510 BST [24085] LOG:  checkpoint complete: wrote 125 buffers (0.1%); 0 WAL file(s) added, 0 removed, 33 recycled; write=10.272 s, sync=2.279 s, total=12.675 s; sync files=877, longest=1.050 s, average=0.003 s; distance=540265 kB, estimate=540995 kB; lsn=0/8983E8E0, redo lsn=0/850AB930
2024-08-01 12:18:42.511 BST [24085] LOG:  checkpoint starting: immediate force wait
2024-08-01 12:18:43.340 BST [24085] LOG:  checkpoint complete: wrote 8165 buffers (6.2%); 0 WAL file(s) added, 0 removed, 4 recycled; write=0.105 s, sync=0.674 s, total=0.829 s; sync files=449, longest=0.071 s, average=0.002 s; distance=73292 kB, estimate=494225 kB; lsn=0/8983E9B0, redo lsn=0/8983E958
2024-08-01 12:19:56.460 BST [24084] LOG:  received fast shutdown request
2024-08-01 12:19:56.462 BST [24084] LOG:  aborting any active transactions
2024-08-01 12:19:56.463 BST [24084] LOG:  background worker "logical replication launcher" (PID 24090) exited with exit code 1
2024-08-01 12:19:56.465 BST [24085] LOG:  shutting down
2024-08-01 12:19:56.466 BST [24085] LOG:  checkpoint starting: shutdown immediate
2024-08-01 12:19:56.495 BST [24085] LOG:  checkpoint complete: wrote 95 buffers (0.1%); 0 WAL file(s) added, 0 removed, 0 recycled; write=0.010 s, sync=0.014 s, total=0.031 s; sync files=10, longest=0.004 s, average=0.002 s; distance=354 kB, estimate=444838 kB; lsn=0/89897508, redo lsn=0/89897508
2024-08-01 12:19:56.698 BST [24084] LOG:  database system is shut down
