2024-07-31 07:31:40.253 CEST [3098672] LOG:  starting PostgreSQL 18devel on x86_64-pc-linux-gnu, compiled by gcc (Debian 12.2.0-14) 12.2.0, 64-bit
2024-07-31 07:31:40.253 CEST [3098672] LOG:  listening on IPv6 address "::1", port 5432
2024-07-31 07:31:40.253 CEST [3098672] LOG:  listening on IPv4 address "127.0.0.1", port 5432
2024-07-31 07:31:40.254 CEST [3098672] LOG:  listening on Unix socket "/tmp/.s.PGSQL.5432"
2024-07-31 07:31:40.256 CEST [3098675] LOG:  database system was shut down at 2024-07-31 07:31:39 CEST
2024-07-31 07:31:40.259 CEST [3098672] LOG:  database system is ready to accept connections
2024-07-31 07:31:48.691 CEST [3098673] LOG:  checkpoints are occurring too frequently (8 seconds apart)
2024-07-31 07:31:48.691 CEST [3098673] HINT:  Consider increasing the configuration parameter "max_wal_size".
2024-07-31 07:31:48.691 CEST [3098673] LOG:  checkpoint starting: wal
2024-07-31 07:31:56.152 CEST [3098673] LOG:  checkpoint complete: wrote 55683 buffers (21.2%); 0 WAL file(s) added, 2 removed, 31 recycled; write=6.742 s, sync=0.641 s, total=7.462 s; sync files=707, longest=0.402 s, average=0.001 s; distance=551622 kB, estimate=551622 kB; lsn=0/425D7F30, redo lsn=0/22F9CDD0
2024-07-31 07:31:56.339 CEST [3098673] LOG:  checkpoints are occurring too frequently (8 seconds apart)
2024-07-31 07:31:56.339 CEST [3098673] HINT:  Consider increasing the configuration parameter "max_wal_size".
2024-07-31 07:31:56.340 CEST [3098673] LOG:  checkpoint starting: wal
2024-07-31 07:32:02.649 CEST [3098673] LOG:  checkpoint complete: wrote 60385 buffers (23.0%); 0 WAL file(s) added, 1 removed, 32 recycled; write=5.825 s, sync=0.398 s, total=6.310 s; sync files=4, longest=0.253 s, average=0.100 s; distance=537684 kB, estimate=550228 kB; lsn=0/62818B58, redo lsn=0/43CB2040
2024-07-31 07:32:03.054 CEST [3098673] LOG:  checkpoints are occurring too frequently (7 seconds apart)
2024-07-31 07:32:03.054 CEST [3098673] HINT:  Consider increasing the configuration parameter "max_wal_size".
2024-07-31 07:32:03.054 CEST [3098673] LOG:  checkpoint starting: wal
2024-07-31 07:32:09.419 CEST [3098673] LOG:  checkpoint complete: wrote 61050 buffers (23.3%); 0 WAL file(s) added, 1 removed, 32 recycled; write=5.918 s, sync=0.361 s, total=6.366 s; sync files=4, longest=0.352 s, average=0.091 s; distance=543458 kB, estimate=549551 kB; lsn=0/83FE6A08, redo lsn=0/64F6AA08
2024-07-31 07:32:09.777 CEST [3098673] LOG:  checkpoints are occurring too frequently (6 seconds apart)
2024-07-31 07:32:09.777 CEST [3098673] HINT:  Consider increasing the configuration parameter "max_wal_size".
2024-07-31 07:32:09.777 CEST [3098673] LOG:  checkpoint starting: wal
2024-07-31 07:32:15.878 CEST [3098673] LOG:  checkpoint complete: wrote 60801 buffers (23.2%); 0 WAL file(s) added, 2 removed, 32 recycled; write=5.700 s, sync=0.319 s, total=6.101 s; sync files=4, longest=0.236 s, average=0.080 s; distance=541305 kB, estimate=548726 kB; lsn=0/A5000B78, redo lsn=0/86008EF0
2024-07-31 07:32:16.306 CEST [3098673] LOG:  checkpoints are occurring too frequently (7 seconds apart)
2024-07-31 07:32:16.306 CEST [3098673] HINT:  Consider increasing the configuration parameter "max_wal_size".
2024-07-31 07:32:16.308 CEST [3098673] LOG:  checkpoint starting: wal
2024-07-31 07:32:22.337 CEST [3098673] LOG:  checkpoint complete: wrote 61369 buffers (23.4%); 0 WAL file(s) added, 1 removed, 32 recycled; write=5.586 s, sync=0.375 s, total=6.031 s; sync files=4, longest=0.350 s, average=0.094 s; distance=546732 kB, estimate=548527 kB; lsn=0/C665A238, redo lsn=0/A75F4100
2024-07-31 07:32:22.722 CEST [3098673] LOG:  checkpoints are occurring too frequently (6 seconds apart)
2024-07-31 07:32:22.722 CEST [3098673] HINT:  Consider increasing the configuration parameter "max_wal_size".
2024-07-31 07:32:22.722 CEST [3098673] LOG:  checkpoint starting: wal
2024-07-31 07:32:28.781 CEST [3098673] LOG:  checkpoint complete: wrote 61885 buffers (23.6%); 0 WAL file(s) added, 2 removed, 32 recycled; write=5.634 s, sync=0.347 s, total=6.060 s; sync files=3, longest=0.344 s, average=0.116 s; distance=550990 kB, estimate=550990 kB; lsn=0/E8000150, redo lsn=0/C9007A68
2024-07-31 07:32:29.177 CEST [3098673] LOG:  checkpoints are occurring too frequently (7 seconds apart)
2024-07-31 07:32:29.177 CEST [3098673] HINT:  Consider increasing the configuration parameter "max_wal_size".
2024-07-31 07:32:29.178 CEST [3098673] LOG:  checkpoint starting: wal
2024-07-31 07:32:35.228 CEST [3098673] LOG:  checkpoint complete: wrote 61720 buffers (23.5%); 0 WAL file(s) added, 1 removed, 32 recycled; write=5.634 s, sync=0.330 s, total=6.052 s; sync files=4, longest=0.313 s, average=0.083 s; distance=549377 kB, estimate=550829 kB; lsn=1/91A08C8, redo lsn=0/EA888090
2024-07-31 07:32:35.646 CEST [3098673] LOG:  checkpoints are occurring too frequently (6 seconds apart)
2024-07-31 07:32:35.646 CEST [3098673] HINT:  Consider increasing the configuration parameter "max_wal_size".
2024-07-31 07:32:35.647 CEST [3098673] LOG:  checkpoint starting: wal
2024-07-31 07:32:41.670 CEST [3098673] LOG:  checkpoint complete: wrote 60639 buffers (23.1%); 0 WAL file(s) added, 0 removed, 33 recycled; write=5.650 s, sync=0.341 s, total=6.024 s; sync files=3, longest=0.338 s, average=0.114 s; distance=539800 kB, estimate=549726 kB; lsn=1/297A79C8, redo lsn=1/B7AE150
2024-07-31 07:32:42.269 CEST [3098673] LOG:  checkpoints are occurring too frequently (7 seconds apart)
2024-07-31 07:32:42.269 CEST [3098673] HINT:  Consider increasing the configuration parameter "max_wal_size".
2024-07-31 07:32:42.269 CEST [3098673] LOG:  checkpoint starting: wal
2024-07-31 07:32:57.866 CEST [3098673] LOG:  checkpoint complete: wrote 61382 buffers (23.4%); 0 WAL file(s) added, 3 removed, 31 recycled; write=12.602 s, sync=2.960 s, total=15.597 s; sync files=9, longest=1.091 s, average=0.329 s; distance=549231 kB, estimate=549676 kB; lsn=1/4DCF05C8, redo lsn=1/2D00A020
2024-07-31 07:33:00.743 CEST [3098673] LOG:  checkpoints are occurring too frequently (18 seconds apart)
2024-07-31 07:33:00.743 CEST [3098673] HINT:  Consider increasing the configuration parameter "max_wal_size".
2024-07-31 07:33:00.743 CEST [3098673] LOG:  checkpoint starting: wal
2024-07-31 07:33:33.650 CEST [3098673] LOG:  checkpoint complete: wrote 244921 buffers (93.4%); 0 WAL file(s) added, 3 removed, 30 recycled; write=32.107 s, sync=0.718 s, total=32.908 s; sync files=32, longest=0.107 s, average=0.023 s; distance=553745 kB, estimate=553745 kB; lsn=1/6F0C2808, redo lsn=1/4ECCE600
2024-07-31 07:33:33.650 CEST [3098673] LOG:  checkpoint starting: wal
2024-07-31 07:33:39.691 CEST [3098673] LOG:  checkpoint complete: wrote 60 buffers (0.0%); 0 WAL file(s) added, 0 removed, 33 recycled; write=5.920 s, sync=0.094 s, total=6.041 s; sync files=27, longest=0.087 s, average=0.004 s; distance=529653 kB, estimate=551336 kB; lsn=1/733C1BF8, redo lsn=1/6F20BD40
2024-07-31 07:33:40.342 CEST [3098712] LOG:  skipping vacuum of "t" --- lock not available
2024-07-31 07:34:11.143 CEST [3098673] LOG:  checkpoint starting: wal
2024-07-31 07:34:40.360 CEST [3098729] LOG:  skipping vacuum of "t" --- lock not available
2024-07-31 07:34:45.728 CEST [3098673] LOG:  checkpoint complete: wrote 755 buffers (0.3%); 0 WAL file(s) added, 1 removed, 32 recycled; write=33.685 s, sync=0.865 s, total=34.588 s; sync files=342, longest=0.118 s, average=0.003 s; distance=539911 kB, estimate=550193 kB; lsn=1/AF3427D8, redo lsn=1/9014DB90
2024-07-31 07:34:49.432 CEST [3098673] LOG:  checkpoint starting: wal
2024-07-31 07:34:59.193 CEST [3098673] LOG:  checkpoint complete: wrote 97 buffers (0.0%); 0 WAL file(s) added, 0 removed, 33 recycled; write=9.523 s, sync=0.208 s, total=9.764 s; sync files=31, longest=0.101 s, average=0.007 s; distance=546354 kB, estimate=549809 kB; lsn=1/BA6DBF58, redo lsn=1/B16DA6B8
2024-07-31 07:35:28.532 CEST [3098673] LOG:  checkpoint starting: wal
2024-07-31 07:35:31.162 CEST [3098673] LOG:  checkpoint complete: wrote 21 buffers (0.0%); 0 WAL file(s) added, 0 removed, 33 recycled; write=2.010 s, sync=0.591 s, total=2.632 s; sync files=24, longest=0.115 s, average=0.025 s; distance=538894 kB, estimate=548718 kB; lsn=1/D49DE088, redo lsn=1/D251E1F0
2024-07-31 07:35:40.380 CEST [3098750] LOG:  skipping vacuum of "t" --- lock not available
2024-07-31 07:36:08.687 CEST [3098673] LOG:  checkpoint starting: wal
2024-07-31 07:36:11.313 CEST [3098673] LOG:  checkpoint complete: wrote 20 buffers (0.0%); 0 WAL file(s) added, 0 removed, 33 recycled; write=1.911 s, sync=0.686 s, total=2.626 s; sync files=26, longest=0.144 s, average=0.027 s; distance=550309 kB, estimate=550309 kB; lsn=1/F64921D8, redo lsn=1/F3E87920
2024-07-31 07:36:40.399 CEST [3098778] LOG:  skipping vacuum of "t" --- lock not available
2024-07-31 07:36:45.455 CEST [3098673] LOG:  checkpoint starting: wal
2024-07-31 07:36:48.098 CEST [3098673] LOG:  checkpoint complete: wrote 20 buffers (0.0%); 0 WAL file(s) added, 0 removed, 33 recycled; write=1.911 s, sync=0.692 s, total=2.644 s; sync files=25, longest=0.108 s, average=0.028 s; distance=529227 kB, estimate=548201 kB; lsn=2/1436D328, redo lsn=2/1435A6F8
2024-07-31 07:37:26.381 CEST [3098673] LOG:  checkpoint starting: wal
2024-07-31 07:37:28.691 CEST [3098673] LOG:  checkpoint complete: wrote 17 buffers (0.0%); 0 WAL file(s) added, 0 removed, 33 recycled; write=1.611 s, sync=0.652 s, total=2.311 s; sync files=26, longest=0.113 s, average=0.026 s; distance=551606 kB, estimate=551606 kB; lsn=2/35E18B90, redo lsn=2/35E08240
2024-07-31 07:37:40.420 CEST [3098796] LOG:  skipping vacuum of "t" --- lock not available
2024-07-31 07:38:08.066 CEST [3098673] LOG:  checkpoint starting: wal
2024-07-31 07:38:10.151 CEST [3098673] LOG:  checkpoint complete: wrote 16 buffers (0.0%); 0 WAL file(s) added, 0 removed, 33 recycled; write=1.510 s, sync=0.545 s, total=2.089 s; sync files=25, longest=0.106 s, average=0.022 s; distance=527644 kB, estimate=549210 kB; lsn=2/578C3BB0, redo lsn=2/5614F348
2024-07-31 07:38:40.439 CEST [3098811] LOG:  skipping vacuum of "t" --- lock not available
2024-07-31 07:38:50.539 CEST [3098673] LOG:  checkpoint starting: wal
2024-07-31 07:38:52.822 CEST [3098673] LOG:  checkpoint complete: wrote 18 buffers (0.0%); 0 WAL file(s) added, 0 removed, 33 recycled; write=1.709 s, sync=0.547 s, total=2.284 s; sync files=24, longest=0.105 s, average=0.023 s; distance=553361 kB, estimate=553361 kB; lsn=2/79371890, redo lsn=2/77DB37C8
2024-07-31 07:39:33.414 CEST [3098673] LOG:  checkpoint starting: wal
2024-07-31 07:39:35.362 CEST [3098673] LOG:  checkpoint complete: wrote 14 buffers (0.0%); 0 WAL file(s) added, 0 removed, 33 recycled; write=1.309 s, sync=0.613 s, total=1.951 s; sync files=24, longest=0.109 s, average=0.026 s; distance=530080 kB, estimate=551033 kB; lsn=2/9AE1ED98, redo lsn=2/9835BA70
2024-07-31 07:39:40.459 CEST [3098827] LOG:  skipping vacuum of "t" --- lock not available
2024-07-31 07:40:17.610 CEST [3098673] LOG:  checkpoint starting: wal
2024-07-31 07:40:20.655 CEST [3098673] LOG:  checkpoint complete: wrote 23 buffers (0.0%); 0 WAL file(s) added, 0 removed, 33 recycled; write=2.211 s, sync=0.780 s, total=3.045 s; sync files=27, longest=0.260 s, average=0.029 s; distance=549023 kB, estimate=550832 kB; lsn=2/CD170888, redo lsn=2/B9B837B8
2024-07-31 07:40:22.102 CEST [3098673] LOG:  checkpoints are occurring too frequently (5 seconds apart)
2024-07-31 07:40:22.102 CEST [3098673] HINT:  Consider increasing the configuration parameter "max_wal_size".
2024-07-31 07:40:22.102 CEST [3098673] LOG:  checkpoint starting: wal
2024-07-31 07:40:24.180 CEST [3098673] LOG:  checkpoint complete: wrote 21 buffers (0.0%); 0 WAL file(s) added, 0 removed, 34 recycled; write=2.010 s, sync=0.004 s, total=2.079 s; sync files=12, longest=0.001 s, average=0.001 s; distance=545501 kB, estimate=550299 kB; lsn=2/EDD3A258, redo lsn=2/DB03AF70
2024-07-31 07:40:25.737 CEST [3098673] LOG:  checkpoints are occurring too frequently (3 seconds apart)
2024-07-31 07:40:25.737 CEST [3098673] HINT:  Consider increasing the configuration parameter "max_wal_size".
2024-07-31 07:40:25.739 CEST [3098673] LOG:  checkpoint starting: wal
2024-07-31 07:40:25.799 CEST [3098673] LOG:  checkpoint complete: wrote 0 buffers (0.0%); 0 WAL file(s) added, 0 removed, 33 recycled; write=0.006 s, sync=0.001 s, total=0.062 s; sync files=0, longest=0.000 s, average=0.000 s; distance=550199 kB, estimate=550289 kB; lsn=2/FCC6E7F8, redo lsn=2/FC988F40
2024-07-31 07:40:29.309 CEST [3098673] LOG:  checkpoints are occurring too frequently (4 seconds apart)
2024-07-31 07:40:29.309 CEST [3098673] HINT:  Consider increasing the configuration parameter "max_wal_size".
2024-07-31 07:40:29.309 CEST [3098673] LOG:  checkpoint starting: wal
2024-07-31 07:40:29.371 CEST [3098673] LOG:  checkpoint complete: wrote 0 buffers (0.0%); 0 WAL file(s) added, 0 removed, 34 recycled; write=0.005 s, sync=0.001 s, total=0.062 s; sync files=0, longest=0.000 s, average=0.000 s; distance=547481 kB, estimate=550008 kB; lsn=3/1E1643A8, redo lsn=3/1E02F3A8
2024-07-31 07:40:32.983 CEST [3098673] LOG:  checkpoints are occurring too frequently (3 seconds apart)
2024-07-31 07:40:32.983 CEST [3098673] HINT:  Consider increasing the configuration parameter "max_wal_size".
2024-07-31 07:40:32.983 CEST [3098673] LOG:  checkpoint starting: wal
2024-07-31 07:40:33.045 CEST [3098673] LOG:  checkpoint complete: wrote 0 buffers (0.0%); 0 WAL file(s) added, 0 removed, 33 recycled; write=0.006 s, sync=0.001 s, total=0.063 s; sync files=0, longest=0.000 s, average=0.000 s; distance=555637 kB, estimate=555637 kB; lsn=3/401B23A0, redo lsn=3/3FECCAD8
2024-07-31 07:40:36.555 CEST [3098673] LOG:  checkpoints are occurring too frequently (4 seconds apart)
2024-07-31 07:40:36.555 CEST [3098673] HINT:  Consider increasing the configuration parameter "max_wal_size".
2024-07-31 07:40:36.582 CEST [3098673] LOG:  checkpoint starting: wal
2024-07-31 07:40:36.622 CEST [3098673] LOG:  checkpoint complete: wrote 0 buffers (0.0%); 0 WAL file(s) added, 0 removed, 34 recycled; write=0.006 s, sync=0.001 s, total=0.068 s; sync files=0, longest=0.000 s, average=0.000 s; distance=542043 kB, estimate=554278 kB; lsn=3/61309108, redo lsn=3/61023850
2024-07-31 07:40:40.249 CEST [3098673] LOG:  checkpoints are occurring too frequently (4 seconds apart)
2024-07-31 07:40:40.249 CEST [3098673] HINT:  Consider increasing the configuration parameter "max_wal_size".
2024-07-31 07:40:40.249 CEST [3098673] LOG:  checkpoint starting: wal
2024-07-31 07:40:40.310 CEST [3098673] LOG:  checkpoint complete: wrote 0 buffers (0.0%); 0 WAL file(s) added, 0 removed, 34 recycled; write=0.005 s, sync=0.001 s, total=0.062 s; sync files=0, longest=0.000 s, average=0.000 s; distance=557120 kB, estimate=557120 kB; lsn=3/832DB730, redo lsn=3/83033B28
2024-07-31 07:40:40.479 CEST [3098840] LOG:  skipping vacuum of "t" --- lock not available
2024-07-31 07:40:43.861 CEST [3098673] LOG:  checkpoints are occurring too frequently (3 seconds apart)
2024-07-31 07:40:43.861 CEST [3098673] HINT:  Consider increasing the configuration parameter "max_wal_size".
2024-07-31 07:40:43.864 CEST [3098673] LOG:  checkpoint starting: wal
2024-07-31 07:40:43.913 CEST [3098673] LOG:  checkpoint complete: wrote 0 buffers (0.0%); 0 WAL file(s) added, 0 removed, 33 recycled; write=0.006 s, sync=0.001 s, total=0.052 s; sync files=0, longest=0.000 s, average=0.000 s; distance=544515 kB, estimate=555860 kB; lsn=3/A46DA028, redo lsn=3/A43F4770
2024-07-31 07:40:54.788 CEST [3098673] LOG:  checkpoints are occurring too frequently (11 seconds apart)
2024-07-31 07:40:54.788 CEST [3098673] HINT:  Consider increasing the configuration parameter "max_wal_size".
2024-07-31 07:40:54.788 CEST [3098673] LOG:  checkpoint starting: wal
2024-07-31 07:40:56.059 CEST [3098673] LOG:  checkpoint complete: wrote 9 buffers (0.0%); 0 WAL file(s) added, 0 removed, 34 recycled; write=0.907 s, sync=0.313 s, total=1.271 s; sync files=6, longest=0.312 s, average=0.053 s; distance=553053 kB, estimate=555579 kB; lsn=3/CD9EFD88, redo lsn=3/C600BC70
2024-07-31 07:41:23.828 CEST [3098673] LOG:  checkpoints are occurring too frequently (29 seconds apart)
2024-07-31 07:41:23.828 CEST [3098673] HINT:  Consider increasing the configuration parameter "max_wal_size".
2024-07-31 07:41:23.831 CEST [3098673] LOG:  checkpoint starting: wal
2024-07-31 07:41:24.997 CEST [3098673] LOG:  checkpoint complete: wrote 5 buffers (0.0%); 0 WAL file(s) added, 0 removed, 33 recycled; write=0.507 s, sync=0.629 s, total=1.169 s; sync files=12, longest=0.130 s, average=0.053 s; distance=544686 kB, estimate=554490 kB; lsn=3/E8C3FD20, redo lsn=3/E73F7730
2024-07-31 07:41:40.498 CEST [3098856] LOG:  skipping vacuum of "t" --- lock not available
2024-07-31 07:42:00.842 CEST [3098673] LOG:  checkpoint starting: wal
2024-07-31 07:42:02.638 CEST [3098673] LOG:  checkpoint complete: wrote 9 buffers (0.0%); 0 WAL file(s) added, 0 removed, 33 recycled; write=0.919 s, sync=0.851 s, total=1.797 s; sync files=16, longest=0.163 s, average=0.054 s; distance=550898 kB, estimate=554130 kB; lsn=4/A6DF898, redo lsn=4/8DF3FF0
2024-07-31 07:42:39.014 CEST [3098673] LOG:  checkpoint starting: wal
2024-07-31 07:42:40.518 CEST [3098874] LOG:  skipping vacuum of "t" --- lock not available
2024-07-31 07:42:40.741 CEST [3098673] LOG:  checkpoint complete: wrote 10 buffers (0.0%); 0 WAL file(s) added, 0 removed, 33 recycled; write=1.010 s, sync=0.689 s, total=1.728 s; sync files=15, longest=0.108 s, average=0.046 s; distance=528277 kB, estimate=551545 kB; lsn=4/2C17FF30, redo lsn=4/291D96E8
2024-07-31 07:43:14.595 CEST [3098673] LOG:  checkpoint starting: wal
2024-07-31 07:43:16.260 CEST [3098673] LOG:  checkpoint complete: wrote 9 buffers (0.0%); 0 WAL file(s) added, 0 removed, 33 recycled; write=0.908 s, sync=0.728 s, total=1.665 s; sync files=14, longest=0.109 s, average=0.052 s; distance=539038 kB, estimate=550294 kB; lsn=4/4A0411A0, redo lsn=4/4A040F68
2024-07-31 07:43:40.536 CEST [3098890] LOG:  skipping vacuum of "t" --- lock not available
2024-07-31 07:43:54.260 CEST [3098673] LOG:  checkpoint starting: wal
2024-07-31 07:43:56.133 CEST [3098673] LOG:  checkpoint complete: wrote 11 buffers (0.0%); 0 WAL file(s) added, 0 removed, 33 recycled; write=1.109 s, sync=0.735 s, total=1.875 s; sync files=15, longest=0.117 s, average=0.049 s; distance=550656 kB, estimate=550656 kB; lsn=4/6BAEA3F8, redo lsn=4/6BA01218
2024-07-31 07:44:34.881 CEST [3098673] LOG:  checkpoint starting: wal
2024-07-31 07:44:36.639 CEST [3098673] LOG:  checkpoint complete: wrote 10 buffers (0.0%); 0 WAL file(s) added, 0 removed, 33 recycled; write=1.008 s, sync=0.716 s, total=1.760 s; sync files=15, longest=0.124 s, average=0.048 s; distance=535968 kB, estimate=549187 kB; lsn=4/8D58C400, redo lsn=4/8C569330
2024-07-31 07:44:40.556 CEST [3098907] LOG:  skipping vacuum of "t" --- lock not available
2024-07-31 07:45:16.193 CEST [3098673] LOG:  checkpoint starting: wal
2024-07-31 07:45:18.072 CEST [3098673] LOG:  checkpoint complete: wrote 12 buffers (0.0%); 0 WAL file(s) added, 0 removed, 33 recycled; write=1.209 s, sync=0.643 s, total=1.881 s; sync files=16, longest=0.115 s, average=0.041 s; distance=542997 kB, estimate=548568 kB; lsn=4/AF02CBA0, redo lsn=4/AD7AE908
2024-07-31 07:45:40.576 CEST [3098981] LOG:  skipping vacuum of "t" --- lock not available
2024-07-31 07:45:58.328 CEST [3098673] LOG:  checkpoint starting: wal
2024-07-31 07:45:59.738 CEST [3098673] LOG:  checkpoint complete: wrote 6 buffers (0.0%); 0 WAL file(s) added, 0 removed, 33 recycled; write=0.607 s, sync=0.775 s, total=1.414 s; sync files=14, longest=0.129 s, average=0.056 s; distance=536403 kB, estimate=547352 kB; lsn=4/D0ACDD10, redo lsn=4/CE3838D8
2024-07-31 07:46:40.595 CEST [3098996] LOG:  skipping vacuum of "t" --- lock not available
2024-07-31 07:46:41.534 CEST [3098673] LOG:  checkpoint starting: wal
2024-07-31 07:46:43.051 CEST [3098673] LOG:  checkpoint complete: wrote 7 buffers (0.0%); 0 WAL file(s) added, 0 removed, 33 recycled; write=0.708 s, sync=0.782 s, total=1.517 s; sync files=15, longest=0.149 s, average=0.053 s; distance=552004 kB, estimate=552004 kB; lsn=4/F2571BE0, redo lsn=4/EFE94998
2024-07-31 07:47:21.192 CEST [3098673] LOG:  checkpoint starting: wal
2024-07-31 07:47:22.580 CEST [3098673] LOG:  checkpoint complete: wrote 6 buffers (0.0%); 0 WAL file(s) added, 0 removed, 33 recycled; write=0.614 s, sync=0.751 s, total=1.388 s; sync files=14, longest=0.134 s, average=0.054 s; distance=530041 kB, estimate=549807 kB; lsn=5/104335E0, redo lsn=5/10433128
2024-07-31 07:47:40.615 CEST [3099011] LOG:  skipping vacuum of "t" --- lock not available
2024-07-31 07:48:05.682 CEST [3098673] LOG:  checkpoint starting: wal
2024-07-31 07:48:06.930 CEST [3098673] LOG:  checkpoint complete: wrote 7 buffers (0.0%); 0 WAL file(s) added, 0 removed, 33 recycled; write=0.722 s, sync=0.497 s, total=1.250 s; sync files=15, longest=0.111 s, average=0.034 s; distance=544953 kB, estimate=549322 kB; lsn=5/31EDD6F8, redo lsn=5/31861608
2024-07-31 07:48:39.510 CEST [3098673] LOG:  checkpoint starting: immediate force wait
2024-07-31 07:48:46.200 CEST [3098673] LOG:  checkpoint complete: wrote 12306 buffers (4.7%); 0 WAL file(s) added, 0 removed, 25 recycled; write=0.182 s, sync=6.477 s, total=6.691 s; sync files=781, longest=1.584 s, average=0.009 s; distance=412442 kB, estimate=535634 kB; lsn=5/4AB5A7B8, redo lsn=5/4AB27FD8
2024-07-31 07:49:57.892 CEST [3098672] LOG:  received fast shutdown request
2024-07-31 07:49:57.893 CEST [3098672] LOG:  aborting any active transactions
2024-07-31 07:49:57.893 CEST [3098672] LOG:  background worker "logical replication launcher" (PID 3098678) exited with exit code 1
2024-07-31 07:49:57.896 CEST [3098673] LOG:  shutting down
2024-07-31 07:49:57.896 CEST [3098673] LOG:  checkpoint starting: shutdown immediate
2024-07-31 07:49:57.902 CEST [3098673] LOG:  checkpoint complete: wrote 66 buffers (0.0%); 0 WAL file(s) added, 0 removed, 0 recycled; write=0.005 s, sync=0.001 s, total=0.007 s; sync files=5, longest=0.001 s, average=0.001 s; distance=202 kB, estimate=482091 kB; lsn=5/4AB5A868, redo lsn=5/4AB5A868
2024-07-31 07:49:58.312 CEST [3098672] LOG:  database system is shut down
