2024-08-01 03:35:43.182 CEST [2535152] LOG:  starting PostgreSQL 18devel on x86_64-pc-linux-gnu, compiled by gcc (Debian 12.2.0-14) 12.2.0, 64-bit
2024-08-01 03:35:43.183 CEST [2535152] LOG:  listening on IPv6 address "::1", port 5432
2024-08-01 03:35:43.183 CEST [2535152] LOG:  listening on IPv4 address "127.0.0.1", port 5432
2024-08-01 03:35:43.185 CEST [2535152] LOG:  listening on Unix socket "/tmp/.s.PGSQL.5432"
2024-08-01 03:35:43.188 CEST [2535155] LOG:  database system was shut down at 2024-08-01 03:35:42 CEST
2024-08-01 03:35:43.192 CEST [2535152] LOG:  database system is ready to accept connections
2024-08-01 03:35:52.647 CEST [2535153] LOG:  checkpoints are occurring too frequently (9 seconds apart)
2024-08-01 03:35:52.647 CEST [2535153] HINT:  Consider increasing the configuration parameter "max_wal_size".
2024-08-01 03:35:52.670 CEST [2535153] LOG:  checkpoint starting: wal
2024-08-01 03:36:00.404 CEST [2535153] LOG:  checkpoint complete: wrote 55684 buffers (21.2%); 0 WAL file(s) added, 2 removed, 32 recycled; write=7.048 s, sync=0.601 s, total=7.758 s; sync files=707, longest=0.380 s, average=0.001 s; distance=552021 kB, estimate=552021 kB; lsn=0/428B47E8, redo lsn=0/230008C0
2024-08-01 03:36:00.797 CEST [2535153] LOG:  checkpoints are occurring too frequently (8 seconds apart)
2024-08-01 03:36:00.797 CEST [2535153] HINT:  Consider increasing the configuration parameter "max_wal_size".
2024-08-01 03:36:00.797 CEST [2535153] LOG:  checkpoint starting: wal
2024-08-01 03:36:07.386 CEST [2535153] LOG:  checkpoint complete: wrote 62455 buffers (23.8%); 0 WAL file(s) added, 2 removed, 31 recycled; write=6.044 s, sync=0.440 s, total=6.589 s; sync files=4, longest=0.222 s, average=0.110 s; distance=555646 kB, estimate=555646 kB; lsn=0/64000E08, redo lsn=0/44EA03A0
2024-08-01 03:36:07.569 CEST [2535153] LOG:  checkpoints are occurring too frequently (7 seconds apart)
2024-08-01 03:36:07.569 CEST [2535153] HINT:  Consider increasing the configuration parameter "max_wal_size".
2024-08-01 03:36:07.570 CEST [2535153] LOG:  checkpoint starting: wal
2024-08-01 03:36:14.194 CEST [2535153] LOG:  checkpoint complete: wrote 59167 buffers (22.6%); 0 WAL file(s) added, 1 removed, 32 recycled; write=6.119 s, sync=0.415 s, total=6.626 s; sync files=4, longest=0.394 s, average=0.104 s; distance=526753 kB, estimate=552757 kB; lsn=0/8492B808, redo lsn=0/65108848
2024-08-01 03:36:14.587 CEST [2535153] LOG:  checkpoints are occurring too frequently (7 seconds apart)
2024-08-01 03:36:14.587 CEST [2535153] HINT:  Consider increasing the configuration parameter "max_wal_size".
2024-08-01 03:36:14.587 CEST [2535153] LOG:  checkpoint starting: wal
2024-08-01 03:36:21.115 CEST [2535153] LOG:  checkpoint complete: wrote 62423 buffers (23.8%); 0 WAL file(s) added, 2 removed, 31 recycled; write=5.999 s, sync=0.413 s, total=6.528 s; sync files=4, longest=0.318 s, average=0.104 s; distance=555775 kB, estimate=555775 kB; lsn=0/A60011A8, redo lsn=0/86FC8748
2024-08-01 03:36:21.415 CEST [2535153] LOG:  checkpoints are occurring too frequently (7 seconds apart)
2024-08-01 03:36:21.415 CEST [2535153] HINT:  Consider increasing the configuration parameter "max_wal_size".
2024-08-01 03:36:21.415 CEST [2535153] LOG:  checkpoint starting: wal
2024-08-01 03:36:27.897 CEST [2535153] LOG:  checkpoint complete: wrote 60729 buffers (23.2%); 0 WAL file(s) added, 2 removed, 32 recycled; write=5.914 s, sync=0.461 s, total=6.483 s; sync files=4, longest=0.440 s, average=0.116 s; distance=540905 kB, estimate=554288 kB; lsn=0/C70025E0, redo lsn=0/A8002C18
2024-08-01 03:36:28.254 CEST [2535153] LOG:  checkpoints are occurring too frequently (7 seconds apart)
2024-08-01 03:36:28.254 CEST [2535153] HINT:  Consider increasing the configuration parameter "max_wal_size".
2024-08-01 03:36:28.254 CEST [2535153] LOG:  checkpoint starting: wal
2024-08-01 03:36:34.612 CEST [2535153] LOG:  checkpoint complete: wrote 61037 buffers (23.3%); 0 WAL file(s) added, 1 removed, 32 recycled; write=5.852 s, sync=0.414 s, total=6.358 s; sync files=3, longest=0.394 s, average=0.138 s; distance=543405 kB, estimate=553200 kB; lsn=0/E8BE74A8, redo lsn=0/C92AE170
2024-08-01 03:36:34.797 CEST [2535153] LOG:  checkpoints are occurring too frequently (6 seconds apart)
2024-08-01 03:36:34.797 CEST [2535153] HINT:  Consider increasing the configuration parameter "max_wal_size".
2024-08-01 03:36:34.797 CEST [2535153] LOG:  checkpoint starting: wal
2024-08-01 03:36:41.133 CEST [2535153] LOG:  checkpoint complete: wrote 60587 buffers (23.1%); 0 WAL file(s) added, 1 removed, 32 recycled; write=5.820 s, sync=0.400 s, total=6.337 s; sync files=4, longest=0.377 s, average=0.100 s; distance=539376 kB, estimate=551817 kB; lsn=1/998C0A8, redo lsn=0/EA16A180
2024-08-01 03:36:41.521 CEST [2535153] LOG:  checkpoints are occurring too frequently (7 seconds apart)
2024-08-01 03:36:41.521 CEST [2535153] HINT:  Consider increasing the configuration parameter "max_wal_size".
2024-08-01 03:36:41.521 CEST [2535153] LOG:  checkpoint starting: wal
2024-08-01 03:36:47.977 CEST [2535153] LOG:  checkpoint complete: wrote 62201 buffers (23.7%); 0 WAL file(s) added, 2 removed, 31 recycled; write=5.924 s, sync=0.399 s, total=6.457 s; sync files=3, longest=0.394 s, average=0.133 s; distance=553764 kB, estimate=553764 kB; lsn=1/2B0004D0, redo lsn=1/BE33440
2024-08-01 03:36:48.159 CEST [2535153] LOG:  checkpoints are occurring too frequently (7 seconds apart)
2024-08-01 03:36:48.159 CEST [2535153] HINT:  Consider increasing the configuration parameter "max_wal_size".
2024-08-01 03:36:48.160 CEST [2535153] LOG:  checkpoint starting: wal
2024-08-01 03:36:58.117 CEST [2535153] LOG:  checkpoint complete: wrote 59258 buffers (22.6%); 0 WAL file(s) added, 0 removed, 33 recycled; write=9.095 s, sync=0.829 s, total=9.958 s; sync files=8, longest=0.381 s, average=0.104 s; distance=527915 kB, estimate=551179 kB; lsn=1/4A11EFD0, redo lsn=1/2C1BE158
2024-08-01 03:37:00.687 CEST [2535153] LOG:  checkpoints are occurring too frequently (12 seconds apart)
2024-08-01 03:37:00.687 CEST [2535153] HINT:  Consider increasing the configuration parameter "max_wal_size".
2024-08-01 03:37:00.687 CEST [2535153] LOG:  checkpoint starting: wal
2024-08-01 03:37:29.377 CEST [2535153] LOG:  checkpoint complete: wrote 247851 buffers (94.5%); 0 WAL file(s) added, 0 removed, 33 recycled; write=28.105 s, sync=0.549 s, total=28.691 s; sync files=31, longest=0.085 s, average=0.018 s; distance=539627 kB, estimate=550024 kB; lsn=1/6BC0A350, redo lsn=1/4D0B8E98
2024-08-01 03:37:32.452 CEST [2535153] LOG:  checkpoint starting: wal
2024-08-01 03:37:38.466 CEST [2535153] LOG:  checkpoint complete: wrote 60 buffers (0.0%); 0 WAL file(s) added, 0 removed, 33 recycled; write=5.915 s, sync=0.066 s, total=6.015 s; sync files=28, longest=0.062 s, average=0.003 s; distance=551413 kB, estimate=551413 kB; lsn=1/733C8900, redo lsn=1/6EB36420
2024-08-01 03:37:43.270 CEST [2535195] LOG:  skipping vacuum of "t" --- lock not available
2024-08-01 03:38:04.992 CEST [2535153] LOG:  checkpoint starting: wal
2024-08-01 03:38:35.700 CEST [2535153] LOG:  checkpoint complete: wrote 755 buffers (0.3%); 0 WAL file(s) added, 2 removed, 31 recycled; write=30.063 s, sync=0.608 s, total=30.709 s; sync files=342, longest=0.082 s, average=0.002 s; distance=532664 kB, estimate=549538 kB; lsn=1/AF338C30, redo lsn=1/8F364690
2024-08-01 03:38:38.883 CEST [2535153] LOG:  checkpoint starting: wal
2024-08-01 03:38:43.287 CEST [2535214] LOG:  skipping vacuum of "t" --- lock not available
2024-08-01 03:38:44.523 CEST [2535153] LOG:  checkpoint complete: wrote 56 buffers (0.0%); 0 WAL file(s) added, 0 removed, 33 recycled; write=5.515 s, sync=0.093 s, total=5.641 s; sync files=26, longest=0.063 s, average=0.004 s; distance=543874 kB, estimate=548972 kB; lsn=1/B6B08730, redo lsn=1/B0685230
2024-08-01 03:39:13.347 CEST [2535153] LOG:  checkpoint starting: wal
2024-08-01 03:39:20.041 CEST [2535153] LOG:  checkpoint complete: wrote 62 buffers (0.0%); 0 WAL file(s) added, 0 removed, 33 recycled; write=6.116 s, sync=0.547 s, total=6.694 s; sync files=30, longest=0.078 s, average=0.019 s; distance=541148 kB, estimate=548189 kB; lsn=1/D85BD2A0, redo lsn=1/D16FC3A0
2024-08-01 03:39:43.306 CEST [2535234] LOG:  skipping vacuum of "t" --- lock not available
2024-08-01 03:39:45.462 CEST [2535153] LOG:  checkpoint starting: wal
2024-08-01 03:39:47.903 CEST [2535153] LOG:  checkpoint complete: wrote 20 buffers (0.0%); 0 WAL file(s) added, 0 removed, 33 recycled; write=1.909 s, sync=0.480 s, total=2.441 s; sync files=24, longest=0.078 s, average=0.020 s; distance=542395 kB, estimate=547610 kB; lsn=1/F28BC958, redo lsn=1/F28AB258
2024-08-01 03:40:21.291 CEST [2535153] LOG:  checkpoint starting: wal
2024-08-01 03:40:23.491 CEST [2535153] LOG:  checkpoint complete: wrote 18 buffers (0.0%); 0 WAL file(s) added, 0 removed, 33 recycled; write=1.708 s, sync=0.447 s, total=2.201 s; sync files=26, longest=0.073 s, average=0.018 s; distance=532719 kB, estimate=546121 kB; lsn=2/1436FED0, redo lsn=2/130E70B8
2024-08-01 03:40:43.323 CEST [2535252] LOG:  skipping vacuum of "t" --- lock not available
2024-08-01 03:40:58.253 CEST [2535153] LOG:  checkpoint starting: wal
2024-08-01 03:41:00.648 CEST [2535153] LOG:  checkpoint complete: wrote 20 buffers (0.0%); 0 WAL file(s) added, 0 removed, 33 recycled; write=1.909 s, sync=0.448 s, total=2.395 s; sync files=27, longest=0.074 s, average=0.017 s; distance=543499 kB, estimate=545859 kB; lsn=2/35E1F5C0, redo lsn=2/343A9E78
2024-08-01 03:41:36.243 CEST [2535153] LOG:  checkpoint starting: wal
2024-08-01 03:41:38.264 CEST [2535153] LOG:  checkpoint complete: wrote 16 buffers (0.0%); 0 WAL file(s) added, 0 removed, 33 recycled; write=1.521 s, sync=0.461 s, total=2.021 s; sync files=25, longest=0.072 s, average=0.019 s; distance=552036 kB, estimate=552036 kB; lsn=2/578CA5F8, redo lsn=2/55EC3270
2024-08-01 03:41:43.339 CEST [2535270] LOG:  skipping vacuum of "t" --- lock not available
2024-08-01 03:42:15.085 CEST [2535153] LOG:  checkpoint starting: wal
2024-08-01 03:42:17.270 CEST [2535153] LOG:  checkpoint complete: wrote 18 buffers (0.0%); 0 WAL file(s) added, 0 removed, 33 recycled; write=1.709 s, sync=0.439 s, total=2.186 s; sync files=24, longest=0.070 s, average=0.019 s; distance=539528 kB, estimate=550786 kB; lsn=2/79378270, redo lsn=2/76DA5348
2024-08-01 03:42:43.358 CEST [2535287] LOG:  skipping vacuum of "t" --- lock not available
2024-08-01 03:42:51.063 CEST [2535153] LOG:  checkpoint starting: wal
2024-08-01 03:42:52.858 CEST [2535153] LOG:  checkpoint complete: wrote 14 buffers (0.0%); 0 WAL file(s) added, 0 removed, 33 recycled; write=1.308 s, sync=0.446 s, total=1.796 s; sync files=23, longest=0.070 s, average=0.020 s; distance=528981 kB, estimate=548605 kB; lsn=2/9724CFA0, redo lsn=2/9723AA28
2024-08-01 03:43:31.480 CEST [2535153] LOG:  checkpoint starting: wal
2024-08-01 03:43:33.280 CEST [2535153] LOG:  checkpoint complete: wrote 14 buffers (0.0%); 0 WAL file(s) added, 0 removed, 33 recycled; write=1.309 s, sync=0.380 s, total=1.800 s; sync files=24, longest=0.077 s, average=0.016 s; distance=551582 kB, estimate=551582 kB; lsn=2/B8CFBCB8, redo lsn=2/B8CE24A0
2024-08-01 03:43:39.030 CEST [2535153] LOG:  checkpoints are occurring too frequently (8 seconds apart)
2024-08-01 03:43:39.030 CEST [2535153] HINT:  Consider increasing the configuration parameter "max_wal_size".
2024-08-01 03:43:39.030 CEST [2535153] LOG:  checkpoint starting: wal
2024-08-01 03:43:42.522 CEST [2535153] LOG:  checkpoint complete: wrote 26 buffers (0.0%); 0 WAL file(s) added, 0 removed, 33 recycled; write=2.509 s, sync=0.914 s, total=3.493 s; sync files=17, longest=0.841 s, average=0.054 s; distance=537257 kB, estimate=550150 kB; lsn=2/F7682658, redo lsn=2/D998C8A0
2024-08-01 03:43:42.836 CEST [2535153] LOG:  checkpoints are occurring too frequently (3 seconds apart)
2024-08-01 03:43:42.836 CEST [2535153] HINT:  Consider increasing the configuration parameter "max_wal_size".
2024-08-01 03:43:42.836 CEST [2535153] LOG:  checkpoint starting: wal
2024-08-01 03:43:42.907 CEST [2535153] LOG:  checkpoint complete: wrote 0 buffers (0.0%); 0 WAL file(s) added, 0 removed, 34 recycled; write=0.004 s, sync=0.001 s, total=0.071 s; sync files=0, longest=0.000 s, average=0.000 s; distance=547481 kB, estimate=549883 kB; lsn=2/FB29CC60, redo lsn=2/FB032D08
2024-08-01 03:43:43.377 CEST [2535303] LOG:  skipping vacuum of "t" --- lock not available
2024-08-01 03:43:46.192 CEST [2535153] LOG:  checkpoints are occurring too frequently (4 seconds apart)
2024-08-01 03:43:46.192 CEST [2535153] HINT:  Consider increasing the configuration parameter "max_wal_size".
2024-08-01 03:43:46.192 CEST [2535153] LOG:  checkpoint starting: wal
2024-08-01 03:43:47.269 CEST [2535153] LOG:  checkpoint complete: wrote 11 buffers (0.0%); 0 WAL file(s) added, 0 removed, 33 recycled; write=1.007 s, sync=0.002 s, total=1.077 s; sync files=6, longest=0.001 s, average=0.001 s; distance=555194 kB, estimate=555194 kB; lsn=3/27623470, redo lsn=3/1CE61820
2024-08-01 03:43:49.791 CEST [2535153] LOG:  checkpoints are occurring too frequently (3 seconds apart)
2024-08-01 03:43:49.791 CEST [2535153] HINT:  Consider increasing the configuration parameter "max_wal_size".
2024-08-01 03:43:49.792 CEST [2535153] LOG:  checkpoint starting: wal
2024-08-01 03:43:49.840 CEST [2535153] LOG:  checkpoint complete: wrote 0 buffers (0.0%); 0 WAL file(s) added, 0 removed, 33 recycled; write=0.005 s, sync=0.001 s, total=0.050 s; sync files=0, longest=0.000 s, average=0.000 s; distance=526224 kB, estimate=552297 kB; lsn=3/3D2ED6A8, redo lsn=3/3D045AA0
2024-08-01 03:43:53.102 CEST [2535153] LOG:  checkpoints are occurring too frequently (4 seconds apart)
2024-08-01 03:43:53.102 CEST [2535153] HINT:  Consider increasing the configuration parameter "max_wal_size".
2024-08-01 03:43:53.125 CEST [2535153] LOG:  checkpoint starting: wal
2024-08-01 03:43:53.175 CEST [2535153] LOG:  checkpoint complete: wrote 0 buffers (0.0%); 0 WAL file(s) added, 0 removed, 34 recycled; write=0.004 s, sync=0.001 s, total=0.074 s; sync files=0, longest=0.000 s, average=0.000 s; distance=556873 kB, estimate=556873 kB; lsn=3/5F2FD980, redo lsn=3/5F0180E0
2024-08-01 03:43:56.502 CEST [2535153] LOG:  checkpoints are occurring too frequently (3 seconds apart)
2024-08-01 03:43:56.502 CEST [2535153] HINT:  Consider increasing the configuration parameter "max_wal_size".
2024-08-01 03:43:56.526 CEST [2535153] LOG:  checkpoint starting: wal
2024-08-01 03:43:56.581 CEST [2535153] LOG:  checkpoint complete: wrote 0 buffers (0.0%); 0 WAL file(s) added, 0 removed, 34 recycled; write=0.004 s, sync=0.001 s, total=0.080 s; sync files=0, longest=0.000 s, average=0.000 s; distance=557120 kB, estimate=557120 kB; lsn=3/812CFFA8, redo lsn=3/810283B8
2024-08-01 03:44:00.446 CEST [2535153] LOG:  checkpoints are occurring too frequently (4 seconds apart)
2024-08-01 03:44:00.446 CEST [2535153] HINT:  Consider increasing the configuration parameter "max_wal_size".
2024-08-01 03:44:00.446 CEST [2535153] LOG:  checkpoint starting: wal
2024-08-01 03:44:00.515 CEST [2535153] LOG:  checkpoint complete: wrote 0 buffers (0.0%); 0 WAL file(s) added, 0 removed, 34 recycled; write=0.004 s, sync=0.001 s, total=0.070 s; sync files=0, longest=0.000 s, average=0.000 s; distance=557120 kB, estimate=557120 kB; lsn=3/A32A25E8, redo lsn=3/A3038690
2024-08-01 03:44:06.160 CEST [2535153] LOG:  checkpoints are occurring too frequently (6 seconds apart)
2024-08-01 03:44:06.160 CEST [2535153] HINT:  Consider increasing the configuration parameter "max_wal_size".
2024-08-01 03:44:06.160 CEST [2535153] LOG:  checkpoint starting: wal
2024-08-01 03:44:07.197 CEST [2535153] LOG:  checkpoint complete: wrote 8 buffers (0.0%); 0 WAL file(s) added, 0 removed, 34 recycled; write=0.805 s, sync=0.184 s, total=1.038 s; sync files=5, longest=0.183 s, average=0.037 s; distance=556879 kB, estimate=557096 kB; lsn=3/CC327890, redo lsn=3/C500C610
2024-08-01 03:44:31.527 CEST [2535153] LOG:  checkpoints are occurring too frequently (25 seconds apart)
2024-08-01 03:44:31.527 CEST [2535153] HINT:  Consider increasing the configuration parameter "max_wal_size".
2024-08-01 03:44:31.528 CEST [2535153] LOG:  checkpoint starting: wal
2024-08-01 03:44:32.548 CEST [2535153] LOG:  checkpoint complete: wrote 5 buffers (0.0%); 0 WAL file(s) added, 0 removed, 33 recycled; write=0.505 s, sync=0.485 s, total=1.022 s; sync files=11, longest=0.129 s, average=0.045 s; distance=545099 kB, estimate=555896 kB; lsn=3/E8C4EB30, redo lsn=3/E645F470
2024-08-01 03:44:43.379 CEST [2535332] LOG:  skipping vacuum of "t" --- lock not available
2024-08-01 03:45:04.209 CEST [2535153] LOG:  checkpoint starting: wal
2024-08-01 03:45:05.593 CEST [2535153] LOG:  checkpoint complete: wrote 8 buffers (0.0%); 0 WAL file(s) added, 0 removed, 33 recycled; write=0.806 s, sync=0.545 s, total=1.384 s; sync files=16, longest=0.073 s, average=0.035 s; distance=538164 kB, estimate=554123 kB; lsn=4/A6EE678, redo lsn=4/71EC5B0
2024-08-01 03:45:34.807 CEST [2535153] LOG:  checkpoint starting: wal
2024-08-01 03:45:36.128 CEST [2535153] LOG:  checkpoint complete: wrote 8 buffers (0.0%); 0 WAL file(s) added, 0 removed, 33 recycled; write=0.806 s, sync=0.485 s, total=1.322 s; sync files=14, longest=0.070 s, average=0.035 s; distance=544524 kB, estimate=553163 kB; lsn=4/285AF788, redo lsn=4/285AF5B8
2024-08-01 03:45:43.397 CEST [2535406] LOG:  skipping vacuum of "t" --- lock not available
2024-08-01 03:46:08.564 CEST [2535153] LOG:  checkpoint starting: wal
2024-08-01 03:46:10.069 CEST [2535153] LOG:  checkpoint complete: wrote 10 buffers (0.0%); 0 WAL file(s) added, 0 removed, 33 recycled; write=1.006 s, sync=0.459 s, total=1.507 s; sync files=15, longest=0.072 s, average=0.031 s; distance=537698 kB, estimate=551617 kB; lsn=4/4A0578A0, redo lsn=4/492C8100
2024-08-01 03:46:43.411 CEST [2535424] LOG:  skipping vacuum of "t" --- lock not available
2024-08-01 03:46:43.546 CEST [2535153] LOG:  checkpoint starting: wal
2024-08-01 03:46:45.239 CEST [2535153] LOG:  checkpoint complete: wrote 12 buffers (0.0%); 0 WAL file(s) added, 0 removed, 33 recycled; write=1.207 s, sync=0.434 s, total=1.694 s; sync files=15, longest=0.067 s, average=0.029 s; distance=548043 kB, estimate=551259 kB; lsn=4/6BAF90A8, redo lsn=4/6A9FB018
2024-08-01 03:47:19.526 CEST [2535153] LOG:  checkpoint starting: wal
2024-08-01 03:47:20.650 CEST [2535153] LOG:  checkpoint complete: wrote 10 buffers (0.0%); 0 WAL file(s) added, 0 removed, 33 recycled; write=1.015 s, sync=0.079 s, total=1.125 s; sync files=15, longest=0.060 s, average=0.006 s; distance=546507 kB, estimate=550784 kB; lsn=4/8D59ADF0, redo lsn=4/8BFADFC0
2024-08-01 03:47:43.430 CEST [2535442] LOG:  skipping vacuum of "t" --- lock not available
2024-08-01 03:47:56.086 CEST [2535153] LOG:  checkpoint starting: wal
2024-08-01 03:47:57.835 CEST [2535153] LOG:  checkpoint complete: wrote 12 buffers (0.0%); 0 WAL file(s) added, 0 removed, 33 recycled; write=1.208 s, sync=0.508 s, total=1.750 s; sync files=16, longest=0.070 s, average=0.032 s; distance=533115 kB, estimate=549017 kB; lsn=4/AF03B560, redo lsn=4/AC84CD50
2024-08-01 03:48:33.804 CEST [2535153] LOG:  checkpoint starting: wal
2024-08-01 03:48:34.940 CEST [2535153] LOG:  checkpoint complete: wrote 6 buffers (0.0%); 0 WAL file(s) added, 0 removed, 34 recycled; write=0.606 s, sync=0.497 s, total=1.136 s; sync files=14, longest=0.071 s, average=0.036 s; distance=548699 kB, estimate=548985 kB; lsn=4/D0ADCA80, redo lsn=4/CE023CD8
2024-08-01 03:48:43.431 CEST [2535461] LOG:  skipping vacuum of "t" --- lock not available
2024-08-01 03:49:12.639 CEST [2535153] LOG:  checkpoint starting: wal
2024-08-01 03:49:13.860 CEST [2535153] LOG:  checkpoint complete: wrote 7 buffers (0.0%); 0 WAL file(s) added, 0 removed, 34 recycled; write=0.713 s, sync=0.477 s, total=1.251 s; sync files=15, longest=0.075 s, average=0.032 s; distance=557055 kB, estimate=557055 kB; lsn=4/F2580548, redo lsn=4/F0023B00
2024-08-01 03:49:43.451 CEST [2535479] LOG:  skipping vacuum of "t" --- lock not available
2024-08-01 03:49:52.265 CEST [2535153] LOG:  checkpoint starting: wal
2024-08-01 03:49:53.390 CEST [2535153] LOG:  checkpoint complete: wrote 6 buffers (0.0%); 0 WAL file(s) added, 0 removed, 33 recycled; write=0.605 s, sync=0.489 s, total=1.126 s; sync files=15, longest=0.075 s, average=0.033 s; distance=549142 kB, estimate=556264 kB; lsn=5/14022940, redo lsn=5/118696A0
2024-08-01 03:50:32.502 CEST [2535153] LOG:  checkpoint starting: wal
2024-08-01 03:50:33.690 CEST [2535153] LOG:  checkpoint complete: wrote 7 buffers (0.0%); 0 WAL file(s) added, 0 removed, 33 recycled; write=0.705 s, sync=0.446 s, total=1.188 s; sync files=14, longest=0.117 s, average=0.032 s; distance=533559 kB, estimate=553993 kB; lsn=5/35AC3DB8, redo lsn=5/321772B8
2024-08-01 03:50:43.467 CEST [2535496] LOG:  skipping vacuum of "t" --- lock not available
2024-08-01 03:50:58.425 CEST [2535153] LOG:  checkpoint starting: immediate force wait
2024-08-01 03:50:59.695 CEST [2535153] LOG:  checkpoint complete: wrote 12305 buffers (4.7%); 0 WAL file(s) added, 0 removed, 24 recycled; write=0.124 s, sync=1.111 s, total=1.271 s; sync files=780, longest=0.637 s, average=0.002 s; distance=403197 kB, estimate=538914 kB; lsn=5/4AB36AF8, redo lsn=5/4AB36AA0
2024-08-01 03:52:13.594 CEST [2535152] LOG:  received fast shutdown request
2024-08-01 03:52:13.595 CEST [2535152] LOG:  aborting any active transactions
2024-08-01 03:52:13.595 CEST [2535152] LOG:  background worker "logical replication launcher" (PID 2535158) exited with exit code 1
2024-08-01 03:52:13.598 CEST [2535153] LOG:  shutting down
2024-08-01 03:52:13.598 CEST [2535153] LOG:  checkpoint starting: shutdown immediate
2024-08-01 03:52:13.607 CEST [2535153] LOG:  checkpoint complete: wrote 65 buffers (0.0%); 0 WAL file(s) added, 0 removed, 0 recycled; write=0.005 s, sync=0.003 s, total=0.010 s; sync files=5, longest=0.002 s, average=0.001 s; distance=206 kB, estimate=485043 kB; lsn=5/4AB6A498, redo lsn=5/4AB6A498
2024-08-01 03:52:14.013 CEST [2535152] LOG:  database system is shut down
