2024-07-30 16:49:05.186 BST [2961435] LOG:  starting PostgreSQL 18devel on aarch64-unknown-linux-gnu, compiled by gcc (Debian 12.2.0-14) 12.2.0, 64-bit
2024-07-30 16:49:05.186 BST [2961435] LOG:  listening on IPv6 address "::1", port 5432
2024-07-30 16:49:05.186 BST [2961435] LOG:  listening on IPv4 address "127.0.0.1", port 5432
2024-07-30 16:49:05.203 BST [2961435] LOG:  listening on Unix socket "/tmp/.s.PGSQL.5432"
2024-07-30 16:49:05.220 BST [2961438] LOG:  database system was shut down at 2024-07-30 16:49:03 BST
2024-07-30 16:49:05.229 BST [2961435] LOG:  database system is ready to accept connections
2024-07-30 16:49:16.238 BST [2961436] LOG:  checkpoints are occurring too frequently (11 seconds apart)
2024-07-30 16:49:16.238 BST [2961436] HINT:  Consider increasing the configuration parameter "max_wal_size".
2024-07-30 16:49:16.239 BST [2961436] LOG:  checkpoint starting: wal
2024-07-30 16:50:03.505 BST [2961436] LOG:  checkpoint complete: wrote 60435 buffers (46.1%); 0 WAL file(s) added, 0 removed, 33 recycled; write=45.782 s, sync=1.289 s, total=47.267 s; sync files=787, longest=0.037 s, average=0.002 s; distance=537505 kB, estimate=537505 kB; lsn=0/40CC24F0, redo lsn=0/221CE928
2024-07-30 16:50:07.093 BST [2961436] LOG:  checkpoint starting: wal
2024-07-30 16:50:10.264 BST [2961436] LOG:  checkpoint complete: wrote 29 buffers (0.0%); 0 WAL file(s) added, 0 removed, 33 recycled; write=2.827 s, sync=0.273 s, total=3.171 s; sync files=30, longest=0.036 s, average=0.010 s; distance=539514 kB, estimate=539514 kB; lsn=0/44EACCC0, redo lsn=0/430AD408
2024-07-30 16:50:19.948 BST [2961436] LOG:  checkpoints are occurring too frequently (12 seconds apart)
2024-07-30 16:50:19.948 BST [2961436] HINT:  Consider increasing the configuration parameter "max_wal_size".
2024-07-30 16:50:19.949 BST [2961436] LOG:  checkpoint starting: wal
2024-07-30 16:50:25.669 BST [2961436] LOG:  checkpoint complete: wrote 45 buffers (0.0%); 0 WAL file(s) added, 0 removed, 33 recycled; write=4.420 s, sync=1.220 s, total=5.721 s; sync files=40, longest=1.076 s, average=0.031 s; distance=541076 kB, estimate=541076 kB; lsn=0/682F0E18, redo lsn=0/64112590
2024-07-30 16:51:05.316 BST [2961650] LOG:  skipping vacuum of "t" --- lock not available
2024-07-30 16:51:08.140 BST [2961436] LOG:  checkpoint starting: wal
2024-07-30 16:51:20.710 BST [2961436] LOG:  checkpoint complete: wrote 125 buffers (0.1%); 0 WAL file(s) added, 0 removed, 33 recycled; write=9.301 s, sync=3.151 s, total=12.570 s; sync files=876, longest=0.989 s, average=0.004 s; distance=540265 kB, estimate=540995 kB; lsn=0/89840698, redo lsn=0/850ACAC0
2024-07-30 16:51:20.710 BST [2961436] LOG:  checkpoint starting: immediate force wait
2024-07-30 16:51:20.968 BST [2961436] LOG:  checkpoint complete: wrote 8165 buffers (6.2%); 0 WAL file(s) added, 0 removed, 4 recycled; write=0.049 s, sync=0.171 s, total=0.258 s; sync files=449, longest=0.126 s, average=0.001 s; distance=73295 kB, estimate=494225 kB; lsn=0/89840768, redo lsn=0/89840710
2024-07-30 16:52:36.391 BST [2961435] LOG:  received fast shutdown request
2024-07-30 16:52:36.394 BST [2961435] LOG:  aborting any active transactions
2024-07-30 16:52:36.395 BST [2961435] LOG:  background worker "logical replication launcher" (PID 2961441) exited with exit code 1
2024-07-30 16:52:36.396 BST [2961436] LOG:  shutting down
2024-07-30 16:52:36.398 BST [2961436] LOG:  checkpoint starting: shutdown immediate
2024-07-30 16:52:36.419 BST [2961436] LOG:  checkpoint complete: wrote 95 buffers (0.1%); 0 WAL file(s) added, 0 removed, 0 recycled; write=0.007 s, sync=0.004 s, total=0.024 s; sync files=10, longest=0.004 s, average=0.001 s; distance=355 kB, estimate=444838 kB; lsn=0/89899608, redo lsn=0/89899608
2024-07-30 16:52:36.482 BST [2961435] LOG:  database system is shut down
