2024-07-31 13:48:28.760 BST [1375] LOG:  starting PostgreSQL 18devel on armv8l-unknown-linux-gnueabihf, compiled by gcc (Raspbian 12.2.0-14+rpi1) 12.2.0, 32-bit
2024-07-31 13:48:28.760 BST [1375] LOG:  listening on IPv6 address "::1", port 5432
2024-07-31 13:48:28.760 BST [1375] LOG:  listening on IPv4 address "127.0.0.1", port 5432
2024-07-31 13:48:28.775 BST [1375] LOG:  listening on Unix socket "/tmp/.s.PGSQL.5432"
2024-07-31 13:48:28.779 BST [1378] LOG:  database system was shut down at 2024-07-31 13:48:26 BST
2024-07-31 13:48:28.785 BST [1375] LOG:  database system is ready to accept connections
2024-07-31 13:48:43.000 BST [1376] LOG:  checkpoints are occurring too frequently (14 seconds apart)
2024-07-31 13:48:43.000 BST [1376] HINT:  Consider increasing the configuration parameter "max_wal_size".
2024-07-31 13:48:43.001 BST [1376] LOG:  checkpoint starting: wal
2024-07-31 13:49:35.129 BST [1376] LOG:  checkpoint complete: wrote 60435 buffers (46.1%); 0 WAL file(s) added, 0 removed, 33 recycled; write=50.088 s, sync=1.839 s, total=52.129 s; sync files=787, longest=0.229 s, average=0.003 s; distance=537502 kB, estimate=537502 kB; lsn=0/40CC1940, redo lsn=0/221CD788
2024-07-31 13:49:38.856 BST [1376] LOG:  checkpoint starting: wal
2024-07-31 13:49:42.143 BST [1376] LOG:  checkpoint complete: wrote 29 buffers (0.0%); 0 WAL file(s) added, 0 removed, 33 recycled; write=2.841 s, sync=0.296 s, total=3.287 s; sync files=30, longest=0.025 s, average=0.010 s; distance=539514 kB, estimate=539514 kB; lsn=0/448AF930, redo lsn=0/430AC280
2024-07-31 13:49:53.597 BST [1376] LOG:  checkpoints are occurring too frequently (15 seconds apart)
2024-07-31 13:49:53.597 BST [1376] HINT:  Consider increasing the configuration parameter "max_wal_size".
2024-07-31 13:49:53.597 BST [1376] LOG:  checkpoint starting: wal
2024-07-31 13:49:59.429 BST [1376] LOG:  checkpoint complete: wrote 45 buffers (0.0%); 0 WAL file(s) added, 0 removed, 33 recycled; write=4.470 s, sync=1.163 s, total=5.832 s; sync files=39, longest=1.082 s, average=0.030 s; distance=541076 kB, estimate=541076 kB; lsn=0/67BAF0C8, redo lsn=0/64111488
2024-07-31 13:50:28.872 BST [1571] LOG:  skipping vacuum of "t" --- lock not available
2024-07-31 13:50:47.086 BST [1376] LOG:  checkpoint starting: wal
2024-07-31 13:50:59.441 BST [1376] LOG:  checkpoint complete: wrote 125 buffers (0.1%); 0 WAL file(s) added, 0 removed, 33 recycled; write=9.834 s, sync=2.403 s, total=12.355 s; sync files=877, longest=1.003 s, average=0.003 s; distance=540265 kB, estimate=540995 kB; lsn=0/8983ECB8, redo lsn=0/850ABA20
2024-07-31 13:50:59.441 BST [1376] LOG:  checkpoint starting: immediate force wait
2024-07-31 13:51:00.297 BST [1376] LOG:  checkpoint complete: wrote 8166 buffers (6.2%); 0 WAL file(s) added, 0 removed, 4 recycled; write=0.081 s, sync=0.707 s, total=0.857 s; sync files=449, longest=0.081 s, average=0.002 s; distance=73292 kB, estimate=494225 kB; lsn=0/8983ED88, redo lsn=0/8983ED30
2024-07-31 13:52:12.782 BST [1375] LOG:  received fast shutdown request
2024-07-31 13:52:12.791 BST [1375] LOG:  aborting any active transactions
2024-07-31 13:52:12.792 BST [1375] LOG:  background worker "logical replication launcher" (PID 1381) exited with exit code 1
2024-07-31 13:52:12.795 BST [1376] LOG:  shutting down
2024-07-31 13:52:12.797 BST [1376] LOG:  checkpoint starting: shutdown immediate
2024-07-31 13:52:12.825 BST [1376] LOG:  checkpoint complete: wrote 96 buffers (0.1%); 0 WAL file(s) added, 0 removed, 0 recycled; write=0.011 s, sync=0.012 s, total=0.030 s; sync files=10, longest=0.002 s, average=0.002 s; distance=354 kB, estimate=444838 kB; lsn=0/898977A8, redo lsn=0/898977A8
2024-07-31 13:52:13.056 BST [1375] LOG:  database system is shut down
