2024-07-31 07:33:02.745 CEST [2179685] LOG:  starting PostgreSQL 18devel on x86_64-pc-linux-gnu, compiled by gcc (Debian 12.2.0-14) 12.2.0, 64-bit
2024-07-31 07:33:02.745 CEST [2179685] LOG:  listening on IPv6 address "::1", port 5432
2024-07-31 07:33:02.745 CEST [2179685] LOG:  listening on IPv4 address "127.0.0.1", port 5432
2024-07-31 07:33:02.747 CEST [2179685] LOG:  listening on Unix socket "/tmp/.s.PGSQL.5432"
2024-07-31 07:33:02.750 CEST [2179688] LOG:  database system was shut down at 2024-07-31 07:33:01 CEST
2024-07-31 07:33:02.753 CEST [2179685] LOG:  database system is ready to accept connections
2024-07-31 07:33:12.407 CEST [2179686] LOG:  checkpoints are occurring too frequently (10 seconds apart)
2024-07-31 07:33:12.407 CEST [2179686] HINT:  Consider increasing the configuration parameter "max_wal_size".
2024-07-31 07:33:12.432 CEST [2179686] LOG:  checkpoint starting: wal
2024-07-31 07:33:20.298 CEST [2179686] LOG:  checkpoint complete: wrote 55684 buffers (21.2%); 0 WAL file(s) added, 2 removed, 32 recycled; write=7.160 s, sync=0.618 s, total=7.892 s; sync files=707, longest=0.384 s, average=0.001 s; distance=552021 kB, estimate=552021 kB; lsn=0/42701F70, redo lsn=0/23000880
2024-07-31 07:33:20.690 CEST [2179686] LOG:  checkpoints are occurring too frequently (8 seconds apart)
2024-07-31 07:33:20.690 CEST [2179686] HINT:  Consider increasing the configuration parameter "max_wal_size".
2024-07-31 07:33:20.690 CEST [2179686] LOG:  checkpoint starting: wal
2024-07-31 07:33:27.484 CEST [2179686] LOG:  checkpoint complete: wrote 62141 buffers (23.7%); 0 WAL file(s) added, 2 removed, 31 recycled; write=6.257 s, sync=0.428 s, total=6.795 s; sync files=4, longest=0.210 s, average=0.107 s; distance=552889 kB, estimate=552889 kB; lsn=0/64001990, redo lsn=0/44BEED68
2024-07-31 07:33:27.669 CEST [2179686] LOG:  checkpoints are occurring too frequently (7 seconds apart)
2024-07-31 07:33:27.669 CEST [2179686] HINT:  Consider increasing the configuration parameter "max_wal_size".
2024-07-31 07:33:27.670 CEST [2179686] LOG:  checkpoint starting: wal
2024-07-31 07:33:34.414 CEST [2179686] LOG:  checkpoint complete: wrote 59679 buffers (22.8%); 0 WAL file(s) added, 1 removed, 32 recycled; write=6.247 s, sync=0.406 s, total=6.745 s; sync files=4, longest=0.386 s, average=0.102 s; distance=531325 kB, estimate=550732 kB; lsn=0/847F1F88, redo lsn=0/652CE298
2024-07-31 07:33:34.808 CEST [2179686] LOG:  checkpoints are occurring too frequently (7 seconds apart)
2024-07-31 07:33:34.808 CEST [2179686] HINT:  Consider increasing the configuration parameter "max_wal_size".
2024-07-31 07:33:34.808 CEST [2179686] LOG:  checkpoint starting: wal
2024-07-31 07:33:41.442 CEST [2179686] LOG:  checkpoint complete: wrote 61889 buffers (23.6%); 0 WAL file(s) added, 2 removed, 31 recycled; write=6.119 s, sync=0.419 s, total=6.634 s; sync files=4, longest=0.327 s, average=0.105 s; distance=550998 kB, estimate=550998 kB; lsn=0/A60004A0, redo lsn=0/86CE3C50
2024-07-31 07:33:41.629 CEST [2179686] LOG:  checkpoints are occurring too frequently (7 seconds apart)
2024-07-31 07:33:41.629 CEST [2179686] HINT:  Consider increasing the configuration parameter "max_wal_size".
2024-07-31 07:33:41.629 CEST [2179686] LOG:  checkpoint starting: wal
2024-07-31 07:33:48.030 CEST [2179686] LOG:  checkpoint complete: wrote 59617 buffers (22.7%); 0 WAL file(s) added, 1 removed, 32 recycled; write=5.912 s, sync=0.410 s, total=6.401 s; sync files=4, longest=0.386 s, average=0.103 s; distance=531009 kB, estimate=548999 kB; lsn=0/C6504318, redo lsn=0/A7374210
2024-07-31 07:33:48.427 CEST [2179686] LOG:  checkpoints are occurring too frequently (7 seconds apart)
2024-07-31 07:33:48.427 CEST [2179686] HINT:  Consider increasing the configuration parameter "max_wal_size".
2024-07-31 07:33:48.427 CEST [2179686] LOG:  checkpoint starting: wal
2024-07-31 07:33:54.916 CEST [2179686] LOG:  checkpoint complete: wrote 61640 buffers (23.5%); 0 WAL file(s) added, 2 removed, 31 recycled; write=5.963 s, sync=0.411 s, total=6.490 s; sync files=3, longest=0.382 s, average=0.137 s; distance=548777 kB, estimate=548977 kB; lsn=0/E8001C68, redo lsn=0/C8B5E810
2024-07-31 07:33:55.096 CEST [2179686] LOG:  checkpoints are occurring too frequently (7 seconds apart)
2024-07-31 07:33:55.096 CEST [2179686] HINT:  Consider increasing the configuration parameter "max_wal_size".
2024-07-31 07:33:55.098 CEST [2179686] LOG:  checkpoint starting: wal
2024-07-31 07:34:01.511 CEST [2179686] LOG:  checkpoint complete: wrote 59560 buffers (22.7%); 0 WAL file(s) added, 1 removed, 32 recycled; write=5.888 s, sync=0.407 s, total=6.415 s; sync files=4, longest=0.375 s, average=0.102 s; distance=530209 kB, estimate=547100 kB; lsn=1/8666CC0, redo lsn=0/E9126E10
2024-07-31 07:34:01.911 CEST [2179686] LOG:  checkpoints are occurring too frequently (6 seconds apart)
2024-07-31 07:34:01.911 CEST [2179686] HINT:  Consider increasing the configuration parameter "max_wal_size".
2024-07-31 07:34:01.911 CEST [2179686] LOG:  checkpoint starting: wal
2024-07-31 07:34:08.339 CEST [2179686] LOG:  checkpoint complete: wrote 61837 buffers (23.6%); 0 WAL file(s) added, 1 removed, 32 recycled; write=5.945 s, sync=0.386 s, total=6.428 s; sync files=4, longest=0.379 s, average=0.097 s; distance=550518 kB, estimate=550518 kB; lsn=1/29A83D78, redo lsn=1/AAC4820
2024-07-31 07:34:08.528 CEST [2179686] LOG:  checkpoints are occurring too frequently (7 seconds apart)
2024-07-31 07:34:08.528 CEST [2179686] HINT:  Consider increasing the configuration parameter "max_wal_size".
2024-07-31 07:34:08.529 CEST [2179686] LOG:  checkpoint starting: wal
2024-07-31 07:34:18.636 CEST [2179686] LOG:  checkpoint complete: wrote 59519 buffers (22.7%); 0 WAL file(s) added, 1 removed, 32 recycled; write=9.195 s, sync=0.877 s, total=10.109 s; sync files=8, longest=0.389 s, average=0.110 s; distance=530078 kB, estimate=548474 kB; lsn=1/4A117618, redo lsn=1/2B06C1B8
2024-07-31 07:34:21.673 CEST [2179686] LOG:  checkpoints are occurring too frequently (13 seconds apart)
2024-07-31 07:34:21.673 CEST [2179686] HINT:  Consider increasing the configuration parameter "max_wal_size".
2024-07-31 07:34:21.673 CEST [2179686] LOG:  checkpoint starting: wal
2024-07-31 07:34:50.754 CEST [2179686] LOG:  checkpoint complete: wrote 249992 buffers (95.4%); 0 WAL file(s) added, 1 removed, 32 recycled; write=28.473 s, sync=0.574 s, total=29.082 s; sync files=32, longest=0.082 s, average=0.018 s; distance=552281 kB, estimate=552281 kB; lsn=1/6BC02608, redo lsn=1/4CBC29B0
2024-07-31 07:34:53.938 CEST [2179686] LOG:  checkpoint starting: wal
2024-07-31 07:34:59.964 CEST [2179686] LOG:  checkpoint complete: wrote 60 buffers (0.0%); 0 WAL file(s) added, 0 removed, 33 recycled; write=5.916 s, sync=0.066 s, total=6.026 s; sync files=29, longest=0.060 s, average=0.003 s; distance=541095 kB, estimate=551163 kB; lsn=1/733C0EE0, redo lsn=1/6DC2C630
2024-07-31 07:35:02.786 CEST [2179728] LOG:  skipping vacuum of "t" --- lock not available
2024-07-31 07:35:26.917 CEST [2179686] LOG:  checkpoint starting: wal
2024-07-31 07:35:57.130 CEST [2179686] LOG:  checkpoint complete: wrote 755 buffers (0.3%); 0 WAL file(s) added, 0 removed, 33 recycled; write=29.671 s, sync=0.492 s, total=30.213 s; sync files=342, longest=0.070 s, average=0.002 s; distance=541227 kB, estimate=550169 kB; lsn=1/AC4A4398, redo lsn=1/8ECB7410
2024-07-31 07:35:57.736 CEST [2179686] LOG:  checkpoint starting: wal
2024-07-31 07:36:02.803 CEST [2179747] LOG:  skipping vacuum of "t" --- lock not available
2024-07-31 07:36:03.523 CEST [2179686] LOG:  checkpoint complete: wrote 57 buffers (0.0%); 0 WAL file(s) added, 0 removed, 33 recycled; write=5.615 s, sync=0.131 s, total=5.787 s; sync files=25, longest=0.068 s, average=0.006 s; distance=530918 kB, estimate=548244 kB; lsn=1/B2F28678, redo lsn=1/AF330DE8
2024-07-31 07:36:32.327 CEST [2179686] LOG:  checkpoint starting: wal
2024-07-31 07:36:38.944 CEST [2179686] LOG:  checkpoint complete: wrote 62 buffers (0.0%); 0 WAL file(s) added, 0 removed, 33 recycled; write=6.116 s, sync=0.461 s, total=6.618 s; sync files=30, longest=0.074 s, average=0.016 s; distance=545956 kB, estimate=548015 kB; lsn=1/D49DCF20, redo lsn=1/D0859FA0
2024-07-31 07:37:02.822 CEST [2179768] LOG:  skipping vacuum of "t" --- lock not available
2024-07-31 07:37:07.669 CEST [2179686] LOG:  checkpoint starting: wal
2024-07-31 07:37:09.955 CEST [2179686] LOG:  checkpoint complete: wrote 19 buffers (0.0%); 0 WAL file(s) added, 0 removed, 33 recycled; write=1.809 s, sync=0.446 s, total=2.287 s; sync files=25, longest=0.072 s, average=0.018 s; distance=533843 kB, estimate=546598 kB; lsn=1/F28B6A18, redo lsn=1/F11AEC40
2024-07-31 07:37:43.997 CEST [2179686] LOG:  checkpoint starting: wal
2024-07-31 07:37:46.308 CEST [2179686] LOG:  checkpoint complete: wrote 19 buffers (0.0%); 0 WAL file(s) added, 0 removed, 33 recycled; write=1.809 s, sync=0.471 s, total=2.313 s; sync files=26, longest=0.077 s, average=0.019 s; distance=543059 kB, estimate=546244 kB; lsn=2/1436A030, redo lsn=2/12403B30
2024-07-31 07:38:02.841 CEST [2179789] LOG:  skipping vacuum of "t" --- lock not available
2024-07-31 07:38:21.357 CEST [2179686] LOG:  checkpoint starting: wal
2024-07-31 07:38:23.611 CEST [2179686] LOG:  checkpoint complete: wrote 19 buffers (0.0%); 0 WAL file(s) added, 0 removed, 33 recycled; write=1.819 s, sync=0.406 s, total=2.255 s; sync files=27, longest=0.073 s, average=0.016 s; distance=552274 kB, estimate=552274 kB; lsn=2/35E176F8, redo lsn=2/33F58340
2024-07-31 07:38:59.579 CEST [2179686] LOG:  checkpoint starting: wal
2024-07-31 07:39:01.566 CEST [2179686] LOG:  checkpoint complete: wrote 16 buffers (0.0%); 0 WAL file(s) added, 0 removed, 33 recycled; write=1.508 s, sync=0.449 s, total=1.987 s; sync files=25, longest=0.071 s, average=0.018 s; distance=540838 kB, estimate=551130 kB; lsn=2/578C2730, redo lsn=2/54F81D20
2024-07-31 07:39:02.861 CEST [2179806] LOG:  skipping vacuum of "t" --- lock not available
2024-07-31 07:39:35.153 CEST [2179686] LOG:  checkpoint starting: wal
2024-07-31 07:39:37.344 CEST [2179686] LOG:  checkpoint complete: wrote 18 buffers (0.0%); 0 WAL file(s) added, 0 removed, 33 recycled; write=1.708 s, sync=0.442 s, total=2.192 s; sync files=23, longest=0.073 s, average=0.020 s; distance=532500 kB, estimate=549267 kB; lsn=2/75797BC0, redo lsn=2/757870F8
2024-07-31 07:40:02.880 CEST [2179823] LOG:  skipping vacuum of "t" --- lock not available
2024-07-31 07:40:14.977 CEST [2179686] LOG:  checkpoint starting: wal
2024-07-31 07:40:16.707 CEST [2179686] LOG:  checkpoint complete: wrote 14 buffers (0.0%); 0 WAL file(s) added, 0 removed, 33 recycled; write=1.309 s, sync=0.390 s, total=1.732 s; sync files=24, longest=0.074 s, average=0.017 s; distance=537084 kB, estimate=548049 kB; lsn=2/97244DE0, redo lsn=2/964063E0
2024-07-31 07:40:55.782 CEST [2179686] LOG:  checkpoint starting: wal
2024-07-31 07:40:57.502 CEST [2179686] LOG:  checkpoint complete: wrote 14 buffers (0.0%); 0 WAL file(s) added, 0 removed, 33 recycled; write=1.308 s, sync=0.384 s, total=1.721 s; sync files=24, longest=0.073 s, average=0.016 s; distance=549849 kB, estimate=549849 kB; lsn=2/B8CF3AF8, redo lsn=2/B7CFC828
2024-07-31 07:41:02.897 CEST [2179841] LOG:  skipping vacuum of "t" --- lock not available
2024-07-31 07:41:03.585 CEST [2179686] LOG:  checkpoints are occurring too frequently (8 seconds apart)
2024-07-31 07:41:03.585 CEST [2179686] HINT:  Consider increasing the configuration parameter "max_wal_size".
2024-07-31 07:41:03.585 CEST [2179686] LOG:  checkpoint starting: wal
2024-07-31 07:41:07.727 CEST [2179686] LOG:  checkpoint complete: wrote 36 buffers (0.0%); 0 WAL file(s) added, 3 removed, 30 recycled; write=3.110 s, sync=0.949 s, total=4.143 s; sync files=21, longest=0.872 s, average=0.046 s; distance=532793 kB, estimate=548143 kB; lsn=2/F937E7A0, redo lsn=2/D854AF70
2024-07-31 07:41:07.727 CEST [2179686] LOG:  checkpoints are occurring too frequently (4 seconds apart)
2024-07-31 07:41:07.727 CEST [2179686] HINT:  Consider increasing the configuration parameter "max_wal_size".
2024-07-31 07:41:07.727 CEST [2179686] LOG:  checkpoint starting: wal
2024-07-31 07:41:07.787 CEST [2179686] LOG:  checkpoint complete: wrote 0 buffers (0.0%); 0 WAL file(s) added, 0 removed, 33 recycled; write=0.004 s, sync=0.001 s, total=0.060 s; sync files=0, longest=0.000 s, average=0.000 s; distance=549952 kB, estimate=549952 kB; lsn=2/FA0C51F8, redo lsn=2/F9E5B290
2024-07-31 07:41:11.100 CEST [2179686] LOG:  checkpoints are occurring too frequently (4 seconds apart)
2024-07-31 07:41:11.100 CEST [2179686] HINT:  Consider increasing the configuration parameter "max_wal_size".
2024-07-31 07:41:11.102 CEST [2179686] LOG:  checkpoint starting: wal
2024-07-31 07:41:11.155 CEST [2179686] LOG:  checkpoint complete: wrote 0 buffers (0.0%); 0 WAL file(s) added, 0 removed, 33 recycled; write=0.004 s, sync=0.001 s, total=0.055 s; sync files=0, longest=0.000 s, average=0.000 s; distance=530920 kB, estimate=548049 kB; lsn=3/1A73F4D8, redo lsn=3/1A4D5580
2024-07-31 07:41:14.623 CEST [2179686] LOG:  checkpoints are occurring too frequently (3 seconds apart)
2024-07-31 07:41:14.623 CEST [2179686] HINT:  Consider increasing the configuration parameter "max_wal_size".
2024-07-31 07:41:14.624 CEST [2179686] LOG:  checkpoint starting: wal
2024-07-31 07:41:14.685 CEST [2179686] LOG:  checkpoint complete: wrote 0 buffers (0.0%); 0 WAL file(s) added, 0 removed, 33 recycled; write=0.004 s, sync=0.001 s, total=0.062 s; sync files=0, longest=0.000 s, average=0.000 s; distance=548964 kB, estimate=548964 kB; lsn=3/3BF96270, redo lsn=3/3BCEE668
2024-07-31 07:41:18.256 CEST [2179686] LOG:  checkpoints are occurring too frequently (4 seconds apart)
2024-07-31 07:41:18.256 CEST [2179686] HINT:  Consider increasing the configuration parameter "max_wal_size".
2024-07-31 07:41:18.299 CEST [2179686] LOG:  checkpoint starting: wal
2024-07-31 07:41:18.825 CEST [2179686] LOG:  checkpoint complete: wrote 0 buffers (0.0%); 0 WAL file(s) added, 0 removed, 34 recycled; write=0.098 s, sync=0.001 s, total=0.570 s; sync files=0, longest=0.000 s, average=0.000 s; distance=544020 kB, estimate=548469 kB; lsn=3/5E47A2E8, redo lsn=3/5D033948
2024-07-31 07:41:21.990 CEST [2179686] LOG:  checkpoints are occurring too frequently (3 seconds apart)
2024-07-31 07:41:21.990 CEST [2179686] HINT:  Consider increasing the configuration parameter "max_wal_size".
2024-07-31 07:41:21.991 CEST [2179686] LOG:  checkpoint starting: wal
2024-07-31 07:41:22.046 CEST [2179686] LOG:  checkpoint complete: wrote 0 buffers (0.0%); 0 WAL file(s) added, 0 removed, 33 recycled; write=0.004 s, sync=0.001 s, total=0.056 s; sync files=0, longest=0.000 s, average=0.000 s; distance=547481 kB, estimate=548370 kB; lsn=3/7E943CF8, redo lsn=3/7E6D9DA0
2024-07-31 07:41:25.347 CEST [2179686] LOG:  checkpoints are occurring too frequently (4 seconds apart)
2024-07-31 07:41:25.347 CEST [2179686] HINT:  Consider increasing the configuration parameter "max_wal_size".
2024-07-31 07:41:25.348 CEST [2179686] LOG:  checkpoint starting: wal
2024-07-31 07:41:25.396 CEST [2179686] LOG:  checkpoint complete: wrote 0 buffers (0.0%); 0 WAL file(s) added, 0 removed, 33 recycled; write=0.004 s, sync=0.001 s, total=0.049 s; sync files=0, longest=0.000 s, average=0.000 s; distance=536111 kB, estimate=547145 kB; lsn=3/9F4CFA28, redo lsn=3/9F265AD0
2024-07-31 07:41:29.008 CEST [2179686] LOG:  checkpoints are occurring too frequently (4 seconds apart)
2024-07-31 07:41:29.008 CEST [2179686] HINT:  Consider increasing the configuration parameter "max_wal_size".
2024-07-31 07:41:29.008 CEST [2179686] LOG:  checkpoint starting: wal
2024-07-31 07:41:29.950 CEST [2179686] LOG:  checkpoint complete: wrote 0 buffers (0.0%); 0 WAL file(s) added, 0 removed, 33 recycled; write=0.205 s, sync=0.001 s, total=0.943 s; sync files=0, longest=0.000 s, average=0.000 s; distance=548469 kB, estimate=548469 kB; lsn=3/C2603138, redo lsn=3/C0A031E8
2024-07-31 07:41:51.094 CEST [2179686] LOG:  checkpoints are occurring too frequently (22 seconds apart)
2024-07-31 07:41:51.094 CEST [2179686] HINT:  Consider increasing the configuration parameter "max_wal_size".
2024-07-31 07:41:51.094 CEST [2179686] LOG:  checkpoint starting: wal
2024-07-31 07:41:52.557 CEST [2179686] LOG:  checkpoint complete: wrote 9 buffers (0.0%); 0 WAL file(s) added, 0 removed, 33 recycled; write=0.913 s, sync=0.518 s, total=1.464 s; sync files=11, longest=0.185 s, average=0.048 s; distance=535062 kB, estimate=547129 kB; lsn=3/E1488DD8, redo lsn=3/E1488CF0
2024-07-31 07:42:02.915 CEST [2179857] LOG:  skipping vacuum of "t" --- lock not available
2024-07-31 07:42:23.632 CEST [2179686] LOG:  checkpoint starting: wal
2024-07-31 07:42:25.004 CEST [2179686] LOG:  checkpoint complete: wrote 8 buffers (0.0%); 0 WAL file(s) added, 0 removed, 33 recycled; write=0.806 s, sync=0.534 s, total=1.374 s; sync files=16, longest=0.070 s, average=0.034 s; distance=536604 kB, estimate=546076 kB; lsn=4/2F307A8, redo lsn=4/208FE30
2024-07-31 07:42:57.578 CEST [2179686] LOG:  checkpoint starting: wal
2024-07-31 07:42:58.563 CEST [2179686] LOG:  checkpoint complete: wrote 8 buffers (0.0%); 0 WAL file(s) added, 0 removed, 33 recycled; write=0.818 s, sync=0.135 s, total=0.985 s; sync files=15, longest=0.067 s, average=0.009 s; distance=551550 kB, estimate=551550 kB; lsn=4/249D0A08, redo lsn=4/23B2F840
2024-07-31 07:43:02.931 CEST [2179877] LOG:  skipping vacuum of "t" --- lock not available
2024-07-31 07:43:31.962 CEST [2179686] LOG:  checkpoint starting: wal
2024-07-31 07:43:33.657 CEST [2179686] LOG:  checkpoint complete: wrote 12 buffers (0.0%); 0 WAL file(s) added, 0 removed, 34 recycled; write=1.206 s, sync=0.450 s, total=1.695 s; sync files=15, longest=0.069 s, average=0.030 s; distance=545632 kB, estimate=550958 kB; lsn=4/464735E8, redo lsn=4/45007AE8
2024-07-31 07:44:02.950 CEST [2179896] LOG:  skipping vacuum of "t" --- lock not available
2024-07-31 07:44:07.435 CEST [2179686] LOG:  checkpoint starting: wal
2024-07-31 07:44:09.136 CEST [2179686] LOG:  checkpoint complete: wrote 12 buffers (0.0%); 0 WAL file(s) added, 0 removed, 33 recycled; write=1.207 s, sync=0.450 s, total=1.702 s; sync files=15, longest=0.072 s, average=0.030 s; distance=552215 kB, estimate=552215 kB; lsn=4/67F14F58, redo lsn=4/66B4D720
2024-07-31 07:44:43.554 CEST [2179686] LOG:  checkpoint starting: wal
2024-07-31 07:44:45.057 CEST [2179686] LOG:  checkpoint complete: wrote 10 buffers (0.0%); 0 WAL file(s) added, 0 removed, 33 recycled; write=1.020 s, sync=0.453 s, total=1.504 s; sync files=15, longest=0.070 s, average=0.031 s; distance=541676 kB, estimate=551161 kB; lsn=4/899B6B98, redo lsn=4/87C48A18
2024-07-31 07:45:02.970 CEST [2179968] LOG:  skipping vacuum of "t" --- lock not available
2024-07-31 07:45:20.610 CEST [2179686] LOG:  checkpoint starting: wal
2024-07-31 07:45:21.988 CEST [2179686] LOG:  checkpoint complete: wrote 13 buffers (0.0%); 0 WAL file(s) added, 0 removed, 33 recycled; write=1.342 s, sync=0.004 s, total=1.379 s; sync files=16, longest=0.002 s, average=0.001 s; distance=537727 kB, estimate=549817 kB; lsn=4/AB457200, redo lsn=4/A8968868
2024-07-31 07:45:55.216 CEST [2179686] LOG:  checkpoint starting: wal
2024-07-31 07:45:56.393 CEST [2179686] LOG:  checkpoint complete: wrote 6 buffers (0.0%); 0 WAL file(s) added, 0 removed, 33 recycled; write=0.610 s, sync=0.536 s, total=1.178 s; sync files=14, longest=0.072 s, average=0.039 s; distance=534207 kB, estimate=548256 kB; lsn=4/C93188C0, redo lsn=4/C93184F0
2024-07-31 07:46:02.987 CEST [2179986] LOG:  skipping vacuum of "t" --- lock not available
2024-07-31 07:46:33.862 CEST [2179686] LOG:  checkpoint starting: wal
2024-07-31 07:46:34.990 CEST [2179686] LOG:  checkpoint complete: wrote 7 buffers (0.0%); 0 WAL file(s) added, 0 removed, 33 recycled; write=0.706 s, sync=0.390 s, total=1.129 s; sync files=15, longest=0.072 s, average=0.026 s; distance=538588 kB, estimate=547289 kB; lsn=4/EADC3920, redo lsn=4/EA10F4F0
2024-07-31 07:47:03.003 CEST [2180004] LOG:  skipping vacuum of "t" --- lock not available
2024-07-31 07:47:13.584 CEST [2179686] LOG:  checkpoint starting: wal
2024-07-31 07:47:14.648 CEST [2179686] LOG:  checkpoint complete: wrote 6 buffers (0.0%); 0 WAL file(s) added, 0 removed, 33 recycled; write=0.606 s, sync=0.429 s, total=1.066 s; sync files=15, longest=0.069 s, average=0.029 s; distance=546289 kB, estimate=547189 kB; lsn=5/C865F38, redo lsn=5/B68B938
2024-07-31 07:47:54.227 CEST [2179686] LOG:  checkpoint starting: wal
2024-07-31 07:47:55.443 CEST [2179686] LOG:  checkpoint complete: wrote 7 buffers (0.0%); 0 WAL file(s) added, 0 removed, 33 recycled; write=0.709 s, sync=0.470 s, total=1.216 s; sync files=15, longest=0.074 s, average=0.032 s; distance=547171 kB, estimate=547187 kB; lsn=5/2E3071D0, redo lsn=5/2CCE4778
2024-07-31 07:48:03.019 CEST [2180021] LOG:  skipping vacuum of "t" --- lock not available
2024-07-31 07:48:29.192 CEST [2179686] LOG:  checkpoint starting: immediate force wait
2024-07-31 07:48:30.496 CEST [2179686] LOG:  checkpoint complete: wrote 12305 buffers (4.7%); 0 WAL file(s) added, 0 removed, 30 recycled; write=0.110 s, sync=1.152 s, total=1.304 s; sync files=782, longest=0.599 s, average=0.002 s; distance=489747 kB, estimate=541443 kB; lsn=5/4AB295D0, redo lsn=5/4AB29578
2024-07-31 07:49:45.085 CEST [2179685] LOG:  received fast shutdown request
2024-07-31 07:49:45.085 CEST [2179685] LOG:  aborting any active transactions
2024-07-31 07:49:45.086 CEST [2179685] LOG:  background worker "logical replication launcher" (PID 2179691) exited with exit code 1
2024-07-31 07:49:45.088 CEST [2179686] LOG:  shutting down
2024-07-31 07:49:45.089 CEST [2179686] LOG:  checkpoint starting: shutdown immediate
2024-07-31 07:49:45.098 CEST [2179686] LOG:  checkpoint complete: wrote 65 buffers (0.0%); 0 WAL file(s) added, 0 removed, 0 recycled; write=0.004 s, sync=0.003 s, total=0.011 s; sync files=5, longest=0.002 s, average=0.001 s; distance=202 kB, estimate=487319 kB; lsn=5/4AB5BDE8, redo lsn=5/4AB5BDE8
2024-07-31 07:49:45.500 CEST [2179685] LOG:  database system is shut down
