2024-07-31 21:46:24.140 CEST [1343773] LOG:  starting PostgreSQL 18devel on x86_64-pc-linux-gnu, compiled by gcc (Debian 12.2.0-14) 12.2.0, 64-bit
2024-07-31 21:46:24.140 CEST [1343773] LOG:  listening on IPv6 address "::1", port 5432
2024-07-31 21:46:24.140 CEST [1343773] LOG:  listening on IPv4 address "127.0.0.1", port 5432
2024-07-31 21:46:24.142 CEST [1343773] LOG:  listening on Unix socket "/tmp/.s.PGSQL.5432"
2024-07-31 21:46:24.146 CEST [1343776] LOG:  database system was shut down at 2024-07-31 21:46:23 CEST
2024-07-31 21:46:24.149 CEST [1343773] LOG:  database system is ready to accept connections
2024-07-31 21:46:35.488 CEST [1343774] LOG:  checkpoints are occurring too frequently (11 seconds apart)
2024-07-31 21:46:35.488 CEST [1343774] HINT:  Consider increasing the configuration parameter "max_wal_size".
2024-07-31 21:46:35.489 CEST [1343774] LOG:  checkpoint starting: wal
2024-07-31 21:46:48.133 CEST [1343774] LOG:  checkpoint complete: wrote 6830 buffers (2.6%); 0 WAL file(s) added, 4 removed, 29 recycled; write=10.706 s, sync=1.857 s, total=12.645 s; sync files=804, longest=0.027 s, average=0.003 s; distance=537539 kB, estimate=537539 kB; lsn=0/44E9D278, redo lsn=0/221DC058
2024-07-31 21:46:48.134 CEST [1343774] LOG:  checkpoints are occurring too frequently (13 seconds apart)
2024-07-31 21:46:48.134 CEST [1343774] HINT:  Consider increasing the configuration parameter "max_wal_size".
2024-07-31 21:46:48.134 CEST [1343774] LOG:  checkpoint starting: wal
2024-07-31 21:46:53.783 CEST [1343774] LOG:  checkpoint complete: wrote 51 buffers (0.0%); 0 WAL file(s) added, 0 removed, 35 recycled; write=5.026 s, sync=0.591 s, total=5.650 s; sync files=186, longest=0.014 s, average=0.004 s; distance=572102 kB, estimate=572102 kB; lsn=0/56031A18, redo lsn=0/4508DB70
2024-07-31 21:46:59.110 CEST [1343774] LOG:  checkpoints are occurring too frequently (11 seconds apart)
2024-07-31 21:46:59.110 CEST [1343774] HINT:  Consider increasing the configuration parameter "max_wal_size".
2024-07-31 21:46:59.110 CEST [1343774] LOG:  checkpoint starting: wal
2024-07-31 21:47:04.932 CEST [1343774] LOG:  checkpoint complete: wrote 49 buffers (0.0%); 0 WAL file(s) added, 0 removed, 33 recycled; write=4.821 s, sync=0.947 s, total=5.823 s; sync files=285, longest=0.015 s, average=0.004 s; distance=540332 kB, estimate=568925 kB; lsn=0/77B85998, redo lsn=0/66038B80
2024-07-31 21:47:07.391 CEST [1343774] LOG:  checkpoint starting: immediate force wait
2024-07-31 21:47:07.676 CEST [1343774] LOG:  checkpoint complete: wrote 188 buffers (0.1%); 0 WAL file(s) added, 0 removed, 24 recycled; write=0.009 s, sync=0.241 s, total=0.285 s; sync files=104, longest=0.005 s, average=0.003 s; distance=394070 kB, estimate=551440 kB; lsn=0/7E10E450, redo lsn=0/7E10E3F8
2024-07-31 21:48:17.891 CEST [1343773] LOG:  received fast shutdown request
2024-07-31 21:48:17.892 CEST [1343773] LOG:  aborting any active transactions
2024-07-31 21:48:17.892 CEST [1343773] LOG:  background worker "logical replication launcher" (PID 1343779) exited with exit code 1
2024-07-31 21:48:17.894 CEST [1343774] LOG:  shutting down
2024-07-31 21:48:17.895 CEST [1343774] LOG:  checkpoint starting: shutdown immediate
2024-07-31 21:48:17.906 CEST [1343774] LOG:  checkpoint complete: wrote 53 buffers (0.0%); 0 WAL file(s) added, 0 removed, 0 recycled; write=0.005 s, sync=0.003 s, total=0.012 s; sync files=12, longest=0.001 s, average=0.001 s; distance=294 kB, estimate=496325 kB; lsn=0/7E157CD0, redo lsn=0/7E157CD0
2024-07-31 21:48:18.079 CEST [1343773] LOG:  database system is shut down
