2024-08-01 18:44:33.389 CEST [3081769] LOG:  starting PostgreSQL 18devel on x86_64-pc-linux-gnu, compiled by gcc (Debian 12.2.0-14) 12.2.0, 64-bit
2024-08-01 18:44:33.389 CEST [3081769] LOG:  listening on IPv6 address "::1", port 5432
2024-08-01 18:44:33.389 CEST [3081769] LOG:  listening on IPv4 address "127.0.0.1", port 5432
2024-08-01 18:44:33.390 CEST [3081769] LOG:  listening on Unix socket "/tmp/.s.PGSQL.5432"
2024-08-01 18:44:33.392 CEST [3081772] LOG:  database system was shut down at 2024-08-01 18:44:32 CEST
2024-08-01 18:44:33.396 CEST [3081769] LOG:  database system is ready to accept connections
2024-08-01 18:44:41.850 CEST [3081770] LOG:  checkpoints are occurring too frequently (8 seconds apart)
2024-08-01 18:44:41.850 CEST [3081770] HINT:  Consider increasing the configuration parameter "max_wal_size".
2024-08-01 18:44:41.869 CEST [3081770] LOG:  checkpoint starting: wal
2024-08-01 18:44:49.503 CEST [3081770] LOG:  checkpoint complete: wrote 55736 buffers (21.3%); 0 WAL file(s) added, 2 removed, 32 recycled; write=6.883 s, sync=0.680 s, total=7.654 s; sync files=707, longest=0.442 s, average=0.001 s; distance=552023 kB, estimate=552023 kB; lsn=0/42A945E8, redo lsn=0/23001310
2024-08-01 18:44:49.701 CEST [3081770] LOG:  checkpoints are occurring too frequently (8 seconds apart)
2024-08-01 18:44:49.701 CEST [3081770] HINT:  Consider increasing the configuration parameter "max_wal_size".
2024-08-01 18:44:49.704 CEST [3081770] LOG:  checkpoint starting: wal
2024-08-01 18:44:55.908 CEST [3081770] LOG:  checkpoint complete: wrote 60779 buffers (23.2%); 0 WAL file(s) added, 1 removed, 32 recycled; write=5.746 s, sync=0.389 s, total=6.207 s; sync files=4, longest=0.246 s, average=0.098 s; distance=541229 kB, estimate=550944 kB; lsn=0/63601B30, redo lsn=0/4408C758
2024-08-01 18:44:56.311 CEST [3081770] LOG:  checkpoints are occurring too frequently (7 seconds apart)
2024-08-01 18:44:56.311 CEST [3081770] HINT:  Consider increasing the configuration parameter "max_wal_size".
2024-08-01 18:44:56.311 CEST [3081770] LOG:  checkpoint starting: wal
2024-08-01 18:45:02.709 CEST [3081770] LOG:  checkpoint complete: wrote 62224 buffers (23.7%); 0 WAL file(s) added, 1 removed, 32 recycled; write=5.937 s, sync=0.380 s, total=6.398 s; sync files=4, longest=0.371 s, average=0.095 s; distance=553900 kB, estimate=553900 kB; lsn=0/84D934A0, redo lsn=0/65D77AC0
2024-08-01 18:45:02.901 CEST [3081770] LOG:  checkpoints are occurring too frequently (6 seconds apart)
2024-08-01 18:45:02.901 CEST [3081770] HINT:  Consider increasing the configuration parameter "max_wal_size".
2024-08-01 18:45:02.903 CEST [3081770] LOG:  checkpoint starting: wal
2024-08-01 18:45:09.370 CEST [3081770] LOG:  checkpoint complete: wrote 59520 buffers (22.7%); 0 WAL file(s) added, 2 removed, 31 recycled; write=5.872 s, sync=0.519 s, total=6.470 s; sync files=4, longest=0.377 s, average=0.130 s; distance=529883 kB, estimate=551499 kB; lsn=0/A60007C8, redo lsn=0/862EE970
2024-08-01 18:45:09.567 CEST [3081770] LOG:  checkpoints are occurring too frequently (7 seconds apart)
2024-08-01 18:45:09.567 CEST [3081770] HINT:  Consider increasing the configuration parameter "max_wal_size".
2024-08-01 18:45:09.570 CEST [3081770] LOG:  checkpoint starting: wal
2024-08-01 18:45:15.695 CEST [3081770] LOG:  checkpoint complete: wrote 60795 buffers (23.2%); 0 WAL file(s) added, 1 removed, 32 recycled; write=5.671 s, sync=0.383 s, total=6.128 s; sync files=4, longest=0.370 s, average=0.096 s; distance=541704 kB, estimate=550519 kB; lsn=0/C685F868, redo lsn=0/A73F0AE8
2024-08-01 18:45:16.075 CEST [3081770] LOG:  checkpoints are occurring too frequently (7 seconds apart)
2024-08-01 18:45:16.075 CEST [3081770] HINT:  Consider increasing the configuration parameter "max_wal_size".
2024-08-01 18:45:16.099 CEST [3081770] LOG:  checkpoint starting: wal
2024-08-01 18:45:22.229 CEST [3081770] LOG:  checkpoint complete: wrote 62130 buffers (23.7%); 0 WAL file(s) added, 1 removed, 33 recycled; write=5.668 s, sync=0.388 s, total=6.154 s; sync files=3, longest=0.384 s, average=0.130 s; distance=553039 kB, estimate=553039 kB; lsn=0/E7AF21A8, redo lsn=0/C90048C8
2024-08-01 18:45:22.229 CEST [3081770] LOG:  checkpoints are occurring too frequently (6 seconds apart)
2024-08-01 18:45:22.229 CEST [3081770] HINT:  Consider increasing the configuration parameter "max_wal_size".
2024-08-01 18:45:22.229 CEST [3081770] LOG:  checkpoint starting: wal
2024-08-01 18:45:28.227 CEST [3081770] LOG:  checkpoint complete: wrote 56995 buffers (21.7%); 0 WAL file(s) added, 0 removed, 30 recycled; write=5.466 s, sync=0.483 s, total=5.999 s; sync files=4, longest=0.468 s, average=0.121 s; distance=507466 kB, estimate=548482 kB; lsn=1/726AF60, redo lsn=0/E7F974A8
2024-08-01 18:45:28.419 CEST [3081770] LOG:  checkpoints are occurring too frequently (6 seconds apart)
2024-08-01 18:45:28.419 CEST [3081770] HINT:  Consider increasing the configuration parameter "max_wal_size".
2024-08-01 18:45:28.421 CEST [3081770] LOG:  checkpoint starting: wal
2024-08-01 18:45:34.591 CEST [3081770] LOG:  checkpoint complete: wrote 59755 buffers (22.8%); 0 WAL file(s) added, 1 removed, 32 recycled; write=5.722 s, sync=0.385 s, total=6.173 s; sync files=4, longest=0.381 s, average=0.096 s; distance=531861 kB, estimate=546820 kB; lsn=1/27AE20D0, redo lsn=1/86FC998
2024-08-01 18:45:34.796 CEST [3081770] LOG:  checkpoints are occurring too frequently (6 seconds apart)
2024-08-01 18:45:34.796 CEST [3081770] HINT:  Consider increasing the configuration parameter "max_wal_size".
2024-08-01 18:45:34.799 CEST [3081770] LOG:  checkpoint starting: wal
2024-08-01 18:45:47.785 CEST [3081770] LOG:  checkpoint complete: wrote 60073 buffers (22.9%); 0 WAL file(s) added, 3 removed, 30 recycled; write=9.604 s, sync=3.327 s, total=12.989 s; sync files=8, longest=1.557 s, average=0.416 s; distance=535359 kB, estimate=545674 kB; lsn=1/4A118ED0, redo lsn=1/291CC668
2024-08-01 18:45:47.785 CEST [3081770] LOG:  checkpoints are occurring too frequently (13 seconds apart)
2024-08-01 18:45:47.785 CEST [3081770] HINT:  Consider increasing the configuration parameter "max_wal_size".
2024-08-01 18:45:47.785 CEST [3081770] LOG:  checkpoint starting: wal
2024-08-01 18:46:20.251 CEST [3081770] LOG:  checkpoint complete: wrote 252061 buffers (96.2%); 0 WAL file(s) added, 0 removed, 33 recycled; write=31.413 s, sync=1.023 s, total=32.466 s; sync files=31, longest=0.133 s, average=0.033 s; distance=539955 kB, estimate=545102 kB; lsn=1/6802C310, redo lsn=1/4A119510
2024-08-01 18:46:23.066 CEST [3081770] LOG:  checkpoint starting: wal
2024-08-01 18:46:28.980 CEST [3081770] LOG:  checkpoint complete: wrote 58 buffers (0.0%); 0 WAL file(s) added, 0 removed, 33 recycled; write=5.722 s, sync=0.154 s, total=5.918 s; sync files=27, longest=0.145 s, average=0.006 s; distance=544803 kB, estimate=545072 kB; lsn=1/6F7EA518, redo lsn=1/6B5223C0
2024-08-01 18:46:33.480 CEST [3081871] LOG:  skipping vacuum of "t" --- lock not available
2024-08-01 18:46:59.408 CEST [3081770] LOG:  checkpoint starting: wal
2024-08-01 18:47:33.289 CEST [3081770] LOG:  checkpoint complete: wrote 755 buffers (0.3%); 0 WAL file(s) added, 1 removed, 32 recycled; write=32.994 s, sync=0.857 s, total=33.883 s; sync files=342, longest=0.108 s, average=0.003 s; distance=544520 kB, estimate=545017 kB; lsn=1/AB75C568, redo lsn=1/8C8E4538
2024-08-01 18:47:33.499 CEST [3081889] LOG:  skipping vacuum of "t" --- lock not available
2024-08-01 18:47:36.483 CEST [3081770] LOG:  checkpoint starting: wal
2024-08-01 18:47:46.166 CEST [3081770] LOG:  checkpoint complete: wrote 97 buffers (0.0%); 0 WAL file(s) added, 0 removed, 33 recycled; write=9.428 s, sync=0.228 s, total=9.686 s; sync files=31, longest=0.113 s, average=0.008 s; distance=534506 kB, estimate=543966 kB; lsn=1/B6B062A8, redo lsn=1/AD2DF030
2024-08-01 18:48:15.004 CEST [3081770] LOG:  checkpoint starting: wal
2024-08-01 18:48:17.716 CEST [3081770] LOG:  checkpoint complete: wrote 21 buffers (0.0%); 0 WAL file(s) added, 0 removed, 34 recycled; write=2.015 s, sync=0.665 s, total=2.712 s; sync files=24, longest=0.119 s, average=0.028 s; distance=554255 kB, estimate=554255 kB; lsn=1/D0E06268, redo lsn=1/CF022DE0
2024-08-01 18:48:33.518 CEST [3081907] LOG:  skipping vacuum of "t" --- lock not available
2024-08-01 18:48:54.184 CEST [3081770] LOG:  checkpoint starting: wal
2024-08-01 18:48:56.752 CEST [3081770] LOG:  checkpoint complete: wrote 20 buffers (0.0%); 0 WAL file(s) added, 0 removed, 33 recycled; write=1.912 s, sync=0.626 s, total=2.568 s; sync files=26, longest=0.114 s, average=0.025 s; distance=556237 kB, estimate=556237 kB; lsn=1/F28BA260, redo lsn=1/F0F562D8
2024-08-01 18:49:33.538 CEST [3081923] LOG:  skipping vacuum of "t" --- lock not available
2024-08-01 18:49:33.641 CEST [3081770] LOG:  checkpoint starting: wal
2024-08-01 18:49:36.260 CEST [3081770] LOG:  checkpoint complete: wrote 20 buffers (0.0%); 0 WAL file(s) added, 0 removed, 33 recycled; write=1.912 s, sync=0.673 s, total=2.621 s; sync files=26, longest=0.121 s, average=0.026 s; distance=532969 kB, estimate=553910 kB; lsn=2/1436F6F0, redo lsn=2/117D0928
2024-08-01 18:50:10.108 CEST [3081770] LOG:  checkpoint starting: wal
2024-08-01 18:50:12.618 CEST [3081770] LOG:  checkpoint complete: wrote 18 buffers (0.0%); 0 WAL file(s) added, 0 removed, 33 recycled; write=1.712 s, sync=0.756 s, total=2.511 s; sync files=26, longest=0.118 s, average=0.030 s; distance=534917 kB, estimate=552011 kB; lsn=2/32242698, redo lsn=2/32232098
2024-08-01 18:50:33.557 CEST [3081940] LOG:  skipping vacuum of "t" --- lock not available
2024-08-01 18:50:51.206 CEST [3081770] LOG:  checkpoint starting: wal
2024-08-01 18:50:53.391 CEST [3081770] LOG:  checkpoint complete: wrote 16 buffers (0.0%); 0 WAL file(s) added, 0 removed, 33 recycled; write=1.511 s, sync=0.644 s, total=2.187 s; sync files=25, longest=0.117 s, average=0.026 s; distance=548501 kB, estimate=551660 kB; lsn=2/53CED3B0, redo lsn=2/539D7810
2024-08-01 18:51:33.113 CEST [3081770] LOG:  checkpoint starting: wal
2024-08-01 18:51:33.577 CEST [3081956] LOG:  skipping vacuum of "t" --- lock not available
2024-08-01 18:51:35.386 CEST [3081770] LOG:  checkpoint complete: wrote 17 buffers (0.0%); 0 WAL file(s) added, 0 removed, 33 recycled; write=1.611 s, sync=0.631 s, total=2.276 s; sync files=24, longest=0.113 s, average=0.027 s; distance=539307 kB, estimate=550425 kB; lsn=2/7579ADA0, redo lsn=2/74882768
2024-08-01 18:52:15.663 CEST [3081770] LOG:  checkpoint starting: wal
2024-08-01 18:52:17.735 CEST [3081770] LOG:  checkpoint complete: wrote 15 buffers (0.0%); 0 WAL file(s) added, 0 removed, 33 recycled; write=1.410 s, sync=0.629 s, total=2.076 s; sync files=24, longest=0.107 s, average=0.027 s; distance=533593 kB, estimate=548741 kB; lsn=2/97247FA8, redo lsn=2/95198DA0
2024-08-01 18:52:33.596 CEST [3081972] LOG:  skipping vacuum of "t" --- lock not available
2024-08-01 18:52:59.452 CEST [3081770] LOG:  checkpoint starting: wal
2024-08-01 18:53:02.331 CEST [3081770] LOG:  checkpoint complete: wrote 23 buffers (0.0%); 0 WAL file(s) added, 0 removed, 33 recycled; write=2.216 s, sync=0.635 s, total=2.880 s; sync files=27, longest=0.118 s, average=0.024 s; distance=554730 kB, estimate=554730 kB; lsn=2/B8D03E48, redo lsn=2/B6F53928
2024-08-01 18:53:07.614 CEST [3081770] LOG:  checkpoints are occurring too frequently (8 seconds apart)
2024-08-01 18:53:07.614 CEST [3081770] HINT:  Consider increasing the configuration parameter "max_wal_size".
2024-08-01 18:53:07.614 CEST [3081770] LOG:  checkpoint starting: wal
2024-08-01 18:53:11.347 CEST [3081770] LOG:  checkpoint complete: wrote 26 buffers (0.0%); 0 WAL file(s) added, 0 removed, 33 recycled; write=2.512 s, sync=1.158 s, total=3.733 s; sync files=17, longest=1.047 s, average=0.069 s; distance=541356 kB, estimate=553393 kB; lsn=2/F2F55B98, redo lsn=2/D7FFEA38
2024-08-01 18:53:11.980 CEST [3081770] LOG:  checkpoints are occurring too frequently (4 seconds apart)
2024-08-01 18:53:11.980 CEST [3081770] HINT:  Consider increasing the configuration parameter "max_wal_size".
2024-08-01 18:53:11.981 CEST [3081770] LOG:  checkpoint starting: wal
2024-08-01 18:53:12.043 CEST [3081770] LOG:  checkpoint complete: wrote 0 buffers (0.0%); 0 WAL file(s) added, 0 removed, 33 recycled; write=0.005 s, sync=0.001 s, total=0.063 s; sync files=0, longest=0.000 s, average=0.000 s; distance=536358 kB, estimate=551689 kB; lsn=2/F8F672C8, redo lsn=2/F8BC8418
2024-08-01 18:53:15.267 CEST [3081770] LOG:  checkpoints are occurring too frequently (4 seconds apart)
2024-08-01 18:53:15.267 CEST [3081770] HINT:  Consider increasing the configuration parameter "max_wal_size".
2024-08-01 18:53:15.267 CEST [3081770] LOG:  checkpoint starting: wal
2024-08-01 18:53:15.342 CEST [3081770] LOG:  checkpoint complete: wrote 0 buffers (0.0%); 0 WAL file(s) added, 0 removed, 34 recycled; write=0.006 s, sync=0.001 s, total=0.075 s; sync files=0, longest=0.000 s, average=0.000 s; distance=545009 kB, estimate=551021 kB; lsn=3/1A3E1518, redo lsn=3/1A0049B8
2024-08-01 18:53:18.625 CEST [3081770] LOG:  checkpoints are occurring too frequently (3 seconds apart)
2024-08-01 18:53:18.625 CEST [3081770] HINT:  Consider increasing the configuration parameter "max_wal_size".
2024-08-01 18:53:18.627 CEST [3081770] LOG:  checkpoint starting: wal
2024-08-01 18:53:18.688 CEST [3081770] LOG:  checkpoint complete: wrote 0 buffers (0.0%); 0 WAL file(s) added, 0 removed, 33 recycled; write=0.006 s, sync=0.001 s, total=0.063 s; sync files=0, longest=0.000 s, average=0.000 s; distance=545503 kB, estimate=550470 kB; lsn=3/3B8D7128, redo lsn=3/3B4BC918
2024-08-01 18:53:21.957 CEST [3081770] LOG:  checkpoints are occurring too frequently (3 seconds apart)
2024-08-01 18:53:21.957 CEST [3081770] HINT:  Consider increasing the configuration parameter "max_wal_size".
2024-08-01 18:53:21.958 CEST [3081770] LOG:  checkpoint starting: wal
2024-08-01 18:53:22.036 CEST [3081770] LOG:  checkpoint complete: wrote 0 buffers (0.0%); 0 WAL file(s) added, 0 removed, 34 recycled; write=0.007 s, sync=0.001 s, total=0.079 s; sync files=0, longest=0.000 s, average=0.000 s; distance=552424 kB, estimate=552424 kB; lsn=3/5D451320, redo lsn=3/5D036B10
2024-08-01 18:53:25.373 CEST [3081770] LOG:  checkpoints are occurring too frequently (4 seconds apart)
2024-08-01 18:53:25.373 CEST [3081770] HINT:  Consider increasing the configuration parameter "max_wal_size".
2024-08-01 18:53:25.373 CEST [3081770] LOG:  checkpoint starting: wal
2024-08-01 18:53:25.437 CEST [3081770] LOG:  checkpoint complete: wrote 0 buffers (0.0%); 0 WAL file(s) added, 0 removed, 33 recycled; write=0.006 s, sync=0.001 s, total=0.065 s; sync files=0, longest=0.000 s, average=0.000 s; distance=553907 kB, estimate=553907 kB; lsn=3/7F13E138, redo lsn=3/7ED23900
2024-08-01 18:53:28.706 CEST [3081770] LOG:  checkpoints are occurring too frequently (3 seconds apart)
2024-08-01 18:53:28.706 CEST [3081770] HINT:  Consider increasing the configuration parameter "max_wal_size".
2024-08-01 18:53:28.706 CEST [3081770] LOG:  checkpoint starting: wal
2024-08-01 18:53:28.771 CEST [3081770] LOG:  checkpoint complete: wrote 0 buffers (0.0%); 0 WAL file(s) added, 0 removed, 34 recycled; write=0.006 s, sync=0.001 s, total=0.065 s; sync files=0, longest=0.000 s, average=0.000 s; distance=543773 kB, estimate=552894 kB; lsn=3/A03C9DF8, redo lsn=3/A002AF48
2024-08-01 18:53:32.120 CEST [3081770] LOG:  checkpoints are occurring too frequently (4 seconds apart)
2024-08-01 18:53:32.120 CEST [3081770] HINT:  Consider increasing the configuration parameter "max_wal_size".
2024-08-01 18:53:32.148 CEST [3081770] LOG:  checkpoint starting: wal
2024-08-01 18:53:32.202 CEST [3081770] LOG:  checkpoint complete: wrote 0 buffers (0.0%); 0 WAL file(s) added, 0 removed, 34 recycled; write=0.006 s, sync=0.001 s, total=0.082 s; sync files=0, longest=0.000 s, average=0.000 s; distance=557120 kB, estimate=557120 kB; lsn=3/C24936E0, redo lsn=3/C203B220
2024-08-01 18:53:33.615 CEST [3081984] LOG:  skipping vacuum of "t" --- lock not available
2024-08-01 18:54:03.291 CEST [3081770] LOG:  checkpoint starting: wal
2024-08-01 18:54:05.069 CEST [3081770] LOG:  checkpoint complete: wrote 10 buffers (0.0%); 0 WAL file(s) added, 0 removed, 33 recycled; write=1.010 s, sync=0.732 s, total=1.781 s; sync files=13, longest=0.265 s, average=0.057 s; distance=544818 kB, estimate=555890 kB; lsn=3/E506C1A0, redo lsn=3/E3447CC0
2024-08-01 18:54:33.636 CEST [3082002] LOG:  skipping vacuum of "t" --- lock not available
2024-08-01 18:54:39.787 CEST [3081770] LOG:  checkpoint starting: wal
2024-08-01 18:54:41.437 CEST [3081770] LOG:  checkpoint complete: wrote 9 buffers (0.0%); 0 WAL file(s) added, 0 removed, 33 recycled; write=0.909 s, sync=0.707 s, total=1.650 s; sync files=16, longest=0.118 s, average=0.045 s; distance=550678 kB, estimate=555369 kB; lsn=4/6B0BD00, redo lsn=4/4E0D6A0
2024-08-01 18:55:17.071 CEST [3081770] LOG:  checkpoint starting: wal
2024-08-01 18:55:18.707 CEST [3081770] LOG:  checkpoint complete: wrote 9 buffers (0.0%); 0 WAL file(s) added, 0 removed, 33 recycled; write=0.909 s, sync=0.696 s, total=1.636 s; sync files=15, longest=0.106 s, average=0.047 s; distance=529814 kB, estimate=552813 kB; lsn=4/285AC108, redo lsn=4/253731C8
2024-08-01 18:55:33.655 CEST [3082023] LOG:  skipping vacuum of "t" --- lock not available
2024-08-01 18:55:52.091 CEST [3081770] LOG:  checkpoint starting: wal
2024-08-01 18:55:53.852 CEST [3081770] LOG:  checkpoint complete: wrote 10 buffers (0.0%); 0 WAL file(s) added, 0 removed, 33 recycled; write=1.010 s, sync=0.718 s, total=1.762 s; sync files=14, longest=0.109 s, average=0.052 s; distance=541679 kB, estimate=551700 kB; lsn=4/4646F298, redo lsn=4/4646F068
2024-08-01 18:56:31.099 CEST [3081770] LOG:  checkpoint starting: wal
2024-08-01 18:56:33.034 CEST [3081770] LOG:  checkpoint complete: wrote 12 buffers (0.0%); 0 WAL file(s) added, 0 removed, 33 recycled; write=1.210 s, sync=0.698 s, total=1.937 s; sync files=15, longest=0.107 s, average=0.047 s; distance=545826 kB, estimate=551112 kB; lsn=4/67F18568, redo lsn=4/679778C0
2024-08-01 18:56:33.675 CEST [3082040] LOG:  skipping vacuum of "t" --- lock not available
2024-08-01 18:57:10.935 CEST [3081770] LOG:  checkpoint starting: wal
2024-08-01 18:57:12.666 CEST [3081770] LOG:  checkpoint complete: wrote 10 buffers (0.0%); 0 WAL file(s) added, 0 removed, 33 recycled; write=1.009 s, sync=0.695 s, total=1.733 s; sync files=15, longest=0.108 s, average=0.047 s; distance=542335 kB, estimate=550235 kB; lsn=4/899BA198, redo lsn=4/88B17890
2024-08-01 18:57:33.694 CEST [3082057] LOG:  skipping vacuum of "t" --- lock not available
2024-08-01 18:57:51.447 CEST [3081770] LOG:  checkpoint starting: wal
2024-08-01 18:57:53.391 CEST [3081770] LOG:  checkpoint complete: wrote 12 buffers (0.0%); 0 WAL file(s) added, 0 removed, 33 recycled; write=1.210 s, sync=0.701 s, total=1.947 s; sync files=16, longest=0.108 s, average=0.044 s; distance=531360 kB, estimate=548347 kB; lsn=4/AB45A7F0, redo lsn=4/A91FF898
2024-08-01 18:58:32.934 CEST [3081770] LOG:  checkpoint starting: wal
2024-08-01 18:58:33.696 CEST [3082075] LOG:  skipping vacuum of "t" --- lock not available
2024-08-01 18:58:34.251 CEST [3081770] LOG:  checkpoint complete: wrote 6 buffers (0.0%); 0 WAL file(s) added, 0 removed, 33 recycled; write=0.608 s, sync=0.678 s, total=1.319 s; sync files=14, longest=0.106 s, average=0.049 s; distance=547380 kB, estimate=548251 kB; lsn=4/CCEFBBE0, redo lsn=4/CA88CBD0
2024-08-01 18:59:15.229 CEST [3081770] LOG:  checkpoint starting: wal
2024-08-01 18:59:16.556 CEST [3081770] LOG:  checkpoint complete: wrote 7 buffers (0.0%); 0 WAL file(s) added, 0 removed, 33 recycled; write=0.707 s, sync=0.593 s, total=1.328 s; sync files=14, longest=0.126 s, average=0.043 s; distance=541247 kB, estimate=547550 kB; lsn=4/EE99F590, redo lsn=4/EB91C870
2024-08-01 18:59:33.712 CEST [3082090] LOG:  skipping vacuum of "t" --- lock not available
2024-08-01 18:59:54.208 CEST [3081770] LOG:  checkpoint starting: wal
2024-08-01 18:59:55.486 CEST [3081770] LOG:  checkpoint complete: wrote 6 buffers (0.0%); 0 WAL file(s) added, 0 removed, 33 recycled; write=0.612 s, sync=0.634 s, total=1.282 s; sync files=14, longest=0.213 s, average=0.046 s; distance=533531 kB, estimate=546148 kB; lsn=5/C8695F0, redo lsn=5/C223668
2024-08-01 19:00:33.732 CEST [3082162] LOG:  skipping vacuum of "t" --- lock not available
2024-08-01 19:00:38.196 CEST [3081770] LOG:  checkpoint starting: wal
2024-08-01 19:00:39.551 CEST [3081770] LOG:  checkpoint complete: wrote 7 buffers (0.0%); 0 WAL file(s) added, 0 removed, 33 recycled; write=0.729 s, sync=0.591 s, total=1.356 s; sync files=15, longest=0.106 s, average=0.040 s; distance=550464 kB, estimate=550464 kB; lsn=5/2E30AD48, redo lsn=5/2DBB3670
2024-08-01 19:01:16.904 CEST [3081770] LOG:  checkpoint starting: immediate force wait
2024-08-01 19:01:22.599 CEST [3081770] LOG:  checkpoint complete: wrote 12306 buffers (4.7%); 0 WAL file(s) added, 0 removed, 29 recycled; write=0.165 s, sync=5.491 s, total=5.695 s; sync files=782, longest=1.186 s, average=0.008 s; distance=474599 kB, estimate=542877 kB; lsn=5/4AB2D4B0, redo lsn=5/4AB2D458
2024-08-01 19:02:33.859 CEST [3081769] LOG:  received fast shutdown request
2024-08-01 19:02:33.859 CEST [3081769] LOG:  aborting any active transactions
2024-08-01 19:02:33.860 CEST [3081769] LOG:  background worker "logical replication launcher" (PID 3081775) exited with exit code 1
2024-08-01 19:02:33.862 CEST [3081770] LOG:  shutting down
2024-08-01 19:02:33.862 CEST [3081770] LOG:  checkpoint starting: shutdown immediate
2024-08-01 19:02:33.869 CEST [3081770] LOG:  checkpoint complete: wrote 66 buffers (0.0%); 0 WAL file(s) added, 0 removed, 0 recycled; write=0.005 s, sync=0.001 s, total=0.007 s; sync files=5, longest=0.001 s, average=0.001 s; distance=202 kB, estimate=488610 kB; lsn=5/4AB5FD08, redo lsn=5/4AB5FD08
2024-08-01 19:02:34.315 CEST [3081769] LOG:  database system is shut down
