2024-07-31 13:39:46.211 BST [13257] LOG:  starting PostgreSQL 18devel on armv8l-unknown-linux-gnueabihf, compiled by gcc (Raspbian 12.2.0-14+rpi1) 12.2.0, 32-bit
2024-07-31 13:39:46.212 BST [13257] LOG:  listening on IPv6 address "::1", port 5432
2024-07-31 13:39:46.212 BST [13257] LOG:  listening on IPv4 address "127.0.0.1", port 5432
2024-07-31 13:39:46.364 BST [13257] LOG:  listening on Unix socket "/tmp/.s.PGSQL.5432"
2024-07-31 13:39:46.391 BST [13260] LOG:  database system was shut down at 2024-07-31 13:39:43 BST
2024-07-31 13:39:46.397 BST [13257] LOG:  database system is ready to accept connections
2024-07-31 13:40:00.241 BST [13258] LOG:  checkpoints are occurring too frequently (14 seconds apart)
2024-07-31 13:40:00.241 BST [13258] HINT:  Consider increasing the configuration parameter "max_wal_size".
2024-07-31 13:40:00.242 BST [13258] LOG:  checkpoint starting: wal
2024-07-31 13:40:51.733 BST [13258] LOG:  checkpoint complete: wrote 60435 buffers (46.1%); 0 WAL file(s) added, 0 removed, 33 recycled; write=49.876 s, sync=1.415 s, total=51.492 s; sync files=787, longest=0.176 s, average=0.002 s; distance=537502 kB, estimate=537502 kB; lsn=0/406C5198, redo lsn=0/221CD788
2024-07-31 13:40:55.887 BST [13258] LOG:  checkpoint starting: wal
2024-07-31 13:40:59.048 BST [13258] LOG:  checkpoint complete: wrote 28 buffers (0.0%); 0 WAL file(s) added, 0 removed, 33 recycled; write=2.735 s, sync=0.290 s, total=3.162 s; sync files=30, longest=0.023 s, average=0.010 s; distance=539514 kB, estimate=539514 kB; lsn=0/448AF930, redo lsn=0/430AC280
2024-07-31 13:41:10.731 BST [13258] LOG:  checkpoints are occurring too frequently (15 seconds apart)
2024-07-31 13:41:10.731 BST [13258] HINT:  Consider increasing the configuration parameter "max_wal_size".
2024-07-31 13:41:10.731 BST [13258] LOG:  checkpoint starting: wal
2024-07-31 13:41:16.584 BST [13258] LOG:  checkpoint complete: wrote 45 buffers (0.0%); 0 WAL file(s) added, 0 removed, 33 recycled; write=4.458 s, sync=1.194 s, total=5.854 s; sync files=40, longest=1.070 s, average=0.030 s; distance=541076 kB, estimate=541076 kB; lsn=0/67CF38A8, redo lsn=0/64111488
2024-07-31 13:41:46.464 BST [13450] LOG:  skipping vacuum of "t" --- lock not available
2024-07-31 13:42:04.401 BST [13258] LOG:  checkpoint starting: wal
2024-07-31 13:42:16.888 BST [13258] LOG:  checkpoint complete: wrote 125 buffers (0.1%); 0 WAL file(s) added, 0 removed, 33 recycled; write=9.915 s, sync=2.455 s, total=12.487 s; sync files=876, longest=1.008 s, average=0.003 s; distance=540265 kB, estimate=540995 kB; lsn=0/8983F308, redo lsn=0/850ABA30
2024-07-31 13:42:16.888 BST [13258] LOG:  checkpoint starting: immediate force wait
2024-07-31 13:42:17.762 BST [13258] LOG:  checkpoint complete: wrote 8166 buffers (6.2%); 0 WAL file(s) added, 0 removed, 4 recycled; write=0.082 s, sync=0.719 s, total=0.875 s; sync files=449, longest=0.099 s, average=0.002 s; distance=73294 kB, estimate=494225 kB; lsn=0/8983F3D8, redo lsn=0/8983F380
2024-07-31 13:43:30.329 BST [13257] LOG:  received fast shutdown request
2024-07-31 13:43:30.338 BST [13257] LOG:  aborting any active transactions
2024-07-31 13:43:30.340 BST [13257] LOG:  background worker "logical replication launcher" (PID 13263) exited with exit code 1
2024-07-31 13:43:30.341 BST [13258] LOG:  shutting down
2024-07-31 13:43:30.342 BST [13258] LOG:  checkpoint starting: shutdown immediate
2024-07-31 13:43:30.371 BST [13258] LOG:  checkpoint complete: wrote 96 buffers (0.1%); 0 WAL file(s) added, 0 removed, 0 recycled; write=0.011 s, sync=0.012 s, total=0.030 s; sync files=10, longest=0.002 s, average=0.002 s; distance=354 kB, estimate=444838 kB; lsn=0/89897DF8, redo lsn=0/89897DF8
2024-07-31 13:43:30.591 BST [13257] LOG:  database system is shut down
