2024-08-01 09:29:46.838 CEST [778247] LOG:  starting PostgreSQL 18devel on x86_64-pc-linux-gnu, compiled by gcc (Debian 12.2.0-14) 12.2.0, 64-bit
2024-08-01 09:29:46.838 CEST [778247] LOG:  listening on IPv6 address "::1", port 5432
2024-08-01 09:29:46.838 CEST [778247] LOG:  listening on IPv4 address "127.0.0.1", port 5432
2024-08-01 09:29:46.839 CEST [778247] LOG:  listening on Unix socket "/tmp/.s.PGSQL.5432"
2024-08-01 09:29:46.842 CEST [778250] LOG:  database system was shut down at 2024-08-01 09:29:45 CEST
2024-08-01 09:29:46.846 CEST [778247] LOG:  database system is ready to accept connections
2024-08-01 09:29:55.691 CEST [778248] LOG:  checkpoints are occurring too frequently (9 seconds apart)
2024-08-01 09:29:55.691 CEST [778248] HINT:  Consider increasing the configuration parameter "max_wal_size".
2024-08-01 09:29:55.706 CEST [778248] LOG:  checkpoint starting: wal
2024-08-01 09:30:03.722 CEST [778248] LOG:  checkpoint complete: wrote 31743 buffers (12.1%); 0 WAL file(s) added, 1 removed, 33 recycled; write=7.727 s, sync=0.209 s, total=8.031 s; sync files=309, longest=0.069 s, average=0.001 s; distance=552022 kB, estimate=552022 kB; lsn=0/419531C0, redo lsn=0/23000FB8
2024-08-01 09:30:04.338 CEST [778248] LOG:  checkpoints are occurring too frequently (9 seconds apart)
2024-08-01 09:30:04.338 CEST [778248] HINT:  Consider increasing the configuration parameter "max_wal_size".
2024-08-01 09:30:04.338 CEST [778248] LOG:  checkpoint starting: wal
2024-08-01 09:30:12.885 CEST [778248] LOG:  checkpoint complete: wrote 31133 buffers (11.9%); 0 WAL file(s) added, 1 removed, 32 recycled; write=8.086 s, sync=0.376 s, total=8.547 s; sync files=5, longest=0.289 s, average=0.076 s; distance=553308 kB, estimate=553308 kB; lsn=0/6399D670, redo lsn=0/44C58070
2024-08-01 09:30:13.086 CEST [778248] LOG:  checkpoints are occurring too frequently (9 seconds apart)
2024-08-01 09:30:13.086 CEST [778248] HINT:  Consider increasing the configuration parameter "max_wal_size".
2024-08-01 09:30:13.090 CEST [778248] LOG:  checkpoint starting: wal
2024-08-01 09:30:21.933 CEST [778248] LOG:  checkpoint complete: wrote 26242 buffers (10.0%); 0 WAL file(s) added, 0 removed, 33 recycled; write=8.402 s, sync=0.413 s, total=8.847 s; sync files=386, longest=0.232 s, average=0.002 s; distance=530729 kB, estimate=551050 kB; lsn=0/7937C3C8, redo lsn=0/652A2570
2024-08-01 09:30:21.933 CEST [778248] LOG:  checkpoint starting: immediate force wait
2024-08-01 09:30:22.371 CEST [778248] LOG:  checkpoint complete: wrote 44982 buffers (17.2%); 0 WAL file(s) added, 0 removed, 20 recycled; write=0.362 s, sync=0.051 s, total=0.439 s; sync files=154, longest=0.012 s, average=0.001 s; distance=328551 kB, estimate=528800 kB; lsn=0/7937C498, redo lsn=0/7937C440
2024-08-01 09:31:32.562 CEST [778247] LOG:  received fast shutdown request
2024-08-01 09:31:32.562 CEST [778247] LOG:  aborting any active transactions
2024-08-01 09:31:32.563 CEST [778247] LOG:  background worker "logical replication launcher" (PID 778253) exited with exit code 1
2024-08-01 09:31:32.566 CEST [778248] LOG:  shutting down
2024-08-01 09:31:32.566 CEST [778248] LOG:  checkpoint starting: shutdown immediate
2024-08-01 09:31:32.573 CEST [778248] LOG:  checkpoint complete: wrote 53 buffers (0.0%); 0 WAL file(s) added, 0 removed, 0 recycled; write=0.005 s, sync=0.002 s, total=0.008 s; sync files=12, longest=0.001 s, average=0.001 s; distance=260 kB, estimate=475946 kB; lsn=0/793BD638, redo lsn=0/793BD638
2024-08-01 09:31:32.907 CEST [778247] LOG:  database system is shut down
