2024-08-01 01:01:28.944 CEST [2441304] LOG:  starting PostgreSQL 18devel on x86_64-pc-linux-gnu, compiled by gcc (Debian 12.2.0-14) 12.2.0, 64-bit
2024-08-01 01:01:28.944 CEST [2441304] LOG:  listening on IPv6 address "::1", port 5432
2024-08-01 01:01:28.944 CEST [2441304] LOG:  listening on IPv4 address "127.0.0.1", port 5432
2024-08-01 01:01:28.945 CEST [2441304] LOG:  listening on Unix socket "/tmp/.s.PGSQL.5432"
2024-08-01 01:01:28.948 CEST [2441307] LOG:  database system was shut down at 2024-08-01 01:01:28 CEST
2024-08-01 01:01:28.952 CEST [2441304] LOG:  database system is ready to accept connections
2024-08-01 01:01:38.511 CEST [2441305] LOG:  checkpoints are occurring too frequently (10 seconds apart)
2024-08-01 01:01:38.511 CEST [2441305] HINT:  Consider increasing the configuration parameter "max_wal_size".
2024-08-01 01:01:38.536 CEST [2441305] LOG:  checkpoint starting: wal
2024-08-01 01:01:46.324 CEST [2441305] LOG:  checkpoint complete: wrote 55684 buffers (21.2%); 0 WAL file(s) added, 1 removed, 33 recycled; write=7.106 s, sync=0.592 s, total=7.813 s; sync files=707, longest=0.426 s, average=0.001 s; distance=552021 kB, estimate=552021 kB; lsn=0/41AD3148, redo lsn=0/23000AD0
2024-08-01 01:01:46.913 CEST [2441305] LOG:  checkpoints are occurring too frequently (8 seconds apart)
2024-08-01 01:01:46.913 CEST [2441305] HINT:  Consider increasing the configuration parameter "max_wal_size".
2024-08-01 01:01:46.913 CEST [2441305] LOG:  checkpoint starting: wal
2024-08-01 01:01:53.591 CEST [2441305] LOG:  checkpoint complete: wrote 62611 buffers (23.9%); 0 WAL file(s) added, 2 removed, 32 recycled; write=6.150 s, sync=0.419 s, total=6.679 s; sync files=4, longest=0.200 s, average=0.105 s; distance=557063 kB, estimate=557063 kB; lsn=0/64001218, redo lsn=0/45002858
2024-08-01 01:01:53.994 CEST [2441305] LOG:  checkpoints are occurring too frequently (7 seconds apart)
2024-08-01 01:01:53.994 CEST [2441305] HINT:  Consider increasing the configuration parameter "max_wal_size".
2024-08-01 01:01:53.994 CEST [2441305] LOG:  checkpoint starting: wal
2024-08-01 01:02:00.622 CEST [2441305] LOG:  checkpoint complete: wrote 61223 buffers (23.4%); 0 WAL file(s) added, 1 removed, 32 recycled; write=6.134 s, sync=0.409 s, total=6.628 s; sync files=4, longest=0.372 s, average=0.103 s; distance=545022 kB, estimate=555859 kB; lsn=0/8592A730, redo lsn=0/664421A0
2024-08-01 01:02:01.013 CEST [2441305] LOG:  checkpoints are occurring too frequently (8 seconds apart)
2024-08-01 01:02:01.013 CEST [2441305] HINT:  Consider increasing the configuration parameter "max_wal_size".
2024-08-01 01:02:01.013 CEST [2441305] LOG:  checkpoint starting: wal
2024-08-01 01:02:07.586 CEST [2441305] LOG:  checkpoint complete: wrote 61948 buffers (23.6%); 0 WAL file(s) added, 2 removed, 31 recycled; write=6.047 s, sync=0.417 s, total=6.573 s; sync files=4, longest=0.308 s, average=0.104 s; distance=551519 kB, estimate=555425 kB; lsn=0/A7000A00, redo lsn=0/87EDA050
2024-08-01 01:02:07.765 CEST [2441305] LOG:  checkpoints are occurring too frequently (6 seconds apart)
2024-08-01 01:02:07.765 CEST [2441305] HINT:  Consider increasing the configuration parameter "max_wal_size".
2024-08-01 01:02:07.765 CEST [2441305] LOG:  checkpoint starting: wal
2024-08-01 01:02:14.202 CEST [2441305] LOG:  checkpoint complete: wrote 59316 buffers (22.6%); 0 WAL file(s) added, 1 removed, 32 recycled; write=5.920 s, sync=0.412 s, total=6.437 s; sync files=4, longest=0.390 s, average=0.103 s; distance=528384 kB, estimate=552721 kB; lsn=0/C7A9D518, redo lsn=0/A82DA2F0
2024-08-01 01:02:14.388 CEST [2441305] LOG:  checkpoints are occurring too frequently (7 seconds apart)
2024-08-01 01:02:14.388 CEST [2441305] HINT:  Consider increasing the configuration parameter "max_wal_size".
2024-08-01 01:02:14.389 CEST [2441305] LOG:  checkpoint starting: wal
2024-08-01 01:02:20.718 CEST [2441305] LOG:  checkpoint complete: wrote 60478 buffers (23.1%); 0 WAL file(s) added, 1 removed, 32 recycled; write=5.831 s, sync=0.412 s, total=6.331 s; sync files=3, longest=0.389 s, average=0.138 s; distance=538371 kB, estimate=551286 kB; lsn=0/E88883B0, redo lsn=0/C909AFB0
2024-08-01 01:02:21.110 CEST [2441305] LOG:  checkpoints are occurring too frequently (7 seconds apart)
2024-08-01 01:02:21.110 CEST [2441305] HINT:  Consider increasing the configuration parameter "max_wal_size".
2024-08-01 01:02:21.111 CEST [2441305] LOG:  checkpoint starting: wal
2024-08-01 01:02:27.589 CEST [2441305] LOG:  checkpoint complete: wrote 62485 buffers (23.8%); 0 WAL file(s) added, 2 removed, 31 recycled; write=5.955 s, sync=0.409 s, total=6.479 s; sync files=4, longest=0.387 s, average=0.103 s; distance=556293 kB, estimate=556293 kB; lsn=1/A002230, redo lsn=0/EAFDC5B8
2024-08-01 01:02:27.891 CEST [2441305] LOG:  checkpoints are occurring too frequently (6 seconds apart)
2024-08-01 01:02:27.891 CEST [2441305] HINT:  Consider increasing the configuration parameter "max_wal_size".
2024-08-01 01:02:27.891 CEST [2441305] LOG:  checkpoint starting: wal
2024-08-01 01:02:34.354 CEST [2441305] LOG:  checkpoint complete: wrote 60743 buffers (23.2%); 0 WAL file(s) added, 2 removed, 32 recycled; write=5.928 s, sync=0.400 s, total=6.463 s; sync files=3, longest=0.392 s, average=0.134 s; distance=540829 kB, estimate=554747 kB; lsn=1/2B006AF8, redo lsn=1/C003D38
2024-08-01 01:02:34.746 CEST [2441305] LOG:  checkpoints are occurring too frequently (7 seconds apart)
2024-08-01 01:02:34.746 CEST [2441305] HINT:  Consider increasing the configuration parameter "max_wal_size".
2024-08-01 01:02:34.747 CEST [2441305] LOG:  checkpoint starting: wal
2024-08-01 01:02:47.641 CEST [2441305] LOG:  checkpoint complete: wrote 60442 buffers (23.1%); 0 WAL file(s) added, 2 removed, 31 recycled; write=11.867 s, sync=0.944 s, total=12.896 s; sync files=9, longest=0.409 s, average=0.105 s; distance=543276 kB, estimate=553600 kB; lsn=1/4D2DC2B8, redo lsn=1/2D28EF00
2024-08-01 01:02:50.593 CEST [2441305] LOG:  checkpoints are occurring too frequently (16 seconds apart)
2024-08-01 01:02:50.593 CEST [2441305] HINT:  Consider increasing the configuration parameter "max_wal_size".
2024-08-01 01:02:50.593 CEST [2441305] LOG:  checkpoint starting: wal
2024-08-01 01:03:19.641 CEST [2441305] LOG:  checkpoint complete: wrote 244089 buffers (93.1%); 0 WAL file(s) added, 2 removed, 32 recycled; write=28.440 s, sync=0.511 s, total=29.049 s; sync files=32, longest=0.084 s, average=0.016 s; distance=554481 kB, estimate=554481 kB; lsn=1/6EF47CE0, redo lsn=1/4F00B570
2024-08-01 01:03:22.827 CEST [2441305] LOG:  checkpoint starting: wal
2024-08-01 01:03:28.884 CEST [2441305] LOG:  checkpoint complete: wrote 60 buffers (0.0%); 0 WAL file(s) added, 0 removed, 33 recycled; write=5.917 s, sync=0.109 s, total=6.057 s; sync files=29, longest=0.061 s, average=0.004 s; distance=553390 kB, estimate=554372 kB; lsn=1/76F9FD20, redo lsn=1/70C76FA8
2024-08-01 01:03:29.030 CEST [2441343] LOG:  skipping vacuum of "t" --- lock not available
2024-08-01 01:03:52.785 CEST [2441305] LOG:  checkpoint starting: wal
2024-08-01 01:04:23.502 CEST [2441305] LOG:  checkpoint complete: wrote 755 buffers (0.3%); 0 WAL file(s) added, 0 removed, 33 recycled; write=30.065 s, sync=0.611 s, total=30.718 s; sync files=341, longest=0.072 s, average=0.002 s; distance=532224 kB, estimate=552157 kB; lsn=1/AF339AD8, redo lsn=1/914371B0
2024-08-01 01:04:26.664 CEST [2441305] LOG:  checkpoint starting: wal
2024-08-01 01:04:29.050 CEST [2441363] LOG:  skipping vacuum of "t" --- lock not available
2024-08-01 01:04:32.273 CEST [2441305] LOG:  checkpoint complete: wrote 56 buffers (0.0%); 0 WAL file(s) added, 0 removed, 33 recycled; write=5.515 s, sync=0.064 s, total=5.610 s; sync files=25, longest=0.061 s, average=0.003 s; distance=543641 kB, estimate=551306 kB; lsn=1/B6B096A0, redo lsn=1/B271D5B0
2024-08-01 01:05:01.353 CEST [2441305] LOG:  checkpoint starting: wal
2024-08-01 01:05:07.946 CEST [2441305] LOG:  checkpoint complete: wrote 62 buffers (0.0%); 0 WAL file(s) added, 0 removed, 33 recycled; write=6.115 s, sync=0.446 s, total=6.594 s; sync files=30, longest=0.071 s, average=0.015 s; distance=540928 kB, estimate=550268 kB; lsn=1/D85BC240, redo lsn=1/D375D8B0
2024-08-01 01:05:29.051 CEST [2441386] LOG:  skipping vacuum of "t" --- lock not available
2024-08-01 01:05:36.890 CEST [2441305] LOG:  checkpoint starting: wal
2024-08-01 01:05:39.296 CEST [2441305] LOG:  checkpoint complete: wrote 20 buffers (0.0%); 0 WAL file(s) added, 0 removed, 33 recycled; write=1.908 s, sync=0.464 s, total=2.407 s; sync files=25, longest=0.072 s, average=0.019 s; distance=543503 kB, estimate=549591 kB; lsn=1/F6497F10, redo lsn=1/F4A21748
2024-08-01 01:06:13.280 CEST [2441305] LOG:  checkpoint starting: wal
2024-08-01 01:06:15.670 CEST [2441305] LOG:  checkpoint complete: wrote 20 buffers (0.0%); 0 WAL file(s) added, 0 removed, 33 recycled; write=1.909 s, sync=0.451 s, total=2.390 s; sync files=26, longest=0.071 s, average=0.018 s; distance=543289 kB, estimate=548961 kB; lsn=2/17F4B628, redo lsn=2/15CAFE18
2024-08-01 01:06:29.070 CEST [2441405] LOG:  skipping vacuum of "t" --- lock not available
2024-08-01 01:06:50.644 CEST [2441305] LOG:  checkpoint starting: wal
2024-08-01 01:06:52.555 CEST [2441305] LOG:  checkpoint complete: wrote 17 buffers (0.0%); 0 WAL file(s) added, 0 removed, 33 recycled; write=1.608 s, sync=0.271 s, total=1.911 s; sync files=26, longest=0.071 s, average=0.011 s; distance=535131 kB, estimate=547578 kB; lsn=2/399F7118, redo lsn=2/36746D20
2024-08-01 01:07:25.453 CEST [2441305] LOG:  checkpoint starting: wal
2024-08-01 01:07:27.487 CEST [2441305] LOG:  checkpoint complete: wrote 16 buffers (0.0%); 0 WAL file(s) added, 0 removed, 33 recycled; write=1.508 s, sync=0.461 s, total=2.034 s; sync files=24, longest=0.072 s, average=0.020 s; distance=542155 kB, estimate=547036 kB; lsn=2/578C9C58, redo lsn=2/578B9948
2024-08-01 01:07:29.090 CEST [2441424] LOG:  skipping vacuum of "t" --- lock not available
2024-08-01 01:08:04.522 CEST [2441305] LOG:  checkpoint starting: wal
2024-08-01 01:08:06.701 CEST [2441305] LOG:  checkpoint complete: wrote 18 buffers (0.0%); 0 WAL file(s) added, 0 removed, 33 recycled; write=1.708 s, sync=0.439 s, total=2.180 s; sync files=24, longest=0.070 s, average=0.019 s; distance=538190 kB, estimate=546151 kB; lsn=2/79377938, redo lsn=2/7864D168
2024-08-01 01:08:29.110 CEST [2441442] LOG:  skipping vacuum of "t" --- lock not available
2024-08-01 01:08:44.656 CEST [2441305] LOG:  checkpoint starting: wal
2024-08-01 01:08:46.380 CEST [2441305] LOG:  checkpoint complete: wrote 14 buffers (0.0%); 0 WAL file(s) added, 0 removed, 33 recycled; write=1.308 s, sync=0.386 s, total=1.725 s; sync files=24, longest=0.071 s, average=0.017 s; distance=546768 kB, estimate=546768 kB; lsn=2/9AE24E40, redo lsn=2/99C411C0
2024-08-01 01:09:25.434 CEST [2441305] LOG:  checkpoint starting: wal
2024-08-01 01:09:27.386 CEST [2441305] LOG:  checkpoint complete: wrote 14 buffers (0.0%); 0 WAL file(s) added, 0 removed, 33 recycled; write=1.331 s, sync=0.569 s, total=1.953 s; sync files=24, longest=0.140 s, average=0.024 s; distance=536455 kB, estimate=545736 kB; lsn=2/C8AB0468, redo lsn=2/BA822E48
2024-08-01 01:09:29.129 CEST [2441460] LOG:  skipping vacuum of "t" --- lock not available
2024-08-01 01:09:29.157 CEST [2441305] LOG:  checkpoints are occurring too frequently (4 seconds apart)
2024-08-01 01:09:29.157 CEST [2441305] HINT:  Consider increasing the configuration parameter "max_wal_size".
2024-08-01 01:09:29.160 CEST [2441305] LOG:  checkpoint starting: wal
2024-08-01 01:09:32.240 CEST [2441305] LOG:  checkpoint complete: wrote 33 buffers (0.0%); 0 WAL file(s) added, 0 removed, 33 recycled; write=3.010 s, sync=0.004 s, total=3.084 s; sync files=17, longest=0.002 s, average=0.001 s; distance=533589 kB, estimate=544522 kB; lsn=2/F9B74980, redo lsn=2/DB138288
2024-08-01 01:09:32.524 CEST [2441305] LOG:  checkpoints are occurring too frequently (3 seconds apart)
2024-08-01 01:09:32.524 CEST [2441305] HINT:  Consider increasing the configuration parameter "max_wal_size".
2024-08-01 01:09:32.525 CEST [2441305] LOG:  checkpoint starting: wal
2024-08-01 01:09:32.592 CEST [2441305] LOG:  checkpoint complete: wrote 0 buffers (0.0%); 0 WAL file(s) added, 0 removed, 34 recycled; write=0.004 s, sync=0.001 s, total=0.068 s; sync files=0, longest=0.000 s, average=0.000 s; distance=555884 kB, estimate=555884 kB; lsn=2/FD27D548, redo lsn=2/FD0135F0
2024-08-01 01:09:36.430 CEST [2441305] LOG:  checkpoints are occurring too frequently (4 seconds apart)
2024-08-01 01:09:36.430 CEST [2441305] HINT:  Consider increasing the configuration parameter "max_wal_size".
2024-08-01 01:09:36.430 CEST [2441305] LOG:  checkpoint starting: wal
2024-08-01 01:09:36.507 CEST [2441305] LOG:  checkpoint complete: wrote 0 buffers (0.0%); 0 WAL file(s) added, 0 removed, 34 recycled; write=0.004 s, sync=0.001 s, total=0.078 s; sync files=0, longest=0.000 s, average=0.000 s; distance=557120 kB, estimate=557120 kB; lsn=3/1F28D820, redo lsn=3/1F0238C8
2024-08-01 01:09:39.820 CEST [2441305] LOG:  checkpoints are occurring too frequently (3 seconds apart)
2024-08-01 01:09:39.820 CEST [2441305] HINT:  Consider increasing the configuration parameter "max_wal_size".
2024-08-01 01:09:39.820 CEST [2441305] LOG:  checkpoint starting: wal
2024-08-01 01:09:39.889 CEST [2441305] LOG:  checkpoint complete: wrote 0 buffers (0.0%); 0 WAL file(s) added, 0 removed, 34 recycled; write=0.004 s, sync=0.001 s, total=0.069 s; sync files=0, longest=0.000 s, average=0.000 s; distance=557120 kB, estimate=557120 kB; lsn=3/4129DB68, redo lsn=3/41033C10
2024-08-01 01:09:43.198 CEST [2441305] LOG:  checkpoints are occurring too frequently (4 seconds apart)
2024-08-01 01:09:43.198 CEST [2441305] HINT:  Consider increasing the configuration parameter "max_wal_size".
2024-08-01 01:09:43.198 CEST [2441305] LOG:  checkpoint starting: wal
2024-08-01 01:09:43.371 CEST [2441305] LOG:  checkpoint complete: wrote 0 buffers (0.0%); 0 WAL file(s) added, 0 removed, 34 recycled; write=0.005 s, sync=0.001 s, total=0.173 s; sync files=0, longest=0.000 s, average=0.000 s; distance=556873 kB, estimate=557096 kB; lsn=3/63C17CB0, redo lsn=3/63006250
2024-08-01 01:09:46.791 CEST [2441305] LOG:  checkpoints are occurring too frequently (3 seconds apart)
2024-08-01 01:09:46.791 CEST [2441305] HINT:  Consider increasing the configuration parameter "max_wal_size".
2024-08-01 01:09:46.792 CEST [2441305] LOG:  checkpoint starting: wal
2024-08-01 01:09:47.482 CEST [2441305] LOG:  checkpoint complete: wrote 0 buffers (0.0%); 0 WAL file(s) added, 0 removed, 33 recycled; write=0.107 s, sync=0.001 s, total=0.692 s; sync files=0, longest=0.000 s, average=0.000 s; distance=543032 kB, estimate=555689 kB; lsn=3/854EA348, redo lsn=3/84254278
2024-08-01 01:09:50.457 CEST [2441305] LOG:  checkpoints are occurring too frequently (4 seconds apart)
2024-08-01 01:09:50.457 CEST [2441305] HINT:  Consider increasing the configuration parameter "max_wal_size".
2024-08-01 01:09:50.480 CEST [2441305] LOG:  checkpoint starting: wal
2024-08-01 01:09:50.527 CEST [2441305] LOG:  checkpoint complete: wrote 0 buffers (0.0%); 0 WAL file(s) added, 0 removed, 34 recycled; write=0.004 s, sync=0.001 s, total=0.071 s; sync files=0, longest=0.000 s, average=0.000 s; distance=554896 kB, estimate=555610 kB; lsn=3/A62DFF28, redo lsn=3/A6038338
2024-08-01 01:09:56.701 CEST [2441305] LOG:  checkpoints are occurring too frequently (6 seconds apart)
2024-08-01 01:09:56.701 CEST [2441305] HINT:  Consider increasing the configuration parameter "max_wal_size".
2024-08-01 01:09:56.701 CEST [2441305] LOG:  checkpoint starting: wal
2024-08-01 01:09:57.731 CEST [2441305] LOG:  checkpoint complete: wrote 8 buffers (0.0%); 0 WAL file(s) added, 0 removed, 34 recycled; write=0.839 s, sync=0.144 s, total=1.030 s; sync files=5, longest=0.070 s, average=0.029 s; distance=557017 kB, estimate=557017 kB; lsn=3/CE94D120, redo lsn=3/C802E740
2024-08-01 01:10:25.462 CEST [2441305] LOG:  checkpoints are occurring too frequently (29 seconds apart)
2024-08-01 01:10:25.462 CEST [2441305] HINT:  Consider increasing the configuration parameter "max_wal_size".
2024-08-01 01:10:25.462 CEST [2441305] LOG:  checkpoint starting: wal
2024-08-01 01:10:26.543 CEST [2441305] LOG:  checkpoint complete: wrote 5 buffers (0.0%); 0 WAL file(s) added, 0 removed, 33 recycled; write=0.505 s, sync=0.543 s, total=1.081 s; sync files=12, longest=0.116 s, average=0.046 s; distance=552446 kB, estimate=556559 kB; lsn=3/EC81DF28, redo lsn=3/E9BAE120
2024-08-01 01:10:29.148 CEST [2441475] LOG:  skipping vacuum of "t" --- lock not available
2024-08-01 01:10:55.499 CEST [2441305] LOG:  checkpoint starting: wal
2024-08-01 01:10:56.978 CEST [2441305] LOG:  checkpoint complete: wrote 9 buffers (0.0%); 0 WAL file(s) added, 0 removed, 33 recycled; write=0.910 s, sync=0.537 s, total=1.479 s; sync files=15, longest=0.072 s, average=0.036 s; distance=535746 kB, estimate=554478 kB; lsn=4/A6E5910, redo lsn=4/A6DE9F8
2024-08-01 01:11:29.168 CEST [2441494] LOG:  skipping vacuum of "t" --- lock not available
2024-08-01 01:11:29.234 CEST [2441305] LOG:  checkpoint starting: wal
2024-08-01 01:11:30.613 CEST [2441305] LOG:  checkpoint complete: wrote 9 buffers (0.0%); 0 WAL file(s) added, 0 removed, 33 recycled; write=0.906 s, sync=0.444 s, total=1.380 s; sync files=15, longest=0.070 s, average=0.030 s; distance=538795 kB, estimate=552910 kB; lsn=4/2C185F98, redo lsn=4/2B509758
2024-08-01 01:12:03.643 CEST [2441305] LOG:  checkpoint starting: wal
2024-08-01 01:12:05.115 CEST [2441305] LOG:  checkpoint complete: wrote 9 buffers (0.0%); 0 WAL file(s) added, 0 removed, 33 recycled; write=0.922 s, sync=0.519 s, total=1.473 s; sync files=15, longest=0.072 s, average=0.035 s; distance=549358 kB, estimate=552555 kB; lsn=4/4DC26DF0, redo lsn=4/4CD851A8
2024-08-01 01:12:29.188 CEST [2441513] LOG:  skipping vacuum of "t" --- lock not available
2024-08-01 01:12:38.961 CEST [2441305] LOG:  checkpoint starting: wal
2024-08-01 01:12:40.742 CEST [2441305] LOG:  checkpoint complete: wrote 12 buffers (0.0%); 0 WAL file(s) added, 0 removed, 33 recycled; write=1.215 s, sync=0.518 s, total=1.782 s; sync files=15, longest=0.072 s, average=0.035 s; distance=541895 kB, estimate=551489 kB; lsn=4/6F6C8710, redo lsn=4/6DEB7048
2024-08-01 01:13:15.073 CEST [2441305] LOG:  checkpoint starting: wal
2024-08-01 01:13:16.662 CEST [2441305] LOG:  checkpoint complete: wrote 10 buffers (0.0%); 0 WAL file(s) added, 0 removed, 33 recycled; write=1.009 s, sync=0.550 s, total=1.591 s; sync files=15, longest=0.079 s, average=0.037 s; distance=532016 kB, estimate=549541 kB; lsn=4/9116A558, redo lsn=4/8E643418
2024-08-01 01:13:29.203 CEST [2441531] LOG:  skipping vacuum of "t" --- lock not available
2024-08-01 01:13:48.768 CEST [2441305] LOG:  checkpoint starting: wal
2024-08-01 01:13:50.541 CEST [2441305] LOG:  checkpoint complete: wrote 12 buffers (0.0%); 0 WAL file(s) added, 0 removed, 33 recycled; write=1.207 s, sync=0.534 s, total=1.774 s; sync files=15, longest=0.073 s, average=0.036 s; distance=534432 kB, estimate=548031 kB; lsn=4/AF02BAF0, redo lsn=4/AF02B770
2024-08-01 01:14:26.668 CEST [2441305] LOG:  checkpoint starting: wal
2024-08-01 01:14:27.822 CEST [2441305] LOG:  checkpoint complete: wrote 6 buffers (0.0%); 0 WAL file(s) added, 0 removed, 33 recycled; write=0.605 s, sync=0.513 s, total=1.155 s; sync files=15, longest=0.074 s, average=0.035 s; distance=551553 kB, estimate=551553 kB; lsn=4/D0AD4170, redo lsn=4/D0ACBD58
2024-08-01 01:14:29.211 CEST [2441550] LOG:  skipping vacuum of "t" --- lock not available
2024-08-01 01:15:05.424 CEST [2441305] LOG:  checkpoint starting: wal
2024-08-01 01:15:06.451 CEST [2441305] LOG:  checkpoint complete: wrote 6 buffers (0.0%); 0 WAL file(s) added, 0 removed, 33 recycled; write=0.625 s, sync=0.370 s, total=1.027 s; sync files=15, longest=0.068 s, average=0.025 s; distance=544518 kB, estimate=550849 kB; lsn=4/F2577C20, redo lsn=4/F1E8D620
2024-08-01 01:15:29.230 CEST [2441622] LOG:  skipping vacuum of "t" --- lock not available
2024-08-01 01:15:44.969 CEST [2441305] LOG:  checkpoint starting: wal
2024-08-01 01:15:46.066 CEST [2441305] LOG:  checkpoint complete: wrote 6 buffers (0.0%); 0 WAL file(s) added, 0 removed, 33 recycled; write=0.627 s, sync=0.439 s, total=1.098 s; sync files=15, longest=0.096 s, average=0.030 s; distance=532896 kB, estimate=549054 kB; lsn=5/1401A030, redo lsn=5/126F5718
2024-08-01 01:16:25.526 CEST [2441305] LOG:  checkpoint starting: wal
2024-08-01 01:16:26.535 CEST [2441305] LOG:  checkpoint complete: wrote 7 buffers (0.0%); 0 WAL file(s) added, 0 removed, 33 recycled; write=0.718 s, sync=0.260 s, total=1.011 s; sync files=15, longest=0.075 s, average=0.018 s; distance=542779 kB, estimate=548427 kB; lsn=5/35ABB4A8, redo lsn=5/33904668
2024-08-01 01:16:29.250 CEST [2441640] LOG:  skipping vacuum of "t" --- lock not available
2024-08-01 01:16:51.242 CEST [2441305] LOG:  checkpoint starting: immediate force wait
2024-08-01 01:16:52.531 CEST [2441305] LOG:  checkpoint complete: wrote 12306 buffers (4.7%); 0 WAL file(s) added, 0 removed, 23 recycled; write=0.134 s, sync=1.120 s, total=1.289 s; sync files=780, longest=0.607 s, average=0.002 s; distance=379046 kB, estimate=531489 kB; lsn=5/4AB2E240, redo lsn=5/4AB2E1E8
2024-08-01 01:18:06.425 CEST [2441304] LOG:  received fast shutdown request
2024-08-01 01:18:06.426 CEST [2441304] LOG:  aborting any active transactions
2024-08-01 01:18:06.426 CEST [2441304] LOG:  background worker "logical replication launcher" (PID 2441310) exited with exit code 1
2024-08-01 01:18:06.429 CEST [2441305] LOG:  shutting down
2024-08-01 01:18:06.430 CEST [2441305] LOG:  checkpoint starting: shutdown immediate
2024-08-01 01:18:06.440 CEST [2441305] LOG:  checkpoint complete: wrote 66 buffers (0.0%); 0 WAL file(s) added, 0 removed, 0 recycled; write=0.004 s, sync=0.003 s, total=0.011 s; sync files=5, longest=0.002 s, average=0.001 s; distance=202 kB, estimate=478360 kB; lsn=5/4AB60A98, redo lsn=5/4AB60A98
2024-08-01 01:18:06.845 CEST [2441304] LOG:  database system is shut down
