2024-07-31 14:35:31.363 CEST [150791] LOG:  starting PostgreSQL 18devel on x86_64-pc-linux-gnu, compiled by gcc (Debian 12.2.0-14) 12.2.0, 64-bit
2024-07-31 14:35:31.364 CEST [150791] LOG:  listening on IPv6 address "::1", port 5432
2024-07-31 14:35:31.364 CEST [150791] LOG:  listening on IPv4 address "127.0.0.1", port 5432
2024-07-31 14:35:31.366 CEST [150791] LOG:  listening on Unix socket "/tmp/.s.PGSQL.5432"
2024-07-31 14:35:31.369 CEST [150794] LOG:  database system was shut down at 2024-07-31 14:35:30 CEST
2024-07-31 14:35:31.372 CEST [150791] LOG:  database system is ready to accept connections
2024-07-31 14:35:41.437 CEST [150792] LOG:  checkpoints are occurring too frequently (10 seconds apart)
2024-07-31 14:35:41.437 CEST [150792] HINT:  Consider increasing the configuration parameter "max_wal_size".
2024-07-31 14:35:41.437 CEST [150792] LOG:  checkpoint starting: wal
2024-07-31 14:35:50.194 CEST [150792] LOG:  checkpoint complete: wrote 39827 buffers (15.2%); 0 WAL file(s) added, 1 removed, 32 recycled; write=8.341 s, sync=0.340 s, total=8.757 s; sync files=345, longest=0.211 s, average=0.001 s; distance=542200 kB, estimate=542200 kB; lsn=0/410BBF58, redo lsn=0/22669478
2024-07-31 14:35:50.744 CEST [150792] LOG:  checkpoints are occurring too frequently (9 seconds apart)
2024-07-31 14:35:50.744 CEST [150792] HINT:  Consider increasing the configuration parameter "max_wal_size".
2024-07-31 14:35:50.744 CEST [150792] LOG:  checkpoint starting: wal
2024-07-31 14:35:58.447 CEST [150792] LOG:  checkpoint complete: wrote 39448 buffers (15.0%); 0 WAL file(s) added, 1 removed, 32 recycled; write=7.353 s, sync=0.258 s, total=7.703 s; sync files=3, longest=0.201 s, average=0.086 s; distance=543611 kB, estimate=543611 kB; lsn=0/620477F0, redo lsn=0/43948080
2024-07-31 14:35:59.056 CEST [150792] LOG:  checkpoints are occurring too frequently (9 seconds apart)
2024-07-31 14:35:59.056 CEST [150792] HINT:  Consider increasing the configuration parameter "max_wal_size".
2024-07-31 14:35:59.056 CEST [150792] LOG:  checkpoint starting: wal
2024-07-31 14:36:24.910 CEST [150792] LOG:  checkpoint complete: wrote 39427 buffers (15.0%); 0 WAL file(s) added, 2 removed, 31 recycled; write=25.265 s, sync=0.515 s, total=25.854 s; sync files=13, longest=0.081 s, average=0.040 s; distance=543274 kB, estimate=543577 kB; lsn=0/845B1E90, redo lsn=0/64BD2B48
2024-07-31 14:36:25.095 CEST [150792] LOG:  checkpoints are occurring too frequently (26 seconds apart)
2024-07-31 14:36:25.095 CEST [150792] HINT:  Consider increasing the configuration parameter "max_wal_size".
2024-07-31 14:36:25.095 CEST [150792] LOG:  checkpoint starting: wal
2024-07-31 14:36:34.958 CEST [150792] LOG:  checkpoint complete: wrote 68284 buffers (26.0%); 0 WAL file(s) added, 2 removed, 31 recycled; write=9.273 s, sync=0.515 s, total=9.864 s; sync files=20, longest=0.361 s, average=0.026 s; distance=538650 kB, estimate=543084 kB; lsn=0/A589C370, redo lsn=0/859D9630
2024-07-31 14:36:35.048 CEST [150792] LOG:  checkpoints are occurring too frequently (10 seconds apart)
2024-07-31 14:36:35.048 CEST [150792] HINT:  Consider increasing the configuration parameter "max_wal_size".
2024-07-31 14:36:35.048 CEST [150792] LOG:  checkpoint starting: wal
2024-07-31 14:36:37.766 CEST [150792] LOG:  checkpoint complete: wrote 27 buffers (0.0%); 0 WAL file(s) added, 0 removed, 34 recycled; write=2.621 s, sync=0.063 s, total=2.719 s; sync files=20, longest=0.055 s, average=0.004 s; distance=547090 kB, estimate=547090 kB; lsn=0/BB1A2228, redo lsn=0/A701DE78
2024-07-31 14:36:43.105 CEST [150792] LOG:  checkpoints are occurring too frequently (8 seconds apart)
2024-07-31 14:36:43.105 CEST [150792] HINT:  Consider increasing the configuration parameter "max_wal_size".
2024-07-31 14:36:43.105 CEST [150792] LOG:  checkpoint starting: wal
2024-07-31 14:36:44.155 CEST [150792] LOG:  checkpoint complete: wrote 8 buffers (0.0%); 0 WAL file(s) added, 0 removed, 33 recycled; write=0.806 s, sync=0.214 s, total=1.051 s; sync files=8, longest=0.212 s, average=0.027 s; distance=543898 kB, estimate=546770 kB; lsn=0/CAF47308, redo lsn=0/C8344A28
2024-07-31 14:37:11.113 CEST [150792] LOG:  checkpoints are occurring too frequently (28 seconds apart)
2024-07-31 14:37:11.113 CEST [150792] HINT:  Consider increasing the configuration parameter "max_wal_size".
2024-07-31 14:37:11.113 CEST [150792] LOG:  checkpoint starting: wal
2024-07-31 14:37:12.607 CEST [150792] LOG:  checkpoint complete: wrote 9 buffers (0.0%); 0 WAL file(s) added, 0 removed, 33 recycled; write=0.906 s, sync=0.546 s, total=1.494 s; sync files=18, longest=0.074 s, average=0.031 s; distance=540585 kB, estimate=546152 kB; lsn=0/ECE13F38, redo lsn=0/E932EE58
2024-07-31 14:37:14.159 CEST [150792] LOG:  checkpoint starting: immediate force wait
2024-07-31 14:37:15.030 CEST [150792] LOG:  checkpoint complete: wrote 1952 buffers (0.7%); 0 WAL file(s) added, 0 removed, 4 recycled; write=0.028 s, sync=0.823 s, total=0.871 s; sync files=417, longest=0.656 s, average=0.002 s; distance=74084 kB, estimate=498945 kB; lsn=0/EDB88058, redo lsn=0/EDB87FE8
2024-07-31 14:38:25.304 CEST [150791] LOG:  received fast shutdown request
2024-07-31 14:38:25.305 CEST [150791] LOG:  aborting any active transactions
2024-07-31 14:38:25.306 CEST [150791] LOG:  background worker "logical replication launcher" (PID 150797) exited with exit code 1
2024-07-31 14:38:25.307 CEST [150792] LOG:  shutting down
2024-07-31 14:38:25.308 CEST [150792] LOG:  checkpoint starting: shutdown immediate
2024-07-31 14:38:25.318 CEST [150792] LOG:  checkpoint complete: wrote 73 buffers (0.0%); 0 WAL file(s) added, 0 removed, 0 recycled; write=0.005 s, sync=0.003 s, total=0.012 s; sync files=10, longest=0.002 s, average=0.001 s; distance=247 kB, estimate=449075 kB; lsn=0/EDBC5E40, redo lsn=0/EDBC5E40
2024-07-31 14:38:25.580 CEST [150791] LOG:  database system is shut down
