2024-07-31 21:18:29.647 CEST [1210444] LOG:  starting PostgreSQL 18devel on x86_64-pc-linux-gnu, compiled by gcc (Debian 12.2.0-14) 12.2.0, 64-bit
2024-07-31 21:18:29.647 CEST [1210444] LOG:  listening on IPv6 address "::1", port 5432
2024-07-31 21:18:29.647 CEST [1210444] LOG:  listening on IPv4 address "127.0.0.1", port 5432
2024-07-31 21:18:29.666 CEST [1210444] LOG:  listening on Unix socket "/tmp/.s.PGSQL.5432"
2024-07-31 21:18:29.669 CEST [1210447] LOG:  database system was shut down at 2024-07-31 21:18:28 CEST
2024-07-31 21:18:29.673 CEST [1210444] LOG:  database system is ready to accept connections
2024-07-31 21:18:40.702 CEST [1210445] LOG:  checkpoints are occurring too frequently (11 seconds apart)
2024-07-31 21:18:40.702 CEST [1210445] HINT:  Consider increasing the configuration parameter "max_wal_size".
2024-07-31 21:18:40.702 CEST [1210445] LOG:  checkpoint starting: wal
2024-07-31 21:18:52.915 CEST [1210445] LOG:  checkpoint complete: wrote 6830 buffers (2.6%); 0 WAL file(s) added, 4 removed, 29 recycled; write=10.384 s, sync=1.736 s, total=12.213 s; sync files=804, longest=0.018 s, average=0.003 s; distance=537539 kB, estimate=537539 kB; lsn=0/44CE6908, redo lsn=0/221DC058
2024-07-31 21:18:52.915 CEST [1210445] LOG:  checkpoints are occurring too frequently (12 seconds apart)
2024-07-31 21:18:52.915 CEST [1210445] HINT:  Consider increasing the configuration parameter "max_wal_size".
2024-07-31 21:18:52.915 CEST [1210445] LOG:  checkpoint starting: wal
2024-07-31 21:18:58.548 CEST [1210445] LOG:  checkpoint complete: wrote 51 buffers (0.0%); 0 WAL file(s) added, 0 removed, 34 recycled; write=5.020 s, sync=0.576 s, total=5.633 s; sync files=188, longest=0.015 s, average=0.004 s; distance=570116 kB, estimate=570116 kB; lsn=0/56486BA0, redo lsn=0/44E9D2F0
2024-07-31 21:19:03.311 CEST [1210445] LOG:  checkpoints are occurring too frequently (11 seconds apart)
2024-07-31 21:19:03.311 CEST [1210445] HINT:  Consider increasing the configuration parameter "max_wal_size".
2024-07-31 21:19:03.311 CEST [1210445] LOG:  checkpoint starting: wal
2024-07-31 21:19:09.081 CEST [1210445] LOG:  checkpoint complete: wrote 49 buffers (0.0%); 0 WAL file(s) added, 0 removed, 33 recycled; write=4.818 s, sync=0.911 s, total=5.770 s; sync files=278, longest=0.013 s, average=0.004 s; distance=526428 kB, estimate=565747 kB; lsn=0/771D0EA8, redo lsn=0/650B4460
2024-07-31 21:19:11.708 CEST [1210445] LOG:  checkpoint starting: immediate force wait
2024-07-31 21:19:12.024 CEST [1210445] LOG:  checkpoint complete: wrote 188 buffers (0.1%); 0 WAL file(s) added, 0 removed, 25 recycled; write=0.008 s, sync=0.274 s, total=0.316 s; sync files=109, longest=0.011 s, average=0.003 s; distance=409953 kB, estimate=550168 kB; lsn=0/7E10C930, redo lsn=0/7E10C8D8
2024-07-31 21:20:22.250 CEST [1210444] LOG:  received fast shutdown request
2024-07-31 21:20:22.251 CEST [1210444] LOG:  aborting any active transactions
2024-07-31 21:20:22.252 CEST [1210444] LOG:  background worker "logical replication launcher" (PID 1210450) exited with exit code 1
2024-07-31 21:20:22.253 CEST [1210445] LOG:  shutting down
2024-07-31 21:20:22.254 CEST [1210445] LOG:  checkpoint starting: shutdown immediate
2024-07-31 21:20:22.267 CEST [1210445] LOG:  checkpoint complete: wrote 53 buffers (0.0%); 0 WAL file(s) added, 0 removed, 0 recycled; write=0.005 s, sync=0.004 s, total=0.014 s; sync files=12, longest=0.001 s, average=0.001 s; distance=294 kB, estimate=495180 kB; lsn=0/7E1561C8, redo lsn=0/7E1561C8
2024-07-31 21:20:22.433 CEST [1210444] LOG:  database system is shut down
