2024-07-31 21:48:44.496 CEST [1354857] LOG:  starting PostgreSQL 18devel on x86_64-pc-linux-gnu, compiled by gcc (Debian 12.2.0-14) 12.2.0, 64-bit
2024-07-31 21:48:44.496 CEST [1354857] LOG:  listening on IPv6 address "::1", port 5432
2024-07-31 21:48:44.496 CEST [1354857] LOG:  listening on IPv4 address "127.0.0.1", port 5432
2024-07-31 21:48:44.498 CEST [1354857] LOG:  listening on Unix socket "/tmp/.s.PGSQL.5432"
2024-07-31 21:48:44.501 CEST [1354860] LOG:  database system was shut down at 2024-07-31 21:48:43 CEST
2024-07-31 21:48:44.505 CEST [1354857] LOG:  database system is ready to accept connections
2024-07-31 21:48:55.597 CEST [1354858] LOG:  checkpoints are occurring too frequently (11 seconds apart)
2024-07-31 21:48:55.597 CEST [1354858] HINT:  Consider increasing the configuration parameter "max_wal_size".
2024-07-31 21:48:55.597 CEST [1354858] LOG:  checkpoint starting: wal
2024-07-31 21:49:07.860 CEST [1354858] LOG:  checkpoint complete: wrote 6830 buffers (2.6%); 0 WAL file(s) added, 4 removed, 29 recycled; write=10.408 s, sync=1.780 s, total=12.263 s; sync files=804, longest=0.022 s, average=0.003 s; distance=537539 kB, estimate=537539 kB; lsn=0/44E9D248, redo lsn=0/221DC058
2024-07-31 21:49:07.860 CEST [1354858] LOG:  checkpoints are occurring too frequently (12 seconds apart)
2024-07-31 21:49:07.860 CEST [1354858] HINT:  Consider increasing the configuration parameter "max_wal_size".
2024-07-31 21:49:07.860 CEST [1354858] LOG:  checkpoint starting: wal
2024-07-31 21:49:13.500 CEST [1354858] LOG:  checkpoint complete: wrote 51 buffers (0.0%); 0 WAL file(s) added, 0 removed, 35 recycled; write=5.024 s, sync=0.581 s, total=5.640 s; sync files=189, longest=0.012 s, average=0.004 s; distance=572102 kB, estimate=572102 kB; lsn=0/567F3AF8, redo lsn=0/4508DB40
2024-07-31 21:49:18.536 CEST [1354858] LOG:  checkpoints are occurring too frequently (11 seconds apart)
2024-07-31 21:49:18.536 CEST [1354858] HINT:  Consider increasing the configuration parameter "max_wal_size".
2024-07-31 21:49:18.536 CEST [1354858] LOG:  checkpoint starting: wal
2024-07-31 21:49:24.333 CEST [1354858] LOG:  checkpoint complete: wrote 49 buffers (0.0%); 0 WAL file(s) added, 0 removed, 33 recycled; write=4.816 s, sync=0.932 s, total=5.797 s; sync files=286, longest=0.014 s, average=0.004 s; distance=540332 kB, estimate=568925 kB; lsn=0/78347B50, redo lsn=0/66038B50
2024-07-31 21:49:26.564 CEST [1354858] LOG:  checkpoint starting: immediate force wait
2024-07-31 21:49:26.841 CEST [1354858] LOG:  checkpoint complete: wrote 188 buffers (0.1%); 0 WAL file(s) added, 0 removed, 24 recycled; write=0.008 s, sync=0.240 s, total=0.278 s; sync files=100, longest=0.011 s, average=0.003 s; distance=394070 kB, estimate=551440 kB; lsn=0/7E10E420, redo lsn=0/7E10E3C8
2024-07-31 21:50:37.049 CEST [1354857] LOG:  received fast shutdown request
2024-07-31 21:50:37.050 CEST [1354857] LOG:  aborting any active transactions
2024-07-31 21:50:37.051 CEST [1354857] LOG:  background worker "logical replication launcher" (PID 1354863) exited with exit code 1
2024-07-31 21:50:37.052 CEST [1354858] LOG:  shutting down
2024-07-31 21:50:37.053 CEST [1354858] LOG:  checkpoint starting: shutdown immediate
2024-07-31 21:50:37.063 CEST [1354858] LOG:  checkpoint complete: wrote 53 buffers (0.0%); 0 WAL file(s) added, 0 removed, 0 recycled; write=0.005 s, sync=0.003 s, total=0.011 s; sync files=12, longest=0.001 s, average=0.001 s; distance=294 kB, estimate=496325 kB; lsn=0/7E157CA0, redo lsn=0/7E157CA0
2024-07-31 21:50:37.236 CEST [1354857] LOG:  database system is shut down
