2024-08-01 14:13:22.442 CEST [1957226] LOG:  starting PostgreSQL 18devel on x86_64-pc-linux-gnu, compiled by gcc (Debian 12.2.0-14) 12.2.0, 64-bit
2024-08-01 14:13:22.442 CEST [1957226] LOG:  listening on IPv6 address "::1", port 5432
2024-08-01 14:13:22.442 CEST [1957226] LOG:  listening on IPv4 address "127.0.0.1", port 5432
2024-08-01 14:13:22.460 CEST [1957226] LOG:  listening on Unix socket "/tmp/.s.PGSQL.5432"
2024-08-01 14:13:22.463 CEST [1957229] LOG:  database system was shut down at 2024-08-01 14:13:21 CEST
2024-08-01 14:13:22.467 CEST [1957226] LOG:  database system is ready to accept connections
2024-08-01 14:13:31.737 CEST [1957227] LOG:  checkpoints are occurring too frequently (9 seconds apart)
2024-08-01 14:13:31.737 CEST [1957227] HINT:  Consider increasing the configuration parameter "max_wal_size".
2024-08-01 14:13:31.737 CEST [1957227] LOG:  checkpoint starting: wal
2024-08-01 14:13:39.213 CEST [1957227] LOG:  checkpoint complete: wrote 54049 buffers (20.6%); 0 WAL file(s) added, 1 removed, 32 recycled; write=6.825 s, sync=0.568 s, total=7.476 s; sync files=707, longest=0.374 s, average=0.001 s; distance=537017 kB, estimate=537017 kB; lsn=0/4179BCE0, redo lsn=0/22159B00
2024-08-01 14:13:39.610 CEST [1957227] LOG:  checkpoints are occurring too frequently (8 seconds apart)
2024-08-01 14:13:39.610 CEST [1957227] HINT:  Consider increasing the configuration parameter "max_wal_size".
2024-08-01 14:13:39.610 CEST [1957227] LOG:  checkpoint starting: wal
2024-08-01 14:13:46.157 CEST [1957227] LOG:  checkpoint complete: wrote 62217 buffers (23.7%); 0 WAL file(s) added, 2 removed, 31 recycled; write=5.999 s, sync=0.432 s, total=6.548 s; sync files=4, longest=0.215 s, average=0.108 s; distance=553911 kB, estimate=553911 kB; lsn=0/63000598, redo lsn=0/43E479F8
2024-08-01 14:13:46.331 CEST [1957227] LOG:  checkpoints are occurring too frequently (7 seconds apart)
2024-08-01 14:13:46.331 CEST [1957227] HINT:  Consider increasing the configuration parameter "max_wal_size".
2024-08-01 14:13:46.332 CEST [1957227] LOG:  checkpoint starting: wal
2024-08-01 14:13:52.776 CEST [1957227] LOG:  checkpoint complete: wrote 59146 buffers (22.6%); 0 WAL file(s) added, 0 removed, 33 recycled; write=5.955 s, sync=0.424 s, total=6.445 s; sync files=4, longest=0.402 s, average=0.106 s; distance=526579 kB, estimate=551178 kB; lsn=0/82CD5490, redo lsn=0/64084888
2024-08-01 14:13:53.346 CEST [1957227] LOG:  checkpoints are occurring too frequently (7 seconds apart)
2024-08-01 14:13:53.346 CEST [1957227] HINT:  Consider increasing the configuration parameter "max_wal_size".
2024-08-01 14:13:53.346 CEST [1957227] LOG:  checkpoint starting: wal
2024-08-01 14:13:59.769 CEST [1957227] LOG:  checkpoint complete: wrote 62500 buffers (23.8%); 0 WAL file(s) added, 2 removed, 32 recycled; write=5.888 s, sync=0.432 s, total=6.423 s; sync files=4, longest=0.346 s, average=0.108 s; distance=556540 kB, estimate=556540 kB; lsn=0/A5000430, redo lsn=0/86003BE0
2024-08-01 14:14:00.176 CEST [1957227] LOG:  checkpoints are occurring too frequently (7 seconds apart)
2024-08-01 14:14:00.176 CEST [1957227] HINT:  Consider increasing the configuration parameter "max_wal_size".
2024-08-01 14:14:00.176 CEST [1957227] LOG:  checkpoint starting: wal
2024-08-01 14:14:06.473 CEST [1957227] LOG:  checkpoint complete: wrote 61520 buffers (23.5%); 0 WAL file(s) added, 2 removed, 31 recycled; write=5.738 s, sync=0.446 s, total=6.297 s; sync files=4, longest=0.418 s, average=0.112 s; distance=547851 kB, estimate=555671 kB; lsn=0/C7000938, redo lsn=0/A7706B10
2024-08-01 14:14:06.658 CEST [1957227] LOG:  checkpoints are occurring too frequently (6 seconds apart)
2024-08-01 14:14:06.658 CEST [1957227] HINT:  Consider increasing the configuration parameter "max_wal_size".
2024-08-01 14:14:06.659 CEST [1957227] LOG:  checkpoint starting: wal
2024-08-01 14:14:12.893 CEST [1957227] LOG:  checkpoint complete: wrote 60020 buffers (22.9%); 0 WAL file(s) added, 1 removed, 32 recycled; write=5.691 s, sync=0.420 s, total=6.235 s; sync files=3, longest=0.397 s, average=0.140 s; distance=534367 kB, estimate=553541 kB; lsn=0/E7B4BE68, redo lsn=0/C80DE960
2024-08-01 14:14:13.266 CEST [1957227] LOG:  checkpoints are occurring too frequently (7 seconds apart)
2024-08-01 14:14:13.266 CEST [1957227] HINT:  Consider increasing the configuration parameter "max_wal_size".
2024-08-01 14:14:13.266 CEST [1957227] LOG:  checkpoint starting: wal
2024-08-01 14:14:19.526 CEST [1957227] LOG:  checkpoint complete: wrote 62429 buffers (23.8%); 0 WAL file(s) added, 2 removed, 32 recycled; write=5.714 s, sync=0.428 s, total=6.261 s; sync files=4, longest=0.407 s, average=0.107 s; distance=556189 kB, estimate=556189 kB; lsn=1/9002318, redo lsn=0/EA0060F0
2024-08-01 14:14:19.866 CEST [1957227] LOG:  checkpoints are occurring too frequently (6 seconds apart)
2024-08-01 14:14:19.866 CEST [1957227] HINT:  Consider increasing the configuration parameter "max_wal_size".
2024-08-01 14:14:19.868 CEST [1957227] LOG:  checkpoint starting: wal
2024-08-01 14:14:26.153 CEST [1957227] LOG:  checkpoint complete: wrote 60938 buffers (23.2%); 0 WAL file(s) added, 1 removed, 32 recycled; write=5.763 s, sync=0.413 s, total=6.287 s; sync files=3, longest=0.403 s, average=0.138 s; distance=542139 kB, estimate=554784 kB; lsn=1/2AB5B1B8, redo lsn=1/B174EB8
2024-08-01 14:14:26.337 CEST [1957227] LOG:  checkpoints are occurring too frequently (7 seconds apart)
2024-08-01 14:14:26.337 CEST [1957227] HINT:  Consider increasing the configuration parameter "max_wal_size".
2024-08-01 14:14:26.339 CEST [1957227] LOG:  checkpoint starting: wal
2024-08-01 14:14:35.617 CEST [1957227] LOG:  checkpoint complete: wrote 60646 buffers (23.1%); 0 WAL file(s) added, 0 removed, 33 recycled; write=9.166 s, sync=0.081 s, total=9.281 s; sync files=8, longest=0.061 s, average=0.011 s; distance=540189 kB, estimate=553325 kB; lsn=1/4A113ED8, redo lsn=1/2C0FC380
2024-08-01 14:14:38.874 CEST [1957227] LOG:  checkpoints are occurring too frequently (12 seconds apart)
2024-08-01 14:14:38.874 CEST [1957227] HINT:  Consider increasing the configuration parameter "max_wal_size".
2024-08-01 14:14:38.875 CEST [1957227] LOG:  checkpoint starting: wal
2024-08-01 14:15:08.192 CEST [1957227] LOG:  checkpoint complete: wrote 247848 buffers (94.5%); 0 WAL file(s) added, 0 removed, 33 recycled; write=28.692 s, sync=0.593 s, total=29.318 s; sync files=31, longest=0.086 s, average=0.020 s; distance=541017 kB, estimate=552094 kB; lsn=1/6BBFF258, redo lsn=1/4D152A38
2024-08-01 14:15:11.182 CEST [1957227] LOG:  checkpoint starting: wal
2024-08-01 14:15:17.199 CEST [1957227] LOG:  checkpoint complete: wrote 60 buffers (0.0%); 0 WAL file(s) added, 0 removed, 33 recycled; write=5.917 s, sync=0.068 s, total=6.019 s; sync files=28, longest=0.064 s, average=0.003 s; distance=544387 kB, estimate=551323 kB; lsn=1/733BD808, redo lsn=1/6E4F3838
2024-08-01 14:15:22.540 CEST [1957319] LOG:  skipping vacuum of "t" --- lock not available
2024-08-01 14:15:44.491 CEST [1957227] LOG:  checkpoint starting: wal
2024-08-01 14:16:15.738 CEST [1957227] LOG:  checkpoint complete: wrote 755 buffers (0.3%); 0 WAL file(s) added, 2 removed, 31 recycled; write=30.570 s, sync=0.578 s, total=31.248 s; sync files=342, longest=0.083 s, average=0.002 s; distance=538153 kB, estimate=550006 kB; lsn=1/AF103098, redo lsn=1/8F27DEB8
2024-08-01 14:16:19.126 CEST [1957227] LOG:  checkpoint starting: wal
2024-08-01 14:16:22.558 CEST [1957340] LOG:  skipping vacuum of "t" --- lock not available
2024-08-01 14:16:24.769 CEST [1957227] LOG:  checkpoint complete: wrote 56 buffers (0.0%); 0 WAL file(s) added, 0 removed, 33 recycled; write=5.515 s, sync=0.096 s, total=5.644 s; sync files=26, longest=0.062 s, average=0.004 s; distance=550241 kB, estimate=550241 kB; lsn=1/B6AFD638, redo lsn=1/B0BD64F0
2024-08-01 14:16:54.067 CEST [1957227] LOG:  checkpoint starting: wal
2024-08-01 14:17:00.677 CEST [1957227] LOG:  checkpoint complete: wrote 62 buffers (0.0%); 0 WAL file(s) added, 0 removed, 33 recycled; write=6.115 s, sync=0.450 s, total=6.611 s; sync files=30, longest=0.067 s, average=0.015 s; distance=532585 kB, estimate=548475 kB; lsn=1/D85B21C0, redo lsn=1/D13F0B10
2024-08-01 14:17:22.578 CEST [1957361] LOG:  skipping vacuum of "t" --- lock not available
2024-08-01 14:17:26.936 CEST [1957227] LOG:  checkpoint starting: wal
2024-08-01 14:17:28.969 CEST [1957227] LOG:  checkpoint complete: wrote 19 buffers (0.0%); 0 WAL file(s) added, 0 removed, 33 recycled; write=1.810 s, sync=0.192 s, total=2.034 s; sync files=24, longest=0.068 s, average=0.008 s; distance=545469 kB, estimate=548175 kB; lsn=1/F28B1860, redo lsn=1/F28A0080
2024-08-01 14:18:03.330 CEST [1957227] LOG:  checkpoint starting: wal
2024-08-01 14:18:05.618 CEST [1957227] LOG:  checkpoint complete: wrote 19 buffers (0.0%); 0 WAL file(s) added, 0 removed, 33 recycled; write=1.808 s, sync=0.448 s, total=2.290 s; sync files=26, longest=0.072 s, average=0.018 s; distance=536452 kB, estimate=547003 kB; lsn=2/14364DF0, redo lsn=2/13481458
2024-08-01 14:18:22.595 CEST [1957379] LOG:  skipping vacuum of "t" --- lock not available
2024-08-01 14:18:40.777 CEST [1957227] LOG:  checkpoint starting: wal
2024-08-01 14:18:43.114 CEST [1957227] LOG:  checkpoint complete: wrote 20 buffers (0.0%); 0 WAL file(s) added, 0 removed, 33 recycled; write=1.908 s, sync=0.392 s, total=2.338 s; sync files=27, longest=0.070 s, average=0.015 s; distance=546572 kB, estimate=546959 kB; lsn=2/35E144E0, redo lsn=2/34A44618
2024-08-01 14:19:18.962 CEST [1957227] LOG:  checkpoint starting: wal
2024-08-01 14:19:20.981 CEST [1957227] LOG:  checkpoint complete: wrote 16 buffers (0.0%); 0 WAL file(s) added, 0 removed, 33 recycled; write=1.508 s, sync=0.480 s, total=2.020 s; sync files=25, longest=0.077 s, average=0.020 s; distance=536448 kB, estimate=545908 kB; lsn=2/578BF500, redo lsn=2/556248A0
2024-08-01 14:19:22.614 CEST [1957396] LOG:  skipping vacuum of "t" --- lock not available
2024-08-01 14:19:58.141 CEST [1957227] LOG:  checkpoint starting: wal
2024-08-01 14:20:00.291 CEST [1957227] LOG:  checkpoint complete: wrote 18 buffers (0.0%); 0 WAL file(s) added, 0 removed, 33 recycled; write=1.727 s, sync=0.392 s, total=2.151 s; sync files=24, longest=0.072 s, average=0.017 s; distance=542162 kB, estimate=545534 kB; lsn=2/7936D178, redo lsn=2/76799318
2024-08-01 14:20:22.633 CEST [1957415] LOG:  skipping vacuum of "t" --- lock not available
2024-08-01 14:20:34.467 CEST [1957227] LOG:  checkpoint starting: wal
2024-08-01 14:20:36.273 CEST [1957227] LOG:  checkpoint complete: wrote 14 buffers (0.0%); 0 WAL file(s) added, 0 removed, 33 recycled; write=1.308 s, sync=0.456 s, total=1.807 s; sync files=23, longest=0.080 s, average=0.020 s; distance=535129 kB, estimate=544493 kB; lsn=2/97241EA8, redo lsn=2/9722F930
2024-08-01 14:21:15.237 CEST [1957227] LOG:  checkpoint starting: wal
2024-08-01 14:21:16.961 CEST [1957227] LOG:  checkpoint complete: wrote 14 buffers (0.0%); 0 WAL file(s) added, 0 removed, 33 recycled; write=1.307 s, sync=0.386 s, total=1.725 s; sync files=24, longest=0.071 s, average=0.017 s; distance=539507 kB, estimate=543995 kB; lsn=2/B8CF0BD8, redo lsn=2/B810C7E0
2024-08-01 14:21:22.653 CEST [1957433] LOG:  skipping vacuum of "t" --- lock not available
2024-08-01 14:21:22.971 CEST [1957227] LOG:  checkpoints are occurring too frequently (7 seconds apart)
2024-08-01 14:21:22.971 CEST [1957227] HINT:  Consider increasing the configuration parameter "max_wal_size".
2024-08-01 14:21:22.972 CEST [1957227] LOG:  checkpoint starting: wal
2024-08-01 14:21:27.119 CEST [1957227] LOG:  checkpoint complete: wrote 36 buffers (0.0%); 0 WAL file(s) added, 4 removed, 29 recycled; write=3.010 s, sync=1.048 s, total=4.148 s; sync files=21, longest=0.961 s, average=0.050 s; distance=553338 kB, estimate=553338 kB; lsn=2/FB395AD8, redo lsn=2/D9D6B048
2024-08-01 14:21:27.119 CEST [1957227] LOG:  checkpoints are occurring too frequently (5 seconds apart)
2024-08-01 14:21:27.119 CEST [1957227] HINT:  Consider increasing the configuration parameter "max_wal_size".
2024-08-01 14:21:27.119 CEST [1957227] LOG:  checkpoint starting: wal
2024-08-01 14:21:27.186 CEST [1957227] LOG:  checkpoint complete: wrote 0 buffers (0.0%); 0 WAL file(s) added, 0 removed, 35 recycled; write=0.004 s, sync=0.001 s, total=0.068 s; sync files=0, longest=0.000 s, average=0.000 s; distance=560333 kB, estimate=560333 kB; lsn=2/FC3840C0, redo lsn=2/FC09E808
2024-08-01 14:21:30.441 CEST [1957227] LOG:  checkpoints are occurring too frequently (3 seconds apart)
2024-08-01 14:21:30.441 CEST [1957227] HINT:  Consider increasing the configuration parameter "max_wal_size".
2024-08-01 14:21:30.468 CEST [1957227] LOG:  checkpoint starting: wal
2024-08-01 14:21:30.518 CEST [1957227] LOG:  checkpoint complete: wrote 0 buffers (0.0%); 0 WAL file(s) added, 0 removed, 34 recycled; write=0.004 s, sync=0.001 s, total=0.078 s; sync files=0, longest=0.000 s, average=0.000 s; distance=556626 kB, estimate=559963 kB; lsn=3/1E2DAD88, redo lsn=3/1E033180
2024-08-01 14:21:33.852 CEST [1957227] LOG:  checkpoints are occurring too frequently (3 seconds apart)
2024-08-01 14:21:33.852 CEST [1957227] HINT:  Consider increasing the configuration parameter "max_wal_size".
2024-08-01 14:21:33.853 CEST [1957227] LOG:  checkpoint starting: wal
2024-08-01 14:21:33.913 CEST [1957227] LOG:  checkpoint complete: wrote 0 buffers (0.0%); 0 WAL file(s) added, 0 removed, 33 recycled; write=0.004 s, sync=0.001 s, total=0.061 s; sync files=0, longest=0.000 s, average=0.000 s; distance=552177 kB, estimate=559184 kB; lsn=3/3FDD9680, redo lsn=3/3FB6F728
2024-08-01 14:21:37.617 CEST [1957227] LOG:  checkpoints are occurring too frequently (4 seconds apart)
2024-08-01 14:21:37.617 CEST [1957227] HINT:  Consider increasing the configuration parameter "max_wal_size".
2024-08-01 14:21:37.617 CEST [1957227] LOG:  checkpoint starting: wal
2024-08-01 14:21:37.691 CEST [1957227] LOG:  checkpoint complete: wrote 0 buffers (0.0%); 0 WAL file(s) added, 0 removed, 34 recycled; write=0.004 s, sync=0.001 s, total=0.075 s; sync files=0, longest=0.000 s, average=0.000 s; distance=545503 kB, estimate=557816 kB; lsn=3/61291580, redo lsn=3/61027628
2024-08-01 14:21:40.955 CEST [1957227] LOG:  checkpoints are occurring too frequently (3 seconds apart)
2024-08-01 14:21:40.955 CEST [1957227] HINT:  Consider increasing the configuration parameter "max_wal_size".
2024-08-01 14:21:40.955 CEST [1957227] LOG:  checkpoint starting: wal
2024-08-01 14:21:41.024 CEST [1957227] LOG:  checkpoint complete: wrote 0 buffers (0.0%); 0 WAL file(s) added, 0 removed, 34 recycled; write=0.004 s, sync=0.001 s, total=0.069 s; sync files=0, longest=0.000 s, average=0.000 s; distance=557120 kB, estimate=557746 kB; lsn=3/832A1858, redo lsn=3/83037900
2024-08-01 14:21:44.472 CEST [1957227] LOG:  checkpoints are occurring too frequently (4 seconds apart)
2024-08-01 14:21:44.472 CEST [1957227] HINT:  Consider increasing the configuration parameter "max_wal_size".
2024-08-01 14:21:44.472 CEST [1957227] LOG:  checkpoint starting: wal
2024-08-01 14:21:44.547 CEST [1957227] LOG:  checkpoint complete: wrote 0 buffers (0.0%); 0 WAL file(s) added, 0 removed, 34 recycled; write=0.004 s, sync=0.001 s, total=0.076 s; sync files=0, longest=0.000 s, average=0.000 s; distance=556873 kB, estimate=557659 kB; lsn=3/A5273E80, redo lsn=3/A5009F28
2024-08-01 14:21:50.312 CEST [1957227] LOG:  checkpoints are occurring too frequently (6 seconds apart)
2024-08-01 14:21:50.312 CEST [1957227] HINT:  Consider increasing the configuration parameter "max_wal_size".
2024-08-01 14:21:50.312 CEST [1957227] LOG:  checkpoint starting: wal
2024-08-01 14:21:51.388 CEST [1957227] LOG:  checkpoint complete: wrote 8 buffers (0.0%); 0 WAL file(s) added, 0 removed, 34 recycled; write=0.806 s, sync=0.213 s, total=1.076 s; sync files=5, longest=0.211 s, average=0.043 s; distance=557136 kB, estimate=557607 kB; lsn=3/CE94AEA0, redo lsn=3/C701DF78
2024-08-01 14:22:16.093 CEST [1957227] LOG:  checkpoints are occurring too frequently (26 seconds apart)
2024-08-01 14:22:16.093 CEST [1957227] HINT:  Consider increasing the configuration parameter "max_wal_size".
2024-08-01 14:22:16.094 CEST [1957227] LOG:  checkpoint starting: wal
2024-08-01 14:22:17.013 CEST [1957227] LOG:  checkpoint complete: wrote 5 buffers (0.0%); 0 WAL file(s) added, 0 removed, 33 recycled; write=0.506 s, sync=0.381 s, total=0.920 s; sync files=12, longest=0.069 s, average=0.032 s; distance=541200 kB, estimate=555966 kB; lsn=3/E8C43A38, redo lsn=3/E80A2130
2024-08-01 14:22:22.671 CEST [1957448] LOG:  skipping vacuum of "t" --- lock not available
2024-08-01 14:22:49.192 CEST [1957227] LOG:  checkpoint starting: wal
2024-08-01 14:22:50.579 CEST [1957227] LOG:  checkpoint complete: wrote 8 buffers (0.0%); 0 WAL file(s) added, 0 removed, 33 recycled; write=0.819 s, sync=0.536 s, total=1.387 s; sync files=16, longest=0.069 s, average=0.034 s; distance=550897 kB, estimate=555459 kB; lsn=4/A6E36C8, redo lsn=4/9A9E610
2024-08-01 14:23:22.690 CEST [1957467] LOG:  skipping vacuum of "t" --- lock not available
2024-08-01 14:23:23.002 CEST [1957227] LOG:  checkpoint starting: wal
2024-08-01 14:23:24.347 CEST [1957227] LOG:  checkpoint complete: wrote 8 buffers (0.0%); 0 WAL file(s) added, 0 removed, 33 recycled; write=0.809 s, sync=0.504 s, total=1.346 s; sync files=15, longest=0.077 s, average=0.034 s; distance=530473 kB, estimate=552960 kB; lsn=4/2C183BE8, redo lsn=4/2A0A8A38
2024-08-01 14:23:57.906 CEST [1957227] LOG:  checkpoint starting: wal
2024-08-01 14:23:59.439 CEST [1957227] LOG:  checkpoint complete: wrote 10 buffers (0.0%); 0 WAL file(s) added, 0 removed, 33 recycled; write=1.007 s, sync=0.495 s, total=1.534 s; sync files=15, longest=0.069 s, average=0.033 s; distance=544307 kB, estimate=552095 kB; lsn=4/4DC24A28, redo lsn=4/4B435940
2024-08-01 14:24:22.710 CEST [1957486] LOG:  skipping vacuum of "t" --- lock not available
2024-08-01 14:24:33.671 CEST [1957227] LOG:  checkpoint starting: wal
2024-08-01 14:24:35.520 CEST [1957227] LOG:  checkpoint complete: wrote 13 buffers (0.0%); 0 WAL file(s) added, 0 removed, 33 recycled; write=1.317 s, sync=0.500 s, total=1.849 s; sync files=15, longest=0.070 s, average=0.034 s; distance=547385 kB, estimate=551624 kB; lsn=4/6F6C6328, redo lsn=4/6CAC3F18
2024-08-01 14:25:06.886 CEST [1957227] LOG:  checkpoint starting: wal
2024-08-01 14:25:08.439 CEST [1957227] LOG:  checkpoint complete: wrote 10 buffers (0.0%); 0 WAL file(s) added, 0 removed, 33 recycled; write=1.006 s, sync=0.514 s, total=1.553 s; sync files=14, longest=0.073 s, average=0.037 s; distance=535308 kB, estimate=549993 kB; lsn=4/8D58FED8, redo lsn=4/8D587140
2024-08-01 14:25:22.729 CEST [1957506] LOG:  skipping vacuum of "t" --- lock not available
2024-08-01 14:25:44.153 CEST [1957227] LOG:  checkpoint starting: wal
2024-08-01 14:25:45.854 CEST [1957227] LOG:  checkpoint complete: wrote 12 buffers (0.0%); 0 WAL file(s) added, 0 removed, 33 recycled; write=1.207 s, sync=0.460 s, total=1.704 s; sync files=16, longest=0.078 s, average=0.029 s; distance=538583 kB, estimate=548852 kB; lsn=4/AF0309B0, redo lsn=4/AE37D0E8
2024-08-01 14:26:22.524 CEST [1957227] LOG:  checkpoint starting: wal
2024-08-01 14:26:22.748 CEST [1957526] LOG:  skipping vacuum of "t" --- lock not available
2024-08-01 14:26:23.639 CEST [1957227] LOG:  checkpoint complete: wrote 6 buffers (0.0%); 0 WAL file(s) added, 0 removed, 33 recycled; write=0.620 s, sync=0.465 s, total=1.116 s; sync files=15, longest=0.116 s, average=0.031 s; distance=547163 kB, estimate=548683 kB; lsn=4/D0AD1B40, redo lsn=4/CF9D3EE8
2024-08-01 14:27:01.630 CEST [1957227] LOG:  checkpoint starting: wal
2024-08-01 14:27:02.826 CEST [1957227] LOG:  checkpoint complete: wrote 7 buffers (0.0%); 0 WAL file(s) added, 0 removed, 33 recycled; write=0.713 s, sync=0.451 s, total=1.199 s; sync files=15, longest=0.072 s, average=0.031 s; distance=536196 kB, estimate=547434 kB; lsn=4/F25755F8, redo lsn=4/F0574F68
2024-08-01 14:27:22.763 CEST [1957544] LOG:  skipping vacuum of "t" --- lock not available
2024-08-01 14:27:41.835 CEST [1957227] LOG:  checkpoint starting: wal
2024-08-01 14:27:42.869 CEST [1957227] LOG:  checkpoint complete: wrote 6 buffers (0.0%); 0 WAL file(s) added, 0 removed, 34 recycled; write=0.605 s, sync=0.398 s, total=1.034 s; sync files=15, longest=0.070 s, average=0.027 s; distance=551558 kB, estimate=551558 kB; lsn=5/140179E0, redo lsn=5/12016AC8
2024-08-01 14:28:22.782 CEST [1957560] LOG:  skipping vacuum of "t" --- lock not available
2024-08-01 14:28:23.044 CEST [1957227] LOG:  checkpoint starting: wal
2024-08-01 14:28:24.185 CEST [1957227] LOG:  checkpoint complete: wrote 7 buffers (0.0%); 0 WAL file(s) added, 0 removed, 33 recycled; write=0.717 s, sync=0.387 s, total=1.142 s; sync files=15, longest=0.070 s, average=0.026 s; distance=552439 kB, estimate=552439 kB; lsn=5/35AB9370, redo lsn=5/33B949C0
2024-08-01 14:28:49.109 CEST [1957227] LOG:  checkpoint starting: immediate force wait
2024-08-01 14:28:50.321 CEST [1957227] LOG:  checkpoint complete: wrote 12305 buffers (4.7%); 0 WAL file(s) added, 0 removed, 23 recycled; write=0.109 s, sync=1.068 s, total=1.212 s; sync files=780, longest=0.561 s, average=0.002 s; distance=376412 kB, estimate=534836 kB; lsn=5/4AB2BA38, redo lsn=5/4AB2B9E0
2024-08-01 14:30:04.017 CEST [1957226] LOG:  received fast shutdown request
2024-08-01 14:30:04.017 CEST [1957226] LOG:  aborting any active transactions
2024-08-01 14:30:04.018 CEST [1957226] LOG:  background worker "logical replication launcher" (PID 1957232) exited with exit code 1
2024-08-01 14:30:04.020 CEST [1957227] LOG:  shutting down
2024-08-01 14:30:04.021 CEST [1957227] LOG:  checkpoint starting: shutdown immediate
2024-08-01 14:30:04.030 CEST [1957227] LOG:  checkpoint complete: wrote 65 buffers (0.0%); 0 WAL file(s) added, 0 removed, 0 recycled; write=0.004 s, sync=0.003 s, total=0.011 s; sync files=5, longest=0.003 s, average=0.001 s; distance=206 kB, estimate=481373 kB; lsn=5/4AB5F3B0, redo lsn=5/4AB5F3B0
2024-08-01 14:30:04.406 CEST [1957226] LOG:  database system is shut down
