2024-08-01 22:27:57.013 CEST [3519156] LOG:  starting PostgreSQL 18devel on x86_64-pc-linux-gnu, compiled by gcc (Debian 12.2.0-14) 12.2.0, 64-bit
2024-08-01 22:27:57.013 CEST [3519156] LOG:  listening on IPv6 address "::1", port 5432
2024-08-01 22:27:57.013 CEST [3519156] LOG:  listening on IPv4 address "127.0.0.1", port 5432
2024-08-01 22:27:57.032 CEST [3519156] LOG:  listening on Unix socket "/tmp/.s.PGSQL.5432"
2024-08-01 22:27:57.034 CEST [3519159] LOG:  database system was shut down at 2024-08-01 22:27:56 CEST
2024-08-01 22:27:57.038 CEST [3519156] LOG:  database system is ready to accept connections
2024-08-01 22:28:07.181 CEST [3519157] LOG:  checkpoints are occurring too frequently (10 seconds apart)
2024-08-01 22:28:07.181 CEST [3519157] HINT:  Consider increasing the configuration parameter "max_wal_size".
2024-08-01 22:28:07.181 CEST [3519157] LOG:  checkpoint starting: wal
2024-08-01 22:28:15.901 CEST [3519157] LOG:  checkpoint complete: wrote 31145 buffers (11.9%); 0 WAL file(s) added, 1 removed, 32 recycled; write=8.351 s, sync=0.253 s, total=8.720 s; sync files=309, longest=0.141 s, average=0.001 s; distance=541029 kB, estimate=541029 kB; lsn=0/410B55E8, redo lsn=0/22544A20
2024-08-01 22:28:16.500 CEST [3519157] LOG:  checkpoints are occurring too frequently (9 seconds apart)
2024-08-01 22:28:16.500 CEST [3519157] HINT:  Consider increasing the configuration parameter "max_wal_size".
2024-08-01 22:28:16.501 CEST [3519157] LOG:  checkpoint starting: wal
2024-08-01 22:28:24.927 CEST [3519157] LOG:  checkpoint complete: wrote 30687 buffers (11.7%); 0 WAL file(s) added, 2 removed, 31 recycled; write=7.961 s, sync=0.369 s, total=8.427 s; sync files=5, longest=0.213 s, average=0.074 s; distance=545653 kB, estimate=545653 kB; lsn=0/63A5A4F8, redo lsn=0/43A22068
2024-08-01 22:28:25.059 CEST [3519157] LOG:  checkpoints are occurring too frequently (9 seconds apart)
2024-08-01 22:28:25.059 CEST [3519157] HINT:  Consider increasing the configuration parameter "max_wal_size".
2024-08-01 22:28:25.059 CEST [3519157] LOG:  checkpoint starting: wal
2024-08-01 22:28:33.077 CEST [3519157] LOG:  checkpoint complete: wrote 27300 buffers (10.4%); 0 WAL file(s) added, 0 removed, 34 recycled; write=7.503 s, sync=0.480 s, total=8.018 s; sync files=386, longest=0.201 s, average=0.002 s; distance=546802 kB, estimate=546802 kB; lsn=0/79379008, redo lsn=0/6501E9B8
2024-08-01 22:28:33.077 CEST [3519157] LOG:  checkpoint starting: immediate force wait
2024-08-01 22:28:33.468 CEST [3519157] LOG:  checkpoint complete: wrote 44982 buffers (17.2%); 0 WAL file(s) added, 0 removed, 20 recycled; write=0.338 s, sync=0.024 s, total=0.391 s; sync files=154, longest=0.002 s, average=0.001 s; distance=331113 kB, estimate=525233 kB; lsn=0/793790D8, redo lsn=0/79379080
2024-08-01 22:29:43.706 CEST [3519156] LOG:  received fast shutdown request
2024-08-01 22:29:43.707 CEST [3519156] LOG:  aborting any active transactions
2024-08-01 22:29:43.708 CEST [3519156] LOG:  background worker "logical replication launcher" (PID 3519162) exited with exit code 1
2024-08-01 22:29:43.710 CEST [3519157] LOG:  shutting down
2024-08-01 22:29:43.711 CEST [3519157] LOG:  checkpoint starting: shutdown immediate
2024-08-01 22:29:43.723 CEST [3519157] LOG:  checkpoint complete: wrote 53 buffers (0.0%); 0 WAL file(s) added, 0 removed, 0 recycled; write=0.006 s, sync=0.003 s, total=0.013 s; sync files=12, longest=0.001 s, average=0.001 s; distance=260 kB, estimate=472736 kB; lsn=0/793BA2B8, redo lsn=0/793BA2B8
2024-08-01 22:29:43.975 CEST [3519156] LOG:  database system is shut down
