2024-07-31 13:31:04.444 BST [25212] LOG:  starting PostgreSQL 18devel on armv8l-unknown-linux-gnueabihf, compiled by gcc (Raspbian 12.2.0-14+rpi1) 12.2.0, 32-bit
2024-07-31 13:31:04.444 BST [25212] LOG:  listening on IPv6 address "::1", port 5432
2024-07-31 13:31:04.444 BST [25212] LOG:  listening on IPv4 address "127.0.0.1", port 5432
2024-07-31 13:31:04.464 BST [25212] LOG:  listening on Unix socket "/tmp/.s.PGSQL.5432"
2024-07-31 13:31:04.468 BST [25215] LOG:  database system was shut down at 2024-07-31 13:31:01 BST
2024-07-31 13:31:04.476 BST [25212] LOG:  database system is ready to accept connections
2024-07-31 13:31:18.148 BST [25213] LOG:  checkpoints are occurring too frequently (14 seconds apart)
2024-07-31 13:31:18.148 BST [25213] HINT:  Consider increasing the configuration parameter "max_wal_size".
2024-07-31 13:31:18.148 BST [25213] LOG:  checkpoint starting: wal
2024-07-31 13:32:09.872 BST [25213] LOG:  checkpoint complete: wrote 60435 buffers (46.1%); 0 WAL file(s) added, 0 removed, 33 recycled; write=49.729 s, sync=1.792 s, total=51.724 s; sync files=787, longest=0.108 s, average=0.003 s; distance=537502 kB, estimate=537502 kB; lsn=0/40CC1910, redo lsn=0/221CD788
2024-07-31 13:32:13.451 BST [25213] LOG:  checkpoint starting: wal
2024-07-31 13:32:16.712 BST [25213] LOG:  checkpoint complete: wrote 29 buffers (0.0%); 0 WAL file(s) added, 0 removed, 33 recycled; write=2.821 s, sync=0.297 s, total=3.262 s; sync files=30, longest=0.026 s, average=0.010 s; distance=539514 kB, estimate=539514 kB; lsn=0/448AF900, redo lsn=0/430AC250
2024-07-31 13:32:28.217 BST [25213] LOG:  checkpoints are occurring too frequently (15 seconds apart)
2024-07-31 13:32:28.217 BST [25213] HINT:  Consider increasing the configuration parameter "max_wal_size".
2024-07-31 13:32:28.217 BST [25213] LOG:  checkpoint starting: wal
2024-07-31 13:32:34.038 BST [25213] LOG:  checkpoint complete: wrote 45 buffers (0.0%); 0 WAL file(s) added, 0 removed, 33 recycled; write=4.465 s, sync=1.156 s, total=5.821 s; sync files=39, longest=1.073 s, average=0.030 s; distance=541076 kB, estimate=541076 kB; lsn=0/67CF3878, redo lsn=0/64111458
2024-07-31 13:33:04.528 BST [25415] LOG:  skipping vacuum of "t" --- lock not available
2024-07-31 13:33:21.501 BST [25213] LOG:  checkpoint starting: wal
2024-07-31 13:33:33.644 BST [25213] LOG:  checkpoint complete: wrote 125 buffers (0.1%); 0 WAL file(s) added, 0 removed, 33 recycled; write=9.749 s, sync=2.281 s, total=12.144 s; sync files=876, longest=1.067 s, average=0.003 s; distance=540265 kB, estimate=540995 kB; lsn=0/8983E680, redo lsn=0/850ABA28
2024-07-31 13:33:33.644 BST [25213] LOG:  checkpoint starting: immediate force wait
2024-07-31 13:33:34.478 BST [25213] LOG:  checkpoint complete: wrote 8165 buffers (6.2%); 0 WAL file(s) added, 0 removed, 4 recycled; write=0.089 s, sync=0.696 s, total=0.835 s; sync files=449, longest=0.090 s, average=0.002 s; distance=73291 kB, estimate=494224 kB; lsn=0/8983E750, redo lsn=0/8983E6F8
2024-07-31 13:34:47.040 BST [25212] LOG:  received fast shutdown request
2024-07-31 13:34:47.051 BST [25212] LOG:  aborting any active transactions
2024-07-31 13:34:47.052 BST [25212] LOG:  background worker "logical replication launcher" (PID 25218) exited with exit code 1
2024-07-31 13:34:47.054 BST [25213] LOG:  shutting down
2024-07-31 13:34:47.056 BST [25213] LOG:  checkpoint starting: shutdown immediate
2024-07-31 13:34:47.084 BST [25213] LOG:  checkpoint complete: wrote 95 buffers (0.1%); 0 WAL file(s) added, 0 removed, 0 recycled; write=0.011 s, sync=0.012 s, total=0.030 s; sync files=10, longest=0.002 s, average=0.002 s; distance=354 kB, estimate=444837 kB; lsn=0/898972E0, redo lsn=0/898972E0
2024-07-31 13:34:47.294 BST [25212] LOG:  database system is shut down
