2024-07-30 14:04:18.211 CEST [2885133] LOG:  starting PostgreSQL 18devel on x86_64-pc-linux-gnu, compiled by gcc (Debian 12.2.0-14) 12.2.0, 64-bit
2024-07-30 14:04:18.212 CEST [2885133] LOG:  listening on IPv6 address "::1", port 5432
2024-07-30 14:04:18.212 CEST [2885133] LOG:  listening on IPv4 address "127.0.0.1", port 5432
2024-07-30 14:04:18.213 CEST [2885133] LOG:  listening on Unix socket "/tmp/.s.PGSQL.5432"
2024-07-30 14:04:18.215 CEST [2885136] LOG:  database system was shut down at 2024-07-30 14:04:17 CEST
2024-07-30 14:04:18.219 CEST [2885133] LOG:  database system is ready to accept connections
2024-07-30 14:04:29.728 CEST [2885134] LOG:  checkpoints are occurring too frequently (11 seconds apart)
2024-07-30 14:04:29.728 CEST [2885134] HINT:  Consider increasing the configuration parameter "max_wal_size".
2024-07-30 14:04:29.729 CEST [2885134] LOG:  checkpoint starting: wal
2024-07-30 14:04:42.105 CEST [2885134] LOG:  checkpoint complete: wrote 6830 buffers (2.6%); 0 WAL file(s) added, 3 removed, 30 recycled; write=11.018 s, sync=1.300 s, total=12.377 s; sync files=804, longest=0.017 s, average=0.002 s; distance=537539 kB, estimate=537539 kB; lsn=0/43566440, redo lsn=0/221DC058
2024-07-30 14:04:42.106 CEST [2885134] LOG:  checkpoints are occurring too frequently (13 seconds apart)
2024-07-30 14:04:42.106 CEST [2885134] HINT:  Consider increasing the configuration parameter "max_wal_size".
2024-07-30 14:04:42.106 CEST [2885134] LOG:  checkpoint starting: wal
2024-07-30 14:04:47.473 CEST [2885134] LOG:  checkpoint complete: wrote 50 buffers (0.0%); 0 WAL file(s) added, 0 removed, 33 recycled; write=4.925 s, sync=0.420 s, total=5.367 s; sync files=162, longest=0.053 s, average=0.003 s; distance=545687 kB, estimate=545687 kB; lsn=0/52BD1E70, redo lsn=0/436C1ED0
2024-07-30 14:04:53.405 CEST [2885134] LOG:  checkpoints are occurring too frequently (11 seconds apart)
2024-07-30 14:04:53.405 CEST [2885134] HINT:  Consider increasing the configuration parameter "max_wal_size".
2024-07-30 14:04:53.405 CEST [2885134] LOG:  checkpoint starting: wal
2024-07-30 14:04:59.038 CEST [2885134] LOG:  checkpoint complete: wrote 50 buffers (0.0%); 0 WAL file(s) added, 0 removed, 33 recycled; write=4.923 s, sync=0.670 s, total=5.633 s; sync files=288, longest=0.008 s, average=0.003 s; distance=534966 kB, estimate=544615 kB; lsn=0/747D1A28, redo lsn=0/6412F9E0
2024-07-30 14:05:02.628 CEST [2885134] LOG:  checkpoint starting: immediate force wait
2024-07-30 14:05:02.893 CEST [2885134] LOG:  checkpoint complete: wrote 188 buffers (0.1%); 0 WAL file(s) added, 0 removed, 26 recycled; write=0.008 s, sync=0.234 s, total=0.266 s; sync files=125, longest=0.007 s, average=0.002 s; distance=425836 kB, estimate=532737 kB; lsn=0/7E10AC88, redo lsn=0/7E10AC30
2024-07-30 14:06:13.120 CEST [2885133] LOG:  received fast shutdown request
2024-07-30 14:06:13.120 CEST [2885133] LOG:  aborting any active transactions
2024-07-30 14:06:13.121 CEST [2885133] LOG:  background worker "logical replication launcher" (PID 2885139) exited with exit code 1
2024-07-30 14:06:13.123 CEST [2885134] LOG:  shutting down
2024-07-30 14:06:13.123 CEST [2885134] LOG:  checkpoint starting: shutdown immediate
2024-07-30 14:06:13.130 CEST [2885134] LOG:  checkpoint complete: wrote 53 buffers (0.0%); 0 WAL file(s) added, 0 removed, 0 recycled; write=0.005 s, sync=0.002 s, total=0.008 s; sync files=12, longest=0.001 s, average=0.001 s; distance=294 kB, estimate=479493 kB; lsn=0/7E154520, redo lsn=0/7E154520
2024-07-30 14:06:13.319 CEST [2885133] LOG:  database system is shut down
