2024-07-30 16:53:08.056 BST [2971632] LOG:  starting PostgreSQL 18devel on aarch64-unknown-linux-gnu, compiled by gcc (Debian 12.2.0-14) 12.2.0, 64-bit
2024-07-30 16:53:08.056 BST [2971632] LOG:  listening on IPv6 address "::1", port 5432
2024-07-30 16:53:08.056 BST [2971632] LOG:  listening on IPv4 address "127.0.0.1", port 5432
2024-07-30 16:53:08.062 BST [2971632] LOG:  listening on Unix socket "/tmp/.s.PGSQL.5432"
2024-07-30 16:53:08.069 BST [2971635] LOG:  database system was shut down at 2024-07-30 16:53:06 BST
2024-07-30 16:53:08.078 BST [2971632] LOG:  database system is ready to accept connections
2024-07-30 16:53:19.021 BST [2971633] LOG:  checkpoints are occurring too frequently (11 seconds apart)
2024-07-30 16:53:19.021 BST [2971633] HINT:  Consider increasing the configuration parameter "max_wal_size".
2024-07-30 16:53:19.022 BST [2971633] LOG:  checkpoint starting: wal
2024-07-30 16:54:07.295 BST [2971633] LOG:  checkpoint complete: wrote 60435 buffers (46.1%); 0 WAL file(s) added, 1 removed, 32 recycled; write=45.354 s, sync=2.748 s, total=48.274 s; sync files=787, longest=0.368 s, average=0.004 s; distance=537505 kB, estimate=537505 kB; lsn=0/412BF230, redo lsn=0/221CE928
2024-07-30 16:54:10.114 BST [2971633] LOG:  checkpoint starting: wal
2024-07-30 16:54:13.337 BST [2971633] LOG:  checkpoint complete: wrote 29 buffers (0.0%); 0 WAL file(s) added, 0 removed, 33 recycled; write=2.820 s, sync=0.279 s, total=3.223 s; sync files=30, longest=0.037 s, average=0.010 s; distance=539514 kB, estimate=539514 kB; lsn=0/44EAD278, redo lsn=0/430AD408
2024-07-30 16:54:23.220 BST [2971633] LOG:  checkpoints are occurring too frequently (13 seconds apart)
2024-07-30 16:54:23.220 BST [2971633] HINT:  Consider increasing the configuration parameter "max_wal_size".
2024-07-30 16:54:23.220 BST [2971633] LOG:  checkpoint starting: wal
2024-07-30 16:54:29.056 BST [2971633] LOG:  checkpoint complete: wrote 45 buffers (0.0%); 0 WAL file(s) added, 0 removed, 33 recycled; write=4.482 s, sync=1.238 s, total=5.836 s; sync files=41, longest=1.063 s, average=0.031 s; distance=541076 kB, estimate=541076 kB; lsn=0/687DF8F8, redo lsn=0/641125C0
2024-07-30 16:55:08.161 BST [2971852] LOG:  skipping vacuum of "t" --- lock not available
2024-07-30 16:55:11.014 BST [2971633] LOG:  checkpoint starting: wal
2024-07-30 16:55:23.107 BST [2971633] LOG:  checkpoint complete: wrote 125 buffers (0.1%); 0 WAL file(s) added, 0 removed, 33 recycled; write=8.781 s, sync=3.211 s, total=12.094 s; sync files=875, longest=0.986 s, average=0.004 s; distance=540265 kB, estimate=540995 kB; lsn=0/8983FD40, redo lsn=0/850ACAE0
2024-07-30 16:55:23.107 BST [2971633] LOG:  checkpoint starting: immediate force wait
2024-07-30 16:55:23.358 BST [2971633] LOG:  checkpoint complete: wrote 8165 buffers (6.2%); 0 WAL file(s) added, 0 removed, 4 recycled; write=0.048 s, sync=0.166 s, total=0.252 s; sync files=449, longest=0.125 s, average=0.001 s; distance=73292 kB, estimate=494225 kB; lsn=0/8983FE10, redo lsn=0/8983FDB8
2024-07-30 16:56:38.873 BST [2971632] LOG:  received fast shutdown request
2024-07-30 16:56:38.884 BST [2971632] LOG:  aborting any active transactions
2024-07-30 16:56:38.885 BST [2971632] LOG:  background worker "logical replication launcher" (PID 2971638) exited with exit code 1
2024-07-30 16:56:38.886 BST [2971633] LOG:  shutting down
2024-07-30 16:56:38.888 BST [2971633] LOG:  checkpoint starting: shutdown immediate
2024-07-30 16:56:38.910 BST [2971633] LOG:  checkpoint complete: wrote 96 buffers (0.1%); 0 WAL file(s) added, 0 removed, 0 recycled; write=0.009 s, sync=0.004 s, total=0.025 s; sync files=10, longest=0.004 s, average=0.001 s; distance=356 kB, estimate=444838 kB; lsn=0/89898F70, redo lsn=0/89898F70
2024-07-30 16:56:38.974 BST [2971632] LOG:  database system is shut down
