2024-08-02 00:14:48.237 CEST [375204] LOG:  starting PostgreSQL 18devel on x86_64-pc-linux-gnu, compiled by gcc (Debian 12.2.0-14) 12.2.0, 64-bit
2024-08-02 00:14:48.238 CEST [375204] LOG:  listening on IPv6 address "::1", port 5432
2024-08-02 00:14:48.238 CEST [375204] LOG:  listening on IPv4 address "127.0.0.1", port 5432
2024-08-02 00:14:48.254 CEST [375204] LOG:  listening on Unix socket "/tmp/.s.PGSQL.5432"
2024-08-02 00:14:48.257 CEST [375207] LOG:  database system was shut down at 2024-08-02 00:14:46 CEST
2024-08-02 00:14:48.260 CEST [375204] LOG:  database system is ready to accept connections
2024-08-02 00:14:57.224 CEST [375205] LOG:  checkpoints are occurring too frequently (9 seconds apart)
2024-08-02 00:14:57.224 CEST [375205] HINT:  Consider increasing the configuration parameter "max_wal_size".
2024-08-02 00:14:57.243 CEST [375205] LOG:  checkpoint starting: wal
2024-08-02 00:15:05.175 CEST [375205] LOG:  checkpoint complete: wrote 31743 buffers (12.1%); 0 WAL file(s) added, 1 removed, 33 recycled; write=7.637 s, sync=0.218 s, total=7.951 s; sync files=309, longest=0.073 s, average=0.001 s; distance=552021 kB, estimate=552021 kB; lsn=0/416D6BD8, redo lsn=0/230009F8
2024-08-02 00:15:05.795 CEST [375205] LOG:  checkpoints are occurring too frequently (8 seconds apart)
2024-08-02 00:15:05.795 CEST [375205] HINT:  Consider increasing the configuration parameter "max_wal_size".
2024-08-02 00:15:05.797 CEST [375205] LOG:  checkpoint starting: wal
2024-08-02 00:15:14.485 CEST [375205] LOG:  checkpoint complete: wrote 30985 buffers (11.8%); 0 WAL file(s) added, 2 removed, 31 recycled; write=8.155 s, sync=0.451 s, total=8.690 s; sync files=5, longest=0.288 s, average=0.091 s; distance=550661 kB, estimate=551885 kB; lsn=0/6421D530, redo lsn=0/449C2198
2024-08-02 00:15:14.675 CEST [375205] LOG:  checkpoints are occurring too frequently (9 seconds apart)
2024-08-02 00:15:14.675 CEST [375205] HINT:  Consider increasing the configuration parameter "max_wal_size".
2024-08-02 00:15:14.677 CEST [375205] LOG:  checkpoint starting: wal
2024-08-02 00:15:23.467 CEST [375205] LOG:  checkpoint complete: wrote 25906 buffers (9.9%); 0 WAL file(s) added, 0 removed, 33 recycled; write=8.341 s, sync=0.424 s, total=8.792 s; sync files=386, longest=0.223 s, average=0.002 s; distance=539518 kB, estimate=550648 kB; lsn=0/7937A7E0, redo lsn=0/658A1C38
2024-08-02 00:15:23.467 CEST [375205] LOG:  checkpoint starting: immediate force wait
2024-08-02 00:15:23.926 CEST [375205] LOG:  checkpoint complete: wrote 44982 buffers (17.2%); 0 WAL file(s) added, 0 removed, 20 recycled; write=0.362 s, sync=0.072 s, total=0.459 s; sync files=154, longest=0.027 s, average=0.001 s; distance=322403 kB, estimate=527824 kB; lsn=0/7937A8B0, redo lsn=0/7937A858
2024-08-02 00:16:34.095 CEST [375204] LOG:  received fast shutdown request
2024-08-02 00:16:34.095 CEST [375204] LOG:  aborting any active transactions
2024-08-02 00:16:34.096 CEST [375204] LOG:  background worker "logical replication launcher" (PID 375210) exited with exit code 1
2024-08-02 00:16:34.113 CEST [375205] LOG:  shutting down
2024-08-02 00:16:34.113 CEST [375205] LOG:  checkpoint starting: shutdown immediate
2024-08-02 00:16:34.120 CEST [375205] LOG:  checkpoint complete: wrote 53 buffers (0.0%); 0 WAL file(s) added, 0 removed, 0 recycled; write=0.005 s, sync=0.002 s, total=0.008 s; sync files=12, longest=0.001 s, average=0.001 s; distance=260 kB, estimate=475067 kB; lsn=0/793BBA60, redo lsn=0/793BBA60
2024-08-02 00:16:34.461 CEST [375204] LOG:  database system is shut down
