2024-07-31 02:10:22.759 CEST [966394] LOG:  starting PostgreSQL 18devel on x86_64-pc-linux-gnu, compiled by gcc (Debian 12.2.0-14) 12.2.0, 64-bit
2024-07-31 02:10:22.759 CEST [966394] LOG:  listening on IPv6 address "::1", port 5432
2024-07-31 02:10:22.759 CEST [966394] LOG:  listening on IPv4 address "127.0.0.1", port 5432
2024-07-31 02:10:22.760 CEST [966394] LOG:  listening on Unix socket "/tmp/.s.PGSQL.5432"
2024-07-31 02:10:22.763 CEST [966397] LOG:  database system was shut down at 2024-07-31 02:10:21 CEST
2024-07-31 02:10:22.767 CEST [966394] LOG:  database system is ready to accept connections
2024-07-31 02:10:33.773 CEST [966395] LOG:  checkpoints are occurring too frequently (11 seconds apart)
2024-07-31 02:10:33.773 CEST [966395] HINT:  Consider increasing the configuration parameter "max_wal_size".
2024-07-31 02:10:33.773 CEST [966395] LOG:  checkpoint starting: wal
2024-07-31 02:10:46.077 CEST [966395] LOG:  checkpoint complete: wrote 6830 buffers (2.6%); 0 WAL file(s) added, 5 removed, 28 recycled; write=10.300 s, sync=1.931 s, total=12.305 s; sync files=804, longest=0.028 s, average=0.003 s; distance=537539 kB, estimate=537539 kB; lsn=0/4527DDE0, redo lsn=0/221DC058
2024-07-31 02:10:46.078 CEST [966395] LOG:  checkpoints are occurring too frequently (13 seconds apart)
2024-07-31 02:10:46.078 CEST [966395] HINT:  Consider increasing the configuration parameter "max_wal_size".
2024-07-31 02:10:46.078 CEST [966395] LOG:  checkpoint starting: wal
2024-07-31 02:10:51.731 CEST [966395] LOG:  checkpoint complete: wrote 51 buffers (0.0%); 0 WAL file(s) added, 0 removed, 35 recycled; write=5.023 s, sync=0.597 s, total=5.653 s; sync files=192, longest=0.013 s, average=0.004 s; distance=575247 kB, estimate=575247 kB; lsn=0/56DC3868, redo lsn=0/4539FEE0
2024-07-31 02:10:56.587 CEST [966395] LOG:  checkpoints are occurring too frequently (10 seconds apart)
2024-07-31 02:10:56.587 CEST [966395] HINT:  Consider increasing the configuration parameter "max_wal_size".
2024-07-31 02:10:56.588 CEST [966395] LOG:  checkpoint starting: wal
2024-07-31 02:11:02.415 CEST [966395] LOG:  checkpoint complete: wrote 49 buffers (0.0%); 0 WAL file(s) added, 0 removed, 33 recycled; write=4.819 s, sync=0.961 s, total=5.828 s; sync files=284, longest=0.017 s, average=0.004 s; distance=537179 kB, estimate=571440 kB; lsn=0/785366E8, redo lsn=0/66036E60
2024-07-31 02:11:04.637 CEST [966395] LOG:  checkpoint starting: immediate force wait
2024-07-31 02:11:04.897 CEST [966395] LOG:  checkpoint complete: wrote 188 buffers (0.1%); 0 WAL file(s) added, 0 removed, 24 recycled; write=0.007 s, sync=0.222 s, total=0.261 s; sync files=99, longest=0.005 s, average=0.003 s; distance=394070 kB, estimate=553703 kB; lsn=0/7E10C730, redo lsn=0/7E10C6D8
2024-07-31 02:12:15.143 CEST [966394] LOG:  received fast shutdown request
2024-07-31 02:12:15.144 CEST [966394] LOG:  aborting any active transactions
2024-07-31 02:12:15.144 CEST [966394] LOG:  background worker "logical replication launcher" (PID 966400) exited with exit code 1
2024-07-31 02:12:15.146 CEST [966395] LOG:  shutting down
2024-07-31 02:12:15.147 CEST [966395] LOG:  checkpoint starting: shutdown immediate
2024-07-31 02:12:15.157 CEST [966395] LOG:  checkpoint complete: wrote 53 buffers (0.0%); 0 WAL file(s) added, 0 removed, 0 recycled; write=0.006 s, sync=0.002 s, total=0.011 s; sync files=12, longest=0.001 s, average=0.001 s; distance=294 kB, estimate=498362 kB; lsn=0/7E155FB0, redo lsn=0/7E155FB0
2024-07-31 02:12:15.333 CEST [966394] LOG:  database system is shut down
