2024-07-31 17:18:39.004 CEST [1226955] LOG:  starting PostgreSQL 18devel on x86_64-pc-linux-gnu, compiled by gcc (Debian 12.2.0-14) 12.2.0, 64-bit
2024-07-31 17:18:39.005 CEST [1226955] LOG:  listening on IPv6 address "::1", port 5432
2024-07-31 17:18:39.005 CEST [1226955] LOG:  listening on IPv4 address "127.0.0.1", port 5432
2024-07-31 17:18:39.006 CEST [1226955] LOG:  listening on Unix socket "/tmp/.s.PGSQL.5432"
2024-07-31 17:18:39.008 CEST [1226958] LOG:  database system was shut down at 2024-07-31 17:18:37 CEST
2024-07-31 17:18:39.011 CEST [1226955] LOG:  database system is ready to accept connections
2024-07-31 17:18:47.664 CEST [1226956] LOG:  checkpoints are occurring too frequently (8 seconds apart)
2024-07-31 17:18:47.664 CEST [1226956] HINT:  Consider increasing the configuration parameter "max_wal_size".
2024-07-31 17:18:47.665 CEST [1226956] LOG:  checkpoint starting: wal
2024-07-31 17:18:55.642 CEST [1226956] LOG:  checkpoint complete: wrote 39346 buffers (15.0%); 0 WAL file(s) added, 1 removed, 32 recycled; write=7.494 s, sync=0.393 s, total=7.978 s; sync files=345, longest=0.263 s, average=0.002 s; distance=535643 kB, estimate=535643 kB; lsn=0/410016F8, redo lsn=0/220020A8
2024-07-31 17:18:56.069 CEST [1226956] LOG:  checkpoints are occurring too frequently (9 seconds apart)
2024-07-31 17:18:56.069 CEST [1226956] HINT:  Consider increasing the configuration parameter "max_wal_size".
2024-07-31 17:18:56.072 CEST [1226956] LOG:  checkpoint starting: wal
2024-07-31 17:19:02.951 CEST [1226956] LOG:  checkpoint complete: wrote 39290 buffers (15.0%); 0 WAL file(s) added, 0 removed, 33 recycled; write=6.690 s, sync=0.152 s, total=6.883 s; sync files=3, longest=0.145 s, average=0.051 s; distance=541455 kB, estimate=541455 kB; lsn=0/6102A428, redo lsn=0/430C6070
2024-07-31 17:19:03.587 CEST [1226956] LOG:  checkpoints are occurring too frequently (7 seconds apart)
2024-07-31 17:19:03.587 CEST [1226956] HINT:  Consider increasing the configuration parameter "max_wal_size".
2024-07-31 17:19:03.591 CEST [1226956] LOG:  checkpoint starting: wal
2024-07-31 17:19:28.822 CEST [1226956] LOG:  checkpoint complete: wrote 39312 buffers (15.0%); 0 WAL file(s) added, 0 removed, 33 recycled; write=24.521 s, sync=0.673 s, total=25.235 s; sync files=12, longest=0.119 s, average=0.057 s; distance=541592 kB, estimate=541592 kB; lsn=0/8239C5E8, redo lsn=0/641AC0B8
2024-07-31 17:19:31.584 CEST [1226956] LOG:  checkpoints are occurring too frequently (28 seconds apart)
2024-07-31 17:19:31.584 CEST [1226956] HINT:  Consider increasing the configuration parameter "max_wal_size".
2024-07-31 17:19:31.584 CEST [1226956] LOG:  checkpoint starting: wal
2024-07-31 17:19:42.286 CEST [1226956] LOG:  checkpoint complete: wrote 69374 buffers (26.5%); 0 WAL file(s) added, 3 removed, 30 recycled; write=9.949 s, sync=0.669 s, total=10.703 s; sync files=21, longest=0.441 s, average=0.032 s; distance=554763 kB, estimate=554763 kB; lsn=0/A609F1B0, redo lsn=0/85F6EE08
2024-07-31 17:19:42.286 CEST [1226956] LOG:  checkpoints are occurring too frequently (11 seconds apart)
2024-07-31 17:19:42.286 CEST [1226956] HINT:  Consider increasing the configuration parameter "max_wal_size".
2024-07-31 17:19:42.286 CEST [1226956] LOG:  checkpoint starting: wal
2024-07-31 17:19:44.957 CEST [1226956] LOG:  checkpoint complete: wrote 27 buffers (0.0%); 0 WAL file(s) added, 0 removed, 33 recycled; write=2.612 s, sync=0.014 s, total=2.672 s; sync files=20, longest=0.007 s, average=0.001 s; distance=530370 kB, estimate=552324 kB; lsn=0/BAF76DB0, redo lsn=0/A655F780
2024-07-31 17:19:48.525 CEST [1226956] LOG:  checkpoints are occurring too frequently (6 seconds apart)
2024-07-31 17:19:48.525 CEST [1226956] HINT:  Consider increasing the configuration parameter "max_wal_size".
2024-07-31 17:19:48.529 CEST [1226956] LOG:  checkpoint starting: wal
2024-07-31 17:19:49.371 CEST [1226956] LOG:  checkpoint complete: wrote 8 buffers (0.0%); 0 WAL file(s) added, 0 removed, 33 recycled; write=0.808 s, sync=0.002 s, total=0.847 s; sync files=7, longest=0.001 s, average=0.001 s; distance=537077 kB, estimate=550799 kB; lsn=0/C7370C70, redo lsn=0/C71DCED0
2024-07-31 17:20:18.957 CEST [1226956] LOG:  checkpoint starting: wal
2024-07-31 17:20:20.405 CEST [1226956] LOG:  checkpoint complete: wrote 8 buffers (0.0%); 0 WAL file(s) added, 0 removed, 33 recycled; write=0.807 s, sync=0.611 s, total=1.452 s; sync files=19, longest=0.085 s, average=0.033 s; distance=544775 kB, estimate=550197 kB; lsn=0/E8E50A90, redo lsn=0/E85DEE70
2024-07-31 17:20:24.858 CEST [1226956] LOG:  checkpoint starting: immediate force wait
2024-07-31 17:20:25.883 CEST [1226956] LOG:  checkpoint complete: wrote 1952 buffers (0.7%); 0 WAL file(s) added, 0 removed, 5 recycled; write=0.040 s, sync=0.966 s, total=1.025 s; sync files=418, longest=0.773 s, average=0.003 s; distance=87720 kB, estimate=503949 kB; lsn=0/EDB88FB0, redo lsn=0/EDB88F58
2024-07-31 17:21:36.072 CEST [1226955] LOG:  received fast shutdown request
2024-07-31 17:21:36.072 CEST [1226955] LOG:  aborting any active transactions
2024-07-31 17:21:36.074 CEST [1226955] LOG:  background worker "logical replication launcher" (PID 1226961) exited with exit code 1
2024-07-31 17:21:36.094 CEST [1226956] LOG:  shutting down
2024-07-31 17:21:36.094 CEST [1226956] LOG:  checkpoint starting: shutdown immediate
2024-07-31 17:21:36.101 CEST [1226956] LOG:  checkpoint complete: wrote 73 buffers (0.0%); 0 WAL file(s) added, 0 removed, 0 recycled; write=0.006 s, sync=0.002 s, total=0.008 s; sync files=10, longest=0.001 s, average=0.001 s; distance=247 kB, estimate=453579 kB; lsn=0/EDBC6D10, redo lsn=0/EDBC6D10
2024-07-31 17:21:36.434 CEST [1226955] LOG:  database system is shut down
