2024-07-30 23:13:15.246 CEST [4028816] LOG:  starting PostgreSQL 18devel on x86_64-pc-linux-gnu, compiled by gcc (Debian 12.2.0-14) 12.2.0, 64-bit
2024-07-30 23:13:15.246 CEST [4028816] LOG:  listening on IPv6 address "::1", port 5432
2024-07-30 23:13:15.246 CEST [4028816] LOG:  listening on IPv4 address "127.0.0.1", port 5432
2024-07-30 23:13:15.248 CEST [4028816] LOG:  listening on Unix socket "/tmp/.s.PGSQL.5432"
2024-07-30 23:13:15.251 CEST [4028819] LOG:  database system was shut down at 2024-07-30 23:13:14 CEST
2024-07-30 23:13:15.254 CEST [4028816] LOG:  database system is ready to accept connections
2024-07-30 23:13:25.367 CEST [4028817] LOG:  checkpoints are occurring too frequently (10 seconds apart)
2024-07-30 23:13:25.367 CEST [4028817] HINT:  Consider increasing the configuration parameter "max_wal_size".
2024-07-30 23:13:25.367 CEST [4028817] LOG:  checkpoint starting: wal
2024-07-30 23:13:34.049 CEST [4028817] LOG:  checkpoint complete: wrote 30903 buffers (11.8%); 0 WAL file(s) added, 0 removed, 33 recycled; write=8.342 s, sync=0.260 s, total=8.682 s; sync files=309, longest=0.127 s, average=0.001 s; distance=536726 kB, estimate=536726 kB; lsn=0/40162C08, redo lsn=0/22110E58
2024-07-30 23:13:34.871 CEST [4028817] LOG:  checkpoints are occurring too frequently (9 seconds apart)
2024-07-30 23:13:34.871 CEST [4028817] HINT:  Consider increasing the configuration parameter "max_wal_size".
2024-07-30 23:13:34.872 CEST [4028817] LOG:  checkpoint starting: wal
2024-07-30 23:13:43.513 CEST [4028817] LOG:  checkpoint complete: wrote 30879 buffers (11.8%); 0 WAL file(s) added, 2 removed, 31 recycled; write=8.164 s, sync=0.384 s, total=8.643 s; sync files=5, longest=0.218 s, average=0.077 s; distance=549039 kB, estimate=549039 kB; lsn=0/639DE1D8, redo lsn=0/4393CAD0
2024-07-30 23:13:43.651 CEST [4028817] LOG:  checkpoints are occurring too frequently (9 seconds apart)
2024-07-30 23:13:43.651 CEST [4028817] HINT:  Consider increasing the configuration parameter "max_wal_size".
2024-07-30 23:13:43.651 CEST [4028817] LOG:  checkpoint starting: wal
2024-07-30 23:13:51.818 CEST [4028817] LOG:  checkpoint complete: wrote 27570 buffers (10.5%); 0 WAL file(s) added, 0 removed, 34 recycled; write=7.619 s, sync=0.512 s, total=8.167 s; sync files=386, longest=0.206 s, average=0.002 s; distance=547735 kB, estimate=548908 kB; lsn=0/7937CDE8, redo lsn=0/65022828
2024-07-30 23:13:51.818 CEST [4028817] LOG:  checkpoint starting: immediate force wait
2024-07-30 23:13:52.230 CEST [4028817] LOG:  checkpoint complete: wrote 44982 buffers (17.2%); 0 WAL file(s) added, 0 removed, 20 recycled; write=0.357 s, sync=0.024 s, total=0.412 s; sync files=154, longest=0.003 s, average=0.001 s; distance=331113 kB, estimate=527129 kB; lsn=0/7937CEB8, redo lsn=0/7937CE60
2024-07-30 23:15:02.475 CEST [4028816] LOG:  received fast shutdown request
2024-07-30 23:15:02.476 CEST [4028816] LOG:  aborting any active transactions
2024-07-30 23:15:02.476 CEST [4028816] LOG:  background worker "logical replication launcher" (PID 4028822) exited with exit code 1
2024-07-30 23:15:02.480 CEST [4028817] LOG:  shutting down
2024-07-30 23:15:02.481 CEST [4028817] LOG:  checkpoint starting: shutdown immediate
2024-07-30 23:15:02.497 CEST [4028817] LOG:  checkpoint complete: wrote 52 buffers (0.0%); 0 WAL file(s) added, 0 removed, 0 recycled; write=0.006 s, sync=0.006 s, total=0.018 s; sync files=12, longest=0.002 s, average=0.001 s; distance=260 kB, estimate=474442 kB; lsn=0/793BE0C0, redo lsn=0/793BE0C0
2024-07-30 23:15:02.799 CEST [4028816] LOG:  database system is shut down
