2024-07-30 14:33:21.679 CEST [2117940] LOG:  starting PostgreSQL 18devel on x86_64-pc-linux-gnu, compiled by gcc (Debian 12.2.0-14) 12.2.0, 64-bit
2024-07-30 14:33:21.679 CEST [2117940] LOG:  listening on IPv6 address "::1", port 5432
2024-07-30 14:33:21.679 CEST [2117940] LOG:  listening on IPv4 address "127.0.0.1", port 5432
2024-07-30 14:33:21.681 CEST [2117940] LOG:  listening on Unix socket "/tmp/.s.PGSQL.5432"
2024-07-30 14:33:21.684 CEST [2117943] LOG:  database system was shut down at 2024-07-30 14:33:20 CEST
2024-07-30 14:33:21.687 CEST [2117940] LOG:  database system is ready to accept connections
2024-07-30 14:33:32.724 CEST [2117941] LOG:  checkpoints are occurring too frequently (11 seconds apart)
2024-07-30 14:33:32.724 CEST [2117941] HINT:  Consider increasing the configuration parameter "max_wal_size".
2024-07-30 14:33:32.724 CEST [2117941] LOG:  checkpoint starting: wal
2024-07-30 14:33:44.995 CEST [2117941] LOG:  checkpoint complete: wrote 6830 buffers (2.6%); 0 WAL file(s) added, 5 removed, 28 recycled; write=10.298 s, sync=1.870 s, total=12.271 s; sync files=803, longest=0.020 s, average=0.003 s; distance=537539 kB, estimate=537539 kB; lsn=0/45032B88, redo lsn=0/221DC058
2024-07-30 14:33:44.995 CEST [2117941] LOG:  checkpoints are occurring too frequently (12 seconds apart)
2024-07-30 14:33:44.995 CEST [2117941] HINT:  Consider increasing the configuration parameter "max_wal_size".
2024-07-30 14:33:44.995 CEST [2117941] LOG:  checkpoint starting: wal
2024-07-30 14:33:50.648 CEST [2117941] LOG:  checkpoint complete: wrote 51 buffers (0.0%); 0 WAL file(s) added, 0 removed, 35 recycled; write=5.023 s, sync=0.600 s, total=5.654 s; sync files=191, longest=0.015 s, average=0.004 s; distance=573261 kB, estimate=573261 kB; lsn=0/569E4448, redo lsn=0/451AF670
2024-07-30 14:33:55.592 CEST [2117941] LOG:  checkpoints are occurring too frequently (11 seconds apart)
2024-07-30 14:33:55.592 CEST [2117941] HINT:  Consider increasing the configuration parameter "max_wal_size".
2024-07-30 14:33:55.592 CEST [2117941] LOG:  checkpoint starting: wal
2024-07-30 14:34:01.394 CEST [2117941] LOG:  checkpoint complete: wrote 49 buffers (0.0%); 0 WAL file(s) added, 0 removed, 33 recycled; write=4.821 s, sync=0.932 s, total=5.803 s; sync files=286, longest=0.017 s, average=0.004 s; distance=539173 kB, estimate=569852 kB; lsn=0/785383D8, redo lsn=0/66038B50
2024-07-30 14:34:03.619 CEST [2117941] LOG:  checkpoint starting: immediate force wait
2024-07-30 14:34:03.898 CEST [2117941] LOG:  checkpoint complete: wrote 188 buffers (0.1%); 0 WAL file(s) added, 0 removed, 24 recycled; write=0.006 s, sync=0.244 s, total=0.280 s; sync files=99, longest=0.016 s, average=0.003 s; distance=394070 kB, estimate=552274 kB; lsn=0/7E10E420, redo lsn=0/7E10E3C8
2024-07-30 14:35:14.129 CEST [2117940] LOG:  received fast shutdown request
2024-07-30 14:35:14.129 CEST [2117940] LOG:  aborting any active transactions
2024-07-30 14:35:14.130 CEST [2117940] LOG:  background worker "logical replication launcher" (PID 2117946) exited with exit code 1
2024-07-30 14:35:14.131 CEST [2117941] LOG:  shutting down
2024-07-30 14:35:14.132 CEST [2117941] LOG:  checkpoint starting: shutdown immediate
2024-07-30 14:35:14.144 CEST [2117941] LOG:  checkpoint complete: wrote 53 buffers (0.0%); 0 WAL file(s) added, 0 removed, 0 recycled; write=0.006 s, sync=0.003 s, total=0.013 s; sync files=12, longest=0.001 s, average=0.001 s; distance=294 kB, estimate=497076 kB; lsn=0/7E157CA0, redo lsn=0/7E157CA0
2024-07-30 14:35:14.314 CEST [2117940] LOG:  database system is shut down
