2024-07-31 01:33:07.186 BST [1796344] LOG:  starting PostgreSQL 18devel on aarch64-unknown-linux-gnu, compiled by gcc (Debian 12.2.0-14) 12.2.0, 64-bit
2024-07-31 01:33:07.186 BST [1796344] LOG:  listening on IPv6 address "::1", port 5432
2024-07-31 01:33:07.186 BST [1796344] LOG:  listening on IPv4 address "127.0.0.1", port 5432
2024-07-31 01:33:07.204 BST [1796344] LOG:  listening on Unix socket "/tmp/.s.PGSQL.5432"
2024-07-31 01:33:07.211 BST [1796347] LOG:  database system was shut down at 2024-07-31 01:33:05 BST
2024-07-31 01:33:07.222 BST [1796344] LOG:  database system is ready to accept connections
2024-07-31 01:33:21.669 BST [1796345] LOG:  checkpoints are occurring too frequently (14 seconds apart)
2024-07-31 01:33:21.669 BST [1796345] HINT:  Consider increasing the configuration parameter "max_wal_size".
2024-07-31 01:33:21.669 BST [1796345] LOG:  checkpoint starting: wal
2024-07-31 01:34:11.279 BST [1796345] LOG:  checkpoint complete: wrote 60435 buffers (46.1%); 0 WAL file(s) added, 0 removed, 33 recycled; write=48.117 s, sync=1.224 s, total=49.610 s; sync files=787, longest=0.064 s, average=0.002 s; distance=537505 kB, estimate=537505 kB; lsn=0/406C6338, redo lsn=0/221CE928
2024-07-31 01:34:14.861 BST [1796345] LOG:  checkpoint starting: wal
2024-07-31 01:34:18.912 BST [1796345] LOG:  checkpoint complete: wrote 29 buffers (0.0%); 0 WAL file(s) added, 0 removed, 33 recycled; write=2.823 s, sync=0.653 s, total=4.051 s; sync files=30, longest=0.267 s, average=0.022 s; distance=539514 kB, estimate=539514 kB; lsn=0/44EAD278, redo lsn=0/430AD408
2024-07-31 01:34:28.893 BST [1796345] LOG:  checkpoints are occurring too frequently (14 seconds apart)
2024-07-31 01:34:28.893 BST [1796345] HINT:  Consider increasing the configuration parameter "max_wal_size".
2024-07-31 01:34:28.894 BST [1796345] LOG:  checkpoint starting: wal
2024-07-31 01:34:34.891 BST [1796345] LOG:  checkpoint complete: wrote 45 buffers (0.0%); 0 WAL file(s) added, 0 removed, 33 recycled; write=4.446 s, sync=1.310 s, total=5.998 s; sync files=42, longest=0.609 s, average=0.032 s; distance=541076 kB, estimate=541076 kB; lsn=0/682F0DF8, redo lsn=0/64112628
2024-07-31 01:35:07.307 BST [1796554] LOG:  skipping vacuum of "t" --- lock not available
2024-07-31 01:35:16.805 BST [1796345] LOG:  checkpoint starting: wal
2024-07-31 01:35:26.994 BST [1796345] LOG:  checkpoint complete: wrote 125 buffers (0.1%); 0 WAL file(s) added, 0 removed, 33 recycled; write=8.970 s, sync=1.072 s, total=10.189 s; sync files=874, longest=0.963 s, average=0.002 s; distance=540264 kB, estimate=540995 kB; lsn=0/89840B90, redo lsn=0/850AC908
2024-07-31 01:35:26.994 BST [1796345] LOG:  checkpoint starting: immediate force wait
2024-07-31 01:35:27.273 BST [1796345] LOG:  checkpoint complete: wrote 8166 buffers (6.2%); 0 WAL file(s) added, 0 removed, 4 recycled; write=0.051 s, sync=0.179 s, total=0.279 s; sync files=449, longest=0.128 s, average=0.001 s; distance=73296 kB, estimate=494225 kB; lsn=0/89840C60, redo lsn=0/89840C08
2024-07-31 01:36:42.053 BST [1796344] LOG:  received fast shutdown request
2024-07-31 01:36:42.065 BST [1796344] LOG:  aborting any active transactions
2024-07-31 01:36:42.066 BST [1796344] LOG:  background worker "logical replication launcher" (PID 1796350) exited with exit code 1
2024-07-31 01:36:42.067 BST [1796345] LOG:  shutting down
2024-07-31 01:36:42.071 BST [1796345] LOG:  checkpoint starting: shutdown immediate
2024-07-31 01:36:42.099 BST [1796345] LOG:  checkpoint complete: wrote 97 buffers (0.1%); 0 WAL file(s) added, 0 removed, 0 recycled; write=0.007 s, sync=0.006 s, total=0.033 s; sync files=10, longest=0.005 s, average=0.001 s; distance=356 kB, estimate=444838 kB; lsn=0/89899DA0, redo lsn=0/89899DA0
2024-07-31 01:36:42.166 BST [1796344] LOG:  database system is shut down
