2024-07-30 17:22:06.816 CEST [3214494] LOG:  starting PostgreSQL 18devel on x86_64-pc-linux-gnu, compiled by gcc (Debian 12.2.0-14) 12.2.0, 64-bit
2024-07-30 17:22:06.816 CEST [3214494] LOG:  listening on IPv6 address "::1", port 5432
2024-07-30 17:22:06.816 CEST [3214494] LOG:  listening on IPv4 address "127.0.0.1", port 5432
2024-07-30 17:22:06.831 CEST [3214494] LOG:  listening on Unix socket "/tmp/.s.PGSQL.5432"
2024-07-30 17:22:06.834 CEST [3214497] LOG:  database system was shut down at 2024-07-30 17:22:05 CEST
2024-07-30 17:22:06.837 CEST [3214494] LOG:  database system is ready to accept connections
2024-07-30 17:22:16.299 CEST [3214495] LOG:  checkpoints are occurring too frequently (10 seconds apart)
2024-07-30 17:22:16.299 CEST [3214495] HINT:  Consider increasing the configuration parameter "max_wal_size".
2024-07-30 17:22:16.323 CEST [3214495] LOG:  checkpoint starting: wal
2024-07-30 17:22:23.863 CEST [3214495] LOG:  checkpoint complete: wrote 55684 buffers (21.2%); 0 WAL file(s) added, 2 removed, 32 recycled; write=6.869 s, sync=0.583 s, total=7.564 s; sync files=707, longest=0.373 s, average=0.001 s; distance=552021 kB, estimate=552021 kB; lsn=0/4271BAA8, redo lsn=0/23000AD0
2024-07-30 17:22:24.256 CEST [3214495] LOG:  checkpoints are occurring too frequently (8 seconds apart)
2024-07-30 17:22:24.256 CEST [3214495] HINT:  Consider increasing the configuration parameter "max_wal_size".
2024-07-30 17:22:24.256 CEST [3214495] LOG:  checkpoint starting: wal
2024-07-30 17:22:30.825 CEST [3214495] LOG:  checkpoint complete: wrote 62336 buffers (23.8%); 0 WAL file(s) added, 2 removed, 31 recycled; write=6.014 s, sync=0.456 s, total=6.570 s; sync files=4, longest=0.212 s, average=0.114 s; distance=554601 kB, estimate=554601 kB; lsn=0/64000670, redo lsn=0/44D9B280
2024-07-30 17:22:31.173 CEST [3214495] LOG:  checkpoints are occurring too frequently (7 seconds apart)
2024-07-30 17:22:31.173 CEST [3214495] HINT:  Consider increasing the configuration parameter "max_wal_size".
2024-07-30 17:22:31.173 CEST [3214495] LOG:  checkpoint starting: wal
2024-07-30 17:22:37.789 CEST [3214495] LOG:  checkpoint complete: wrote 61005 buffers (23.3%); 0 WAL file(s) added, 2 removed, 32 recycled; write=6.082 s, sync=0.422 s, total=6.616 s; sync files=4, longest=0.401 s, average=0.106 s; distance=543139 kB, estimate=553455 kB; lsn=0/85000AB8, redo lsn=0/66004028
2024-07-30 17:22:38.194 CEST [3214495] LOG:  checkpoints are occurring too frequently (7 seconds apart)
2024-07-30 17:22:38.194 CEST [3214495] HINT:  Consider increasing the configuration parameter "max_wal_size".
2024-07-30 17:22:38.194 CEST [3214495] LOG:  checkpoint starting: wal
2024-07-30 17:22:44.675 CEST [3214495] LOG:  checkpoint complete: wrote 60981 buffers (23.3%); 0 WAL file(s) added, 1 removed, 32 recycled; write=5.995 s, sync=0.380 s, total=6.482 s; sync files=4, longest=0.294 s, average=0.095 s; distance=543792 kB, estimate=552489 kB; lsn=0/A6CC96A8, redo lsn=0/873100A8
2024-07-30 17:22:45.040 CEST [3214495] LOG:  checkpoints are occurring too frequently (7 seconds apart)
2024-07-30 17:22:45.040 CEST [3214495] HINT:  Consider increasing the configuration parameter "max_wal_size".
2024-07-30 17:22:45.041 CEST [3214495] LOG:  checkpoint starting: wal
2024-07-30 17:22:51.362 CEST [3214495] LOG:  checkpoint complete: wrote 62177 buffers (23.7%); 0 WAL file(s) added, 2 removed, 32 recycled; write=5.798 s, sync=0.413 s, total=6.322 s; sync files=4, longest=0.392 s, average=0.104 s; distance=553935 kB, estimate=553935 kB; lsn=0/C8000E30, redo lsn=0/A9003EC8
2024-07-30 17:22:51.760 CEST [3214495] LOG:  checkpoints are occurring too frequently (6 seconds apart)
2024-07-30 17:22:51.760 CEST [3214495] HINT:  Consider increasing the configuration parameter "max_wal_size".
2024-07-30 17:22:51.761 CEST [3214495] LOG:  checkpoint starting: wal
2024-07-30 17:22:57.952 CEST [3214495] LOG:  checkpoint complete: wrote 61117 buffers (23.3%); 0 WAL file(s) added, 1 removed, 32 recycled; write=5.687 s, sync=0.410 s, total=6.192 s; sync files=3, longest=0.387 s, average=0.137 s; distance=543944 kB, estimate=552936 kB; lsn=0/E9815B00, redo lsn=0/CA336180
2024-07-30 17:22:58.336 CEST [3214495] LOG:  checkpoints are occurring too frequently (7 seconds apart)
2024-07-30 17:22:58.336 CEST [3214495] HINT:  Consider increasing the configuration parameter "max_wal_size".
2024-07-30 17:22:58.360 CEST [3214495] LOG:  checkpoint starting: wal
2024-07-30 17:23:04.581 CEST [3214495] LOG:  checkpoint complete: wrote 62197 buffers (23.7%); 0 WAL file(s) added, 1 removed, 33 recycled; write=5.719 s, sync=0.407 s, total=6.245 s; sync files=4, longest=0.384 s, average=0.102 s; distance=553768 kB, estimate=553768 kB; lsn=1/AAA5DD0, redo lsn=0/EC000360
2024-07-30 17:23:04.989 CEST [3214495] LOG:  checkpoints are occurring too frequently (6 seconds apart)
2024-07-30 17:23:04.989 CEST [3214495] HINT:  Consider increasing the configuration parameter "max_wal_size".
2024-07-30 17:23:04.989 CEST [3214495] LOG:  checkpoint starting: wal
2024-07-30 17:23:11.280 CEST [3214495] LOG:  checkpoint complete: wrote 61230 buffers (23.4%); 0 WAL file(s) added, 1 removed, 32 recycled; write=5.786 s, sync=0.420 s, total=6.292 s; sync files=3, longest=0.397 s, average=0.140 s; distance=545063 kB, estimate=552897 kB; lsn=1/2C0B1700, redo lsn=1/D44A138
2024-07-30 17:23:11.623 CEST [3214495] LOG:  checkpoints are occurring too frequently (7 seconds apart)
2024-07-30 17:23:11.623 CEST [3214495] HINT:  Consider increasing the configuration parameter "max_wal_size".
2024-07-30 17:23:11.623 CEST [3214495] LOG:  checkpoint starting: wal
2024-07-30 17:23:23.665 CEST [3214495] LOG:  checkpoint complete: wrote 59418 buffers (22.7%); 0 WAL file(s) added, 0 removed, 33 recycled; write=11.863 s, sync=0.112 s, total=12.042 s; sync files=9, longest=0.060 s, average=0.013 s; distance=540024 kB, estimate=551610 kB; lsn=1/4CD46CC0, redo lsn=1/2E3A8138
2024-07-30 17:23:26.871 CEST [3214495] LOG:  checkpoints are occurring too frequently (15 seconds apart)
2024-07-30 17:23:26.871 CEST [3214495] HINT:  Consider increasing the configuration parameter "max_wal_size".
2024-07-30 17:23:26.872 CEST [3214495] LOG:  checkpoint starting: wal
2024-07-30 17:23:56.041 CEST [3214495] LOG:  checkpoint complete: wrote 242624 buffers (92.6%); 0 WAL file(s) added, 2 removed, 31 recycled; write=28.528 s, sync=0.580 s, total=29.170 s; sync files=32, longest=0.094 s, average=0.019 s; distance=547942 kB, estimate=551243 kB; lsn=1/6F7DEC38, redo lsn=1/4FAC1D28
2024-07-30 17:23:59.032 CEST [3214495] LOG:  checkpoint starting: wal
2024-07-30 17:24:05.077 CEST [3214495] LOG:  checkpoint complete: wrote 60 buffers (0.0%); 0 WAL file(s) added, 0 removed, 33 recycled; write=5.917 s, sync=0.097 s, total=6.046 s; sync files=29, longest=0.063 s, average=0.004 s; distance=539337 kB, estimate=550053 kB; lsn=1/76F9D9E0, redo lsn=1/709744D0
2024-07-30 17:24:06.859 CEST [3214533] LOG:  skipping vacuum of "t" --- lock not available
2024-07-30 17:24:29.113 CEST [3214495] LOG:  checkpoint starting: wal
2024-07-30 17:24:59.862 CEST [3214495] LOG:  checkpoint complete: wrote 755 buffers (0.3%); 0 WAL file(s) added, 0 removed, 33 recycled; write=30.062 s, sync=0.645 s, total=30.750 s; sync files=341, longest=0.073 s, average=0.002 s; distance=535298 kB, estimate=548577 kB; lsn=1/AF335878, redo lsn=1/91434E40
2024-07-30 17:25:02.931 CEST [3214495] LOG:  checkpoint starting: wal
2024-07-30 17:25:06.867 CEST [3214555] LOG:  skipping vacuum of "t" --- lock not available
2024-07-30 17:25:08.541 CEST [3214495] LOG:  checkpoint complete: wrote 56 buffers (0.0%); 0 WAL file(s) added, 0 removed, 33 recycled; write=5.515 s, sync=0.064 s, total=5.611 s; sync files=25, longest=0.060 s, average=0.003 s; distance=545828 kB, estimate=548302 kB; lsn=1/B6B05348, redo lsn=1/B293DEF8
2024-07-30 17:25:37.561 CEST [3214495] LOG:  checkpoint starting: wal
2024-07-30 17:25:44.159 CEST [3214495] LOG:  checkpoint complete: wrote 62 buffers (0.0%); 0 WAL file(s) added, 0 removed, 33 recycled; write=6.115 s, sync=0.451 s, total=6.599 s; sync files=30, longest=0.071 s, average=0.015 s; distance=538733 kB, estimate=547345 kB; lsn=1/D85B9EB8, redo lsn=1/D37595C0
2024-07-30 17:26:06.886 CEST [3214574] LOG:  skipping vacuum of "t" --- lock not available
2024-07-30 17:26:13.119 CEST [3214495] LOG:  checkpoint starting: wal
2024-07-30 17:26:15.429 CEST [3214495] LOG:  checkpoint complete: wrote 19 buffers (0.0%); 0 WAL file(s) added, 0 removed, 33 recycled; write=1.808 s, sync=0.459 s, total=2.311 s; sync files=25, longest=0.073 s, average=0.019 s; distance=544381 kB, estimate=547049 kB; lsn=1/F6493C20, redo lsn=1/F4AF8B58
2024-07-30 17:26:49.508 CEST [3214495] LOG:  checkpoint starting: wal
2024-07-30 17:26:51.831 CEST [3214495] LOG:  checkpoint complete: wrote 19 buffers (0.0%); 0 WAL file(s) added, 0 removed, 33 recycled; write=1.809 s, sync=0.483 s, total=2.324 s; sync files=26, longest=0.076 s, average=0.019 s; distance=536913 kB, estimate=546035 kB; lsn=2/17F45440, redo lsn=2/1574D2F8
2024-07-30 17:27:06.903 CEST [3214593] LOG:  skipping vacuum of "t" --- lock not available
2024-07-30 17:27:26.950 CEST [3214495] LOG:  checkpoint starting: wal
2024-07-30 17:27:29.059 CEST [3214495] LOG:  checkpoint complete: wrote 19 buffers (0.0%); 0 WAL file(s) added, 0 removed, 33 recycled; write=1.809 s, sync=0.269 s, total=2.110 s; sync files=27, longest=0.077 s, average=0.010 s; distance=535579 kB, estimate=544990 kB; lsn=2/399F2EB8, redo lsn=2/36254160
2024-07-30 17:28:01.788 CEST [3214495] LOG:  checkpoint starting: wal
2024-07-30 17:28:03.793 CEST [3214495] LOG:  checkpoint complete: wrote 16 buffers (0.0%); 0 WAL file(s) added, 0 removed, 33 recycled; write=1.508 s, sync=0.441 s, total=2.005 s; sync files=24, longest=0.071 s, average=0.019 s; distance=547205 kB, estimate=547205 kB; lsn=2/578C59F8, redo lsn=2/578B56E8
2024-07-30 17:28:06.923 CEST [3214612] LOG:  skipping vacuum of "t" --- lock not available
2024-07-30 17:28:40.784 CEST [3214495] LOG:  checkpoint starting: wal
2024-07-30 17:28:43.019 CEST [3214495] LOG:  checkpoint complete: wrote 18 buffers (0.0%); 0 WAL file(s) added, 0 removed, 33 recycled; write=1.709 s, sync=0.495 s, total=2.235 s; sync files=24, longest=0.077 s, average=0.021 s; distance=548070 kB, estimate=548070 kB; lsn=2/79373670, redo lsn=2/78FEEF28
2024-07-30 17:29:06.943 CEST [3214641] LOG:  skipping vacuum of "t" --- lock not available
2024-07-30 17:29:20.555 CEST [3214495] LOG:  checkpoint starting: wal
2024-07-30 17:29:22.281 CEST [3214495] LOG:  checkpoint complete: wrote 14 buffers (0.0%); 0 WAL file(s) added, 0 removed, 33 recycled; write=1.308 s, sync=0.387 s, total=1.727 s; sync files=24, longest=0.068 s, average=0.017 s; distance=530081 kB, estimate=546271 kB; lsn=2/9AE20BE0, redo lsn=2/99597670
2024-07-30 17:30:01.347 CEST [3214495] LOG:  checkpoint starting: wal
2024-07-30 17:30:03.310 CEST [3214495] LOG:  checkpoint complete: wrote 14 buffers (0.0%); 0 WAL file(s) added, 0 removed, 33 recycled; write=1.329 s, sync=0.569 s, total=1.964 s; sync files=24, longest=0.136 s, average=0.024 s; distance=543920 kB, estimate=546036 kB; lsn=2/C96422A0, redo lsn=2/BA8C38D0
2024-07-30 17:30:05.188 CEST [3214495] LOG:  checkpoints are occurring too frequently (4 seconds apart)
2024-07-30 17:30:05.188 CEST [3214495] HINT:  Consider increasing the configuration parameter "max_wal_size".
2024-07-30 17:30:05.188 CEST [3214495] LOG:  checkpoint starting: wal
2024-07-30 17:30:06.959 CEST [3214709] LOG:  skipping vacuum of "t" --- lock not available
2024-07-30 17:30:07.467 CEST [3214495] LOG:  checkpoint complete: wrote 23 buffers (0.0%); 0 WAL file(s) added, 0 removed, 34 recycled; write=2.208 s, sync=0.003 s, total=2.279 s; sync files=13, longest=0.002 s, average=0.001 s; distance=548201 kB, estimate=548201 kB; lsn=2/F189CB70, redo lsn=2/DC01E0A8
2024-07-30 17:30:08.712 CEST [3214495] LOG:  checkpoints are occurring too frequently (3 seconds apart)
2024-07-30 17:30:08.712 CEST [3214495] HINT:  Consider increasing the configuration parameter "max_wal_size".
2024-07-30 17:30:08.712 CEST [3214495] LOG:  checkpoint starting: wal
2024-07-30 17:30:09.791 CEST [3214495] LOG:  checkpoint complete: wrote 11 buffers (0.0%); 0 WAL file(s) added, 0 removed, 34 recycled; write=1.006 s, sync=0.002 s, total=1.080 s; sync files=6, longest=0.001 s, average=0.001 s; distance=557172 kB, estimate=557172 kB; lsn=3/7D202F0, redo lsn=2/FE03B138
2024-07-30 17:30:12.647 CEST [3214495] LOG:  checkpoints are occurring too frequently (4 seconds apart)
2024-07-30 17:30:12.647 CEST [3214495] HINT:  Consider increasing the configuration parameter "max_wal_size".
2024-07-30 17:30:12.648 CEST [3214495] LOG:  checkpoint starting: wal
2024-07-30 17:30:12.699 CEST [3214495] LOG:  checkpoint complete: wrote 0 buffers (0.0%); 0 WAL file(s) added, 0 removed, 33 recycled; write=0.004 s, sync=0.001 s, total=0.052 s; sync files=0, longest=0.000 s, average=0.000 s; distance=544762 kB, estimate=555931 kB; lsn=3/1F6A3970, redo lsn=3/1F439A18
2024-07-30 17:30:16.039 CEST [3214495] LOG:  checkpoints are occurring too frequently (4 seconds apart)
2024-07-30 17:30:16.039 CEST [3214495] HINT:  Consider increasing the configuration parameter "max_wal_size".
2024-07-30 17:30:16.040 CEST [3214495] LOG:  checkpoint starting: wal
2024-07-30 17:30:16.088 CEST [3214495] LOG:  checkpoint complete: wrote 0 buffers (0.0%); 0 WAL file(s) added, 0 removed, 33 recycled; write=0.004 s, sync=0.001 s, total=0.050 s; sync files=0, longest=0.000 s, average=0.000 s; distance=538583 kB, estimate=554196 kB; lsn=3/404995D8, redo lsn=3/4022F680
2024-07-30 17:30:19.576 CEST [3214495] LOG:  checkpoints are occurring too frequently (3 seconds apart)
2024-07-30 17:30:19.576 CEST [3214495] HINT:  Consider increasing the configuration parameter "max_wal_size".
2024-07-30 17:30:19.576 CEST [3214495] LOG:  checkpoint starting: wal
2024-07-30 17:30:19.643 CEST [3214495] LOG:  checkpoint complete: wrote 0 buffers (0.0%); 0 WAL file(s) added, 0 removed, 34 recycled; write=0.004 s, sync=0.001 s, total=0.067 s; sync files=0, longest=0.000 s, average=0.000 s; distance=554896 kB, estimate=554896 kB; lsn=3/6227D698, redo lsn=3/62013740
2024-07-30 17:30:23.271 CEST [3214495] LOG:  checkpoints are occurring too frequently (4 seconds apart)
2024-07-30 17:30:23.271 CEST [3214495] HINT:  Consider increasing the configuration parameter "max_wal_size".
2024-07-30 17:30:23.272 CEST [3214495] LOG:  checkpoint starting: wal
2024-07-30 17:30:24.253 CEST [3214495] LOG:  checkpoint complete: wrote 0 buffers (0.0%); 0 WAL file(s) added, 0 removed, 33 recycled; write=0.118 s, sync=0.001 s, total=0.983 s; sync files=0, longest=0.000 s, average=0.000 s; distance=544515 kB, estimate=553858 kB; lsn=3/849CB5C8, redo lsn=3/833D4388
2024-07-30 17:30:27.223 CEST [3214495] LOG:  checkpoints are occurring too frequently (4 seconds apart)
2024-07-30 17:30:27.223 CEST [3214495] HINT:  Consider increasing the configuration parameter "max_wal_size".
2024-07-30 17:30:27.224 CEST [3214495] LOG:  checkpoint starting: wal
2024-07-30 17:30:27.270 CEST [3214495] LOG:  checkpoint complete: wrote 0 buffers (0.0%); 0 WAL file(s) added, 0 removed, 33 recycled; write=0.004 s, sync=0.001 s, total=0.048 s; sync files=0, longest=0.000 s, average=0.000 s; distance=540560 kB, estimate=552528 kB; lsn=3/A4622440, redo lsn=3/A43B84E8
2024-07-30 17:30:33.484 CEST [3214495] LOG:  checkpoints are occurring too frequently (6 seconds apart)
2024-07-30 17:30:33.484 CEST [3214495] HINT:  Consider increasing the configuration parameter "max_wal_size".
2024-07-30 17:30:33.485 CEST [3214495] LOG:  checkpoint starting: wal
2024-07-30 17:30:34.575 CEST [3214495] LOG:  checkpoint complete: wrote 8 buffers (0.0%); 0 WAL file(s) added, 0 removed, 33 recycled; write=0.860 s, sync=0.114 s, total=1.091 s; sync files=5, longest=0.113 s, average=0.023 s; distance=545427 kB, estimate=551818 kB; lsn=3/CD68D3A8, redo lsn=3/C585D278
2024-07-30 17:30:58.904 CEST [3214495] LOG:  checkpoints are occurring too frequently (25 seconds apart)
2024-07-30 17:30:58.904 CEST [3214495] HINT:  Consider increasing the configuration parameter "max_wal_size".
2024-07-30 17:30:58.905 CEST [3214495] LOG:  checkpoint starting: wal
2024-07-30 17:30:59.896 CEST [3214495] LOG:  checkpoint complete: wrote 5 buffers (0.0%); 0 WAL file(s) added, 0 removed, 33 recycled; write=0.505 s, sync=0.455 s, total=0.993 s; sync files=11, longest=0.138 s, average=0.042 s; distance=533677 kB, estimate=550004 kB; lsn=3/E8C41688, redo lsn=3/E6188738
2024-07-30 17:31:06.978 CEST [3214723] LOG:  skipping vacuum of "t" --- lock not available
2024-07-30 17:31:31.948 CEST [3214495] LOG:  checkpoint starting: wal
2024-07-30 17:31:33.321 CEST [3214495] LOG:  checkpoint complete: wrote 8 buffers (0.0%); 0 WAL file(s) added, 0 removed, 33 recycled; write=0.805 s, sync=0.534 s, total=1.373 s; sync files=16, longest=0.084 s, average=0.034 s; distance=540798 kB, estimate=549083 kB; lsn=4/A6E11D0, redo lsn=4/71A8218
2024-07-30 17:32:02.905 CEST [3214495] LOG:  checkpoint starting: wal
2024-07-30 17:32:04.278 CEST [3214495] LOG:  checkpoint complete: wrote 8 buffers (0.0%); 0 WAL file(s) added, 0 removed, 33 recycled; write=0.806 s, sync=0.537 s, total=1.373 s; sync files=14, longest=0.069 s, average=0.039 s; distance=544743 kB, estimate=548649 kB; lsn=4/285A24A0, redo lsn=4/285A2120
2024-07-30 17:32:06.997 CEST [3214742] LOG:  skipping vacuum of "t" --- lock not available
2024-07-30 17:32:37.273 CEST [3214495] LOG:  checkpoint starting: wal
2024-07-30 17:32:38.783 CEST [3214495] LOG:  checkpoint complete: wrote 10 buffers (0.0%); 0 WAL file(s) added, 0 removed, 33 recycled; write=1.006 s, sync=0.474 s, total=1.511 s; sync files=15, longest=0.074 s, average=0.032 s; distance=540114 kB, estimate=547796 kB; lsn=4/4A04A3F8, redo lsn=4/49516A60
2024-07-30 17:33:07.017 CEST [3214763] LOG:  skipping vacuum of "t" --- lock not available
2024-07-30 17:33:12.684 CEST [3214495] LOG:  checkpoint starting: wal
2024-07-30 17:33:14.361 CEST [3214495] LOG:  checkpoint complete: wrote 12 buffers (0.0%); 0 WAL file(s) added, 0 removed, 33 recycled; write=1.207 s, sync=0.440 s, total=1.680 s; sync files=15, longest=0.070 s, average=0.030 s; distance=536407 kB, estimate=546657 kB; lsn=4/6BAEBBC8, redo lsn=4/6A0EC820
2024-07-30 17:33:49.169 CEST [3214495] LOG:  checkpoint starting: wal
2024-07-30 17:33:50.660 CEST [3214495] LOG:  checkpoint complete: wrote 10 buffers (0.0%); 0 WAL file(s) added, 0 removed, 33 recycled; write=1.013 s, sync=0.449 s, total=1.493 s; sync files=15, longest=0.071 s, average=0.030 s; distance=547823 kB, estimate=547823 kB; lsn=4/8D58D900, redo lsn=4/8B7E8788
2024-07-30 17:34:07.035 CEST [3214781] LOG:  skipping vacuum of "t" --- lock not available
2024-07-30 17:34:26.361 CEST [3214495] LOG:  checkpoint starting: wal
2024-07-30 17:34:28.153 CEST [3214495] LOG:  checkpoint complete: wrote 13 buffers (0.0%); 0 WAL file(s) added, 0 removed, 33 recycled; write=1.307 s, sync=0.453 s, total=1.792 s; sync files=16, longest=0.070 s, average=0.029 s; distance=535311 kB, estimate=546572 kB; lsn=4/AF02E3D8, redo lsn=4/AC2AC718
2024-07-30 17:35:04.621 CEST [3214495] LOG:  checkpoint starting: wal
2024-07-30 17:35:05.541 CEST [3214495] LOG:  checkpoint complete: wrote 6 buffers (0.0%); 0 WAL file(s) added, 0 removed, 33 recycled; write=0.605 s, sync=0.265 s, total=0.921 s; sync files=14, longest=0.083 s, average=0.019 s; distance=549139 kB, estimate=549139 kB; lsn=4/D0ACF568, redo lsn=4/CDAF16D8
2024-07-30 17:35:07.054 CEST [3214802] LOG:  skipping vacuum of "t" --- lock not available
2024-07-30 17:35:40.033 CEST [3214495] LOG:  checkpoint starting: wal
2024-07-30 17:35:41.163 CEST [3214495] LOG:  checkpoint complete: wrote 7 buffers (0.0%); 0 WAL file(s) added, 0 removed, 33 recycled; write=0.711 s, sync=0.387 s, total=1.131 s; sync files=14, longest=0.071 s, average=0.028 s; distance=533537 kB, estimate=547579 kB; lsn=4/EE99ADA8, redo lsn=4/EE3F9D80
2024-07-30 17:36:07.074 CEST [3214819] LOG:  skipping vacuum of "t" --- lock not available
2024-07-30 17:36:19.960 CEST [3214495] LOG:  checkpoint starting: wal
2024-07-30 17:36:21.002 CEST [3214495] LOG:  checkpoint complete: wrote 6 buffers (0.0%); 0 WAL file(s) added, 0 removed, 33 recycled; write=0.611 s, sync=0.400 s, total=1.044 s; sync files=15, longest=0.070 s, average=0.027 s; distance=543215 kB, estimate=547143 kB; lsn=5/1043D088, redo lsn=5/F675B78
2024-07-30 17:37:00.829 CEST [3214495] LOG:  checkpoint starting: wal
2024-07-30 17:37:01.964 CEST [3214495] LOG:  checkpoint complete: wrote 7 buffers (0.0%); 0 WAL file(s) added, 0 removed, 33 recycled; write=0.710 s, sync=0.395 s, total=1.137 s; sync files=15, longest=0.073 s, average=0.027 s; distance=545633 kB, estimate=546992 kB; lsn=5/31EDE408, redo lsn=5/30B4E258
2024-07-30 17:37:07.091 CEST [3214837] LOG:  skipping vacuum of "t" --- lock not available
2024-07-30 17:37:31.446 CEST [3214495] LOG:  checkpoint starting: immediate force wait
2024-07-30 17:37:32.674 CEST [3214495] LOG:  checkpoint complete: wrote 12306 buffers (4.7%); 0 WAL file(s) added, 0 removed, 26 recycled; write=0.111 s, sync=1.081 s, total=1.228 s; sync files=781, longest=0.573 s, average=0.002 s; distance=425838 kB, estimate=534876 kB; lsn=5/4AB29E60, redo lsn=5/4AB29E08
2024-07-30 17:38:47.037 CEST [3214494] LOG:  received fast shutdown request
2024-07-30 17:38:47.038 CEST [3214494] LOG:  aborting any active transactions
2024-07-30 17:38:47.039 CEST [3214494] LOG:  background worker "logical replication launcher" (PID 3214500) exited with exit code 1
2024-07-30 17:38:47.042 CEST [3214495] LOG:  shutting down
2024-07-30 17:38:47.043 CEST [3214495] LOG:  checkpoint starting: shutdown immediate
2024-07-30 17:38:47.052 CEST [3214495] LOG:  checkpoint complete: wrote 66 buffers (0.0%); 0 WAL file(s) added, 0 removed, 0 recycled; write=0.005 s, sync=0.003 s, total=0.010 s; sync files=5, longest=0.003 s, average=0.001 s; distance=206 kB, estimate=481409 kB; lsn=5/4AB5D8F0, redo lsn=5/4AB5D8F0
2024-07-30 17:38:47.417 CEST [3214494] LOG:  database system is shut down
