2024-08-01 01:14:53.661 BST [23989] LOG:  starting PostgreSQL 18devel on armv8l-unknown-linux-gnueabihf, compiled by gcc (Raspbian 12.2.0-14+rpi1) 12.2.0, 32-bit
2024-08-01 01:14:53.661 BST [23989] LOG:  listening on IPv6 address "::1", port 5432
2024-08-01 01:14:53.661 BST [23989] LOG:  listening on IPv4 address "127.0.0.1", port 5432
2024-08-01 01:14:53.677 BST [23989] LOG:  listening on Unix socket "/tmp/.s.PGSQL.5432"
2024-08-01 01:14:53.681 BST [23992] LOG:  database system was shut down at 2024-08-01 01:14:51 BST
2024-08-01 01:14:53.688 BST [23989] LOG:  database system is ready to accept connections
2024-08-01 01:15:07.133 BST [23990] LOG:  checkpoints are occurring too frequently (14 seconds apart)
2024-08-01 01:15:07.133 BST [23990] HINT:  Consider increasing the configuration parameter "max_wal_size".
2024-08-01 01:15:07.133 BST [23990] LOG:  checkpoint starting: wal
2024-08-01 01:15:59.409 BST [23990] LOG:  checkpoint complete: wrote 60435 buffers (46.1%); 0 WAL file(s) added, 0 removed, 33 recycled; write=50.374 s, sync=1.707 s, total=52.277 s; sync files=787, longest=0.064 s, average=0.003 s; distance=537502 kB, estimate=537502 kB; lsn=0/40CC1940, redo lsn=0/221CD788
2024-08-01 01:16:03.150 BST [23990] LOG:  checkpoint starting: wal
2024-08-01 01:16:06.417 BST [23990] LOG:  checkpoint complete: wrote 29 buffers (0.0%); 0 WAL file(s) added, 0 removed, 33 recycled; write=2.823 s, sync=0.298 s, total=3.267 s; sync files=30, longest=0.027 s, average=0.010 s; distance=539514 kB, estimate=539514 kB; lsn=0/448AF930, redo lsn=0/430AC280
2024-08-01 01:16:17.913 BST [23990] LOG:  checkpoints are occurring too frequently (14 seconds apart)
2024-08-01 01:16:17.913 BST [23990] HINT:  Consider increasing the configuration parameter "max_wal_size".
2024-08-01 01:16:17.913 BST [23990] LOG:  checkpoint starting: wal
2024-08-01 01:16:23.714 BST [23990] LOG:  checkpoint complete: wrote 45 buffers (0.0%); 0 WAL file(s) added, 0 removed, 33 recycled; write=4.474 s, sync=1.164 s, total=5.802 s; sync files=40, longest=1.073 s, average=0.030 s; distance=541076 kB, estimate=541076 kB; lsn=0/67CF38A8, redo lsn=0/64111488
2024-08-01 01:16:53.772 BST [24270] LOG:  skipping vacuum of "t" --- lock not available
2024-08-01 01:17:12.037 BST [23990] LOG:  checkpoint starting: wal
2024-08-01 01:17:24.433 BST [23990] LOG:  checkpoint complete: wrote 125 buffers (0.1%); 0 WAL file(s) added, 0 removed, 33 recycled; write=9.635 s, sync=2.612 s, total=12.396 s; sync files=876, longest=1.008 s, average=0.003 s; distance=540265 kB, estimate=540995 kB; lsn=0/8983E9B8, redo lsn=0/850ABA40
2024-08-01 01:17:24.433 BST [23990] LOG:  checkpoint starting: immediate force wait
2024-08-01 01:17:25.304 BST [23990] LOG:  checkpoint complete: wrote 8165 buffers (6.2%); 0 WAL file(s) added, 0 removed, 4 recycled; write=0.098 s, sync=0.705 s, total=0.871 s; sync files=449, longest=0.084 s, average=0.002 s; distance=73291 kB, estimate=494225 kB; lsn=0/8983EA88, redo lsn=0/8983EA30
2024-08-01 01:18:37.644 BST [23989] LOG:  received fast shutdown request
2024-08-01 01:18:37.653 BST [23989] LOG:  aborting any active transactions
2024-08-01 01:18:37.656 BST [23989] LOG:  background worker "logical replication launcher" (PID 23995) exited with exit code 1
2024-08-01 01:18:37.656 BST [23990] LOG:  shutting down
2024-08-01 01:18:37.657 BST [23990] LOG:  checkpoint starting: shutdown immediate
2024-08-01 01:18:37.686 BST [23990] LOG:  checkpoint complete: wrote 95 buffers (0.1%); 0 WAL file(s) added, 0 removed, 0 recycled; write=0.010 s, sync=0.014 s, total=0.031 s; sync files=10, longest=0.004 s, average=0.002 s; distance=354 kB, estimate=444838 kB; lsn=0/89897618, redo lsn=0/89897618
2024-08-01 01:18:37.905 BST [23989] LOG:  database system is shut down
