2024-08-01 11:49:55.533 CEST [1670414] LOG:  starting PostgreSQL 18devel on x86_64-pc-linux-gnu, compiled by gcc (Debian 12.2.0-14) 12.2.0, 64-bit
2024-08-01 11:49:55.533 CEST [1670414] LOG:  listening on IPv6 address "::1", port 5432
2024-08-01 11:49:55.533 CEST [1670414] LOG:  listening on IPv4 address "127.0.0.1", port 5432
2024-08-01 11:49:55.552 CEST [1670414] LOG:  listening on Unix socket "/tmp/.s.PGSQL.5432"
2024-08-01 11:49:55.554 CEST [1670417] LOG:  database system was shut down at 2024-08-01 11:49:54 CEST
2024-08-01 11:49:55.558 CEST [1670414] LOG:  database system is ready to accept connections
2024-08-01 11:50:07.383 CEST [1670415] LOG:  checkpoints are occurring too frequently (12 seconds apart)
2024-08-01 11:50:07.383 CEST [1670415] HINT:  Consider increasing the configuration parameter "max_wal_size".
2024-08-01 11:50:07.383 CEST [1670415] LOG:  checkpoint starting: wal
2024-08-01 11:50:20.147 CEST [1670415] LOG:  checkpoint complete: wrote 6830 buffers (2.6%); 0 WAL file(s) added, 3 removed, 30 recycled; write=11.199 s, sync=1.493 s, total=12.764 s; sync files=804, longest=0.091 s, average=0.002 s; distance=537539 kB, estimate=537539 kB; lsn=0/43C598C0, redo lsn=0/221DC058
2024-08-01 11:50:20.147 CEST [1670415] LOG:  checkpoints are occurring too frequently (13 seconds apart)
2024-08-01 11:50:20.147 CEST [1670415] HINT:  Consider increasing the configuration parameter "max_wal_size".
2024-08-01 11:50:20.147 CEST [1670415] LOG:  checkpoint starting: wal
2024-08-01 11:50:25.717 CEST [1670415] LOG:  checkpoint complete: wrote 51 buffers (0.0%); 0 WAL file(s) added, 0 removed, 33 recycled; write=5.020 s, sync=0.520 s, total=5.570 s; sync files=171, longest=0.058 s, average=0.004 s; distance=552241 kB, estimate=552241 kB; lsn=0/541069C8, redo lsn=0/43D286C0
2024-08-01 11:50:31.172 CEST [1670415] LOG:  checkpoints are occurring too frequently (11 seconds apart)
2024-08-01 11:50:31.172 CEST [1670415] HINT:  Consider increasing the configuration parameter "max_wal_size".
2024-08-01 11:50:31.172 CEST [1670415] LOG:  checkpoint starting: wal
2024-08-01 11:50:36.848 CEST [1670415] LOG:  checkpoint complete: wrote 50 buffers (0.0%); 0 WAL file(s) added, 0 removed, 33 recycled; write=4.919 s, sync=0.720 s, total=5.677 s; sync files=281, longest=0.011 s, average=0.003 s; distance=528407 kB, estimate=549858 kB; lsn=0/74B03A20, redo lsn=0/6412E5F8
2024-08-01 11:50:40.307 CEST [1670415] LOG:  checkpoint starting: immediate force wait
2024-08-01 11:50:40.566 CEST [1670415] LOG:  checkpoint complete: wrote 188 buffers (0.1%); 0 WAL file(s) added, 0 removed, 26 recycled; write=0.008 s, sync=0.226 s, total=0.259 s; sync files=123, longest=0.009 s, average=0.002 s; distance=425836 kB, estimate=537456 kB; lsn=0/7E109888, redo lsn=0/7E109830
2024-08-01 11:51:50.763 CEST [1670414] LOG:  received fast shutdown request
2024-08-01 11:51:50.764 CEST [1670414] LOG:  aborting any active transactions
2024-08-01 11:51:50.765 CEST [1670414] LOG:  background worker "logical replication launcher" (PID 1670420) exited with exit code 1
2024-08-01 11:51:50.767 CEST [1670415] LOG:  shutting down
2024-08-01 11:51:50.767 CEST [1670415] LOG:  checkpoint starting: shutdown immediate
2024-08-01 11:51:50.774 CEST [1670415] LOG:  checkpoint complete: wrote 53 buffers (0.0%); 0 WAL file(s) added, 0 removed, 0 recycled; write=0.005 s, sync=0.002 s, total=0.007 s; sync files=12, longest=0.001 s, average=0.001 s; distance=294 kB, estimate=483739 kB; lsn=0/7E153158, redo lsn=0/7E153158
2024-08-01 11:51:50.978 CEST [1670414] LOG:  database system is shut down
