2024-07-31 02:32:38.839 CEST [1764457] LOG:  starting PostgreSQL 18devel on x86_64-pc-linux-gnu, compiled by gcc (Debian 12.2.0-14) 12.2.0, 64-bit
2024-07-31 02:32:38.839 CEST [1764457] LOG:  listening on IPv6 address "::1", port 5432
2024-07-31 02:32:38.839 CEST [1764457] LOG:  listening on IPv4 address "127.0.0.1", port 5432
2024-07-31 02:32:38.841 CEST [1764457] LOG:  listening on Unix socket "/tmp/.s.PGSQL.5432"
2024-07-31 02:32:38.843 CEST [1764460] LOG:  database system was shut down at 2024-07-31 02:32:37 CEST
2024-07-31 02:32:38.847 CEST [1764457] LOG:  database system is ready to accept connections
2024-07-31 02:32:50.901 CEST [1764458] LOG:  checkpoints are occurring too frequently (12 seconds apart)
2024-07-31 02:32:50.901 CEST [1764458] HINT:  Consider increasing the configuration parameter "max_wal_size".
2024-07-31 02:32:50.901 CEST [1764458] LOG:  checkpoint starting: wal
2024-07-31 02:33:03.760 CEST [1764458] LOG:  checkpoint complete: wrote 6830 buffers (2.6%); 0 WAL file(s) added, 3 removed, 30 recycled; write=11.495 s, sync=1.296 s, total=12.860 s; sync files=803, longest=0.016 s, average=0.002 s; distance=537539 kB, estimate=537539 kB; lsn=0/43184DF0, redo lsn=0/221DC058
2024-07-31 02:33:03.760 CEST [1764458] LOG:  checkpoints are occurring too frequently (13 seconds apart)
2024-07-31 02:33:03.760 CEST [1764458] HINT:  Consider increasing the configuration parameter "max_wal_size".
2024-07-31 02:33:03.760 CEST [1764458] LOG:  checkpoint starting: wal
2024-07-31 02:33:09.034 CEST [1764458] LOG:  checkpoint complete: wrote 50 buffers (0.0%); 0 WAL file(s) added, 0 removed, 33 recycled; write=4.924 s, sync=0.325 s, total=5.274 s; sync files=155, longest=0.006 s, average=0.003 s; distance=540324 kB, estimate=540324 kB; lsn=0/5167BBF8, redo lsn=0/431853F0
2024-07-31 02:33:15.810 CEST [1764458] LOG:  checkpoints are occurring too frequently (12 seconds apart)
2024-07-31 02:33:15.810 CEST [1764458] HINT:  Consider increasing the configuration parameter "max_wal_size".
2024-07-31 02:33:15.810 CEST [1764458] LOG:  checkpoint starting: wal
2024-07-31 02:33:21.431 CEST [1764458] LOG:  checkpoint complete: wrote 50 buffers (0.0%); 0 WAL file(s) added, 0 removed, 33 recycled; write=4.923 s, sync=0.660 s, total=5.622 s; sync files=287, longest=0.010 s, average=0.003 s; distance=540328 kB, estimate=540328 kB; lsn=0/733BE2A0, redo lsn=0/6412F3F8
2024-07-31 02:33:25.800 CEST [1764458] LOG:  checkpoint starting: immediate force wait
2024-07-31 02:33:26.087 CEST [1764458] LOG:  checkpoint complete: wrote 188 buffers (0.1%); 0 WAL file(s) added, 0 removed, 26 recycled; write=0.008 s, sync=0.248 s, total=0.288 s; sync files=134, longest=0.003 s, average=0.002 s; distance=425836 kB, estimate=528878 kB; lsn=0/7E10A708, redo lsn=0/7E10A6B0
2024-07-31 02:34:36.290 CEST [1764457] LOG:  received fast shutdown request
2024-07-31 02:34:36.290 CEST [1764457] LOG:  aborting any active transactions
2024-07-31 02:34:36.291 CEST [1764457] LOG:  background worker "logical replication launcher" (PID 1764463) exited with exit code 1
2024-07-31 02:34:36.293 CEST [1764458] LOG:  shutting down
2024-07-31 02:34:36.294 CEST [1764458] LOG:  checkpoint starting: shutdown immediate
2024-07-31 02:34:36.301 CEST [1764458] LOG:  checkpoint complete: wrote 53 buffers (0.0%); 0 WAL file(s) added, 0 removed, 0 recycled; write=0.005 s, sync=0.002 s, total=0.008 s; sync files=12, longest=0.001 s, average=0.001 s; distance=294 kB, estimate=476020 kB; lsn=0/7E153F88, redo lsn=0/7E153F88
2024-07-31 02:34:36.496 CEST [1764457] LOG:  database system is shut down
