2024-07-30 14:11:45.183 CEST [2918687] LOG:  starting PostgreSQL 18devel on x86_64-pc-linux-gnu, compiled by gcc (Debian 12.2.0-14) 12.2.0, 64-bit
2024-07-30 14:11:45.184 CEST [2918687] LOG:  listening on IPv6 address "::1", port 5432
2024-07-30 14:11:45.184 CEST [2918687] LOG:  listening on IPv4 address "127.0.0.1", port 5432
2024-07-30 14:11:45.185 CEST [2918687] LOG:  listening on Unix socket "/tmp/.s.PGSQL.5432"
2024-07-30 14:11:45.187 CEST [2918690] LOG:  database system was shut down at 2024-07-30 14:11:43 CEST
2024-07-30 14:11:45.190 CEST [2918687] LOG:  database system is ready to accept connections
2024-07-30 14:11:56.877 CEST [2918688] LOG:  checkpoints are occurring too frequently (11 seconds apart)
2024-07-30 14:11:56.877 CEST [2918688] HINT:  Consider increasing the configuration parameter "max_wal_size".
2024-07-30 14:11:56.877 CEST [2918688] LOG:  checkpoint starting: wal
2024-07-30 14:12:09.082 CEST [2918688] LOG:  checkpoint complete: wrote 6830 buffers (2.6%); 0 WAL file(s) added, 3 removed, 30 recycled; write=10.711 s, sync=1.436 s, total=12.206 s; sync files=803, longest=0.020 s, average=0.002 s; distance=537539 kB, estimate=537539 kB; lsn=0/43946FC8, redo lsn=0/221DC058
2024-07-30 14:12:09.083 CEST [2918688] LOG:  checkpoints are occurring too frequently (13 seconds apart)
2024-07-30 14:12:09.083 CEST [2918688] HINT:  Consider increasing the configuration parameter "max_wal_size".
2024-07-30 14:12:09.083 CEST [2918688] LOG:  checkpoint starting: wal
2024-07-30 14:12:14.451 CEST [2918688] LOG:  checkpoint complete: wrote 50 buffers (0.0%); 0 WAL file(s) added, 0 removed, 33 recycled; write=4.924 s, sync=0.415 s, total=5.369 s; sync files=167, longest=0.011 s, average=0.003 s; distance=548269 kB, estimate=548269 kB; lsn=0/53394688, redo lsn=0/439475C8
2024-07-30 14:12:20.139 CEST [2918688] LOG:  checkpoints are occurring too frequently (11 seconds apart)
2024-07-30 14:12:20.139 CEST [2918688] HINT:  Consider increasing the configuration parameter "max_wal_size".
2024-07-30 14:12:20.139 CEST [2918688] LOG:  checkpoint starting: wal
2024-07-30 14:12:25.837 CEST [2918688] LOG:  checkpoint complete: wrote 50 buffers (0.0%); 0 WAL file(s) added, 0 removed, 33 recycled; write=4.922 s, sync=0.739 s, total=5.699 s; sync files=286, longest=0.014 s, average=0.003 s; distance=532386 kB, estimate=546681 kB; lsn=0/74EE5F60, redo lsn=0/6412FFC8
2024-07-30 14:12:29.258 CEST [2918688] LOG:  checkpoint starting: immediate force wait
2024-07-30 14:12:29.529 CEST [2918688] LOG:  checkpoint complete: wrote 188 buffers (0.1%); 0 WAL file(s) added, 0 removed, 26 recycled; write=0.008 s, sync=0.238 s, total=0.272 s; sync files=123, longest=0.007 s, average=0.002 s; distance=425836 kB, estimate=534596 kB; lsn=0/7E10B270, redo lsn=0/7E10B218
2024-07-30 14:13:39.757 CEST [2918687] LOG:  received fast shutdown request
2024-07-30 14:13:39.757 CEST [2918687] LOG:  aborting any active transactions
2024-07-30 14:13:39.758 CEST [2918687] LOG:  background worker "logical replication launcher" (PID 2918693) exited with exit code 1
2024-07-30 14:13:39.760 CEST [2918688] LOG:  shutting down
2024-07-30 14:13:39.761 CEST [2918688] LOG:  checkpoint starting: shutdown immediate
2024-07-30 14:13:39.767 CEST [2918688] LOG:  checkpoint complete: wrote 53 buffers (0.0%); 0 WAL file(s) added, 0 removed, 0 recycled; write=0.005 s, sync=0.002 s, total=0.008 s; sync files=12, longest=0.001 s, average=0.001 s; distance=294 kB, estimate=481166 kB; lsn=0/7E154B08, redo lsn=0/7E154B08
2024-07-30 14:13:39.953 CEST [2918687] LOG:  database system is shut down
