2024-07-31 11:01:17.237 CEST [2950628] LOG:  starting PostgreSQL 18devel on x86_64-pc-linux-gnu, compiled by gcc (Debian 12.2.0-14) 12.2.0, 64-bit
2024-07-31 11:01:17.238 CEST [2950628] LOG:  listening on IPv6 address "::1", port 5432
2024-07-31 11:01:17.238 CEST [2950628] LOG:  listening on IPv4 address "127.0.0.1", port 5432
2024-07-31 11:01:17.240 CEST [2950628] LOG:  listening on Unix socket "/tmp/.s.PGSQL.5432"
2024-07-31 11:01:17.242 CEST [2950631] LOG:  database system was shut down at 2024-07-31 11:01:16 CEST
2024-07-31 11:01:17.246 CEST [2950628] LOG:  database system is ready to accept connections
2024-07-31 11:01:27.431 CEST [2950629] LOG:  checkpoints are occurring too frequently (10 seconds apart)
2024-07-31 11:01:27.431 CEST [2950629] HINT:  Consider increasing the configuration parameter "max_wal_size".
2024-07-31 11:01:27.431 CEST [2950629] LOG:  checkpoint starting: wal
2024-07-31 11:01:36.149 CEST [2950629] LOG:  checkpoint complete: wrote 31706 buffers (12.1%); 0 WAL file(s) added, 1 removed, 32 recycled; write=8.370 s, sync=0.259 s, total=8.719 s; sync files=309, longest=0.112 s, average=0.001 s; distance=551053 kB, estimate=551053 kB; lsn=0/418138A0, redo lsn=0/22F0EB30
2024-07-31 11:01:36.548 CEST [2950629] LOG:  checkpoints are occurring too frequently (9 seconds apart)
2024-07-31 11:01:36.548 CEST [2950629] HINT:  Consider increasing the configuration parameter "max_wal_size".
2024-07-31 11:01:36.548 CEST [2950629] LOG:  checkpoint starting: wal
2024-07-31 11:01:45.069 CEST [2950629] LOG:  checkpoint complete: wrote 29897 buffers (11.4%); 0 WAL file(s) added, 2 removed, 31 recycled; write=8.054 s, sync=0.382 s, total=8.521 s; sync files=5, longest=0.215 s, average=0.077 s; distance=531653 kB, estimate=549113 kB; lsn=0/6301AE68, redo lsn=0/43640090
2024-07-31 11:01:45.231 CEST [2950629] LOG:  checkpoints are occurring too frequently (9 seconds apart)
2024-07-31 11:01:45.231 CEST [2950629] HINT:  Consider increasing the configuration parameter "max_wal_size".
2024-07-31 11:01:45.232 CEST [2950629] LOG:  checkpoint starting: wal
2024-07-31 11:01:53.346 CEST [2950629] LOG:  checkpoint complete: wrote 28327 buffers (10.8%); 0 WAL file(s) added, 0 removed, 33 recycled; write=7.602 s, sync=0.475 s, total=8.115 s; sync files=386, longest=0.186 s, average=0.002 s; distance=545920 kB, estimate=548794 kB; lsn=0/7937B980, redo lsn=0/64B60460
2024-07-31 11:01:53.346 CEST [2950629] LOG:  checkpoint starting: immediate force wait
2024-07-31 11:01:53.771 CEST [2950629] LOG:  checkpoint complete: wrote 44982 buffers (17.2%); 0 WAL file(s) added, 0 removed, 21 recycled; write=0.370 s, sync=0.023 s, total=0.425 s; sync files=154, longest=0.002 s, average=0.001 s; distance=335981 kB, estimate=527513 kB; lsn=0/7937BA50, redo lsn=0/7937B9F8
2024-07-31 11:03:04.015 CEST [2950628] LOG:  received fast shutdown request
2024-07-31 11:03:04.016 CEST [2950628] LOG:  aborting any active transactions
2024-07-31 11:03:04.017 CEST [2950628] LOG:  background worker "logical replication launcher" (PID 2950634) exited with exit code 1
2024-07-31 11:03:04.019 CEST [2950629] LOG:  shutting down
2024-07-31 11:03:04.019 CEST [2950629] LOG:  checkpoint starting: shutdown immediate
2024-07-31 11:03:04.030 CEST [2950629] LOG:  checkpoint complete: wrote 53 buffers (0.0%); 0 WAL file(s) added, 0 removed, 0 recycled; write=0.005 s, sync=0.003 s, total=0.012 s; sync files=12, longest=0.002 s, average=0.001 s; distance=260 kB, estimate=474787 kB; lsn=0/793BCC18, redo lsn=0/793BCC18
2024-07-31 11:03:04.289 CEST [2950628] LOG:  database system is shut down
