2024-07-31 06:16:57.742 CEST [3056417] LOG:  starting PostgreSQL 18devel on x86_64-pc-linux-gnu, compiled by gcc (Debian 12.2.0-14) 12.2.0, 64-bit
2024-07-31 06:16:57.742 CEST [3056417] LOG:  listening on IPv6 address "::1", port 5432
2024-07-31 06:16:57.742 CEST [3056417] LOG:  listening on IPv4 address "127.0.0.1", port 5432
2024-07-31 06:16:57.743 CEST [3056417] LOG:  listening on Unix socket "/tmp/.s.PGSQL.5432"
2024-07-31 06:16:57.747 CEST [3056420] LOG:  database system was shut down at 2024-07-31 06:16:56 CEST
2024-07-31 06:16:57.750 CEST [3056417] LOG:  database system is ready to accept connections
2024-07-31 06:17:06.145 CEST [3056418] LOG:  checkpoints are occurring too frequently (9 seconds apart)
2024-07-31 06:17:06.145 CEST [3056418] HINT:  Consider increasing the configuration parameter "max_wal_size".
2024-07-31 06:17:06.145 CEST [3056418] LOG:  checkpoint starting: wal
2024-07-31 06:17:13.485 CEST [3056418] LOG:  checkpoint complete: wrote 55259 buffers (21.1%); 0 WAL file(s) added, 1 removed, 32 recycled; write=6.627 s, sync=0.632 s, total=7.341 s; sync files=707, longest=0.401 s, average=0.001 s; distance=547856 kB, estimate=547856 kB; lsn=0/41B266A0, redo lsn=0/22BEF820
2024-07-31 06:17:13.679 CEST [3056418] LOG:  checkpoints are occurring too frequently (7 seconds apart)
2024-07-31 06:17:13.679 CEST [3056418] HINT:  Consider increasing the configuration parameter "max_wal_size".
2024-07-31 06:17:13.682 CEST [3056418] LOG:  checkpoint starting: wal
2024-07-31 06:17:19.942 CEST [3056418] LOG:  checkpoint complete: wrote 59593 buffers (22.7%); 0 WAL file(s) added, 1 removed, 32 recycled; write=5.821 s, sync=0.352 s, total=6.263 s; sync files=4, longest=0.189 s, average=0.088 s; distance=530562 kB, estimate=546127 kB; lsn=0/622BC710, redo lsn=0/43210090
2024-07-31 06:17:20.359 CEST [3056418] LOG:  checkpoints are occurring too frequently (7 seconds apart)
2024-07-31 06:17:20.359 CEST [3056418] HINT:  Consider increasing the configuration parameter "max_wal_size".
2024-07-31 06:17:20.361 CEST [3056418] LOG:  checkpoint starting: wal
2024-07-31 06:17:26.465 CEST [3056418] LOG:  checkpoint complete: wrote 61419 buffers (23.4%); 0 WAL file(s) added, 0 removed, 33 recycled; write=5.708 s, sync=0.338 s, total=6.106 s; sync files=4, longest=0.323 s, average=0.085 s; distance=546704 kB, estimate=546704 kB; lsn=0/82D8E6B8, redo lsn=0/647F40A0
2024-07-31 06:17:26.883 CEST [3056418] LOG:  checkpoints are occurring too frequently (6 seconds apart)
2024-07-31 06:17:26.883 CEST [3056418] HINT:  Consider increasing the configuration parameter "max_wal_size".
2024-07-31 06:17:26.885 CEST [3056418] LOG:  checkpoint starting: wal
2024-07-31 06:17:33.006 CEST [3056418] LOG:  checkpoint complete: wrote 60485 buffers (23.1%); 0 WAL file(s) added, 1 removed, 32 recycled; write=5.725 s, sync=0.330 s, total=6.123 s; sync files=4, longest=0.265 s, average=0.083 s; distance=538448 kB, estimate=545878 kB; lsn=0/A4929120, redo lsn=0/855C80C0
2024-07-31 06:17:33.378 CEST [3056418] LOG:  checkpoints are occurring too frequently (7 seconds apart)
2024-07-31 06:17:33.378 CEST [3056418] HINT:  Consider increasing the configuration parameter "max_wal_size".
2024-07-31 06:17:33.378 CEST [3056418] LOG:  checkpoint starting: wal
2024-07-31 06:17:39.439 CEST [3056418] LOG:  checkpoint complete: wrote 61854 buffers (23.6%); 0 WAL file(s) added, 1 removed, 33 recycled; write=5.662 s, sync=0.316 s, total=6.062 s; sync files=4, longest=0.304 s, average=0.079 s; distance=551166 kB, estimate=551166 kB; lsn=0/C5F18CB0, redo lsn=0/A7007BD8
2024-07-31 06:17:39.852 CEST [3056418] LOG:  checkpoints are occurring too frequently (6 seconds apart)
2024-07-31 06:17:39.852 CEST [3056418] HINT:  Consider increasing the configuration parameter "max_wal_size".
2024-07-31 06:17:39.853 CEST [3056418] LOG:  checkpoint starting: wal
2024-07-31 06:17:46.003 CEST [3056418] LOG:  checkpoint complete: wrote 61644 buffers (23.5%); 0 WAL file(s) added, 1 removed, 32 recycled; write=5.736 s, sync=0.353 s, total=6.152 s; sync files=3, longest=0.350 s, average=0.118 s; distance=548746 kB, estimate=550924 kB; lsn=0/E701C060, redo lsn=0/C87EA7C0
2024-07-31 06:17:46.380 CEST [3056418] LOG:  checkpoints are occurring too frequently (7 seconds apart)
2024-07-31 06:17:46.380 CEST [3056418] HINT:  Consider increasing the configuration parameter "max_wal_size".
2024-07-31 06:17:46.382 CEST [3056418] LOG:  checkpoint starting: wal
2024-07-31 06:17:52.477 CEST [3056418] LOG:  checkpoint complete: wrote 60307 buffers (23.0%); 0 WAL file(s) added, 1 removed, 32 recycled; write=5.554 s, sync=0.472 s, total=6.098 s; sync files=4, longest=0.453 s, average=0.118 s; distance=536862 kB, estimate=549518 kB; lsn=1/81254D8, redo lsn=0/E9432200
2024-07-31 06:17:52.883 CEST [3056418] LOG:  checkpoints are occurring too frequently (6 seconds apart)
2024-07-31 06:17:52.883 CEST [3056418] HINT:  Consider increasing the configuration parameter "max_wal_size".
2024-07-31 06:17:52.884 CEST [3056418] LOG:  checkpoint starting: wal
2024-07-31 06:17:58.988 CEST [3056418] LOG:  checkpoint complete: wrote 61267 buffers (23.4%); 0 WAL file(s) added, 0 removed, 33 recycled; write=5.734 s, sync=0.323 s, total=6.105 s; sync files=4, longest=0.321 s, average=0.081 s; distance=545321 kB, estimate=549098 kB; lsn=1/28C0B7F0, redo lsn=1/A8BC728
2024-07-31 06:17:59.402 CEST [3056418] LOG:  checkpoints are occurring too frequently (7 seconds apart)
2024-07-31 06:17:59.402 CEST [3056418] HINT:  Consider increasing the configuration parameter "max_wal_size".
2024-07-31 06:17:59.405 CEST [3056418] LOG:  checkpoint starting: wal
2024-07-31 06:18:11.999 CEST [3056418] LOG:  checkpoint complete: wrote 59844 buffers (22.8%); 0 WAL file(s) added, 1 removed, 32 recycled; write=9.602 s, sync=2.953 s, total=12.598 s; sync files=8, longest=1.137 s, average=0.370 s; distance=533383 kB, estimate=547527 kB; lsn=1/4A1140F0, redo lsn=1/2B19E5C0
2024-07-31 06:18:13.815 CEST [3056418] LOG:  checkpoints are occurring too frequently (14 seconds apart)
2024-07-31 06:18:13.815 CEST [3056418] HINT:  Consider increasing the configuration parameter "max_wal_size".
2024-07-31 06:18:13.816 CEST [3056418] LOG:  checkpoint starting: wal
2024-07-31 06:18:46.891 CEST [3056418] LOG:  checkpoint complete: wrote 249397 buffers (95.1%); 0 WAL file(s) added, 1 removed, 32 recycled; write=32.047 s, sync=0.987 s, total=33.076 s; sync files=32, longest=0.133 s, average=0.031 s; distance=553459 kB, estimate=553459 kB; lsn=1/6BBFF4C0, redo lsn=1/4CE1B430
2024-07-31 06:18:49.804 CEST [3056418] LOG:  checkpoint starting: wal
2024-07-31 06:18:55.877 CEST [3056418] LOG:  checkpoint complete: wrote 60 buffers (0.0%); 0 WAL file(s) added, 0 removed, 33 recycled; write=5.921 s, sync=0.120 s, total=6.076 s; sync files=28, longest=0.111 s, average=0.005 s; distance=531214 kB, estimate=551235 kB; lsn=1/733BDA08, redo lsn=1/6D4DED48
2024-07-31 06:18:57.791 CEST [3056475] LOG:  skipping vacuum of "t" --- lock not available
2024-07-31 06:19:26.812 CEST [3056418] LOG:  checkpoint starting: wal
2024-07-31 06:19:57.811 CEST [3056496] LOG:  skipping vacuum of "t" --- lock not available
2024-07-31 06:19:59.478 CEST [3056418] LOG:  checkpoint complete: wrote 755 buffers (0.3%); 0 WAL file(s) added, 0 removed, 33 recycled; write=31.935 s, sync=0.707 s, total=32.667 s; sync files=342, longest=0.134 s, average=0.003 s; distance=545398 kB, estimate=550651 kB; lsn=1/AB766060, redo lsn=1/8E97C8D0
2024-07-31 06:20:00.764 CEST [3056418] LOG:  checkpoint starting: wal
2024-07-31 06:20:10.633 CEST [3056418] LOG:  checkpoint complete: wrote 96 buffers (0.0%); 0 WAL file(s) added, 0 removed, 33 recycled; write=9.529 s, sync=0.300 s, total=9.869 s; sync files=30, longest=0.103 s, average=0.010 s; distance=534278 kB, estimate=549014 kB; lsn=1/B6AFF588, redo lsn=1/AF33E0D0
2024-07-31 06:20:39.353 CEST [3056418] LOG:  checkpoint starting: wal
2024-07-31 06:20:41.906 CEST [3056418] LOG:  checkpoint complete: wrote 20 buffers (0.0%); 0 WAL file(s) added, 0 removed, 33 recycled; write=1.911 s, sync=0.610 s, total=2.556 s; sync files=24, longest=0.110 s, average=0.026 s; distance=540401 kB, estimate=548152 kB; lsn=1/D0DFF548, redo lsn=1/D02FA830
2024-07-31 06:20:57.830 CEST [3056514] LOG:  skipping vacuum of "t" --- lock not available
2024-07-31 06:21:18.257 CEST [3056418] LOG:  checkpoint starting: wal
2024-07-31 06:21:20.866 CEST [3056418] LOG:  checkpoint complete: wrote 20 buffers (0.0%); 0 WAL file(s) added, 0 removed, 33 recycled; write=1.912 s, sync=0.668 s, total=2.612 s; sync files=26, longest=0.099 s, average=0.026 s; distance=545478 kB, estimate=547885 kB; lsn=1/F28B3540, redo lsn=1/F17AC120
2024-07-31 06:21:57.849 CEST [3056530] LOG:  skipping vacuum of "t" --- lock not available
2024-07-31 06:21:58.078 CEST [3056418] LOG:  checkpoint starting: wal
2024-07-31 06:22:00.505 CEST [3056418] LOG:  checkpoint complete: wrote 19 buffers (0.0%); 0 WAL file(s) added, 0 removed, 33 recycled; write=1.812 s, sync=0.583 s, total=2.429 s; sync files=26, longest=0.114 s, average=0.023 s; distance=539995 kB, estimate=547096 kB; lsn=2/143689E8, redo lsn=2/12702D88
2024-07-31 06:22:38.424 CEST [3056418] LOG:  checkpoint starting: wal
2024-07-31 06:22:40.672 CEST [3056418] LOG:  checkpoint complete: wrote 17 buffers (0.0%); 0 WAL file(s) added, 0 removed, 33 recycled; write=1.611 s, sync=0.610 s, total=2.251 s; sync files=26, longest=0.109 s, average=0.024 s; distance=541287 kB, estimate=546515 kB; lsn=2/35E14148, redo lsn=2/3379CA18
2024-07-31 06:22:57.869 CEST [3056547] LOG:  skipping vacuum of "t" --- lock not available
2024-07-31 06:23:19.617 CEST [3056418] LOG:  checkpoint starting: wal
2024-07-31 06:23:21.764 CEST [3056418] LOG:  checkpoint complete: wrote 16 buffers (0.0%); 0 WAL file(s) added, 0 removed, 33 recycled; write=1.513 s, sync=0.603 s, total=2.148 s; sync files=25, longest=0.108 s, average=0.025 s; distance=537985 kB, estimate=545662 kB; lsn=2/578BF1D0, redo lsn=2/544FD070
2024-07-31 06:23:57.888 CEST [3056562] LOG:  skipping vacuum of "t" --- lock not available
2024-07-31 06:23:58.063 CEST [3056418] LOG:  checkpoint starting: wal
2024-07-31 06:24:00.547 CEST [3056418] LOG:  checkpoint complete: wrote 18 buffers (0.0%); 0 WAL file(s) added, 0 removed, 33 recycled; write=1.712 s, sync=0.730 s, total=2.484 s; sync files=23, longest=0.136 s, average=0.032 s; distance=543258 kB, estimate=545422 kB; lsn=2/75794678, redo lsn=2/75783B98
2024-07-31 06:24:40.807 CEST [3056418] LOG:  checkpoint starting: wal
2024-07-31 06:24:42.703 CEST [3056418] LOG:  checkpoint complete: wrote 14 buffers (0.0%); 0 WAL file(s) added, 0 removed, 33 recycled; write=1.310 s, sync=0.553 s, total=1.900 s; sync files=24, longest=0.116 s, average=0.024 s; distance=537084 kB, estimate=544588 kB; lsn=2/972418E8, redo lsn=2/96402E80
2024-07-31 06:24:57.908 CEST [3056578] LOG:  skipping vacuum of "t" --- lock not available
2024-07-31 06:25:24.526 CEST [3056418] LOG:  checkpoint starting: wal
2024-07-31 06:25:27.181 CEST [3056418] LOG:  checkpoint complete: wrote 23 buffers (0.0%); 0 WAL file(s) added, 0 removed, 33 recycled; write=2.212 s, sync=0.413 s, total=2.658 s; sync files=27, longest=0.108 s, average=0.016 s; distance=538045 kB, estimate=543934 kB; lsn=2/B8CFD738, redo lsn=2/B71722F0
2024-07-31 06:25:32.915 CEST [3056418] LOG:  checkpoints are occurring too frequently (8 seconds apart)
2024-07-31 06:25:32.915 CEST [3056418] HINT:  Consider increasing the configuration parameter "max_wal_size".
2024-07-31 06:25:32.915 CEST [3056418] LOG:  checkpoint starting: wal
2024-07-31 06:25:36.468 CEST [3056418] LOG:  checkpoint complete: wrote 26 buffers (0.0%); 0 WAL file(s) added, 0 removed, 33 recycled; write=2.513 s, sync=0.994 s, total=3.553 s; sync files=17, longest=0.909 s, average=0.059 s; distance=555473 kB, estimate=555473 kB; lsn=2/F3B60EF0, redo lsn=2/D8FE6860
2024-07-31 06:25:37.091 CEST [3056418] LOG:  checkpoints are occurring too frequently (5 seconds apart)
2024-07-31 06:25:37.091 CEST [3056418] HINT:  Consider increasing the configuration parameter "max_wal_size".
2024-07-31 06:25:37.091 CEST [3056418] LOG:  checkpoint starting: wal
2024-07-31 06:25:37.150 CEST [3056418] LOG:  checkpoint complete: wrote 0 buffers (0.0%); 0 WAL file(s) added, 0 removed, 34 recycled; write=0.005 s, sync=0.001 s, total=0.060 s; sync files=0, longest=0.000 s, average=0.000 s; distance=540807 kB, estimate=554006 kB; lsn=2/FA2B0288, redo lsn=2/FA008680
2024-07-31 06:25:40.703 CEST [3056418] LOG:  checkpoints are occurring too frequently (3 seconds apart)
2024-07-31 06:25:40.703 CEST [3056418] HINT:  Consider increasing the configuration parameter "max_wal_size".
2024-07-31 06:25:40.704 CEST [3056418] LOG:  checkpoint starting: wal
2024-07-31 06:25:40.771 CEST [3056418] LOG:  checkpoint complete: wrote 0 buffers (0.0%); 0 WAL file(s) added, 0 removed, 33 recycled; write=0.006 s, sync=0.001 s, total=0.069 s; sync files=0, longest=0.000 s, average=0.000 s; distance=552424 kB, estimate=553848 kB; lsn=3/1BF5F3C8, redo lsn=3/1BB82868
2024-07-31 06:25:44.284 CEST [3056418] LOG:  checkpoints are occurring too frequently (4 seconds apart)
2024-07-31 06:25:44.284 CEST [3056418] HINT:  Consider increasing the configuration parameter "max_wal_size".
2024-07-31 06:25:44.284 CEST [3056418] LOG:  checkpoint starting: wal
2024-07-31 06:25:44.353 CEST [3056418] LOG:  checkpoint complete: wrote 0 buffers (0.0%); 0 WAL file(s) added, 0 removed, 33 recycled; write=0.006 s, sync=0.001 s, total=0.069 s; sync files=0, longest=0.000 s, average=0.000 s; distance=545256 kB, estimate=552989 kB; lsn=3/3D35DCB8, redo lsn=3/3CFFCAA8
2024-07-31 06:25:47.839 CEST [3056418] LOG:  checkpoints are occurring too frequently (3 seconds apart)
2024-07-31 06:25:47.839 CEST [3056418] HINT:  Consider increasing the configuration parameter "max_wal_size".
2024-07-31 06:25:47.839 CEST [3056418] LOG:  checkpoint starting: wal
2024-07-31 06:25:47.920 CEST [3056418] LOG:  checkpoint complete: wrote 0 buffers (0.0%); 0 WAL file(s) added, 0 removed, 34 recycled; write=0.006 s, sync=0.001 s, total=0.081 s; sync files=0, longest=0.000 s, average=0.000 s; distance=540807 kB, estimate=551771 kB; lsn=3/5E3BD778, redo lsn=3/5E01E8C8
2024-07-31 06:25:51.532 CEST [3056418] LOG:  checkpoints are occurring too frequently (4 seconds apart)
2024-07-31 06:25:51.532 CEST [3056418] HINT:  Consider increasing the configuration parameter "max_wal_size".
2024-07-31 06:25:51.532 CEST [3056418] LOG:  checkpoint starting: wal
2024-07-31 06:25:51.598 CEST [3056418] LOG:  checkpoint complete: wrote 0 buffers (0.0%); 0 WAL file(s) added, 0 removed, 34 recycled; write=0.007 s, sync=0.001 s, total=0.067 s; sync files=0, longest=0.000 s, average=0.000 s; distance=557120 kB, estimate=557120 kB; lsn=3/803CDAC0, redo lsn=3/8002EC10
2024-07-31 06:25:55.214 CEST [3056418] LOG:  checkpoints are occurring too frequently (4 seconds apart)
2024-07-31 06:25:55.214 CEST [3056418] HINT:  Consider increasing the configuration parameter "max_wal_size".
2024-07-31 06:25:55.214 CEST [3056418] LOG:  checkpoint starting: wal
2024-07-31 06:25:55.283 CEST [3056418] LOG:  checkpoint complete: wrote 0 buffers (0.0%); 0 WAL file(s) added, 0 removed, 34 recycled; write=0.006 s, sync=0.001 s, total=0.069 s; sync files=0, longest=0.000 s, average=0.000 s; distance=556873 kB, estimate=557096 kB; lsn=3/A2362450, redo lsn=3/A2001238
2024-07-31 06:25:57.927 CEST [3056649] LOG:  skipping vacuum of "t" --- lock not available
2024-07-31 06:26:05.001 CEST [3056418] LOG:  checkpoints are occurring too frequently (9 seconds apart)
2024-07-31 06:26:05.001 CEST [3056418] HINT:  Consider increasing the configuration parameter "max_wal_size".
2024-07-31 06:26:05.001 CEST [3056418] LOG:  checkpoint starting: wal
2024-07-31 06:26:06.151 CEST [3056418] LOG:  checkpoint complete: wrote 9 buffers (0.0%); 0 WAL file(s) added, 0 removed, 34 recycled; write=0.908 s, sync=0.196 s, total=1.150 s; sync files=6, longest=0.194 s, average=0.033 s; distance=557230 kB, estimate=557230 kB; lsn=3/CB6E6230, redo lsn=3/C402CC90
2024-07-31 06:26:30.310 CEST [3056418] LOG:  checkpoints are occurring too frequently (26 seconds apart)
2024-07-31 06:26:30.310 CEST [3056418] HINT:  Consider increasing the configuration parameter "max_wal_size".
2024-07-31 06:26:30.310 CEST [3056418] LOG:  checkpoint starting: wal
2024-07-31 06:26:31.355 CEST [3056418] LOG:  checkpoint complete: wrote 5 buffers (0.0%); 0 WAL file(s) added, 0 removed, 33 recycled; write=0.509 s, sync=0.506 s, total=1.046 s; sync files=11, longest=0.098 s, average=0.046 s; distance=540889 kB, estimate=555596 kB; lsn=3/E5063570, redo lsn=3/E5063480
2024-07-31 06:26:57.947 CEST [3056666] LOG:  skipping vacuum of "t" --- lock not available
2024-07-31 06:27:07.017 CEST [3056418] LOG:  checkpoint starting: wal
2024-07-31 06:27:08.664 CEST [3056418] LOG:  checkpoint complete: wrote 9 buffers (0.0%); 0 WAL file(s) added, 0 removed, 33 recycled; write=0.917 s, sync=0.698 s, total=1.647 s; sync files=16, longest=0.096 s, average=0.044 s; distance=551556 kB, estimate=555192 kB; lsn=4/6B047B0, redo lsn=4/6B04650
2024-07-31 06:27:44.517 CEST [3056418] LOG:  checkpoint starting: wal
2024-07-31 06:27:46.106 CEST [3056418] LOG:  checkpoint complete: wrote 9 buffers (0.0%); 0 WAL file(s) added, 0 removed, 33 recycled; write=0.918 s, sync=0.634 s, total=1.592 s; sync files=15, longest=0.103 s, average=0.043 s; distance=538136 kB, estimate=553486 kB; lsn=4/285AB780, redo lsn=4/2788A8C8
2024-07-31 06:27:57.967 CEST [3056684] LOG:  skipping vacuum of "t" --- lock not available
2024-07-31 06:28:23.174 CEST [3056418] LOG:  checkpoint starting: wal
2024-07-31 06:28:24.794 CEST [3056418] LOG:  checkpoint complete: wrote 9 buffers (0.0%); 0 WAL file(s) added, 0 removed, 33 recycled; write=0.910 s, sync=0.674 s, total=1.623 s; sync files=15, longest=0.129 s, average=0.045 s; distance=537070 kB, estimate=551845 kB; lsn=4/4A04E468, redo lsn=4/48506128
2024-07-31 06:28:57.986 CEST [3056700] LOG:  skipping vacuum of "t" --- lock not available
2024-07-31 06:29:02.378 CEST [3056418] LOG:  checkpoint starting: wal
2024-07-31 06:29:04.189 CEST [3056418] LOG:  checkpoint complete: wrote 12 buffers (0.0%); 0 WAL file(s) added, 0 removed, 33 recycled; write=1.226 s, sync=0.558 s, total=1.815 s; sync files=15, longest=0.102 s, average=0.038 s; distance=539920 kB, estimate=550652 kB; lsn=4/6BAEFE90, redo lsn=4/6944A320
2024-07-31 06:29:42.464 CEST [3056418] LOG:  checkpoint starting: wal
2024-07-31 06:29:44.248 CEST [3056418] LOG:  checkpoint complete: wrote 11 buffers (0.0%); 0 WAL file(s) added, 0 removed, 33 recycled; write=1.118 s, sync=0.636 s, total=1.784 s; sync files=15, longest=0.109 s, average=0.043 s; distance=541237 kB, estimate=549711 kB; lsn=4/8D591BD8, redo lsn=4/8A4D7908
2024-07-31 06:29:58.006 CEST [3056717] LOG:  skipping vacuum of "t" --- lock not available
2024-07-31 06:30:19.492 CEST [3056418] LOG:  checkpoint starting: wal
2024-07-31 06:30:21.450 CEST [3056418] LOG:  checkpoint complete: wrote 12 buffers (0.0%); 0 WAL file(s) added, 0 removed, 33 recycled; write=1.267 s, sync=0.659 s, total=1.958 s; sync files=15, longest=0.106 s, average=0.044 s; distance=540141 kB, estimate=548754 kB; lsn=4/AB453178, redo lsn=4/AB452E08
2024-07-31 06:30:58.025 CEST [3056791] LOG:  skipping vacuum of "t" --- lock not available
2024-07-31 06:31:01.076 CEST [3056418] LOG:  checkpoint starting: wal
2024-07-31 06:31:02.266 CEST [3056418] LOG:  checkpoint complete: wrote 6 buffers (0.0%); 0 WAL file(s) added, 0 removed, 33 recycled; write=0.620 s, sync=0.539 s, total=1.191 s; sync files=15, longest=0.098 s, average=0.036 s; distance=551313 kB, estimate=551313 kB; lsn=4/CCEFB220, redo lsn=4/CCEB7278
2024-07-31 06:31:43.620 CEST [3056418] LOG:  checkpoint starting: wal
2024-07-31 06:31:44.927 CEST [3056418] LOG:  checkpoint complete: wrote 7 buffers (0.0%); 0 WAL file(s) added, 0 removed, 33 recycled; write=0.725 s, sync=0.552 s, total=1.308 s; sync files=15, longest=0.097 s, average=0.037 s; distance=538609 kB, estimate=550042 kB; lsn=4/EE99EFA8, redo lsn=4/EDCB3738
2024-07-31 06:31:58.045 CEST [3056806] LOG:  skipping vacuum of "t" --- lock not available
2024-07-31 06:32:26.807 CEST [3056418] LOG:  checkpoint starting: wal
2024-07-31 06:32:28.039 CEST [3056418] LOG:  checkpoint complete: wrote 6 buffers (0.0%); 0 WAL file(s) added, 0 removed, 33 recycled; write=0.615 s, sync=0.587 s, total=1.234 s; sync files=15, longest=0.117 s, average=0.040 s; distance=536410 kB, estimate=548679 kB; lsn=5/10441298, redo lsn=5/E88A100
2024-07-31 06:32:58.064 CEST [3056822] LOG:  skipping vacuum of "t" --- lock not available
2024-07-31 06:33:11.175 CEST [3056418] LOG:  checkpoint starting: wal
2024-07-31 06:33:12.479 CEST [3056418] LOG:  checkpoint complete: wrote 7 buffers (0.0%); 0 WAL file(s) added, 0 removed, 34 recycled; write=0.709 s, sync=0.566 s, total=1.305 s; sync files=15, longest=0.101 s, average=0.038 s; distance=548487 kB, estimate=548660 kB; lsn=5/31EE2B18, redo lsn=5/3002C080
2024-07-31 06:33:45.255 CEST [3056418] LOG:  checkpoint starting: immediate force wait
2024-07-31 06:33:50.774 CEST [3056418] LOG:  checkpoint complete: wrote 12305 buffers (4.7%); 0 WAL file(s) added, 0 removed, 26 recycled; write=0.173 s, sync=5.309 s, total=5.520 s; sync files=781, longest=1.159 s, average=0.007 s; distance=437245 kB, estimate=537518 kB; lsn=5/4AB2B7F0, redo lsn=5/4AB2B798
2024-07-31 06:35:02.467 CEST [3056417] LOG:  received fast shutdown request
2024-07-31 06:35:02.468 CEST [3056417] LOG:  aborting any active transactions
2024-07-31 06:35:02.468 CEST [3056417] LOG:  background worker "logical replication launcher" (PID 3056423) exited with exit code 1
2024-07-31 06:35:02.471 CEST [3056418] LOG:  shutting down
2024-07-31 06:35:02.471 CEST [3056418] LOG:  checkpoint starting: shutdown immediate
2024-07-31 06:35:02.477 CEST [3056418] LOG:  checkpoint complete: wrote 65 buffers (0.0%); 0 WAL file(s) added, 0 removed, 0 recycled; write=0.005 s, sync=0.001 s, total=0.007 s; sync files=5, longest=0.001 s, average=0.001 s; distance=202 kB, estimate=483787 kB; lsn=5/4AB5E020, redo lsn=5/4AB5E020
2024-07-31 06:35:02.984 CEST [3056417] LOG:  database system is shut down
