2024-08-01 12:20:34.626 BST [1948] LOG:  starting PostgreSQL 18devel on armv8l-unknown-linux-gnueabihf, compiled by gcc (Raspbian 12.2.0-14+rpi1) 12.2.0, 32-bit
2024-08-01 12:20:34.626 BST [1948] LOG:  listening on IPv6 address "::1", port 5432
2024-08-01 12:20:34.626 BST [1948] LOG:  listening on IPv4 address "127.0.0.1", port 5432
2024-08-01 12:20:34.644 BST [1948] LOG:  listening on Unix socket "/tmp/.s.PGSQL.5432"
2024-08-01 12:20:34.648 BST [1951] LOG:  database system was shut down at 2024-08-01 12:20:32 BST
2024-08-01 12:20:34.655 BST [1948] LOG:  database system is ready to accept connections
2024-08-01 12:20:48.266 BST [1949] LOG:  checkpoints are occurring too frequently (14 seconds apart)
2024-08-01 12:20:48.266 BST [1949] HINT:  Consider increasing the configuration parameter "max_wal_size".
2024-08-01 12:20:48.266 BST [1949] LOG:  checkpoint starting: wal
2024-08-01 12:21:39.598 BST [1949] LOG:  checkpoint complete: wrote 60435 buffers (46.1%); 0 WAL file(s) added, 0 removed, 33 recycled; write=49.465 s, sync=1.667 s, total=51.333 s; sync files=787, longest=0.065 s, average=0.003 s; distance=537502 kB, estimate=537502 kB; lsn=0/40CC1940, redo lsn=0/221CD788
2024-08-01 12:21:43.294 BST [1949] LOG:  checkpoint starting: wal
2024-08-01 12:21:46.520 BST [1949] LOG:  checkpoint complete: wrote 28 buffers (0.0%); 0 WAL file(s) added, 0 removed, 33 recycled; write=2.734 s, sync=0.359 s, total=3.226 s; sync files=30, longest=0.102 s, average=0.012 s; distance=539514 kB, estimate=539514 kB; lsn=0/448AF930, redo lsn=0/430AC280
2024-08-01 12:21:58.181 BST [1949] LOG:  checkpoints are occurring too frequently (15 seconds apart)
2024-08-01 12:21:58.181 BST [1949] HINT:  Consider increasing the configuration parameter "max_wal_size".
2024-08-01 12:21:58.181 BST [1949] LOG:  checkpoint starting: wal
2024-08-01 12:22:04.355 BST [1949] LOG:  checkpoint complete: wrote 45 buffers (0.0%); 0 WAL file(s) added, 0 removed, 33 recycled; write=4.811 s, sync=1.184 s, total=6.174 s; sync files=40, longest=1.058 s, average=0.030 s; distance=541076 kB, estimate=541076 kB; lsn=0/67CF38A8, redo lsn=0/64111488
2024-08-01 12:22:34.741 BST [2141] LOG:  skipping vacuum of "t" --- lock not available
2024-08-01 12:22:55.325 BST [1949] LOG:  checkpoint starting: wal
2024-08-01 12:23:08.363 BST [1949] LOG:  checkpoint complete: wrote 125 buffers (0.1%); 0 WAL file(s) added, 0 removed, 33 recycled; write=10.206 s, sync=2.718 s, total=13.039 s; sync files=876, longest=1.008 s, average=0.004 s; distance=540265 kB, estimate=540995 kB; lsn=0/8983E9A0, redo lsn=0/850AB9F0
2024-08-01 12:23:08.363 BST [1949] LOG:  checkpoint starting: immediate force wait
2024-08-01 12:23:09.192 BST [1949] LOG:  checkpoint complete: wrote 8165 buffers (6.2%); 0 WAL file(s) added, 0 removed, 4 recycled; write=0.095 s, sync=0.684 s, total=0.829 s; sync files=449, longest=0.085 s, average=0.002 s; distance=73292 kB, estimate=494225 kB; lsn=0/8983EA70, redo lsn=0/8983EA18
2024-08-01 12:24:21.514 BST [1948] LOG:  received fast shutdown request
2024-08-01 12:24:21.523 BST [1948] LOG:  aborting any active transactions
2024-08-01 12:24:21.524 BST [1948] LOG:  background worker "logical replication launcher" (PID 1954) exited with exit code 1
2024-08-01 12:24:21.526 BST [1949] LOG:  shutting down
2024-08-01 12:24:21.529 BST [1949] LOG:  checkpoint starting: shutdown immediate
2024-08-01 12:24:21.558 BST [1949] LOG:  checkpoint complete: wrote 95 buffers (0.1%); 0 WAL file(s) added, 0 removed, 0 recycled; write=0.012 s, sync=0.012 s, total=0.032 s; sync files=10, longest=0.002 s, average=0.002 s; distance=354 kB, estimate=444838 kB; lsn=0/898975C8, redo lsn=0/898975C8
2024-08-01 12:24:21.825 BST [1948] LOG:  database system is shut down
