2024-08-01 01:01:44.573 BST [25733] LOG:  starting PostgreSQL 18devel on armv8l-unknown-linux-gnueabihf, compiled by gcc (Raspbian 12.2.0-14+rpi1) 12.2.0, 32-bit
2024-08-01 01:01:44.573 BST [25733] LOG:  listening on IPv6 address "::1", port 5432
2024-08-01 01:01:44.573 BST [25733] LOG:  listening on IPv4 address "127.0.0.1", port 5432
2024-08-01 01:01:44.623 BST [25733] LOG:  listening on Unix socket "/tmp/.s.PGSQL.5432"
2024-08-01 01:01:44.627 BST [25736] LOG:  database system was shut down at 2024-08-01 01:01:41 BST
2024-08-01 01:01:44.633 BST [25733] LOG:  database system is ready to accept connections
2024-08-01 01:01:58.085 BST [25734] LOG:  checkpoints are occurring too frequently (14 seconds apart)
2024-08-01 01:01:58.085 BST [25734] HINT:  Consider increasing the configuration parameter "max_wal_size".
2024-08-01 01:01:58.085 BST [25734] LOG:  checkpoint starting: wal
2024-08-01 01:02:50.072 BST [25734] LOG:  checkpoint complete: wrote 60435 buffers (46.1%); 0 WAL file(s) added, 0 removed, 33 recycled; write=50.063 s, sync=1.722 s, total=51.987 s; sync files=787, longest=0.065 s, average=0.003 s; distance=537502 kB, estimate=537502 kB; lsn=0/40CC1940, redo lsn=0/221CD788
2024-08-01 01:02:53.653 BST [25734] LOG:  checkpoint starting: wal
2024-08-01 01:02:56.810 BST [25734] LOG:  checkpoint complete: wrote 28 buffers (0.0%); 0 WAL file(s) added, 0 removed, 33 recycled; write=2.734 s, sync=0.294 s, total=3.158 s; sync files=30, longest=0.024 s, average=0.010 s; distance=539514 kB, estimate=539514 kB; lsn=0/448AF930, redo lsn=0/430AC280
2024-08-01 01:03:08.299 BST [25734] LOG:  checkpoints are occurring too frequently (15 seconds apart)
2024-08-01 01:03:08.299 BST [25734] HINT:  Consider increasing the configuration parameter "max_wal_size".
2024-08-01 01:03:08.300 BST [25734] LOG:  checkpoint starting: wal
2024-08-01 01:03:14.121 BST [25734] LOG:  checkpoint complete: wrote 45 buffers (0.0%); 0 WAL file(s) added, 0 removed, 33 recycled; write=4.460 s, sync=1.185 s, total=5.822 s; sync files=40, longest=1.083 s, average=0.030 s; distance=541076 kB, estimate=541076 kB; lsn=0/67CF38A8, redo lsn=0/64111488
2024-08-01 01:03:44.713 BST [25929] LOG:  skipping vacuum of "t" --- lock not available
2024-08-01 01:04:02.591 BST [25734] LOG:  checkpoint starting: wal
2024-08-01 01:04:15.276 BST [25734] LOG:  checkpoint complete: wrote 125 buffers (0.1%); 0 WAL file(s) added, 0 removed, 33 recycled; write=9.943 s, sync=2.623 s, total=12.685 s; sync files=876, longest=0.995 s, average=0.003 s; distance=540265 kB, estimate=540995 kB; lsn=0/8983F010, redo lsn=0/850ABA58
2024-08-01 01:04:15.276 BST [25734] LOG:  checkpoint starting: immediate force wait
2024-08-01 01:04:16.108 BST [25734] LOG:  checkpoint complete: wrote 8166 buffers (6.2%); 0 WAL file(s) added, 0 removed, 4 recycled; write=0.093 s, sync=0.686 s, total=0.833 s; sync files=449, longest=0.090 s, average=0.002 s; distance=73293 kB, estimate=494225 kB; lsn=0/8983F0E0, redo lsn=0/8983F088
2024-08-01 01:05:29.103 BST [25733] LOG:  received fast shutdown request
2024-08-01 01:05:29.105 BST [25733] LOG:  aborting any active transactions
2024-08-01 01:05:29.105 BST [25733] LOG:  background worker "logical replication launcher" (PID 25739) exited with exit code 1
2024-08-01 01:05:29.107 BST [25734] LOG:  shutting down
2024-08-01 01:05:29.108 BST [25734] LOG:  checkpoint starting: shutdown immediate
2024-08-01 01:05:29.136 BST [25734] LOG:  checkpoint complete: wrote 96 buffers (0.1%); 0 WAL file(s) added, 0 removed, 0 recycled; write=0.010 s, sync=0.013 s, total=0.030 s; sync files=10, longest=0.003 s, average=0.002 s; distance=354 kB, estimate=444838 kB; lsn=0/89897B00, redo lsn=0/89897B00
2024-08-01 01:05:29.358 BST [25733] LOG:  database system is shut down
