2024-07-31 18:30:59.819 BST [2101271] LOG:  starting PostgreSQL 18devel on aarch64-unknown-linux-gnu, compiled by gcc (Debian 12.2.0-14) 12.2.0, 64-bit
2024-07-31 18:30:59.820 BST [2101271] LOG:  listening on IPv6 address "::1", port 5432
2024-07-31 18:30:59.820 BST [2101271] LOG:  listening on IPv4 address "127.0.0.1", port 5432
2024-07-31 18:30:59.905 BST [2101271] LOG:  listening on Unix socket "/tmp/.s.PGSQL.5432"
2024-07-31 18:30:59.915 BST [2101274] LOG:  database system was shut down at 2024-07-31 18:30:58 BST
2024-07-31 18:30:59.926 BST [2101271] LOG:  database system is ready to accept connections
2024-07-31 18:31:10.827 BST [2101272] LOG:  checkpoints are occurring too frequently (11 seconds apart)
2024-07-31 18:31:10.827 BST [2101272] HINT:  Consider increasing the configuration parameter "max_wal_size".
2024-07-31 18:31:10.827 BST [2101272] LOG:  checkpoint starting: wal
2024-07-31 18:32:04.328 BST [2101272] LOG:  checkpoint complete: wrote 60435 buffers (46.1%); 0 WAL file(s) added, 1 removed, 32 recycled; write=50.595 s, sync=2.539 s, total=53.501 s; sync files=787, longest=0.337 s, average=0.004 s; distance=537505 kB, estimate=537505 kB; lsn=0/412BF298, redo lsn=0/221CE928
2024-07-31 18:32:07.103 BST [2101272] LOG:  checkpoint starting: wal
2024-07-31 18:32:11.135 BST [2101272] LOG:  checkpoint complete: wrote 29 buffers (0.0%); 0 WAL file(s) added, 0 removed, 33 recycled; write=2.825 s, sync=0.896 s, total=4.032 s; sync files=30, longest=0.118 s, average=0.030 s; distance=539514 kB, estimate=539514 kB; lsn=0/44EAD278, redo lsn=0/430AD408
2024-07-31 18:32:25.156 BST [2101272] LOG:  checkpoints are occurring too frequently (18 seconds apart)
2024-07-31 18:32:25.156 BST [2101272] HINT:  Consider increasing the configuration parameter "max_wal_size".
2024-07-31 18:32:25.156 BST [2101272] LOG:  checkpoint starting: wal
2024-07-31 18:32:31.001 BST [2101272] LOG:  checkpoint complete: wrote 45 buffers (0.0%); 0 WAL file(s) added, 0 removed, 33 recycled; write=4.499 s, sync=0.952 s, total=5.845 s; sync files=41, longest=0.206 s, average=0.024 s; distance=541076 kB, estimate=541076 kB; lsn=0/68327E10, redo lsn=0/64112628
2024-07-31 18:33:00.011 BST [2101470] LOG:  skipping vacuum of "t" --- lock not available
2024-07-31 18:33:12.568 BST [2101272] LOG:  checkpoint starting: wal
2024-07-31 18:33:22.396 BST [2101272] LOG:  checkpoint complete: wrote 125 buffers (0.1%); 0 WAL file(s) added, 0 removed, 33 recycled; write=8.643 s, sync=1.059 s, total=9.829 s; sync files=874, longest=0.960 s, average=0.002 s; distance=540264 kB, estimate=540995 kB; lsn=0/89841240, redo lsn=0/850AC808
2024-07-31 18:33:22.396 BST [2101272] LOG:  checkpoint starting: immediate force wait
2024-07-31 18:33:22.663 BST [2101272] LOG:  checkpoint complete: wrote 8166 buffers (6.2%); 0 WAL file(s) added, 0 removed, 4 recycled; write=0.048 s, sync=0.176 s, total=0.267 s; sync files=449, longest=0.128 s, average=0.001 s; distance=73298 kB, estimate=494225 kB; lsn=0/89841310, redo lsn=0/898412B8
2024-07-31 18:34:38.346 BST [2101271] LOG:  received fast shutdown request
2024-07-31 18:34:38.366 BST [2101271] LOG:  aborting any active transactions
2024-07-31 18:34:38.367 BST [2101271] LOG:  background worker "logical replication launcher" (PID 2101277) exited with exit code 1
2024-07-31 18:34:38.368 BST [2101272] LOG:  shutting down
2024-07-31 18:34:38.371 BST [2101272] LOG:  checkpoint starting: shutdown immediate
2024-07-31 18:34:38.397 BST [2101272] LOG:  checkpoint complete: wrote 97 buffers (0.1%); 0 WAL file(s) added, 0 removed, 0 recycled; write=0.010 s, sync=0.004 s, total=0.030 s; sync files=10, longest=0.004 s, average=0.001 s; distance=356 kB, estimate=444838 kB; lsn=0/8989A4B8, redo lsn=0/8989A4B8
2024-07-31 18:34:38.461 BST [2101271] LOG:  database system is shut down
