2024-08-01 19:49:21.593 CEST [2705156] LOG:  starting PostgreSQL 18devel on x86_64-pc-linux-gnu, compiled by gcc (Debian 12.2.0-14) 12.2.0, 64-bit
2024-08-01 19:49:21.593 CEST [2705156] LOG:  listening on IPv6 address "::1", port 5432
2024-08-01 19:49:21.593 CEST [2705156] LOG:  listening on IPv4 address "127.0.0.1", port 5432
2024-08-01 19:49:21.612 CEST [2705156] LOG:  listening on Unix socket "/tmp/.s.PGSQL.5432"
2024-08-01 19:49:21.614 CEST [2705159] LOG:  database system was shut down at 2024-08-01 19:49:20 CEST
2024-08-01 19:49:21.618 CEST [2705156] LOG:  database system is ready to accept connections
2024-08-01 19:49:31.491 CEST [2705157] LOG:  checkpoints are occurring too frequently (10 seconds apart)
2024-08-01 19:49:31.491 CEST [2705157] HINT:  Consider increasing the configuration parameter "max_wal_size".
2024-08-01 19:49:31.491 CEST [2705157] LOG:  checkpoint starting: wal
2024-08-01 19:49:39.862 CEST [2705157] LOG:  checkpoint complete: wrote 39966 buffers (15.2%); 0 WAL file(s) added, 1 removed, 32 recycled; write=7.953 s, sync=0.302 s, total=8.372 s; sync files=345, longest=0.196 s, average=0.001 s; distance=544107 kB, estimate=544107 kB; lsn=0/4112BFD0, redo lsn=0/22846138
2024-08-01 19:49:40.422 CEST [2705157] LOG:  checkpoints are occurring too frequently (9 seconds apart)
2024-08-01 19:49:40.422 CEST [2705157] HINT:  Consider increasing the configuration parameter "max_wal_size".
2024-08-01 19:49:40.422 CEST [2705157] LOG:  checkpoint starting: wal
2024-08-01 19:49:47.902 CEST [2705157] LOG:  checkpoint complete: wrote 39538 buffers (15.1%); 0 WAL file(s) added, 1 removed, 32 recycled; write=7.132 s, sync=0.271 s, total=7.480 s; sync files=3, longest=0.211 s, average=0.091 s; distance=544871 kB, estimate=544871 kB; lsn=0/626544B8, redo lsn=0/43C600C8
2024-08-01 19:49:48.306 CEST [2705157] LOG:  checkpoints are occurring too frequently (8 seconds apart)
2024-08-01 19:49:48.306 CEST [2705157] HINT:  Consider increasing the configuration parameter "max_wal_size".
2024-08-01 19:49:48.307 CEST [2705157] LOG:  checkpoint starting: wal
2024-08-01 19:50:11.548 CEST [2705157] LOG:  checkpoint complete: wrote 38770 buffers (14.8%); 0 WAL file(s) added, 0 removed, 33 recycled; write=22.713 s, sync=0.482 s, total=23.242 s; sync files=12, longest=0.076 s, average=0.041 s; distance=534200 kB, estimate=543804 kB; lsn=0/8239BA98, redo lsn=0/6460E178
2024-08-01 19:50:14.231 CEST [2705157] LOG:  checkpoints are occurring too frequently (26 seconds apart)
2024-08-01 19:50:14.231 CEST [2705157] HINT:  Consider increasing the configuration parameter "max_wal_size".
2024-08-01 19:50:14.231 CEST [2705157] LOG:  checkpoint starting: wal
2024-08-01 19:50:24.058 CEST [2705157] LOG:  checkpoint complete: wrote 69287 buffers (26.4%); 0 WAL file(s) added, 2 removed, 31 recycled; write=9.244 s, sync=0.497 s, total=9.828 s; sync files=21, longest=0.340 s, average=0.024 s; distance=543026 kB, estimate=543726 kB; lsn=0/A589DD50, redo lsn=0/8585AC58
2024-08-01 19:50:24.143 CEST [2705157] LOG:  checkpoints are occurring too frequently (10 seconds apart)
2024-08-01 19:50:24.143 CEST [2705157] HINT:  Consider increasing the configuration parameter "max_wal_size".
2024-08-01 19:50:24.143 CEST [2705157] LOG:  checkpoint starting: wal
2024-08-01 19:50:26.790 CEST [2705157] LOG:  checkpoint complete: wrote 27 buffers (0.0%); 0 WAL file(s) added, 0 removed, 34 recycled; write=2.610 s, sync=0.004 s, total=2.648 s; sync files=21, longest=0.001 s, average=0.001 s; distance=548627 kB, estimate=548627 kB; lsn=0/BB1A3C38, redo lsn=0/A701F870
2024-08-01 19:50:32.097 CEST [2705157] LOG:  checkpoints are occurring too frequently (8 seconds apart)
2024-08-01 19:50:32.097 CEST [2705157] HINT:  Consider increasing the configuration parameter "max_wal_size".
2024-08-01 19:50:32.098 CEST [2705157] LOG:  checkpoint starting: wal
2024-08-01 19:50:33.123 CEST [2705157] LOG:  checkpoint complete: wrote 8 buffers (0.0%); 0 WAL file(s) added, 0 removed, 33 recycled; write=0.806 s, sync=0.189 s, total=1.027 s; sync files=8, longest=0.187 s, average=0.024 s; distance=548070 kB, estimate=548571 kB; lsn=0/CAF48D00, redo lsn=0/C8759190
2024-08-01 19:51:00.186 CEST [2705157] LOG:  checkpoints are occurring too frequently (28 seconds apart)
2024-08-01 19:51:00.186 CEST [2705157] HINT:  Consider increasing the configuration parameter "max_wal_size".
2024-08-01 19:51:00.186 CEST [2705157] LOG:  checkpoint starting: wal
2024-08-01 19:51:01.716 CEST [2705157] LOG:  checkpoint complete: wrote 9 buffers (0.0%); 0 WAL file(s) added, 0 removed, 33 recycled; write=0.906 s, sync=0.571 s, total=1.530 s; sync files=19, longest=0.078 s, average=0.031 s; distance=547171 kB, estimate=548431 kB; lsn=0/ECF79EB8, redo lsn=0/E9DB1F50
2024-08-01 19:51:03.191 CEST [2705157] LOG:  checkpoint starting: immediate force wait
2024-08-01 19:51:04.037 CEST [2705157] LOG:  checkpoint complete: wrote 1950 buffers (0.7%); 0 WAL file(s) added, 0 removed, 4 recycled; write=0.029 s, sync=0.798 s, total=0.846 s; sync files=415, longest=0.640 s, average=0.002 s; distance=63323 kB, estimate=499920 kB; lsn=0/EDB88F30, redo lsn=0/EDB88ED8
2024-08-01 19:52:14.345 CEST [2705156] LOG:  received fast shutdown request
2024-08-01 19:52:14.346 CEST [2705156] LOG:  aborting any active transactions
2024-08-01 19:52:14.347 CEST [2705156] LOG:  background worker "logical replication launcher" (PID 2705162) exited with exit code 1
2024-08-01 19:52:14.349 CEST [2705157] LOG:  shutting down
2024-08-01 19:52:14.349 CEST [2705157] LOG:  checkpoint starting: shutdown immediate
2024-08-01 19:52:14.360 CEST [2705157] LOG:  checkpoint complete: wrote 71 buffers (0.0%); 0 WAL file(s) added, 0 removed, 0 recycled; write=0.004 s, sync=0.003 s, total=0.012 s; sync files=10, longest=0.002 s, average=0.001 s; distance=254 kB, estimate=449954 kB; lsn=0/EDBC8988, redo lsn=0/EDBC8988
2024-08-01 19:52:14.630 CEST [2705156] LOG:  database system is shut down
