2024-07-30 13:59:22.118 CEST [2862673] LOG:  starting PostgreSQL 18devel on x86_64-pc-linux-gnu, compiled by gcc (Debian 12.2.0-14) 12.2.0, 64-bit
2024-07-30 13:59:22.118 CEST [2862673] LOG:  listening on IPv6 address "::1", port 5432
2024-07-30 13:59:22.118 CEST [2862673] LOG:  listening on IPv4 address "127.0.0.1", port 5432
2024-07-30 13:59:22.119 CEST [2862673] LOG:  listening on Unix socket "/tmp/.s.PGSQL.5432"
2024-07-30 13:59:22.122 CEST [2862676] LOG:  database system was shut down at 2024-07-30 13:59:20 CEST
2024-07-30 13:59:22.125 CEST [2862673] LOG:  database system is ready to accept connections
2024-07-30 13:59:34.064 CEST [2862674] LOG:  checkpoints are occurring too frequently (12 seconds apart)
2024-07-30 13:59:34.064 CEST [2862674] HINT:  Consider increasing the configuration parameter "max_wal_size".
2024-07-30 13:59:34.064 CEST [2862674] LOG:  checkpoint starting: wal
2024-07-30 13:59:46.911 CEST [2862674] LOG:  checkpoint complete: wrote 6830 buffers (2.6%); 0 WAL file(s) added, 3 removed, 30 recycled; write=11.417 s, sync=1.367 s, total=12.847 s; sync files=804, longest=0.022 s, average=0.002 s; distance=537539 kB, estimate=537539 kB; lsn=0/43566470, redo lsn=0/221DC058
2024-07-30 13:59:46.911 CEST [2862674] LOG:  checkpoints are occurring too frequently (12 seconds apart)
2024-07-30 13:59:46.911 CEST [2862674] HINT:  Consider increasing the configuration parameter "max_wal_size".
2024-07-30 13:59:46.911 CEST [2862674] LOG:  checkpoint starting: wal
2024-07-30 13:59:52.231 CEST [2862674] LOG:  checkpoint complete: wrote 50 buffers (0.0%); 0 WAL file(s) added, 0 removed, 33 recycled; write=4.922 s, sync=0.367 s, total=5.320 s; sync files=160, longest=0.009 s, average=0.003 s; distance=546283 kB, estimate=546283 kB; lsn=0/52600320, redo lsn=0/43756D58
2024-07-30 13:59:58.589 CEST [2862674] LOG:  checkpoints are occurring too frequently (12 seconds apart)
2024-07-30 13:59:58.589 CEST [2862674] HINT:  Consider increasing the configuration parameter "max_wal_size".
2024-07-30 13:59:58.589 CEST [2862674] LOG:  checkpoint starting: wal
2024-07-30 14:00:04.238 CEST [2862674] LOG:  checkpoint complete: wrote 50 buffers (0.0%); 0 WAL file(s) added, 0 removed, 33 recycled; write=4.924 s, sync=0.687 s, total=5.649 s; sync files=286, longest=0.013 s, average=0.003 s; distance=534371 kB, estimate=545092 kB; lsn=0/73D16650, redo lsn=0/6412FCD0
2024-07-30 14:00:08.173 CEST [2862674] LOG:  checkpoint starting: immediate force wait
2024-07-30 14:00:08.443 CEST [2862674] LOG:  checkpoint complete: wrote 188 buffers (0.1%); 0 WAL file(s) added, 0 removed, 26 recycled; write=0.007 s, sync=0.238 s, total=0.271 s; sync files=130, longest=0.007 s, average=0.002 s; distance=425836 kB, estimate=533166 kB; lsn=0/7E10AFE0, redo lsn=0/7E10AF88
2024-07-30 14:01:18.677 CEST [2862673] LOG:  received fast shutdown request
2024-07-30 14:01:18.677 CEST [2862673] LOG:  aborting any active transactions
2024-07-30 14:01:18.678 CEST [2862673] LOG:  background worker "logical replication launcher" (PID 2862679) exited with exit code 1
2024-07-30 14:01:18.679 CEST [2862674] LOG:  shutting down
2024-07-30 14:01:18.680 CEST [2862674] LOG:  checkpoint starting: shutdown immediate
2024-07-30 14:01:18.687 CEST [2862674] LOG:  checkpoint complete: wrote 53 buffers (0.0%); 0 WAL file(s) added, 0 removed, 0 recycled; write=0.005 s, sync=0.002 s, total=0.008 s; sync files=12, longest=0.001 s, average=0.001 s; distance=294 kB, estimate=479879 kB; lsn=0/7E154878, redo lsn=0/7E154878
2024-07-30 14:01:18.890 CEST [2862673] LOG:  database system is shut down
