2024-08-01 12:38:10.965 BST [10678] LOG:  starting PostgreSQL 18devel on armv8l-unknown-linux-gnueabihf, compiled by gcc (Raspbian 12.2.0-14+rpi1) 12.2.0, 32-bit
2024-08-01 12:38:10.968 BST [10678] LOG:  listening on IPv6 address "::1", port 5432
2024-08-01 12:38:10.968 BST [10678] LOG:  listening on IPv4 address "127.0.0.1", port 5432
2024-08-01 12:38:10.974 BST [10678] LOG:  listening on Unix socket "/tmp/.s.PGSQL.5432"
2024-08-01 12:38:10.978 BST [10681] LOG:  database system was shut down at 2024-08-01 12:38:08 BST
2024-08-01 12:38:10.985 BST [10678] LOG:  database system is ready to accept connections
2024-08-01 12:38:24.575 BST [10679] LOG:  checkpoints are occurring too frequently (14 seconds apart)
2024-08-01 12:38:24.575 BST [10679] HINT:  Consider increasing the configuration parameter "max_wal_size".
2024-08-01 12:38:24.575 BST [10679] LOG:  checkpoint starting: wal
2024-08-01 12:39:17.424 BST [10679] LOG:  checkpoint complete: wrote 60435 buffers (46.1%); 0 WAL file(s) added, 0 removed, 33 recycled; write=50.958 s, sync=1.686 s, total=52.850 s; sync files=787, longest=0.041 s, average=0.003 s; distance=537502 kB, estimate=537502 kB; lsn=0/40CC1910, redo lsn=0/221CD788
2024-08-01 12:39:21.201 BST [10679] LOG:  checkpoint starting: wal
2024-08-01 12:39:24.466 BST [10679] LOG:  checkpoint complete: wrote 29 buffers (0.0%); 0 WAL file(s) added, 0 removed, 33 recycled; write=2.840 s, sync=0.282 s, total=3.265 s; sync files=30, longest=0.023 s, average=0.010 s; distance=539514 kB, estimate=539514 kB; lsn=0/448AF900, redo lsn=0/430AC250
2024-08-01 12:39:36.163 BST [10679] LOG:  checkpoints are occurring too frequently (15 seconds apart)
2024-08-01 12:39:36.163 BST [10679] HINT:  Consider increasing the configuration parameter "max_wal_size".
2024-08-01 12:39:36.163 BST [10679] LOG:  checkpoint starting: wal
2024-08-01 12:39:42.152 BST [10679] LOG:  checkpoint complete: wrote 45 buffers (0.0%); 0 WAL file(s) added, 0 removed, 33 recycled; write=4.593 s, sync=1.238 s, total=5.989 s; sync files=39, longest=1.099 s, average=0.032 s; distance=541076 kB, estimate=541076 kB; lsn=0/67CF3990, redo lsn=0/64111458
2024-08-01 12:40:11.063 BST [10869] LOG:  skipping vacuum of "t" --- lock not available
2024-08-01 12:40:30.469 BST [10679] LOG:  checkpoint starting: wal
2024-08-01 12:40:43.156 BST [10679] LOG:  checkpoint complete: wrote 125 buffers (0.1%); 0 WAL file(s) added, 0 removed, 33 recycled; write=10.007 s, sync=2.571 s, total=12.688 s; sync files=876, longest=1.005 s, average=0.003 s; distance=540265 kB, estimate=540995 kB; lsn=0/8983E600, redo lsn=0/850AB9A8
2024-08-01 12:40:43.156 BST [10679] LOG:  checkpoint starting: immediate force wait
2024-08-01 12:40:43.994 BST [10679] LOG:  checkpoint complete: wrote 8165 buffers (6.2%); 0 WAL file(s) added, 0 removed, 4 recycled; write=0.094 s, sync=0.695 s, total=0.838 s; sync files=449, longest=0.085 s, average=0.002 s; distance=73291 kB, estimate=494224 kB; lsn=0/8983E6D0, redo lsn=0/8983E678
2024-08-01 12:41:56.580 BST [10678] LOG:  received fast shutdown request
2024-08-01 12:41:56.582 BST [10678] LOG:  aborting any active transactions
2024-08-01 12:41:56.582 BST [10678] LOG:  background worker "logical replication launcher" (PID 10684) exited with exit code 1
2024-08-01 12:41:56.584 BST [10679] LOG:  shutting down
2024-08-01 12:41:56.591 BST [10679] LOG:  checkpoint starting: shutdown immediate
2024-08-01 12:41:56.620 BST [10679] LOG:  checkpoint complete: wrote 95 buffers (0.1%); 0 WAL file(s) added, 0 removed, 0 recycled; write=0.010 s, sync=0.014 s, total=0.036 s; sync files=10, longest=0.004 s, average=0.002 s; distance=354 kB, estimate=444837 kB; lsn=0/89897260, redo lsn=0/89897260
2024-08-01 12:41:56.850 BST [10678] LOG:  database system is shut down
