2024-08-02 00:19:23.219 CEST [395572] LOG:  starting PostgreSQL 18devel on x86_64-pc-linux-gnu, compiled by gcc (Debian 12.2.0-14) 12.2.0, 64-bit
2024-08-02 00:19:23.220 CEST [395572] LOG:  listening on IPv6 address "::1", port 5432
2024-08-02 00:19:23.220 CEST [395572] LOG:  listening on IPv4 address "127.0.0.1", port 5432
2024-08-02 00:19:23.237 CEST [395572] LOG:  listening on Unix socket "/tmp/.s.PGSQL.5432"
2024-08-02 00:19:23.239 CEST [395575] LOG:  database system was shut down at 2024-08-02 00:19:21 CEST
2024-08-02 00:19:23.243 CEST [395572] LOG:  database system is ready to accept connections
2024-08-02 00:19:32.313 CEST [395573] LOG:  checkpoints are occurring too frequently (9 seconds apart)
2024-08-02 00:19:32.313 CEST [395573] HINT:  Consider increasing the configuration parameter "max_wal_size".
2024-08-02 00:19:32.328 CEST [395573] LOG:  checkpoint starting: wal
2024-08-02 00:19:40.238 CEST [395573] LOG:  checkpoint complete: wrote 31743 buffers (12.1%); 0 WAL file(s) added, 1 removed, 33 recycled; write=7.642 s, sync=0.194 s, total=7.925 s; sync files=309, longest=0.060 s, average=0.001 s; distance=552021 kB, estimate=552021 kB; lsn=0/41B418D0, redo lsn=0/23000C38
2024-08-02 00:19:40.853 CEST [395573] LOG:  checkpoints are occurring too frequently (8 seconds apart)
2024-08-02 00:19:40.853 CEST [395573] HINT:  Consider increasing the configuration parameter "max_wal_size".
2024-08-02 00:19:40.853 CEST [395573] LOG:  checkpoint starting: wal
2024-08-02 00:19:49.652 CEST [395573] LOG:  checkpoint complete: wrote 31186 buffers (11.9%); 0 WAL file(s) added, 2 removed, 31 recycled; write=8.322 s, sync=0.393 s, total=8.799 s; sync files=5, longest=0.295 s, average=0.079 s; distance=554207 kB, estimate=554207 kB; lsn=0/6415DFA8, redo lsn=0/44D38948
2024-08-02 00:19:49.842 CEST [395573] LOG:  checkpoints are occurring too frequently (9 seconds apart)
2024-08-02 00:19:49.842 CEST [395573] HINT:  Consider increasing the configuration parameter "max_wal_size".
2024-08-02 00:19:49.843 CEST [395573] LOG:  checkpoint starting: wal
2024-08-02 00:19:58.625 CEST [395573] LOG:  checkpoint complete: wrote 25594 buffers (9.8%); 0 WAL file(s) added, 0 removed, 33 recycled; write=8.364 s, sync=0.390 s, total=8.783 s; sync files=386, longest=0.211 s, average=0.002 s; distance=537000 kB, estimate=552486 kB; lsn=0/7937B4D0, redo lsn=0/659A2C40
2024-08-02 00:19:58.625 CEST [395573] LOG:  checkpoint starting: immediate force wait
2024-08-02 00:19:59.087 CEST [395573] LOG:  checkpoint complete: wrote 44982 buffers (17.2%); 0 WAL file(s) added, 0 removed, 20 recycled; write=0.344 s, sync=0.089 s, total=0.463 s; sync files=154, longest=0.043 s, average=0.001 s; distance=321378 kB, estimate=529375 kB; lsn=0/7937B5A0, redo lsn=0/7937B548
2024-08-02 00:21:09.254 CEST [395572] LOG:  received fast shutdown request
2024-08-02 00:21:09.254 CEST [395572] LOG:  aborting any active transactions
2024-08-02 00:21:09.264 CEST [395572] LOG:  background worker "logical replication launcher" (PID 395578) exited with exit code 1
2024-08-02 00:21:09.273 CEST [395573] LOG:  shutting down
2024-08-02 00:21:09.273 CEST [395573] LOG:  checkpoint starting: shutdown immediate
2024-08-02 00:21:09.281 CEST [395573] LOG:  checkpoint complete: wrote 53 buffers (0.0%); 0 WAL file(s) added, 0 removed, 0 recycled; write=0.005 s, sync=0.002 s, total=0.009 s; sync files=12, longest=0.001 s, average=0.001 s; distance=260 kB, estimate=476464 kB; lsn=0/793BC788, redo lsn=0/793BC788
2024-08-02 00:21:09.576 CEST [395572] LOG:  database system is shut down
