2024-07-31 19:15:20.629 CEST [1879808] LOG:  starting PostgreSQL 18devel on x86_64-pc-linux-gnu, compiled by gcc (Debian 12.2.0-14) 12.2.0, 64-bit
2024-07-31 19:15:20.629 CEST [1879808] LOG:  listening on IPv6 address "::1", port 5432
2024-07-31 19:15:20.629 CEST [1879808] LOG:  listening on IPv4 address "127.0.0.1", port 5432
2024-07-31 19:15:20.631 CEST [1879808] LOG:  listening on Unix socket "/tmp/.s.PGSQL.5432"
2024-07-31 19:15:20.633 CEST [1879811] LOG:  database system was shut down at 2024-07-31 19:15:19 CEST
2024-07-31 19:15:20.636 CEST [1879808] LOG:  database system is ready to accept connections
2024-07-31 19:15:29.023 CEST [1879809] LOG:  checkpoints are occurring too frequently (9 seconds apart)
2024-07-31 19:15:29.023 CEST [1879809] HINT:  Consider increasing the configuration parameter "max_wal_size".
2024-07-31 19:15:29.023 CEST [1879809] LOG:  checkpoint starting: wal
2024-07-31 19:15:36.586 CEST [1879809] LOG:  checkpoint complete: wrote 39725 buffers (15.2%); 0 WAL file(s) added, 1 removed, 32 recycled; write=7.184 s, sync=0.320 s, total=7.563 s; sync files=345, longest=0.210 s, average=0.001 s; distance=540885 kB, estimate=540885 kB; lsn=0/4105AFD8, redo lsn=0/225208E8
2024-07-31 19:15:36.961 CEST [1879809] LOG:  checkpoints are occurring too frequently (7 seconds apart)
2024-07-31 19:15:36.961 CEST [1879809] HINT:  Consider increasing the configuration parameter "max_wal_size".
2024-07-31 19:15:36.964 CEST [1879809] LOG:  checkpoint starting: wal
2024-07-31 19:15:43.612 CEST [1879809] LOG:  checkpoint complete: wrote 38879 buffers (14.8%); 0 WAL file(s) added, 0 removed, 33 recycled; write=6.484 s, sync=0.117 s, total=6.652 s; sync files=3, longest=0.112 s, average=0.039 s; distance=535717 kB, estimate=540368 kB; lsn=0/61847FA8, redo lsn=0/4304A028
2024-07-31 19:15:44.238 CEST [1879809] LOG:  checkpoints are occurring too frequently (8 seconds apart)
2024-07-31 19:15:44.238 CEST [1879809] HINT:  Consider increasing the configuration parameter "max_wal_size".
2024-07-31 19:15:44.238 CEST [1879809] LOG:  checkpoint starting: wal
2024-07-31 19:16:12.169 CEST [1879809] LOG:  checkpoint complete: wrote 40228 buffers (15.3%); 0 WAL file(s) added, 3 removed, 30 recycled; write=27.047 s, sync=0.819 s, total=27.932 s; sync files=13, longest=0.173 s, average=0.063 s; distance=554103 kB, estimate=554103 kB; lsn=0/85223A30, redo lsn=0/64D68020
2024-07-31 19:16:12.169 CEST [1879809] LOG:  checkpoints are occurring too frequently (28 seconds apart)
2024-07-31 19:16:12.169 CEST [1879809] HINT:  Consider increasing the configuration parameter "max_wal_size".
2024-07-31 19:16:12.169 CEST [1879809] LOG:  checkpoint starting: wal
2024-07-31 19:16:22.933 CEST [1879809] LOG:  checkpoint complete: wrote 67592 buffers (25.8%); 0 WAL file(s) added, 3 removed, 30 recycled; write=9.972 s, sync=0.698 s, total=10.765 s; sync files=20, longest=0.403 s, average=0.035 s; distance=532647 kB, estimate=551958 kB; lsn=0/A605EF10, redo lsn=0/85591C88
2024-07-31 19:16:22.933 CEST [1879809] LOG:  checkpoints are occurring too frequently (10 seconds apart)
2024-07-31 19:16:22.933 CEST [1879809] HINT:  Consider increasing the configuration parameter "max_wal_size".
2024-07-31 19:16:22.933 CEST [1879809] LOG:  checkpoint starting: wal
2024-07-31 19:16:25.604 CEST [1879809] LOG:  checkpoint complete: wrote 27 buffers (0.0%); 0 WAL file(s) added, 0 removed, 33 recycled; write=2.611 s, sync=0.006 s, total=2.671 s; sync files=20, longest=0.001 s, average=0.001 s; distance=539445 kB, estimate=550707 kB; lsn=0/BA6F61C8, redo lsn=0/A645F408
2024-07-31 19:16:29.425 CEST [1879809] LOG:  checkpoints are occurring too frequently (7 seconds apart)
2024-07-31 19:16:29.425 CEST [1879809] HINT:  Consider increasing the configuration parameter "max_wal_size".
2024-07-31 19:16:29.425 CEST [1879809] LOG:  checkpoint starting: wal
2024-07-31 19:16:30.486 CEST [1879809] LOG:  checkpoint complete: wrote 8 buffers (0.0%); 0 WAL file(s) added, 0 removed, 33 recycled; write=0.812 s, sync=0.221 s, total=1.061 s; sync files=7, longest=0.218 s, average=0.032 s; distance=539686 kB, estimate=549604 kB; lsn=0/C7368DD8, redo lsn=0/C7368D30
2024-07-31 19:16:59.710 CEST [1879809] LOG:  checkpoint starting: wal
2024-07-31 19:17:01.370 CEST [1879809] LOG:  checkpoint complete: wrote 9 buffers (0.0%); 0 WAL file(s) added, 0 removed, 33 recycled; write=0.933 s, sync=0.697 s, total=1.661 s; sync files=16, longest=0.086 s, average=0.044 s; distance=551556 kB, estimate=551556 kB; lsn=0/E8E4FB00, redo lsn=0/E8E0A0B8
2024-07-31 19:17:05.346 CEST [1879809] LOG:  checkpoint starting: immediate force wait
2024-07-31 19:17:06.391 CEST [1879809] LOG:  checkpoint complete: wrote 1952 buffers (0.7%); 0 WAL file(s) added, 0 removed, 5 recycled; write=0.031 s, sync=0.999 s, total=1.046 s; sync files=418, longest=0.813 s, average=0.003 s; distance=79355 kB, estimate=504336 kB; lsn=0/EDB88EC0, redo lsn=0/EDB88E68
2024-07-31 19:18:16.606 CEST [1879808] LOG:  received fast shutdown request
2024-07-31 19:18:16.606 CEST [1879808] LOG:  aborting any active transactions
2024-07-31 19:18:16.607 CEST [1879808] LOG:  background worker "logical replication launcher" (PID 1879814) exited with exit code 1
2024-07-31 19:18:16.609 CEST [1879809] LOG:  shutting down
2024-07-31 19:18:16.609 CEST [1879809] LOG:  checkpoint starting: shutdown immediate
2024-07-31 19:18:16.616 CEST [1879809] LOG:  checkpoint complete: wrote 73 buffers (0.0%); 0 WAL file(s) added, 0 removed, 0 recycled; write=0.005 s, sync=0.002 s, total=0.008 s; sync files=10, longest=0.001 s, average=0.001 s; distance=248 kB, estimate=453927 kB; lsn=0/EDBC7200, redo lsn=0/EDBC7200
2024-07-31 19:18:16.907 CEST [1879808] LOG:  database system is shut down
