2024-07-31 13:13:42.226 BST [16535] LOG:  starting PostgreSQL 18devel on armv8l-unknown-linux-gnueabihf, compiled by gcc (Raspbian 12.2.0-14+rpi1) 12.2.0, 32-bit
2024-07-31 13:13:42.226 BST [16535] LOG:  listening on IPv6 address "::1", port 5432
2024-07-31 13:13:42.226 BST [16535] LOG:  listening on IPv4 address "127.0.0.1", port 5432
2024-07-31 13:13:42.241 BST [16535] LOG:  listening on Unix socket "/tmp/.s.PGSQL.5432"
2024-07-31 13:13:42.245 BST [16538] LOG:  database system was shut down at 2024-07-31 13:13:39 BST
2024-07-31 13:13:42.251 BST [16535] LOG:  database system is ready to accept connections
2024-07-31 13:13:56.116 BST [16536] LOG:  checkpoints are occurring too frequently (14 seconds apart)
2024-07-31 13:13:56.116 BST [16536] HINT:  Consider increasing the configuration parameter "max_wal_size".
2024-07-31 13:13:56.117 BST [16536] LOG:  checkpoint starting: wal
2024-07-31 13:14:47.587 BST [16536] LOG:  checkpoint complete: wrote 60435 buffers (46.1%); 0 WAL file(s) added, 0 removed, 33 recycled; write=49.497 s, sync=1.779 s, total=51.471 s; sync files=787, longest=0.065 s, average=0.003 s; distance=537502 kB, estimate=537502 kB; lsn=0/40CC1940, redo lsn=0/221CD788
2024-07-31 13:14:51.121 BST [16536] LOG:  checkpoint starting: wal
2024-07-31 13:14:54.303 BST [16536] LOG:  checkpoint complete: wrote 28 buffers (0.0%); 0 WAL file(s) added, 0 removed, 33 recycled; write=2.743 s, sync=0.295 s, total=3.182 s; sync files=30, longest=0.024 s, average=0.010 s; distance=539514 kB, estimate=539514 kB; lsn=0/448AF930, redo lsn=0/430AC280
2024-07-31 13:15:05.855 BST [16536] LOG:  checkpoints are occurring too frequently (14 seconds apart)
2024-07-31 13:15:05.855 BST [16536] HINT:  Consider increasing the configuration parameter "max_wal_size".
2024-07-31 13:15:05.856 BST [16536] LOG:  checkpoint starting: wal
2024-07-31 13:15:11.665 BST [16536] LOG:  checkpoint complete: wrote 45 buffers (0.0%); 0 WAL file(s) added, 0 removed, 33 recycled; write=4.474 s, sync=1.145 s, total=5.810 s; sync files=39, longest=1.075 s, average=0.030 s; distance=541076 kB, estimate=541076 kB; lsn=0/67A65BF0, redo lsn=0/64111488
2024-07-31 13:15:42.334 BST [16815] LOG:  skipping vacuum of "t" --- lock not available
2024-07-31 13:15:59.086 BST [16536] LOG:  checkpoint starting: wal
2024-07-31 13:16:11.164 BST [16536] LOG:  checkpoint complete: wrote 125 buffers (0.1%); 0 WAL file(s) added, 0 removed, 33 recycled; write=9.686 s, sync=2.281 s, total=12.079 s; sync files=877, longest=1.003 s, average=0.003 s; distance=540265 kB, estimate=540995 kB; lsn=0/8983E088, redo lsn=0/850ABA70
2024-07-31 13:16:11.164 BST [16536] LOG:  checkpoint starting: immediate force wait
2024-07-31 13:16:11.995 BST [16536] LOG:  checkpoint complete: wrote 8165 buffers (6.2%); 0 WAL file(s) added, 0 removed, 4 recycled; write=0.088 s, sync=0.690 s, total=0.831 s; sync files=449, longest=0.093 s, average=0.002 s; distance=73289 kB, estimate=494224 kB; lsn=0/8983E158, redo lsn=0/8983E100
2024-07-31 13:17:24.511 BST [16535] LOG:  received fast shutdown request
2024-07-31 13:17:24.520 BST [16535] LOG:  aborting any active transactions
2024-07-31 13:17:24.521 BST [16535] LOG:  background worker "logical replication launcher" (PID 16541) exited with exit code 1
2024-07-31 13:17:24.523 BST [16536] LOG:  shutting down
2024-07-31 13:17:24.525 BST [16536] LOG:  checkpoint starting: shutdown immediate
2024-07-31 13:17:24.553 BST [16536] LOG:  checkpoint complete: wrote 95 buffers (0.1%); 0 WAL file(s) added, 0 removed, 0 recycled; write=0.010 s, sync=0.012 s, total=0.030 s; sync files=10, longest=0.002 s, average=0.002 s; distance=354 kB, estimate=444837 kB; lsn=0/89896B38, redo lsn=0/89896B38
2024-07-31 13:17:24.760 BST [16535] LOG:  database system is shut down
