2024-08-01 00:58:15.939 CEST [3417455] LOG:  starting PostgreSQL 18devel on x86_64-pc-linux-gnu, compiled by gcc (Debian 12.2.0-14) 12.2.0, 64-bit
2024-08-01 00:58:15.939 CEST [3417455] LOG:  listening on IPv6 address "::1", port 5432
2024-08-01 00:58:15.939 CEST [3417455] LOG:  listening on IPv4 address "127.0.0.1", port 5432
2024-08-01 00:58:15.941 CEST [3417455] LOG:  listening on Unix socket "/tmp/.s.PGSQL.5432"
2024-08-01 00:58:15.943 CEST [3417458] LOG:  database system was shut down at 2024-08-01 00:58:14 CEST
2024-08-01 00:58:15.946 CEST [3417455] LOG:  database system is ready to accept connections
2024-08-01 00:58:24.195 CEST [3417456] LOG:  checkpoints are occurring too frequently (9 seconds apart)
2024-08-01 00:58:24.195 CEST [3417456] HINT:  Consider increasing the configuration parameter "max_wal_size".
2024-08-01 00:58:24.195 CEST [3417456] LOG:  checkpoint starting: wal
2024-08-01 00:58:31.408 CEST [3417456] LOG:  checkpoint complete: wrote 54843 buffers (20.9%); 0 WAL file(s) added, 1 removed, 32 recycled; write=6.575 s, sync=0.559 s, total=7.214 s; sync files=707, longest=0.343 s, average=0.001 s; distance=544141 kB, estimate=544141 kB; lsn=0/41A94CE0, redo lsn=0/2284EA00
2024-08-01 00:58:31.607 CEST [3417456] LOG:  checkpoints are occurring too frequently (7 seconds apart)
2024-08-01 00:58:31.607 CEST [3417456] HINT:  Consider increasing the configuration parameter "max_wal_size".
2024-08-01 00:58:31.610 CEST [3417456] LOG:  checkpoint starting: wal
2024-08-01 00:58:37.700 CEST [3417456] LOG:  checkpoint complete: wrote 59934 buffers (22.9%); 0 WAL file(s) added, 1 removed, 32 recycled; write=5.633 s, sync=0.390 s, total=6.094 s; sync files=4, longest=0.235 s, average=0.098 s; distance=533645 kB, estimate=543091 kB; lsn=0/62001C68, redo lsn=0/43172168
2024-08-01 00:58:38.088 CEST [3417456] LOG:  checkpoints are occurring too frequently (7 seconds apart)
2024-08-01 00:58:38.088 CEST [3417456] HINT:  Consider increasing the configuration parameter "max_wal_size".
2024-08-01 00:58:38.090 CEST [3417456] LOG:  checkpoint starting: wal
2024-08-01 00:58:44.299 CEST [3417456] LOG:  checkpoint complete: wrote 61123 buffers (23.3%); 0 WAL file(s) added, 1 removed, 32 recycled; write=5.742 s, sync=0.371 s, total=6.211 s; sync files=4, longest=0.356 s, average=0.093 s; distance=544064 kB, estimate=544064 kB; lsn=0/83362438, redo lsn=0/644C2228
2024-08-01 00:58:44.714 CEST [3417456] LOG:  checkpoints are occurring too frequently (6 seconds apart)
2024-08-01 00:58:44.714 CEST [3417456] HINT:  Consider increasing the configuration parameter "max_wal_size".
2024-08-01 00:58:44.715 CEST [3417456] LOG:  checkpoint starting: wal
2024-08-01 00:58:51.039 CEST [3417456] LOG:  checkpoint complete: wrote 61175 buffers (23.3%); 0 WAL file(s) added, 1 removed, 32 recycled; write=5.787 s, sync=0.465 s, total=6.325 s; sync files=4, longest=0.338 s, average=0.117 s; distance=544543 kB, estimate=544543 kB; lsn=0/A48FCE58, redo lsn=0/8588A080
2024-08-01 00:58:51.244 CEST [3417456] LOG:  checkpoints are occurring too frequently (7 seconds apart)
2024-08-01 00:58:51.244 CEST [3417456] HINT:  Consider increasing the configuration parameter "max_wal_size".
2024-08-01 00:58:51.247 CEST [3417456] LOG:  checkpoint starting: wal
2024-08-01 00:58:57.475 CEST [3417456] LOG:  checkpoint complete: wrote 59751 buffers (22.8%); 0 WAL file(s) added, 0 removed, 33 recycled; write=5.646 s, sync=0.532 s, total=6.231 s; sync files=4, longest=0.502 s, average=0.133 s; distance=532512 kB, estimate=543340 kB; lsn=0/C49D40B0, redo lsn=0/A6092220
2024-08-01 00:58:57.879 CEST [3417456] LOG:  checkpoints are occurring too frequently (6 seconds apart)
2024-08-01 00:58:57.879 CEST [3417456] HINT:  Consider increasing the configuration parameter "max_wal_size".
2024-08-01 00:58:57.883 CEST [3417456] LOG:  checkpoint starting: wal
2024-08-01 00:59:04.078 CEST [3417456] LOG:  checkpoint complete: wrote 60841 buffers (23.2%); 0 WAL file(s) added, 0 removed, 33 recycled; write=5.593 s, sync=0.547 s, total=6.199 s; sync files=3, longest=0.542 s, average=0.183 s; distance=541511 kB, estimate=543157 kB; lsn=0/E5BD2788, redo lsn=0/C7164170
2024-08-01 00:59:04.504 CEST [3417456] LOG:  checkpoints are occurring too frequently (7 seconds apart)
2024-08-01 00:59:04.504 CEST [3417456] HINT:  Consider increasing the configuration parameter "max_wal_size".
2024-08-01 00:59:04.506 CEST [3417456] LOG:  checkpoint starting: wal
2024-08-01 00:59:10.577 CEST [3417456] LOG:  checkpoint complete: wrote 61288 buffers (23.4%); 0 WAL file(s) added, 1 removed, 32 recycled; write=5.439 s, sync=0.551 s, total=6.073 s; sync files=4, longest=0.534 s, average=0.138 s; distance=545567 kB, estimate=545567 kB; lsn=1/7AD85C0, redo lsn=0/E862C0D0
2024-08-01 00:59:10.768 CEST [3417456] LOG:  checkpoints are occurring too frequently (6 seconds apart)
2024-08-01 00:59:10.768 CEST [3417456] HINT:  Consider increasing the configuration parameter "max_wal_size".
2024-08-01 00:59:10.771 CEST [3417456] LOG:  checkpoint starting: wal
2024-08-01 00:59:16.872 CEST [3417456] LOG:  checkpoint complete: wrote 60395 buffers (23.0%); 0 WAL file(s) added, 1 removed, 32 recycled; write=5.627 s, sync=0.394 s, total=6.105 s; sync files=4, longest=0.390 s, average=0.099 s; distance=537695 kB, estimate=544780 kB; lsn=1/28E795B8, redo lsn=1/93440C0
2024-08-01 00:59:17.081 CEST [3417456] LOG:  checkpoints are occurring too frequently (7 seconds apart)
2024-08-01 00:59:17.081 CEST [3417456] HINT:  Consider increasing the configuration parameter "max_wal_size".
2024-08-01 00:59:17.083 CEST [3417456] LOG:  checkpoint starting: wal
2024-08-01 00:59:30.130 CEST [3417456] LOG:  checkpoint complete: wrote 60790 buffers (23.2%); 0 WAL file(s) added, 2 removed, 31 recycled; write=9.328 s, sync=3.683 s, total=13.050 s; sync files=8, longest=1.625 s, average=0.461 s; distance=541688 kB, estimate=544471 kB; lsn=1/4A117DC8, redo lsn=1/2A442128
2024-08-01 00:59:32.440 CEST [3417456] LOG:  checkpoints are occurring too frequently (15 seconds apart)
2024-08-01 00:59:32.440 CEST [3417456] HINT:  Consider increasing the configuration parameter "max_wal_size".
2024-08-01 00:59:32.468 CEST [3417456] LOG:  checkpoint starting: wal
2024-08-01 01:00:05.563 CEST [3417456] LOG:  checkpoint complete: wrote 250885 buffers (95.7%); 0 WAL file(s) added, 2 removed, 32 recycled; write=31.855 s, sync=1.198 s, total=33.123 s; sync files=32, longest=0.281 s, average=0.038 s; distance=552884 kB, estimate=552884 kB; lsn=1/6BC031B0, redo lsn=1/4C02F490
2024-08-01 01:00:08.520 CEST [3417456] LOG:  checkpoint starting: wal
2024-08-01 01:00:14.615 CEST [3417456] LOG:  checkpoint complete: wrote 60 buffers (0.0%); 0 WAL file(s) added, 0 removed, 33 recycled; write=5.922 s, sync=0.142 s, total=6.098 s; sync files=28, longest=0.134 s, average=0.006 s; distance=546144 kB, estimate=552210 kB; lsn=1/733C16F8, redo lsn=1/6D587720
2024-08-01 01:00:16.029 CEST [3417549] LOG:  skipping vacuum of "t" --- lock not available
2024-08-01 01:00:45.832 CEST [3417456] LOG:  checkpoint starting: wal
2024-08-01 01:01:16.048 CEST [3417567] LOG:  skipping vacuum of "t" --- lock not available
2024-08-01 01:01:18.775 CEST [3417456] LOG:  checkpoint complete: wrote 755 buffers (0.3%); 0 WAL file(s) added, 0 removed, 33 recycled; write=32.247 s, sync=0.671 s, total=32.944 s; sync files=342, longest=0.098 s, average=0.002 s; distance=543642 kB, estimate=551353 kB; lsn=1/AB769D40, redo lsn=1/8E86DFD8
2024-08-01 01:01:20.216 CEST [3417456] LOG:  checkpoint starting: wal
2024-08-01 01:01:30.237 CEST [3417456] LOG:  checkpoint complete: wrote 97 buffers (0.0%); 0 WAL file(s) added, 0 removed, 33 recycled; write=9.633 s, sync=0.349 s, total=10.021 s; sync files=30, longest=0.123 s, average=0.012 s; distance=535375 kB, estimate=549756 kB; lsn=1/B6B03280, redo lsn=1/AF341DB0
2024-08-01 01:01:58.498 CEST [3417456] LOG:  checkpoint starting: wal
2024-08-01 01:02:01.056 CEST [3417456] LOG:  checkpoint complete: wrote 20 buffers (0.0%); 0 WAL file(s) added, 0 removed, 33 recycled; write=1.912 s, sync=0.620 s, total=2.561 s; sync files=24, longest=0.130 s, average=0.026 s; distance=545890 kB, estimate=549369 kB; lsn=1/D0E03240, redo lsn=1/D085A770
2024-08-01 01:02:16.068 CEST [3417584] LOG:  skipping vacuum of "t" --- lock not available
2024-08-01 01:02:38.132 CEST [3417456] LOG:  checkpoint starting: wal
2024-08-01 01:02:40.835 CEST [3417456] LOG:  checkpoint complete: wrote 20 buffers (0.0%); 0 WAL file(s) added, 0 removed, 33 recycled; write=1.912 s, sync=0.762 s, total=2.705 s; sync files=26, longest=0.116 s, average=0.030 s; distance=543503 kB, estimate=548782 kB; lsn=1/F28B7238, redo lsn=1/F1B1E3A8
2024-08-01 01:03:16.087 CEST [3417601] LOG:  skipping vacuum of "t" --- lock not available
2024-08-01 01:03:17.850 CEST [3417456] LOG:  checkpoint starting: wal
2024-08-01 01:03:20.263 CEST [3417456] LOG:  checkpoint complete: wrote 19 buffers (0.0%); 0 WAL file(s) added, 0 removed, 33 recycled; write=1.812 s, sync=0.569 s, total=2.416 s; sync files=26, longest=0.109 s, average=0.022 s; distance=536701 kB, estimate=547574 kB; lsn=2/1436C6E0, redo lsn=2/1273D970
2024-08-01 01:03:58.196 CEST [3417456] LOG:  checkpoint starting: wal
2024-08-01 01:04:00.458 CEST [3417456] LOG:  checkpoint complete: wrote 17 buffers (0.0%); 0 WAL file(s) added, 0 removed, 33 recycled; write=1.611 s, sync=0.624 s, total=2.262 s; sync files=26, longest=0.116 s, average=0.024 s; distance=548752 kB, estimate=548752 kB; lsn=2/35E17E28, redo lsn=2/33F21B68
2024-08-01 01:04:16.107 CEST [3417617] LOG:  skipping vacuum of "t" --- lock not available
2024-08-01 01:04:39.303 CEST [3417456] LOG:  checkpoint starting: wal
2024-08-01 01:04:41.439 CEST [3417456] LOG:  checkpoint complete: wrote 16 buffers (0.0%); 0 WAL file(s) added, 0 removed, 33 recycled; write=1.510 s, sync=0.599 s, total=2.137 s; sync files=25, longest=0.110 s, average=0.024 s; distance=536667 kB, estimate=547543 kB; lsn=2/578C2EC8, redo lsn=2/54B387F0
2024-08-01 01:05:16.126 CEST [3417637] LOG:  skipping vacuum of "t" --- lock not available
2024-08-01 01:05:17.230 CEST [3417456] LOG:  checkpoint starting: wal
2024-08-01 01:05:19.672 CEST [3417456] LOG:  checkpoint complete: wrote 18 buffers (0.0%); 0 WAL file(s) added, 0 removed, 33 recycled; write=1.711 s, sync=0.708 s, total=2.443 s; sync files=23, longest=0.106 s, average=0.031 s; distance=536891 kB, estimate=546478 kB; lsn=2/757982D0, redo lsn=2/757876D8
2024-08-01 01:05:59.903 CEST [3417456] LOG:  checkpoint starting: wal
2024-08-01 01:06:01.789 CEST [3417456] LOG:  checkpoint complete: wrote 14 buffers (0.0%); 0 WAL file(s) added, 0 removed, 33 recycled; write=1.309 s, sync=0.552 s, total=1.886 s; sync files=24, longest=0.097 s, average=0.023 s; distance=547184 kB, estimate=547184 kB; lsn=2/972454D8, redo lsn=2/96DE39E8
2024-08-01 01:06:16.146 CEST [3417653] LOG:  skipping vacuum of "t" --- lock not available
2024-08-01 01:06:43.561 CEST [3417456] LOG:  checkpoint starting: wal
2024-08-01 01:06:46.403 CEST [3417456] LOG:  checkpoint complete: wrote 23 buffers (0.0%); 0 WAL file(s) added, 0 removed, 33 recycled; write=2.212 s, sync=0.607 s, total=2.846 s; sync files=27, longest=0.106 s, average=0.023 s; distance=528823 kB, estimate=545348 kB; lsn=2/B8D01378, redo lsn=2/B7251600
2024-08-01 01:06:51.778 CEST [3417456] LOG:  checkpoints are occurring too frequently (8 seconds apart)
2024-08-01 01:06:51.778 CEST [3417456] HINT:  Consider increasing the configuration parameter "max_wal_size".
2024-08-01 01:06:51.779 CEST [3417456] LOG:  checkpoint starting: wal
2024-08-01 01:06:55.470 CEST [3417456] LOG:  checkpoint complete: wrote 26 buffers (0.0%); 0 WAL file(s) added, 0 removed, 34 recycled; write=2.511 s, sync=1.127 s, total=3.692 s; sync files=17, longest=1.024 s, average=0.067 s; distance=554842 kB, estimate=554842 kB; lsn=2/F4D03840, redo lsn=2/D90280F0
2024-08-01 01:06:56.111 CEST [3417456] LOG:  checkpoints are occurring too frequently (5 seconds apart)
2024-08-01 01:06:56.111 CEST [3417456] HINT:  Consider increasing the configuration parameter "max_wal_size".
2024-08-01 01:06:56.112 CEST [3417456] LOG:  checkpoint starting: wal
2024-08-01 01:06:56.163 CEST [3417456] LOG:  checkpoint complete: wrote 0 buffers (0.0%); 0 WAL file(s) added, 0 removed, 33 recycled; write=0.005 s, sync=0.001 s, total=0.053 s; sync files=0, longest=0.000 s, average=0.000 s; distance=549952 kB, estimate=554353 kB; lsn=2/FABE0018, redo lsn=2/FA938410
2024-08-01 01:06:59.420 CEST [3417456] LOG:  checkpoints are occurring too frequently (3 seconds apart)
2024-08-01 01:06:59.420 CEST [3417456] HINT:  Consider increasing the configuration parameter "max_wal_size".
2024-08-01 01:06:59.420 CEST [3417456] LOG:  checkpoint starting: wal
2024-08-01 01:06:59.479 CEST [3417456] LOG:  checkpoint complete: wrote 0 buffers (0.0%); 0 WAL file(s) added, 0 removed, 34 recycled; write=0.005 s, sync=0.001 s, total=0.060 s; sync files=0, longest=0.000 s, average=0.000 s; distance=547728 kB, estimate=553691 kB; lsn=3/1C301DC8, redo lsn=3/1C01C528
2024-08-01 01:07:02.827 CEST [3417456] LOG:  checkpoints are occurring too frequently (3 seconds apart)
2024-08-01 01:07:02.827 CEST [3417456] HINT:  Consider increasing the configuration parameter "max_wal_size".
2024-08-01 01:07:02.856 CEST [3417456] LOG:  checkpoint starting: wal
2024-08-01 01:07:02.900 CEST [3417456] LOG:  checkpoint complete: wrote 0 buffers (0.0%); 0 WAL file(s) added, 0 removed, 34 recycled; write=0.006 s, sync=0.001 s, total=0.073 s; sync files=0, longest=0.000 s, average=0.000 s; distance=557120 kB, estimate=557120 kB; lsn=3/3E34FDC0, redo lsn=3/3E02C870
2024-08-01 01:07:06.211 CEST [3417456] LOG:  checkpoints are occurring too frequently (4 seconds apart)
2024-08-01 01:07:06.211 CEST [3417456] HINT:  Consider increasing the configuration parameter "max_wal_size".
2024-08-01 01:07:06.211 CEST [3417456] LOG:  checkpoint starting: wal
2024-08-01 01:07:06.267 CEST [3417456] LOG:  checkpoint complete: wrote 0 buffers (0.0%); 0 WAL file(s) added, 0 removed, 33 recycled; write=0.006 s, sync=0.001 s, total=0.056 s; sync files=0, longest=0.000 s, average=0.000 s; distance=556873 kB, estimate=557096 kB; lsn=3/6003CBD8, redo lsn=3/5FFFEE88
2024-08-01 01:07:09.500 CEST [3417456] LOG:  checkpoints are occurring too frequently (3 seconds apart)
2024-08-01 01:07:09.500 CEST [3417456] HINT:  Consider increasing the configuration parameter "max_wal_size".
2024-08-01 01:07:09.500 CEST [3417456] LOG:  checkpoint starting: wal
2024-08-01 01:07:09.573 CEST [3417456] LOG:  checkpoint complete: wrote 0 buffers (0.0%); 0 WAL file(s) added, 0 removed, 34 recycled; write=0.006 s, sync=0.001 s, total=0.074 s; sync files=0, longest=0.000 s, average=0.000 s; distance=540807 kB, estimate=555467 kB; lsn=3/81344210, redo lsn=3/81020CA8
2024-08-01 01:07:12.890 CEST [3417456] LOG:  checkpoints are occurring too frequently (3 seconds apart)
2024-08-01 01:07:12.890 CEST [3417456] HINT:  Consider increasing the configuration parameter "max_wal_size".
2024-08-01 01:07:12.891 CEST [3417456] LOG:  checkpoint starting: wal
2024-08-01 01:07:12.951 CEST [3417456] LOG:  checkpoint complete: wrote 0 buffers (0.0%); 0 WAL file(s) added, 0 removed, 33 recycled; write=0.006 s, sync=0.001 s, total=0.061 s; sync files=0, longest=0.000 s, average=0.000 s; distance=555884 kB, estimate=555884 kB; lsn=3/A321F578, redo lsn=3/A2EFC018
2024-08-01 01:07:16.165 CEST [3417665] LOG:  skipping vacuum of "t" --- lock not available
2024-08-01 01:07:22.524 CEST [3417456] LOG:  checkpoints are occurring too frequently (10 seconds apart)
2024-08-01 01:07:22.524 CEST [3417456] HINT:  Consider increasing the configuration parameter "max_wal_size".
2024-08-01 01:07:22.524 CEST [3417456] LOG:  checkpoint starting: wal
2024-08-01 01:07:23.737 CEST [3417456] LOG:  checkpoint complete: wrote 9 buffers (0.0%); 0 WAL file(s) added, 0 removed, 34 recycled; write=0.908 s, sync=0.265 s, total=1.213 s; sync files=6, longest=0.263 s, average=0.045 s; distance=541906 kB, estimate=554486 kB; lsn=3/CC35A098, redo lsn=3/C40308D0
2024-08-01 01:07:47.801 CEST [3417456] LOG:  checkpoints are occurring too frequently (25 seconds apart)
2024-08-01 01:07:47.801 CEST [3417456] HINT:  Consider increasing the configuration parameter "max_wal_size".
2024-08-01 01:07:47.801 CEST [3417456] LOG:  checkpoint starting: wal
2024-08-01 01:07:49.087 CEST [3417456] LOG:  checkpoint complete: wrote 5 buffers (0.0%); 0 WAL file(s) added, 0 removed, 33 recycled; write=0.508 s, sync=0.748 s, total=1.287 s; sync files=11, longest=0.136 s, average=0.068 s; distance=540889 kB, estimate=553127 kB; lsn=3/E5067120, redo lsn=3/E5067030
2024-08-01 01:08:16.185 CEST [3417683] LOG:  skipping vacuum of "t" --- lock not available
2024-08-01 01:08:24.220 CEST [3417456] LOG:  checkpoint starting: wal
2024-08-01 01:08:26.178 CEST [3417456] LOG:  checkpoint complete: wrote 9 buffers (0.0%); 0 WAL file(s) added, 0 removed, 33 recycled; write=0.918 s, sync=1.016 s, total=1.958 s; sync files=16, longest=0.150 s, average=0.064 s; distance=551556 kB, estimate=552970 kB; lsn=4/6B08490, redo lsn=4/6B08330
2024-08-01 01:09:01.583 CEST [3417456] LOG:  checkpoint starting: wal
2024-08-01 01:09:03.132 CEST [3417456] LOG:  checkpoint complete: wrote 9 buffers (0.0%); 0 WAL file(s) added, 0 removed, 34 recycled; write=0.909 s, sync=0.617 s, total=1.550 s; sync files=15, longest=0.108 s, average=0.042 s; distance=545820 kB, estimate=552255 kB; lsn=4/285AF300, redo lsn=4/2800F3A8
2024-08-01 01:09:16.205 CEST [3417700] LOG:  skipping vacuum of "t" --- lock not available
2024-08-01 01:09:40.309 CEST [3417456] LOG:  checkpoint starting: wal
2024-08-01 01:09:42.098 CEST [3417456] LOG:  checkpoint complete: wrote 9 buffers (0.0%); 0 WAL file(s) added, 0 removed, 33 recycled; write=0.909 s, sync=0.854 s, total=1.792 s; sync files=15, longest=0.131 s, average=0.057 s; distance=545414 kB, estimate=551571 kB; lsn=4/4A0521E8, redo lsn=4/494B0D48
2024-08-01 01:10:16.224 CEST [3417717] LOG:  skipping vacuum of "t" --- lock not available
2024-08-01 01:10:19.733 CEST [3417456] LOG:  checkpoint starting: wal
2024-08-01 01:10:21.730 CEST [3417456] LOG:  checkpoint complete: wrote 12 buffers (0.0%); 0 WAL file(s) added, 0 removed, 33 recycled; write=1.223 s, sync=0.749 s, total=1.999 s; sync files=15, longest=0.142 s, average=0.050 s; distance=546506 kB, estimate=551064 kB; lsn=4/6BAF39D8, redo lsn=4/6AA63740
2024-08-01 01:10:59.898 CEST [3417456] LOG:  checkpoint starting: wal
2024-08-01 01:11:01.617 CEST [3417456] LOG:  checkpoint complete: wrote 10 buffers (0.0%); 0 WAL file(s) added, 0 removed, 33 recycled; write=1.017 s, sync=0.675 s, total=1.721 s; sync files=15, longest=0.121 s, average=0.045 s; distance=540359 kB, estimate=549994 kB; lsn=4/8D595710, redo lsn=4/8BA15648
2024-08-01 01:11:16.244 CEST [3417733] LOG:  skipping vacuum of "t" --- lock not available
2024-08-01 01:11:40.853 CEST [3417456] LOG:  checkpoint starting: wal
2024-08-01 01:11:42.715 CEST [3417456] LOG:  checkpoint complete: wrote 12 buffers (0.0%); 0 WAL file(s) added, 0 removed, 33 recycled; write=1.209 s, sync=0.623 s, total=1.862 s; sync files=16, longest=0.111 s, average=0.039 s; distance=541897 kB, estimate=549184 kB; lsn=4/AF0361E8, redo lsn=4/ACB47DF8
2024-08-01 01:12:16.260 CEST [3417749] LOG:  skipping vacuum of "t" --- lock not available
2024-08-01 01:12:22.549 CEST [3417456] LOG:  checkpoint starting: wal
2024-08-01 01:12:23.997 CEST [3417456] LOG:  checkpoint complete: wrote 6 buffers (0.0%); 0 WAL file(s) added, 0 removed, 33 recycled; write=0.607 s, sync=0.809 s, total=1.448 s; sync files=14, longest=0.127 s, average=0.058 s; distance=537283 kB, estimate=547994 kB; lsn=4/D0AD7378, redo lsn=4/CD7F8D50
2024-08-01 01:13:01.001 CEST [3417456] LOG:  checkpoint starting: wal
2024-08-01 01:13:02.450 CEST [3417456] LOG:  checkpoint complete: wrote 7 buffers (0.0%); 0 WAL file(s) added, 0 removed, 33 recycled; write=0.717 s, sync=0.703 s, total=1.449 s; sync files=14, longest=0.107 s, average=0.051 s; distance=542342 kB, estimate=547429 kB; lsn=4/EE99AC40, redo lsn=4/EE99A7F8
2024-08-01 01:13:16.280 CEST [3417778] LOG:  skipping vacuum of "t" --- lock not available
2024-08-01 01:13:44.157 CEST [3417456] LOG:  checkpoint starting: wal
2024-08-01 01:13:45.393 CEST [3417456] LOG:  checkpoint complete: wrote 6 buffers (0.0%); 0 WAL file(s) added, 0 removed, 33 recycled; write=0.632 s, sync=0.575 s, total=1.237 s; sync files=15, longest=0.105 s, average=0.039 s; distance=546706 kB, estimate=547357 kB; lsn=5/10444F90, redo lsn=5/FF7F2C0
2024-08-01 01:14:16.300 CEST [3417793] LOG:  skipping vacuum of "t" --- lock not available
2024-08-01 01:14:28.108 CEST [3417456] LOG:  checkpoint starting: wal
2024-08-01 01:14:29.520 CEST [3417456] LOG:  checkpoint complete: wrote 7 buffers (0.0%); 0 WAL file(s) added, 0 removed, 33 recycled; write=0.708 s, sync=0.673 s, total=1.415 s; sync files=15, longest=0.116 s, average=0.045 s; distance=530264 kB, estimate=545647 kB; lsn=5/31EE67E8, redo lsn=5/30555590
2024-08-01 01:15:02.160 CEST [3417456] LOG:  checkpoint starting: immediate force wait
2024-08-01 01:15:08.443 CEST [3417456] LOG:  checkpoint complete: wrote 12306 buffers (4.7%); 0 WAL file(s) added, 0 removed, 26 recycled; write=0.163 s, sync=6.083 s, total=6.283 s; sync files=781, longest=1.690 s, average=0.008 s; distance=431982 kB, estimate=534281 kB; lsn=5/4AB31110, redo lsn=5/4AB310B8
2024-08-01 01:16:19.864 CEST [3417455] LOG:  received fast shutdown request
2024-08-01 01:16:19.864 CEST [3417455] LOG:  aborting any active transactions
2024-08-01 01:16:19.865 CEST [3417455] LOG:  background worker "logical replication launcher" (PID 3417461) exited with exit code 1
2024-08-01 01:16:19.867 CEST [3417456] LOG:  shutting down
2024-08-01 01:16:19.868 CEST [3417456] LOG:  checkpoint starting: shutdown immediate
2024-08-01 01:16:19.874 CEST [3417456] LOG:  checkpoint complete: wrote 66 buffers (0.0%); 0 WAL file(s) added, 0 removed, 0 recycled; write=0.005 s, sync=0.001 s, total=0.007 s; sync files=5, longest=0.001 s, average=0.001 s; distance=202 kB, estimate=480873 kB; lsn=5/4AB63968, redo lsn=5/4AB63968
2024-08-01 01:16:20.276 CEST [3417455] LOG:  database system is shut down
