2024-07-31 02:03:21.564 CEST [933128] LOG:  starting PostgreSQL 18devel on x86_64-pc-linux-gnu, compiled by gcc (Debian 12.2.0-14) 12.2.0, 64-bit
2024-07-31 02:03:21.564 CEST [933128] LOG:  listening on IPv6 address "::1", port 5432
2024-07-31 02:03:21.564 CEST [933128] LOG:  listening on IPv4 address "127.0.0.1", port 5432
2024-07-31 02:03:21.566 CEST [933128] LOG:  listening on Unix socket "/tmp/.s.PGSQL.5432"
2024-07-31 02:03:21.569 CEST [933131] LOG:  database system was shut down at 2024-07-31 02:03:20 CEST
2024-07-31 02:03:21.572 CEST [933128] LOG:  database system is ready to accept connections
2024-07-31 02:03:32.602 CEST [933129] LOG:  checkpoints are occurring too frequently (11 seconds apart)
2024-07-31 02:03:32.602 CEST [933129] HINT:  Consider increasing the configuration parameter "max_wal_size".
2024-07-31 02:03:32.602 CEST [933129] LOG:  checkpoint starting: wal
2024-07-31 02:03:44.917 CEST [933129] LOG:  checkpoint complete: wrote 6830 buffers (2.6%); 0 WAL file(s) added, 5 removed, 28 recycled; write=10.396 s, sync=1.837 s, total=12.316 s; sync files=804, longest=0.018 s, average=0.003 s; distance=537539 kB, estimate=537539 kB; lsn=0/4508DA98, redo lsn=0/221DC058
2024-07-31 02:03:44.918 CEST [933129] LOG:  checkpoints are occurring too frequently (12 seconds apart)
2024-07-31 02:03:44.918 CEST [933129] HINT:  Consider increasing the configuration parameter "max_wal_size".
2024-07-31 02:03:44.918 CEST [933129] LOG:  checkpoint starting: wal
2024-07-31 02:03:50.575 CEST [933129] LOG:  checkpoint complete: wrote 51 buffers (0.0%); 0 WAL file(s) added, 0 removed, 35 recycled; write=5.024 s, sync=0.580 s, total=5.658 s; sync files=190, longest=0.012 s, average=0.004 s; distance=574088 kB, estimate=574088 kB; lsn=0/569E2CE0, redo lsn=0/4527E3C8
2024-07-31 02:03:55.489 CEST [933129] LOG:  checkpoints are occurring too frequently (11 seconds apart)
2024-07-31 02:03:55.489 CEST [933129] HINT:  Consider increasing the configuration parameter "max_wal_size".
2024-07-31 02:03:55.489 CEST [933129] LOG:  checkpoint starting: wal
2024-07-31 02:04:01.293 CEST [933129] LOG:  checkpoint complete: wrote 49 buffers (0.0%); 0 WAL file(s) added, 0 removed, 33 recycled; write=4.817 s, sync=0.941 s, total=5.805 s; sync files=286, longest=0.014 s, average=0.004 s; distance=538338 kB, estimate=570513 kB; lsn=0/785366B8, redo lsn=0/66036E60
2024-07-31 02:04:03.537 CEST [933129] LOG:  checkpoint starting: immediate force wait
2024-07-31 02:04:03.802 CEST [933129] LOG:  checkpoint complete: wrote 188 buffers (0.1%); 0 WAL file(s) added, 0 removed, 24 recycled; write=0.008 s, sync=0.224 s, total=0.266 s; sync files=99, longest=0.005 s, average=0.003 s; distance=394070 kB, estimate=552869 kB; lsn=0/7E10C730, redo lsn=0/7E10C6D8
2024-07-31 02:05:14.037 CEST [933128] LOG:  received fast shutdown request
2024-07-31 02:05:14.038 CEST [933128] LOG:  aborting any active transactions
2024-07-31 02:05:14.040 CEST [933128] LOG:  background worker "logical replication launcher" (PID 933134) exited with exit code 1
2024-07-31 02:05:14.041 CEST [933129] LOG:  shutting down
2024-07-31 02:05:14.042 CEST [933129] LOG:  checkpoint starting: shutdown immediate
2024-07-31 02:05:14.051 CEST [933129] LOG:  checkpoint complete: wrote 53 buffers (0.0%); 0 WAL file(s) added, 0 removed, 0 recycled; write=0.005 s, sync=0.004 s, total=0.011 s; sync files=12, longest=0.001 s, average=0.001 s; distance=294 kB, estimate=497611 kB; lsn=0/7E155FB0, redo lsn=0/7E155FB0
2024-07-31 02:05:14.226 CEST [933128] LOG:  database system is shut down
