2024-07-30 17:30:42.349 BST [22284] LOG:  starting PostgreSQL 18devel on armv8l-unknown-linux-gnueabihf, compiled by gcc (Raspbian 12.2.0-14+rpi1) 12.2.0, 32-bit
2024-07-30 17:30:42.349 BST [22284] LOG:  listening on IPv6 address "::1", port 5432
2024-07-30 17:30:42.349 BST [22284] LOG:  listening on IPv4 address "127.0.0.1", port 5432
2024-07-30 17:30:42.364 BST [22284] LOG:  listening on Unix socket "/tmp/.s.PGSQL.5432"
2024-07-30 17:30:42.368 BST [22288] LOG:  database system was shut down at 2024-07-30 17:30:39 BST
2024-07-30 17:30:42.374 BST [22284] LOG:  database system is ready to accept connections
2024-07-30 17:30:56.434 BST [22286] LOG:  checkpoints are occurring too frequently (14 seconds apart)
2024-07-30 17:30:56.434 BST [22286] HINT:  Consider increasing the configuration parameter "max_wal_size".
2024-07-30 17:30:56.434 BST [22286] LOG:  checkpoint starting: wal
2024-07-30 17:31:52.053 BST [22286] LOG:  checkpoint complete: wrote 60435 buffers (46.1%); 0 WAL file(s) added, 0 removed, 33 recycled; write=53.638 s, sync=1.742 s, total=55.619 s; sync files=787, longest=0.065 s, average=0.003 s; distance=537502 kB, estimate=537502 kB; lsn=0/406C5198, redo lsn=0/221CD788
2024-07-30 17:31:56.342 BST [22286] LOG:  checkpoint starting: wal
2024-07-30 17:31:59.689 BST [22286] LOG:  checkpoint complete: wrote 29 buffers (0.0%); 0 WAL file(s) added, 0 removed, 33 recycled; write=2.850 s, sync=0.331 s, total=3.347 s; sync files=29, longest=0.033 s, average=0.012 s; distance=539514 kB, estimate=539514 kB; lsn=0/448AF998, redo lsn=0/430AC280
2024-07-30 17:32:11.949 BST [22286] LOG:  checkpoints are occurring too frequently (15 seconds apart)
2024-07-30 17:32:11.949 BST [22286] HINT:  Consider increasing the configuration parameter "max_wal_size".
2024-07-30 17:32:11.949 BST [22286] LOG:  checkpoint starting: wal
2024-07-30 17:32:17.765 BST [22286] LOG:  checkpoint complete: wrote 45 buffers (0.0%); 0 WAL file(s) added, 0 removed, 33 recycled; write=4.514 s, sync=1.122 s, total=5.817 s; sync files=39, longest=1.051 s, average=0.029 s; distance=541076 kB, estimate=541076 kB; lsn=0/676F75C8, redo lsn=0/64111488
2024-07-30 17:32:42.438 BST [22478] LOG:  skipping vacuum of "t" --- lock not available
2024-07-30 17:33:11.177 BST [22286] LOG:  checkpoint starting: wal
2024-07-30 17:33:24.681 BST [22286] LOG:  checkpoint complete: wrote 125 buffers (0.1%); 0 WAL file(s) added, 0 removed, 33 recycled; write=10.923 s, sync=2.464 s, total=13.505 s; sync files=877, longest=0.999 s, average=0.003 s; distance=540264 kB, estimate=540995 kB; lsn=0/898637F0, redo lsn=0/850AB840
2024-07-30 17:33:24.681 BST [22286] LOG:  checkpoint starting: immediate force wait
2024-07-30 17:33:25.534 BST [22286] LOG:  checkpoint complete: wrote 8198 buffers (6.3%); 0 WAL file(s) added, 0 removed, 4 recycled; write=0.101 s, sync=0.686 s, total=0.853 s; sync files=454, longest=0.077 s, average=0.002 s; distance=73440 kB, estimate=494239 kB; lsn=0/898638C0, redo lsn=0/89863868
2024-07-30 17:34:44.648 BST [22284] LOG:  received fast shutdown request
2024-07-30 17:34:44.649 BST [22284] LOG:  aborting any active transactions
2024-07-30 17:34:44.651 BST [22284] LOG:  background worker "logical replication launcher" (PID 22291) exited with exit code 1
2024-07-30 17:34:44.651 BST [22286] LOG:  shutting down
2024-07-30 17:34:44.653 BST [22286] LOG:  checkpoint starting: shutdown immediate
2024-07-30 17:34:44.675 BST [22286] LOG:  checkpoint complete: wrote 64 buffers (0.0%); 0 WAL file(s) added, 0 removed, 0 recycled; write=0.011 s, sync=0.006 s, total=0.024 s; sync files=5, longest=0.002 s, average=0.002 s; distance=208 kB, estimate=444836 kB; lsn=0/89897A90, redo lsn=0/89897A90
2024-07-30 17:34:44.884 BST [22284] LOG:  database system is shut down
