2024-08-01 05:10:44.625 BST [1577690] LOG:  starting PostgreSQL 18devel on aarch64-unknown-linux-gnu, compiled by gcc (Debian 12.2.0-14) 12.2.0, 64-bit
2024-08-01 05:10:44.625 BST [1577690] LOG:  listening on IPv6 address "::1", port 5432
2024-08-01 05:10:44.625 BST [1577690] LOG:  listening on IPv4 address "127.0.0.1", port 5432
2024-08-01 05:10:44.646 BST [1577690] LOG:  listening on Unix socket "/tmp/.s.PGSQL.5432"
2024-08-01 05:10:44.655 BST [1577693] LOG:  database system was shut down at 2024-08-01 05:10:43 BST
2024-08-01 05:10:44.666 BST [1577690] LOG:  database system is ready to accept connections
2024-08-01 05:10:56.026 BST [1577691] LOG:  checkpoints are occurring too frequently (12 seconds apart)
2024-08-01 05:10:56.026 BST [1577691] HINT:  Consider increasing the configuration parameter "max_wal_size".
2024-08-01 05:10:56.027 BST [1577691] LOG:  checkpoint starting: wal
2024-08-01 05:11:59.155 BST [1577691] LOG:  checkpoint complete: wrote 60435 buffers (46.1%); 0 WAL file(s) added, 1 removed, 32 recycled; write=58.738 s, sync=4.017 s, total=63.129 s; sync files=787, longest=0.345 s, average=0.006 s; distance=537505 kB, estimate=537505 kB; lsn=0/418BBA40, redo lsn=0/221CE928
2024-08-01 05:12:01.117 BST [1577691] LOG:  checkpoint starting: wal
2024-08-01 05:12:05.174 BST [1577691] LOG:  checkpoint complete: wrote 29 buffers (0.0%); 0 WAL file(s) added, 0 removed, 33 recycled; write=2.824 s, sync=0.948 s, total=4.058 s; sync files=30, longest=0.122 s, average=0.032 s; distance=539514 kB, estimate=539514 kB; lsn=0/44EAD2E0, redo lsn=0/430AD470
2024-08-01 05:12:19.545 BST [1577691] LOG:  checkpoints are occurring too frequently (18 seconds apart)
2024-08-01 05:12:19.545 BST [1577691] HINT:  Consider increasing the configuration parameter "max_wal_size".
2024-08-01 05:12:19.545 BST [1577691] LOG:  checkpoint starting: wal
2024-08-01 05:12:30.017 BST [1577691] LOG:  checkpoint complete: wrote 45 buffers (0.0%); 0 WAL file(s) added, 0 removed, 33 recycled; write=8.853 s, sync=1.269 s, total=10.473 s; sync files=45, longest=0.138 s, average=0.029 s; distance=541076 kB, estimate=541076 kB; lsn=0/68A3FFD8, redo lsn=0/641126A8
2024-08-01 05:12:44.748 BST [1577865] LOG:  skipping vacuum of "t" --- lock not available
2024-08-01 05:13:12.294 BST [1577691] LOG:  checkpoint starting: wal
2024-08-01 05:13:28.741 BST [1577691] LOG:  checkpoint complete: wrote 127 buffers (0.1%); 0 WAL file(s) added, 0 removed, 33 recycled; write=12.194 s, sync=3.976 s, total=16.448 s; sync files=873, longest=3.830 s, average=0.005 s; distance=540264 kB, estimate=540995 kB; lsn=0/89866238, redo lsn=0/850AC938
2024-08-01 05:13:28.741 BST [1577691] LOG:  checkpoint starting: immediate force wait
2024-08-01 05:13:29.737 BST [1577691] LOG:  checkpoint complete: wrote 8198 buffers (6.3%); 0 WAL file(s) added, 0 removed, 4 recycled; write=0.063 s, sync=0.867 s, total=0.996 s; sync files=454, longest=0.765 s, average=0.002 s; distance=73446 kB, estimate=494240 kB; lsn=0/89866308, redo lsn=0/898662B0
2024-08-01 05:14:44.968 BST [1577690] LOG:  received fast shutdown request
2024-08-01 05:14:44.980 BST [1577690] LOG:  aborting any active transactions
2024-08-01 05:14:44.980 BST [1577690] LOG:  background worker "logical replication launcher" (PID 1577696) exited with exit code 1
2024-08-01 05:14:44.981 BST [1577691] LOG:  shutting down
2024-08-01 05:14:44.985 BST [1577691] LOG:  checkpoint starting: shutdown immediate
2024-08-01 05:14:45.015 BST [1577691] LOG:  checkpoint complete: wrote 65 buffers (0.0%); 0 WAL file(s) added, 0 removed, 0 recycled; write=0.009 s, sync=0.005 s, total=0.035 s; sync files=5, longest=0.005 s, average=0.001 s; distance=210 kB, estimate=444837 kB; lsn=0/8989AC40, redo lsn=0/8989AC40
2024-08-01 05:14:45.085 BST [1577690] LOG:  database system is shut down
