2024-07-31 13:22:23.303 BST [4750] LOG:  starting PostgreSQL 18devel on armv8l-unknown-linux-gnueabihf, compiled by gcc (Raspbian 12.2.0-14+rpi1) 12.2.0, 32-bit
2024-07-31 13:22:23.303 BST [4750] LOG:  listening on IPv6 address "::1", port 5432
2024-07-31 13:22:23.303 BST [4750] LOG:  listening on IPv4 address "127.0.0.1", port 5432
2024-07-31 13:22:23.318 BST [4750] LOG:  listening on Unix socket "/tmp/.s.PGSQL.5432"
2024-07-31 13:22:23.322 BST [4753] LOG:  database system was shut down at 2024-07-31 13:22:20 BST
2024-07-31 13:22:23.328 BST [4750] LOG:  database system is ready to accept connections
2024-07-31 13:22:37.195 BST [4751] LOG:  checkpoints are occurring too frequently (14 seconds apart)
2024-07-31 13:22:37.195 BST [4751] HINT:  Consider increasing the configuration parameter "max_wal_size".
2024-07-31 13:22:37.195 BST [4751] LOG:  checkpoint starting: wal
2024-07-31 13:23:28.652 BST [4751] LOG:  checkpoint complete: wrote 60435 buffers (46.1%); 0 WAL file(s) added, 0 removed, 33 recycled; write=49.622 s, sync=1.640 s, total=51.458 s; sync files=787, longest=0.064 s, average=0.003 s; distance=537502 kB, estimate=537502 kB; lsn=0/40CC1940, redo lsn=0/221CD788
2024-07-31 13:23:32.330 BST [4751] LOG:  checkpoint starting: wal
2024-07-31 13:23:35.505 BST [4751] LOG:  checkpoint complete: wrote 28 buffers (0.0%); 0 WAL file(s) added, 0 removed, 33 recycled; write=2.741 s, sync=0.295 s, total=3.176 s; sync files=30, longest=0.025 s, average=0.010 s; distance=539514 kB, estimate=539514 kB; lsn=0/448AF930, redo lsn=0/430AC280
2024-07-31 13:23:47.045 BST [4751] LOG:  checkpoints are occurring too frequently (15 seconds apart)
2024-07-31 13:23:47.045 BST [4751] HINT:  Consider increasing the configuration parameter "max_wal_size".
2024-07-31 13:23:47.045 BST [4751] LOG:  checkpoint starting: wal
2024-07-31 13:23:52.827 BST [4751] LOG:  checkpoint complete: wrote 45 buffers (0.0%); 0 WAL file(s) added, 0 removed, 33 recycled; write=4.469 s, sync=1.161 s, total=5.782 s; sync files=40, longest=1.072 s, average=0.030 s; distance=541076 kB, estimate=541076 kB; lsn=0/67CF38A8, redo lsn=0/64111488
2024-07-31 13:24:23.411 BST [4944] LOG:  skipping vacuum of "t" --- lock not available
2024-07-31 13:24:40.211 BST [4751] LOG:  checkpoint starting: wal
2024-07-31 13:24:52.549 BST [4751] LOG:  checkpoint complete: wrote 125 buffers (0.1%); 0 WAL file(s) added, 0 removed, 33 recycled; write=9.926 s, sync=2.283 s, total=12.338 s; sync files=876, longest=1.007 s, average=0.003 s; distance=540265 kB, estimate=540995 kB; lsn=0/8983ED40, redo lsn=0/850ABAA8
2024-07-31 13:24:52.549 BST [4751] LOG:  checkpoint starting: immediate force wait
2024-07-31 13:24:53.383 BST [4751] LOG:  checkpoint complete: wrote 8166 buffers (6.2%); 0 WAL file(s) added, 0 removed, 4 recycled; write=0.093 s, sync=0.690 s, total=0.834 s; sync files=449, longest=0.084 s, average=0.002 s; distance=73292 kB, estimate=494225 kB; lsn=0/8983EE10, redo lsn=0/8983EDB8
2024-07-31 13:26:06.791 BST [4750] LOG:  received fast shutdown request
2024-07-31 13:26:06.800 BST [4750] LOG:  aborting any active transactions
2024-07-31 13:26:06.803 BST [4750] LOG:  background worker "logical replication launcher" (PID 4756) exited with exit code 1
2024-07-31 13:26:06.803 BST [4751] LOG:  shutting down
2024-07-31 13:26:06.804 BST [4751] LOG:  checkpoint starting: shutdown immediate
2024-07-31 13:26:06.833 BST [4751] LOG:  checkpoint complete: wrote 96 buffers (0.1%); 0 WAL file(s) added, 0 removed, 0 recycled; write=0.011 s, sync=0.012 s, total=0.030 s; sync files=10, longest=0.002 s, average=0.002 s; distance=354 kB, estimate=444838 kB; lsn=0/89897830, redo lsn=0/89897830
2024-07-31 13:26:07.038 BST [4750] LOG:  database system is shut down
