2024-07-31 17:08:15.082 CEST [1196357] LOG:  starting PostgreSQL 18devel on x86_64-pc-linux-gnu, compiled by gcc (Debian 12.2.0-14) 12.2.0, 64-bit
2024-07-31 17:08:15.082 CEST [1196357] LOG:  listening on IPv6 address "::1", port 5432
2024-07-31 17:08:15.082 CEST [1196357] LOG:  listening on IPv4 address "127.0.0.1", port 5432
2024-07-31 17:08:15.083 CEST [1196357] LOG:  listening on Unix socket "/tmp/.s.PGSQL.5432"
2024-07-31 17:08:15.086 CEST [1196360] LOG:  database system was shut down at 2024-07-31 17:08:13 CEST
2024-07-31 17:08:15.090 CEST [1196357] LOG:  database system is ready to accept connections
2024-07-31 17:08:23.724 CEST [1196358] LOG:  checkpoints are occurring too frequently (8 seconds apart)
2024-07-31 17:08:23.724 CEST [1196358] HINT:  Consider increasing the configuration parameter "max_wal_size".
2024-07-31 17:08:23.724 CEST [1196358] LOG:  checkpoint starting: wal
2024-07-31 17:08:31.576 CEST [1196358] LOG:  checkpoint complete: wrote 39345 buffers (15.0%); 0 WAL file(s) added, 0 removed, 33 recycled; write=7.434 s, sync=0.345 s, total=7.853 s; sync files=345, longest=0.232 s, average=0.001 s; distance=535643 kB, estimate=535643 kB; lsn=0/40968948, redo lsn=0/22002068
2024-07-31 17:08:32.202 CEST [1196358] LOG:  checkpoints are occurring too frequently (9 seconds apart)
2024-07-31 17:08:32.202 CEST [1196358] HINT:  Consider increasing the configuration parameter "max_wal_size".
2024-07-31 17:08:32.202 CEST [1196358] LOG:  checkpoint starting: wal
2024-07-31 17:08:39.089 CEST [1196358] LOG:  checkpoint complete: wrote 40272 buffers (15.4%); 0 WAL file(s) added, 1 removed, 32 recycled; write=6.615 s, sync=0.206 s, total=6.887 s; sync files=3, longest=0.200 s, average=0.069 s; distance=554980 kB, estimate=554980 kB; lsn=0/62146130, redo lsn=0/43DFB300
2024-07-31 17:08:39.510 CEST [1196358] LOG:  checkpoints are occurring too frequently (7 seconds apart)
2024-07-31 17:08:39.510 CEST [1196358] HINT:  Consider increasing the configuration parameter "max_wal_size".
2024-07-31 17:08:39.512 CEST [1196358] LOG:  checkpoint starting: wal
2024-07-31 17:09:04.779 CEST [1196358] LOG:  checkpoint complete: wrote 38462 buffers (14.7%); 0 WAL file(s) added, 0 removed, 33 recycled; write=24.507 s, sync=0.730 s, total=25.270 s; sync files=12, longest=0.123 s, average=0.061 s; distance=529867 kB, estimate=552469 kB; lsn=0/82399060, redo lsn=0/6436E0B8
2024-07-31 17:09:07.395 CEST [1196358] LOG:  checkpoints are occurring too frequently (28 seconds apart)
2024-07-31 17:09:07.395 CEST [1196358] HINT:  Consider increasing the configuration parameter "max_wal_size".
2024-07-31 17:09:07.395 CEST [1196358] LOG:  checkpoint starting: wal
2024-07-31 17:09:18.142 CEST [1196358] LOG:  checkpoint complete: wrote 69744 buffers (26.6%); 0 WAL file(s) added, 3 removed, 30 recycled; write=9.914 s, sync=0.752 s, total=10.748 s; sync files=21, longest=0.444 s, average=0.036 s; distance=552971 kB, estimate=552971 kB; lsn=0/A601BB98, redo lsn=0/85F70F08
2024-07-31 17:09:18.142 CEST [1196358] LOG:  checkpoints are occurring too frequently (11 seconds apart)
2024-07-31 17:09:18.142 CEST [1196358] HINT:  Consider increasing the configuration parameter "max_wal_size".
2024-07-31 17:09:18.142 CEST [1196358] LOG:  checkpoint starting: wal
2024-07-31 17:09:20.811 CEST [1196358] LOG:  checkpoint complete: wrote 27 buffers (0.0%); 0 WAL file(s) added, 0 removed, 33 recycled; write=2.612 s, sync=0.006 s, total=2.669 s; sync files=20, longest=0.001 s, average=0.001 s; distance=527019 kB, estimate=550376 kB; lsn=0/BA4F2C58, redo lsn=0/A621BE50
2024-07-31 17:09:24.647 CEST [1196358] LOG:  checkpoints are occurring too frequently (6 seconds apart)
2024-07-31 17:09:24.647 CEST [1196358] HINT:  Consider increasing the configuration parameter "max_wal_size".
2024-07-31 17:09:24.647 CEST [1196358] LOG:  checkpoint starting: wal
2024-07-31 17:09:25.731 CEST [1196358] LOG:  checkpoint complete: wrote 8 buffers (0.0%); 0 WAL file(s) added, 0 removed, 33 recycled; write=0.813 s, sync=0.235 s, total=1.085 s; sync files=7, longest=0.233 s, average=0.034 s; distance=541990 kB, estimate=549537 kB; lsn=0/C7365AA8, redo lsn=0/C7365A00
2024-07-31 17:09:54.854 CEST [1196358] LOG:  checkpoint starting: wal
2024-07-31 17:09:56.486 CEST [1196358] LOG:  checkpoint complete: wrote 9 buffers (0.0%); 0 WAL file(s) added, 0 removed, 33 recycled; write=0.931 s, sync=0.665 s, total=1.632 s; sync files=19, longest=0.077 s, average=0.035 s; distance=551562 kB, estimate=551562 kB; lsn=0/E8E48760, redo lsn=0/E8E08408
2024-07-31 17:10:00.462 CEST [1196358] LOG:  checkpoint starting: immediate force wait
2024-07-31 17:10:01.508 CEST [1196358] LOG:  checkpoint complete: wrote 1951 buffers (0.7%); 0 WAL file(s) added, 0 removed, 5 recycled; write=0.035 s, sync=0.992 s, total=1.047 s; sync files=418, longest=0.803 s, average=0.003 s; distance=79353 kB, estimate=504341 kB; lsn=0/EDB86C50, redo lsn=0/EDB86BF8
2024-07-31 17:11:11.695 CEST [1196357] LOG:  received fast shutdown request
2024-07-31 17:11:11.695 CEST [1196357] LOG:  aborting any active transactions
2024-07-31 17:11:11.696 CEST [1196357] LOG:  background worker "logical replication launcher" (PID 1196363) exited with exit code 1
2024-07-31 17:11:11.698 CEST [1196358] LOG:  shutting down
2024-07-31 17:11:11.698 CEST [1196358] LOG:  checkpoint starting: shutdown immediate
2024-07-31 17:11:11.705 CEST [1196358] LOG:  checkpoint complete: wrote 72 buffers (0.0%); 0 WAL file(s) added, 0 removed, 0 recycled; write=0.005 s, sync=0.002 s, total=0.008 s; sync files=10, longest=0.001 s, average=0.001 s; distance=254 kB, estimate=453932 kB; lsn=0/EDBC6748, redo lsn=0/EDBC6748
2024-07-31 17:11:12.006 CEST [1196357] LOG:  database system is shut down
