2024-08-01 01:35:24.211 CEST [3438576] LOG:  starting PostgreSQL 18devel on x86_64-pc-linux-gnu, compiled by gcc (Debian 12.2.0-14) 12.2.0, 64-bit
2024-08-01 01:35:24.211 CEST [3438576] LOG:  listening on IPv6 address "::1", port 5432
2024-08-01 01:35:24.211 CEST [3438576] LOG:  listening on IPv4 address "127.0.0.1", port 5432
2024-08-01 01:35:24.213 CEST [3438576] LOG:  listening on Unix socket "/tmp/.s.PGSQL.5432"
2024-08-01 01:35:24.215 CEST [3438579] LOG:  database system was shut down at 2024-08-01 01:35:22 CEST
2024-08-01 01:35:24.220 CEST [3438576] LOG:  database system is ready to accept connections
2024-08-01 01:35:32.666 CEST [3438577] LOG:  checkpoints are occurring too frequently (8 seconds apart)
2024-08-01 01:35:32.666 CEST [3438577] HINT:  Consider increasing the configuration parameter "max_wal_size".
2024-08-01 01:35:32.666 CEST [3438577] LOG:  checkpoint starting: wal
2024-08-01 01:35:40.324 CEST [3438577] LOG:  checkpoint complete: wrote 55413 buffers (21.1%); 0 WAL file(s) added, 1 removed, 32 recycled; write=6.953 s, sync=0.643 s, total=7.658 s; sync files=707, longest=0.447 s, average=0.001 s; distance=549179 kB, estimate=549179 kB; lsn=0/41A0A500, redo lsn=0/22D3A1A8
2024-08-01 01:35:40.694 CEST [3438577] LOG:  checkpoints are occurring too frequently (8 seconds apart)
2024-08-01 01:35:40.694 CEST [3438577] HINT:  Consider increasing the configuration parameter "max_wal_size".
2024-08-01 01:35:40.694 CEST [3438577] LOG:  checkpoint starting: wal
2024-08-01 01:35:47.024 CEST [3438577] LOG:  checkpoint complete: wrote 61029 buffers (23.3%); 0 WAL file(s) added, 2 removed, 32 recycled; write=5.813 s, sync=0.431 s, total=6.330 s; sync files=4, longest=0.265 s, average=0.108 s; distance=543538 kB, estimate=548615 kB; lsn=0/630000B0, redo lsn=0/44006A70
2024-08-01 01:35:47.451 CEST [3438577] LOG:  checkpoints are occurring too frequently (7 seconds apart)
2024-08-01 01:35:47.451 CEST [3438577] HINT:  Consider increasing the configuration parameter "max_wal_size".
2024-08-01 01:35:47.453 CEST [3438577] LOG:  checkpoint starting: wal
2024-08-01 01:35:53.993 CEST [3438577] LOG:  checkpoint complete: wrote 61157 buffers (23.3%); 0 WAL file(s) added, 1 removed, 32 recycled; write=5.981 s, sync=0.479 s, total=6.543 s; sync files=4, longest=0.469 s, average=0.120 s; distance=544301 kB, estimate=548183 kB; lsn=0/848705F0, redo lsn=0/653920C0
2024-08-01 01:35:54.334 CEST [3438577] LOG:  checkpoints are occurring too frequently (7 seconds apart)
2024-08-01 01:35:54.334 CEST [3438577] HINT:  Consider increasing the configuration parameter "max_wal_size".
2024-08-01 01:35:54.335 CEST [3438577] LOG:  checkpoint starting: wal
2024-08-01 01:36:00.915 CEST [3438577] LOG:  checkpoint complete: wrote 61563 buffers (23.5%); 0 WAL file(s) added, 2 removed, 31 recycled; write=5.994 s, sync=0.499 s, total=6.582 s; sync files=4, longest=0.366 s, average=0.125 s; distance=548063 kB, estimate=548171 kB; lsn=0/A6002100, redo lsn=0/86ACA070
2024-08-01 01:36:01.082 CEST [3438577] LOG:  checkpoints are occurring too frequently (7 seconds apart)
2024-08-01 01:36:01.082 CEST [3438577] HINT:  Consider increasing the configuration parameter "max_wal_size".
2024-08-01 01:36:01.085 CEST [3438577] LOG:  checkpoint starting: wal
2024-08-01 01:36:07.383 CEST [3438577] LOG:  checkpoint complete: wrote 59497 buffers (22.7%); 0 WAL file(s) added, 0 removed, 33 recycled; write=5.750 s, sync=0.483 s, total=6.301 s; sync files=4, longest=0.471 s, average=0.121 s; distance=530112 kB, estimate=546365 kB; lsn=0/C5D4FDD0, redo lsn=0/A707A150
2024-08-01 01:36:07.812 CEST [3438577] LOG:  checkpoints are occurring too frequently (6 seconds apart)
2024-08-01 01:36:07.812 CEST [3438577] HINT:  Consider increasing the configuration parameter "max_wal_size".
2024-08-01 01:36:07.814 CEST [3438577] LOG:  checkpoint starting: wal
2024-08-01 01:36:14.432 CEST [3438577] LOG:  checkpoint complete: wrote 61468 buffers (23.4%); 0 WAL file(s) added, 1 removed, 32 recycled; write=5.959 s, sync=0.575 s, total=6.620 s; sync files=3, longest=0.572 s, average=0.192 s; distance=547207 kB, estimate=547207 kB; lsn=0/E73ED890, redo lsn=0/C86DC078
2024-08-01 01:36:14.842 CEST [3438577] LOG:  checkpoints are occurring too frequently (7 seconds apart)
2024-08-01 01:36:14.842 CEST [3438577] HINT:  Consider increasing the configuration parameter "max_wal_size".
2024-08-01 01:36:14.842 CEST [3438577] LOG:  checkpoint starting: wal
2024-08-01 01:36:21.414 CEST [3438577] LOG:  checkpoint complete: wrote 61651 buffers (23.5%); 0 WAL file(s) added, 1 removed, 32 recycled; write=5.857 s, sync=0.602 s, total=6.572 s; sync files=4, longest=0.567 s, average=0.151 s; distance=548735 kB, estimate=548735 kB; lsn=1/8C77908, redo lsn=0/E9EBBD28
2024-08-01 01:36:21.605 CEST [3438577] LOG:  checkpoints are occurring too frequently (7 seconds apart)
2024-08-01 01:36:21.605 CEST [3438577] HINT:  Consider increasing the configuration parameter "max_wal_size".
2024-08-01 01:36:21.607 CEST [3438577] LOG:  checkpoint starting: wal
2024-08-01 01:36:28.239 CEST [3438577] LOG:  checkpoint complete: wrote 59479 buffers (22.7%); 0 WAL file(s) added, 1 removed, 32 recycled; write=6.010 s, sync=0.533 s, total=6.635 s; sync files=3, longest=0.529 s, average=0.178 s; distance=529481 kB, estimate=546809 kB; lsn=1/29CAEC70, redo lsn=1/A3CE1A8
2024-08-01 01:36:28.445 CEST [3438577] LOG:  checkpoints are occurring too frequently (7 seconds apart)
2024-08-01 01:36:28.445 CEST [3438577] HINT:  Consider increasing the configuration parameter "max_wal_size".
2024-08-01 01:36:28.448 CEST [3438577] LOG:  checkpoint starting: wal
2024-08-01 01:36:42.639 CEST [3438577] LOG:  checkpoint complete: wrote 60679 buffers (23.1%); 0 WAL file(s) added, 1 removed, 32 recycled; write=9.662 s, sync=4.483 s, total=14.194 s; sync files=8, longest=1.890 s, average=0.561 s; distance=540688 kB, estimate=546197 kB; lsn=1/4A114CF0, redo lsn=1/2B3D21E0
2024-08-01 01:36:43.283 CEST [3438577] LOG:  checkpoints are occurring too frequently (15 seconds apart)
2024-08-01 01:36:43.283 CEST [3438577] HINT:  Consider increasing the configuration parameter "max_wal_size".
2024-08-01 01:36:43.284 CEST [3438577] LOG:  checkpoint starting: wal
2024-08-01 01:37:16.537 CEST [3438577] LOG:  checkpoint complete: wrote 249004 buffers (95.0%); 0 WAL file(s) added, 1 removed, 32 recycled; write=32.215 s, sync=0.999 s, total=33.254 s; sync files=32, longest=0.132 s, average=0.032 s; distance=550768 kB, estimate=550768 kB; lsn=1/6BC00070, redo lsn=1/4CDAE250
2024-08-01 01:37:19.290 CEST [3438577] LOG:  checkpoint starting: wal
2024-08-01 01:37:24.303 CEST [3438629] LOG:  skipping vacuum of "t" --- lock not available
2024-08-01 01:37:25.427 CEST [3438577] LOG:  checkpoint complete: wrote 60 buffers (0.0%); 0 WAL file(s) added, 0 removed, 33 recycled; write=5.922 s, sync=0.185 s, total=6.141 s; sync files=141, longest=0.113 s, average=0.002 s; distance=527262 kB, estimate=548417 kB; lsn=1/734EDDE0, redo lsn=1/6D095B10
2024-08-01 01:37:56.918 CEST [3438577] LOG:  checkpoint starting: wal
2024-08-01 01:38:24.321 CEST [3438646] LOG:  skipping vacuum of "t" --- lock not available
2024-08-01 01:38:31.353 CEST [3438577] LOG:  checkpoint complete: wrote 755 buffers (0.3%); 0 WAL file(s) added, 0 removed, 33 recycled; write=33.697 s, sync=0.712 s, total=34.437 s; sync files=288, longest=0.125 s, average=0.003 s; distance=549352 kB, estimate=549352 kB; lsn=1/AB766C00, redo lsn=1/8E90FB80
2024-08-01 01:38:32.687 CEST [3438577] LOG:  checkpoint starting: wal
2024-08-01 01:38:42.638 CEST [3438577] LOG:  checkpoint complete: wrote 97 buffers (0.0%); 0 WAL file(s) added, 0 removed, 33 recycled; write=9.629 s, sync=0.287 s, total=9.952 s; sync files=30, longest=0.097 s, average=0.010 s; distance=534716 kB, estimate=547888 kB; lsn=1/B6B00140, redo lsn=1/AF33EC70
2024-08-01 01:39:12.039 CEST [3438577] LOG:  checkpoint starting: wal
2024-08-01 01:39:14.689 CEST [3438577] LOG:  checkpoint complete: wrote 20 buffers (0.0%); 0 WAL file(s) added, 0 removed, 33 recycled; write=1.911 s, sync=0.710 s, total=2.654 s; sync files=24, longest=0.123 s, average=0.030 s; distance=539524 kB, estimate=547052 kB; lsn=1/D0E00100, redo lsn=1/D021FD50
2024-08-01 01:39:24.339 CEST [3438662] LOG:  skipping vacuum of "t" --- lock not available
2024-08-01 01:39:51.830 CEST [3438577] LOG:  checkpoint starting: wal
2024-08-01 01:39:54.555 CEST [3438577] LOG:  checkpoint complete: wrote 20 buffers (0.0%); 0 WAL file(s) added, 0 removed, 33 recycled; write=1.911 s, sync=0.789 s, total=2.726 s; sync files=26, longest=0.118 s, average=0.031 s; distance=549429 kB, estimate=549429 kB; lsn=1/F28B40F8, redo lsn=1/F1AAD458
2024-08-01 01:40:24.356 CEST [3438679] LOG:  skipping vacuum of "t" --- lock not available
2024-08-01 01:40:31.901 CEST [3438577] LOG:  checkpoint starting: wal
2024-08-01 01:40:34.581 CEST [3438577] LOG:  checkpoint complete: wrote 19 buffers (0.0%); 0 WAL file(s) added, 0 removed, 33 recycled; write=1.811 s, sync=0.841 s, total=2.683 s; sync files=26, longest=0.126 s, average=0.033 s; distance=532310 kB, estimate=547717 kB; lsn=2/14369588, redo lsn=2/12282DC0
2024-08-01 01:41:12.840 CEST [3438577] LOG:  checkpoint starting: wal
2024-08-01 01:41:15.218 CEST [3438577] LOG:  checkpoint complete: wrote 18 buffers (0.0%); 0 WAL file(s) added, 0 removed, 33 recycled; write=1.711 s, sync=0.638 s, total=2.380 s; sync files=27, longest=0.113 s, average=0.024 s; distance=545459 kB, estimate=547492 kB; lsn=2/35E14D50, redo lsn=2/3372FCC8
2024-08-01 01:41:24.376 CEST [3438697] LOG:  skipping vacuum of "t" --- lock not available
2024-08-01 01:41:54.150 CEST [3438577] LOG:  checkpoint starting: wal
2024-08-01 01:41:56.310 CEST [3438577] LOG:  checkpoint complete: wrote 16 buffers (0.0%); 0 WAL file(s) added, 0 removed, 33 recycled; write=1.510 s, sync=0.620 s, total=2.160 s; sync files=25, longest=0.112 s, average=0.025 s; distance=537326 kB, estimate=546475 kB; lsn=2/578BFD70, redo lsn=2/543EB6A0
2024-08-01 01:42:24.395 CEST [3438713] LOG:  skipping vacuum of "t" --- lock not available
2024-08-01 01:42:32.714 CEST [3438577] LOG:  checkpoint starting: wal
2024-08-01 01:42:35.021 CEST [3438577] LOG:  checkpoint complete: wrote 18 buffers (0.0%); 0 WAL file(s) added, 0 removed, 33 recycled; write=1.711 s, sync=0.568 s, total=2.309 s; sync files=23, longest=0.108 s, average=0.025 s; distance=543236 kB, estimate=546151 kB; lsn=2/75795178, redo lsn=2/7566C938
2024-08-01 01:43:15.835 CEST [3438577] LOG:  checkpoint starting: wal
2024-08-01 01:43:17.785 CEST [3438577] LOG:  checkpoint complete: wrote 14 buffers (0.0%); 0 WAL file(s) added, 0 removed, 33 recycled; write=1.310 s, sync=0.618 s, total=1.954 s; sync files=24, longest=0.107 s, average=0.026 s; distance=537765 kB, estimate=545313 kB; lsn=2/97242400, redo lsn=2/96396118
2024-08-01 01:43:24.413 CEST [3438728] LOG:  skipping vacuum of "t" --- lock not available
2024-08-01 01:43:59.634 CEST [3438577] LOG:  checkpoint starting: wal
2024-08-01 01:44:02.465 CEST [3438577] LOG:  checkpoint complete: wrote 23 buffers (0.0%); 0 WAL file(s) added, 0 removed, 33 recycled; write=2.212 s, sync=0.594 s, total=2.836 s; sync files=27, longest=0.107 s, average=0.022 s; distance=537384 kB, estimate=544520 kB; lsn=2/B8CFE2A0, redo lsn=2/B70602F8
2024-08-01 01:44:07.958 CEST [3438577] LOG:  checkpoints are occurring too frequently (8 seconds apart)
2024-08-01 01:44:07.958 CEST [3438577] HINT:  Consider increasing the configuration parameter "max_wal_size".
2024-08-01 01:44:07.958 CEST [3438577] LOG:  checkpoint starting: wal
2024-08-01 01:44:11.665 CEST [3438577] LOG:  checkpoint complete: wrote 26 buffers (0.0%); 0 WAL file(s) added, 0 removed, 34 recycled; write=2.511 s, sync=1.150 s, total=3.707 s; sync files=17, longest=1.058 s, average=0.068 s; distance=556819 kB, estimate=556819 kB; lsn=2/F4223CD8, redo lsn=2/D9025000
2024-08-01 01:44:12.439 CEST [3438577] LOG:  checkpoints are occurring too frequently (5 seconds apart)
2024-08-01 01:44:12.439 CEST [3438577] HINT:  Consider increasing the configuration parameter "max_wal_size".
2024-08-01 01:44:12.439 CEST [3438577] LOG:  checkpoint starting: wal
2024-08-01 01:44:12.501 CEST [3438577] LOG:  checkpoint complete: wrote 0 buffers (0.0%); 0 WAL file(s) added, 0 removed, 34 recycled; write=0.006 s, sync=0.001 s, total=0.062 s; sync files=0, longest=0.000 s, average=0.000 s; distance=557120 kB, estimate=557120 kB; lsn=2/FB358840, redo lsn=2/FB0352D8
2024-08-01 01:44:15.864 CEST [3438577] LOG:  checkpoints are occurring too frequently (3 seconds apart)
2024-08-01 01:44:15.864 CEST [3438577] HINT:  Consider increasing the configuration parameter "max_wal_size".
2024-08-01 01:44:15.864 CEST [3438577] LOG:  checkpoint starting: wal
2024-08-01 01:44:15.922 CEST [3438577] LOG:  checkpoint complete: wrote 0 buffers (0.0%); 0 WAL file(s) added, 0 removed, 33 recycled; write=0.005 s, sync=0.001 s, total=0.059 s; sync files=0, longest=0.000 s, average=0.000 s; distance=553907 kB, estimate=556799 kB; lsn=3/1D045640, redo lsn=3/1CD220E0
2024-08-01 01:44:19.184 CEST [3438577] LOG:  checkpoints are occurring too frequently (4 seconds apart)
2024-08-01 01:44:19.184 CEST [3438577] HINT:  Consider increasing the configuration parameter "max_wal_size".
2024-08-01 01:44:19.185 CEST [3438577] LOG:  checkpoint starting: wal
2024-08-01 01:44:19.239 CEST [3438577] LOG:  checkpoint complete: wrote 0 buffers (0.0%); 0 WAL file(s) added, 0 removed, 33 recycled; write=0.005 s, sync=0.001 s, total=0.055 s; sync files=0, longest=0.000 s, average=0.000 s; distance=538335 kB, estimate=554953 kB; lsn=3/3DDFD5E8, redo lsn=3/3DADA098
2024-08-01 01:44:22.531 CEST [3438577] LOG:  checkpoints are occurring too frequently (3 seconds apart)
2024-08-01 01:44:22.531 CEST [3438577] HINT:  Consider increasing the configuration parameter "max_wal_size".
2024-08-01 01:44:22.531 CEST [3438577] LOG:  checkpoint starting: wal
2024-08-01 01:44:22.597 CEST [3438577] LOG:  checkpoint complete: wrote 0 buffers (0.0%); 0 WAL file(s) added, 0 removed, 34 recycled; write=0.006 s, sync=0.001 s, total=0.067 s; sync files=0, longest=0.000 s, average=0.000 s; distance=545998 kB, estimate=554057 kB; lsn=3/5F2F3198, redo lsn=3/5F00D8E0
2024-08-01 01:44:24.431 CEST [3438741] LOG:  skipping vacuum of "t" --- lock not available
2024-08-01 01:44:25.949 CEST [3438577] LOG:  checkpoints are occurring too frequently (3 seconds apart)
2024-08-01 01:44:25.949 CEST [3438577] HINT:  Consider increasing the configuration parameter "max_wal_size".
2024-08-01 01:44:25.949 CEST [3438577] LOG:  checkpoint starting: wal
2024-08-01 01:44:26.008 CEST [3438577] LOG:  checkpoint complete: wrote 0 buffers (0.0%); 0 WAL file(s) added, 0 removed, 33 recycled; write=0.005 s, sync=0.001 s, total=0.060 s; sync files=0, longest=0.000 s, average=0.000 s; distance=554154 kB, estimate=554154 kB; lsn=3/8105B8F8, redo lsn=3/80D38398
2024-08-01 01:44:29.285 CEST [3438577] LOG:  checkpoints are occurring too frequently (4 seconds apart)
2024-08-01 01:44:29.285 CEST [3438577] HINT:  Consider increasing the configuration parameter "max_wal_size".
2024-08-01 01:44:29.285 CEST [3438577] LOG:  checkpoint starting: wal
2024-08-01 01:44:29.349 CEST [3438577] LOG:  checkpoint complete: wrote 0 buffers (0.0%); 0 WAL file(s) added, 0 removed, 34 recycled; write=0.005 s, sync=0.001 s, total=0.064 s; sync files=0, longest=0.000 s, average=0.000 s; distance=543526 kB, estimate=553091 kB; lsn=3/A22E75D0, redo lsn=3/A2001D18
2024-08-01 01:44:39.560 CEST [3438577] LOG:  checkpoints are occurring too frequently (10 seconds apart)
2024-08-01 01:44:39.560 CEST [3438577] HINT:  Consider increasing the configuration parameter "max_wal_size".
2024-08-01 01:44:39.560 CEST [3438577] LOG:  checkpoint starting: wal
2024-08-01 01:44:40.778 CEST [3438577] LOG:  checkpoint complete: wrote 9 buffers (0.0%); 0 WAL file(s) added, 0 removed, 33 recycled; write=0.908 s, sync=0.268 s, total=1.219 s; sync files=6, longest=0.265 s, average=0.045 s; distance=543337 kB, estimate=552116 kB; lsn=3/CB058470, redo lsn=3/C329C140
2024-08-01 01:45:05.087 CEST [3438577] LOG:  checkpoints are occurring too frequently (26 seconds apart)
2024-08-01 01:45:05.087 CEST [3438577] HINT:  Consider increasing the configuration parameter "max_wal_size".
2024-08-01 01:45:05.087 CEST [3438577] LOG:  checkpoint starting: wal
2024-08-01 01:45:06.199 CEST [3438577] LOG:  checkpoint complete: wrote 5 buffers (0.0%); 0 WAL file(s) added, 0 removed, 33 recycled; write=0.526 s, sync=0.555 s, total=1.112 s; sync files=11, longest=0.125 s, average=0.051 s; distance=551248 kB, estimate=552029 kB; lsn=3/E506C0D8, redo lsn=3/E4CF03B0
2024-08-01 01:45:24.451 CEST [3438814] LOG:  skipping vacuum of "t" --- lock not available
2024-08-01 01:45:42.034 CEST [3438577] LOG:  checkpoint starting: wal
2024-08-01 01:45:43.719 CEST [3438577] LOG:  checkpoint complete: wrote 9 buffers (0.0%); 0 WAL file(s) added, 0 removed, 33 recycled; write=0.908 s, sync=0.752 s, total=1.688 s; sync files=16, longest=0.122 s, average=0.047 s; distance=531356 kB, estimate=549962 kB; lsn=4/6B0BC38, redo lsn=4/53D7780
2024-08-01 01:46:20.076 CEST [3438577] LOG:  checkpoint starting: wal
2024-08-01 01:46:21.729 CEST [3438577] LOG:  checkpoint complete: wrote 9 buffers (0.0%); 0 WAL file(s) added, 0 removed, 33 recycled; write=0.917 s, sync=0.715 s, total=1.655 s; sync files=15, longest=0.114 s, average=0.048 s; distance=549574 kB, estimate=549923 kB; lsn=4/285AC040, redo lsn=4/26C89188
2024-08-01 01:46:24.471 CEST [3438831] LOG:  skipping vacuum of "t" --- lock not available
2024-08-01 01:46:58.952 CEST [3438577] LOG:  checkpoint starting: wal
2024-08-01 01:47:00.702 CEST [3438577] LOG:  checkpoint complete: wrote 10 buffers (0.0%); 0 WAL file(s) added, 0 removed, 33 recycled; write=1.009 s, sync=0.718 s, total=1.753 s; sync files=15, longest=0.129 s, average=0.048 s; distance=534215 kB, estimate=548352 kB; lsn=4/4A04EF08, redo lsn=4/4763B128
2024-08-01 01:47:24.488 CEST [3438848] LOG:  skipping vacuum of "t" --- lock not available
2024-08-01 01:47:38.688 CEST [3438577] LOG:  checkpoint starting: wal
2024-08-01 01:47:40.709 CEST [3438577] LOG:  checkpoint complete: wrote 12 buffers (0.0%); 0 WAL file(s) added, 0 removed, 33 recycled; write=1.209 s, sync=0.784 s, total=2.022 s; sync files=15, longest=0.125 s, average=0.053 s; distance=544311 kB, estimate=547948 kB; lsn=4/6BAF0710, redo lsn=4/689C8F70
2024-08-01 01:48:15.524 CEST [3438577] LOG:  checkpoint starting: wal
2024-08-01 01:48:17.209 CEST [3438577] LOG:  checkpoint complete: wrote 10 buffers (0.0%); 0 WAL file(s) added, 0 removed, 33 recycled; write=1.012 s, sync=0.643 s, total=1.689 s; sync files=14, longest=0.119 s, average=0.046 s; distance=532432 kB, estimate=546397 kB; lsn=4/899BA1D0, redo lsn=4/891BD158
2024-08-01 01:48:24.508 CEST [3438864] LOG:  skipping vacuum of "t" --- lock not available
2024-08-01 01:48:56.887 CEST [3438577] LOG:  checkpoint starting: wal
2024-08-01 01:48:58.741 CEST [3438577] LOG:  checkpoint complete: wrote 12 buffers (0.0%); 0 WAL file(s) added, 0 removed, 33 recycled; write=1.210 s, sync=0.620 s, total=1.856 s; sync files=16, longest=0.111 s, average=0.039 s; distance=552218 kB, estimate=552218 kB; lsn=4/AB45A828, redo lsn=4/AAD03B20
2024-08-01 01:49:24.528 CEST [3438880] LOG:  skipping vacuum of "t" --- lock not available
2024-08-01 01:49:38.869 CEST [3438577] LOG:  checkpoint starting: wal
2024-08-01 01:49:40.483 CEST [3438577] LOG:  checkpoint complete: wrote 6 buffers (0.0%); 0 WAL file(s) added, 0 removed, 33 recycled; write=0.607 s, sync=0.976 s, total=1.618 s; sync files=15, longest=0.211 s, average=0.066 s; distance=531792 kB, estimate=550175 kB; lsn=4/CCEFBC18, redo lsn=4/CB457CE8
2024-08-01 01:50:21.684 CEST [3438577] LOG:  checkpoint starting: wal
2024-08-01 01:50:23.171 CEST [3438577] LOG:  checkpoint complete: wrote 7 buffers (0.0%); 0 WAL file(s) added, 0 removed, 33 recycled; write=0.722 s, sync=0.734 s, total=1.490 s; sync files=15, longest=0.132 s, average=0.049 s; distance=543442 kB, estimate=549502 kB; lsn=4/EE99F5C8, redo lsn=4/EC70C6A0
2024-08-01 01:50:24.547 CEST [3438897] LOG:  skipping vacuum of "t" --- lock not available
2024-08-01 01:51:05.160 CEST [3438577] LOG:  checkpoint starting: wal
2024-08-01 01:51:06.521 CEST [3438577] LOG:  checkpoint complete: wrote 6 buffers (0.0%); 0 WAL file(s) added, 0 removed, 33 recycled; write=0.608 s, sync=0.726 s, total=1.362 s; sync files=14, longest=0.172 s, average=0.052 s; distance=536847 kB, estimate=548237 kB; lsn=5/10441D20, redo lsn=5/D3504E8
2024-08-01 01:51:24.567 CEST [3438913] LOG:  skipping vacuum of "t" --- lock not available
2024-08-01 01:51:45.556 CEST [3438577] LOG:  checkpoint starting: wal
2024-08-01 01:51:46.877 CEST [3438577] LOG:  checkpoint complete: wrote 7 buffers (0.0%); 0 WAL file(s) added, 0 removed, 33 recycled; write=0.789 s, sync=0.508 s, total=1.325 s; sync files=14, longest=0.106 s, average=0.037 s; distance=538366 kB, estimate=547249 kB; lsn=5/2E30AE48, redo lsn=5/2E10FEC0
2024-08-01 01:52:24.521 CEST [3438577] LOG:  checkpoint starting: immediate force wait
2024-08-01 01:52:32.288 CEST [3438577] LOG:  checkpoint complete: wrote 12305 buffers (4.7%); 0 WAL file(s) added, 0 removed, 28 recycled; write=0.179 s, sync=7.548 s, total=7.767 s; sync files=782, longest=1.705 s, average=0.010 s; distance=469107 kB, estimate=539435 kB; lsn=5/4AB5F4F0, redo lsn=5/4AB2CCF8
2024-08-01 01:53:43.527 CEST [3438576] LOG:  received fast shutdown request
2024-08-01 01:53:43.528 CEST [3438576] LOG:  aborting any active transactions
2024-08-01 01:53:43.529 CEST [3438576] LOG:  background worker "logical replication launcher" (PID 3438582) exited with exit code 1
2024-08-01 01:53:43.531 CEST [3438577] LOG:  shutting down
2024-08-01 01:53:43.532 CEST [3438577] LOG:  checkpoint starting: shutdown immediate
2024-08-01 01:53:43.536 CEST [3438577] LOG:  checkpoint complete: wrote 0 buffers (0.0%); 0 WAL file(s) added, 0 removed, 0 recycled; write=0.004 s, sync=0.001 s, total=0.005 s; sync files=0, longest=0.000 s, average=0.000 s; distance=202 kB, estimate=485512 kB; lsn=5/4AB5F5A0, redo lsn=5/4AB5F5A0
2024-08-01 01:53:43.977 CEST [3438576] LOG:  database system is shut down
