2024-08-01 20:12:39.099 CEST [2776211] LOG:  starting PostgreSQL 18devel on x86_64-pc-linux-gnu, compiled by gcc (Debian 12.2.0-14) 12.2.0, 64-bit
2024-08-01 20:12:39.099 CEST [2776211] LOG:  listening on IPv6 address "::1", port 5432
2024-08-01 20:12:39.099 CEST [2776211] LOG:  listening on IPv4 address "127.0.0.1", port 5432
2024-08-01 20:12:39.117 CEST [2776211] LOG:  listening on Unix socket "/tmp/.s.PGSQL.5432"
2024-08-01 20:12:39.119 CEST [2776214] LOG:  database system was shut down at 2024-08-01 20:12:38 CEST
2024-08-01 20:12:39.123 CEST [2776211] LOG:  database system is ready to accept connections
2024-08-01 20:12:48.780 CEST [2776212] LOG:  checkpoints are occurring too frequently (9 seconds apart)
2024-08-01 20:12:48.780 CEST [2776212] HINT:  Consider increasing the configuration parameter "max_wal_size".
2024-08-01 20:12:48.780 CEST [2776212] LOG:  checkpoint starting: wal
2024-08-01 20:12:57.051 CEST [2776212] LOG:  checkpoint complete: wrote 39701 buffers (15.1%); 0 WAL file(s) added, 1 removed, 32 recycled; write=7.831 s, sync=0.358 s, total=8.272 s; sync files=345, longest=0.207 s, average=0.002 s; distance=540479 kB, estimate=540479 kB; lsn=0/4109F970, redo lsn=0/224BB308
2024-08-01 20:12:57.597 CEST [2776212] LOG:  checkpoints are occurring too frequently (9 seconds apart)
2024-08-01 20:12:57.597 CEST [2776212] HINT:  Consider increasing the configuration parameter "max_wal_size".
2024-08-01 20:12:57.597 CEST [2776212] LOG:  checkpoint starting: wal
2024-08-01 20:13:04.986 CEST [2776212] LOG:  checkpoint complete: wrote 39779 buffers (15.2%); 0 WAL file(s) added, 1 removed, 32 recycled; write=7.025 s, sync=0.268 s, total=7.390 s; sync files=3, longest=0.212 s, average=0.090 s; distance=548187 kB, estimate=548187 kB; lsn=0/62986318, redo lsn=0/43C12040
2024-08-01 20:13:05.378 CEST [2776212] LOG:  checkpoints are occurring too frequently (8 seconds apart)
2024-08-01 20:13:05.378 CEST [2776212] HINT:  Consider increasing the configuration parameter "max_wal_size".
2024-08-01 20:13:05.379 CEST [2776212] LOG:  checkpoint starting: wal
2024-08-01 20:13:31.281 CEST [2776212] LOG:  checkpoint complete: wrote 39035 buffers (14.9%); 0 WAL file(s) added, 2 removed, 31 recycled; write=25.318 s, sync=0.505 s, total=25.903 s; sync files=13, longest=0.079 s, average=0.039 s; distance=537856 kB, estimate=547154 kB; lsn=0/841313E0, redo lsn=0/64952080
2024-08-01 20:13:31.470 CEST [2776212] LOG:  checkpoints are occurring too frequently (26 seconds apart)
2024-08-01 20:13:31.470 CEST [2776212] HINT:  Consider increasing the configuration parameter "max_wal_size".
2024-08-01 20:13:31.472 CEST [2776212] LOG:  checkpoint starting: wal
2024-08-01 20:13:41.307 CEST [2776212] LOG:  checkpoint complete: wrote 68791 buffers (26.2%); 0 WAL file(s) added, 2 removed, 31 recycled; write=9.244 s, sync=0.507 s, total=9.837 s; sync files=20, longest=0.350 s, average=0.026 s; distance=534627 kB, estimate=545901 kB; lsn=0/A501BA88, redo lsn=0/8536AEC8
2024-08-01 20:13:41.457 CEST [2776212] LOG:  checkpoints are occurring too frequently (10 seconds apart)
2024-08-01 20:13:41.457 CEST [2776212] HINT:  Consider increasing the configuration parameter "max_wal_size".
2024-08-01 20:13:41.481 CEST [2776212] LOG:  checkpoint starting: wal
2024-08-01 20:13:44.134 CEST [2776212] LOG:  checkpoint complete: wrote 27 buffers (0.0%); 0 WAL file(s) added, 0 removed, 34 recycled; write=2.609 s, sync=0.009 s, total=2.677 s; sync files=20, longest=0.006 s, average=0.001 s; distance=553676 kB, estimate=553676 kB; lsn=0/BB1A22E8, redo lsn=0/A701DF38
2024-08-01 20:13:49.496 CEST [2776212] LOG:  checkpoints are occurring too frequently (8 seconds apart)
2024-08-01 20:13:49.496 CEST [2776212] HINT:  Consider increasing the configuration parameter "max_wal_size".
2024-08-01 20:13:49.498 CEST [2776212] LOG:  checkpoint starting: wal
2024-08-01 20:13:50.532 CEST [2776212] LOG:  checkpoint complete: wrote 8 buffers (0.0%); 0 WAL file(s) added, 0 removed, 33 recycled; write=0.806 s, sync=0.198 s, total=1.036 s; sync files=8, longest=0.196 s, average=0.025 s; distance=544997 kB, estimate=552808 kB; lsn=0/CAF473C8, redo lsn=0/C84575C8
2024-08-01 20:14:17.777 CEST [2776212] LOG:  checkpoints are occurring too frequently (28 seconds apart)
2024-08-01 20:14:17.777 CEST [2776212] HINT:  Consider increasing the configuration parameter "max_wal_size".
2024-08-01 20:14:17.777 CEST [2776212] LOG:  checkpoint starting: wal
2024-08-01 20:14:19.268 CEST [2776212] LOG:  checkpoint complete: wrote 9 buffers (0.0%); 0 WAL file(s) added, 0 removed, 33 recycled; write=0.906 s, sync=0.530 s, total=1.492 s; sync files=15, longest=0.075 s, average=0.036 s; distance=545194 kB, estimate=552046 kB; lsn=0/ECDD3E00, redo lsn=0/E98C2088
2024-08-01 20:14:20.761 CEST [2776212] LOG:  checkpoint starting: immediate force wait
2024-08-01 20:14:21.611 CEST [2776212] LOG:  checkpoint complete: wrote 1951 buffers (0.7%); 0 WAL file(s) added, 0 removed, 4 recycled; write=0.027 s, sync=0.804 s, total=0.851 s; sync files=417, longest=0.644 s, average=0.002 s; distance=68371 kB, estimate=503679 kB; lsn=0/EDB86FE0, redo lsn=0/EDB86F88
2024-08-01 20:15:31.917 CEST [2776211] LOG:  received fast shutdown request
2024-08-01 20:15:31.918 CEST [2776211] LOG:  aborting any active transactions
2024-08-01 20:15:31.919 CEST [2776211] LOG:  background worker "logical replication launcher" (PID 2776217) exited with exit code 1
2024-08-01 20:15:31.921 CEST [2776212] LOG:  shutting down
2024-08-01 20:15:31.922 CEST [2776212] LOG:  checkpoint starting: shutdown immediate
2024-08-01 20:15:31.933 CEST [2776212] LOG:  checkpoint complete: wrote 72 buffers (0.0%); 0 WAL file(s) added, 0 removed, 0 recycled; write=0.005 s, sync=0.003 s, total=0.012 s; sync files=10, longest=0.001 s, average=0.001 s; distance=247 kB, estimate=453336 kB; lsn=0/EDBC4CE0, redo lsn=0/EDBC4CE0
2024-08-01 20:15:32.203 CEST [2776211] LOG:  database system is shut down
