2024-08-01 13:00:07.816 BST [29562] LOG:  starting PostgreSQL 18devel on armv8l-unknown-linux-gnueabihf, compiled by gcc (Raspbian 12.2.0-14+rpi1) 12.2.0, 32-bit
2024-08-01 13:00:07.816 BST [29562] LOG:  listening on IPv6 address "::1", port 5432
2024-08-01 13:00:07.816 BST [29562] LOG:  listening on IPv4 address "127.0.0.1", port 5432
2024-08-01 13:00:07.834 BST [29562] LOG:  listening on Unix socket "/tmp/.s.PGSQL.5432"
2024-08-01 13:00:07.838 BST [29565] LOG:  database system was shut down at 2024-08-01 13:00:05 BST
2024-08-01 13:00:07.845 BST [29562] LOG:  database system is ready to accept connections
2024-08-01 13:00:21.613 BST [29563] LOG:  checkpoints are occurring too frequently (14 seconds apart)
2024-08-01 13:00:21.613 BST [29563] HINT:  Consider increasing the configuration parameter "max_wal_size".
2024-08-01 13:00:21.613 BST [29563] LOG:  checkpoint starting: wal
2024-08-01 13:01:14.687 BST [29563] LOG:  checkpoint complete: wrote 60435 buffers (46.1%); 0 WAL file(s) added, 0 removed, 33 recycled; write=51.145 s, sync=1.726 s, total=53.075 s; sync files=787, longest=0.065 s, average=0.003 s; distance=537502 kB, estimate=537502 kB; lsn=0/40CC1940, redo lsn=0/221CD788
2024-08-01 13:01:18.401 BST [29563] LOG:  checkpoint starting: wal
2024-08-01 13:01:21.682 BST [29563] LOG:  checkpoint complete: wrote 29 buffers (0.0%); 0 WAL file(s) added, 0 removed, 33 recycled; write=2.836 s, sync=0.293 s, total=3.281 s; sync files=30, longest=0.032 s, average=0.010 s; distance=539514 kB, estimate=539514 kB; lsn=0/448AF930, redo lsn=0/430AC280
2024-08-01 13:01:33.261 BST [29563] LOG:  checkpoints are occurring too frequently (15 seconds apart)
2024-08-01 13:01:33.261 BST [29563] HINT:  Consider increasing the configuration parameter "max_wal_size".
2024-08-01 13:01:33.261 BST [29563] LOG:  checkpoint starting: wal
2024-08-01 13:01:39.195 BST [29563] LOG:  checkpoint complete: wrote 45 buffers (0.0%); 0 WAL file(s) added, 0 removed, 33 recycled; write=4.527 s, sync=1.234 s, total=5.935 s; sync files=40, longest=1.082 s, average=0.031 s; distance=541076 kB, estimate=541076 kB; lsn=0/67F4FAD8, redo lsn=0/64111488
2024-08-01 13:02:07.924 BST [29758] LOG:  skipping vacuum of "t" --- lock not available
2024-08-01 13:02:27.220 BST [29563] LOG:  checkpoint starting: wal
2024-08-01 13:02:39.411 BST [29563] LOG:  checkpoint complete: wrote 125 buffers (0.1%); 0 WAL file(s) added, 0 removed, 33 recycled; write=9.592 s, sync=2.472 s, total=12.192 s; sync files=876, longest=1.017 s, average=0.003 s; distance=540265 kB, estimate=540995 kB; lsn=0/8983EC78, redo lsn=0/850AB9E0
2024-08-01 13:02:39.411 BST [29563] LOG:  checkpoint starting: immediate force wait
2024-08-01 13:02:40.249 BST [29563] LOG:  checkpoint complete: wrote 8166 buffers (6.2%); 0 WAL file(s) added, 0 removed, 4 recycled; write=0.106 s, sync=0.679 s, total=0.838 s; sync files=449, longest=0.076 s, average=0.002 s; distance=73292 kB, estimate=494225 kB; lsn=0/8983ED48, redo lsn=0/8983ECF0
2024-08-01 13:03:53.645 BST [29562] LOG:  received fast shutdown request
2024-08-01 13:03:53.654 BST [29562] LOG:  aborting any active transactions
2024-08-01 13:03:53.655 BST [29562] LOG:  background worker "logical replication launcher" (PID 29568) exited with exit code 1
2024-08-01 13:03:53.657 BST [29563] LOG:  shutting down
2024-08-01 13:03:53.659 BST [29563] LOG:  checkpoint starting: shutdown immediate
2024-08-01 13:03:53.687 BST [29563] LOG:  checkpoint complete: wrote 96 buffers (0.1%); 0 WAL file(s) added, 0 removed, 0 recycled; write=0.011 s, sync=0.012 s, total=0.030 s; sync files=10, longest=0.002 s, average=0.002 s; distance=354 kB, estimate=444838 kB; lsn=0/89897768, redo lsn=0/89897768
2024-08-01 13:03:53.922 BST [29562] LOG:  database system is shut down
