2024-08-02 00:38:48.315 BST [4272] LOG:  starting PostgreSQL 18devel on armv8l-unknown-linux-gnueabihf, compiled by gcc (Raspbian 12.2.0-14+rpi1) 12.2.0, 32-bit
2024-08-02 00:38:48.315 BST [4272] LOG:  listening on IPv6 address "::1", port 5432
2024-08-02 00:38:48.315 BST [4272] LOG:  listening on IPv4 address "127.0.0.1", port 5432
2024-08-02 00:38:48.339 BST [4272] LOG:  listening on Unix socket "/tmp/.s.PGSQL.5432"
2024-08-02 00:38:48.350 BST [4275] LOG:  database system was shut down at 2024-08-02 00:38:45 BST
2024-08-02 00:38:48.357 BST [4272] LOG:  database system is ready to accept connections
2024-08-02 00:39:02.770 BST [4273] LOG:  checkpoints are occurring too frequently (14 seconds apart)
2024-08-02 00:39:02.770 BST [4273] HINT:  Consider increasing the configuration parameter "max_wal_size".
2024-08-02 00:39:02.770 BST [4273] LOG:  checkpoint starting: wal
2024-08-02 00:39:55.382 BST [4273] LOG:  checkpoint complete: wrote 60435 buffers (46.1%); 0 WAL file(s) added, 0 removed, 33 recycled; write=50.692 s, sync=1.723 s, total=52.612 s; sync files=787, longest=0.199 s, average=0.003 s; distance=537502 kB, estimate=537502 kB; lsn=0/40CC1940, redo lsn=0/221CD788
2024-08-02 00:39:59.207 BST [4273] LOG:  checkpoint starting: wal
2024-08-02 00:40:02.470 BST [4273] LOG:  checkpoint complete: wrote 29 buffers (0.0%); 0 WAL file(s) added, 0 removed, 33 recycled; write=2.837 s, sync=0.283 s, total=3.264 s; sync files=30, longest=0.023 s, average=0.010 s; distance=539514 kB, estimate=539514 kB; lsn=0/448AF930, redo lsn=0/430AC280
2024-08-02 00:40:13.913 BST [4273] LOG:  checkpoints are occurring too frequently (14 seconds apart)
2024-08-02 00:40:13.913 BST [4273] HINT:  Consider increasing the configuration parameter "max_wal_size".
2024-08-02 00:40:13.913 BST [4273] LOG:  checkpoint starting: wal
2024-08-02 00:40:20.082 BST [4273] LOG:  checkpoint complete: wrote 45 buffers (0.0%); 0 WAL file(s) added, 0 removed, 33 recycled; write=4.752 s, sync=1.225 s, total=6.169 s; sync files=40, longest=1.082 s, average=0.031 s; distance=541076 kB, estimate=541076 kB; lsn=0/6802B1C8, redo lsn=0/64111488
2024-08-02 00:40:48.436 BST [4466] LOG:  skipping vacuum of "t" --- lock not available
2024-08-02 00:41:07.997 BST [4273] LOG:  checkpoint starting: wal
2024-08-02 00:41:20.407 BST [4273] LOG:  checkpoint complete: wrote 125 buffers (0.1%); 0 WAL file(s) added, 0 removed, 33 recycled; write=9.664 s, sync=2.625 s, total=12.410 s; sync files=876, longest=1.024 s, average=0.003 s; distance=540265 kB, estimate=540995 kB; lsn=0/8983E2E0, redo lsn=0/850AB9A8
2024-08-02 00:41:20.407 BST [4273] LOG:  checkpoint starting: immediate force wait
2024-08-02 00:41:21.237 BST [4273] LOG:  checkpoint complete: wrote 8165 buffers (6.2%); 0 WAL file(s) added, 0 removed, 4 recycled; write=0.085 s, sync=0.691 s, total=0.830 s; sync files=449, longest=0.070 s, average=0.002 s; distance=73290 kB, estimate=494224 kB; lsn=0/8983E3B0, redo lsn=0/8983E358
2024-08-02 00:42:33.803 BST [4272] LOG:  received fast shutdown request
2024-08-02 00:42:33.805 BST [4272] LOG:  aborting any active transactions
2024-08-02 00:42:33.807 BST [4272] LOG:  background worker "logical replication launcher" (PID 4278) exited with exit code 1
2024-08-02 00:42:33.808 BST [4273] LOG:  shutting down
2024-08-02 00:42:33.809 BST [4273] LOG:  checkpoint starting: shutdown immediate
2024-08-02 00:42:33.838 BST [4273] LOG:  checkpoint complete: wrote 95 buffers (0.1%); 0 WAL file(s) added, 0 removed, 0 recycled; write=0.010 s, sync=0.014 s, total=0.031 s; sync files=10, longest=0.004 s, average=0.002 s; distance=354 kB, estimate=444837 kB; lsn=0/89896D90, redo lsn=0/89896D90
2024-08-02 00:42:34.076 BST [4272] LOG:  database system is shut down
