2024-07-30 16:21:10.390 BST [2889809] LOG:  starting PostgreSQL 18devel on aarch64-unknown-linux-gnu, compiled by gcc (Debian 12.2.0-14) 12.2.0, 64-bit
2024-07-30 16:21:10.390 BST [2889809] LOG:  listening on IPv6 address "::1", port 5432
2024-07-30 16:21:10.391 BST [2889809] LOG:  listening on IPv4 address "127.0.0.1", port 5432
2024-07-30 16:21:10.468 BST [2889809] LOG:  listening on Unix socket "/tmp/.s.PGSQL.5432"
2024-07-30 16:21:10.474 BST [2889812] LOG:  database system was shut down at 2024-07-30 16:21:09 BST
2024-07-30 16:21:10.483 BST [2889809] LOG:  database system is ready to accept connections
2024-07-30 16:21:21.335 BST [2889810] LOG:  checkpoints are occurring too frequently (11 seconds apart)
2024-07-30 16:21:21.335 BST [2889810] HINT:  Consider increasing the configuration parameter "max_wal_size".
2024-07-30 16:21:21.335 BST [2889810] LOG:  checkpoint starting: wal
2024-07-30 16:22:08.393 BST [2889810] LOG:  checkpoint complete: wrote 60435 buffers (46.1%); 0 WAL file(s) added, 0 removed, 33 recycled; write=45.510 s, sync=1.336 s, total=47.059 s; sync files=787, longest=0.134 s, average=0.002 s; distance=537505 kB, estimate=537505 kB; lsn=0/409C6BC8, redo lsn=0/221CE928
2024-07-30 16:22:11.890 BST [2889810] LOG:  checkpoint starting: wal
2024-07-30 16:22:15.740 BST [2889810] LOG:  checkpoint complete: wrote 29 buffers (0.0%); 0 WAL file(s) added, 0 removed, 33 recycled; write=2.820 s, sync=0.876 s, total=3.851 s; sync files=30, longest=0.165 s, average=0.030 s; distance=539514 kB, estimate=539514 kB; lsn=0/44EAD278, redo lsn=0/430AD408
2024-07-30 16:22:24.989 BST [2889810] LOG:  checkpoints are occurring too frequently (13 seconds apart)
2024-07-30 16:22:24.989 BST [2889810] HINT:  Consider increasing the configuration parameter "max_wal_size".
2024-07-30 16:22:24.989 BST [2889810] LOG:  checkpoint starting: wal
2024-07-30 16:22:30.861 BST [2889810] LOG:  checkpoint complete: wrote 45 buffers (0.0%); 0 WAL file(s) added, 0 removed, 33 recycled; write=4.456 s, sync=1.245 s, total=5.873 s; sync files=41, longest=1.053 s, average=0.031 s; distance=541076 kB, estimate=541076 kB; lsn=0/688ED1F0, redo lsn=0/641125C0
2024-07-30 16:23:10.522 BST [2890028] LOG:  skipping vacuum of "t" --- lock not available
2024-07-30 16:23:11.815 BST [2889810] LOG:  checkpoint starting: wal
2024-07-30 16:23:23.816 BST [2889810] LOG:  checkpoint complete: wrote 125 buffers (0.1%); 0 WAL file(s) added, 0 removed, 33 recycled; write=8.671 s, sync=3.212 s, total=12.001 s; sync files=875, longest=0.986 s, average=0.004 s; distance=540265 kB, estimate=540995 kB; lsn=0/8983FDC0, redo lsn=0/850ACB60
2024-07-30 16:23:23.816 BST [2889810] LOG:  checkpoint starting: immediate force wait
2024-07-30 16:23:24.079 BST [2889810] LOG:  checkpoint complete: wrote 8165 buffers (6.2%); 0 WAL file(s) added, 0 removed, 4 recycled; write=0.055 s, sync=0.167 s, total=0.263 s; sync files=449, longest=0.118 s, average=0.001 s; distance=73292 kB, estimate=494225 kB; lsn=0/8983FE90, redo lsn=0/8983FE38
2024-07-30 16:24:39.399 BST [2889809] LOG:  received fast shutdown request
2024-07-30 16:24:39.401 BST [2889809] LOG:  aborting any active transactions
2024-07-30 16:24:39.402 BST [2889809] LOG:  background worker "logical replication launcher" (PID 2889815) exited with exit code 1
2024-07-30 16:24:39.403 BST [2889810] LOG:  shutting down
2024-07-30 16:24:39.405 BST [2889810] LOG:  checkpoint starting: shutdown immediate
2024-07-30 16:24:39.433 BST [2889810] LOG:  checkpoint complete: wrote 96 buffers (0.1%); 0 WAL file(s) added, 0 removed, 0 recycled; write=0.010 s, sync=0.005 s, total=0.030 s; sync files=10, longest=0.005 s, average=0.001 s; distance=356 kB, estimate=444838 kB; lsn=0/89898FF0, redo lsn=0/89898FF0
2024-07-30 16:24:39.512 BST [2889809] LOG:  database system is shut down
