2024-07-30 14:26:21.573 CEST [2084542] LOG:  starting PostgreSQL 18devel on x86_64-pc-linux-gnu, compiled by gcc (Debian 12.2.0-14) 12.2.0, 64-bit
2024-07-30 14:26:21.574 CEST [2084542] LOG:  listening on IPv6 address "::1", port 5432
2024-07-30 14:26:21.574 CEST [2084542] LOG:  listening on IPv4 address "127.0.0.1", port 5432
2024-07-30 14:26:21.575 CEST [2084542] LOG:  listening on Unix socket "/tmp/.s.PGSQL.5432"
2024-07-30 14:26:21.578 CEST [2084545] LOG:  database system was shut down at 2024-07-30 14:26:20 CEST
2024-07-30 14:26:21.582 CEST [2084542] LOG:  database system is ready to accept connections
2024-07-30 14:26:32.725 CEST [2084543] LOG:  checkpoints are occurring too frequently (11 seconds apart)
2024-07-30 14:26:32.725 CEST [2084543] HINT:  Consider increasing the configuration parameter "max_wal_size".
2024-07-30 14:26:32.725 CEST [2084543] LOG:  checkpoint starting: wal
2024-07-30 14:26:45.046 CEST [2084543] LOG:  checkpoint complete: wrote 6830 buffers (2.6%); 0 WAL file(s) added, 4 removed, 29 recycled; write=10.391 s, sync=1.848 s, total=12.321 s; sync files=803, longest=0.021 s, average=0.003 s; distance=537539 kB, estimate=537539 kB; lsn=0/44E9CCC0, redo lsn=0/221DC058
2024-07-30 14:26:45.047 CEST [2084543] LOG:  checkpoints are occurring too frequently (13 seconds apart)
2024-07-30 14:26:45.047 CEST [2084543] HINT:  Consider increasing the configuration parameter "max_wal_size".
2024-07-30 14:26:45.047 CEST [2084543] LOG:  checkpoint starting: wal
2024-07-30 14:26:50.665 CEST [2084543] LOG:  checkpoint complete: wrote 51 buffers (0.0%); 0 WAL file(s) added, 0 removed, 34 recycled; write=5.020 s, sync=0.564 s, total=5.619 s; sync files=188, longest=0.012 s, average=0.003 s; distance=571043 kB, estimate=571043 kB; lsn=0/563B7DE8, redo lsn=0/44F84EC0
2024-07-30 14:26:55.468 CEST [2084543] LOG:  checkpoints are occurring too frequently (10 seconds apart)
2024-07-30 14:26:55.468 CEST [2084543] HINT:  Consider increasing the configuration parameter "max_wal_size".
2024-07-30 14:26:55.468 CEST [2084543] LOG:  checkpoint starting: wal
2024-07-30 14:27:01.230 CEST [2084543] LOG:  checkpoint complete: wrote 49 buffers (0.0%); 0 WAL file(s) added, 0 removed, 33 recycled; write=4.818 s, sync=0.896 s, total=5.762 s; sync files=279, longest=0.013 s, average=0.004 s; distance=525501 kB, estimate=566489 kB; lsn=0/76FE0BB0, redo lsn=0/650B4430
2024-07-30 14:27:03.891 CEST [2084543] LOG:  checkpoint starting: immediate force wait
2024-07-30 14:27:04.195 CEST [2084543] LOG:  checkpoint complete: wrote 188 buffers (0.1%); 0 WAL file(s) added, 0 removed, 25 recycled; write=0.007 s, sync=0.266 s, total=0.305 s; sync files=109, longest=0.010 s, average=0.003 s; distance=409953 kB, estimate=550835 kB; lsn=0/7E10C930, redo lsn=0/7E10C8D8
2024-07-30 14:28:14.454 CEST [2084542] LOG:  received fast shutdown request
2024-07-30 14:28:14.455 CEST [2084542] LOG:  aborting any active transactions
2024-07-30 14:28:14.455 CEST [2084542] LOG:  background worker "logical replication launcher" (PID 2084548) exited with exit code 1
2024-07-30 14:28:14.457 CEST [2084543] LOG:  shutting down
2024-07-30 14:28:14.458 CEST [2084543] LOG:  checkpoint starting: shutdown immediate
2024-07-30 14:28:14.471 CEST [2084543] LOG:  checkpoint complete: wrote 53 buffers (0.0%); 0 WAL file(s) added, 0 removed, 0 recycled; write=0.005 s, sync=0.004 s, total=0.014 s; sync files=12, longest=0.001 s, average=0.001 s; distance=294 kB, estimate=495781 kB; lsn=0/7E1561C8, redo lsn=0/7E1561C8
2024-07-30 14:28:14.639 CEST [2084542] LOG:  database system is shut down
