2024-08-01 06:15:47.279 CEST [3183696] LOG:  starting PostgreSQL 18devel on x86_64-pc-linux-gnu, compiled by gcc (Debian 12.2.0-14) 12.2.0, 64-bit
2024-08-01 06:15:47.280 CEST [3183696] LOG:  listening on IPv6 address "::1", port 5432
2024-08-01 06:15:47.280 CEST [3183696] LOG:  listening on IPv4 address "127.0.0.1", port 5432
2024-08-01 06:15:47.282 CEST [3183696] LOG:  listening on Unix socket "/tmp/.s.PGSQL.5432"
2024-08-01 06:15:47.285 CEST [3183699] LOG:  database system was shut down at 2024-08-01 06:15:46 CEST
2024-08-01 06:15:47.289 CEST [3183696] LOG:  database system is ready to accept connections
2024-08-01 06:15:56.916 CEST [3183697] LOG:  checkpoints are occurring too frequently (9 seconds apart)
2024-08-01 06:15:56.916 CEST [3183697] HINT:  Consider increasing the configuration parameter "max_wal_size".
2024-08-01 06:15:56.916 CEST [3183697] LOG:  checkpoint starting: wal
2024-08-01 06:16:05.300 CEST [3183697] LOG:  checkpoint complete: wrote 39530 buffers (15.1%); 0 WAL file(s) added, 1 removed, 32 recycled; write=7.948 s, sync=0.324 s, total=8.384 s; sync files=345, longest=0.215 s, average=0.001 s; distance=538104 kB, estimate=538104 kB; lsn=0/4112B178, redo lsn=0/22269698
2024-08-01 06:16:05.897 CEST [3183697] LOG:  checkpoints are occurring too frequently (9 seconds apart)
2024-08-01 06:16:05.897 CEST [3183697] HINT:  Consider increasing the configuration parameter "max_wal_size".
2024-08-01 06:16:05.897 CEST [3183697] LOG:  checkpoint starting: wal
2024-08-01 06:16:13.393 CEST [3183697] LOG:  checkpoint complete: wrote 40030 buffers (15.3%); 0 WAL file(s) added, 1 removed, 32 recycled; write=7.140 s, sync=0.278 s, total=7.496 s; sync files=3, longest=0.215 s, average=0.093 s; distance=551622 kB, estimate=551622 kB; lsn=0/6240DB70, redo lsn=0/43D1AEB8
2024-08-01 06:16:13.800 CEST [3183697] LOG:  checkpoints are occurring too frequently (8 seconds apart)
2024-08-01 06:16:13.800 CEST [3183697] HINT:  Consider increasing the configuration parameter "max_wal_size".
2024-08-01 06:16:13.802 CEST [3183697] LOG:  checkpoint starting: wal
2024-08-01 06:16:37.368 CEST [3183697] LOG:  checkpoint complete: wrote 38570 buffers (14.7%); 0 WAL file(s) added, 0 removed, 33 recycled; write=23.020 s, sync=0.514 s, total=23.568 s; sync files=12, longest=0.089 s, average=0.043 s; distance=531446 kB, estimate=549604 kB; lsn=0/8239A9C0, redo lsn=0/644189A0
2024-08-01 06:16:39.976 CEST [3183697] LOG:  checkpoints are occurring too frequently (26 seconds apart)
2024-08-01 06:16:39.976 CEST [3183697] HINT:  Consider increasing the configuration parameter "max_wal_size".
2024-08-01 06:16:39.978 CEST [3183697] LOG:  checkpoint starting: wal
2024-08-01 06:16:49.927 CEST [3183697] LOG:  checkpoint complete: wrote 69609 buffers (26.6%); 0 WAL file(s) added, 2 removed, 31 recycled; write=9.375 s, sync=0.468 s, total=9.951 s; sync files=21, longest=0.312 s, average=0.023 s; distance=537564 kB, estimate=548400 kB; lsn=0/A59DCDE0, redo lsn=0/8510FB08
2024-08-01 06:16:50.042 CEST [3183697] LOG:  checkpoints are occurring too frequently (11 seconds apart)
2024-08-01 06:16:50.042 CEST [3183697] HINT:  Consider increasing the configuration parameter "max_wal_size".
2024-08-01 06:16:50.042 CEST [3183697] LOG:  checkpoint starting: wal
2024-08-01 06:16:52.689 CEST [3183697] LOG:  checkpoint complete: wrote 27 buffers (0.0%); 0 WAL file(s) added, 0 removed, 34 recycled; write=2.610 s, sync=0.004 s, total=2.648 s; sync files=21, longest=0.001 s, average=0.001 s; distance=556091 kB, estimate=556091 kB; lsn=0/BB1A2B60, redo lsn=0/A701E798
2024-08-01 06:16:58.023 CEST [3183697] LOG:  checkpoints are occurring too frequently (8 seconds apart)
2024-08-01 06:16:58.023 CEST [3183697] HINT:  Consider increasing the configuration parameter "max_wal_size".
2024-08-01 06:16:58.024 CEST [3183697] LOG:  checkpoint starting: wal
2024-08-01 06:16:59.043 CEST [3183697] LOG:  checkpoint complete: wrote 8 buffers (0.0%); 0 WAL file(s) added, 0 removed, 33 recycled; write=0.806 s, sync=0.182 s, total=1.021 s; sync files=8, longest=0.181 s, average=0.023 s; distance=546095 kB, estimate=555091 kB; lsn=0/CAF47C10, redo lsn=0/C856A400
2024-08-01 06:17:26.486 CEST [3183697] LOG:  checkpoints are occurring too frequently (28 seconds apart)
2024-08-01 06:17:26.486 CEST [3183697] HINT:  Consider increasing the configuration parameter "max_wal_size".
2024-08-01 06:17:26.486 CEST [3183697] LOG:  checkpoint starting: wal
2024-08-01 06:17:28.008 CEST [3183697] LOG:  checkpoint complete: wrote 9 buffers (0.0%); 0 WAL file(s) added, 0 removed, 33 recycled; write=0.906 s, sync=0.569 s, total=1.523 s; sync files=18, longest=0.075 s, average=0.032 s; distance=541243 kB, estimate=553706 kB; lsn=0/ECD86618, redo lsn=0/E95F9018
2024-08-01 06:17:29.532 CEST [3183697] LOG:  checkpoint starting: immediate force wait
2024-08-01 06:17:30.463 CEST [3183697] LOG:  checkpoint complete: wrote 1951 buffers (0.7%); 0 WAL file(s) added, 0 removed, 4 recycled; write=0.026 s, sync=0.886 s, total=0.932 s; sync files=417, longest=0.707 s, average=0.003 s; distance=71220 kB, estimate=505458 kB; lsn=0/EDB86440, redo lsn=0/EDB863E8
2024-08-01 06:18:40.772 CEST [3183696] LOG:  received fast shutdown request
2024-08-01 06:18:40.773 CEST [3183696] LOG:  aborting any active transactions
2024-08-01 06:18:40.773 CEST [3183696] LOG:  background worker "logical replication launcher" (PID 3183702) exited with exit code 1
2024-08-01 06:18:40.775 CEST [3183697] LOG:  shutting down
2024-08-01 06:18:40.776 CEST [3183697] LOG:  checkpoint starting: shutdown immediate
2024-08-01 06:18:40.794 CEST [3183697] LOG:  checkpoint complete: wrote 72 buffers (0.0%); 0 WAL file(s) added, 0 removed, 0 recycled; write=0.006 s, sync=0.007 s, total=0.019 s; sync files=10, longest=0.001 s, average=0.001 s; distance=247 kB, estimate=454937 kB; lsn=0/EDBC4138, redo lsn=0/EDBC4138
2024-08-01 06:18:41.065 CEST [3183696] LOG:  database system is shut down
